[0.033s] Invoking command in '/home/jordan/SDfR/assignment6/build/green_object_detector': CMAKE_PREFIX_PATH=/opt/ros/humble /usr/bin/cmake --build /home/jordan/SDfR/assignment6/build/green_object_detector -- -j16 -l16
[0.117s] [ 50%] [32mBuilding CXX object CMakeFiles/green_object_detector.dir/src/green_object_detector.cpp.o[0m
[9.211s] [100%] [32m[1mLinking CXX executable green_object_detector[0m
[10.325s] [100%] Built target green_object_detector
[10.341s] Invoked command in '/home/jordan/SDfR/assignment6/build/green_object_detector' returned '0': CMAKE_PREFIX_PATH=/opt/ros/humble /usr/bin/cmake --build /home/jordan/SDfR/assignment6/build/green_object_detector -- -j16 -l16
[10.343s] Invoking command in '/home/jordan/SDfR/assignment6/build/green_object_detector': CMAKE_PREFIX_PATH=/opt/ros/humble /usr/bin/cmake --install /home/jordan/SDfR/assignment6/build/green_object_detector
[10.354s] -- Install configuration: ""
[10.354s] -- Installing: /home/jordan/SDfR/assignment6/install/green_object_detector/lib/green_object_detector/green_object_detector
[10.362s] -- Set runtime path of "/home/jordan/SDfR/assignment6/install/green_object_detector/lib/green_object_detector/green_object_detector" to ""
[10.362s] -- Up-to-date: /home/jordan/SDfR/assignment6/install/green_object_detector/share/ament_index/resource_index/package_run_dependencies/green_object_detector
[10.362s] -- Up-to-date: /home/jordan/SDfR/assignment6/install/green_object_detector/share/ament_index/resource_index/parent_prefix_path/green_object_detector
[10.362s] -- Up-to-date: /home/jordan/SDfR/assignment6/install/green_object_detector/share/green_object_detector/environment/ament_prefix_path.sh
[10.362s] -- Up-to-date: /home/jordan/SDfR/assignment6/install/green_object_detector/share/green_object_detector/environment/ament_prefix_path.dsv
[10.363s] -- Up-to-date: /home/jordan/SDfR/assignment6/install/green_object_detector/share/green_object_detector/environment/path.sh
[10.363s] -- Up-to-date: /home/jordan/SDfR/assignment6/install/green_object_detector/share/green_object_detector/environment/path.dsv
[10.363s] -- Up-to-date: /home/jordan/SDfR/assignment6/install/green_object_detector/share/green_object_detector/local_setup.bash
[10.363s] -- Up-to-date: /home/jordan/SDfR/assignment6/install/green_object_detector/share/green_object_detector/local_setup.sh
[10.363s] -- Up-to-date: /home/jordan/SDfR/assignment6/install/green_object_detector/share/green_object_detector/local_setup.zsh
[10.363s] -- Up-to-date: /home/jordan/SDfR/assignment6/install/green_object_detector/share/green_object_detector/local_setup.dsv
[10.363s] -- Installing: /home/jordan/SDfR/assignment6/install/green_object_detector/share/green_object_detector/package.dsv
[10.363s] -- Up-to-date: /home/jordan/SDfR/assignment6/install/green_object_detector/share/ament_index/resource_index/packages/green_object_detector
[10.363s] -- Up-to-date: /home/jordan/SDfR/assignment6/install/green_object_detector/share/green_object_detector/cmake/green_object_detectorConfig.cmake
[10.363s] -- Up-to-date: /home/jordan/SDfR/assignment6/install/green_object_detector/share/green_object_detector/cmake/green_object_detectorConfig-version.cmake
[10.364s] -- Up-to-date: /home/jordan/SDfR/assignment6/install/green_object_detector/share/green_object_detector/package.xml
[10.366s] Invoked command in '/home/jordan/SDfR/assignment6/build/green_object_detector' returned '0': CMAKE_PREFIX_PATH=/opt/ros/humble /usr/bin/cmake --install /home/jordan/SDfR/assignment6/build/green_object_detector
