[0.116s] Invoking command in '/home/jordan/SDfR/assignment6/build/relbot_msgs': CMAKE_PREFIX_PATH=${CMAKE_PREFIX_PATH}:/opt/ros/humble /usr/bin/cmake --build /home/jordan/SDfR/assignment6/build/relbot_msgs -- -j16 -l16
[0.304s] [  2%] Built target relbot_msgs__cpp
[0.312s] [ 12%] Built target relbot_msgs__rosidl_generator_c
[0.368s] [ 12%] Built target ament_cmake_python_copy_relbot_msgs
[0.447s] [ 23%] Built target relbot_msgs__rosidl_typesupport_cpp
[0.447s] [ 33%] Built target relbot_msgs__rosidl_typesupport_fastrtps_cpp
[0.458s] [ 43%] Built target relbot_msgs__rosidl_typesupport_introspection_cpp
[0.469s] [ 53%] Built target relbot_msgs__rosidl_typesupport_c
[0.491s] [ 71%] Built target relbot_msgs__rosidl_typesupport_fastrtps_c
[0.494s] [ 74%] Built target relbot_msgs__rosidl_typesupport_introspection_c
[0.667s] [ 74%] Built target relbot_msgs
[0.672s] [ 76%] Built target relbot_msgs__py
[0.713s] [ 84%] Built target relbot_msgs__rosidl_generator_py
[0.797s] [ 89%] Built target relbot_msgs__rosidl_typesupport_fastrtps_c__pyext
[0.799s] [ 94%] Built target relbot_msgs__rosidl_typesupport_introspection_c__pyext
[0.805s] [100%] Built target relbot_msgs__rosidl_typesupport_c__pyext
[1.129s] running egg_info
[1.131s] writing relbot_msgs.egg-info/PKG-INFO
[1.132s] writing dependency_links to relbot_msgs.egg-info/dependency_links.txt
[1.133s] writing top-level names to relbot_msgs.egg-info/top_level.txt
[1.140s] reading manifest file 'relbot_msgs.egg-info/SOURCES.txt'
[1.142s] writing manifest file 'relbot_msgs.egg-info/SOURCES.txt'
[1.216s] [100%] Built target ament_cmake_python_build_relbot_msgs_egg
[1.256s] Invoked command in '/home/jordan/SDfR/assignment6/build/relbot_msgs' returned '0': CMAKE_PREFIX_PATH=${CMAKE_PREFIX_PATH}:/opt/ros/humble /usr/bin/cmake --build /home/jordan/SDfR/assignment6/build/relbot_msgs -- -j16 -l16
[1.262s] Invoking command in '/home/jordan/SDfR/assignment6/build/relbot_msgs': CMAKE_PREFIX_PATH=${CMAKE_PREFIX_PATH}:/opt/ros/humble /usr/bin/cmake --install /home/jordan/SDfR/assignment6/build/relbot_msgs
[1.301s] -- Install configuration: ""
[1.301s] -- Up-to-date: /home/jordan/SDfR/assignment6/install/relbot_msgs/share/ament_index/resource_index/rosidl_interfaces/relbot_msgs
[1.302s] -- Up-to-date: /home/jordan/SDfR/assignment6/install/relbot_msgs/include/relbot_msgs/relbot_msgs
[1.302s] -- Up-to-date: /home/jordan/SDfR/assignment6/install/relbot_msgs/include/relbot_msgs/relbot_msgs/msg
[1.304s] -- Up-to-date: /home/jordan/SDfR/assignment6/install/relbot_msgs/include/relbot_msgs/relbot_msgs/msg/rosidl_generator_c__visibility_control.h
[1.304s] -- Up-to-date: /home/jordan/SDfR/assignment6/install/relbot_msgs/include/relbot_msgs/relbot_msgs/msg/detail
[1.305s] -- Up-to-date: /home/jordan/SDfR/assignment6/install/relbot_msgs/include/relbot_msgs/relbot_msgs/msg/detail/relbot_motors_stamped__functions.h
[1.305s] -- Up-to-date: /home/jordan/SDfR/assignment6/install/relbot_msgs/include/relbot_msgs/relbot_msgs/msg/detail/relbot_motors_stamped__functions.c
[1.305s] -- Up-to-date: /home/jordan/SDfR/assignment6/install/relbot_msgs/include/relbot_msgs/relbot_msgs/msg/detail/relbot_motors_stamped__struct.h
[1.306s] -- Up-to-date: /home/jordan/SDfR/assignment6/install/relbot_msgs/include/relbot_msgs/relbot_msgs/msg/detail/relbot_motors__type_support.h
[1.306s] -- Up-to-date: /home/jordan/SDfR/assignment6/install/relbot_msgs/include/relbot_msgs/relbot_msgs/msg/detail/relbot_motors__functions.h
[1.306s] -- Up-to-date: /home/jordan/SDfR/assignment6/install/relbot_msgs/include/relbot_msgs/relbot_msgs/msg/detail/relbot_motors_stamped__type_support.h
[1.307s] -- Up-to-date: /home/jordan/SDfR/assignment6/install/relbot_msgs/include/relbot_msgs/relbot_msgs/msg/detail/relbot_motors__struct.h
[1.307s] -- Up-to-date: /home/jordan/SDfR/assignment6/install/relbot_msgs/include/relbot_msgs/relbot_msgs/msg/detail/relbot_motors__functions.c
[1.307s] -- Up-to-date: /home/jordan/SDfR/assignment6/install/relbot_msgs/include/relbot_msgs/relbot_msgs/msg/relbot_motors.h
[1.307s] -- Up-to-date: /home/jordan/SDfR/assignment6/install/relbot_msgs/include/relbot_msgs/relbot_msgs/msg/relbot_motors_stamped.h
[1.308s] -- Up-to-date: /home/jordan/SDfR/assignment6/install/relbot_msgs/share/relbot_msgs/environment/library_path.sh
[1.310s] -- Up-to-date: /home/jordan/SDfR/assignment6/install/relbot_msgs/share/relbot_msgs/environment/library_path.dsv
[1.311s] -- Up-to-date: /home/jordan/SDfR/assignment6/install/relbot_msgs/lib/librelbot_msgs__rosidl_generator_c.so
[1.311s] -- Up-to-date: /home/jordan/SDfR/assignment6/install/relbot_msgs/include/relbot_msgs/relbot_msgs
[1.311s] -- Up-to-date: /home/jordan/SDfR/assignment6/install/relbot_msgs/include/relbot_msgs/relbot_msgs/msg
[1.312s] -- Up-to-date: /home/jordan/SDfR/assignment6/install/relbot_msgs/include/relbot_msgs/relbot_msgs/msg/detail
[1.312s] -- Up-to-date: /home/jordan/SDfR/assignment6/install/relbot_msgs/include/relbot_msgs/relbot_msgs/msg/detail/relbot_motors_stamped__rosidl_typesupport_fastrtps_c.h
[1.312s] -- Up-to-date: /home/jordan/SDfR/assignment6/install/relbot_msgs/include/relbot_msgs/relbot_msgs/msg/detail/relbot_motors__rosidl_typesupport_fastrtps_c.h
[1.313s] -- Up-to-date: /home/jordan/SDfR/assignment6/install/relbot_msgs/include/relbot_msgs/relbot_msgs/msg/rosidl_typesupport_fastrtps_c__visibility_control.h
[1.313s] -- Up-to-date: /home/jordan/SDfR/assignment6/install/relbot_msgs/lib/librelbot_msgs__rosidl_typesupport_fastrtps_c.so
[1.313s] -- Up-to-date: /home/jordan/SDfR/assignment6/install/relbot_msgs/include/relbot_msgs/relbot_msgs
[1.314s] -- Up-to-date: /home/jordan/SDfR/assignment6/install/relbot_msgs/include/relbot_msgs/relbot_msgs/msg
[1.314s] -- Up-to-date: /home/jordan/SDfR/assignment6/install/relbot_msgs/include/relbot_msgs/relbot_msgs/msg/rosidl_typesupport_introspection_c__visibility_control.h
[1.314s] -- Up-to-date: /home/jordan/SDfR/assignment6/install/relbot_msgs/include/relbot_msgs/relbot_msgs/msg/detail
[1.314s] -- Up-to-date: /home/jordan/SDfR/assignment6/install/relbot_msgs/include/relbot_msgs/relbot_msgs/msg/detail/relbot_motors_stamped__rosidl_typesupport_introspection_c.h
[1.315s] -- Up-to-date: /home/jordan/SDfR/assignment6/install/relbot_msgs/include/relbot_msgs/relbot_msgs/msg/detail/relbot_motors_stamped__type_support.c
[1.315s] -- Up-to-date: /home/jordan/SDfR/assignment6/install/relbot_msgs/include/relbot_msgs/relbot_msgs/msg/detail/relbot_motors__rosidl_typesupport_introspection_c.h
[1.315s] -- Up-to-date: /home/jordan/SDfR/assignment6/install/relbot_msgs/include/relbot_msgs/relbot_msgs/msg/detail/relbot_motors__type_support.c
[1.316s] -- Up-to-date: /home/jordan/SDfR/assignment6/install/relbot_msgs/lib/librelbot_msgs__rosidl_typesupport_introspection_c.so
[1.316s] -- Up-to-date: /home/jordan/SDfR/assignment6/install/relbot_msgs/lib/librelbot_msgs__rosidl_typesupport_c.so
[1.316s] -- Up-to-date: /home/jordan/SDfR/assignment6/install/relbot_msgs/include/relbot_msgs/relbot_msgs
[1.317s] -- Up-to-date: /home/jordan/SDfR/assignment6/install/relbot_msgs/include/relbot_msgs/relbot_msgs/msg
[1.317s] -- Up-to-date: /home/jordan/SDfR/assignment6/install/relbot_msgs/include/relbot_msgs/relbot_msgs/msg/rosidl_generator_cpp__visibility_control.hpp
[1.317s] -- Up-to-date: /home/jordan/SDfR/assignment6/install/relbot_msgs/include/relbot_msgs/relbot_msgs/msg/detail
[1.317s] -- Up-to-date: /home/jordan/SDfR/assignment6/install/relbot_msgs/include/relbot_msgs/relbot_msgs/msg/detail/relbot_motors__traits.hpp
[1.318s] -- Up-to-date: /home/jordan/SDfR/assignment6/install/relbot_msgs/include/relbot_msgs/relbot_msgs/msg/detail/relbot_motors__type_support.hpp
[1.318s] -- Up-to-date: /home/jordan/SDfR/assignment6/install/relbot_msgs/include/relbot_msgs/relbot_msgs/msg/detail/relbot_motors_stamped__struct.hpp
[1.319s] -- Up-to-date: /home/jordan/SDfR/assignment6/install/relbot_msgs/include/relbot_msgs/relbot_msgs/msg/detail/relbot_motors_stamped__traits.hpp
[1.320s] -- Up-to-date: /home/jordan/SDfR/assignment6/install/relbot_msgs/include/relbot_msgs/relbot_msgs/msg/detail/relbot_motors_stamped__type_support.hpp
[1.320s] -- Up-to-date: /home/jordan/SDfR/assignment6/install/relbot_msgs/include/relbot_msgs/relbot_msgs/msg/detail/relbot_motors_stamped__builder.hpp
[1.320s] -- Up-to-date: /home/jordan/SDfR/assignment6/install/relbot_msgs/include/relbot_msgs/relbot_msgs/msg/detail/relbot_motors__struct.hpp
[1.322s] -- Up-to-date: /home/jordan/SDfR/assignment6/install/relbot_msgs/include/relbot_msgs/relbot_msgs/msg/detail/relbot_motors__builder.hpp
[1.323s] -- Up-to-date: /home/jordan/SDfR/assignment6/install/relbot_msgs/include/relbot_msgs/relbot_msgs/msg/relbot_motors_stamped.hpp
[1.323s] -- Up-to-date: /home/jordan/SDfR/assignment6/install/relbot_msgs/include/relbot_msgs/relbot_msgs/msg/relbot_motors.hpp
[1.323s] -- Up-to-date: /home/jordan/SDfR/assignment6/install/relbot_msgs/include/relbot_msgs/relbot_msgs
[1.323s] -- Up-to-date: /home/jordan/SDfR/assignment6/install/relbot_msgs/include/relbot_msgs/relbot_msgs/msg
[1.323s] -- Up-to-date: /home/jordan/SDfR/assignment6/install/relbot_msgs/include/relbot_msgs/relbot_msgs/msg/detail
[1.323s] -- Up-to-date: /home/jordan/SDfR/assignment6/install/relbot_msgs/include/relbot_msgs/relbot_msgs/msg/detail/relbot_motors_stamped__rosidl_typesupport_fastrtps_cpp.hpp
[1.324s] -- Up-to-date: /home/jordan/SDfR/assignment6/install/relbot_msgs/include/relbot_msgs/relbot_msgs/msg/detail/dds_fastrtps
[1.324s] -- Up-to-date: /home/jordan/SDfR/assignment6/install/relbot_msgs/include/relbot_msgs/relbot_msgs/msg/detail/relbot_motors__rosidl_typesupport_fastrtps_cpp.hpp
[1.324s] -- Up-to-date: /home/jordan/SDfR/assignment6/install/relbot_msgs/include/relbot_msgs/relbot_msgs/msg/rosidl_typesupport_fastrtps_cpp__visibility_control.h
[1.325s] -- Up-to-date: /home/jordan/SDfR/assignment6/install/relbot_msgs/lib/librelbot_msgs__rosidl_typesupport_fastrtps_cpp.so
[1.325s] -- Up-to-date: /home/jordan/SDfR/assignment6/install/relbot_msgs/include/relbot_msgs/relbot_msgs
[1.325s] -- Up-to-date: /home/jordan/SDfR/assignment6/install/relbot_msgs/include/relbot_msgs/relbot_msgs/msg
[1.326s] -- Up-to-date: /home/jordan/SDfR/assignment6/install/relbot_msgs/include/relbot_msgs/relbot_msgs/msg/detail
[1.326s] -- Up-to-date: /home/jordan/SDfR/assignment6/install/relbot_msgs/include/relbot_msgs/relbot_msgs/msg/detail/relbot_motors_stamped__rosidl_typesupport_introspection_cpp.hpp
[1.326s] -- Up-to-date: /home/jordan/SDfR/assignment6/install/relbot_msgs/include/relbot_msgs/relbot_msgs/msg/detail/relbot_motors_stamped__type_support.cpp
[1.326s] -- Up-to-date: /home/jordan/SDfR/assignment6/install/relbot_msgs/include/relbot_msgs/relbot_msgs/msg/detail/relbot_motors__type_support.cpp
[1.326s] -- Up-to-date: /home/jordan/SDfR/assignment6/install/relbot_msgs/include/relbot_msgs/relbot_msgs/msg/detail/relbot_motors__rosidl_typesupport_introspection_cpp.hpp
[1.327s] -- Up-to-date: /home/jordan/SDfR/assignment6/install/relbot_msgs/lib/librelbot_msgs__rosidl_typesupport_introspection_cpp.so
[1.327s] -- Up-to-date: /home/jordan/SDfR/assignment6/install/relbot_msgs/lib/librelbot_msgs__rosidl_typesupport_cpp.so
[1.327s] -- Up-to-date: /home/jordan/SDfR/assignment6/install/relbot_msgs/share/relbot_msgs/environment/pythonpath.sh
[1.327s] -- Up-to-date: /home/jordan/SDfR/assignment6/install/relbot_msgs/share/relbot_msgs/environment/pythonpath.dsv
[1.328s] -- Up-to-date: /home/jordan/SDfR/assignment6/install/relbot_msgs/local/lib/python3.10/dist-packages/relbot_msgs-2025.2.0-py3.10.egg-info
[1.328s] -- Installing: /home/jordan/SDfR/assignment6/install/relbot_msgs/local/lib/python3.10/dist-packages/relbot_msgs-2025.2.0-py3.10.egg-info/top_level.txt
[1.328s] -- Installing: /home/jordan/SDfR/assignment6/install/relbot_msgs/local/lib/python3.10/dist-packages/relbot_msgs-2025.2.0-py3.10.egg-info/SOURCES.txt
[1.328s] -- Installing: /home/jordan/SDfR/assignment6/install/relbot_msgs/local/lib/python3.10/dist-packages/relbot_msgs-2025.2.0-py3.10.egg-info/PKG-INFO
[1.329s] -- Installing: /home/jordan/SDfR/assignment6/install/relbot_msgs/local/lib/python3.10/dist-packages/relbot_msgs-2025.2.0-py3.10.egg-info/dependency_links.txt
[1.329s] -- Up-to-date: /home/jordan/SDfR/assignment6/install/relbot_msgs/local/lib/python3.10/dist-packages/relbot_msgs
[1.329s] -- Up-to-date: /home/jordan/SDfR/assignment6/install/relbot_msgs/local/lib/python3.10/dist-packages/relbot_msgs/msg
[1.330s] -- Up-to-date: /home/jordan/SDfR/assignment6/install/relbot_msgs/local/lib/python3.10/dist-packages/relbot_msgs/msg/_relbot_motors_s.c
[1.330s] -- Up-to-date: /home/jordan/SDfR/assignment6/install/relbot_msgs/local/lib/python3.10/dist-packages/relbot_msgs/msg/_relbot_motors.py
[1.330s] -- Up-to-date: /home/jordan/SDfR/assignment6/install/relbot_msgs/local/lib/python3.10/dist-packages/relbot_msgs/msg/_relbot_motors_stamped_s.c
[1.331s] -- Up-to-date: /home/jordan/SDfR/assignment6/install/relbot_msgs/local/lib/python3.10/dist-packages/relbot_msgs/msg/__init__.py
[1.331s] -- Up-to-date: /home/jordan/SDfR/assignment6/install/relbot_msgs/local/lib/python3.10/dist-packages/relbot_msgs/msg/_relbot_motors_stamped.py
[1.331s] -- Up-to-date: /home/jordan/SDfR/assignment6/install/relbot_msgs/local/lib/python3.10/dist-packages/relbot_msgs/librelbot_msgs__rosidl_generator_py.so
[1.331s] -- Up-to-date: /home/jordan/SDfR/assignment6/install/relbot_msgs/local/lib/python3.10/dist-packages/relbot_msgs/relbot_msgs_s__rosidl_typesupport_c.cpython-310-x86_64-linux-gnu.so
[1.331s] -- Up-to-date: /home/jordan/SDfR/assignment6/install/relbot_msgs/local/lib/python3.10/dist-packages/relbot_msgs/_relbot_msgs_s.ep.rosidl_typesupport_fastrtps_c.c
[1.332s] -- Up-to-date: /home/jordan/SDfR/assignment6/install/relbot_msgs/local/lib/python3.10/dist-packages/relbot_msgs/_relbot_msgs_s.ep.rosidl_typesupport_introspection_c.c
[1.332s] -- Up-to-date: /home/jordan/SDfR/assignment6/install/relbot_msgs/local/lib/python3.10/dist-packages/relbot_msgs/relbot_msgs_s__rosidl_typesupport_introspection_c.cpython-310-x86_64-linux-gnu.so
[1.332s] -- Up-to-date: /home/jordan/SDfR/assignment6/install/relbot_msgs/local/lib/python3.10/dist-packages/relbot_msgs/_relbot_msgs_s.ep.rosidl_typesupport_c.c
[1.333s] -- Up-to-date: /home/jordan/SDfR/assignment6/install/relbot_msgs/local/lib/python3.10/dist-packages/relbot_msgs/__init__.py
[1.333s] -- Up-to-date: /home/jordan/SDfR/assignment6/install/relbot_msgs/local/lib/python3.10/dist-packages/relbot_msgs/relbot_msgs_s__rosidl_typesupport_fastrtps_c.cpython-310-x86_64-linux-gnu.so
[1.398s] Listing '/home/jordan/SDfR/assignment6/install/relbot_msgs/local/lib/python3.10/dist-packages/relbot_msgs'...
[1.399s] Listing '/home/jordan/SDfR/assignment6/install/relbot_msgs/local/lib/python3.10/dist-packages/relbot_msgs/msg'...
[1.417s] -- Up-to-date: /home/jordan/SDfR/assignment6/install/relbot_msgs/local/lib/python3.10/dist-packages/relbot_msgs/relbot_msgs_s__rosidl_typesupport_fastrtps_c.cpython-310-x86_64-linux-gnu.so
[1.430s] -- Up-to-date: /home/jordan/SDfR/assignment6/install/relbot_msgs/local/lib/python3.10/dist-packages/relbot_msgs/relbot_msgs_s__rosidl_typesupport_introspection_c.cpython-310-x86_64-linux-gnu.so
[1.436s] -- Up-to-date: /home/jordan/SDfR/assignment6/install/relbot_msgs/local/lib/python3.10/dist-packages/relbot_msgs/relbot_msgs_s__rosidl_typesupport_c.cpython-310-x86_64-linux-gnu.so
[1.437s] -- Up-to-date: /home/jordan/SDfR/assignment6/install/relbot_msgs/lib/librelbot_msgs__rosidl_generator_py.so
[1.438s] -- Up-to-date: /home/jordan/SDfR/assignment6/install/relbot_msgs/share/relbot_msgs/msg/RelbotMotors.idl
[1.439s] -- Up-to-date: /home/jordan/SDfR/assignment6/install/relbot_msgs/share/relbot_msgs/msg/RelbotMotorsStamped.idl
[1.439s] -- Up-to-date: /home/jordan/SDfR/assignment6/install/relbot_msgs/share/relbot_msgs/msg/RelbotMotors.msg
[1.440s] -- Up-to-date: /home/jordan/SDfR/assignment6/install/relbot_msgs/share/relbot_msgs/msg/RelbotMotorsStamped.msg
[1.441s] -- Up-to-date: /home/jordan/SDfR/assignment6/install/relbot_msgs/share/ament_index/resource_index/package_run_dependencies/relbot_msgs
[1.441s] -- Up-to-date: /home/jordan/SDfR/assignment6/install/relbot_msgs/share/ament_index/resource_index/parent_prefix_path/relbot_msgs
[1.442s] -- Up-to-date: /home/jordan/SDfR/assignment6/install/relbot_msgs/share/relbot_msgs/environment/ament_prefix_path.sh
[1.442s] -- Up-to-date: /home/jordan/SDfR/assignment6/install/relbot_msgs/share/relbot_msgs/environment/ament_prefix_path.dsv
[1.443s] -- Up-to-date: /home/jordan/SDfR/assignment6/install/relbot_msgs/share/relbot_msgs/environment/path.sh
[1.443s] -- Up-to-date: /home/jordan/SDfR/assignment6/install/relbot_msgs/share/relbot_msgs/environment/path.dsv
[1.444s] -- Up-to-date: /home/jordan/SDfR/assignment6/install/relbot_msgs/share/relbot_msgs/local_setup.bash
[1.444s] -- Up-to-date: /home/jordan/SDfR/assignment6/install/relbot_msgs/share/relbot_msgs/local_setup.sh
[1.445s] -- Up-to-date: /home/jordan/SDfR/assignment6/install/relbot_msgs/share/relbot_msgs/local_setup.zsh
[1.446s] -- Up-to-date: /home/jordan/SDfR/assignment6/install/relbot_msgs/share/relbot_msgs/local_setup.dsv
[1.447s] -- Installing: /home/jordan/SDfR/assignment6/install/relbot_msgs/share/relbot_msgs/package.dsv
[1.448s] -- Up-to-date: /home/jordan/SDfR/assignment6/install/relbot_msgs/share/ament_index/resource_index/packages/relbot_msgs
[1.449s] -- Up-to-date: /home/jordan/SDfR/assignment6/install/relbot_msgs/share/relbot_msgs/cmake/export_relbot_msgs__rosidl_generator_cExport.cmake
[1.451s] -- Up-to-date: /home/jordan/SDfR/assignment6/install/relbot_msgs/share/relbot_msgs/cmake/export_relbot_msgs__rosidl_generator_cExport-noconfig.cmake
[1.451s] -- Up-to-date: /home/jordan/SDfR/assignment6/install/relbot_msgs/share/relbot_msgs/cmake/export_relbot_msgs__rosidl_typesupport_fastrtps_cExport.cmake
[1.452s] -- Up-to-date: /home/jordan/SDfR/assignment6/install/relbot_msgs/share/relbot_msgs/cmake/export_relbot_msgs__rosidl_typesupport_fastrtps_cExport-noconfig.cmake
[1.453s] -- Up-to-date: /home/jordan/SDfR/assignment6/install/relbot_msgs/share/relbot_msgs/cmake/relbot_msgs__rosidl_typesupport_introspection_cExport.cmake
[1.454s] -- Up-to-date: /home/jordan/SDfR/assignment6/install/relbot_msgs/share/relbot_msgs/cmake/relbot_msgs__rosidl_typesupport_introspection_cExport-noconfig.cmake
[1.456s] -- Up-to-date: /home/jordan/SDfR/assignment6/install/relbot_msgs/share/relbot_msgs/cmake/relbot_msgs__rosidl_typesupport_cExport.cmake
[1.456s] -- Up-to-date: /home/jordan/SDfR/assignment6/install/relbot_msgs/share/relbot_msgs/cmake/relbot_msgs__rosidl_typesupport_cExport-noconfig.cmake
[1.457s] -- Up-to-date: /home/jordan/SDfR/assignment6/install/relbot_msgs/share/relbot_msgs/cmake/export_relbot_msgs__rosidl_generator_cppExport.cmake
[1.458s] -- Up-to-date: /home/jordan/SDfR/assignment6/install/relbot_msgs/share/relbot_msgs/cmake/export_relbot_msgs__rosidl_typesupport_fastrtps_cppExport.cmake
[1.459s] -- Up-to-date: /home/jordan/SDfR/assignment6/install/relbot_msgs/share/relbot_msgs/cmake/export_relbot_msgs__rosidl_typesupport_fastrtps_cppExport-noconfig.cmake
[1.460s] -- Up-to-date: /home/jordan/SDfR/assignment6/install/relbot_msgs/share/relbot_msgs/cmake/relbot_msgs__rosidl_typesupport_introspection_cppExport.cmake
[1.461s] -- Up-to-date: /home/jordan/SDfR/assignment6/install/relbot_msgs/share/relbot_msgs/cmake/relbot_msgs__rosidl_typesupport_introspection_cppExport-noconfig.cmake
[1.462s] -- Up-to-date: /home/jordan/SDfR/assignment6/install/relbot_msgs/share/relbot_msgs/cmake/relbot_msgs__rosidl_typesupport_cppExport.cmake
[1.463s] -- Up-to-date: /home/jordan/SDfR/assignment6/install/relbot_msgs/share/relbot_msgs/cmake/relbot_msgs__rosidl_typesupport_cppExport-noconfig.cmake
[1.464s] -- Up-to-date: /home/jordan/SDfR/assignment6/install/relbot_msgs/share/relbot_msgs/cmake/export_relbot_msgs__rosidl_generator_pyExport.cmake
[1.465s] -- Up-to-date: /home/jordan/SDfR/assignment6/install/relbot_msgs/share/relbot_msgs/cmake/export_relbot_msgs__rosidl_generator_pyExport-noconfig.cmake
[1.465s] -- Up-to-date: /home/jordan/SDfR/assignment6/install/relbot_msgs/share/relbot_msgs/cmake/rosidl_cmake-extras.cmake
[1.466s] -- Up-to-date: /home/jordan/SDfR/assignment6/install/relbot_msgs/share/relbot_msgs/cmake/ament_cmake_export_dependencies-extras.cmake
[1.466s] -- Up-to-date: /home/jordan/SDfR/assignment6/install/relbot_msgs/share/relbot_msgs/cmake/ament_cmake_export_include_directories-extras.cmake
[1.467s] -- Up-to-date: /home/jordan/SDfR/assignment6/install/relbot_msgs/share/relbot_msgs/cmake/ament_cmake_export_libraries-extras.cmake
[1.468s] -- Up-to-date: /home/jordan/SDfR/assignment6/install/relbot_msgs/share/relbot_msgs/cmake/ament_cmake_export_targets-extras.cmake
[1.469s] -- Up-to-date: /home/jordan/SDfR/assignment6/install/relbot_msgs/share/relbot_msgs/cmake/rosidl_cmake_export_typesupport_targets-extras.cmake
[1.469s] -- Up-to-date: /home/jordan/SDfR/assignment6/install/relbot_msgs/share/relbot_msgs/cmake/rosidl_cmake_export_typesupport_libraries-extras.cmake
[1.470s] -- Up-to-date: /home/jordan/SDfR/assignment6/install/relbot_msgs/share/relbot_msgs/cmake/relbot_msgsConfig.cmake
[1.470s] -- Up-to-date: /home/jordan/SDfR/assignment6/install/relbot_msgs/share/relbot_msgs/cmake/relbot_msgsConfig-version.cmake
[1.471s] -- Up-to-date: /home/jordan/SDfR/assignment6/install/relbot_msgs/share/relbot_msgs/package.xml
[1.545s] Invoked command in '/home/jordan/SDfR/assignment6/build/relbot_msgs' returned '0': CMAKE_PREFIX_PATH=${CMAKE_PREFIX_PATH}:/opt/ros/humble /usr/bin/cmake --install /home/jordan/SDfR/assignment6/build/relbot_msgs
