[0.025s] Invoking command in '/home/jordan/SDfR/assignment5/build/relbot_simulator': CMAKE_PREFIX_PATH=/opt/ros/humble /usr/bin/cmake --build /home/jordan/SDfR/assignment5/build/relbot_simulator -- -j16 -l16
[0.146s] [100%] Built target relbot_simulator
[0.169s] Invoked command in '/home/jordan/SDfR/assignment5/build/relbot_simulator' returned '0': CMAKE_PREFIX_PATH=/opt/ros/humble /usr/bin/cmake --build /home/jordan/SDfR/assignment5/build/relbot_simulator -- -j16 -l16
[0.180s] Invoking command in '/home/jordan/SDfR/assignment5/build/relbot_simulator': CMAKE_PREFIX_PATH=/opt/ros/humble /usr/bin/cmake --install /home/jordan/SDfR/assignment5/build/relbot_simulator
[0.188s] -- Install configuration: ""
[0.189s] -- Up-to-date: /home/jordan/SDfR/assignment5/install/relbot_simulator/lib/relbot_simulator/relbot_simulator
[0.190s] -- Up-to-date: /home/jordan/SDfR/assignment5/install/relbot_simulator/include
[0.190s] -- Up-to-date: /home/jordan/SDfR/assignment5/install/relbot_simulator/include/xxtypes.h
[0.190s] -- Up-to-date: /home/jordan/SDfR/assignment5/install/relbot_simulator/include/xxfuncs.h
[0.191s] -- Up-to-date: /home/jordan/SDfR/assignment5/install/relbot_simulator/include/EulerAngles.h
[0.191s] -- Up-to-date: /home/jordan/SDfR/assignment5/install/relbot_simulator/include/xxinteg.cpp
[0.191s] -- Up-to-date: /home/jordan/SDfR/assignment5/install/relbot_simulator/include/MotionProfiles.h
[0.191s] -- Up-to-date: /home/jordan/SDfR/assignment5/install/relbot_simulator/include/xxmatrix.cpp
[0.191s] -- Up-to-date: /home/jordan/SDfR/assignment5/install/relbot_simulator/include/xxinverse.cpp
[0.191s] -- Up-to-date: /home/jordan/SDfR/assignment5/install/relbot_simulator/include/xxmatrix.h
[0.192s] -- Up-to-date: /home/jordan/SDfR/assignment5/install/relbot_simulator/include/EulerAngles.cpp
[0.193s] -- Up-to-date: /home/jordan/SDfR/assignment5/install/relbot_simulator/include/xxinverse.h
[0.195s] -- Up-to-date: /home/jordan/SDfR/assignment5/install/relbot_simulator/include/xxfuncs.cpp
[0.195s] -- Up-to-date: /home/jordan/SDfR/assignment5/install/relbot_simulator/include/xxmodel.h
[0.195s] -- Up-to-date: /home/jordan/SDfR/assignment5/install/relbot_simulator/include/MotionProfiles.cpp
[0.195s] -- Up-to-date: /home/jordan/SDfR/assignment5/install/relbot_simulator/include/xxinteg.h
[0.195s] -- Up-to-date: /home/jordan/SDfR/assignment5/install/relbot_simulator/share/ament_index/resource_index/package_run_dependencies/relbot_simulator
[0.196s] -- Up-to-date: /home/jordan/SDfR/assignment5/install/relbot_simulator/share/ament_index/resource_index/parent_prefix_path/relbot_simulator
[0.196s] -- Up-to-date: /home/jordan/SDfR/assignment5/install/relbot_simulator/share/relbot_simulator/environment/ament_prefix_path.sh
[0.196s] -- Up-to-date: /home/jordan/SDfR/assignment5/install/relbot_simulator/share/relbot_simulator/environment/ament_prefix_path.dsv
[0.196s] -- Up-to-date: /home/jordan/SDfR/assignment5/install/relbot_simulator/share/relbot_simulator/environment/path.sh
[0.197s] -- Up-to-date: /home/jordan/SDfR/assignment5/install/relbot_simulator/share/relbot_simulator/environment/path.dsv
[0.197s] -- Up-to-date: /home/jordan/SDfR/assignment5/install/relbot_simulator/share/relbot_simulator/local_setup.bash
[0.198s] -- Up-to-date: /home/jordan/SDfR/assignment5/install/relbot_simulator/share/relbot_simulator/local_setup.sh
[0.198s] -- Up-to-date: /home/jordan/SDfR/assignment5/install/relbot_simulator/share/relbot_simulator/local_setup.zsh
[0.198s] -- Up-to-date: /home/jordan/SDfR/assignment5/install/relbot_simulator/share/relbot_simulator/local_setup.dsv
[0.198s] -- Installing: /home/jordan/SDfR/assignment5/install/relbot_simulator/share/relbot_simulator/package.dsv
[0.198s] -- Up-to-date: /home/jordan/SDfR/assignment5/install/relbot_simulator/share/ament_index/resource_index/packages/relbot_simulator
[0.198s] -- Up-to-date: /home/jordan/SDfR/assignment5/install/relbot_simulator/share/relbot_simulator/cmake/relbot_simulatorConfig.cmake
[0.199s] -- Up-to-date: /home/jordan/SDfR/assignment5/install/relbot_simulator/share/relbot_simulator/cmake/relbot_simulatorConfig-version.cmake
[0.199s] -- Up-to-date: /home/jordan/SDfR/assignment5/install/relbot_simulator/share/relbot_simulator/package.xml
[0.228s] Invoked command in '/home/jordan/SDfR/assignment5/build/relbot_simulator' returned '0': CMAKE_PREFIX_PATH=/opt/ros/humble /usr/bin/cmake --install /home/jordan/SDfR/assignment5/build/relbot_simulator
