[0.076s] Invoking command in '/home/sdfr-ppd-01/SDfR/assignment6/build/green_object_detector': CMAKE_PREFIX_PATH=${CMAKE_PREFIX_PATH}:/opt/ros/humble /usr/bin/cmake --build /home/sdfr-ppd-01/SDfR/assignment6/build/green_object_detector -- -j3 -l3
[0.318s] [100%] Built target green_object_detector
[0.405s] Invoked command in '/home/sdfr-ppd-01/SDfR/assignment6/build/green_object_detector' returned '0': CMAKE_PREFIX_PATH=${CMAKE_PREFIX_PATH}:/opt/ros/humble /usr/bin/cmake --build /home/sdfr-ppd-01/SDfR/assignment6/build/green_object_detector -- -j3 -l3
[0.416s] Invoking command in '/home/sdfr-ppd-01/SDfR/assignment6/build/green_object_detector': CMAKE_PREFIX_PATH=${CMAKE_PREFIX_PATH}:/opt/ros/humble /usr/bin/cmake --install /home/sdfr-ppd-01/SDfR/assignment6/build/green_object_detector
[0.588s] -- Install configuration: ""
[0.590s] -- Up-to-date: /home/sdfr-ppd-01/SDfR/assignment6/install/green_object_detector/lib/green_object_detector/green_object_detector
[0.593s] -- Up-to-date: /home/sdfr-ppd-01/SDfR/assignment6/install/green_object_detector/share/ament_index/resource_index/package_run_dependencies/green_object_detector
[0.594s] -- Up-to-date: /home/sdfr-ppd-01/SDfR/assignment6/install/green_object_detector/share/ament_index/resource_index/parent_prefix_path/green_object_detector
[0.598s] -- Up-to-date: /home/sdfr-ppd-01/SDfR/assignment6/install/green_object_detector/share/green_object_detector/environment/ament_prefix_path.sh
[0.602s] -- Up-to-date: /home/sdfr-ppd-01/SDfR/assignment6/install/green_object_detector/share/green_object_detector/environment/ament_prefix_path.dsv
[0.604s] -- Up-to-date: /home/sdfr-ppd-01/SDfR/assignment6/install/green_object_detector/share/green_object_detector/environment/path.sh
[0.606s] -- Up-to-date: /home/sdfr-ppd-01/SDfR/assignment6/install/green_object_detector/share/green_object_detector/environment/path.dsv
[0.608s] -- Up-to-date: /home/sdfr-ppd-01/SDfR/assignment6/install/green_object_detector/share/green_object_detector/local_setup.bash
[0.611s] -- Up-to-date: /home/sdfr-ppd-01/SDfR/assignment6/install/green_object_detector/share/green_object_detector/local_setup.sh
[0.612s] -- Up-to-date: /home/sdfr-ppd-01/SDfR/assignment6/install/green_object_detector/share/green_object_detector/local_setup.zsh
[0.614s] -- Up-to-date: /home/sdfr-ppd-01/SDfR/assignment6/install/green_object_detector/share/green_object_detector/local_setup.dsv
[0.620s] -- Installing: /home/sdfr-ppd-01/SDfR/assignment6/install/green_object_detector/share/green_object_detector/package.dsv
[0.623s] -- Up-to-date: /home/sdfr-ppd-01/SDfR/assignment6/install/green_object_detector/share/ament_index/resource_index/packages/green_object_detector
[0.626s] -- Up-to-date: /home/sdfr-ppd-01/SDfR/assignment6/install/green_object_detector/share/green_object_detector/cmake/green_object_detectorConfig.cmake
[0.629s] -- Up-to-date: /home/sdfr-ppd-01/SDfR/assignment6/install/green_object_detector/share/green_object_detector/cmake/green_object_detectorConfig-version.cmake
[0.631s] -- Up-to-date: /home/sdfr-ppd-01/SDfR/assignment6/install/green_object_detector/share/green_object_detector/package.xml
[0.667s] Invoked command in '/home/sdfr-ppd-01/SDfR/assignment6/build/green_object_detector' returned '0': CMAKE_PREFIX_PATH=${CMAKE_PREFIX_PATH}:/opt/ros/humble /usr/bin/cmake --install /home/sdfr-ppd-01/SDfR/assignment6/build/green_object_detector
