[0.068s] Invoking command in '/home/jordan/SDfR/assignment6/build/image_functions_sdfr': CMAKE_PREFIX_PATH=/opt/ros/humble /usr/bin/cmake --build /home/jordan/SDfR/assignment6/build/image_functions_sdfr -- -j16 -l16
[0.224s] [100%] Built target image_functions
[0.298s] Invoked command in '/home/jordan/SDfR/assignment6/build/image_functions_sdfr' returned '0': CMAKE_PREFIX_PATH=/opt/ros/humble /usr/bin/cmake --build /home/jordan/SDfR/assignment6/build/image_functions_sdfr -- -j16 -l16
[0.303s] Invoking command in '/home/jordan/SDfR/assignment6/build/image_functions_sdfr': CMAKE_PREFIX_PATH=/opt/ros/humble /usr/bin/cmake --install /home/jordan/SDfR/assignment6/build/image_functions_sdfr
[0.327s] -- Install configuration: ""
[0.327s] -- Up-to-date: /home/jordan/SDfR/assignment6/install/image_functions_sdfr/include
[0.328s] -- Up-to-date: /home/jordan/SDfR/assignment6/install/image_functions_sdfr/include/image_functions_sdfr
[0.328s] -- Up-to-date: /home/jordan/SDfR/assignment6/install/image_functions_sdfr/include/image_functions_sdfr/image_functions.hpp
[0.328s] -- Up-to-date: /home/jordan/SDfR/assignment6/install/image_functions_sdfr/include/image_functions_sdfr/visibility_control.h
[0.332s] -- Up-to-date: /home/jordan/SDfR/assignment6/install/image_functions_sdfr/lib/libimage_functions.so
[0.333s] -- Up-to-date: /home/jordan/SDfR/assignment6/install/image_functions_sdfr/share/image_functions_sdfr/environment/library_path.sh
[0.334s] -- Up-to-date: /home/jordan/SDfR/assignment6/install/image_functions_sdfr/share/image_functions_sdfr/environment/library_path.dsv
[0.334s] -- Up-to-date: /home/jordan/SDfR/assignment6/install/image_functions_sdfr/share/ament_index/resource_index/package_run_dependencies/image_functions_sdfr
[0.336s] -- Up-to-date: /home/jordan/SDfR/assignment6/install/image_functions_sdfr/share/ament_index/resource_index/parent_prefix_path/image_functions_sdfr
[0.338s] -- Up-to-date: /home/jordan/SDfR/assignment6/install/image_functions_sdfr/share/image_functions_sdfr/environment/ament_prefix_path.sh
[0.342s] -- Up-to-date: /home/jordan/SDfR/assignment6/install/image_functions_sdfr/share/image_functions_sdfr/environment/ament_prefix_path.dsv
[0.343s] -- Up-to-date: /home/jordan/SDfR/assignment6/install/image_functions_sdfr/share/image_functions_sdfr/environment/path.sh
[0.344s] -- Up-to-date: /home/jordan/SDfR/assignment6/install/image_functions_sdfr/share/image_functions_sdfr/environment/path.dsv
[0.344s] -- Up-to-date: /home/jordan/SDfR/assignment6/install/image_functions_sdfr/share/image_functions_sdfr/local_setup.bash
[0.347s] -- Up-to-date: /home/jordan/SDfR/assignment6/install/image_functions_sdfr/share/image_functions_sdfr/local_setup.sh
[0.348s] -- Up-to-date: /home/jordan/SDfR/assignment6/install/image_functions_sdfr/share/image_functions_sdfr/local_setup.zsh
[0.348s] -- Up-to-date: /home/jordan/SDfR/assignment6/install/image_functions_sdfr/share/image_functions_sdfr/local_setup.dsv
[0.348s] -- Installing: /home/jordan/SDfR/assignment6/install/image_functions_sdfr/share/image_functions_sdfr/package.dsv
[0.349s] -- Up-to-date: /home/jordan/SDfR/assignment6/install/image_functions_sdfr/share/ament_index/resource_index/packages/image_functions_sdfr
[0.350s] -- Up-to-date: /home/jordan/SDfR/assignment6/install/image_functions_sdfr/share/image_functions_sdfr/cmake/export_image_functions_sdfrExport.cmake
[0.365s] -- Up-to-date: /home/jordan/SDfR/assignment6/install/image_functions_sdfr/share/image_functions_sdfr/cmake/export_image_functions_sdfrExport-noconfig.cmake
[0.365s] -- Up-to-date: /home/jordan/SDfR/assignment6/install/image_functions_sdfr/share/image_functions_sdfr/cmake/ament_cmake_export_include_directories-extras.cmake
[0.365s] -- Up-to-date: /home/jordan/SDfR/assignment6/install/image_functions_sdfr/share/image_functions_sdfr/cmake/ament_cmake_export_libraries-extras.cmake
[0.366s] -- Up-to-date: /home/jordan/SDfR/assignment6/install/image_functions_sdfr/share/image_functions_sdfr/cmake/ament_cmake_export_targets-extras.cmake
[0.366s] -- Up-to-date: /home/jordan/SDfR/assignment6/install/image_functions_sdfr/share/image_functions_sdfr/cmake/ament_cmake_export_dependencies-extras.cmake
[0.366s] -- Up-to-date: /home/jordan/SDfR/assignment6/install/image_functions_sdfr/share/image_functions_sdfr/cmake/image_functions_sdfrConfig.cmake
[0.366s] -- Up-to-date: /home/jordan/SDfR/assignment6/install/image_functions_sdfr/share/image_functions_sdfr/cmake/image_functions_sdfrConfig-version.cmake
[0.367s] -- Up-to-date: /home/jordan/SDfR/assignment6/install/image_functions_sdfr/share/image_functions_sdfr/package.xml
[0.369s] Invoked command in '/home/jordan/SDfR/assignment6/build/image_functions_sdfr' returned '0': CMAKE_PREFIX_PATH=/opt/ros/humble /usr/bin/cmake --install /home/jordan/SDfR/assignment6/build/image_functions_sdfr
