[2.096s] Invoking command in '/home/jordan/SDfR/assignment6/build/relbot_launch': AMENT_PREFIX_PATH=/home/jordan/SDfR/assignment6/install/relbot_adapter:/home/jordan/SDfR/assignment6/install/relbot_simulator:/home/jordan/SDfR/assignment6/install/relbot_sequence_controller:/home/jordan/SDfR/assignment6/install/relbot_msgs:/home/jordan/SDfR/assignment6/install/relbot2turtlesim:/home/jordan/SDfR/assignment6/install/green_object_detector:/home/jordan/SDfR/assignment6/install/cam2image_vm2ros:${AMENT_PREFIX_PATH} CMAKE_PREFIX_PATH=/home/jordan/SDfR/assignment6/install/relbot_adapter:/home/jordan/SDfR/assignment6/install/relbot_simulator:/home/jordan/SDfR/assignment6/install/relbot_sequence_controller:/home/jordan/SDfR/assignment6/install/relbot_msgs:/home/jordan/SDfR/assignment6/install/relbot2turtlesim:/home/jordan/SDfR/assignment6/install/green_object_detector:/home/jordan/SDfR/assignment6/install/cam2image_vm2ros:/opt/ros/humble LD_LIBRARY_PATH=/home/jordan/SDfR/assignment6/install/relbot_msgs/lib:/home/jordan/SDfR/assignment6/install/cam2image_vm2ros/lib:${LD_LIBRARY_PATH} PYTHONPATH=/home/jordan/SDfR/assignment6/install/relbot_msgs/local/lib/python3.10/dist-packages:${PYTHONPATH} /usr/bin/cmake /home/jordan/SDfR/assignment6/src/relbot_launch -DCMAKE_INSTALL_PREFIX=/home/jordan/SDfR/assignment6/install/relbot_launch
[2.685s] -- The C compiler identification is GNU 11.4.0
[5.093s] -- The CXX compiler identification is GNU 11.4.0
[6.931s] -- Detecting C compiler ABI info
[7.546s] -- Detecting C compiler ABI info - done
[7.559s] -- Check for working C compiler: /usr/bin/cc - skipped
[7.559s] -- Detecting C compile features
[7.560s] -- Detecting C compile features - done
[7.567s] -- Detecting CXX compiler ABI info
[8.243s] -- Detecting CXX compiler ABI info - done
[8.256s] -- Check for working CXX compiler: /usr/bin/c++ - skipped
[8.257s] -- Detecting CXX compile features
[8.257s] -- Detecting CXX compile features - done
[8.266s] -- Found ament_cmake: 1.3.13 (/opt/ros/humble/share/ament_cmake/cmake)
[8.621s] -- Found Python3: /usr/bin/python3 (found version "3.10.12") found components: Interpreter 
[8.875s] -- Found ament_lint_auto: 0.12.15 (/opt/ros/humble/share/ament_lint_auto/cmake)
[9.074s] -- Added test 'flake8' to check Python code syntax and style conventions
[9.078s] -- Added test 'lint_cmake' to check CMake code style
[9.081s] -- Added test 'pep257' to check Python code against some of the docstring style conventions in PEP 257
[9.086s] -- Added test 'xmllint' to check XML markup files
[9.090s] -- Configuring done
[9.108s] -- Generating done
[9.116s] -- Build files have been written to: /home/jordan/SDfR/assignment6/build/relbot_launch
[9.127s] Invoked command in '/home/jordan/SDfR/assignment6/build/relbot_launch' returned '0': AMENT_PREFIX_PATH=/home/jordan/SDfR/assignment6/install/relbot_adapter:/home/jordan/SDfR/assignment6/install/relbot_simulator:/home/jordan/SDfR/assignment6/install/relbot_sequence_controller:/home/jordan/SDfR/assignment6/install/relbot_msgs:/home/jordan/SDfR/assignment6/install/relbot2turtlesim:/home/jordan/SDfR/assignment6/install/green_object_detector:/home/jordan/SDfR/assignment6/install/cam2image_vm2ros:${AMENT_PREFIX_PATH} CMAKE_PREFIX_PATH=/home/jordan/SDfR/assignment6/install/relbot_adapter:/home/jordan/SDfR/assignment6/install/relbot_simulator:/home/jordan/SDfR/assignment6/install/relbot_sequence_controller:/home/jordan/SDfR/assignment6/install/relbot_msgs:/home/jordan/SDfR/assignment6/install/relbot2turtlesim:/home/jordan/SDfR/assignment6/install/green_object_detector:/home/jordan/SDfR/assignment6/install/cam2image_vm2ros:/opt/ros/humble LD_LIBRARY_PATH=/home/jordan/SDfR/assignment6/install/relbot_msgs/lib:/home/jordan/SDfR/assignment6/install/cam2image_vm2ros/lib:${LD_LIBRARY_PATH} PYTHONPATH=/home/jordan/SDfR/assignment6/install/relbot_msgs/local/lib/python3.10/dist-packages:${PYTHONPATH} /usr/bin/cmake /home/jordan/SDfR/assignment6/src/relbot_launch -DCMAKE_INSTALL_PREFIX=/home/jordan/SDfR/assignment6/install/relbot_launch
[9.131s] Invoking command in '/home/jordan/SDfR/assignment6/build/relbot_launch': AMENT_PREFIX_PATH=/home/jordan/SDfR/assignment6/install/relbot_adapter:/home/jordan/SDfR/assignment6/install/relbot_simulator:/home/jordan/SDfR/assignment6/install/relbot_sequence_controller:/home/jordan/SDfR/assignment6/install/relbot_msgs:/home/jordan/SDfR/assignment6/install/relbot2turtlesim:/home/jordan/SDfR/assignment6/install/green_object_detector:/home/jordan/SDfR/assignment6/install/cam2image_vm2ros:${AMENT_PREFIX_PATH} CMAKE_PREFIX_PATH=/home/jordan/SDfR/assignment6/install/relbot_adapter:/home/jordan/SDfR/assignment6/install/relbot_simulator:/home/jordan/SDfR/assignment6/install/relbot_sequence_controller:/home/jordan/SDfR/assignment6/install/relbot_msgs:/home/jordan/SDfR/assignment6/install/relbot2turtlesim:/home/jordan/SDfR/assignment6/install/green_object_detector:/home/jordan/SDfR/assignment6/install/cam2image_vm2ros:/opt/ros/humble LD_LIBRARY_PATH=/home/jordan/SDfR/assignment6/install/relbot_msgs/lib:/home/jordan/SDfR/assignment6/install/cam2image_vm2ros/lib:${LD_LIBRARY_PATH} PYTHONPATH=/home/jordan/SDfR/assignment6/install/relbot_msgs/local/lib/python3.10/dist-packages:${PYTHONPATH} /usr/bin/cmake --build /home/jordan/SDfR/assignment6/build/relbot_launch -- -j16 -l16
[9.233s] Invoked command in '/home/jordan/SDfR/assignment6/build/relbot_launch' returned '0': AMENT_PREFIX_PATH=/home/jordan/SDfR/assignment6/install/relbot_adapter:/home/jordan/SDfR/assignment6/install/relbot_simulator:/home/jordan/SDfR/assignment6/install/relbot_sequence_controller:/home/jordan/SDfR/assignment6/install/relbot_msgs:/home/jordan/SDfR/assignment6/install/relbot2turtlesim:/home/jordan/SDfR/assignment6/install/green_object_detector:/home/jordan/SDfR/assignment6/install/cam2image_vm2ros:${AMENT_PREFIX_PATH} CMAKE_PREFIX_PATH=/home/jordan/SDfR/assignment6/install/relbot_adapter:/home/jordan/SDfR/assignment6/install/relbot_simulator:/home/jordan/SDfR/assignment6/install/relbot_sequence_controller:/home/jordan/SDfR/assignment6/install/relbot_msgs:/home/jordan/SDfR/assignment6/install/relbot2turtlesim:/home/jordan/SDfR/assignment6/install/green_object_detector:/home/jordan/SDfR/assignment6/install/cam2image_vm2ros:/opt/ros/humble LD_LIBRARY_PATH=/home/jordan/SDfR/assignment6/install/relbot_msgs/lib:/home/jordan/SDfR/assignment6/install/cam2image_vm2ros/lib:${LD_LIBRARY_PATH} PYTHONPATH=/home/jordan/SDfR/assignment6/install/relbot_msgs/local/lib/python3.10/dist-packages:${PYTHONPATH} /usr/bin/cmake --build /home/jordan/SDfR/assignment6/build/relbot_launch -- -j16 -l16
[9.237s] Invoking command in '/home/jordan/SDfR/assignment6/build/relbot_launch': AMENT_PREFIX_PATH=/home/jordan/SDfR/assignment6/install/relbot_adapter:/home/jordan/SDfR/assignment6/install/relbot_simulator:/home/jordan/SDfR/assignment6/install/relbot_sequence_controller:/home/jordan/SDfR/assignment6/install/relbot_msgs:/home/jordan/SDfR/assignment6/install/relbot2turtlesim:/home/jordan/SDfR/assignment6/install/green_object_detector:/home/jordan/SDfR/assignment6/install/cam2image_vm2ros:${AMENT_PREFIX_PATH} CMAKE_PREFIX_PATH=/home/jordan/SDfR/assignment6/install/relbot_adapter:/home/jordan/SDfR/assignment6/install/relbot_simulator:/home/jordan/SDfR/assignment6/install/relbot_sequence_controller:/home/jordan/SDfR/assignment6/install/relbot_msgs:/home/jordan/SDfR/assignment6/install/relbot2turtlesim:/home/jordan/SDfR/assignment6/install/green_object_detector:/home/jordan/SDfR/assignment6/install/cam2image_vm2ros:/opt/ros/humble LD_LIBRARY_PATH=/home/jordan/SDfR/assignment6/install/relbot_msgs/lib:/home/jordan/SDfR/assignment6/install/cam2image_vm2ros/lib:${LD_LIBRARY_PATH} PYTHONPATH=/home/jordan/SDfR/assignment6/install/relbot_msgs/local/lib/python3.10/dist-packages:${PYTHONPATH} /usr/bin/cmake --install /home/jordan/SDfR/assignment6/build/relbot_launch
[9.260s] -- Install configuration: ""
[9.261s] -- Installing: /home/jordan/SDfR/assignment6/install/relbot_launch/share/relbot_launch//launch
[9.265s] -- Installing: /home/jordan/SDfR/assignment6/install/relbot_launch/share/relbot_launch//launch/relbot_system.launch.py
[9.266s] -- Installing: /home/jordan/SDfR/assignment6/install/relbot_launch/share/relbot_launch//launch/relbot_to_turtle.launch.py
[9.266s] -- Installing: /home/jordan/SDfR/assignment6/install/relbot_launch/share/relbot_launch//launch/relbot_sequence_controller.launch.py
[9.267s] -- Installing: /home/jordan/SDfR/assignment6/install/relbot_launch/share/relbot_launch//launch/relbot_system_joystick.launch.py
[9.268s] -- Installing: /home/jordan/SDfR/assignment6/install/relbot_launch/share/relbot_launch//launch/relbot_simulation.launch.py
[9.268s] -- Installing: /home/jordan/SDfR/assignment6/install/relbot_launch/share/relbot_launch//launch/__pycache__
[9.270s] -- Installing: /home/jordan/SDfR/assignment6/install/relbot_launch/share/relbot_launch//launch/__pycache__/relbot_implementation.launch.cpython-310.pyc
[9.271s] -- Installing: /home/jordan/SDfR/assignment6/install/relbot_launch/share/relbot_launch//launch/relbot_implementation.launch.py
[9.274s] -- Installing: /home/jordan/SDfR/assignment6/install/relbot_launch/share/ament_index/resource_index/package_run_dependencies/relbot_launch
[9.276s] -- Installing: /home/jordan/SDfR/assignment6/install/relbot_launch/share/ament_index/resource_index/parent_prefix_path/relbot_launch
[9.279s] -- Installing: /home/jordan/SDfR/assignment6/install/relbot_launch/share/relbot_launch/environment/ament_prefix_path.sh
[9.280s] -- Installing: /home/jordan/SDfR/assignment6/install/relbot_launch/share/relbot_launch/environment/ament_prefix_path.dsv
[9.281s] -- Installing: /home/jordan/SDfR/assignment6/install/relbot_launch/share/relbot_launch/environment/path.sh
[9.281s] -- Installing: /home/jordan/SDfR/assignment6/install/relbot_launch/share/relbot_launch/environment/path.dsv
[9.282s] -- Installing: /home/jordan/SDfR/assignment6/install/relbot_launch/share/relbot_launch/local_setup.bash
[9.283s] -- Installing: /home/jordan/SDfR/assignment6/install/relbot_launch/share/relbot_launch/local_setup.sh
[9.284s] -- Installing: /home/jordan/SDfR/assignment6/install/relbot_launch/share/relbot_launch/local_setup.zsh
[9.284s] -- Installing: /home/jordan/SDfR/assignment6/install/relbot_launch/share/relbot_launch/local_setup.dsv
[9.285s] -- Installing: /home/jordan/SDfR/assignment6/install/relbot_launch/share/relbot_launch/package.dsv
[9.288s] -- Installing: /home/jordan/SDfR/assignment6/install/relbot_launch/share/ament_index/resource_index/packages/relbot_launch
[9.289s] -- Installing: /home/jordan/SDfR/assignment6/install/relbot_launch/share/relbot_launch/cmake/relbot_launchConfig.cmake
[9.289s] -- Installing: /home/jordan/SDfR/assignment6/install/relbot_launch/share/relbot_launch/cmake/relbot_launchConfig-version.cmake
[9.290s] -- Installing: /home/jordan/SDfR/assignment6/install/relbot_launch/share/relbot_launch/package.xml
[9.298s] Invoked command in '/home/jordan/SDfR/assignment6/build/relbot_launch' returned '0': AMENT_PREFIX_PATH=/home/jordan/SDfR/assignment6/install/relbot_adapter:/home/jordan/SDfR/assignment6/install/relbot_simulator:/home/jordan/SDfR/assignment6/install/relbot_sequence_controller:/home/jordan/SDfR/assignment6/install/relbot_msgs:/home/jordan/SDfR/assignment6/install/relbot2turtlesim:/home/jordan/SDfR/assignment6/install/green_object_detector:/home/jordan/SDfR/assignment6/install/cam2image_vm2ros:${AMENT_PREFIX_PATH} CMAKE_PREFIX_PATH=/home/jordan/SDfR/assignment6/install/relbot_adapter:/home/jordan/SDfR/assignment6/install/relbot_simulator:/home/jordan/SDfR/assignment6/install/relbot_sequence_controller:/home/jordan/SDfR/assignment6/install/relbot_msgs:/home/jordan/SDfR/assignment6/install/relbot2turtlesim:/home/jordan/SDfR/assignment6/install/green_object_detector:/home/jordan/SDfR/assignment6/install/cam2image_vm2ros:/opt/ros/humble LD_LIBRARY_PATH=/home/jordan/SDfR/assignment6/install/relbot_msgs/lib:/home/jordan/SDfR/assignment6/install/cam2image_vm2ros/lib:${LD_LIBRARY_PATH} PYTHONPATH=/home/jordan/SDfR/assignment6/install/relbot_msgs/local/lib/python3.10/dist-packages:${PYTHONPATH} /usr/bin/cmake --install /home/jordan/SDfR/assignment6/build/relbot_launch
