[0.120s] Invoking command in '/home/jordan/SDfR/assignment6/build/image_functions_sdfr': CMAKE_PREFIX_PATH=/opt/ros/humble /usr/bin/cmake /home/jordan/SDfR/assignment6/src/image_functions_sdfr -DCMAKE_INSTALL_PREFIX=/home/jordan/SDfR/assignment6/install/image_functions_sdfr
[0.572s] -- The C compiler identification is GNU 11.4.0
[2.707s] -- The CXX compiler identification is GNU 11.4.0
[3.976s] -- Detecting C compiler ABI info
[4.535s] -- Detecting C compiler ABI info - done
[4.558s] -- Check for working C compiler: /usr/bin/cc - skipped
[4.559s] -- Detecting C compile features
[4.560s] -- Detecting C compile features - done
[4.570s] -- Detecting CXX compiler ABI info
[5.225s] -- Detecting CXX compiler ABI info - done
[5.240s] -- Check for working CXX compiler: /usr/bin/c++ - skipped
[5.241s] -- Detecting CXX compile features
[5.242s] -- Detecting CXX compile features - done
[5.249s] -- Found ament_cmake: 1.3.13 (/opt/ros/humble/share/ament_cmake/cmake)
[5.617s] -- Found Python3: /usr/bin/python3 (found version "3.10.12") found components: Interpreter 
[5.832s] -- Found ament_cmake_ros: 0.10.0 (/opt/ros/humble/share/ament_cmake_ros/cmake)
[5.855s] -- Found rclcpp: 16.0.18 (/opt/ros/humble/share/rclcpp/cmake)
[6.288s] -- Found rosidl_generator_c: 3.1.8 (/opt/ros/humble/share/rosidl_generator_c/cmake)
[6.297s] -- Found rosidl_adapter: 3.1.8 (/opt/ros/humble/share/rosidl_adapter/cmake)
[6.313s] -- Found rosidl_generator_cpp: 3.1.8 (/opt/ros/humble/share/rosidl_generator_cpp/cmake)
[6.344s] -- Using all available rosidl_typesupport_c: rosidl_typesupport_fastrtps_c;rosidl_typesupport_introspection_c
[6.377s] -- Using all available rosidl_typesupport_cpp: rosidl_typesupport_fastrtps_cpp;rosidl_typesupport_introspection_cpp
[6.471s] -- Found rmw_implementation_cmake: 6.1.2 (/opt/ros/humble/share/rmw_implementation_cmake/cmake)
[6.479s] -- Found rmw_fastrtps_cpp: 6.2.10 (/opt/ros/humble/share/rmw_fastrtps_cpp/cmake)
[9.413s] -- Found OpenSSL: /usr/lib/x86_64-linux-gnu/libcrypto.so (found version "3.0.2")  
[12.158s] -- Found FastRTPS: /opt/ros/humble/include  
[21.864s] -- Using RMW implementation 'rmw_fastrtps_cpp' as default
[21.885s] -- Looking for pthread.h
[22.461s] -- Looking for pthread.h - found
[22.461s] -- Performing Test CMAKE_HAVE_LIBC_PTHREAD
[23.138s] -- Performing Test CMAKE_HAVE_LIBC_PTHREAD - Success
[23.141s] -- Found Threads: TRUE  
[23.285s] -- Found sensor_msgs: 4.9.1 (/opt/ros/humble/share/sensor_msgs/cmake)
[23.593s] -- Configuring done
[23.645s] -- Generating done
[23.659s] -- Build files have been written to: /home/jordan/SDfR/assignment6/build/image_functions_sdfr
[23.689s] Invoked command in '/home/jordan/SDfR/assignment6/build/image_functions_sdfr' returned '0': CMAKE_PREFIX_PATH=/opt/ros/humble /usr/bin/cmake /home/jordan/SDfR/assignment6/src/image_functions_sdfr -DCMAKE_INSTALL_PREFIX=/home/jordan/SDfR/assignment6/install/image_functions_sdfr
[23.692s] Invoking command in '/home/jordan/SDfR/assignment6/build/image_functions_sdfr': CMAKE_PREFIX_PATH=/opt/ros/humble /usr/bin/cmake --build /home/jordan/SDfR/assignment6/build/image_functions_sdfr -- -j16 -l16
[23.842s] [ 50%] [32mBuilding CXX object CMakeFiles/image_functions.dir/src/image_functions.cpp.o[0m
[32.958s] [100%] [32m[1mLinking CXX shared library libimage_functions.so[0m
[33.673s] [100%] Built target image_functions
[33.705s] Invoked command in '/home/jordan/SDfR/assignment6/build/image_functions_sdfr' returned '0': CMAKE_PREFIX_PATH=/opt/ros/humble /usr/bin/cmake --build /home/jordan/SDfR/assignment6/build/image_functions_sdfr -- -j16 -l16
[33.710s] Invoking command in '/home/jordan/SDfR/assignment6/build/image_functions_sdfr': CMAKE_PREFIX_PATH=/opt/ros/humble /usr/bin/cmake --install /home/jordan/SDfR/assignment6/build/image_functions_sdfr
[33.731s] -- Install configuration: ""
[33.732s] -- Installing: /home/jordan/SDfR/assignment6/install/image_functions_sdfr/include
[33.734s] -- Installing: /home/jordan/SDfR/assignment6/install/image_functions_sdfr/include/image_functions_sdfr
[33.735s] -- Installing: /home/jordan/SDfR/assignment6/install/image_functions_sdfr/include/image_functions_sdfr/image_functions.hpp
[33.736s] -- Installing: /home/jordan/SDfR/assignment6/install/image_functions_sdfr/include/image_functions_sdfr/visibility_control.h
[33.738s] -- Installing: /home/jordan/SDfR/assignment6/install/image_functions_sdfr/lib/libimage_functions.so
[33.739s] -- Set runtime path of "/home/jordan/SDfR/assignment6/install/image_functions_sdfr/lib/libimage_functions.so" to ""
[33.742s] -- Installing: /home/jordan/SDfR/assignment6/install/image_functions_sdfr/share/image_functions_sdfr/environment/library_path.sh
[33.743s] -- Installing: /home/jordan/SDfR/assignment6/install/image_functions_sdfr/share/image_functions_sdfr/environment/library_path.dsv
[33.747s] -- Installing: /home/jordan/SDfR/assignment6/install/image_functions_sdfr/share/ament_index/resource_index/package_run_dependencies/image_functions_sdfr
[33.748s] -- Installing: /home/jordan/SDfR/assignment6/install/image_functions_sdfr/share/ament_index/resource_index/parent_prefix_path/image_functions_sdfr
[33.749s] -- Installing: /home/jordan/SDfR/assignment6/install/image_functions_sdfr/share/image_functions_sdfr/environment/ament_prefix_path.sh
[33.750s] -- Installing: /home/jordan/SDfR/assignment6/install/image_functions_sdfr/share/image_functions_sdfr/environment/ament_prefix_path.dsv
[33.750s] -- Installing: /home/jordan/SDfR/assignment6/install/image_functions_sdfr/share/image_functions_sdfr/environment/path.sh
[33.751s] -- Installing: /home/jordan/SDfR/assignment6/install/image_functions_sdfr/share/image_functions_sdfr/environment/path.dsv
[33.751s] -- Installing: /home/jordan/SDfR/assignment6/install/image_functions_sdfr/share/image_functions_sdfr/local_setup.bash
[33.752s] -- Installing: /home/jordan/SDfR/assignment6/install/image_functions_sdfr/share/image_functions_sdfr/local_setup.sh
[33.753s] -- Installing: /home/jordan/SDfR/assignment6/install/image_functions_sdfr/share/image_functions_sdfr/local_setup.zsh
[33.753s] -- Installing: /home/jordan/SDfR/assignment6/install/image_functions_sdfr/share/image_functions_sdfr/local_setup.dsv
[33.754s] -- Installing: /home/jordan/SDfR/assignment6/install/image_functions_sdfr/share/image_functions_sdfr/package.dsv
[33.756s] -- Installing: /home/jordan/SDfR/assignment6/install/image_functions_sdfr/share/ament_index/resource_index/packages/image_functions_sdfr
[33.758s] -- Installing: /home/jordan/SDfR/assignment6/install/image_functions_sdfr/share/image_functions_sdfr/cmake/export_image_functions_sdfrExport.cmake
[33.759s] -- Installing: /home/jordan/SDfR/assignment6/install/image_functions_sdfr/share/image_functions_sdfr/cmake/export_image_functions_sdfrExport-noconfig.cmake
[33.759s] -- Installing: /home/jordan/SDfR/assignment6/install/image_functions_sdfr/share/image_functions_sdfr/cmake/ament_cmake_export_include_directories-extras.cmake
[33.760s] -- Installing: /home/jordan/SDfR/assignment6/install/image_functions_sdfr/share/image_functions_sdfr/cmake/ament_cmake_export_libraries-extras.cmake
[33.760s] -- Installing: /home/jordan/SDfR/assignment6/install/image_functions_sdfr/share/image_functions_sdfr/cmake/ament_cmake_export_targets-extras.cmake
[33.761s] -- Installing: /home/jordan/SDfR/assignment6/install/image_functions_sdfr/share/image_functions_sdfr/cmake/ament_cmake_export_dependencies-extras.cmake
[33.762s] -- Installing: /home/jordan/SDfR/assignment6/install/image_functions_sdfr/share/image_functions_sdfr/cmake/image_functions_sdfrConfig.cmake
[33.762s] -- Installing: /home/jordan/SDfR/assignment6/install/image_functions_sdfr/share/image_functions_sdfr/cmake/image_functions_sdfrConfig-version.cmake
[33.763s] -- Installing: /home/jordan/SDfR/assignment6/install/image_functions_sdfr/share/image_functions_sdfr/package.xml
[33.771s] Invoked command in '/home/jordan/SDfR/assignment6/build/image_functions_sdfr' returned '0': CMAKE_PREFIX_PATH=/opt/ros/humble /usr/bin/cmake --install /home/jordan/SDfR/assignment6/build/image_functions_sdfr
