[0.117s] Invoking command in '/home/jordan/SDfR/assignment6/build/xrf2_msgs': CMAKE_PREFIX_PATH=/opt/ros/humble /usr/bin/cmake --build /home/jordan/SDfR/assignment6/build/xrf2_msgs -- -j16 -l16
[0.255s] Consolidate compiler generated dependencies of target xrf2_msgs__rosidl_generator_c
[0.282s] [  2%] Built target xrf2_msgs__cpp
[0.290s] [ 12%] Built target xrf2_msgs__rosidl_generator_c
[0.317s] [ 12%] Built target ament_cmake_python_copy_xrf2_msgs
[0.328s] Consolidate compiler generated dependencies of target xrf2_msgs__rosidl_typesupport_introspection_cpp
[0.328s] Consolidate compiler generated dependencies of target xrf2_msgs__rosidl_typesupport_fastrtps_cpp
[0.329s] Consolidate compiler generated dependencies of target xrf2_msgs__rosidl_typesupport_c
[0.330s] Consolidate compiler generated dependencies of target xrf2_msgs__rosidl_typesupport_cpp
[0.331s] Consolidate compiler generated dependencies of target xrf2_msgs__rosidl_typesupport_introspection_c
[0.337s] Consolidate compiler generated dependencies of target xrf2_msgs__rosidl_typesupport_fastrtps_c
[0.368s] [ 38%] Built target xrf2_msgs__rosidl_typesupport_c
[0.368s] [ 53%] Built target xrf2_msgs__rosidl_typesupport_introspection_cpp
[0.368s] [ 53%] Built target xrf2_msgs__rosidl_typesupport_introspection_c
[0.369s] [ 53%] Built target xrf2_msgs__rosidl_typesupport_fastrtps_cpp
[0.370s] [ 64%] Built target xrf2_msgs__rosidl_typesupport_cpp
[0.380s] [ 74%] Built target xrf2_msgs__rosidl_typesupport_fastrtps_c
[0.435s] [ 74%] Built target xrf2_msgs
[0.494s] [ 76%] Built target xrf2_msgs__py
[0.538s] Consolidate compiler generated dependencies of target xrf2_msgs__rosidl_generator_py
[0.578s] [ 84%] Built target xrf2_msgs__rosidl_generator_py
[0.624s] Consolidate compiler generated dependencies of target xrf2_msgs__rosidl_typesupport_fastrtps_c__pyext
[0.625s] Consolidate compiler generated dependencies of target xrf2_msgs__rosidl_typesupport_introspection_c__pyext
[0.625s] Consolidate compiler generated dependencies of target xrf2_msgs__rosidl_typesupport_c__pyext
[0.667s] [ 94%] Built target xrf2_msgs__rosidl_typesupport_c__pyext
[0.667s] [ 94%] Built target xrf2_msgs__rosidl_typesupport_fastrtps_c__pyext
[0.667s] [100%] Built target xrf2_msgs__rosidl_typesupport_introspection_c__pyext
[1.034s] running egg_info
[1.036s] writing xrf2_msgs.egg-info/PKG-INFO
[1.037s] writing dependency_links to xrf2_msgs.egg-info/dependency_links.txt
[1.037s] writing top-level names to xrf2_msgs.egg-info/top_level.txt
[1.043s] reading manifest file 'xrf2_msgs.egg-info/SOURCES.txt'
[1.045s] writing manifest file 'xrf2_msgs.egg-info/SOURCES.txt'
[1.112s] [100%] Built target ament_cmake_python_build_xrf2_msgs_egg
[1.146s] Invoked command in '/home/jordan/SDfR/assignment6/build/xrf2_msgs' returned '0': CMAKE_PREFIX_PATH=/opt/ros/humble /usr/bin/cmake --build /home/jordan/SDfR/assignment6/build/xrf2_msgs -- -j16 -l16
[1.215s] Invoking command in '/home/jordan/SDfR/assignment6/build/xrf2_msgs': CMAKE_PREFIX_PATH=/opt/ros/humble /usr/bin/cmake --install /home/jordan/SDfR/assignment6/build/xrf2_msgs
[1.241s] -- Install configuration: ""
[1.242s] -- Up-to-date: /home/jordan/SDfR/assignment6/install/xrf2_msgs/share/ament_index/resource_index/rosidl_interfaces/xrf2_msgs
[1.243s] -- Up-to-date: /home/jordan/SDfR/assignment6/install/xrf2_msgs/include/xrf2_msgs/xrf2_msgs
[1.244s] -- Up-to-date: /home/jordan/SDfR/assignment6/install/xrf2_msgs/include/xrf2_msgs/xrf2_msgs/msg
[1.244s] -- Up-to-date: /home/jordan/SDfR/assignment6/install/xrf2_msgs/include/xrf2_msgs/xrf2_msgs/msg/rosidl_generator_c__visibility_control.h
[1.245s] -- Up-to-date: /home/jordan/SDfR/assignment6/install/xrf2_msgs/include/xrf2_msgs/xrf2_msgs/msg/detail
[1.246s] -- Up-to-date: /home/jordan/SDfR/assignment6/install/xrf2_msgs/include/xrf2_msgs/xrf2_msgs/msg/detail/ros2_xeno__type_support.h
[1.247s] -- Up-to-date: /home/jordan/SDfR/assignment6/install/xrf2_msgs/include/xrf2_msgs/xrf2_msgs/msg/detail/xeno2_ros__functions.h
[1.248s] -- Up-to-date: /home/jordan/SDfR/assignment6/install/xrf2_msgs/include/xrf2_msgs/xrf2_msgs/msg/detail/ros2_xeno__struct.h
[1.248s] -- Up-to-date: /home/jordan/SDfR/assignment6/install/xrf2_msgs/include/xrf2_msgs/xrf2_msgs/msg/detail/xeno2_ros__functions.c
[1.251s] -- Up-to-date: /home/jordan/SDfR/assignment6/install/xrf2_msgs/include/xrf2_msgs/xrf2_msgs/msg/detail/ros2_xeno__functions.c
[1.253s] -- Up-to-date: /home/jordan/SDfR/assignment6/install/xrf2_msgs/include/xrf2_msgs/xrf2_msgs/msg/detail/xeno2_ros__type_support.h
[1.253s] -- Up-to-date: /home/jordan/SDfR/assignment6/install/xrf2_msgs/include/xrf2_msgs/xrf2_msgs/msg/detail/xeno2_ros__struct.h
[1.254s] -- Up-to-date: /home/jordan/SDfR/assignment6/install/xrf2_msgs/include/xrf2_msgs/xrf2_msgs/msg/detail/ros2_xeno__functions.h
[1.255s] -- Up-to-date: /home/jordan/SDfR/assignment6/install/xrf2_msgs/include/xrf2_msgs/xrf2_msgs/msg/ros2_xeno.h
[1.255s] -- Up-to-date: /home/jordan/SDfR/assignment6/install/xrf2_msgs/include/xrf2_msgs/xrf2_msgs/msg/xeno2_ros.h
[1.256s] -- Up-to-date: /home/jordan/SDfR/assignment6/install/xrf2_msgs/share/xrf2_msgs/environment/library_path.sh
[1.257s] -- Up-to-date: /home/jordan/SDfR/assignment6/install/xrf2_msgs/share/xrf2_msgs/environment/library_path.dsv
[1.257s] -- Up-to-date: /home/jordan/SDfR/assignment6/install/xrf2_msgs/lib/libxrf2_msgs__rosidl_generator_c.so
[1.258s] -- Up-to-date: /home/jordan/SDfR/assignment6/install/xrf2_msgs/include/xrf2_msgs/xrf2_msgs
[1.259s] -- Up-to-date: /home/jordan/SDfR/assignment6/install/xrf2_msgs/include/xrf2_msgs/xrf2_msgs/msg
[1.259s] -- Up-to-date: /home/jordan/SDfR/assignment6/install/xrf2_msgs/include/xrf2_msgs/xrf2_msgs/msg/detail
[1.260s] -- Up-to-date: /home/jordan/SDfR/assignment6/install/xrf2_msgs/include/xrf2_msgs/xrf2_msgs/msg/detail/ros2_xeno__rosidl_typesupport_fastrtps_c.h
[1.260s] -- Up-to-date: /home/jordan/SDfR/assignment6/install/xrf2_msgs/include/xrf2_msgs/xrf2_msgs/msg/detail/xeno2_ros__rosidl_typesupport_fastrtps_c.h
[1.261s] -- Up-to-date: /home/jordan/SDfR/assignment6/install/xrf2_msgs/include/xrf2_msgs/xrf2_msgs/msg/rosidl_typesupport_fastrtps_c__visibility_control.h
[1.262s] -- Up-to-date: /home/jordan/SDfR/assignment6/install/xrf2_msgs/lib/libxrf2_msgs__rosidl_typesupport_fastrtps_c.so
[1.264s] -- Up-to-date: /home/jordan/SDfR/assignment6/install/xrf2_msgs/include/xrf2_msgs/xrf2_msgs
[1.265s] -- Up-to-date: /home/jordan/SDfR/assignment6/install/xrf2_msgs/include/xrf2_msgs/xrf2_msgs/msg
[1.265s] -- Up-to-date: /home/jordan/SDfR/assignment6/install/xrf2_msgs/include/xrf2_msgs/xrf2_msgs/msg/rosidl_typesupport_introspection_c__visibility_control.h
[1.265s] -- Up-to-date: /home/jordan/SDfR/assignment6/install/xrf2_msgs/include/xrf2_msgs/xrf2_msgs/msg/detail
[1.265s] -- Up-to-date: /home/jordan/SDfR/assignment6/install/xrf2_msgs/include/xrf2_msgs/xrf2_msgs/msg/detail/ros2_xeno__rosidl_typesupport_introspection_c.h
[1.266s] -- Up-to-date: /home/jordan/SDfR/assignment6/install/xrf2_msgs/include/xrf2_msgs/xrf2_msgs/msg/detail/ros2_xeno__type_support.c
[1.266s] -- Up-to-date: /home/jordan/SDfR/assignment6/install/xrf2_msgs/include/xrf2_msgs/xrf2_msgs/msg/detail/xeno2_ros__type_support.c
[1.267s] -- Up-to-date: /home/jordan/SDfR/assignment6/install/xrf2_msgs/include/xrf2_msgs/xrf2_msgs/msg/detail/xeno2_ros__rosidl_typesupport_introspection_c.h
[1.268s] -- Up-to-date: /home/jordan/SDfR/assignment6/install/xrf2_msgs/lib/libxrf2_msgs__rosidl_typesupport_introspection_c.so
[1.268s] -- Up-to-date: /home/jordan/SDfR/assignment6/install/xrf2_msgs/lib/libxrf2_msgs__rosidl_typesupport_c.so
[1.268s] -- Up-to-date: /home/jordan/SDfR/assignment6/install/xrf2_msgs/include/xrf2_msgs/xrf2_msgs
[1.269s] -- Up-to-date: /home/jordan/SDfR/assignment6/install/xrf2_msgs/include/xrf2_msgs/xrf2_msgs/msg
[1.269s] -- Up-to-date: /home/jordan/SDfR/assignment6/install/xrf2_msgs/include/xrf2_msgs/xrf2_msgs/msg/rosidl_generator_cpp__visibility_control.hpp
[1.269s] -- Up-to-date: /home/jordan/SDfR/assignment6/install/xrf2_msgs/include/xrf2_msgs/xrf2_msgs/msg/ros2_xeno.hpp
[1.270s] -- Up-to-date: /home/jordan/SDfR/assignment6/install/xrf2_msgs/include/xrf2_msgs/xrf2_msgs/msg/detail
[1.270s] -- Up-to-date: /home/jordan/SDfR/assignment6/install/xrf2_msgs/include/xrf2_msgs/xrf2_msgs/msg/detail/ros2_xeno__struct.hpp
[1.270s] -- Up-to-date: /home/jordan/SDfR/assignment6/install/xrf2_msgs/include/xrf2_msgs/xrf2_msgs/msg/detail/ros2_xeno__traits.hpp
[1.271s] -- Up-to-date: /home/jordan/SDfR/assignment6/install/xrf2_msgs/include/xrf2_msgs/xrf2_msgs/msg/detail/xeno2_ros__traits.hpp
[1.271s] -- Up-to-date: /home/jordan/SDfR/assignment6/install/xrf2_msgs/include/xrf2_msgs/xrf2_msgs/msg/detail/xeno2_ros__builder.hpp
[1.271s] -- Up-to-date: /home/jordan/SDfR/assignment6/install/xrf2_msgs/include/xrf2_msgs/xrf2_msgs/msg/detail/ros2_xeno__type_support.hpp
[1.271s] -- Up-to-date: /home/jordan/SDfR/assignment6/install/xrf2_msgs/include/xrf2_msgs/xrf2_msgs/msg/detail/ros2_xeno__builder.hpp
[1.271s] -- Up-to-date: /home/jordan/SDfR/assignment6/install/xrf2_msgs/include/xrf2_msgs/xrf2_msgs/msg/detail/xeno2_ros__struct.hpp
[1.272s] -- Up-to-date: /home/jordan/SDfR/assignment6/install/xrf2_msgs/include/xrf2_msgs/xrf2_msgs/msg/detail/xeno2_ros__type_support.hpp
[1.272s] -- Up-to-date: /home/jordan/SDfR/assignment6/install/xrf2_msgs/include/xrf2_msgs/xrf2_msgs/msg/xeno2_ros.hpp
[1.272s] -- Up-to-date: /home/jordan/SDfR/assignment6/install/xrf2_msgs/include/xrf2_msgs/xrf2_msgs
[1.273s] -- Up-to-date: /home/jordan/SDfR/assignment6/install/xrf2_msgs/include/xrf2_msgs/xrf2_msgs/msg
[1.273s] -- Up-to-date: /home/jordan/SDfR/assignment6/install/xrf2_msgs/include/xrf2_msgs/xrf2_msgs/msg/detail
[1.273s] -- Up-to-date: /home/jordan/SDfR/assignment6/install/xrf2_msgs/include/xrf2_msgs/xrf2_msgs/msg/detail/ros2_xeno__rosidl_typesupport_fastrtps_cpp.hpp
[1.273s] -- Up-to-date: /home/jordan/SDfR/assignment6/install/xrf2_msgs/include/xrf2_msgs/xrf2_msgs/msg/detail/xeno2_ros__rosidl_typesupport_fastrtps_cpp.hpp
[1.273s] -- Up-to-date: /home/jordan/SDfR/assignment6/install/xrf2_msgs/include/xrf2_msgs/xrf2_msgs/msg/detail/dds_fastrtps
[1.274s] -- Up-to-date: /home/jordan/SDfR/assignment6/install/xrf2_msgs/include/xrf2_msgs/xrf2_msgs/msg/rosidl_typesupport_fastrtps_cpp__visibility_control.h
[1.274s] -- Up-to-date: /home/jordan/SDfR/assignment6/install/xrf2_msgs/lib/libxrf2_msgs__rosidl_typesupport_fastrtps_cpp.so
[1.274s] -- Up-to-date: /home/jordan/SDfR/assignment6/install/xrf2_msgs/include/xrf2_msgs/xrf2_msgs
[1.274s] -- Up-to-date: /home/jordan/SDfR/assignment6/install/xrf2_msgs/include/xrf2_msgs/xrf2_msgs/msg
[1.274s] -- Up-to-date: /home/jordan/SDfR/assignment6/install/xrf2_msgs/include/xrf2_msgs/xrf2_msgs/msg/detail
[1.275s] -- Up-to-date: /home/jordan/SDfR/assignment6/install/xrf2_msgs/include/xrf2_msgs/xrf2_msgs/msg/detail/xeno2_ros__type_support.cpp
[1.275s] -- Up-to-date: /home/jordan/SDfR/assignment6/install/xrf2_msgs/include/xrf2_msgs/xrf2_msgs/msg/detail/ros2_xeno__rosidl_typesupport_introspection_cpp.hpp
[1.275s] -- Up-to-date: /home/jordan/SDfR/assignment6/install/xrf2_msgs/include/xrf2_msgs/xrf2_msgs/msg/detail/ros2_xeno__type_support.cpp
[1.275s] -- Up-to-date: /home/jordan/SDfR/assignment6/install/xrf2_msgs/include/xrf2_msgs/xrf2_msgs/msg/detail/xeno2_ros__rosidl_typesupport_introspection_cpp.hpp
[1.276s] -- Up-to-date: /home/jordan/SDfR/assignment6/install/xrf2_msgs/lib/libxrf2_msgs__rosidl_typesupport_introspection_cpp.so
[1.276s] -- Up-to-date: /home/jordan/SDfR/assignment6/install/xrf2_msgs/lib/libxrf2_msgs__rosidl_typesupport_cpp.so
[1.276s] -- Up-to-date: /home/jordan/SDfR/assignment6/install/xrf2_msgs/share/xrf2_msgs/environment/pythonpath.sh
[1.277s] -- Up-to-date: /home/jordan/SDfR/assignment6/install/xrf2_msgs/share/xrf2_msgs/environment/pythonpath.dsv
[1.277s] -- Up-to-date: /home/jordan/SDfR/assignment6/install/xrf2_msgs/local/lib/python3.10/dist-packages/xrf2_msgs-0.0.0-py3.10.egg-info
[1.277s] -- Installing: /home/jordan/SDfR/assignment6/install/xrf2_msgs/local/lib/python3.10/dist-packages/xrf2_msgs-0.0.0-py3.10.egg-info/top_level.txt
[1.277s] -- Installing: /home/jordan/SDfR/assignment6/install/xrf2_msgs/local/lib/python3.10/dist-packages/xrf2_msgs-0.0.0-py3.10.egg-info/SOURCES.txt
[1.277s] -- Installing: /home/jordan/SDfR/assignment6/install/xrf2_msgs/local/lib/python3.10/dist-packages/xrf2_msgs-0.0.0-py3.10.egg-info/PKG-INFO
[1.278s] -- Installing: /home/jordan/SDfR/assignment6/install/xrf2_msgs/local/lib/python3.10/dist-packages/xrf2_msgs-0.0.0-py3.10.egg-info/dependency_links.txt
[1.278s] -- Up-to-date: /home/jordan/SDfR/assignment6/install/xrf2_msgs/local/lib/python3.10/dist-packages/xrf2_msgs
[1.278s] -- Up-to-date: /home/jordan/SDfR/assignment6/install/xrf2_msgs/local/lib/python3.10/dist-packages/xrf2_msgs/xrf2_msgs_s__rosidl_typesupport_introspection_c.cpython-310-x86_64-linux-gnu.so
[1.279s] -- Up-to-date: /home/jordan/SDfR/assignment6/install/xrf2_msgs/local/lib/python3.10/dist-packages/xrf2_msgs/msg
[1.279s] -- Up-to-date: /home/jordan/SDfR/assignment6/install/xrf2_msgs/local/lib/python3.10/dist-packages/xrf2_msgs/msg/_ros2_xeno_s.c
[1.279s] -- Up-to-date: /home/jordan/SDfR/assignment6/install/xrf2_msgs/local/lib/python3.10/dist-packages/xrf2_msgs/msg/_xeno2_ros_s.c
[1.280s] -- Up-to-date: /home/jordan/SDfR/assignment6/install/xrf2_msgs/local/lib/python3.10/dist-packages/xrf2_msgs/msg/__init__.py
[1.280s] -- Up-to-date: /home/jordan/SDfR/assignment6/install/xrf2_msgs/local/lib/python3.10/dist-packages/xrf2_msgs/msg/_xeno2_ros.py
[1.280s] -- Up-to-date: /home/jordan/SDfR/assignment6/install/xrf2_msgs/local/lib/python3.10/dist-packages/xrf2_msgs/msg/_ros2_xeno.py
[1.280s] -- Up-to-date: /home/jordan/SDfR/assignment6/install/xrf2_msgs/local/lib/python3.10/dist-packages/xrf2_msgs/xrf2_msgs_s__rosidl_typesupport_c.cpython-310-x86_64-linux-gnu.so
[1.281s] -- Up-to-date: /home/jordan/SDfR/assignment6/install/xrf2_msgs/local/lib/python3.10/dist-packages/xrf2_msgs/libxrf2_msgs__rosidl_generator_py.so
[1.281s] -- Up-to-date: /home/jordan/SDfR/assignment6/install/xrf2_msgs/local/lib/python3.10/dist-packages/xrf2_msgs/xrf2_msgs_s__rosidl_typesupport_fastrtps_c.cpython-310-x86_64-linux-gnu.so
[1.281s] -- Up-to-date: /home/jordan/SDfR/assignment6/install/xrf2_msgs/local/lib/python3.10/dist-packages/xrf2_msgs/_xrf2_msgs_s.ep.rosidl_typesupport_introspection_c.c
[1.281s] -- Up-to-date: /home/jordan/SDfR/assignment6/install/xrf2_msgs/local/lib/python3.10/dist-packages/xrf2_msgs/_xrf2_msgs_s.ep.rosidl_typesupport_c.c
[1.281s] -- Up-to-date: /home/jordan/SDfR/assignment6/install/xrf2_msgs/local/lib/python3.10/dist-packages/xrf2_msgs/__init__.py
[1.281s] -- Up-to-date: /home/jordan/SDfR/assignment6/install/xrf2_msgs/local/lib/python3.10/dist-packages/xrf2_msgs/_xrf2_msgs_s.ep.rosidl_typesupport_fastrtps_c.c
[1.346s] Listing '/home/jordan/SDfR/assignment6/install/xrf2_msgs/local/lib/python3.10/dist-packages/xrf2_msgs'...
[1.346s] Listing '/home/jordan/SDfR/assignment6/install/xrf2_msgs/local/lib/python3.10/dist-packages/xrf2_msgs/msg'...
[1.359s] -- Up-to-date: /home/jordan/SDfR/assignment6/install/xrf2_msgs/local/lib/python3.10/dist-packages/xrf2_msgs/xrf2_msgs_s__rosidl_typesupport_fastrtps_c.cpython-310-x86_64-linux-gnu.so
[1.360s] -- Up-to-date: /home/jordan/SDfR/assignment6/install/xrf2_msgs/local/lib/python3.10/dist-packages/xrf2_msgs/xrf2_msgs_s__rosidl_typesupport_introspection_c.cpython-310-x86_64-linux-gnu.so
[1.361s] -- Up-to-date: /home/jordan/SDfR/assignment6/install/xrf2_msgs/local/lib/python3.10/dist-packages/xrf2_msgs/xrf2_msgs_s__rosidl_typesupport_c.cpython-310-x86_64-linux-gnu.so
[1.363s] -- Up-to-date: /home/jordan/SDfR/assignment6/install/xrf2_msgs/lib/libxrf2_msgs__rosidl_generator_py.so
[1.365s] -- Up-to-date: /home/jordan/SDfR/assignment6/install/xrf2_msgs/share/xrf2_msgs/msg/Ros2Xeno.idl
[1.366s] -- Up-to-date: /home/jordan/SDfR/assignment6/install/xrf2_msgs/share/xrf2_msgs/msg/Xeno2Ros.idl
[1.367s] -- Up-to-date: /home/jordan/SDfR/assignment6/install/xrf2_msgs/share/xrf2_msgs/msg/Ros2Xeno.msg
[1.367s] -- Up-to-date: /home/jordan/SDfR/assignment6/install/xrf2_msgs/share/xrf2_msgs/msg/Xeno2Ros.msg
[1.368s] -- Up-to-date: /home/jordan/SDfR/assignment6/install/xrf2_msgs/share/ament_index/resource_index/package_run_dependencies/xrf2_msgs
[1.368s] -- Up-to-date: /home/jordan/SDfR/assignment6/install/xrf2_msgs/share/ament_index/resource_index/parent_prefix_path/xrf2_msgs
[1.369s] -- Up-to-date: /home/jordan/SDfR/assignment6/install/xrf2_msgs/share/xrf2_msgs/environment/ament_prefix_path.sh
[1.371s] -- Up-to-date: /home/jordan/SDfR/assignment6/install/xrf2_msgs/share/xrf2_msgs/environment/ament_prefix_path.dsv
[1.371s] -- Up-to-date: /home/jordan/SDfR/assignment6/install/xrf2_msgs/share/xrf2_msgs/environment/path.sh
[1.372s] -- Up-to-date: /home/jordan/SDfR/assignment6/install/xrf2_msgs/share/xrf2_msgs/environment/path.dsv
[1.373s] -- Up-to-date: /home/jordan/SDfR/assignment6/install/xrf2_msgs/share/xrf2_msgs/local_setup.bash
[1.374s] -- Up-to-date: /home/jordan/SDfR/assignment6/install/xrf2_msgs/share/xrf2_msgs/local_setup.sh
[1.376s] -- Up-to-date: /home/jordan/SDfR/assignment6/install/xrf2_msgs/share/xrf2_msgs/local_setup.zsh
[1.377s] -- Up-to-date: /home/jordan/SDfR/assignment6/install/xrf2_msgs/share/xrf2_msgs/local_setup.dsv
[1.377s] -- Installing: /home/jordan/SDfR/assignment6/install/xrf2_msgs/share/xrf2_msgs/package.dsv
[1.377s] -- Up-to-date: /home/jordan/SDfR/assignment6/install/xrf2_msgs/share/ament_index/resource_index/packages/xrf2_msgs
[1.378s] -- Up-to-date: /home/jordan/SDfR/assignment6/install/xrf2_msgs/share/xrf2_msgs/cmake/export_xrf2_msgs__rosidl_generator_cExport.cmake
[1.378s] -- Up-to-date: /home/jordan/SDfR/assignment6/install/xrf2_msgs/share/xrf2_msgs/cmake/export_xrf2_msgs__rosidl_generator_cExport-noconfig.cmake
[1.378s] -- Up-to-date: /home/jordan/SDfR/assignment6/install/xrf2_msgs/share/xrf2_msgs/cmake/export_xrf2_msgs__rosidl_typesupport_fastrtps_cExport.cmake
[1.378s] -- Up-to-date: /home/jordan/SDfR/assignment6/install/xrf2_msgs/share/xrf2_msgs/cmake/export_xrf2_msgs__rosidl_typesupport_fastrtps_cExport-noconfig.cmake
[1.379s] -- Up-to-date: /home/jordan/SDfR/assignment6/install/xrf2_msgs/share/xrf2_msgs/cmake/xrf2_msgs__rosidl_typesupport_introspection_cExport.cmake
[1.379s] -- Up-to-date: /home/jordan/SDfR/assignment6/install/xrf2_msgs/share/xrf2_msgs/cmake/xrf2_msgs__rosidl_typesupport_introspection_cExport-noconfig.cmake
[1.379s] -- Up-to-date: /home/jordan/SDfR/assignment6/install/xrf2_msgs/share/xrf2_msgs/cmake/xrf2_msgs__rosidl_typesupport_cExport.cmake
[1.380s] -- Up-to-date: /home/jordan/SDfR/assignment6/install/xrf2_msgs/share/xrf2_msgs/cmake/xrf2_msgs__rosidl_typesupport_cExport-noconfig.cmake
[1.380s] -- Up-to-date: /home/jordan/SDfR/assignment6/install/xrf2_msgs/share/xrf2_msgs/cmake/export_xrf2_msgs__rosidl_generator_cppExport.cmake
[1.380s] -- Up-to-date: /home/jordan/SDfR/assignment6/install/xrf2_msgs/share/xrf2_msgs/cmake/export_xrf2_msgs__rosidl_typesupport_fastrtps_cppExport.cmake
[1.380s] -- Up-to-date: /home/jordan/SDfR/assignment6/install/xrf2_msgs/share/xrf2_msgs/cmake/export_xrf2_msgs__rosidl_typesupport_fastrtps_cppExport-noconfig.cmake
[1.381s] -- Up-to-date: /home/jordan/SDfR/assignment6/install/xrf2_msgs/share/xrf2_msgs/cmake/xrf2_msgs__rosidl_typesupport_introspection_cppExport.cmake
[1.381s] -- Up-to-date: /home/jordan/SDfR/assignment6/install/xrf2_msgs/share/xrf2_msgs/cmake/xrf2_msgs__rosidl_typesupport_introspection_cppExport-noconfig.cmake
[1.381s] -- Up-to-date: /home/jordan/SDfR/assignment6/install/xrf2_msgs/share/xrf2_msgs/cmake/xrf2_msgs__rosidl_typesupport_cppExport.cmake
[1.381s] -- Up-to-date: /home/jordan/SDfR/assignment6/install/xrf2_msgs/share/xrf2_msgs/cmake/xrf2_msgs__rosidl_typesupport_cppExport-noconfig.cmake
[1.383s] -- Up-to-date: /home/jordan/SDfR/assignment6/install/xrf2_msgs/share/xrf2_msgs/cmake/export_xrf2_msgs__rosidl_generator_pyExport.cmake
[1.383s] -- Up-to-date: /home/jordan/SDfR/assignment6/install/xrf2_msgs/share/xrf2_msgs/cmake/export_xrf2_msgs__rosidl_generator_pyExport-noconfig.cmake
[1.384s] -- Up-to-date: /home/jordan/SDfR/assignment6/install/xrf2_msgs/share/xrf2_msgs/cmake/rosidl_cmake-extras.cmake
[1.384s] -- Up-to-date: /home/jordan/SDfR/assignment6/install/xrf2_msgs/share/xrf2_msgs/cmake/ament_cmake_export_include_directories-extras.cmake
[1.384s] -- Up-to-date: /home/jordan/SDfR/assignment6/install/xrf2_msgs/share/xrf2_msgs/cmake/ament_cmake_export_libraries-extras.cmake
[1.385s] -- Up-to-date: /home/jordan/SDfR/assignment6/install/xrf2_msgs/share/xrf2_msgs/cmake/ament_cmake_export_targets-extras.cmake
[1.385s] -- Up-to-date: /home/jordan/SDfR/assignment6/install/xrf2_msgs/share/xrf2_msgs/cmake/rosidl_cmake_export_typesupport_targets-extras.cmake
[1.385s] -- Up-to-date: /home/jordan/SDfR/assignment6/install/xrf2_msgs/share/xrf2_msgs/cmake/ament_cmake_export_dependencies-extras.cmake
[1.385s] -- Up-to-date: /home/jordan/SDfR/assignment6/install/xrf2_msgs/share/xrf2_msgs/cmake/rosidl_cmake_export_typesupport_libraries-extras.cmake
[1.385s] -- Up-to-date: /home/jordan/SDfR/assignment6/install/xrf2_msgs/share/xrf2_msgs/cmake/xrf2_msgsConfig.cmake
[1.385s] -- Up-to-date: /home/jordan/SDfR/assignment6/install/xrf2_msgs/share/xrf2_msgs/cmake/xrf2_msgsConfig-version.cmake
[1.386s] -- Up-to-date: /home/jordan/SDfR/assignment6/install/xrf2_msgs/share/xrf2_msgs/package.xml
[2.653s] Invoked command in '/home/jordan/SDfR/assignment6/build/xrf2_msgs' returned '0': CMAKE_PREFIX_PATH=/opt/ros/humble /usr/bin/cmake --install /home/jordan/SDfR/assignment6/build/xrf2_msgs
