[0.049s] Invoking command in '/home/jordan/SDfR/assignment6/build/green_object_detector': CMAKE_PREFIX_PATH=/opt/ros/humble /usr/bin/cmake /home/jordan/SDfR/assignment6/src/green_object_detector -DCMAKE_INSTALL_PREFIX=/home/jordan/SDfR/assignment6/install/green_object_detector
[0.238s] -- The C compiler identification is GNU 11.4.0
[1.070s] -- The CXX compiler identification is GNU 11.4.0
[1.646s] -- Detecting C compiler ABI info
[1.893s] -- Detecting C compiler ABI info - done
[1.899s] -- Check for working C compiler: /usr/bin/cc - skipped
[1.899s] -- Detecting C compile features
[1.899s] -- Detecting C compile features - done
[1.903s] -- Detecting CXX compiler ABI info
[2.148s] -- Detecting CXX compiler ABI info - done
[2.159s] -- Check for working CXX compiler: /usr/bin/c++ - skipped
[2.159s] -- Detecting CXX compile features
[2.159s] -- Detecting CXX compile features - done
[2.163s] -- Found ament_cmake: 1.3.13 (/opt/ros/humble/share/ament_cmake/cmake)
[2.343s] -- Found Python3: /usr/bin/python3 (found version "3.10.12") found components: Interpreter 
[2.451s] -- Found rclcpp: 16.0.18 (/opt/ros/humble/share/rclcpp/cmake)
[2.694s] -- Found rosidl_generator_c: 3.1.8 (/opt/ros/humble/share/rosidl_generator_c/cmake)
[2.698s] -- Found rosidl_adapter: 3.1.8 (/opt/ros/humble/share/rosidl_adapter/cmake)
[2.706s] -- Found rosidl_generator_cpp: 3.1.8 (/opt/ros/humble/share/rosidl_generator_cpp/cmake)
[2.719s] -- Using all available rosidl_typesupport_c: rosidl_typesupport_fastrtps_c;rosidl_typesupport_introspection_c
[2.736s] -- Using all available rosidl_typesupport_cpp: rosidl_typesupport_fastrtps_cpp;rosidl_typesupport_introspection_cpp
[2.782s] -- Found rmw_implementation_cmake: 6.1.2 (/opt/ros/humble/share/rmw_implementation_cmake/cmake)
[2.784s] -- Found rmw_fastrtps_cpp: 6.2.10 (/opt/ros/humble/share/rmw_fastrtps_cpp/cmake)
[3.958s] -- Found OpenSSL: /usr/lib/x86_64-linux-gnu/libcrypto.so (found version "3.0.2")  
[5.277s] -- Found FastRTPS: /opt/ros/humble/include  
[7.352s] -- Using RMW implementation 'rmw_fastrtps_cpp' as default
[7.360s] -- Looking for pthread.h
[7.549s] -- Looking for pthread.h - found
[7.550s] -- Performing Test CMAKE_HAVE_LIBC_PTHREAD
[7.750s] -- Performing Test CMAKE_HAVE_LIBC_PTHREAD - Success
[7.751s] -- Found Threads: TRUE  
[7.805s] -- Found sensor_msgs: 4.9.1 (/opt/ros/humble/share/sensor_msgs/cmake)
[7.841s] -- Found cv_bridge: 3.2.1 (/opt/ros/humble/share/cv_bridge/cmake)
[7.855s] -- Found OpenCV: /usr (found version "4.5.4") 
[7.857s] -- Found ament_lint_auto: 0.12.15 (/opt/ros/humble/share/ament_lint_auto/cmake)
[7.943s] -- Added test 'cppcheck' to perform static code analysis on C / C++ code
[7.944s] -- Configured cppcheck include dirs: 
[7.944s] -- Configured cppcheck exclude dirs and/or files: 
[7.945s] -- Added test 'lint_cmake' to check CMake code style
[7.946s] -- Added test 'uncrustify' to check C / C++ code style
[7.946s] -- Configured uncrustify additional arguments: 
[7.947s] -- Added test 'xmllint' to check XML markup files
[7.950s] -- Configuring done
[7.971s] -- Generating done
[7.978s] -- Build files have been written to: /home/jordan/SDfR/assignment6/build/green_object_detector
