[0.040s] Invoking command in '/home/jordan/SDfR/assignment6/build/relbot_simulator': CMAKE_PREFIX_PATH=/opt/ros/humble /usr/bin/cmake /home/jordan/SDfR/assignment6/src/relbot_simulator -DCMAKE_INSTALL_PREFIX=/home/jordan/SDfR/assignment6/install/relbot_simulator
[0.273s] -- The C compiler identification is GNU 11.4.0
[1.040s] -- The CXX compiler identification is GNU 11.4.0
[1.472s] -- Detecting C compiler ABI info
[1.688s] -- Detecting C compiler ABI info - done
[1.694s] -- Check for working C compiler: /usr/bin/cc - skipped
[1.694s] -- Detecting C compile features
[1.695s] -- Detecting C compile features - done
[1.698s] -- Detecting CXX compiler ABI info
[1.951s] -- Detecting CXX compiler ABI info - done
[1.960s] -- Check for working CXX compiler: /usr/bin/c++ - skipped
[1.961s] -- Detecting CXX compile features
[1.961s] -- Detecting CXX compile features - done
[1.963s] -- Found ament_cmake: 1.3.13 (/opt/ros/humble/share/ament_cmake/cmake)
[2.124s] -- Found Python3: /usr/bin/python3 (found version "3.10.12") found components: Interpreter 
[2.214s] -- Found rclcpp: 16.0.18 (/opt/ros/humble/share/rclcpp/cmake)
[2.469s] -- Found rosidl_generator_c: 3.1.8 (/opt/ros/humble/share/rosidl_generator_c/cmake)
[2.473s] -- Found rosidl_adapter: 3.1.8 (/opt/ros/humble/share/rosidl_adapter/cmake)
[2.481s] -- Found rosidl_generator_cpp: 3.1.8 (/opt/ros/humble/share/rosidl_generator_cpp/cmake)
[2.492s] -- Using all available rosidl_typesupport_c: rosidl_typesupport_fastrtps_c;rosidl_typesupport_introspection_c
[2.506s] -- Using all available rosidl_typesupport_cpp: rosidl_typesupport_fastrtps_cpp;rosidl_typesupport_introspection_cpp
[2.545s] -- Found rmw_implementation_cmake: 6.1.2 (/opt/ros/humble/share/rmw_implementation_cmake/cmake)
[2.547s] -- Found rmw_fastrtps_cpp: 6.2.10 (/opt/ros/humble/share/rmw_fastrtps_cpp/cmake)
[3.388s] -- Found OpenSSL: /usr/lib/x86_64-linux-gnu/libcrypto.so (found version "3.0.2")  
[4.319s] -- Found FastRTPS: /opt/ros/humble/include  
[5.917s] -- Using RMW implementation 'rmw_fastrtps_cpp' as default
[5.927s] -- Looking for pthread.h
[6.125s] -- Looking for pthread.h - found
[6.125s] -- Performing Test CMAKE_HAVE_LIBC_PTHREAD
[6.314s] -- Performing Test CMAKE_HAVE_LIBC_PTHREAD - Success
[6.315s] -- Found Threads: TRUE  
[6.380s] -- Found example_interfaces: 0.9.3 (/opt/ros/humble/share/example_interfaces/cmake)
[6.433s] -- Found geometry_msgs: 4.9.1 (/opt/ros/humble/share/geometry_msgs/cmake)
[6.449s] -- Found sensor_msgs: 4.9.1 (/opt/ros/humble/share/sensor_msgs/cmake)
[6.475s] -- Found OpenCV: /usr (found version "4.5.4") found components: core highgui imgcodecs imgproc videoio 
[6.476s] -- Found cv_bridge: 3.2.1 (/opt/ros/humble/share/cv_bridge/cmake)
[6.481s] -- Found ament_lint_auto: 0.12.15 (/opt/ros/humble/share/ament_lint_auto/cmake)
[6.558s] -- Added test 'copyright' to check source files copyright and LICENSE
[6.561s] -- Added test 'cppcheck' to perform static code analysis on C / C++ code
[6.561s] -- Configured cppcheck include dirs: /home/jordan/SDfR/assignment6/src/relbot_simulator/include;/home/jordan/SDfR/assignment6/src/relbot_simulator/common;$<BUILD_INTERFACE:/home/jordan/SDfR/assignment6/src/relbot_simulator/include>;$<BUILD_INTERFACE:/home/jordan/SDfR/assignment6/src/relbot_simulator/common>
[6.561s] -- Configured cppcheck exclude dirs and/or files: 
[6.563s] -- Added test 'cpplint' to check C / C++ code against the Google style
[6.563s] -- Configured cpplint exclude dirs and/or files: 
[6.567s] -- Added test 'lint_cmake' to check CMake code style
[6.568s] -- Added test 'uncrustify' to check C / C++ code style
[6.568s] -- Configured uncrustify additional arguments: 
[6.568s] -- Added test 'xmllint' to check XML markup files
[6.570s] -- Configuring done
[6.589s] -- Generating done
[6.596s] -- Build files have been written to: /home/jordan/SDfR/assignment6/build/relbot_simulator
[6.610s] Invoked command in '/home/jordan/SDfR/assignment6/build/relbot_simulator' returned '0': CMAKE_PREFIX_PATH=/opt/ros/humble /usr/bin/cmake /home/jordan/SDfR/assignment6/src/relbot_simulator -DCMAKE_INSTALL_PREFIX=/home/jordan/SDfR/assignment6/install/relbot_simulator
[6.612s] Invoking command in '/home/jordan/SDfR/assignment6/build/relbot_simulator': CMAKE_PREFIX_PATH=/opt/ros/humble /usr/bin/cmake --build /home/jordan/SDfR/assignment6/build/relbot_simulator -- -j16 -l16
[6.677s] [ 22%] [32mBuilding CXX object CMakeFiles/relbot_simulator.dir/src/Plant.cpp.o[0m
[6.677s] [ 22%] [32mBuilding CXX object CMakeFiles/relbot_simulator.dir/common/xxfuncs.cpp.o[0m
[6.677s] [ 33%] [32mBuilding CXX object CMakeFiles/relbot_simulator.dir/src/relbot_simulator.cpp.o[0m
[6.677s] [ 44%] [32mBuilding CXX object CMakeFiles/relbot_simulator.dir/common/MotionProfiles.cpp.o[0m
[6.678s] [ 55%] [32mBuilding CXX object CMakeFiles/relbot_simulator.dir/common/EulerAngles.cpp.o[0m
[6.678s] [ 66%] [32mBuilding CXX object CMakeFiles/relbot_simulator.dir/common/xxinteg.cpp.o[0m
[6.678s] [ 77%] [32mBuilding CXX object CMakeFiles/relbot_simulator.dir/common/xxinverse.cpp.o[0m
[6.679s] [ 88%] [32mBuilding CXX object CMakeFiles/relbot_simulator.dir/common/xxmatrix.cpp.o[0m
[20.586s] [100%] [32m[1mLinking CXX executable relbot_simulator[0m
[21.680s] [100%] Built target relbot_simulator
[21.694s] Invoked command in '/home/jordan/SDfR/assignment6/build/relbot_simulator' returned '0': CMAKE_PREFIX_PATH=/opt/ros/humble /usr/bin/cmake --build /home/jordan/SDfR/assignment6/build/relbot_simulator -- -j16 -l16
[21.696s] Invoking command in '/home/jordan/SDfR/assignment6/build/relbot_simulator': CMAKE_PREFIX_PATH=/opt/ros/humble /usr/bin/cmake --install /home/jordan/SDfR/assignment6/build/relbot_simulator
[21.703s] -- Install configuration: ""
[21.705s] -- Installing: /home/jordan/SDfR/assignment6/install/relbot_simulator/lib/relbot_simulator/relbot_simulator
[21.716s] -- Set runtime path of "/home/jordan/SDfR/assignment6/install/relbot_simulator/lib/relbot_simulator/relbot_simulator" to ""
[21.717s] -- Installing: /home/jordan/SDfR/assignment6/install/relbot_simulator/include
[21.717s] -- Installing: /home/jordan/SDfR/assignment6/install/relbot_simulator/include/xxtypes.h
[21.717s] -- Installing: /home/jordan/SDfR/assignment6/install/relbot_simulator/include/xxfuncs.h
[21.717s] -- Installing: /home/jordan/SDfR/assignment6/install/relbot_simulator/include/EulerAngles.h
[21.718s] -- Installing: /home/jordan/SDfR/assignment6/install/relbot_simulator/include/xxinteg.cpp
[21.718s] -- Installing: /home/jordan/SDfR/assignment6/install/relbot_simulator/include/MotionProfiles.h
[21.718s] -- Installing: /home/jordan/SDfR/assignment6/install/relbot_simulator/include/xxmatrix.cpp
[21.718s] -- Installing: /home/jordan/SDfR/assignment6/install/relbot_simulator/include/xxinverse.cpp
[21.719s] -- Installing: /home/jordan/SDfR/assignment6/install/relbot_simulator/include/xxmatrix.h
[21.719s] -- Installing: /home/jordan/SDfR/assignment6/install/relbot_simulator/include/EulerAngles.cpp
[21.719s] -- Installing: /home/jordan/SDfR/assignment6/install/relbot_simulator/include/xxinverse.h
[21.719s] -- Installing: /home/jordan/SDfR/assignment6/install/relbot_simulator/include/xxfuncs.cpp
[21.720s] -- Installing: /home/jordan/SDfR/assignment6/install/relbot_simulator/include/xxmodel.h
[21.720s] -- Installing: /home/jordan/SDfR/assignment6/install/relbot_simulator/include/MotionProfiles.cpp
[21.720s] -- Installing: /home/jordan/SDfR/assignment6/install/relbot_simulator/include/xxinteg.h
[21.722s] -- Installing: /home/jordan/SDfR/assignment6/install/relbot_simulator/share/ament_index/resource_index/package_run_dependencies/relbot_simulator
[21.722s] -- Installing: /home/jordan/SDfR/assignment6/install/relbot_simulator/share/ament_index/resource_index/parent_prefix_path/relbot_simulator
[21.723s] -- Installing: /home/jordan/SDfR/assignment6/install/relbot_simulator/share/relbot_simulator/environment/ament_prefix_path.sh
[21.724s] -- Installing: /home/jordan/SDfR/assignment6/install/relbot_simulator/share/relbot_simulator/environment/ament_prefix_path.dsv
[21.724s] -- Installing: /home/jordan/SDfR/assignment6/install/relbot_simulator/share/relbot_simulator/environment/path.sh
[21.724s] -- Installing: /home/jordan/SDfR/assignment6/install/relbot_simulator/share/relbot_simulator/environment/path.dsv
[21.724s] -- Installing: /home/jordan/SDfR/assignment6/install/relbot_simulator/share/relbot_simulator/local_setup.bash
[21.724s] -- Installing: /home/jordan/SDfR/assignment6/install/relbot_simulator/share/relbot_simulator/local_setup.sh
[21.725s] -- Installing: /home/jordan/SDfR/assignment6/install/relbot_simulator/share/relbot_simulator/local_setup.zsh
[21.725s] -- Installing: /home/jordan/SDfR/assignment6/install/relbot_simulator/share/relbot_simulator/local_setup.dsv
[21.725s] -- Installing: /home/jordan/SDfR/assignment6/install/relbot_simulator/share/relbot_simulator/package.dsv
[21.726s] -- Installing: /home/jordan/SDfR/assignment6/install/relbot_simulator/share/ament_index/resource_index/packages/relbot_simulator
[21.726s] -- Installing: /home/jordan/SDfR/assignment6/install/relbot_simulator/share/relbot_simulator/cmake/relbot_simulatorConfig.cmake
[21.726s] -- Installing: /home/jordan/SDfR/assignment6/install/relbot_simulator/share/relbot_simulator/cmake/relbot_simulatorConfig-version.cmake
[21.727s] -- Installing: /home/jordan/SDfR/assignment6/install/relbot_simulator/share/relbot_simulator/package.xml
[21.730s] Invoked command in '/home/jordan/SDfR/assignment6/build/relbot_simulator' returned '0': CMAKE_PREFIX_PATH=/opt/ros/humble /usr/bin/cmake --install /home/jordan/SDfR/assignment6/build/relbot_simulator
