[0.048s] Invoking command in '/home/jordan/SDfR/assignment6/build/relbot_simulator': CMAKE_PREFIX_PATH=/opt/ros/humble /usr/bin/cmake /home/jordan/SDfR/assignment6/src/relbot_simulator -DCMAKE_INSTALL_PREFIX=/home/jordan/SDfR/assignment6/install/relbot_simulator
[0.220s] -- The C compiler identification is GNU 11.4.0
[1.051s] -- The CXX compiler identification is GNU 11.4.0
[1.738s] -- Detecting C compiler ABI info
[1.941s] -- Detecting C compiler ABI info - done
[1.947s] -- Check for working C compiler: /usr/bin/cc - skipped
[1.948s] -- Detecting C compile features
[1.948s] -- Detecting C compile features - done
[1.951s] -- Detecting CXX compiler ABI info
[2.170s] -- Detecting CXX compiler ABI info - done
[2.177s] -- Check for working CXX compiler: /usr/bin/c++ - skipped
[2.177s] -- Detecting CXX compile features
[2.178s] -- Detecting CXX compile features - done
[2.180s] -- Found ament_cmake: 1.3.13 (/opt/ros/humble/share/ament_cmake/cmake)
[2.363s] -- Found Python3: /usr/bin/python3 (found version "3.10.12") found components: Interpreter 
[2.487s] -- Found rclcpp: 16.0.18 (/opt/ros/humble/share/rclcpp/cmake)
[2.719s] -- Found rosidl_generator_c: 3.1.8 (/opt/ros/humble/share/rosidl_generator_c/cmake)
[2.724s] -- Found rosidl_adapter: 3.1.8 (/opt/ros/humble/share/rosidl_adapter/cmake)
[2.732s] -- Found rosidl_generator_cpp: 3.1.8 (/opt/ros/humble/share/rosidl_generator_cpp/cmake)
[2.748s] -- Using all available rosidl_typesupport_c: rosidl_typesupport_fastrtps_c;rosidl_typesupport_introspection_c
[2.766s] -- Using all available rosidl_typesupport_cpp: rosidl_typesupport_fastrtps_cpp;rosidl_typesupport_introspection_cpp
[2.815s] -- Found rmw_implementation_cmake: 6.1.2 (/opt/ros/humble/share/rmw_implementation_cmake/cmake)
[2.818s] -- Found rmw_fastrtps_cpp: 6.2.10 (/opt/ros/humble/share/rmw_fastrtps_cpp/cmake)
[3.978s] -- Found OpenSSL: /usr/lib/x86_64-linux-gnu/libcrypto.so (found version "3.0.2")  
[6.133s] -- Found FastRTPS: /opt/ros/humble/include  
[8.148s] -- Using RMW implementation 'rmw_fastrtps_cpp' as default
[8.156s] -- Looking for pthread.h
[8.347s] -- Looking for pthread.h - found
[8.348s] -- Performing Test CMAKE_HAVE_LIBC_PTHREAD
[8.522s] -- Performing Test CMAKE_HAVE_LIBC_PTHREAD - Success
[8.523s] -- Found Threads: TRUE  
[8.565s] -- Found example_interfaces: 0.9.3 (/opt/ros/humble/share/example_interfaces/cmake)
[8.599s] -- Found geometry_msgs: 4.9.1 (/opt/ros/humble/share/geometry_msgs/cmake)
[8.611s] -- Found sensor_msgs: 4.9.1 (/opt/ros/humble/share/sensor_msgs/cmake)
[8.631s] -- Found OpenCV: /usr (found version "4.5.4") found components: core highgui imgcodecs imgproc videoio 
[8.632s] -- Found cv_bridge: 3.2.1 (/opt/ros/humble/share/cv_bridge/cmake)
[8.636s] -- Found ament_lint_auto: 0.12.15 (/opt/ros/humble/share/ament_lint_auto/cmake)
[8.711s] -- Added test 'copyright' to check source files copyright and LICENSE
[8.714s] -- Added test 'cppcheck' to perform static code analysis on C / C++ code
[8.714s] -- Configured cppcheck include dirs: /home/jordan/SDfR/assignment6/src/relbot_simulator/include;/home/jordan/SDfR/assignment6/src/relbot_simulator/common;$<BUILD_INTERFACE:/home/jordan/SDfR/assignment6/src/relbot_simulator/include>;$<BUILD_INTERFACE:/home/jordan/SDfR/assignment6/src/relbot_simulator/common>
[8.714s] -- Configured cppcheck exclude dirs and/or files: 
[8.716s] -- Added test 'cpplint' to check C / C++ code against the Google style
[8.716s] -- Configured cpplint exclude dirs and/or files: 
[8.718s] -- Added test 'lint_cmake' to check CMake code style
[8.720s] -- Added test 'uncrustify' to check C / C++ code style
[8.720s] -- Configured uncrustify additional arguments: 
[8.721s] -- Added test 'xmllint' to check XML markup files
[8.724s] -- Configuring done
[8.743s] -- Generating done
[8.751s] -- Build files have been written to: /home/jordan/SDfR/assignment6/build/relbot_simulator
