[0.112s] Invoking command in '/home/jordan/SDfR/assignment6/build/relbot_simulator': CMAKE_PREFIX_PATH=${CMAKE_PREFIX_PATH}:/opt/ros/humble /usr/bin/cmake --build /home/jordan/SDfR/assignment6/build/relbot_simulator -- -j16 -l16
[0.343s] [100%] Built target relbot_simulator
[0.425s] Invoked command in '/home/jordan/SDfR/assignment6/build/relbot_simulator' returned '0': CMAKE_PREFIX_PATH=${CMAKE_PREFIX_PATH}:/opt/ros/humble /usr/bin/cmake --build /home/jordan/SDfR/assignment6/build/relbot_simulator -- -j16 -l16
[0.431s] Invoking command in '/home/jordan/SDfR/assignment6/build/relbot_simulator': CMAKE_PREFIX_PATH=${CMAKE_PREFIX_PATH}:/opt/ros/humble /usr/bin/cmake --install /home/jordan/SDfR/assignment6/build/relbot_simulator
[0.526s] -- Install configuration: ""
[0.526s] -- Up-to-date: /home/jordan/SDfR/assignment6/install/relbot_simulator/lib/relbot_simulator/relbot_simulator
[0.527s] -- Up-to-date: /home/jordan/SDfR/assignment6/install/relbot_simulator/include
[0.528s] -- Up-to-date: /home/jordan/SDfR/assignment6/install/relbot_simulator/include/xxtypes.h
[0.528s] -- Up-to-date: /home/jordan/SDfR/assignment6/install/relbot_simulator/include/xxfuncs.h
[0.529s] -- Up-to-date: /home/jordan/SDfR/assignment6/install/relbot_simulator/include/EulerAngles.h
[0.530s] -- Up-to-date: /home/jordan/SDfR/assignment6/install/relbot_simulator/include/xxinteg.cpp
[0.531s] -- Up-to-date: /home/jordan/SDfR/assignment6/install/relbot_simulator/include/MotionProfiles.h
[0.532s] -- Up-to-date: /home/jordan/SDfR/assignment6/install/relbot_simulator/include/xxmatrix.cpp
[0.534s] -- Up-to-date: /home/jordan/SDfR/assignment6/install/relbot_simulator/include/xxinverse.cpp
[0.535s] -- Up-to-date: /home/jordan/SDfR/assignment6/install/relbot_simulator/include/xxmatrix.h
[0.536s] -- Up-to-date: /home/jordan/SDfR/assignment6/install/relbot_simulator/include/EulerAngles.cpp
[0.538s] -- Up-to-date: /home/jordan/SDfR/assignment6/install/relbot_simulator/include/xxinverse.h
[0.539s] -- Up-to-date: /home/jordan/SDfR/assignment6/install/relbot_simulator/include/xxfuncs.cpp
[0.540s] -- Up-to-date: /home/jordan/SDfR/assignment6/install/relbot_simulator/include/xxmodel.h
[0.541s] -- Up-to-date: /home/jordan/SDfR/assignment6/install/relbot_simulator/include/MotionProfiles.cpp
[0.543s] -- Up-to-date: /home/jordan/SDfR/assignment6/install/relbot_simulator/include/xxinteg.h
[0.544s] -- Up-to-date: /home/jordan/SDfR/assignment6/install/relbot_simulator/share/ament_index/resource_index/package_run_dependencies/relbot_simulator
[0.548s] -- Up-to-date: /home/jordan/SDfR/assignment6/install/relbot_simulator/share/ament_index/resource_index/parent_prefix_path/relbot_simulator
[0.551s] -- Up-to-date: /home/jordan/SDfR/assignment6/install/relbot_simulator/share/relbot_simulator/environment/ament_prefix_path.sh
[0.552s] -- Up-to-date: /home/jordan/SDfR/assignment6/install/relbot_simulator/share/relbot_simulator/environment/ament_prefix_path.dsv
[0.553s] -- Up-to-date: /home/jordan/SDfR/assignment6/install/relbot_simulator/share/relbot_simulator/environment/path.sh
[0.554s] -- Up-to-date: /home/jordan/SDfR/assignment6/install/relbot_simulator/share/relbot_simulator/environment/path.dsv
[0.554s] -- Up-to-date: /home/jordan/SDfR/assignment6/install/relbot_simulator/share/relbot_simulator/local_setup.bash
[0.554s] -- Up-to-date: /home/jordan/SDfR/assignment6/install/relbot_simulator/share/relbot_simulator/local_setup.sh
[0.555s] -- Up-to-date: /home/jordan/SDfR/assignment6/install/relbot_simulator/share/relbot_simulator/local_setup.zsh
[0.556s] -- Up-to-date: /home/jordan/SDfR/assignment6/install/relbot_simulator/share/relbot_simulator/local_setup.dsv
[0.558s] -- Installing: /home/jordan/SDfR/assignment6/install/relbot_simulator/share/relbot_simulator/package.dsv
[0.562s] -- Up-to-date: /home/jordan/SDfR/assignment6/install/relbot_simulator/share/ament_index/resource_index/packages/relbot_simulator
[0.563s] -- Up-to-date: /home/jordan/SDfR/assignment6/install/relbot_simulator/share/relbot_simulator/cmake/relbot_simulatorConfig.cmake
[0.564s] -- Up-to-date: /home/jordan/SDfR/assignment6/install/relbot_simulator/share/relbot_simulator/cmake/relbot_simulatorConfig-version.cmake
[0.566s] -- Up-to-date: /home/jordan/SDfR/assignment6/install/relbot_simulator/share/relbot_simulator/package.xml
[0.685s] Invoked command in '/home/jordan/SDfR/assignment6/build/relbot_simulator' returned '0': CMAKE_PREFIX_PATH=${CMAKE_PREFIX_PATH}:/opt/ros/humble /usr/bin/cmake --install /home/jordan/SDfR/assignment6/build/relbot_simulator
