[0.035s] Invoking command in '/home/jordan/SDfR/assignment6/build/relbot_sequence_controller': CMAKE_PREFIX_PATH=/opt/ros/humble /usr/bin/cmake /home/jordan/SDfR/assignment6/src/relbot_sequence_controller -DCMAKE_INSTALL_PREFIX=/home/jordan/SDfR/assignment6/install/relbot_sequence_controller
[0.277s] -- The C compiler identification is GNU 11.4.0
[0.914s] -- The CXX compiler identification is GNU 11.4.0
[1.283s] -- Detecting C compiler ABI info
[1.544s] -- Detecting C compiler ABI info - done
[1.549s] -- Check for working C compiler: /usr/bin/cc - skipped
[1.550s] -- Detecting C compile features
[1.550s] -- Detecting C compile features - done
[1.554s] -- Detecting CXX compiler ABI info
[1.805s] -- Detecting CXX compiler ABI info - done
[1.811s] -- Check for working CXX compiler: /usr/bin/c++ - skipped
[1.811s] -- Detecting CXX compile features
[1.811s] -- Detecting CXX compile features - done
[1.815s] -- Found ament_cmake: 1.3.13 (/opt/ros/humble/share/ament_cmake/cmake)
[1.981s] -- Found Python3: /usr/bin/python3 (found version "3.10.12") found components: Interpreter 
[2.106s] -- Found rclcpp: 16.0.18 (/opt/ros/humble/share/rclcpp/cmake)
[2.401s] -- Found rosidl_generator_c: 3.1.8 (/opt/ros/humble/share/rosidl_generator_c/cmake)
[2.408s] -- Found rosidl_adapter: 3.1.8 (/opt/ros/humble/share/rosidl_adapter/cmake)
[2.421s] -- Found rosidl_generator_cpp: 3.1.8 (/opt/ros/humble/share/rosidl_generator_cpp/cmake)
[2.438s] -- Using all available rosidl_typesupport_c: rosidl_typesupport_fastrtps_c;rosidl_typesupport_introspection_c
[2.460s] -- Using all available rosidl_typesupport_cpp: rosidl_typesupport_fastrtps_cpp;rosidl_typesupport_introspection_cpp
[2.521s] -- Found rmw_implementation_cmake: 6.1.2 (/opt/ros/humble/share/rmw_implementation_cmake/cmake)
[2.525s] -- Found rmw_fastrtps_cpp: 6.2.10 (/opt/ros/humble/share/rmw_fastrtps_cpp/cmake)
[3.391s] -- Found OpenSSL: /usr/lib/x86_64-linux-gnu/libcrypto.so (found version "3.0.2")  
[4.322s] -- Found FastRTPS: /opt/ros/humble/include  
[5.920s] -- Using RMW implementation 'rmw_fastrtps_cpp' as default
[5.931s] -- Looking for pthread.h
[6.125s] -- Looking for pthread.h - found
[6.125s] -- Performing Test CMAKE_HAVE_LIBC_PTHREAD
[6.317s] -- Performing Test CMAKE_HAVE_LIBC_PTHREAD - Success
[6.318s] -- Found Threads: TRUE  
[6.383s] -- Found example_interfaces: 0.9.3 (/opt/ros/humble/share/example_interfaces/cmake)
[6.436s] -- Found geometry_msgs: 4.9.1 (/opt/ros/humble/share/geometry_msgs/cmake)
[6.453s] -- Found ament_lint_auto: 0.12.15 (/opt/ros/humble/share/ament_lint_auto/cmake)
[6.527s] -- Added test 'cppcheck' to perform static code analysis on C / C++ code
[6.527s] -- Configured cppcheck include dirs: /home/jordan/SDfR/assignment6/src/relbot_sequence_controller/include
[6.528s] -- Configured cppcheck exclude dirs and/or files: 
[6.529s] -- Added test 'lint_cmake' to check CMake code style
[6.530s] -- Added test 'uncrustify' to check C / C++ code style
[6.530s] -- Configured uncrustify additional arguments: 
[6.531s] -- Added test 'xmllint' to check XML markup files
[6.533s] -- Configuring done
[6.551s] -- Generating done
[6.556s] -- Build files have been written to: /home/jordan/SDfR/assignment6/build/relbot_sequence_controller
[6.569s] Invoked command in '/home/jordan/SDfR/assignment6/build/relbot_sequence_controller' returned '0': CMAKE_PREFIX_PATH=/opt/ros/humble /usr/bin/cmake /home/jordan/SDfR/assignment6/src/relbot_sequence_controller -DCMAKE_INSTALL_PREFIX=/home/jordan/SDfR/assignment6/install/relbot_sequence_controller
[6.571s] Invoking command in '/home/jordan/SDfR/assignment6/build/relbot_sequence_controller': CMAKE_PREFIX_PATH=/opt/ros/humble /usr/bin/cmake --build /home/jordan/SDfR/assignment6/build/relbot_sequence_controller -- -j16 -l16
[6.629s] [ 50%] [32mBuilding CXX object CMakeFiles/relbot_sequence_controller.dir/src/relbot_sequence_controller.cpp.o[0m
[17.085s] [100%] [32m[1mLinking CXX executable relbot_sequence_controller[0m
[17.697s] [100%] Built target relbot_sequence_controller
[17.717s] Invoked command in '/home/jordan/SDfR/assignment6/build/relbot_sequence_controller' returned '0': CMAKE_PREFIX_PATH=/opt/ros/humble /usr/bin/cmake --build /home/jordan/SDfR/assignment6/build/relbot_sequence_controller -- -j16 -l16
[17.719s] Invoking command in '/home/jordan/SDfR/assignment6/build/relbot_sequence_controller': CMAKE_PREFIX_PATH=/opt/ros/humble /usr/bin/cmake --install /home/jordan/SDfR/assignment6/build/relbot_sequence_controller
[17.727s] -- Install configuration: ""
[17.728s] -- Installing: /home/jordan/SDfR/assignment6/install/relbot_sequence_controller/lib/relbot_sequence_controller/relbot_sequence_controller
[17.737s] -- Set runtime path of "/home/jordan/SDfR/assignment6/install/relbot_sequence_controller/lib/relbot_sequence_controller/relbot_sequence_controller" to ""
[17.739s] -- Installing: /home/jordan/SDfR/assignment6/install/relbot_sequence_controller/share/ament_index/resource_index/package_run_dependencies/relbot_sequence_controller
[17.740s] -- Installing: /home/jordan/SDfR/assignment6/install/relbot_sequence_controller/share/ament_index/resource_index/parent_prefix_path/relbot_sequence_controller
[17.741s] -- Installing: /home/jordan/SDfR/assignment6/install/relbot_sequence_controller/share/relbot_sequence_controller/environment/ament_prefix_path.sh
[17.741s] -- Installing: /home/jordan/SDfR/assignment6/install/relbot_sequence_controller/share/relbot_sequence_controller/environment/ament_prefix_path.dsv
[17.741s] -- Installing: /home/jordan/SDfR/assignment6/install/relbot_sequence_controller/share/relbot_sequence_controller/environment/path.sh
[17.741s] -- Installing: /home/jordan/SDfR/assignment6/install/relbot_sequence_controller/share/relbot_sequence_controller/environment/path.dsv
[17.742s] -- Installing: /home/jordan/SDfR/assignment6/install/relbot_sequence_controller/share/relbot_sequence_controller/local_setup.bash
[17.742s] -- Installing: /home/jordan/SDfR/assignment6/install/relbot_sequence_controller/share/relbot_sequence_controller/local_setup.sh
[17.742s] -- Installing: /home/jordan/SDfR/assignment6/install/relbot_sequence_controller/share/relbot_sequence_controller/local_setup.zsh
[17.742s] -- Installing: /home/jordan/SDfR/assignment6/install/relbot_sequence_controller/share/relbot_sequence_controller/local_setup.dsv
[17.743s] -- Installing: /home/jordan/SDfR/assignment6/install/relbot_sequence_controller/share/relbot_sequence_controller/package.dsv
[17.743s] -- Installing: /home/jordan/SDfR/assignment6/install/relbot_sequence_controller/share/ament_index/resource_index/packages/relbot_sequence_controller
[17.744s] -- Installing: /home/jordan/SDfR/assignment6/install/relbot_sequence_controller/share/relbot_sequence_controller/cmake/relbot_sequence_controllerConfig.cmake
[17.744s] -- Installing: /home/jordan/SDfR/assignment6/install/relbot_sequence_controller/share/relbot_sequence_controller/cmake/relbot_sequence_controllerConfig-version.cmake
[17.744s] -- Installing: /home/jordan/SDfR/assignment6/install/relbot_sequence_controller/share/relbot_sequence_controller/package.xml
[17.747s] Invoked command in '/home/jordan/SDfR/assignment6/build/relbot_sequence_controller' returned '0': CMAKE_PREFIX_PATH=/opt/ros/humble /usr/bin/cmake --install /home/jordan/SDfR/assignment6/build/relbot_sequence_controller
