[0.078s] Invoking command in '/home/sdfr-ppd-01/SDfR/assignment6/build/relbot_msgs': CMAKE_PREFIX_PATH=${CMAKE_PREFIX_PATH}:/opt/ros/humble /usr/bin/cmake --build /home/sdfr-ppd-01/SDfR/assignment6/build/relbot_msgs -- -j3 -l3
[0.359s] [  2%] Built target relbot_msgs__cpp
[0.459s] [ 12%] Built target relbot_msgs__rosidl_generator_c
[0.580s] [ 23%] Built target relbot_msgs__rosidl_typesupport_cpp
[0.583s] [ 23%] Built target ament_cmake_python_copy_relbot_msgs
[0.589s] [ 33%] Built target relbot_msgs__rosidl_typesupport_fastrtps_cpp
[0.639s] [ 43%] Built target relbot_msgs__rosidl_typesupport_introspection_cpp
[0.717s] [ 53%] Built target relbot_msgs__rosidl_typesupport_fastrtps_c
[0.762s] [ 64%] Built target relbot_msgs__rosidl_typesupport_introspection_c
[0.786s] [ 74%] Built target relbot_msgs__rosidl_typesupport_c
[0.909s] [ 74%] Built target relbot_msgs
[1.101s] [ 76%] Built target relbot_msgs__py
[1.227s] [ 84%] Built target relbot_msgs__rosidl_generator_py
[1.348s] [ 89%] Built target relbot_msgs__rosidl_typesupport_introspection_c__pyext
[1.361s] [ 94%] Built target relbot_msgs__rosidl_typesupport_fastrtps_c__pyext
[1.419s] [100%] Built target relbot_msgs__rosidl_typesupport_c__pyext
[2.367s] running egg_info
[2.371s] writing relbot_msgs.egg-info/PKG-INFO
[2.373s] writing dependency_links to relbot_msgs.egg-info/dependency_links.txt
[2.375s] writing top-level names to relbot_msgs.egg-info/top_level.txt
[2.386s] reading manifest file 'relbot_msgs.egg-info/SOURCES.txt'
[2.390s] writing manifest file 'relbot_msgs.egg-info/SOURCES.txt'
[2.605s] [100%] Built target ament_cmake_python_build_relbot_msgs_egg
[2.669s] Invoked command in '/home/sdfr-ppd-01/SDfR/assignment6/build/relbot_msgs' returned '0': CMAKE_PREFIX_PATH=${CMAKE_PREFIX_PATH}:/opt/ros/humble /usr/bin/cmake --build /home/sdfr-ppd-01/SDfR/assignment6/build/relbot_msgs -- -j3 -l3
[2.673s] Invoking command in '/home/sdfr-ppd-01/SDfR/assignment6/build/relbot_msgs': CMAKE_PREFIX_PATH=${CMAKE_PREFIX_PATH}:/opt/ros/humble /usr/bin/cmake --install /home/sdfr-ppd-01/SDfR/assignment6/build/relbot_msgs
[2.723s] -- Install configuration: ""
[2.743s] -- Up-to-date: /home/sdfr-ppd-01/SDfR/assignment6/install/relbot_msgs/share/ament_index/resource_index/rosidl_interfaces/relbot_msgs
[2.748s] -- Up-to-date: /home/sdfr-ppd-01/SDfR/assignment6/install/relbot_msgs/include/relbot_msgs/relbot_msgs
[2.751s] -- Up-to-date: /home/sdfr-ppd-01/SDfR/assignment6/install/relbot_msgs/include/relbot_msgs/relbot_msgs/msg
[2.754s] -- Up-to-date: /home/sdfr-ppd-01/SDfR/assignment6/install/relbot_msgs/include/relbot_msgs/relbot_msgs/msg/rosidl_generator_c__visibility_control.h
[2.759s] -- Up-to-date: /home/sdfr-ppd-01/SDfR/assignment6/install/relbot_msgs/include/relbot_msgs/relbot_msgs/msg/detail
[2.768s] -- Up-to-date: /home/sdfr-ppd-01/SDfR/assignment6/install/relbot_msgs/include/relbot_msgs/relbot_msgs/msg/detail/relbot_motors_stamped__struct.h
[2.791s] -- Up-to-date: /home/sdfr-ppd-01/SDfR/assignment6/install/relbot_msgs/include/relbot_msgs/relbot_msgs/msg/detail/relbot_motors__type_support.h
[2.797s] -- Up-to-date: /home/sdfr-ppd-01/SDfR/assignment6/install/relbot_msgs/include/relbot_msgs/relbot_msgs/msg/detail/relbot_motors__struct.h
[2.800s] -- Up-to-date: /home/sdfr-ppd-01/SDfR/assignment6/install/relbot_msgs/include/relbot_msgs/relbot_msgs/msg/detail/relbot_motors__functions.h
[2.808s] -- Up-to-date: /home/sdfr-ppd-01/SDfR/assignment6/install/relbot_msgs/include/relbot_msgs/relbot_msgs/msg/detail/relbot_motors__functions.c
[2.816s] -- Up-to-date: /home/sdfr-ppd-01/SDfR/assignment6/install/relbot_msgs/include/relbot_msgs/relbot_msgs/msg/detail/relbot_motors_stamped__functions.c
[2.820s] -- Up-to-date: /home/sdfr-ppd-01/SDfR/assignment6/install/relbot_msgs/include/relbot_msgs/relbot_msgs/msg/detail/relbot_motors_stamped__type_support.h
[2.835s] -- Up-to-date: /home/sdfr-ppd-01/SDfR/assignment6/install/relbot_msgs/include/relbot_msgs/relbot_msgs/msg/detail/relbot_motors_stamped__functions.h
[2.837s] -- Up-to-date: /home/sdfr-ppd-01/SDfR/assignment6/install/relbot_msgs/include/relbot_msgs/relbot_msgs/msg/relbot_motors.h
[2.947s] -- Up-to-date: /home/sdfr-ppd-01/SDfR/assignment6/install/relbot_msgs/include/relbot_msgs/relbot_msgs/msg/relbot_motors_stamped.h
[2.982s] -- Up-to-date: /home/sdfr-ppd-01/SDfR/assignment6/install/relbot_msgs/share/relbot_msgs/environment/library_path.sh
[2.988s] -- Up-to-date: /home/sdfr-ppd-01/SDfR/assignment6/install/relbot_msgs/share/relbot_msgs/environment/library_path.dsv
[3.015s] -- Up-to-date: /home/sdfr-ppd-01/SDfR/assignment6/install/relbot_msgs/lib/librelbot_msgs__rosidl_generator_c.so
[3.019s] -- Up-to-date: /home/sdfr-ppd-01/SDfR/assignment6/install/relbot_msgs/include/relbot_msgs/relbot_msgs
[3.027s] -- Up-to-date: /home/sdfr-ppd-01/SDfR/assignment6/install/relbot_msgs/include/relbot_msgs/relbot_msgs/msg
[3.029s] -- Up-to-date: /home/sdfr-ppd-01/SDfR/assignment6/install/relbot_msgs/include/relbot_msgs/relbot_msgs/msg/detail
[3.030s] -- Up-to-date: /home/sdfr-ppd-01/SDfR/assignment6/install/relbot_msgs/include/relbot_msgs/relbot_msgs/msg/detail/relbot_motors__rosidl_typesupport_fastrtps_c.h
[3.032s] -- Up-to-date: /home/sdfr-ppd-01/SDfR/assignment6/install/relbot_msgs/include/relbot_msgs/relbot_msgs/msg/detail/relbot_motors_stamped__rosidl_typesupport_fastrtps_c.h
[3.034s] -- Up-to-date: /home/sdfr-ppd-01/SDfR/assignment6/install/relbot_msgs/include/relbot_msgs/relbot_msgs/msg/rosidl_typesupport_fastrtps_c__visibility_control.h
[3.035s] -- Up-to-date: /home/sdfr-ppd-01/SDfR/assignment6/install/relbot_msgs/lib/librelbot_msgs__rosidl_typesupport_fastrtps_c.so
[3.048s] -- Up-to-date: /home/sdfr-ppd-01/SDfR/assignment6/install/relbot_msgs/include/relbot_msgs/relbot_msgs
[3.050s] -- Up-to-date: /home/sdfr-ppd-01/SDfR/assignment6/install/relbot_msgs/include/relbot_msgs/relbot_msgs/msg
[3.051s] -- Up-to-date: /home/sdfr-ppd-01/SDfR/assignment6/install/relbot_msgs/include/relbot_msgs/relbot_msgs/msg/detail
[3.055s] -- Up-to-date: /home/sdfr-ppd-01/SDfR/assignment6/install/relbot_msgs/include/relbot_msgs/relbot_msgs/msg/detail/relbot_motors_stamped__type_support.c
[3.057s] -- Up-to-date: /home/sdfr-ppd-01/SDfR/assignment6/install/relbot_msgs/include/relbot_msgs/relbot_msgs/msg/detail/relbot_motors_stamped__rosidl_typesupport_introspection_c.h
[3.058s] -- Up-to-date: /home/sdfr-ppd-01/SDfR/assignment6/install/relbot_msgs/include/relbot_msgs/relbot_msgs/msg/detail/relbot_motors__type_support.c
[3.060s] -- Up-to-date: /home/sdfr-ppd-01/SDfR/assignment6/install/relbot_msgs/include/relbot_msgs/relbot_msgs/msg/detail/relbot_motors__rosidl_typesupport_introspection_c.h
[3.061s] -- Up-to-date: /home/sdfr-ppd-01/SDfR/assignment6/install/relbot_msgs/include/relbot_msgs/relbot_msgs/msg/rosidl_typesupport_introspection_c__visibility_control.h
[3.062s] -- Up-to-date: /home/sdfr-ppd-01/SDfR/assignment6/install/relbot_msgs/lib/librelbot_msgs__rosidl_typesupport_introspection_c.so
[3.063s] -- Up-to-date: /home/sdfr-ppd-01/SDfR/assignment6/install/relbot_msgs/lib/librelbot_msgs__rosidl_typesupport_c.so
[3.065s] -- Up-to-date: /home/sdfr-ppd-01/SDfR/assignment6/install/relbot_msgs/include/relbot_msgs/relbot_msgs
[3.066s] -- Up-to-date: /home/sdfr-ppd-01/SDfR/assignment6/install/relbot_msgs/include/relbot_msgs/relbot_msgs/msg
[3.073s] -- Up-to-date: /home/sdfr-ppd-01/SDfR/assignment6/install/relbot_msgs/include/relbot_msgs/relbot_msgs/msg/rosidl_generator_cpp__visibility_control.hpp
[3.075s] -- Up-to-date: /home/sdfr-ppd-01/SDfR/assignment6/install/relbot_msgs/include/relbot_msgs/relbot_msgs/msg/detail
[3.079s] -- Up-to-date: /home/sdfr-ppd-01/SDfR/assignment6/install/relbot_msgs/include/relbot_msgs/relbot_msgs/msg/detail/relbot_motors_stamped__traits.hpp
[3.083s] -- Up-to-date: /home/sdfr-ppd-01/SDfR/assignment6/install/relbot_msgs/include/relbot_msgs/relbot_msgs/msg/detail/relbot_motors__builder.hpp
[3.086s] -- Up-to-date: /home/sdfr-ppd-01/SDfR/assignment6/install/relbot_msgs/include/relbot_msgs/relbot_msgs/msg/detail/relbot_motors_stamped__struct.hpp
[3.088s] -- Up-to-date: /home/sdfr-ppd-01/SDfR/assignment6/install/relbot_msgs/include/relbot_msgs/relbot_msgs/msg/detail/relbot_motors__struct.hpp
[3.098s] -- Up-to-date: /home/sdfr-ppd-01/SDfR/assignment6/install/relbot_msgs/include/relbot_msgs/relbot_msgs/msg/detail/relbot_motors_stamped__type_support.hpp
[3.102s] -- Up-to-date: /home/sdfr-ppd-01/SDfR/assignment6/install/relbot_msgs/include/relbot_msgs/relbot_msgs/msg/detail/relbot_motors_stamped__builder.hpp
[3.105s] -- Up-to-date: /home/sdfr-ppd-01/SDfR/assignment6/install/relbot_msgs/include/relbot_msgs/relbot_msgs/msg/detail/relbot_motors__traits.hpp
[3.109s] -- Up-to-date: /home/sdfr-ppd-01/SDfR/assignment6/install/relbot_msgs/include/relbot_msgs/relbot_msgs/msg/detail/relbot_motors__type_support.hpp
[3.112s] -- Up-to-date: /home/sdfr-ppd-01/SDfR/assignment6/install/relbot_msgs/include/relbot_msgs/relbot_msgs/msg/relbot_motors_stamped.hpp
[3.116s] -- Up-to-date: /home/sdfr-ppd-01/SDfR/assignment6/install/relbot_msgs/include/relbot_msgs/relbot_msgs/msg/relbot_motors.hpp
[3.119s] -- Up-to-date: /home/sdfr-ppd-01/SDfR/assignment6/install/relbot_msgs/include/relbot_msgs/relbot_msgs
[3.124s] -- Up-to-date: /home/sdfr-ppd-01/SDfR/assignment6/install/relbot_msgs/include/relbot_msgs/relbot_msgs/msg
[3.131s] -- Up-to-date: /home/sdfr-ppd-01/SDfR/assignment6/install/relbot_msgs/include/relbot_msgs/relbot_msgs/msg/detail
[3.155s] -- Up-to-date: /home/sdfr-ppd-01/SDfR/assignment6/install/relbot_msgs/include/relbot_msgs/relbot_msgs/msg/detail/relbot_motors__rosidl_typesupport_fastrtps_cpp.hpp
[3.167s] -- Up-to-date: /home/sdfr-ppd-01/SDfR/assignment6/install/relbot_msgs/include/relbot_msgs/relbot_msgs/msg/detail/relbot_motors_stamped__rosidl_typesupport_fastrtps_cpp.hpp
[3.174s] -- Up-to-date: /home/sdfr-ppd-01/SDfR/assignment6/install/relbot_msgs/include/relbot_msgs/relbot_msgs/msg/detail/dds_fastrtps
[3.184s] -- Up-to-date: /home/sdfr-ppd-01/SDfR/assignment6/install/relbot_msgs/include/relbot_msgs/relbot_msgs/msg/rosidl_typesupport_fastrtps_cpp__visibility_control.h
[3.194s] -- Up-to-date: /home/sdfr-ppd-01/SDfR/assignment6/install/relbot_msgs/lib/librelbot_msgs__rosidl_typesupport_fastrtps_cpp.so
[3.199s] -- Up-to-date: /home/sdfr-ppd-01/SDfR/assignment6/install/relbot_msgs/include/relbot_msgs/relbot_msgs
[3.205s] -- Up-to-date: /home/sdfr-ppd-01/SDfR/assignment6/install/relbot_msgs/include/relbot_msgs/relbot_msgs/msg
[3.212s] -- Up-to-date: /home/sdfr-ppd-01/SDfR/assignment6/install/relbot_msgs/include/relbot_msgs/relbot_msgs/msg/detail
[3.214s] -- Up-to-date: /home/sdfr-ppd-01/SDfR/assignment6/install/relbot_msgs/include/relbot_msgs/relbot_msgs/msg/detail/relbot_motors_stamped__type_support.cpp
[3.215s] -- Up-to-date: /home/sdfr-ppd-01/SDfR/assignment6/install/relbot_msgs/include/relbot_msgs/relbot_msgs/msg/detail/relbot_motors_stamped__rosidl_typesupport_introspection_cpp.hpp
[3.228s] -- Up-to-date: /home/sdfr-ppd-01/SDfR/assignment6/install/relbot_msgs/include/relbot_msgs/relbot_msgs/msg/detail/relbot_motors__type_support.cpp
[3.230s] -- Up-to-date: /home/sdfr-ppd-01/SDfR/assignment6/install/relbot_msgs/include/relbot_msgs/relbot_msgs/msg/detail/relbot_motors__rosidl_typesupport_introspection_cpp.hpp
[3.232s] -- Up-to-date: /home/sdfr-ppd-01/SDfR/assignment6/install/relbot_msgs/lib/librelbot_msgs__rosidl_typesupport_introspection_cpp.so
[3.234s] -- Up-to-date: /home/sdfr-ppd-01/SDfR/assignment6/install/relbot_msgs/lib/librelbot_msgs__rosidl_typesupport_cpp.so
[3.237s] -- Up-to-date: /home/sdfr-ppd-01/SDfR/assignment6/install/relbot_msgs/share/relbot_msgs/environment/pythonpath.sh
[3.245s] -- Up-to-date: /home/sdfr-ppd-01/SDfR/assignment6/install/relbot_msgs/share/relbot_msgs/environment/pythonpath.dsv
[3.250s] -- Up-to-date: /home/sdfr-ppd-01/SDfR/assignment6/install/relbot_msgs/local/lib/python3.10/dist-packages/relbot_msgs-2025.2.0-py3.10.egg-info
[3.255s] -- Installing: /home/sdfr-ppd-01/SDfR/assignment6/install/relbot_msgs/local/lib/python3.10/dist-packages/relbot_msgs-2025.2.0-py3.10.egg-info/SOURCES.txt
[3.258s] -- Installing: /home/sdfr-ppd-01/SDfR/assignment6/install/relbot_msgs/local/lib/python3.10/dist-packages/relbot_msgs-2025.2.0-py3.10.egg-info/top_level.txt
[3.265s] -- Installing: /home/sdfr-ppd-01/SDfR/assignment6/install/relbot_msgs/local/lib/python3.10/dist-packages/relbot_msgs-2025.2.0-py3.10.egg-info/dependency_links.txt
[3.267s] -- Installing: /home/sdfr-ppd-01/SDfR/assignment6/install/relbot_msgs/local/lib/python3.10/dist-packages/relbot_msgs-2025.2.0-py3.10.egg-info/PKG-INFO
[3.268s] -- Up-to-date: /home/sdfr-ppd-01/SDfR/assignment6/install/relbot_msgs/local/lib/python3.10/dist-packages/relbot_msgs
[3.270s] -- Up-to-date: /home/sdfr-ppd-01/SDfR/assignment6/install/relbot_msgs/local/lib/python3.10/dist-packages/relbot_msgs/msg
[3.272s] -- Up-to-date: /home/sdfr-ppd-01/SDfR/assignment6/install/relbot_msgs/local/lib/python3.10/dist-packages/relbot_msgs/msg/_relbot_motors_s.c
[3.273s] -- Up-to-date: /home/sdfr-ppd-01/SDfR/assignment6/install/relbot_msgs/local/lib/python3.10/dist-packages/relbot_msgs/msg/_relbot_motors_stamped_s.c
[3.275s] -- Up-to-date: /home/sdfr-ppd-01/SDfR/assignment6/install/relbot_msgs/local/lib/python3.10/dist-packages/relbot_msgs/msg/__init__.py
[3.277s] -- Up-to-date: /home/sdfr-ppd-01/SDfR/assignment6/install/relbot_msgs/local/lib/python3.10/dist-packages/relbot_msgs/msg/_relbot_motors.py
[3.278s] -- Up-to-date: /home/sdfr-ppd-01/SDfR/assignment6/install/relbot_msgs/local/lib/python3.10/dist-packages/relbot_msgs/msg/_relbot_motors_stamped.py
[3.280s] -- Up-to-date: /home/sdfr-ppd-01/SDfR/assignment6/install/relbot_msgs/local/lib/python3.10/dist-packages/relbot_msgs/relbot_msgs_s__rosidl_typesupport_introspection_c.cpython-310-aarch64-linux-gnu.so
[3.306s] -- Up-to-date: /home/sdfr-ppd-01/SDfR/assignment6/install/relbot_msgs/local/lib/python3.10/dist-packages/relbot_msgs/_relbot_msgs_s.ep.rosidl_typesupport_fastrtps_c.c
[3.308s] -- Up-to-date: /home/sdfr-ppd-01/SDfR/assignment6/install/relbot_msgs/local/lib/python3.10/dist-packages/relbot_msgs/relbot_msgs_s__rosidl_typesupport_fastrtps_c.cpython-310-aarch64-linux-gnu.so
[3.309s] -- Up-to-date: /home/sdfr-ppd-01/SDfR/assignment6/install/relbot_msgs/local/lib/python3.10/dist-packages/relbot_msgs/__init__.py
[3.311s] -- Up-to-date: /home/sdfr-ppd-01/SDfR/assignment6/install/relbot_msgs/local/lib/python3.10/dist-packages/relbot_msgs/_relbot_msgs_s.ep.rosidl_typesupport_introspection_c.c
[3.313s] -- Up-to-date: /home/sdfr-ppd-01/SDfR/assignment6/install/relbot_msgs/local/lib/python3.10/dist-packages/relbot_msgs/_relbot_msgs_s.ep.rosidl_typesupport_c.c
[3.315s] -- Up-to-date: /home/sdfr-ppd-01/SDfR/assignment6/install/relbot_msgs/local/lib/python3.10/dist-packages/relbot_msgs/librelbot_msgs__rosidl_generator_py.so
[3.317s] -- Up-to-date: /home/sdfr-ppd-01/SDfR/assignment6/install/relbot_msgs/local/lib/python3.10/dist-packages/relbot_msgs/relbot_msgs_s__rosidl_typesupport_c.cpython-310-aarch64-linux-gnu.so
[3.318s] Listing '/home/sdfr-ppd-01/SDfR/assignment6/install/relbot_msgs/local/lib/python3.10/dist-packages/relbot_msgs'...
[3.321s] Listing '/home/sdfr-ppd-01/SDfR/assignment6/install/relbot_msgs/local/lib/python3.10/dist-packages/relbot_msgs/msg'...
[3.322s] -- Up-to-date: /home/sdfr-ppd-01/SDfR/assignment6/install/relbot_msgs/local/lib/python3.10/dist-packages/relbot_msgs/relbot_msgs_s__rosidl_typesupport_fastrtps_c.cpython-310-aarch64-linux-gnu.so
[3.324s] -- Up-to-date: /home/sdfr-ppd-01/SDfR/assignment6/install/relbot_msgs/local/lib/python3.10/dist-packages/relbot_msgs/relbot_msgs_s__rosidl_typesupport_introspection_c.cpython-310-aarch64-linux-gnu.so
[3.326s] -- Up-to-date: /home/sdfr-ppd-01/SDfR/assignment6/install/relbot_msgs/local/lib/python3.10/dist-packages/relbot_msgs/relbot_msgs_s__rosidl_typesupport_c.cpython-310-aarch64-linux-gnu.so
[3.328s] -- Up-to-date: /home/sdfr-ppd-01/SDfR/assignment6/install/relbot_msgs/lib/librelbot_msgs__rosidl_generator_py.so
[3.329s] -- Up-to-date: /home/sdfr-ppd-01/SDfR/assignment6/install/relbot_msgs/share/relbot_msgs/msg/RelbotMotors.idl
[3.331s] -- Up-to-date: /home/sdfr-ppd-01/SDfR/assignment6/install/relbot_msgs/share/relbot_msgs/msg/RelbotMotorsStamped.idl
[3.332s] -- Up-to-date: /home/sdfr-ppd-01/SDfR/assignment6/install/relbot_msgs/share/relbot_msgs/msg/RelbotMotors.msg
[3.334s] -- Up-to-date: /home/sdfr-ppd-01/SDfR/assignment6/install/relbot_msgs/share/relbot_msgs/msg/RelbotMotorsStamped.msg
[3.337s] -- Up-to-date: /home/sdfr-ppd-01/SDfR/assignment6/install/relbot_msgs/share/ament_index/resource_index/package_run_dependencies/relbot_msgs
[3.338s] -- Up-to-date: /home/sdfr-ppd-01/SDfR/assignment6/install/relbot_msgs/share/ament_index/resource_index/parent_prefix_path/relbot_msgs
[3.340s] -- Up-to-date: /home/sdfr-ppd-01/SDfR/assignment6/install/relbot_msgs/share/relbot_msgs/environment/ament_prefix_path.sh
[3.342s] -- Up-to-date: /home/sdfr-ppd-01/SDfR/assignment6/install/relbot_msgs/share/relbot_msgs/environment/ament_prefix_path.dsv
[3.343s] -- Up-to-date: /home/sdfr-ppd-01/SDfR/assignment6/install/relbot_msgs/share/relbot_msgs/environment/path.sh
[3.345s] -- Up-to-date: /home/sdfr-ppd-01/SDfR/assignment6/install/relbot_msgs/share/relbot_msgs/environment/path.dsv
[3.347s] -- Up-to-date: /home/sdfr-ppd-01/SDfR/assignment6/install/relbot_msgs/share/relbot_msgs/local_setup.bash
[3.348s] -- Up-to-date: /home/sdfr-ppd-01/SDfR/assignment6/install/relbot_msgs/share/relbot_msgs/local_setup.sh
[3.350s] -- Up-to-date: /home/sdfr-ppd-01/SDfR/assignment6/install/relbot_msgs/share/relbot_msgs/local_setup.zsh
[3.351s] -- Up-to-date: /home/sdfr-ppd-01/SDfR/assignment6/install/relbot_msgs/share/relbot_msgs/local_setup.dsv
[3.353s] -- Installing: /home/sdfr-ppd-01/SDfR/assignment6/install/relbot_msgs/share/relbot_msgs/package.dsv
[3.354s] -- Up-to-date: /home/sdfr-ppd-01/SDfR/assignment6/install/relbot_msgs/share/ament_index/resource_index/packages/relbot_msgs
[3.356s] -- Up-to-date: /home/sdfr-ppd-01/SDfR/assignment6/install/relbot_msgs/share/relbot_msgs/cmake/export_relbot_msgs__rosidl_generator_cExport.cmake
[3.358s] -- Up-to-date: /home/sdfr-ppd-01/SDfR/assignment6/install/relbot_msgs/share/relbot_msgs/cmake/export_relbot_msgs__rosidl_generator_cExport-noconfig.cmake
[3.361s] -- Up-to-date: /home/sdfr-ppd-01/SDfR/assignment6/install/relbot_msgs/share/relbot_msgs/cmake/export_relbot_msgs__rosidl_typesupport_fastrtps_cExport.cmake
[3.362s] -- Up-to-date: /home/sdfr-ppd-01/SDfR/assignment6/install/relbot_msgs/share/relbot_msgs/cmake/export_relbot_msgs__rosidl_typesupport_fastrtps_cExport-noconfig.cmake
[3.364s] -- Up-to-date: /home/sdfr-ppd-01/SDfR/assignment6/install/relbot_msgs/share/relbot_msgs/cmake/relbot_msgs__rosidl_typesupport_introspection_cExport.cmake
[3.365s] -- Up-to-date: /home/sdfr-ppd-01/SDfR/assignment6/install/relbot_msgs/share/relbot_msgs/cmake/relbot_msgs__rosidl_typesupport_introspection_cExport-noconfig.cmake
[3.367s] -- Up-to-date: /home/sdfr-ppd-01/SDfR/assignment6/install/relbot_msgs/share/relbot_msgs/cmake/relbot_msgs__rosidl_typesupport_cExport.cmake
[3.369s] -- Up-to-date: /home/sdfr-ppd-01/SDfR/assignment6/install/relbot_msgs/share/relbot_msgs/cmake/relbot_msgs__rosidl_typesupport_cExport-noconfig.cmake
[3.370s] -- Up-to-date: /home/sdfr-ppd-01/SDfR/assignment6/install/relbot_msgs/share/relbot_msgs/cmake/export_relbot_msgs__rosidl_generator_cppExport.cmake
[3.372s] -- Up-to-date: /home/sdfr-ppd-01/SDfR/assignment6/install/relbot_msgs/share/relbot_msgs/cmake/export_relbot_msgs__rosidl_typesupport_fastrtps_cppExport.cmake
[3.374s] -- Up-to-date: /home/sdfr-ppd-01/SDfR/assignment6/install/relbot_msgs/share/relbot_msgs/cmake/export_relbot_msgs__rosidl_typesupport_fastrtps_cppExport-noconfig.cmake
[3.387s] -- Up-to-date: /home/sdfr-ppd-01/SDfR/assignment6/install/relbot_msgs/share/relbot_msgs/cmake/relbot_msgs__rosidl_typesupport_introspection_cppExport.cmake
[3.388s] -- Up-to-date: /home/sdfr-ppd-01/SDfR/assignment6/install/relbot_msgs/share/relbot_msgs/cmake/relbot_msgs__rosidl_typesupport_introspection_cppExport-noconfig.cmake
[3.390s] -- Up-to-date: /home/sdfr-ppd-01/SDfR/assignment6/install/relbot_msgs/share/relbot_msgs/cmake/relbot_msgs__rosidl_typesupport_cppExport.cmake
[3.391s] -- Up-to-date: /home/sdfr-ppd-01/SDfR/assignment6/install/relbot_msgs/share/relbot_msgs/cmake/relbot_msgs__rosidl_typesupport_cppExport-noconfig.cmake
[3.393s] -- Up-to-date: /home/sdfr-ppd-01/SDfR/assignment6/install/relbot_msgs/share/relbot_msgs/cmake/export_relbot_msgs__rosidl_generator_pyExport.cmake
[3.394s] -- Up-to-date: /home/sdfr-ppd-01/SDfR/assignment6/install/relbot_msgs/share/relbot_msgs/cmake/export_relbot_msgs__rosidl_generator_pyExport-noconfig.cmake
[3.396s] -- Up-to-date: /home/sdfr-ppd-01/SDfR/assignment6/install/relbot_msgs/share/relbot_msgs/cmake/rosidl_cmake-extras.cmake
[3.397s] -- Up-to-date: /home/sdfr-ppd-01/SDfR/assignment6/install/relbot_msgs/share/relbot_msgs/cmake/ament_cmake_export_dependencies-extras.cmake
[3.399s] -- Up-to-date: /home/sdfr-ppd-01/SDfR/assignment6/install/relbot_msgs/share/relbot_msgs/cmake/ament_cmake_export_include_directories-extras.cmake
[3.401s] -- Up-to-date: /home/sdfr-ppd-01/SDfR/assignment6/install/relbot_msgs/share/relbot_msgs/cmake/ament_cmake_export_libraries-extras.cmake
[3.402s] -- Up-to-date: /home/sdfr-ppd-01/SDfR/assignment6/install/relbot_msgs/share/relbot_msgs/cmake/ament_cmake_export_targets-extras.cmake
[3.404s] -- Up-to-date: /home/sdfr-ppd-01/SDfR/assignment6/install/relbot_msgs/share/relbot_msgs/cmake/rosidl_cmake_export_typesupport_targets-extras.cmake
[3.406s] -- Up-to-date: /home/sdfr-ppd-01/SDfR/assignment6/install/relbot_msgs/share/relbot_msgs/cmake/rosidl_cmake_export_typesupport_libraries-extras.cmake
[3.407s] -- Up-to-date: /home/sdfr-ppd-01/SDfR/assignment6/install/relbot_msgs/share/relbot_msgs/cmake/relbot_msgsConfig.cmake
[3.409s] -- Up-to-date: /home/sdfr-ppd-01/SDfR/assignment6/install/relbot_msgs/share/relbot_msgs/cmake/relbot_msgsConfig-version.cmake
[3.410s] -- Up-to-date: /home/sdfr-ppd-01/SDfR/assignment6/install/relbot_msgs/share/relbot_msgs/package.xml
[3.415s] Invoked command in '/home/sdfr-ppd-01/SDfR/assignment6/build/relbot_msgs' returned '0': CMAKE_PREFIX_PATH=${CMAKE_PREFIX_PATH}:/opt/ros/humble /usr/bin/cmake --install /home/sdfr-ppd-01/SDfR/assignment6/build/relbot_msgs
