[0.028s] Invoking command in '/home/jordan/git_repos/SDfR/assignment6/build/relbot_sequence_controller': CMAKE_PREFIX_PATH=${CMAKE_PREFIX_PATH}:/opt/ros/jazzy DEBUGINFOD_URLS=https://debuginfod.ubuntu.com /usr/bin/cmake --build /home/jordan/git_repos/SDfR/assignment6/build/relbot_sequence_controller -- -j16 -l16
[0.123s] [100%] Built target relbot_sequence_controller
[0.147s] Invoked command in '/home/jordan/git_repos/SDfR/assignment6/build/relbot_sequence_controller' returned '0': CMAKE_PREFIX_PATH=${CMAKE_PREFIX_PATH}:/opt/ros/jazzy DEBUGINFOD_URLS=https://debuginfod.ubuntu.com /usr/bin/cmake --build /home/jordan/git_repos/SDfR/assignment6/build/relbot_sequence_controller -- -j16 -l16
[0.150s] Invoking command in '/home/jordan/git_repos/SDfR/assignment6/build/relbot_sequence_controller': CMAKE_PREFIX_PATH=${CMAKE_PREFIX_PATH}:/opt/ros/jazzy DEBUGINFOD_URLS=https://debuginfod.ubuntu.com /usr/bin/cmake --install /home/jordan/git_repos/SDfR/assignment6/build/relbot_sequence_controller
[0.172s] -- Install configuration: ""
[0.173s] -- Up-to-date: /home/jordan/git_repos/SDfR/assignment6/install/relbot_sequence_controller/lib/relbot_sequence_controller/relbot_sequence_controller
[0.173s] -- Up-to-date: /home/jordan/git_repos/SDfR/assignment6/install/relbot_sequence_controller/share/ament_index/resource_index/package_run_dependencies/relbot_sequence_controller
[0.173s] -- Up-to-date: /home/jordan/git_repos/SDfR/assignment6/install/relbot_sequence_controller/share/ament_index/resource_index/parent_prefix_path/relbot_sequence_controller
[0.173s] -- Up-to-date: /home/jordan/git_repos/SDfR/assignment6/install/relbot_sequence_controller/share/relbot_sequence_controller/environment/ament_prefix_path.sh
[0.174s] -- Up-to-date: /home/jordan/git_repos/SDfR/assignment6/install/relbot_sequence_controller/share/relbot_sequence_controller/environment/ament_prefix_path.dsv
[0.175s] -- Up-to-date: /home/jordan/git_repos/SDfR/assignment6/install/relbot_sequence_controller/share/relbot_sequence_controller/environment/path.sh
[0.175s] -- Up-to-date: /home/jordan/git_repos/SDfR/assignment6/install/relbot_sequence_controller/share/relbot_sequence_controller/environment/path.dsv
[0.175s] -- Up-to-date: /home/jordan/git_repos/SDfR/assignment6/install/relbot_sequence_controller/share/relbot_sequence_controller/local_setup.bash
[0.175s] -- Up-to-date: /home/jordan/git_repos/SDfR/assignment6/install/relbot_sequence_controller/share/relbot_sequence_controller/local_setup.sh
[0.175s] -- Up-to-date: /home/jordan/git_repos/SDfR/assignment6/install/relbot_sequence_controller/share/relbot_sequence_controller/local_setup.zsh
[0.175s] -- Up-to-date: /home/jordan/git_repos/SDfR/assignment6/install/relbot_sequence_controller/share/relbot_sequence_controller/local_setup.dsv
[0.175s] -- Installing: /home/jordan/git_repos/SDfR/assignment6/install/relbot_sequence_controller/share/relbot_sequence_controller/package.dsv
[0.176s] -- Up-to-date: /home/jordan/git_repos/SDfR/assignment6/install/relbot_sequence_controller/share/ament_index/resource_index/packages/relbot_sequence_controller
[0.180s] -- Up-to-date: /home/jordan/git_repos/SDfR/assignment6/install/relbot_sequence_controller/share/relbot_sequence_controller/cmake/relbot_sequence_controllerConfig.cmake
[0.180s] -- Up-to-date: /home/jordan/git_repos/SDfR/assignment6/install/relbot_sequence_controller/share/relbot_sequence_controller/cmake/relbot_sequence_controllerConfig-version.cmake
[0.181s] -- Up-to-date: /home/jordan/git_repos/SDfR/assignment6/install/relbot_sequence_controller/share/relbot_sequence_controller/package.xml
[0.212s] Invoked command in '/home/jordan/git_repos/SDfR/assignment6/build/relbot_sequence_controller' returned '0': CMAKE_PREFIX_PATH=${CMAKE_PREFIX_PATH}:/opt/ros/jazzy DEBUGINFOD_URLS=https://debuginfod.ubuntu.com /usr/bin/cmake --install /home/jordan/git_repos/SDfR/assignment6/build/relbot_sequence_controller
