[0.059s] Invoking command in '/home/jordan/SDfR/assignment5/build/relbot_simulator': CMAKE_PREFIX_PATH=/opt/ros/humble /usr/bin/cmake --build /home/jordan/SDfR/assignment5/build/relbot_simulator -- -j16 -l16
[0.231s] [35m[1mConsolidate compiler generated dependencies of target relbot_simulator[0m
[0.327s] [100%] Built target relbot_simulator
[0.366s] Invoked command in '/home/jordan/SDfR/assignment5/build/relbot_simulator' returned '0': CMAKE_PREFIX_PATH=/opt/ros/humble /usr/bin/cmake --build /home/jordan/SDfR/assignment5/build/relbot_simulator -- -j16 -l16
[0.372s] Invoking command in '/home/jordan/SDfR/assignment5/build/relbot_simulator': CMAKE_PREFIX_PATH=/opt/ros/humble /usr/bin/cmake --install /home/jordan/SDfR/assignment5/build/relbot_simulator
[0.391s] -- Install configuration: ""
[0.393s] -- Up-to-date: /home/jordan/SDfR/assignment5/install/relbot_simulator/lib/relbot_simulator/relbot_simulator
[0.394s] -- Up-to-date: /home/jordan/SDfR/assignment5/install/relbot_simulator/include
[0.394s] -- Up-to-date: /home/jordan/SDfR/assignment5/install/relbot_simulator/include/xxtypes.h
[0.395s] -- Up-to-date: /home/jordan/SDfR/assignment5/install/relbot_simulator/include/xxfuncs.h
[0.396s] -- Up-to-date: /home/jordan/SDfR/assignment5/install/relbot_simulator/include/EulerAngles.h
[0.398s] -- Up-to-date: /home/jordan/SDfR/assignment5/install/relbot_simulator/include/xxinteg.cpp
[0.398s] -- Up-to-date: /home/jordan/SDfR/assignment5/install/relbot_simulator/include/MotionProfiles.h
[0.398s] -- Up-to-date: /home/jordan/SDfR/assignment5/install/relbot_simulator/include/xxmatrix.cpp
[0.399s] -- Up-to-date: /home/jordan/SDfR/assignment5/install/relbot_simulator/include/xxinverse.cpp
[0.399s] -- Up-to-date: /home/jordan/SDfR/assignment5/install/relbot_simulator/include/xxmatrix.h
[0.399s] -- Up-to-date: /home/jordan/SDfR/assignment5/install/relbot_simulator/include/EulerAngles.cpp
[0.402s] -- Up-to-date: /home/jordan/SDfR/assignment5/install/relbot_simulator/include/xxinverse.h
[0.402s] -- Up-to-date: /home/jordan/SDfR/assignment5/install/relbot_simulator/include/xxfuncs.cpp
[0.403s] -- Up-to-date: /home/jordan/SDfR/assignment5/install/relbot_simulator/include/xxmodel.h
[0.403s] -- Up-to-date: /home/jordan/SDfR/assignment5/install/relbot_simulator/include/MotionProfiles.cpp
[0.403s] -- Up-to-date: /home/jordan/SDfR/assignment5/install/relbot_simulator/include/xxinteg.h
[0.403s] -- Up-to-date: /home/jordan/SDfR/assignment5/install/relbot_simulator/share/ament_index/resource_index/package_run_dependencies/relbot_simulator
[0.404s] -- Up-to-date: /home/jordan/SDfR/assignment5/install/relbot_simulator/share/ament_index/resource_index/parent_prefix_path/relbot_simulator
[0.404s] -- Up-to-date: /home/jordan/SDfR/assignment5/install/relbot_simulator/share/relbot_simulator/environment/ament_prefix_path.sh
[0.405s] -- Up-to-date: /home/jordan/SDfR/assignment5/install/relbot_simulator/share/relbot_simulator/environment/ament_prefix_path.dsv
[0.405s] -- Up-to-date: /home/jordan/SDfR/assignment5/install/relbot_simulator/share/relbot_simulator/environment/path.sh
[0.405s] -- Up-to-date: /home/jordan/SDfR/assignment5/install/relbot_simulator/share/relbot_simulator/environment/path.dsv
[0.405s] -- Up-to-date: /home/jordan/SDfR/assignment5/install/relbot_simulator/share/relbot_simulator/local_setup.bash
[0.405s] -- Up-to-date: /home/jordan/SDfR/assignment5/install/relbot_simulator/share/relbot_simulator/local_setup.sh
[0.406s] -- Up-to-date: /home/jordan/SDfR/assignment5/install/relbot_simulator/share/relbot_simulator/local_setup.zsh
[0.406s] -- Up-to-date: /home/jordan/SDfR/assignment5/install/relbot_simulator/share/relbot_simulator/local_setup.dsv
[0.407s] -- Installing: /home/jordan/SDfR/assignment5/install/relbot_simulator/share/relbot_simulator/package.dsv
[0.407s] -- Up-to-date: /home/jordan/SDfR/assignment5/install/relbot_simulator/share/ament_index/resource_index/packages/relbot_simulator
[0.408s] -- Up-to-date: /home/jordan/SDfR/assignment5/install/relbot_simulator/share/relbot_simulator/cmake/relbot_simulatorConfig.cmake
[0.409s] -- Up-to-date: /home/jordan/SDfR/assignment5/install/relbot_simulator/share/relbot_simulator/cmake/relbot_simulatorConfig-version.cmake
[0.409s] -- Up-to-date: /home/jordan/SDfR/assignment5/install/relbot_simulator/share/relbot_simulator/package.xml
[0.441s] Invoked command in '/home/jordan/SDfR/assignment5/build/relbot_simulator' returned '0': CMAKE_PREFIX_PATH=/opt/ros/humble /usr/bin/cmake --install /home/jordan/SDfR/assignment5/build/relbot_simulator
