[0.219s] DEBUG:colcon:Command line arguments: ['/usr/bin/colcon', 'build']
[0.219s] DEBUG:colcon:Parsed command line arguments: Namespace(log_base=None, log_level=None, verb_name='build', build_base='build', install_base='install', merge_install=False, symlink_install=False, test_result_base=None, continue_on_error=False, executor='parallel', parallel_workers=16, event_handlers=None, ignore_user_meta=False, metas=['./colcon.meta'], base_paths=['.'], packages_ignore=None, packages_ignore_regex=None, paths=None, packages_up_to=None, packages_up_to_regex=None, packages_above=None, packages_above_and_dependencies=None, packages_above_depth=None, packages_select_by_dep=None, packages_skip_by_dep=None, packages_skip_up_to=None, packages_select_build_failed=False, packages_skip_build_finished=False, packages_select_test_failures=False, packages_skip_test_passed=False, packages_select=None, packages_skip=None, packages_select_regex=None, packages_skip_regex=None, packages_start=None, packages_end=None, allow_overriding=[], cmake_args=None, cmake_target=None, cmake_target_skip_unavailable=False, cmake_clean_cache=False, cmake_clean_first=False, cmake_force_configure=False, ament_cmake_args=None, catkin_cmake_args=None, catkin_skip_building_tests=False, mixin_files=None, mixin=None, verb_parser=<colcon_mixin.mixin.mixin_argument.MixinArgumentDecorator object at 0x7f43ba749300>, verb_extension=<colcon_core.verb.build.BuildVerb object at 0x7f43ba8bacb0>, main=<bound method BuildVerb.main of <colcon_core.verb.build.BuildVerb object at 0x7f43ba8bacb0>>, mixin_verb=('build',))
[0.365s] Level 1:colcon.colcon_core.package_discovery:discover_packages(colcon_meta) check parameters
[0.365s] Level 1:colcon.colcon_core.package_discovery:discover_packages(recursive) check parameters
[0.365s] Level 1:colcon.colcon_core.package_discovery:discover_packages(ignore) check parameters
[0.365s] Level 1:colcon.colcon_core.package_discovery:discover_packages(path) check parameters
[0.365s] Level 1:colcon.colcon_core.package_discovery:discover_packages(colcon_meta) discover
[0.365s] Level 1:colcon.colcon_core.package_discovery:discover_packages(recursive) discover
[0.365s] INFO:colcon.colcon_core.package_discovery:Crawling recursively for packages in '/home/jordan/SDfR/assignment6'
[0.365s] Level 1:colcon.colcon_core.package_identification:_identify(.) by extensions ['ignore', 'ignore_ament_install']
[0.365s] Level 1:colcon.colcon_core.package_identification:_identify(.) by extension 'ignore'
[0.365s] Level 1:colcon.colcon_core.package_identification:_identify(.) by extension 'ignore_ament_install'
[0.365s] Level 1:colcon.colcon_core.package_identification:_identify(.) by extensions ['colcon_pkg']
[0.365s] Level 1:colcon.colcon_core.package_identification:_identify(.) by extension 'colcon_pkg'
[0.365s] Level 1:colcon.colcon_core.package_identification:_identify(.) by extensions ['colcon_meta']
[0.365s] Level 1:colcon.colcon_core.package_identification:_identify(.) by extension 'colcon_meta'
[0.365s] Level 1:colcon.colcon_core.package_identification:_identify(.) by extensions ['ros']
[0.365s] Level 1:colcon.colcon_core.package_identification:_identify(.) by extension 'ros'
[0.376s] Level 1:colcon.colcon_core.package_identification:_identify(.) by extensions ['cmake', 'python']
[0.376s] Level 1:colcon.colcon_core.package_identification:_identify(.) by extension 'cmake'
[0.376s] Level 1:colcon.colcon_core.package_identification:_identify(.) by extension 'python'
[0.376s] Level 1:colcon.colcon_core.package_identification:_identify(.) by extensions ['python_setup_py']
[0.376s] Level 1:colcon.colcon_core.package_identification:_identify(.) by extension 'python_setup_py'
[0.376s] Level 1:colcon.colcon_core.package_identification:_identify(build) by extensions ['ignore', 'ignore_ament_install']
[0.376s] Level 1:colcon.colcon_core.package_identification:_identify(build) by extension 'ignore'
[0.376s] Level 1:colcon.colcon_core.package_identification:_identify(build) ignored
[0.376s] Level 1:colcon.colcon_core.package_identification:_identify(install) by extensions ['ignore', 'ignore_ament_install']
[0.376s] Level 1:colcon.colcon_core.package_identification:_identify(install) by extension 'ignore'
[0.376s] Level 1:colcon.colcon_core.package_identification:_identify(install) ignored
[0.376s] Level 1:colcon.colcon_core.package_identification:_identify(log) by extensions ['ignore', 'ignore_ament_install']
[0.376s] Level 1:colcon.colcon_core.package_identification:_identify(log) by extension 'ignore'
[0.377s] Level 1:colcon.colcon_core.package_identification:_identify(log) ignored
[0.377s] Level 1:colcon.colcon_core.package_identification:_identify(src) by extensions ['ignore', 'ignore_ament_install']
[0.377s] Level 1:colcon.colcon_core.package_identification:_identify(src) by extension 'ignore'
[0.377s] Level 1:colcon.colcon_core.package_identification:_identify(src) by extension 'ignore_ament_install'
[0.377s] Level 1:colcon.colcon_core.package_identification:_identify(src) by extensions ['colcon_pkg']
[0.377s] Level 1:colcon.colcon_core.package_identification:_identify(src) by extension 'colcon_pkg'
[0.377s] Level 1:colcon.colcon_core.package_identification:_identify(src) by extensions ['colcon_meta']
[0.377s] Level 1:colcon.colcon_core.package_identification:_identify(src) by extension 'colcon_meta'
[0.377s] Level 1:colcon.colcon_core.package_identification:_identify(src) by extensions ['ros']
[0.377s] Level 1:colcon.colcon_core.package_identification:_identify(src) by extension 'ros'
[0.377s] Level 1:colcon.colcon_core.package_identification:_identify(src) by extensions ['cmake', 'python']
[0.377s] Level 1:colcon.colcon_core.package_identification:_identify(src) by extension 'cmake'
[0.377s] Level 1:colcon.colcon_core.package_identification:_identify(src) by extension 'python'
[0.377s] Level 1:colcon.colcon_core.package_identification:_identify(src) by extensions ['python_setup_py']
[0.377s] Level 1:colcon.colcon_core.package_identification:_identify(src) by extension 'python_setup_py'
[0.377s] Level 1:colcon.colcon_core.package_identification:_identify(src/cam2image_host2vm) by extensions ['ignore', 'ignore_ament_install']
[0.377s] Level 1:colcon.colcon_core.package_identification:_identify(src/cam2image_host2vm) by extension 'ignore'
[0.377s] Level 1:colcon.colcon_core.package_identification:_identify(src/cam2image_host2vm) by extension 'ignore_ament_install'
[0.377s] Level 1:colcon.colcon_core.package_identification:_identify(src/cam2image_host2vm) by extensions ['colcon_pkg']
[0.378s] Level 1:colcon.colcon_core.package_identification:_identify(src/cam2image_host2vm) by extension 'colcon_pkg'
[0.378s] Level 1:colcon.colcon_core.package_identification:_identify(src/cam2image_host2vm) by extensions ['colcon_meta']
[0.378s] Level 1:colcon.colcon_core.package_identification:_identify(src/cam2image_host2vm) by extension 'colcon_meta'
[0.378s] Level 1:colcon.colcon_core.package_identification:_identify(src/cam2image_host2vm) by extensions ['ros']
[0.378s] Level 1:colcon.colcon_core.package_identification:_identify(src/cam2image_host2vm) by extension 'ros'
[0.378s] Level 1:colcon.colcon_core.package_identification:_identify(src/cam2image_host2vm) by extensions ['cmake', 'python']
[0.378s] Level 1:colcon.colcon_core.package_identification:_identify(src/cam2image_host2vm) by extension 'cmake'
[0.378s] Level 1:colcon.colcon_core.package_identification:_identify(src/cam2image_host2vm) by extension 'python'
[0.378s] Level 1:colcon.colcon_core.package_identification:_identify(src/cam2image_host2vm) by extensions ['python_setup_py']
[0.378s] Level 1:colcon.colcon_core.package_identification:_identify(src/cam2image_host2vm) by extension 'python_setup_py'
[0.378s] Level 1:colcon.colcon_core.package_identification:_identify(src/cam2image_vm2ros) by extensions ['ignore', 'ignore_ament_install']
[0.378s] Level 1:colcon.colcon_core.package_identification:_identify(src/cam2image_vm2ros) by extension 'ignore'
[0.378s] Level 1:colcon.colcon_core.package_identification:_identify(src/cam2image_vm2ros) by extension 'ignore_ament_install'
[0.378s] Level 1:colcon.colcon_core.package_identification:_identify(src/cam2image_vm2ros) by extensions ['colcon_pkg']
[0.378s] Level 1:colcon.colcon_core.package_identification:_identify(src/cam2image_vm2ros) by extension 'colcon_pkg'
[0.378s] Level 1:colcon.colcon_core.package_identification:_identify(src/cam2image_vm2ros) by extensions ['colcon_meta']
[0.378s] Level 1:colcon.colcon_core.package_identification:_identify(src/cam2image_vm2ros) by extension 'colcon_meta'
[0.378s] Level 1:colcon.colcon_core.package_identification:_identify(src/cam2image_vm2ros) by extensions ['ros']
[0.378s] Level 1:colcon.colcon_core.package_identification:_identify(src/cam2image_vm2ros) by extension 'ros'
[0.381s] DEBUG:colcon.colcon_core.package_identification:Package 'src/cam2image_vm2ros' with type 'ros.ament_cmake' and name 'cam2image_vm2ros'
[0.381s] Level 1:colcon.colcon_core.package_identification:_identify(src/green_object_detector) by extensions ['ignore', 'ignore_ament_install']
[0.381s] Level 1:colcon.colcon_core.package_identification:_identify(src/green_object_detector) by extension 'ignore'
[0.381s] Level 1:colcon.colcon_core.package_identification:_identify(src/green_object_detector) by extension 'ignore_ament_install'
[0.381s] Level 1:colcon.colcon_core.package_identification:_identify(src/green_object_detector) by extensions ['colcon_pkg']
[0.381s] Level 1:colcon.colcon_core.package_identification:_identify(src/green_object_detector) by extension 'colcon_pkg'
[0.381s] Level 1:colcon.colcon_core.package_identification:_identify(src/green_object_detector) by extensions ['colcon_meta']
[0.381s] Level 1:colcon.colcon_core.package_identification:_identify(src/green_object_detector) by extension 'colcon_meta'
[0.381s] Level 1:colcon.colcon_core.package_identification:_identify(src/green_object_detector) by extensions ['ros']
[0.381s] Level 1:colcon.colcon_core.package_identification:_identify(src/green_object_detector) by extension 'ros'
[0.382s] DEBUG:colcon.colcon_core.package_identification:Package 'src/green_object_detector' with type 'ros.ament_cmake' and name 'green_object_detector'
[0.382s] Level 1:colcon.colcon_core.package_identification:_identify(src/image_functions_sdfr) by extensions ['ignore', 'ignore_ament_install']
[0.382s] Level 1:colcon.colcon_core.package_identification:_identify(src/image_functions_sdfr) by extension 'ignore'
[0.382s] Level 1:colcon.colcon_core.package_identification:_identify(src/image_functions_sdfr) by extension 'ignore_ament_install'
[0.382s] Level 1:colcon.colcon_core.package_identification:_identify(src/image_functions_sdfr) by extensions ['colcon_pkg']
[0.382s] Level 1:colcon.colcon_core.package_identification:_identify(src/image_functions_sdfr) by extension 'colcon_pkg'
[0.382s] Level 1:colcon.colcon_core.package_identification:_identify(src/image_functions_sdfr) by extensions ['colcon_meta']
[0.382s] Level 1:colcon.colcon_core.package_identification:_identify(src/image_functions_sdfr) by extension 'colcon_meta'
[0.382s] Level 1:colcon.colcon_core.package_identification:_identify(src/image_functions_sdfr) by extensions ['ros']
[0.382s] Level 1:colcon.colcon_core.package_identification:_identify(src/image_functions_sdfr) by extension 'ros'
[0.383s] DEBUG:colcon.colcon_core.package_identification:Package 'src/image_functions_sdfr' with type 'ros.ament_cmake' and name 'image_functions_sdfr'
[0.383s] Level 1:colcon.colcon_core.package_identification:_identify(src/relbot2turtlesim) by extensions ['ignore', 'ignore_ament_install']
[0.383s] Level 1:colcon.colcon_core.package_identification:_identify(src/relbot2turtlesim) by extension 'ignore'
[0.383s] Level 1:colcon.colcon_core.package_identification:_identify(src/relbot2turtlesim) by extension 'ignore_ament_install'
[0.383s] Level 1:colcon.colcon_core.package_identification:_identify(src/relbot2turtlesim) by extensions ['colcon_pkg']
[0.383s] Level 1:colcon.colcon_core.package_identification:_identify(src/relbot2turtlesim) by extension 'colcon_pkg'
[0.383s] Level 1:colcon.colcon_core.package_identification:_identify(src/relbot2turtlesim) by extensions ['colcon_meta']
[0.383s] Level 1:colcon.colcon_core.package_identification:_identify(src/relbot2turtlesim) by extension 'colcon_meta'
[0.383s] Level 1:colcon.colcon_core.package_identification:_identify(src/relbot2turtlesim) by extensions ['ros']
[0.383s] Level 1:colcon.colcon_core.package_identification:_identify(src/relbot2turtlesim) by extension 'ros'
[0.384s] DEBUG:colcon.colcon_core.package_identification:Package 'src/relbot2turtlesim' with type 'ros.ament_cmake' and name 'relbot2turtlesim'
[0.384s] Level 1:colcon.colcon_core.package_identification:_identify(src/relbot_launch) by extensions ['ignore', 'ignore_ament_install']
[0.384s] Level 1:colcon.colcon_core.package_identification:_identify(src/relbot_launch) by extension 'ignore'
[0.384s] Level 1:colcon.colcon_core.package_identification:_identify(src/relbot_launch) by extension 'ignore_ament_install'
[0.384s] Level 1:colcon.colcon_core.package_identification:_identify(src/relbot_launch) by extensions ['colcon_pkg']
[0.384s] Level 1:colcon.colcon_core.package_identification:_identify(src/relbot_launch) by extension 'colcon_pkg'
[0.384s] Level 1:colcon.colcon_core.package_identification:_identify(src/relbot_launch) by extensions ['colcon_meta']
[0.384s] Level 1:colcon.colcon_core.package_identification:_identify(src/relbot_launch) by extension 'colcon_meta'
[0.384s] Level 1:colcon.colcon_core.package_identification:_identify(src/relbot_launch) by extensions ['ros']
[0.384s] Level 1:colcon.colcon_core.package_identification:_identify(src/relbot_launch) by extension 'ros'
[0.384s] DEBUG:colcon.colcon_core.package_identification:Package 'src/relbot_launch' with type 'ros.ament_cmake' and name 'relbot_launch'
[0.385s] Level 1:colcon.colcon_core.package_identification:_identify(src/relbot_sequence_controller) by extensions ['ignore', 'ignore_ament_install']
[0.385s] Level 1:colcon.colcon_core.package_identification:_identify(src/relbot_sequence_controller) by extension 'ignore'
[0.385s] Level 1:colcon.colcon_core.package_identification:_identify(src/relbot_sequence_controller) by extension 'ignore_ament_install'
[0.385s] Level 1:colcon.colcon_core.package_identification:_identify(src/relbot_sequence_controller) by extensions ['colcon_pkg']
[0.385s] Level 1:colcon.colcon_core.package_identification:_identify(src/relbot_sequence_controller) by extension 'colcon_pkg'
[0.385s] Level 1:colcon.colcon_core.package_identification:_identify(src/relbot_sequence_controller) by extensions ['colcon_meta']
[0.385s] Level 1:colcon.colcon_core.package_identification:_identify(src/relbot_sequence_controller) by extension 'colcon_meta'
[0.385s] Level 1:colcon.colcon_core.package_identification:_identify(src/relbot_sequence_controller) by extensions ['ros']
[0.385s] Level 1:colcon.colcon_core.package_identification:_identify(src/relbot_sequence_controller) by extension 'ros'
[0.386s] DEBUG:colcon.colcon_core.package_identification:Package 'src/relbot_sequence_controller' with type 'ros.ament_cmake' and name 'relbot_sequence_controller'
[0.386s] Level 1:colcon.colcon_core.package_identification:_identify(src/relbot_simulator) by extensions ['ignore', 'ignore_ament_install']
[0.386s] Level 1:colcon.colcon_core.package_identification:_identify(src/relbot_simulator) by extension 'ignore'
[0.386s] Level 1:colcon.colcon_core.package_identification:_identify(src/relbot_simulator) by extension 'ignore_ament_install'
[0.386s] Level 1:colcon.colcon_core.package_identification:_identify(src/relbot_simulator) by extensions ['colcon_pkg']
[0.386s] Level 1:colcon.colcon_core.package_identification:_identify(src/relbot_simulator) by extension 'colcon_pkg'
[0.386s] Level 1:colcon.colcon_core.package_identification:_identify(src/relbot_simulator) by extensions ['colcon_meta']
[0.386s] Level 1:colcon.colcon_core.package_identification:_identify(src/relbot_simulator) by extension 'colcon_meta'
[0.386s] Level 1:colcon.colcon_core.package_identification:_identify(src/relbot_simulator) by extensions ['ros']
[0.386s] Level 1:colcon.colcon_core.package_identification:_identify(src/relbot_simulator) by extension 'ros'
[0.387s] DEBUG:colcon.colcon_core.package_identification:Package 'src/relbot_simulator' with type 'ros.ament_cmake' and name 'relbot_simulator'
[0.387s] Level 1:colcon.colcon_core.package_discovery:discover_packages(recursive) using defaults
[0.387s] Level 1:colcon.colcon_core.package_discovery:discover_packages(ignore) discover
[0.387s] Level 1:colcon.colcon_core.package_discovery:discover_packages(ignore) using defaults
[0.387s] Level 1:colcon.colcon_core.package_discovery:discover_packages(path) discover
[0.387s] Level 1:colcon.colcon_core.package_discovery:discover_packages(path) using defaults
[0.414s] Level 1:colcon.colcon_core.package_discovery:discover_packages(prefix_path) check parameters
[0.414s] Level 1:colcon.colcon_core.package_discovery:discover_packages(prefix_path) discover
[0.416s] DEBUG:colcon.colcon_installed_package_information.package_discovery:Found 274 installed packages in /opt/ros/humble
[0.417s] Level 1:colcon.colcon_core.package_discovery:discover_packages(prefix_path) using defaults
[0.450s] Level 5:colcon.colcon_core.verb:set package 'cam2image_vm2ros' build argument 'cmake_args' from command line to 'None'
[0.450s] Level 5:colcon.colcon_core.verb:set package 'cam2image_vm2ros' build argument 'cmake_target' from command line to 'None'
[0.450s] Level 5:colcon.colcon_core.verb:set package 'cam2image_vm2ros' build argument 'cmake_target_skip_unavailable' from command line to 'False'
[0.450s] Level 5:colcon.colcon_core.verb:set package 'cam2image_vm2ros' build argument 'cmake_clean_cache' from command line to 'False'
[0.450s] Level 5:colcon.colcon_core.verb:set package 'cam2image_vm2ros' build argument 'cmake_clean_first' from command line to 'False'
[0.450s] Level 5:colcon.colcon_core.verb:set package 'cam2image_vm2ros' build argument 'cmake_force_configure' from command line to 'False'
[0.450s] Level 5:colcon.colcon_core.verb:set package 'cam2image_vm2ros' build argument 'ament_cmake_args' from command line to 'None'
[0.450s] Level 5:colcon.colcon_core.verb:set package 'cam2image_vm2ros' build argument 'catkin_cmake_args' from command line to 'None'
[0.450s] Level 5:colcon.colcon_core.verb:set package 'cam2image_vm2ros' build argument 'catkin_skip_building_tests' from command line to 'False'
[0.450s] DEBUG:colcon.colcon_core.verb:Building package 'cam2image_vm2ros' with the following arguments: {'ament_cmake_args': None, 'build_base': '/home/jordan/SDfR/assignment6/build/cam2image_vm2ros', 'catkin_cmake_args': None, 'catkin_skip_building_tests': False, 'cmake_args': None, 'cmake_clean_cache': False, 'cmake_clean_first': False, 'cmake_force_configure': False, 'cmake_target': None, 'cmake_target_skip_unavailable': False, 'install_base': '/home/jordan/SDfR/assignment6/install/cam2image_vm2ros', 'merge_install': False, 'path': '/home/jordan/SDfR/assignment6/src/cam2image_vm2ros', 'symlink_install': False, 'test_result_base': None}
[0.450s] Level 5:colcon.colcon_core.verb:set package 'green_object_detector' build argument 'cmake_args' from command line to 'None'
[0.450s] Level 5:colcon.colcon_core.verb:set package 'green_object_detector' build argument 'cmake_target' from command line to 'None'
[0.450s] Level 5:colcon.colcon_core.verb:set package 'green_object_detector' build argument 'cmake_target_skip_unavailable' from command line to 'False'
[0.450s] Level 5:colcon.colcon_core.verb:set package 'green_object_detector' build argument 'cmake_clean_cache' from command line to 'False'
[0.450s] Level 5:colcon.colcon_core.verb:set package 'green_object_detector' build argument 'cmake_clean_first' from command line to 'False'
[0.450s] Level 5:colcon.colcon_core.verb:set package 'green_object_detector' build argument 'cmake_force_configure' from command line to 'False'
[0.451s] Level 5:colcon.colcon_core.verb:set package 'green_object_detector' build argument 'ament_cmake_args' from command line to 'None'
[0.451s] Level 5:colcon.colcon_core.verb:set package 'green_object_detector' build argument 'catkin_cmake_args' from command line to 'None'
[0.451s] Level 5:colcon.colcon_core.verb:set package 'green_object_detector' build argument 'catkin_skip_building_tests' from command line to 'False'
[0.451s] DEBUG:colcon.colcon_core.verb:Building package 'green_object_detector' with the following arguments: {'ament_cmake_args': None, 'build_base': '/home/jordan/SDfR/assignment6/build/green_object_detector', 'catkin_cmake_args': None, 'catkin_skip_building_tests': False, 'cmake_args': None, 'cmake_clean_cache': False, 'cmake_clean_first': False, 'cmake_force_configure': False, 'cmake_target': None, 'cmake_target_skip_unavailable': False, 'install_base': '/home/jordan/SDfR/assignment6/install/green_object_detector', 'merge_install': False, 'path': '/home/jordan/SDfR/assignment6/src/green_object_detector', 'symlink_install': False, 'test_result_base': None}
[0.451s] Level 5:colcon.colcon_core.verb:set package 'image_functions_sdfr' build argument 'cmake_args' from command line to 'None'
[0.451s] Level 5:colcon.colcon_core.verb:set package 'image_functions_sdfr' build argument 'cmake_target' from command line to 'None'
[0.451s] Level 5:colcon.colcon_core.verb:set package 'image_functions_sdfr' build argument 'cmake_target_skip_unavailable' from command line to 'False'
[0.451s] Level 5:colcon.colcon_core.verb:set package 'image_functions_sdfr' build argument 'cmake_clean_cache' from command line to 'False'
[0.451s] Level 5:colcon.colcon_core.verb:set package 'image_functions_sdfr' build argument 'cmake_clean_first' from command line to 'False'
[0.451s] Level 5:colcon.colcon_core.verb:set package 'image_functions_sdfr' build argument 'cmake_force_configure' from command line to 'False'
[0.451s] Level 5:colcon.colcon_core.verb:set package 'image_functions_sdfr' build argument 'ament_cmake_args' from command line to 'None'
[0.451s] Level 5:colcon.colcon_core.verb:set package 'image_functions_sdfr' build argument 'catkin_cmake_args' from command line to 'None'
[0.451s] Level 5:colcon.colcon_core.verb:set package 'image_functions_sdfr' build argument 'catkin_skip_building_tests' from command line to 'False'
[0.451s] DEBUG:colcon.colcon_core.verb:Building package 'image_functions_sdfr' with the following arguments: {'ament_cmake_args': None, 'build_base': '/home/jordan/SDfR/assignment6/build/image_functions_sdfr', 'catkin_cmake_args': None, 'catkin_skip_building_tests': False, 'cmake_args': None, 'cmake_clean_cache': False, 'cmake_clean_first': False, 'cmake_force_configure': False, 'cmake_target': None, 'cmake_target_skip_unavailable': False, 'install_base': '/home/jordan/SDfR/assignment6/install/image_functions_sdfr', 'merge_install': False, 'path': '/home/jordan/SDfR/assignment6/src/image_functions_sdfr', 'symlink_install': False, 'test_result_base': None}
[0.451s] Level 5:colcon.colcon_core.verb:set package 'relbot2turtlesim' build argument 'cmake_args' from command line to 'None'
[0.451s] Level 5:colcon.colcon_core.verb:set package 'relbot2turtlesim' build argument 'cmake_target' from command line to 'None'
[0.451s] Level 5:colcon.colcon_core.verb:set package 'relbot2turtlesim' build argument 'cmake_target_skip_unavailable' from command line to 'False'
[0.451s] Level 5:colcon.colcon_core.verb:set package 'relbot2turtlesim' build argument 'cmake_clean_cache' from command line to 'False'
[0.451s] Level 5:colcon.colcon_core.verb:set package 'relbot2turtlesim' build argument 'cmake_clean_first' from command line to 'False'
[0.451s] Level 5:colcon.colcon_core.verb:set package 'relbot2turtlesim' build argument 'cmake_force_configure' from command line to 'False'
[0.451s] Level 5:colcon.colcon_core.verb:set package 'relbot2turtlesim' build argument 'ament_cmake_args' from command line to 'None'
[0.452s] Level 5:colcon.colcon_core.verb:set package 'relbot2turtlesim' build argument 'catkin_cmake_args' from command line to 'None'
[0.452s] Level 5:colcon.colcon_core.verb:set package 'relbot2turtlesim' build argument 'catkin_skip_building_tests' from command line to 'False'
[0.452s] DEBUG:colcon.colcon_core.verb:Building package 'relbot2turtlesim' with the following arguments: {'ament_cmake_args': None, 'build_base': '/home/jordan/SDfR/assignment6/build/relbot2turtlesim', 'catkin_cmake_args': None, 'catkin_skip_building_tests': False, 'cmake_args': None, 'cmake_clean_cache': False, 'cmake_clean_first': False, 'cmake_force_configure': False, 'cmake_target': None, 'cmake_target_skip_unavailable': False, 'install_base': '/home/jordan/SDfR/assignment6/install/relbot2turtlesim', 'merge_install': False, 'path': '/home/jordan/SDfR/assignment6/src/relbot2turtlesim', 'symlink_install': False, 'test_result_base': None}
[0.452s] Level 5:colcon.colcon_core.verb:set package 'relbot_launch' build argument 'cmake_args' from command line to 'None'
[0.452s] Level 5:colcon.colcon_core.verb:set package 'relbot_launch' build argument 'cmake_target' from command line to 'None'
[0.452s] Level 5:colcon.colcon_core.verb:set package 'relbot_launch' build argument 'cmake_target_skip_unavailable' from command line to 'False'
[0.452s] Level 5:colcon.colcon_core.verb:set package 'relbot_launch' build argument 'cmake_clean_cache' from command line to 'False'
[0.452s] Level 5:colcon.colcon_core.verb:set package 'relbot_launch' build argument 'cmake_clean_first' from command line to 'False'
[0.452s] Level 5:colcon.colcon_core.verb:set package 'relbot_launch' build argument 'cmake_force_configure' from command line to 'False'
[0.452s] Level 5:colcon.colcon_core.verb:set package 'relbot_launch' build argument 'ament_cmake_args' from command line to 'None'
[0.452s] Level 5:colcon.colcon_core.verb:set package 'relbot_launch' build argument 'catkin_cmake_args' from command line to 'None'
[0.452s] Level 5:colcon.colcon_core.verb:set package 'relbot_launch' build argument 'catkin_skip_building_tests' from command line to 'False'
[0.452s] DEBUG:colcon.colcon_core.verb:Building package 'relbot_launch' with the following arguments: {'ament_cmake_args': None, 'build_base': '/home/jordan/SDfR/assignment6/build/relbot_launch', 'catkin_cmake_args': None, 'catkin_skip_building_tests': False, 'cmake_args': None, 'cmake_clean_cache': False, 'cmake_clean_first': False, 'cmake_force_configure': False, 'cmake_target': None, 'cmake_target_skip_unavailable': False, 'install_base': '/home/jordan/SDfR/assignment6/install/relbot_launch', 'merge_install': False, 'path': '/home/jordan/SDfR/assignment6/src/relbot_launch', 'symlink_install': False, 'test_result_base': None}
[0.452s] Level 5:colcon.colcon_core.verb:set package 'relbot_sequence_controller' build argument 'cmake_args' from command line to 'None'
[0.452s] Level 5:colcon.colcon_core.verb:set package 'relbot_sequence_controller' build argument 'cmake_target' from command line to 'None'
[0.452s] Level 5:colcon.colcon_core.verb:set package 'relbot_sequence_controller' build argument 'cmake_target_skip_unavailable' from command line to 'False'
[0.452s] Level 5:colcon.colcon_core.verb:set package 'relbot_sequence_controller' build argument 'cmake_clean_cache' from command line to 'False'
[0.453s] Level 5:colcon.colcon_core.verb:set package 'relbot_sequence_controller' build argument 'cmake_clean_first' from command line to 'False'
[0.453s] Level 5:colcon.colcon_core.verb:set package 'relbot_sequence_controller' build argument 'cmake_force_configure' from command line to 'False'
[0.453s] Level 5:colcon.colcon_core.verb:set package 'relbot_sequence_controller' build argument 'ament_cmake_args' from command line to 'None'
[0.453s] Level 5:colcon.colcon_core.verb:set package 'relbot_sequence_controller' build argument 'catkin_cmake_args' from command line to 'None'
[0.453s] Level 5:colcon.colcon_core.verb:set package 'relbot_sequence_controller' build argument 'catkin_skip_building_tests' from command line to 'False'
[0.453s] DEBUG:colcon.colcon_core.verb:Building package 'relbot_sequence_controller' with the following arguments: {'ament_cmake_args': None, 'build_base': '/home/jordan/SDfR/assignment6/build/relbot_sequence_controller', 'catkin_cmake_args': None, 'catkin_skip_building_tests': False, 'cmake_args': None, 'cmake_clean_cache': False, 'cmake_clean_first': False, 'cmake_force_configure': False, 'cmake_target': None, 'cmake_target_skip_unavailable': False, 'install_base': '/home/jordan/SDfR/assignment6/install/relbot_sequence_controller', 'merge_install': False, 'path': '/home/jordan/SDfR/assignment6/src/relbot_sequence_controller', 'symlink_install': False, 'test_result_base': None}
[0.453s] Level 5:colcon.colcon_core.verb:set package 'relbot_simulator' build argument 'cmake_args' from command line to 'None'
[0.453s] Level 5:colcon.colcon_core.verb:set package 'relbot_simulator' build argument 'cmake_target' from command line to 'None'
[0.453s] Level 5:colcon.colcon_core.verb:set package 'relbot_simulator' build argument 'cmake_target_skip_unavailable' from command line to 'False'
[0.453s] Level 5:colcon.colcon_core.verb:set package 'relbot_simulator' build argument 'cmake_clean_cache' from command line to 'False'
[0.453s] Level 5:colcon.colcon_core.verb:set package 'relbot_simulator' build argument 'cmake_clean_first' from command line to 'False'
[0.453s] Level 5:colcon.colcon_core.verb:set package 'relbot_simulator' build argument 'cmake_force_configure' from command line to 'False'
[0.453s] Level 5:colcon.colcon_core.verb:set package 'relbot_simulator' build argument 'ament_cmake_args' from command line to 'None'
[0.453s] Level 5:colcon.colcon_core.verb:set package 'relbot_simulator' build argument 'catkin_cmake_args' from command line to 'None'
[0.453s] Level 5:colcon.colcon_core.verb:set package 'relbot_simulator' build argument 'catkin_skip_building_tests' from command line to 'False'
[0.453s] DEBUG:colcon.colcon_core.verb:Building package 'relbot_simulator' with the following arguments: {'ament_cmake_args': None, 'build_base': '/home/jordan/SDfR/assignment6/build/relbot_simulator', 'catkin_cmake_args': None, 'catkin_skip_building_tests': False, 'cmake_args': None, 'cmake_clean_cache': False, 'cmake_clean_first': False, 'cmake_force_configure': False, 'cmake_target': None, 'cmake_target_skip_unavailable': False, 'install_base': '/home/jordan/SDfR/assignment6/install/relbot_simulator', 'merge_install': False, 'path': '/home/jordan/SDfR/assignment6/src/relbot_simulator', 'symlink_install': False, 'test_result_base': None}
[0.453s] INFO:colcon.colcon_core.executor:Executing jobs using 'parallel' executor
[0.454s] DEBUG:colcon.colcon_parallel_executor.executor.parallel:run_until_complete
[0.454s] INFO:colcon.colcon_ros.task.ament_cmake.build:Building ROS package in '/home/jordan/SDfR/assignment6/src/cam2image_vm2ros' with build type 'ament_cmake'
[0.455s] INFO:colcon.colcon_cmake.task.cmake.build:Building CMake package in '/home/jordan/SDfR/assignment6/src/cam2image_vm2ros'
[0.457s] INFO:colcon.colcon_core.plugin_system:Skipping extension 'colcon_core.shell.bat': Not used on non-Windows systems
[0.457s] INFO:colcon.colcon_core.shell:Skip shell extension 'powershell' for command environment: Not usable outside of PowerShell
[0.457s] DEBUG:colcon.colcon_core.shell:Skip shell extension 'dsv' for command environment
[0.460s] INFO:colcon.colcon_ros.task.ament_cmake.build:Building ROS package in '/home/jordan/SDfR/assignment6/src/green_object_detector' with build type 'ament_cmake'
[0.460s] INFO:colcon.colcon_cmake.task.cmake.build:Building CMake package in '/home/jordan/SDfR/assignment6/src/green_object_detector'
[0.461s] INFO:colcon.colcon_core.shell:Skip shell extension 'powershell' for command environment: Not usable outside of PowerShell
[0.461s] DEBUG:colcon.colcon_core.shell:Skip shell extension 'dsv' for command environment
[0.464s] INFO:colcon.colcon_ros.task.ament_cmake.build:Building ROS package in '/home/jordan/SDfR/assignment6/src/image_functions_sdfr' with build type 'ament_cmake'
[0.464s] INFO:colcon.colcon_cmake.task.cmake.build:Building CMake package in '/home/jordan/SDfR/assignment6/src/image_functions_sdfr'
[0.464s] INFO:colcon.colcon_core.shell:Skip shell extension 'powershell' for command environment: Not usable outside of PowerShell
[0.464s] DEBUG:colcon.colcon_core.shell:Skip shell extension 'dsv' for command environment
[0.467s] INFO:colcon.colcon_ros.task.ament_cmake.build:Building ROS package in '/home/jordan/SDfR/assignment6/src/relbot2turtlesim' with build type 'ament_cmake'
[0.467s] INFO:colcon.colcon_cmake.task.cmake.build:Building CMake package in '/home/jordan/SDfR/assignment6/src/relbot2turtlesim'
[0.467s] INFO:colcon.colcon_core.shell:Skip shell extension 'powershell' for command environment: Not usable outside of PowerShell
[0.467s] DEBUG:colcon.colcon_core.shell:Skip shell extension 'dsv' for command environment
[0.470s] INFO:colcon.colcon_ros.task.ament_cmake.build:Building ROS package in '/home/jordan/SDfR/assignment6/src/relbot_launch' with build type 'ament_cmake'
[0.470s] INFO:colcon.colcon_cmake.task.cmake.build:Building CMake package in '/home/jordan/SDfR/assignment6/src/relbot_launch'
[0.471s] INFO:colcon.colcon_core.shell:Skip shell extension 'powershell' for command environment: Not usable outside of PowerShell
[0.471s] DEBUG:colcon.colcon_core.shell:Skip shell extension 'dsv' for command environment
[0.473s] INFO:colcon.colcon_ros.task.ament_cmake.build:Building ROS package in '/home/jordan/SDfR/assignment6/src/relbot_sequence_controller' with build type 'ament_cmake'
[0.474s] INFO:colcon.colcon_cmake.task.cmake.build:Building CMake package in '/home/jordan/SDfR/assignment6/src/relbot_sequence_controller'
[0.474s] INFO:colcon.colcon_core.shell:Skip shell extension 'powershell' for command environment: Not usable outside of PowerShell
[0.474s] DEBUG:colcon.colcon_core.shell:Skip shell extension 'dsv' for command environment
[0.477s] INFO:colcon.colcon_ros.task.ament_cmake.build:Building ROS package in '/home/jordan/SDfR/assignment6/src/relbot_simulator' with build type 'ament_cmake'
[0.477s] INFO:colcon.colcon_cmake.task.cmake.build:Building CMake package in '/home/jordan/SDfR/assignment6/src/relbot_simulator'
[0.478s] INFO:colcon.colcon_core.shell:Skip shell extension 'powershell' for command environment: Not usable outside of PowerShell
[0.478s] DEBUG:colcon.colcon_core.shell:Skip shell extension 'dsv' for command environment
[0.487s] DEBUG:colcon.colcon_core.event_handler.log_command:Invoking command in '/home/jordan/SDfR/assignment6/build/cam2image_vm2ros': CMAKE_PREFIX_PATH=/opt/ros/humble /usr/bin/cmake --build /home/jordan/SDfR/assignment6/build/cam2image_vm2ros -- -j16 -l16
[0.491s] DEBUG:colcon.colcon_core.event_handler.log_command:Invoking command in '/home/jordan/SDfR/assignment6/build/green_object_detector': CMAKE_PREFIX_PATH=/opt/ros/humble /usr/bin/cmake --build /home/jordan/SDfR/assignment6/build/green_object_detector -- -j16 -l16
[0.495s] DEBUG:colcon.colcon_core.event_handler.log_command:Invoking command in '/home/jordan/SDfR/assignment6/build/image_functions_sdfr': CMAKE_PREFIX_PATH=/opt/ros/humble /usr/bin/cmake --build /home/jordan/SDfR/assignment6/build/image_functions_sdfr -- -j16 -l16
[0.498s] DEBUG:colcon.colcon_core.event_handler.log_command:Invoking command in '/home/jordan/SDfR/assignment6/build/relbot2turtlesim': CMAKE_PREFIX_PATH=/opt/ros/humble /usr/bin/cmake --build /home/jordan/SDfR/assignment6/build/relbot2turtlesim -- -j16 -l16
[0.503s] DEBUG:colcon.colcon_core.event_handler.log_command:Invoking command in '/home/jordan/SDfR/assignment6/build/relbot_launch': CMAKE_PREFIX_PATH=/opt/ros/humble /usr/bin/cmake --build /home/jordan/SDfR/assignment6/build/relbot_launch -- -j16 -l16
[0.508s] DEBUG:colcon.colcon_core.event_handler.log_command:Invoking command in '/home/jordan/SDfR/assignment6/build/relbot_sequence_controller': CMAKE_PREFIX_PATH=/opt/ros/humble /usr/bin/cmake --build /home/jordan/SDfR/assignment6/build/relbot_sequence_controller -- -j16 -l16
[0.513s] DEBUG:colcon.colcon_core.event_handler.log_command:Invoking command in '/home/jordan/SDfR/assignment6/build/relbot_simulator': CMAKE_PREFIX_PATH=/opt/ros/humble /usr/bin/cmake --build /home/jordan/SDfR/assignment6/build/relbot_simulator -- -j16 -l16
[0.548s] DEBUG:colcon.colcon_core.event_handler.log_command:Invoked command in '/home/jordan/SDfR/assignment6/build/relbot_launch' returned '0': CMAKE_PREFIX_PATH=/opt/ros/humble /usr/bin/cmake --build /home/jordan/SDfR/assignment6/build/relbot_launch -- -j16 -l16
[0.565s] DEBUG:colcon.colcon_core.event_handler.log_command:Invoking command in '/home/jordan/SDfR/assignment6/build/relbot_launch': CMAKE_PREFIX_PATH=/opt/ros/humble /usr/bin/cmake --install /home/jordan/SDfR/assignment6/build/relbot_launch
[0.580s] DEBUG:colcon.colcon_core.event_handler.log_command:Invoked command in '/home/jordan/SDfR/assignment6/build/image_functions_sdfr' returned '0': CMAKE_PREFIX_PATH=/opt/ros/humble /usr/bin/cmake --build /home/jordan/SDfR/assignment6/build/image_functions_sdfr -- -j16 -l16
[0.582s] DEBUG:colcon.colcon_core.event_handler.log_command:Invoking command in '/home/jordan/SDfR/assignment6/build/image_functions_sdfr': CMAKE_PREFIX_PATH=/opt/ros/humble /usr/bin/cmake --install /home/jordan/SDfR/assignment6/build/image_functions_sdfr
[0.583s] DEBUG:colcon.colcon_core.event_handler.log_command:Invoked command in '/home/jordan/SDfR/assignment6/build/green_object_detector' returned '0': CMAKE_PREFIX_PATH=/opt/ros/humble /usr/bin/cmake --build /home/jordan/SDfR/assignment6/build/green_object_detector -- -j16 -l16
[0.585s] DEBUG:colcon.colcon_core.event_handler.log_command:Invoking command in '/home/jordan/SDfR/assignment6/build/green_object_detector': CMAKE_PREFIX_PATH=/opt/ros/humble /usr/bin/cmake --install /home/jordan/SDfR/assignment6/build/green_object_detector
[0.585s] Level 1:colcon.colcon_core.environment:create_environment_scripts_only(relbot_launch)
[0.586s] DEBUG:colcon.colcon_core.event_handler.log_command:Invoked command in '/home/jordan/SDfR/assignment6/build/relbot_launch' returned '0': CMAKE_PREFIX_PATH=/opt/ros/humble /usr/bin/cmake --install /home/jordan/SDfR/assignment6/build/relbot_launch
[0.589s] Level 1:colcon.colcon_core.environment:checking '/home/jordan/SDfR/assignment6/install/relbot_launch' for CMake module files
[0.589s] Level 1:colcon.colcon_core.environment:checking '/home/jordan/SDfR/assignment6/install/relbot_launch' for CMake config files
[0.589s] Level 1:colcon.colcon_core.shell:create_environment_hook('relbot_launch', 'cmake_prefix_path')
[0.590s] INFO:colcon.colcon_core.shell:Creating environment hook '/home/jordan/SDfR/assignment6/install/relbot_launch/share/relbot_launch/hook/cmake_prefix_path.ps1'
[0.590s] INFO:colcon.colcon_core.shell:Creating environment descriptor '/home/jordan/SDfR/assignment6/install/relbot_launch/share/relbot_launch/hook/cmake_prefix_path.dsv'
[0.591s] INFO:colcon.colcon_core.shell:Creating environment hook '/home/jordan/SDfR/assignment6/install/relbot_launch/share/relbot_launch/hook/cmake_prefix_path.sh'
[0.592s] Level 1:colcon.colcon_core.environment:checking '/home/jordan/SDfR/assignment6/install/relbot_launch/bin'
[0.592s] Level 1:colcon.colcon_core.environment:checking '/home/jordan/SDfR/assignment6/install/relbot_launch/lib/pkgconfig/relbot_launch.pc'
[0.592s] Level 1:colcon.colcon_core.environment:checking '/home/jordan/SDfR/assignment6/install/relbot_launch/lib/python3.10/site-packages'
[0.592s] Level 1:colcon.colcon_core.environment:checking '/home/jordan/SDfR/assignment6/install/relbot_launch/bin'
[0.592s] INFO:colcon.colcon_core.shell:Creating package script '/home/jordan/SDfR/assignment6/install/relbot_launch/share/relbot_launch/package.ps1'
[0.593s] INFO:colcon.colcon_core.shell:Creating package descriptor '/home/jordan/SDfR/assignment6/install/relbot_launch/share/relbot_launch/package.dsv'
[0.594s] INFO:colcon.colcon_core.shell:Creating package script '/home/jordan/SDfR/assignment6/install/relbot_launch/share/relbot_launch/package.sh'
[0.594s] INFO:colcon.colcon_core.shell:Creating package script '/home/jordan/SDfR/assignment6/install/relbot_launch/share/relbot_launch/package.bash'
[0.595s] INFO:colcon.colcon_core.shell:Creating package script '/home/jordan/SDfR/assignment6/install/relbot_launch/share/relbot_launch/package.zsh'
[0.596s] Level 1:colcon.colcon_core.environment:create_file_with_runtime_dependencies(/home/jordan/SDfR/assignment6/install/relbot_launch/share/colcon-core/packages/relbot_launch)
[0.597s] Level 1:colcon.colcon_core.environment:create_environment_scripts_only(relbot_launch)
[0.597s] Level 1:colcon.colcon_core.environment:checking '/home/jordan/SDfR/assignment6/install/relbot_launch' for CMake module files
[0.598s] Level 1:colcon.colcon_core.environment:checking '/home/jordan/SDfR/assignment6/install/relbot_launch' for CMake config files
[0.598s] Level 1:colcon.colcon_core.shell:create_environment_hook('relbot_launch', 'cmake_prefix_path')
[0.598s] INFO:colcon.colcon_core.shell:Creating environment hook '/home/jordan/SDfR/assignment6/install/relbot_launch/share/relbot_launch/hook/cmake_prefix_path.ps1'
[0.599s] INFO:colcon.colcon_core.shell:Creating environment descriptor '/home/jordan/SDfR/assignment6/install/relbot_launch/share/relbot_launch/hook/cmake_prefix_path.dsv'
[0.599s] INFO:colcon.colcon_core.shell:Creating environment hook '/home/jordan/SDfR/assignment6/install/relbot_launch/share/relbot_launch/hook/cmake_prefix_path.sh'
[0.599s] Level 1:colcon.colcon_core.environment:checking '/home/jordan/SDfR/assignment6/install/relbot_launch/bin'
[0.600s] Level 1:colcon.colcon_core.environment:checking '/home/jordan/SDfR/assignment6/install/relbot_launch/lib/pkgconfig/relbot_launch.pc'
[0.600s] Level 1:colcon.colcon_core.environment:checking '/home/jordan/SDfR/assignment6/install/relbot_launch/lib/python3.10/site-packages'
[0.600s] Level 1:colcon.colcon_core.environment:checking '/home/jordan/SDfR/assignment6/install/relbot_launch/bin'
[0.600s] INFO:colcon.colcon_core.shell:Creating package script '/home/jordan/SDfR/assignment6/install/relbot_launch/share/relbot_launch/package.ps1'
[0.601s] INFO:colcon.colcon_core.shell:Creating package descriptor '/home/jordan/SDfR/assignment6/install/relbot_launch/share/relbot_launch/package.dsv'
[0.602s] INFO:colcon.colcon_core.shell:Creating package script '/home/jordan/SDfR/assignment6/install/relbot_launch/share/relbot_launch/package.sh'
[0.602s] INFO:colcon.colcon_core.shell:Creating package script '/home/jordan/SDfR/assignment6/install/relbot_launch/share/relbot_launch/package.bash'
[0.603s] INFO:colcon.colcon_core.shell:Creating package script '/home/jordan/SDfR/assignment6/install/relbot_launch/share/relbot_launch/package.zsh'
[0.603s] Level 1:colcon.colcon_core.environment:create_file_with_runtime_dependencies(/home/jordan/SDfR/assignment6/install/relbot_launch/share/colcon-core/packages/relbot_launch)
[0.613s] DEBUG:colcon.colcon_core.event_handler.log_command:Invoked command in '/home/jordan/SDfR/assignment6/build/relbot2turtlesim' returned '0': CMAKE_PREFIX_PATH=/opt/ros/humble /usr/bin/cmake --build /home/jordan/SDfR/assignment6/build/relbot2turtlesim -- -j16 -l16
[0.615s] DEBUG:colcon.colcon_core.event_handler.log_command:Invoking command in '/home/jordan/SDfR/assignment6/build/relbot2turtlesim': CMAKE_PREFIX_PATH=/opt/ros/humble /usr/bin/cmake --install /home/jordan/SDfR/assignment6/build/relbot2turtlesim
[0.616s] DEBUG:colcon.colcon_core.event_handler.log_command:Invoked command in '/home/jordan/SDfR/assignment6/build/cam2image_vm2ros' returned '0': CMAKE_PREFIX_PATH=/opt/ros/humble /usr/bin/cmake --build /home/jordan/SDfR/assignment6/build/cam2image_vm2ros -- -j16 -l16
[0.617s] Level 1:colcon.colcon_core.environment:create_environment_scripts_only(image_functions_sdfr)
[0.617s] Level 1:colcon.colcon_core.environment:checking '/home/jordan/SDfR/assignment6/install/image_functions_sdfr' for CMake module files
[0.617s] DEBUG:colcon.colcon_core.event_handler.log_command:Invoking command in '/home/jordan/SDfR/assignment6/build/cam2image_vm2ros': CMAKE_PREFIX_PATH=/opt/ros/humble /usr/bin/cmake --install /home/jordan/SDfR/assignment6/build/cam2image_vm2ros
[0.618s] DEBUG:colcon.colcon_core.event_handler.log_command:Invoked command in '/home/jordan/SDfR/assignment6/build/image_functions_sdfr' returned '0': CMAKE_PREFIX_PATH=/opt/ros/humble /usr/bin/cmake --install /home/jordan/SDfR/assignment6/build/image_functions_sdfr
[0.618s] Level 1:colcon.colcon_core.environment:checking '/home/jordan/SDfR/assignment6/install/image_functions_sdfr' for CMake config files
[0.619s] Level 1:colcon.colcon_core.shell:create_environment_hook('image_functions_sdfr', 'cmake_prefix_path')
[0.619s] INFO:colcon.colcon_core.shell:Creating environment hook '/home/jordan/SDfR/assignment6/install/image_functions_sdfr/share/image_functions_sdfr/hook/cmake_prefix_path.ps1'
[0.619s] INFO:colcon.colcon_core.shell:Creating environment descriptor '/home/jordan/SDfR/assignment6/install/image_functions_sdfr/share/image_functions_sdfr/hook/cmake_prefix_path.dsv'
[0.620s] INFO:colcon.colcon_core.shell:Creating environment hook '/home/jordan/SDfR/assignment6/install/image_functions_sdfr/share/image_functions_sdfr/hook/cmake_prefix_path.sh'
[0.620s] Level 1:colcon.colcon_core.environment:checking '/home/jordan/SDfR/assignment6/install/image_functions_sdfr/lib'
[0.621s] Level 1:colcon.colcon_core.shell:create_environment_hook('image_functions_sdfr', 'ld_library_path_lib')
[0.621s] INFO:colcon.colcon_core.shell:Creating environment hook '/home/jordan/SDfR/assignment6/install/image_functions_sdfr/share/image_functions_sdfr/hook/ld_library_path_lib.ps1'
[0.621s] INFO:colcon.colcon_core.shell:Creating environment descriptor '/home/jordan/SDfR/assignment6/install/image_functions_sdfr/share/image_functions_sdfr/hook/ld_library_path_lib.dsv'
[0.622s] INFO:colcon.colcon_core.shell:Creating environment hook '/home/jordan/SDfR/assignment6/install/image_functions_sdfr/share/image_functions_sdfr/hook/ld_library_path_lib.sh'
[0.622s] Level 1:colcon.colcon_core.environment:checking '/home/jordan/SDfR/assignment6/install/image_functions_sdfr/bin'
[0.622s] Level 1:colcon.colcon_core.environment:checking '/home/jordan/SDfR/assignment6/install/image_functions_sdfr/lib/pkgconfig/image_functions_sdfr.pc'
[0.622s] Level 1:colcon.colcon_core.environment:checking '/home/jordan/SDfR/assignment6/install/image_functions_sdfr/lib/python3.10/site-packages'
[0.623s] Level 1:colcon.colcon_core.environment:checking '/home/jordan/SDfR/assignment6/install/image_functions_sdfr/bin'
[0.623s] INFO:colcon.colcon_core.shell:Creating package script '/home/jordan/SDfR/assignment6/install/image_functions_sdfr/share/image_functions_sdfr/package.ps1'
[0.624s] INFO:colcon.colcon_core.shell:Creating package descriptor '/home/jordan/SDfR/assignment6/install/image_functions_sdfr/share/image_functions_sdfr/package.dsv'
[0.624s] INFO:colcon.colcon_core.shell:Creating package script '/home/jordan/SDfR/assignment6/install/image_functions_sdfr/share/image_functions_sdfr/package.sh'
[0.625s] INFO:colcon.colcon_core.shell:Creating package script '/home/jordan/SDfR/assignment6/install/image_functions_sdfr/share/image_functions_sdfr/package.bash'
[0.625s] INFO:colcon.colcon_core.shell:Creating package script '/home/jordan/SDfR/assignment6/install/image_functions_sdfr/share/image_functions_sdfr/package.zsh'
[0.626s] Level 1:colcon.colcon_core.environment:create_file_with_runtime_dependencies(/home/jordan/SDfR/assignment6/install/image_functions_sdfr/share/colcon-core/packages/image_functions_sdfr)
[0.626s] Level 1:colcon.colcon_core.environment:create_environment_scripts_only(image_functions_sdfr)
[0.626s] Level 1:colcon.colcon_core.environment:checking '/home/jordan/SDfR/assignment6/install/image_functions_sdfr' for CMake module files
[0.627s] Level 1:colcon.colcon_core.environment:checking '/home/jordan/SDfR/assignment6/install/image_functions_sdfr' for CMake config files
[0.627s] Level 1:colcon.colcon_core.shell:create_environment_hook('image_functions_sdfr', 'cmake_prefix_path')
[0.628s] INFO:colcon.colcon_core.shell:Creating environment hook '/home/jordan/SDfR/assignment6/install/image_functions_sdfr/share/image_functions_sdfr/hook/cmake_prefix_path.ps1'
[0.628s] INFO:colcon.colcon_core.shell:Creating environment descriptor '/home/jordan/SDfR/assignment6/install/image_functions_sdfr/share/image_functions_sdfr/hook/cmake_prefix_path.dsv'
[0.628s] INFO:colcon.colcon_core.shell:Creating environment hook '/home/jordan/SDfR/assignment6/install/image_functions_sdfr/share/image_functions_sdfr/hook/cmake_prefix_path.sh'
[0.629s] Level 1:colcon.colcon_core.environment:checking '/home/jordan/SDfR/assignment6/install/image_functions_sdfr/lib'
[0.629s] Level 1:colcon.colcon_core.shell:create_environment_hook('image_functions_sdfr', 'ld_library_path_lib')
[0.629s] INFO:colcon.colcon_core.shell:Creating environment hook '/home/jordan/SDfR/assignment6/install/image_functions_sdfr/share/image_functions_sdfr/hook/ld_library_path_lib.ps1'
[0.630s] INFO:colcon.colcon_core.shell:Creating environment descriptor '/home/jordan/SDfR/assignment6/install/image_functions_sdfr/share/image_functions_sdfr/hook/ld_library_path_lib.dsv'
[0.630s] INFO:colcon.colcon_core.shell:Creating environment hook '/home/jordan/SDfR/assignment6/install/image_functions_sdfr/share/image_functions_sdfr/hook/ld_library_path_lib.sh'
[0.630s] Level 1:colcon.colcon_core.environment:checking '/home/jordan/SDfR/assignment6/install/image_functions_sdfr/bin'
[0.630s] Level 1:colcon.colcon_core.environment:checking '/home/jordan/SDfR/assignment6/install/image_functions_sdfr/lib/pkgconfig/image_functions_sdfr.pc'
[0.631s] Level 1:colcon.colcon_core.environment:checking '/home/jordan/SDfR/assignment6/install/image_functions_sdfr/lib/python3.10/site-packages'
[0.631s] Level 1:colcon.colcon_core.environment:checking '/home/jordan/SDfR/assignment6/install/image_functions_sdfr/bin'
[0.631s] INFO:colcon.colcon_core.shell:Creating package script '/home/jordan/SDfR/assignment6/install/image_functions_sdfr/share/image_functions_sdfr/package.ps1'
[0.632s] INFO:colcon.colcon_core.shell:Creating package descriptor '/home/jordan/SDfR/assignment6/install/image_functions_sdfr/share/image_functions_sdfr/package.dsv'
[0.632s] INFO:colcon.colcon_core.shell:Creating package script '/home/jordan/SDfR/assignment6/install/image_functions_sdfr/share/image_functions_sdfr/package.sh'
[0.633s] INFO:colcon.colcon_core.shell:Creating package script '/home/jordan/SDfR/assignment6/install/image_functions_sdfr/share/image_functions_sdfr/package.bash'
[0.633s] INFO:colcon.colcon_core.shell:Creating package script '/home/jordan/SDfR/assignment6/install/image_functions_sdfr/share/image_functions_sdfr/package.zsh'
[0.633s] Level 1:colcon.colcon_core.environment:create_file_with_runtime_dependencies(/home/jordan/SDfR/assignment6/install/image_functions_sdfr/share/colcon-core/packages/image_functions_sdfr)
[0.634s] Level 1:colcon.colcon_core.environment:create_environment_scripts_only(green_object_detector)
[0.634s] Level 1:colcon.colcon_core.environment:checking '/home/jordan/SDfR/assignment6/install/green_object_detector' for CMake module files
[0.635s] DEBUG:colcon.colcon_core.event_handler.log_command:Invoked command in '/home/jordan/SDfR/assignment6/build/green_object_detector' returned '0': CMAKE_PREFIX_PATH=/opt/ros/humble /usr/bin/cmake --install /home/jordan/SDfR/assignment6/build/green_object_detector
[0.635s] Level 1:colcon.colcon_core.environment:checking '/home/jordan/SDfR/assignment6/install/green_object_detector' for CMake config files
[0.636s] Level 1:colcon.colcon_core.shell:create_environment_hook('green_object_detector', 'cmake_prefix_path')
[0.636s] INFO:colcon.colcon_core.shell:Creating environment hook '/home/jordan/SDfR/assignment6/install/green_object_detector/share/green_object_detector/hook/cmake_prefix_path.ps1'
[0.636s] INFO:colcon.colcon_core.shell:Creating environment descriptor '/home/jordan/SDfR/assignment6/install/green_object_detector/share/green_object_detector/hook/cmake_prefix_path.dsv'
[0.637s] INFO:colcon.colcon_core.shell:Creating environment hook '/home/jordan/SDfR/assignment6/install/green_object_detector/share/green_object_detector/hook/cmake_prefix_path.sh'
[0.637s] Level 1:colcon.colcon_core.environment:checking '/home/jordan/SDfR/assignment6/install/green_object_detector/lib'
[0.638s] Level 1:colcon.colcon_core.environment:checking '/home/jordan/SDfR/assignment6/install/green_object_detector/bin'
[0.638s] Level 1:colcon.colcon_core.environment:checking '/home/jordan/SDfR/assignment6/install/green_object_detector/lib/pkgconfig/green_object_detector.pc'
[0.638s] Level 1:colcon.colcon_core.environment:checking '/home/jordan/SDfR/assignment6/install/green_object_detector/lib/python3.10/site-packages'
[0.638s] Level 1:colcon.colcon_core.environment:checking '/home/jordan/SDfR/assignment6/install/green_object_detector/bin'
[0.638s] INFO:colcon.colcon_core.shell:Creating package script '/home/jordan/SDfR/assignment6/install/green_object_detector/share/green_object_detector/package.ps1'
[0.639s] INFO:colcon.colcon_core.shell:Creating package descriptor '/home/jordan/SDfR/assignment6/install/green_object_detector/share/green_object_detector/package.dsv'
[0.639s] INFO:colcon.colcon_core.shell:Creating package script '/home/jordan/SDfR/assignment6/install/green_object_detector/share/green_object_detector/package.sh'
[0.640s] INFO:colcon.colcon_core.shell:Creating package script '/home/jordan/SDfR/assignment6/install/green_object_detector/share/green_object_detector/package.bash'
[0.640s] INFO:colcon.colcon_core.shell:Creating package script '/home/jordan/SDfR/assignment6/install/green_object_detector/share/green_object_detector/package.zsh'
[0.640s] Level 1:colcon.colcon_core.environment:create_file_with_runtime_dependencies(/home/jordan/SDfR/assignment6/install/green_object_detector/share/colcon-core/packages/green_object_detector)
[0.641s] Level 1:colcon.colcon_core.environment:create_environment_scripts_only(green_object_detector)
[0.641s] Level 1:colcon.colcon_core.environment:checking '/home/jordan/SDfR/assignment6/install/green_object_detector' for CMake module files
[0.642s] Level 1:colcon.colcon_core.environment:checking '/home/jordan/SDfR/assignment6/install/green_object_detector' for CMake config files
[0.642s] Level 1:colcon.colcon_core.shell:create_environment_hook('green_object_detector', 'cmake_prefix_path')
[0.642s] INFO:colcon.colcon_core.shell:Creating environment hook '/home/jordan/SDfR/assignment6/install/green_object_detector/share/green_object_detector/hook/cmake_prefix_path.ps1'
[0.643s] INFO:colcon.colcon_core.shell:Creating environment descriptor '/home/jordan/SDfR/assignment6/install/green_object_detector/share/green_object_detector/hook/cmake_prefix_path.dsv'
[0.643s] INFO:colcon.colcon_core.shell:Creating environment hook '/home/jordan/SDfR/assignment6/install/green_object_detector/share/green_object_detector/hook/cmake_prefix_path.sh'
[0.644s] Level 1:colcon.colcon_core.environment:checking '/home/jordan/SDfR/assignment6/install/green_object_detector/lib'
[0.644s] Level 1:colcon.colcon_core.environment:checking '/home/jordan/SDfR/assignment6/install/green_object_detector/bin'
[0.644s] Level 1:colcon.colcon_core.environment:checking '/home/jordan/SDfR/assignment6/install/green_object_detector/lib/pkgconfig/green_object_detector.pc'
[0.644s] Level 1:colcon.colcon_core.environment:checking '/home/jordan/SDfR/assignment6/install/green_object_detector/lib/python3.10/site-packages'
[0.644s] Level 1:colcon.colcon_core.environment:checking '/home/jordan/SDfR/assignment6/install/green_object_detector/bin'
[0.645s] INFO:colcon.colcon_core.shell:Creating package script '/home/jordan/SDfR/assignment6/install/green_object_detector/share/green_object_detector/package.ps1'
[0.645s] INFO:colcon.colcon_core.shell:Creating package descriptor '/home/jordan/SDfR/assignment6/install/green_object_detector/share/green_object_detector/package.dsv'
[0.645s] INFO:colcon.colcon_core.shell:Creating package script '/home/jordan/SDfR/assignment6/install/green_object_detector/share/green_object_detector/package.sh'
[0.646s] INFO:colcon.colcon_core.shell:Creating package script '/home/jordan/SDfR/assignment6/install/green_object_detector/share/green_object_detector/package.bash'
[0.646s] INFO:colcon.colcon_core.shell:Creating package script '/home/jordan/SDfR/assignment6/install/green_object_detector/share/green_object_detector/package.zsh'
[0.647s] Level 1:colcon.colcon_core.environment:create_file_with_runtime_dependencies(/home/jordan/SDfR/assignment6/install/green_object_detector/share/colcon-core/packages/green_object_detector)
[0.648s] DEBUG:colcon.colcon_core.event_handler.log_command:Invoked command in '/home/jordan/SDfR/assignment6/build/relbot_simulator' returned '0': CMAKE_PREFIX_PATH=/opt/ros/humble /usr/bin/cmake --build /home/jordan/SDfR/assignment6/build/relbot_simulator -- -j16 -l16
[0.652s] DEBUG:colcon.colcon_core.event_handler.log_command:Invoking command in '/home/jordan/SDfR/assignment6/build/relbot_simulator': CMAKE_PREFIX_PATH=/opt/ros/humble /usr/bin/cmake --install /home/jordan/SDfR/assignment6/build/relbot_simulator
[0.653s] Level 1:colcon.colcon_core.environment:create_environment_scripts_only(relbot2turtlesim)
[0.653s] Level 1:colcon.colcon_core.environment:checking '/home/jordan/SDfR/assignment6/install/relbot2turtlesim' for CMake module files
[0.661s] DEBUG:colcon.colcon_core.event_handler.log_command:Invoked command in '/home/jordan/SDfR/assignment6/build/relbot2turtlesim' returned '0': CMAKE_PREFIX_PATH=/opt/ros/humble /usr/bin/cmake --install /home/jordan/SDfR/assignment6/build/relbot2turtlesim
[0.664s] Level 1:colcon.colcon_core.environment:checking '/home/jordan/SDfR/assignment6/install/relbot2turtlesim' for CMake config files
[0.666s] Level 1:colcon.colcon_core.shell:create_environment_hook('relbot2turtlesim', 'cmake_prefix_path')
[0.667s] INFO:colcon.colcon_core.shell:Creating environment hook '/home/jordan/SDfR/assignment6/install/relbot2turtlesim/share/relbot2turtlesim/hook/cmake_prefix_path.ps1'
[0.667s] INFO:colcon.colcon_core.shell:Creating environment descriptor '/home/jordan/SDfR/assignment6/install/relbot2turtlesim/share/relbot2turtlesim/hook/cmake_prefix_path.dsv'
[0.667s] INFO:colcon.colcon_core.shell:Creating environment hook '/home/jordan/SDfR/assignment6/install/relbot2turtlesim/share/relbot2turtlesim/hook/cmake_prefix_path.sh'
[0.668s] Level 1:colcon.colcon_core.environment:checking '/home/jordan/SDfR/assignment6/install/relbot2turtlesim/lib'
[0.668s] Level 1:colcon.colcon_core.environment:checking '/home/jordan/SDfR/assignment6/install/relbot2turtlesim/bin'
[0.668s] Level 1:colcon.colcon_core.environment:checking '/home/jordan/SDfR/assignment6/install/relbot2turtlesim/lib/pkgconfig/relbot2turtlesim.pc'
[0.668s] Level 1:colcon.colcon_core.environment:checking '/home/jordan/SDfR/assignment6/install/relbot2turtlesim/lib/python3.10/site-packages'
[0.669s] Level 1:colcon.colcon_core.environment:checking '/home/jordan/SDfR/assignment6/install/relbot2turtlesim/bin'
[0.669s] INFO:colcon.colcon_core.shell:Creating package script '/home/jordan/SDfR/assignment6/install/relbot2turtlesim/share/relbot2turtlesim/package.ps1'
[0.669s] INFO:colcon.colcon_core.shell:Creating package descriptor '/home/jordan/SDfR/assignment6/install/relbot2turtlesim/share/relbot2turtlesim/package.dsv'
[0.670s] INFO:colcon.colcon_core.shell:Creating package script '/home/jordan/SDfR/assignment6/install/relbot2turtlesim/share/relbot2turtlesim/package.sh'
[0.670s] INFO:colcon.colcon_core.shell:Creating package script '/home/jordan/SDfR/assignment6/install/relbot2turtlesim/share/relbot2turtlesim/package.bash'
[0.671s] INFO:colcon.colcon_core.shell:Creating package script '/home/jordan/SDfR/assignment6/install/relbot2turtlesim/share/relbot2turtlesim/package.zsh'
[0.671s] Level 1:colcon.colcon_core.environment:create_file_with_runtime_dependencies(/home/jordan/SDfR/assignment6/install/relbot2turtlesim/share/colcon-core/packages/relbot2turtlesim)
[0.672s] Level 1:colcon.colcon_core.environment:create_environment_scripts_only(relbot2turtlesim)
[0.672s] Level 1:colcon.colcon_core.environment:checking '/home/jordan/SDfR/assignment6/install/relbot2turtlesim' for CMake module files
[0.672s] Level 1:colcon.colcon_core.environment:checking '/home/jordan/SDfR/assignment6/install/relbot2turtlesim' for CMake config files
[0.672s] Level 1:colcon.colcon_core.shell:create_environment_hook('relbot2turtlesim', 'cmake_prefix_path')
[0.673s] INFO:colcon.colcon_core.shell:Creating environment hook '/home/jordan/SDfR/assignment6/install/relbot2turtlesim/share/relbot2turtlesim/hook/cmake_prefix_path.ps1'
[0.673s] INFO:colcon.colcon_core.shell:Creating environment descriptor '/home/jordan/SDfR/assignment6/install/relbot2turtlesim/share/relbot2turtlesim/hook/cmake_prefix_path.dsv'
[0.673s] INFO:colcon.colcon_core.shell:Creating environment hook '/home/jordan/SDfR/assignment6/install/relbot2turtlesim/share/relbot2turtlesim/hook/cmake_prefix_path.sh'
[0.674s] Level 1:colcon.colcon_core.environment:checking '/home/jordan/SDfR/assignment6/install/relbot2turtlesim/lib'
[0.674s] Level 1:colcon.colcon_core.environment:checking '/home/jordan/SDfR/assignment6/install/relbot2turtlesim/bin'
[0.674s] Level 1:colcon.colcon_core.environment:checking '/home/jordan/SDfR/assignment6/install/relbot2turtlesim/lib/pkgconfig/relbot2turtlesim.pc'
[0.674s] Level 1:colcon.colcon_core.environment:checking '/home/jordan/SDfR/assignment6/install/relbot2turtlesim/lib/python3.10/site-packages'
[0.675s] Level 1:colcon.colcon_core.environment:checking '/home/jordan/SDfR/assignment6/install/relbot2turtlesim/bin'
[0.675s] INFO:colcon.colcon_core.shell:Creating package script '/home/jordan/SDfR/assignment6/install/relbot2turtlesim/share/relbot2turtlesim/package.ps1'
[0.675s] INFO:colcon.colcon_core.shell:Creating package descriptor '/home/jordan/SDfR/assignment6/install/relbot2turtlesim/share/relbot2turtlesim/package.dsv'
[0.676s] INFO:colcon.colcon_core.shell:Creating package script '/home/jordan/SDfR/assignment6/install/relbot2turtlesim/share/relbot2turtlesim/package.sh'
[0.676s] INFO:colcon.colcon_core.shell:Creating package script '/home/jordan/SDfR/assignment6/install/relbot2turtlesim/share/relbot2turtlesim/package.bash'
[0.677s] INFO:colcon.colcon_core.shell:Creating package script '/home/jordan/SDfR/assignment6/install/relbot2turtlesim/share/relbot2turtlesim/package.zsh'
[0.677s] Level 1:colcon.colcon_core.environment:create_file_with_runtime_dependencies(/home/jordan/SDfR/assignment6/install/relbot2turtlesim/share/colcon-core/packages/relbot2turtlesim)
[0.678s] Level 1:colcon.colcon_core.environment:create_environment_scripts_only(cam2image_vm2ros)
[0.678s] Level 1:colcon.colcon_core.environment:checking '/home/jordan/SDfR/assignment6/install/cam2image_vm2ros' for CMake module files
[0.679s] DEBUG:colcon.colcon_core.event_handler.log_command:Invoked command in '/home/jordan/SDfR/assignment6/build/cam2image_vm2ros' returned '0': CMAKE_PREFIX_PATH=/opt/ros/humble /usr/bin/cmake --install /home/jordan/SDfR/assignment6/build/cam2image_vm2ros
[0.679s] Level 1:colcon.colcon_core.environment:checking '/home/jordan/SDfR/assignment6/install/cam2image_vm2ros' for CMake config files
[0.680s] Level 1:colcon.colcon_core.shell:create_environment_hook('cam2image_vm2ros', 'cmake_prefix_path')
[0.680s] INFO:colcon.colcon_core.shell:Creating environment hook '/home/jordan/SDfR/assignment6/install/cam2image_vm2ros/share/cam2image_vm2ros/hook/cmake_prefix_path.ps1'
[0.680s] INFO:colcon.colcon_core.shell:Creating environment descriptor '/home/jordan/SDfR/assignment6/install/cam2image_vm2ros/share/cam2image_vm2ros/hook/cmake_prefix_path.dsv'
[0.681s] INFO:colcon.colcon_core.shell:Creating environment hook '/home/jordan/SDfR/assignment6/install/cam2image_vm2ros/share/cam2image_vm2ros/hook/cmake_prefix_path.sh'
[0.681s] Level 1:colcon.colcon_core.environment:checking '/home/jordan/SDfR/assignment6/install/cam2image_vm2ros/lib'
[0.681s] Level 1:colcon.colcon_core.shell:create_environment_hook('cam2image_vm2ros', 'ld_library_path_lib')
[0.681s] INFO:colcon.colcon_core.shell:Creating environment hook '/home/jordan/SDfR/assignment6/install/cam2image_vm2ros/share/cam2image_vm2ros/hook/ld_library_path_lib.ps1'
[0.682s] INFO:colcon.colcon_core.shell:Creating environment descriptor '/home/jordan/SDfR/assignment6/install/cam2image_vm2ros/share/cam2image_vm2ros/hook/ld_library_path_lib.dsv'
[0.682s] INFO:colcon.colcon_core.shell:Creating environment hook '/home/jordan/SDfR/assignment6/install/cam2image_vm2ros/share/cam2image_vm2ros/hook/ld_library_path_lib.sh'
[0.682s] Level 1:colcon.colcon_core.environment:checking '/home/jordan/SDfR/assignment6/install/cam2image_vm2ros/bin'
[0.683s] Level 1:colcon.colcon_core.environment:checking '/home/jordan/SDfR/assignment6/install/cam2image_vm2ros/lib/pkgconfig/cam2image_vm2ros.pc'
[0.683s] Level 1:colcon.colcon_core.environment:checking '/home/jordan/SDfR/assignment6/install/cam2image_vm2ros/lib/python3.10/site-packages'
[0.683s] Level 1:colcon.colcon_core.environment:checking '/home/jordan/SDfR/assignment6/install/cam2image_vm2ros/bin'
[0.683s] INFO:colcon.colcon_core.shell:Creating package script '/home/jordan/SDfR/assignment6/install/cam2image_vm2ros/share/cam2image_vm2ros/package.ps1'
[0.684s] INFO:colcon.colcon_core.shell:Creating package descriptor '/home/jordan/SDfR/assignment6/install/cam2image_vm2ros/share/cam2image_vm2ros/package.dsv'
[0.684s] INFO:colcon.colcon_core.shell:Creating package script '/home/jordan/SDfR/assignment6/install/cam2image_vm2ros/share/cam2image_vm2ros/package.sh'
[0.685s] INFO:colcon.colcon_core.shell:Creating package script '/home/jordan/SDfR/assignment6/install/cam2image_vm2ros/share/cam2image_vm2ros/package.bash'
[0.685s] INFO:colcon.colcon_core.shell:Creating package script '/home/jordan/SDfR/assignment6/install/cam2image_vm2ros/share/cam2image_vm2ros/package.zsh'
[0.685s] Level 1:colcon.colcon_core.environment:create_file_with_runtime_dependencies(/home/jordan/SDfR/assignment6/install/cam2image_vm2ros/share/colcon-core/packages/cam2image_vm2ros)
[0.686s] Level 1:colcon.colcon_core.environment:create_environment_scripts_only(cam2image_vm2ros)
[0.686s] Level 1:colcon.colcon_core.environment:checking '/home/jordan/SDfR/assignment6/install/cam2image_vm2ros' for CMake module files
[0.686s] Level 1:colcon.colcon_core.environment:checking '/home/jordan/SDfR/assignment6/install/cam2image_vm2ros' for CMake config files
[0.687s] Level 1:colcon.colcon_core.shell:create_environment_hook('cam2image_vm2ros', 'cmake_prefix_path')
[0.687s] INFO:colcon.colcon_core.shell:Creating environment hook '/home/jordan/SDfR/assignment6/install/cam2image_vm2ros/share/cam2image_vm2ros/hook/cmake_prefix_path.ps1'
[0.687s] INFO:colcon.colcon_core.shell:Creating environment descriptor '/home/jordan/SDfR/assignment6/install/cam2image_vm2ros/share/cam2image_vm2ros/hook/cmake_prefix_path.dsv'
[0.688s] INFO:colcon.colcon_core.shell:Creating environment hook '/home/jordan/SDfR/assignment6/install/cam2image_vm2ros/share/cam2image_vm2ros/hook/cmake_prefix_path.sh'
[0.689s] Level 1:colcon.colcon_core.environment:checking '/home/jordan/SDfR/assignment6/install/cam2image_vm2ros/lib'
[0.689s] Level 1:colcon.colcon_core.shell:create_environment_hook('cam2image_vm2ros', 'ld_library_path_lib')
[0.689s] INFO:colcon.colcon_core.shell:Creating environment hook '/home/jordan/SDfR/assignment6/install/cam2image_vm2ros/share/cam2image_vm2ros/hook/ld_library_path_lib.ps1'
[0.690s] INFO:colcon.colcon_core.shell:Creating environment descriptor '/home/jordan/SDfR/assignment6/install/cam2image_vm2ros/share/cam2image_vm2ros/hook/ld_library_path_lib.dsv'
[0.690s] INFO:colcon.colcon_core.shell:Creating environment hook '/home/jordan/SDfR/assignment6/install/cam2image_vm2ros/share/cam2image_vm2ros/hook/ld_library_path_lib.sh'
[0.690s] Level 1:colcon.colcon_core.environment:checking '/home/jordan/SDfR/assignment6/install/cam2image_vm2ros/bin'
[0.691s] Level 1:colcon.colcon_core.environment:checking '/home/jordan/SDfR/assignment6/install/cam2image_vm2ros/lib/pkgconfig/cam2image_vm2ros.pc'
[0.691s] Level 1:colcon.colcon_core.environment:checking '/home/jordan/SDfR/assignment6/install/cam2image_vm2ros/lib/python3.10/site-packages'
[0.691s] Level 1:colcon.colcon_core.environment:checking '/home/jordan/SDfR/assignment6/install/cam2image_vm2ros/bin'
[0.692s] INFO:colcon.colcon_core.shell:Creating package script '/home/jordan/SDfR/assignment6/install/cam2image_vm2ros/share/cam2image_vm2ros/package.ps1'
[0.692s] INFO:colcon.colcon_core.shell:Creating package descriptor '/home/jordan/SDfR/assignment6/install/cam2image_vm2ros/share/cam2image_vm2ros/package.dsv'
[0.693s] INFO:colcon.colcon_core.shell:Creating package script '/home/jordan/SDfR/assignment6/install/cam2image_vm2ros/share/cam2image_vm2ros/package.sh'
[0.694s] INFO:colcon.colcon_core.shell:Creating package script '/home/jordan/SDfR/assignment6/install/cam2image_vm2ros/share/cam2image_vm2ros/package.bash'
[0.694s] INFO:colcon.colcon_core.shell:Creating package script '/home/jordan/SDfR/assignment6/install/cam2image_vm2ros/share/cam2image_vm2ros/package.zsh'
[0.695s] Level 1:colcon.colcon_core.environment:create_file_with_runtime_dependencies(/home/jordan/SDfR/assignment6/install/cam2image_vm2ros/share/colcon-core/packages/cam2image_vm2ros)
[0.696s] Level 1:colcon.colcon_core.environment:create_environment_scripts_only(relbot_simulator)
[0.697s] Level 1:colcon.colcon_core.environment:checking '/home/jordan/SDfR/assignment6/install/relbot_simulator' for CMake module files
[0.697s] DEBUG:colcon.colcon_core.event_handler.log_command:Invoked command in '/home/jordan/SDfR/assignment6/build/relbot_simulator' returned '0': CMAKE_PREFIX_PATH=/opt/ros/humble /usr/bin/cmake --install /home/jordan/SDfR/assignment6/build/relbot_simulator
[0.698s] Level 1:colcon.colcon_core.environment:checking '/home/jordan/SDfR/assignment6/install/relbot_simulator' for CMake config files
[0.698s] Level 1:colcon.colcon_core.shell:create_environment_hook('relbot_simulator', 'cmake_prefix_path')
[0.698s] INFO:colcon.colcon_core.shell:Creating environment hook '/home/jordan/SDfR/assignment6/install/relbot_simulator/share/relbot_simulator/hook/cmake_prefix_path.ps1'
[0.698s] INFO:colcon.colcon_core.shell:Creating environment descriptor '/home/jordan/SDfR/assignment6/install/relbot_simulator/share/relbot_simulator/hook/cmake_prefix_path.dsv'
[0.699s] INFO:colcon.colcon_core.shell:Creating environment hook '/home/jordan/SDfR/assignment6/install/relbot_simulator/share/relbot_simulator/hook/cmake_prefix_path.sh'
[0.699s] Level 1:colcon.colcon_core.environment:checking '/home/jordan/SDfR/assignment6/install/relbot_simulator/lib'
[0.699s] Level 1:colcon.colcon_core.environment:checking '/home/jordan/SDfR/assignment6/install/relbot_simulator/bin'
[0.699s] Level 1:colcon.colcon_core.environment:checking '/home/jordan/SDfR/assignment6/install/relbot_simulator/lib/pkgconfig/relbot_simulator.pc'
[0.700s] Level 1:colcon.colcon_core.environment:checking '/home/jordan/SDfR/assignment6/install/relbot_simulator/lib/python3.10/site-packages'
[0.700s] Level 1:colcon.colcon_core.environment:checking '/home/jordan/SDfR/assignment6/install/relbot_simulator/bin'
[0.700s] INFO:colcon.colcon_core.shell:Creating package script '/home/jordan/SDfR/assignment6/install/relbot_simulator/share/relbot_simulator/package.ps1'
[0.701s] INFO:colcon.colcon_core.shell:Creating package descriptor '/home/jordan/SDfR/assignment6/install/relbot_simulator/share/relbot_simulator/package.dsv'
[0.701s] INFO:colcon.colcon_core.shell:Creating package script '/home/jordan/SDfR/assignment6/install/relbot_simulator/share/relbot_simulator/package.sh'
[0.701s] INFO:colcon.colcon_core.shell:Creating package script '/home/jordan/SDfR/assignment6/install/relbot_simulator/share/relbot_simulator/package.bash'
[0.702s] INFO:colcon.colcon_core.shell:Creating package script '/home/jordan/SDfR/assignment6/install/relbot_simulator/share/relbot_simulator/package.zsh'
[0.702s] Level 1:colcon.colcon_core.environment:create_file_with_runtime_dependencies(/home/jordan/SDfR/assignment6/install/relbot_simulator/share/colcon-core/packages/relbot_simulator)
[0.703s] Level 1:colcon.colcon_core.environment:create_environment_scripts_only(relbot_simulator)
[0.703s] Level 1:colcon.colcon_core.environment:checking '/home/jordan/SDfR/assignment6/install/relbot_simulator' for CMake module files
[0.703s] Level 1:colcon.colcon_core.environment:checking '/home/jordan/SDfR/assignment6/install/relbot_simulator' for CMake config files
[0.704s] Level 1:colcon.colcon_core.shell:create_environment_hook('relbot_simulator', 'cmake_prefix_path')
[0.704s] INFO:colcon.colcon_core.shell:Creating environment hook '/home/jordan/SDfR/assignment6/install/relbot_simulator/share/relbot_simulator/hook/cmake_prefix_path.ps1'
[0.704s] INFO:colcon.colcon_core.shell:Creating environment descriptor '/home/jordan/SDfR/assignment6/install/relbot_simulator/share/relbot_simulator/hook/cmake_prefix_path.dsv'
[0.705s] INFO:colcon.colcon_core.shell:Creating environment hook '/home/jordan/SDfR/assignment6/install/relbot_simulator/share/relbot_simulator/hook/cmake_prefix_path.sh'
[0.705s] Level 1:colcon.colcon_core.environment:checking '/home/jordan/SDfR/assignment6/install/relbot_simulator/lib'
[0.705s] Level 1:colcon.colcon_core.environment:checking '/home/jordan/SDfR/assignment6/install/relbot_simulator/bin'
[0.705s] Level 1:colcon.colcon_core.environment:checking '/home/jordan/SDfR/assignment6/install/relbot_simulator/lib/pkgconfig/relbot_simulator.pc'
[0.706s] Level 1:colcon.colcon_core.environment:checking '/home/jordan/SDfR/assignment6/install/relbot_simulator/lib/python3.10/site-packages'
[0.706s] Level 1:colcon.colcon_core.environment:checking '/home/jordan/SDfR/assignment6/install/relbot_simulator/bin'
[0.706s] INFO:colcon.colcon_core.shell:Creating package script '/home/jordan/SDfR/assignment6/install/relbot_simulator/share/relbot_simulator/package.ps1'
[0.707s] INFO:colcon.colcon_core.shell:Creating package descriptor '/home/jordan/SDfR/assignment6/install/relbot_simulator/share/relbot_simulator/package.dsv'
[0.707s] INFO:colcon.colcon_core.shell:Creating package script '/home/jordan/SDfR/assignment6/install/relbot_simulator/share/relbot_simulator/package.sh'
[0.708s] INFO:colcon.colcon_core.shell:Creating package script '/home/jordan/SDfR/assignment6/install/relbot_simulator/share/relbot_simulator/package.bash'
[0.708s] INFO:colcon.colcon_core.shell:Creating package script '/home/jordan/SDfR/assignment6/install/relbot_simulator/share/relbot_simulator/package.zsh'
[0.708s] Level 1:colcon.colcon_core.environment:create_file_with_runtime_dependencies(/home/jordan/SDfR/assignment6/install/relbot_simulator/share/colcon-core/packages/relbot_simulator)
[12.407s] DEBUG:colcon.colcon_core.event_handler.log_command:Invoked command in '/home/jordan/SDfR/assignment6/build/relbot_sequence_controller' returned '0': CMAKE_PREFIX_PATH=/opt/ros/humble /usr/bin/cmake --build /home/jordan/SDfR/assignment6/build/relbot_sequence_controller -- -j16 -l16
[12.409s] DEBUG:colcon.colcon_core.event_handler.log_command:Invoking command in '/home/jordan/SDfR/assignment6/build/relbot_sequence_controller': CMAKE_PREFIX_PATH=/opt/ros/humble /usr/bin/cmake --install /home/jordan/SDfR/assignment6/build/relbot_sequence_controller
[12.433s] Level 1:colcon.colcon_core.environment:create_environment_scripts_only(relbot_sequence_controller)
[12.433s] Level 1:colcon.colcon_core.environment:checking '/home/jordan/SDfR/assignment6/install/relbot_sequence_controller' for CMake module files
[12.434s] DEBUG:colcon.colcon_core.event_handler.log_command:Invoked command in '/home/jordan/SDfR/assignment6/build/relbot_sequence_controller' returned '0': CMAKE_PREFIX_PATH=/opt/ros/humble /usr/bin/cmake --install /home/jordan/SDfR/assignment6/build/relbot_sequence_controller
[12.434s] Level 1:colcon.colcon_core.environment:checking '/home/jordan/SDfR/assignment6/install/relbot_sequence_controller' for CMake config files
[12.435s] Level 1:colcon.colcon_core.shell:create_environment_hook('relbot_sequence_controller', 'cmake_prefix_path')
[12.435s] INFO:colcon.colcon_core.shell:Creating environment hook '/home/jordan/SDfR/assignment6/install/relbot_sequence_controller/share/relbot_sequence_controller/hook/cmake_prefix_path.ps1'
[12.436s] INFO:colcon.colcon_core.shell:Creating environment descriptor '/home/jordan/SDfR/assignment6/install/relbot_sequence_controller/share/relbot_sequence_controller/hook/cmake_prefix_path.dsv'
[12.436s] INFO:colcon.colcon_core.shell:Creating environment hook '/home/jordan/SDfR/assignment6/install/relbot_sequence_controller/share/relbot_sequence_controller/hook/cmake_prefix_path.sh'
[12.437s] Level 1:colcon.colcon_core.environment:checking '/home/jordan/SDfR/assignment6/install/relbot_sequence_controller/lib'
[12.437s] Level 1:colcon.colcon_core.environment:checking '/home/jordan/SDfR/assignment6/install/relbot_sequence_controller/bin'
[12.437s] Level 1:colcon.colcon_core.environment:checking '/home/jordan/SDfR/assignment6/install/relbot_sequence_controller/lib/pkgconfig/relbot_sequence_controller.pc'
[12.437s] Level 1:colcon.colcon_core.environment:checking '/home/jordan/SDfR/assignment6/install/relbot_sequence_controller/lib/python3.10/site-packages'
[12.438s] Level 1:colcon.colcon_core.environment:checking '/home/jordan/SDfR/assignment6/install/relbot_sequence_controller/bin'
[12.438s] INFO:colcon.colcon_core.shell:Creating package script '/home/jordan/SDfR/assignment6/install/relbot_sequence_controller/share/relbot_sequence_controller/package.ps1'
[12.439s] INFO:colcon.colcon_core.shell:Creating package descriptor '/home/jordan/SDfR/assignment6/install/relbot_sequence_controller/share/relbot_sequence_controller/package.dsv'
[12.439s] INFO:colcon.colcon_core.shell:Creating package script '/home/jordan/SDfR/assignment6/install/relbot_sequence_controller/share/relbot_sequence_controller/package.sh'
[12.439s] INFO:colcon.colcon_core.shell:Creating package script '/home/jordan/SDfR/assignment6/install/relbot_sequence_controller/share/relbot_sequence_controller/package.bash'
[12.440s] INFO:colcon.colcon_core.shell:Creating package script '/home/jordan/SDfR/assignment6/install/relbot_sequence_controller/share/relbot_sequence_controller/package.zsh'
[12.440s] Level 1:colcon.colcon_core.environment:create_file_with_runtime_dependencies(/home/jordan/SDfR/assignment6/install/relbot_sequence_controller/share/colcon-core/packages/relbot_sequence_controller)
[12.441s] Level 1:colcon.colcon_core.environment:create_environment_scripts_only(relbot_sequence_controller)
[12.441s] Level 1:colcon.colcon_core.environment:checking '/home/jordan/SDfR/assignment6/install/relbot_sequence_controller' for CMake module files
[12.441s] Level 1:colcon.colcon_core.environment:checking '/home/jordan/SDfR/assignment6/install/relbot_sequence_controller' for CMake config files
[12.442s] Level 1:colcon.colcon_core.shell:create_environment_hook('relbot_sequence_controller', 'cmake_prefix_path')
[12.442s] INFO:colcon.colcon_core.shell:Creating environment hook '/home/jordan/SDfR/assignment6/install/relbot_sequence_controller/share/relbot_sequence_controller/hook/cmake_prefix_path.ps1'
[12.442s] INFO:colcon.colcon_core.shell:Creating environment descriptor '/home/jordan/SDfR/assignment6/install/relbot_sequence_controller/share/relbot_sequence_controller/hook/cmake_prefix_path.dsv'
[12.443s] INFO:colcon.colcon_core.shell:Creating environment hook '/home/jordan/SDfR/assignment6/install/relbot_sequence_controller/share/relbot_sequence_controller/hook/cmake_prefix_path.sh'
[12.443s] Level 1:colcon.colcon_core.environment:checking '/home/jordan/SDfR/assignment6/install/relbot_sequence_controller/lib'
[12.443s] Level 1:colcon.colcon_core.environment:checking '/home/jordan/SDfR/assignment6/install/relbot_sequence_controller/bin'
[12.443s] Level 1:colcon.colcon_core.environment:checking '/home/jordan/SDfR/assignment6/install/relbot_sequence_controller/lib/pkgconfig/relbot_sequence_controller.pc'
[12.444s] Level 1:colcon.colcon_core.environment:checking '/home/jordan/SDfR/assignment6/install/relbot_sequence_controller/lib/python3.10/site-packages'
[12.444s] Level 1:colcon.colcon_core.environment:checking '/home/jordan/SDfR/assignment6/install/relbot_sequence_controller/bin'
[12.444s] INFO:colcon.colcon_core.shell:Creating package script '/home/jordan/SDfR/assignment6/install/relbot_sequence_controller/share/relbot_sequence_controller/package.ps1'
[12.445s] INFO:colcon.colcon_core.shell:Creating package descriptor '/home/jordan/SDfR/assignment6/install/relbot_sequence_controller/share/relbot_sequence_controller/package.dsv'
[12.445s] INFO:colcon.colcon_core.shell:Creating package script '/home/jordan/SDfR/assignment6/install/relbot_sequence_controller/share/relbot_sequence_controller/package.sh'
[12.446s] INFO:colcon.colcon_core.shell:Creating package script '/home/jordan/SDfR/assignment6/install/relbot_sequence_controller/share/relbot_sequence_controller/package.bash'
[12.446s] INFO:colcon.colcon_core.shell:Creating package script '/home/jordan/SDfR/assignment6/install/relbot_sequence_controller/share/relbot_sequence_controller/package.zsh'
[12.446s] Level 1:colcon.colcon_core.environment:create_file_with_runtime_dependencies(/home/jordan/SDfR/assignment6/install/relbot_sequence_controller/share/colcon-core/packages/relbot_sequence_controller)
[12.447s] DEBUG:colcon.colcon_parallel_executor.executor.parallel:closing loop
[12.447s] DEBUG:colcon.colcon_parallel_executor.executor.parallel:loop closed
[12.448s] DEBUG:colcon.colcon_parallel_executor.executor.parallel:run_until_complete finished with '0'
[12.448s] DEBUG:colcon.colcon_core.event_reactor:joining thread
[12.454s] INFO:colcon.colcon_core.plugin_system:Skipping extension 'colcon_notification.desktop_notification.terminal_notifier': Not used on non-Darwin systems
[12.454s] INFO:colcon.colcon_core.plugin_system:Skipping extension 'colcon_notification.desktop_notification.win32': Not used on non-Windows systems
[12.454s] INFO:colcon.colcon_notification.desktop_notification:Sending desktop notification using 'notify2'
[12.454s] DEBUG:colcon.colcon_notification.desktop_notification.notify2:Failed to initialize notify2: org.freedesktop.DBus.Error.FileNotFound: Failed to connect to socket /run/user/1000/bus: No such file or directory
[12.454s] DEBUG:colcon.colcon_core.event_reactor:joined thread
[12.454s] INFO:colcon.colcon_core.shell:Creating prefix script '/home/jordan/SDfR/assignment6/install/local_setup.ps1'
[12.455s] INFO:colcon.colcon_core.shell:Creating prefix util module '/home/jordan/SDfR/assignment6/install/_local_setup_util_ps1.py'
[12.456s] INFO:colcon.colcon_core.shell:Creating prefix chain script '/home/jordan/SDfR/assignment6/install/setup.ps1'
[12.457s] INFO:colcon.colcon_core.shell:Creating prefix script '/home/jordan/SDfR/assignment6/install/local_setup.sh'
[12.458s] INFO:colcon.colcon_core.shell:Creating prefix util module '/home/jordan/SDfR/assignment6/install/_local_setup_util_sh.py'
[12.459s] INFO:colcon.colcon_core.shell:Creating prefix chain script '/home/jordan/SDfR/assignment6/install/setup.sh'
[12.459s] INFO:colcon.colcon_core.shell:Creating prefix script '/home/jordan/SDfR/assignment6/install/local_setup.bash'
[12.460s] INFO:colcon.colcon_core.shell:Creating prefix chain script '/home/jordan/SDfR/assignment6/install/setup.bash'
[12.461s] INFO:colcon.colcon_core.shell:Creating prefix script '/home/jordan/SDfR/assignment6/install/local_setup.zsh'
[12.461s] INFO:colcon.colcon_core.shell:Creating prefix chain script '/home/jordan/SDfR/assignment6/install/setup.zsh'
