[0.117s] Invoking command in '/home/sdfr-ppd-01/SDfR/assignment6/build/relbot_launch': CMAKE_PREFIX_PATH=/home/sdfr-ppd-01/SDfR/assignment6/install/relbot_simulator:/home/sdfr-ppd-01/SDfR/assignment6/install/relbot_sequence_controller:/home/sdfr-ppd-01/SDfR/assignment6/install/relbot2turtlesim:/home/sdfr-ppd-01/SDfR/assignment6/install/green_object_detector:/home/sdfr-ppd-01/SDfR/assignment6/install/cam2image_vm2ros:/home/sdfr-ppd-01/SDfR/assignment6/install/ros_xeno_bridge:/home/sdfr-ppd-01/SDfR/assignment6/install/xrf2_msgs:/home/sdfr-ppd-01/SDfR/assignment6/install/relbot_launch:/home/sdfr-ppd-01/SDfR/assignment6/install/relbot_adapter:/home/sdfr-ppd-01/SDfR/assignment6/install/relbot_msgs:/home/sdfr-ppd-01/SDfR/assignment6/install/image_functions_sdfr:/opt/ros/humble LD_LIBRARY_PATH=/home/sdfr-ppd-01/SDfR/assignment6/install/cam2image_vm2ros/lib:/home/sdfr-ppd-01/SDfR/assignment6/install/xrf2_msgs/lib:/home/sdfr-ppd-01/SDfR/assignment6/install/relbot_msgs/lib:/home/sdfr-ppd-01/SDfR/assignment6/install/image_functions_sdfr/lib:/opt/ros/humble/opt/rviz_ogre_vendor/lib:/opt/ros/humble/lib/aarch64-linux-gnu:/opt/ros/humble/lib /usr/bin/cmake /home/sdfr-ppd-01/SDfR/assignment6/src/relbot_launch -DCMAKE_INSTALL_PREFIX=/home/sdfr-ppd-01/SDfR/assignment6/install/relbot_launch
[0.492s] -- The C compiler identification is GNU 11.4.0
[0.839s] -- The CXX compiler identification is GNU 11.4.0
[0.870s] -- Detecting C compiler ABI info
[1.207s] -- Detecting C compiler ABI info - done
[1.258s] -- Check for working C compiler: /usr/bin/cc - skipped
[1.260s] -- Detecting C compile features
[1.261s] -- Detecting C compile features - done
[1.285s] -- Detecting CXX compiler ABI info
[1.639s] -- Detecting CXX compiler ABI info - done
[1.683s] -- Check for working CXX compiler: /usr/bin/c++ - skipped
[1.686s] -- Detecting CXX compile features
[1.689s] -- Detecting CXX compile features - done
[1.702s] -- Found ament_cmake: 1.3.11 (/opt/ros/humble/share/ament_cmake/cmake)
[2.548s] -- Found Python3: /usr/bin/python3 (found version "3.10.12") found components: Interpreter 
[3.097s] -- Found ament_lint_auto: 0.12.11 (/opt/ros/humble/share/ament_lint_auto/cmake)
[3.822s] -- Added test 'flake8' to check Python code syntax and style conventions
[3.827s] -- Added test 'lint_cmake' to check CMake code style
[3.833s] -- Added test 'pep257' to check Python code against some of the docstring style conventions in PEP 257
[3.840s] -- Added test 'xmllint' to check XML markup files
[3.853s] -- Configuring done
[3.896s] -- Generating done
[3.922s] -- Build files have been written to: /home/sdfr-ppd-01/SDfR/assignment6/build/relbot_launch
[3.949s] Invoked command in '/home/sdfr-ppd-01/SDfR/assignment6/build/relbot_launch' returned '0': CMAKE_PREFIX_PATH=/home/sdfr-ppd-01/SDfR/assignment6/install/relbot_simulator:/home/sdfr-ppd-01/SDfR/assignment6/install/relbot_sequence_controller:/home/sdfr-ppd-01/SDfR/assignment6/install/relbot2turtlesim:/home/sdfr-ppd-01/SDfR/assignment6/install/green_object_detector:/home/sdfr-ppd-01/SDfR/assignment6/install/cam2image_vm2ros:/home/sdfr-ppd-01/SDfR/assignment6/install/ros_xeno_bridge:/home/sdfr-ppd-01/SDfR/assignment6/install/xrf2_msgs:/home/sdfr-ppd-01/SDfR/assignment6/install/relbot_launch:/home/sdfr-ppd-01/SDfR/assignment6/install/relbot_adapter:/home/sdfr-ppd-01/SDfR/assignment6/install/relbot_msgs:/home/sdfr-ppd-01/SDfR/assignment6/install/image_functions_sdfr:/opt/ros/humble LD_LIBRARY_PATH=/home/sdfr-ppd-01/SDfR/assignment6/install/cam2image_vm2ros/lib:/home/sdfr-ppd-01/SDfR/assignment6/install/xrf2_msgs/lib:/home/sdfr-ppd-01/SDfR/assignment6/install/relbot_msgs/lib:/home/sdfr-ppd-01/SDfR/assignment6/install/image_functions_sdfr/lib:/opt/ros/humble/opt/rviz_ogre_vendor/lib:/opt/ros/humble/lib/aarch64-linux-gnu:/opt/ros/humble/lib /usr/bin/cmake /home/sdfr-ppd-01/SDfR/assignment6/src/relbot_launch -DCMAKE_INSTALL_PREFIX=/home/sdfr-ppd-01/SDfR/assignment6/install/relbot_launch
[3.953s] Invoking command in '/home/sdfr-ppd-01/SDfR/assignment6/build/relbot_launch': CMAKE_PREFIX_PATH=/home/sdfr-ppd-01/SDfR/assignment6/install/relbot_simulator:/home/sdfr-ppd-01/SDfR/assignment6/install/relbot_sequence_controller:/home/sdfr-ppd-01/SDfR/assignment6/install/relbot2turtlesim:/home/sdfr-ppd-01/SDfR/assignment6/install/green_object_detector:/home/sdfr-ppd-01/SDfR/assignment6/install/cam2image_vm2ros:/home/sdfr-ppd-01/SDfR/assignment6/install/ros_xeno_bridge:/home/sdfr-ppd-01/SDfR/assignment6/install/xrf2_msgs:/home/sdfr-ppd-01/SDfR/assignment6/install/relbot_launch:/home/sdfr-ppd-01/SDfR/assignment6/install/relbot_adapter:/home/sdfr-ppd-01/SDfR/assignment6/install/relbot_msgs:/home/sdfr-ppd-01/SDfR/assignment6/install/image_functions_sdfr:/opt/ros/humble LD_LIBRARY_PATH=/home/sdfr-ppd-01/SDfR/assignment6/install/cam2image_vm2ros/lib:/home/sdfr-ppd-01/SDfR/assignment6/install/xrf2_msgs/lib:/home/sdfr-ppd-01/SDfR/assignment6/install/relbot_msgs/lib:/home/sdfr-ppd-01/SDfR/assignment6/install/image_functions_sdfr/lib:/opt/ros/humble/opt/rviz_ogre_vendor/lib:/opt/ros/humble/lib/aarch64-linux-gnu:/opt/ros/humble/lib /usr/bin/cmake --build /home/sdfr-ppd-01/SDfR/assignment6/build/relbot_launch -- -j3 -l3
[4.105s] Invoked command in '/home/sdfr-ppd-01/SDfR/assignment6/build/relbot_launch' returned '0': CMAKE_PREFIX_PATH=/home/sdfr-ppd-01/SDfR/assignment6/install/relbot_simulator:/home/sdfr-ppd-01/SDfR/assignment6/install/relbot_sequence_controller:/home/sdfr-ppd-01/SDfR/assignment6/install/relbot2turtlesim:/home/sdfr-ppd-01/SDfR/assignment6/install/green_object_detector:/home/sdfr-ppd-01/SDfR/assignment6/install/cam2image_vm2ros:/home/sdfr-ppd-01/SDfR/assignment6/install/ros_xeno_bridge:/home/sdfr-ppd-01/SDfR/assignment6/install/xrf2_msgs:/home/sdfr-ppd-01/SDfR/assignment6/install/relbot_launch:/home/sdfr-ppd-01/SDfR/assignment6/install/relbot_adapter:/home/sdfr-ppd-01/SDfR/assignment6/install/relbot_msgs:/home/sdfr-ppd-01/SDfR/assignment6/install/image_functions_sdfr:/opt/ros/humble LD_LIBRARY_PATH=/home/sdfr-ppd-01/SDfR/assignment6/install/cam2image_vm2ros/lib:/home/sdfr-ppd-01/SDfR/assignment6/install/xrf2_msgs/lib:/home/sdfr-ppd-01/SDfR/assignment6/install/relbot_msgs/lib:/home/sdfr-ppd-01/SDfR/assignment6/install/image_functions_sdfr/lib:/opt/ros/humble/opt/rviz_ogre_vendor/lib:/opt/ros/humble/lib/aarch64-linux-gnu:/opt/ros/humble/lib /usr/bin/cmake --build /home/sdfr-ppd-01/SDfR/assignment6/build/relbot_launch -- -j3 -l3
[4.113s] Invoking command in '/home/sdfr-ppd-01/SDfR/assignment6/build/relbot_launch': CMAKE_PREFIX_PATH=/home/sdfr-ppd-01/SDfR/assignment6/install/relbot_simulator:/home/sdfr-ppd-01/SDfR/assignment6/install/relbot_sequence_controller:/home/sdfr-ppd-01/SDfR/assignment6/install/relbot2turtlesim:/home/sdfr-ppd-01/SDfR/assignment6/install/green_object_detector:/home/sdfr-ppd-01/SDfR/assignment6/install/cam2image_vm2ros:/home/sdfr-ppd-01/SDfR/assignment6/install/ros_xeno_bridge:/home/sdfr-ppd-01/SDfR/assignment6/install/xrf2_msgs:/home/sdfr-ppd-01/SDfR/assignment6/install/relbot_launch:/home/sdfr-ppd-01/SDfR/assignment6/install/relbot_adapter:/home/sdfr-ppd-01/SDfR/assignment6/install/relbot_msgs:/home/sdfr-ppd-01/SDfR/assignment6/install/image_functions_sdfr:/opt/ros/humble LD_LIBRARY_PATH=/home/sdfr-ppd-01/SDfR/assignment6/install/cam2image_vm2ros/lib:/home/sdfr-ppd-01/SDfR/assignment6/install/xrf2_msgs/lib:/home/sdfr-ppd-01/SDfR/assignment6/install/relbot_msgs/lib:/home/sdfr-ppd-01/SDfR/assignment6/install/image_functions_sdfr/lib:/opt/ros/humble/opt/rviz_ogre_vendor/lib:/opt/ros/humble/lib/aarch64-linux-gnu:/opt/ros/humble/lib /usr/bin/cmake --install /home/sdfr-ppd-01/SDfR/assignment6/build/relbot_launch
[4.146s] -- Install configuration: ""
[4.150s] -- Installing: /home/sdfr-ppd-01/SDfR/assignment6/install/relbot_launch/share/relbot_launch//launch
[4.155s] -- Installing: /home/sdfr-ppd-01/SDfR/assignment6/install/relbot_launch/share/relbot_launch//launch/__pycache__
[4.161s] -- Installing: /home/sdfr-ppd-01/SDfR/assignment6/install/relbot_launch/share/relbot_launch//launch/__pycache__/relbot_implementation.launch.cpython-310.pyc
[4.167s] -- Installing: /home/sdfr-ppd-01/SDfR/assignment6/install/relbot_launch/share/relbot_launch//launch/relbot_green_tracking.launch.py
[4.175s] -- Installing: /home/sdfr-ppd-01/SDfR/assignment6/install/relbot_launch/share/relbot_launch//launch/relbot_system.launch.py
[4.181s] -- Installing: /home/sdfr-ppd-01/SDfR/assignment6/install/relbot_launch/share/relbot_launch//launch/relbot_to_turtle.launch.py
[4.192s] -- Installing: /home/sdfr-ppd-01/SDfR/assignment6/install/relbot_launch/share/relbot_launch//launch/relbot_system_joystick.launch.py
[4.198s] -- Installing: /home/sdfr-ppd-01/SDfR/assignment6/install/relbot_launch/share/relbot_launch//launch/relbot_implementation.launch.py
[4.201s] -- Installing: /home/sdfr-ppd-01/SDfR/assignment6/install/relbot_launch/share/relbot_launch//launch/relbot_sequence_controller.launch.py
[4.202s] -- Installing: /home/sdfr-ppd-01/SDfR/assignment6/install/relbot_launch/share/ament_index/resource_index/package_run_dependencies/relbot_launch
[4.205s] -- Installing: /home/sdfr-ppd-01/SDfR/assignment6/install/relbot_launch/share/ament_index/resource_index/parent_prefix_path/relbot_launch
[4.209s] -- Installing: /home/sdfr-ppd-01/SDfR/assignment6/install/relbot_launch/share/relbot_launch/environment/ament_prefix_path.sh
[4.215s] -- Installing: /home/sdfr-ppd-01/SDfR/assignment6/install/relbot_launch/share/relbot_launch/environment/ament_prefix_path.dsv
[4.217s] -- Installing: /home/sdfr-ppd-01/SDfR/assignment6/install/relbot_launch/share/relbot_launch/environment/path.sh
[4.222s] -- Installing: /home/sdfr-ppd-01/SDfR/assignment6/install/relbot_launch/share/relbot_launch/environment/path.dsv
[4.224s] -- Installing: /home/sdfr-ppd-01/SDfR/assignment6/install/relbot_launch/share/relbot_launch/local_setup.bash
[4.228s] -- Installing: /home/sdfr-ppd-01/SDfR/assignment6/install/relbot_launch/share/relbot_launch/local_setup.sh
[4.231s] -- Installing: /home/sdfr-ppd-01/SDfR/assignment6/install/relbot_launch/share/relbot_launch/local_setup.zsh
[4.237s] -- Installing: /home/sdfr-ppd-01/SDfR/assignment6/install/relbot_launch/share/relbot_launch/local_setup.dsv
[4.240s] -- Installing: /home/sdfr-ppd-01/SDfR/assignment6/install/relbot_launch/share/relbot_launch/package.dsv
[4.245s] -- Installing: /home/sdfr-ppd-01/SDfR/assignment6/install/relbot_launch/share/ament_index/resource_index/packages/relbot_launch
[4.250s] -- Installing: /home/sdfr-ppd-01/SDfR/assignment6/install/relbot_launch/share/relbot_launch/cmake/relbot_launchConfig.cmake
[4.256s] -- Installing: /home/sdfr-ppd-01/SDfR/assignment6/install/relbot_launch/share/relbot_launch/cmake/relbot_launchConfig-version.cmake
[4.273s] -- Installing: /home/sdfr-ppd-01/SDfR/assignment6/install/relbot_launch/share/relbot_launch/package.xml
[4.279s] Invoked command in '/home/sdfr-ppd-01/SDfR/assignment6/build/relbot_launch' returned '0': CMAKE_PREFIX_PATH=/home/sdfr-ppd-01/SDfR/assignment6/install/relbot_simulator:/home/sdfr-ppd-01/SDfR/assignment6/install/relbot_sequence_controller:/home/sdfr-ppd-01/SDfR/assignment6/install/relbot2turtlesim:/home/sdfr-ppd-01/SDfR/assignment6/install/green_object_detector:/home/sdfr-ppd-01/SDfR/assignment6/install/cam2image_vm2ros:/home/sdfr-ppd-01/SDfR/assignment6/install/ros_xeno_bridge:/home/sdfr-ppd-01/SDfR/assignment6/install/xrf2_msgs:/home/sdfr-ppd-01/SDfR/assignment6/install/relbot_launch:/home/sdfr-ppd-01/SDfR/assignment6/install/relbot_adapter:/home/sdfr-ppd-01/SDfR/assignment6/install/relbot_msgs:/home/sdfr-ppd-01/SDfR/assignment6/install/image_functions_sdfr:/opt/ros/humble LD_LIBRARY_PATH=/home/sdfr-ppd-01/SDfR/assignment6/install/cam2image_vm2ros/lib:/home/sdfr-ppd-01/SDfR/assignment6/install/xrf2_msgs/lib:/home/sdfr-ppd-01/SDfR/assignment6/install/relbot_msgs/lib:/home/sdfr-ppd-01/SDfR/assignment6/install/image_functions_sdfr/lib:/opt/ros/humble/opt/rviz_ogre_vendor/lib:/opt/ros/humble/lib/aarch64-linux-gnu:/opt/ros/humble/lib /usr/bin/cmake --install /home/sdfr-ppd-01/SDfR/assignment6/build/relbot_launch
