[0.028s] Invoking command in '/home/jordan/git_repos/SDfR/assignment6/build/xrf2_msgs': CMAKE_PREFIX_PATH=${CMAKE_PREFIX_PATH}:/opt/ros/jazzy DEBUGINFOD_URLS=https://debuginfod.ubuntu.com /usr/bin/cmake /home/jordan/git_repos/SDfR/assignment6/src/XRF2/XenoRosFramework/Common/XRF2_msgs -DCMAKE_INSTALL_PREFIX=/home/jordan/git_repos/SDfR/assignment6/install/xrf2_msgs
[0.094s] -- The C compiler identification is GNU 13.3.0
[0.167s] -- The CXX compiler identification is GNU 13.3.0
[0.187s] -- Detecting C compiler ABI info
[0.313s] -- Detecting C compiler ABI info - done
[0.324s] -- Check for working C compiler: /usr/bin/cc - skipped
[0.324s] -- Detecting C compile features
[0.324s] -- Detecting C compile features - done
[0.336s] -- Detecting CXX compiler ABI info
[0.466s] -- Detecting CXX compiler ABI info - done
[0.482s] -- Check for working CXX compiler: /usr/bin/c++ - skipped
[0.482s] -- Detecting CXX compile features
[0.483s] -- Detecting CXX compile features - done
[0.489s] -- Found ament_cmake: 2.5.6 (/opt/ros/jazzy/share/ament_cmake/cmake)
[0.743s] -- Found Python3: /usr/bin/python3 (found version "3.12.3") found components: Interpreter 
[0.878s] -- Found rosidl_default_generators: 1.6.0 (/opt/ros/jazzy/share/rosidl_default_generators/cmake)
[0.888s] -- Using all available rosidl_typesupport_c: rosidl_typesupport_fastrtps_c;rosidl_typesupport_introspection_c
[0.964s] -- Using all available rosidl_typesupport_cpp: rosidl_typesupport_fastrtps_cpp;rosidl_typesupport_introspection_cpp
[1.032s] -- Found rosidl_adapter: 4.6.7 (/opt/ros/jazzy/share/rosidl_adapter/cmake)
[1.662s] -- Found ament_cmake_ros: 0.12.0 (/opt/ros/jazzy/share/ament_cmake_ros/cmake)
[2.352s] -- Using all available rosidl_typesupport_c: rosidl_typesupport_fastrtps_c;rosidl_typesupport_introspection_c
[3.218s] -- Using all available rosidl_typesupport_cpp: rosidl_typesupport_fastrtps_cpp;rosidl_typesupport_introspection_cpp
[3.225s] -- Found python_cmake_module: 0.11.1 (/opt/ros/jazzy/share/python_cmake_module/cmake)
[3.441s] -- Found PythonExtra: /usr/bin/python3  
[4.133s] -- Found Python3: /usr/bin/python3 (found version "3.12.3") found components: Interpreter Development NumPy Development.Module Development.Embed 
[4.229s] -- Found Python3: /usr/bin/python3 (found version "3.12.3") found components: Interpreter 
[4.235s] -- Found ament_lint_auto: 0.17.5 (/opt/ros/jazzy/share/ament_lint_auto/cmake)
[4.287s] -- Added test 'lint_cmake' to check CMake code style
[4.290s] -- Added test 'xmllint' to check XML markup files
[4.296s] -- Configuring done (4.3s)
[4.354s] -- Generating done (0.0s)
[4.372s] -- Build files have been written to: /home/jordan/git_repos/SDfR/assignment6/build/xrf2_msgs
[4.387s] Invoked command in '/home/jordan/git_repos/SDfR/assignment6/build/xrf2_msgs' returned '0': CMAKE_PREFIX_PATH=${CMAKE_PREFIX_PATH}:/opt/ros/jazzy DEBUGINFOD_URLS=https://debuginfod.ubuntu.com /usr/bin/cmake /home/jordan/git_repos/SDfR/assignment6/src/XRF2/XenoRosFramework/Common/XRF2_msgs -DCMAKE_INSTALL_PREFIX=/home/jordan/git_repos/SDfR/assignment6/install/xrf2_msgs
[4.389s] Invoking command in '/home/jordan/git_repos/SDfR/assignment6/build/xrf2_msgs': CMAKE_PREFIX_PATH=${CMAKE_PREFIX_PATH}:/opt/ros/jazzy DEBUGINFOD_URLS=https://debuginfod.ubuntu.com /usr/bin/cmake --build /home/jordan/git_repos/SDfR/assignment6/build/xrf2_msgs -- -j16 -l16
[4.479s] [  4%] [34m[1mGenerating Rust code for ROS interfaces[0m
[4.479s] [  4%] [34m[1mGenerating type hashes for ROS interfaces[0m
[4.495s] [  4%] Built target ament_cmake_python_copy_xrf2_msgs
[4.850s] [  4%] Built target xrf2_msgs__rosidl_generator_type_description
[4.874s] [  6%] [34m[1mGenerating C code for ROS interfaces[0m
[4.876s] [  6%] Built target xrf2_msgs__rs
[4.884s] running egg_info
[4.885s] creating xrf2_msgs.egg-info
[4.888s] [  8%] [34m[1mGenerating C++ code for ROS interfaces[0m
[4.923s] writing xrf2_msgs.egg-info/PKG-INFO
[4.923s] writing dependency_links to xrf2_msgs.egg-info/dependency_links.txt
[4.924s] writing top-level names to xrf2_msgs.egg-info/top_level.txt
[4.924s] writing manifest file 'xrf2_msgs.egg-info/SOURCES.txt'
[5.033s] reading manifest file 'xrf2_msgs.egg-info/SOURCES.txt'
[5.034s] writing manifest file 'xrf2_msgs.egg-info/SOURCES.txt'
[5.112s] [  8%] Built target ament_cmake_python_build_xrf2_msgs_egg
[5.353s] [  8%] Built target xrf2_msgs__cpp
[5.423s] [ 11%] [32mBuilding C object CMakeFiles/xrf2_msgs__rosidl_generator_c.dir/rosidl_generator_c/xrf2_msgs/msg/detail/ros2_xeno__description.c.o[0m
[5.428s] [ 13%] [32mBuilding C object CMakeFiles/xrf2_msgs__rosidl_generator_c.dir/rosidl_generator_c/xrf2_msgs/msg/detail/ros2_xeno__functions.c.o[0m
[5.437s] [ 15%] [32mBuilding C object CMakeFiles/xrf2_msgs__rosidl_generator_c.dir/rosidl_generator_c/xrf2_msgs/msg/detail/xeno2_ros__description.c.o[0m
[5.444s] [ 17%] [32mBuilding C object CMakeFiles/xrf2_msgs__rosidl_generator_c.dir/rosidl_generator_c/xrf2_msgs/msg/detail/ros2_xeno__type_support.c.o[0m
[5.450s] [ 20%] [32mBuilding C object CMakeFiles/xrf2_msgs__rosidl_generator_c.dir/rosidl_generator_c/xrf2_msgs/msg/detail/xeno2_ros__type_support.c.o[0m
[5.451s] [ 22%] [32mBuilding C object CMakeFiles/xrf2_msgs__rosidl_generator_c.dir/rosidl_generator_c/xrf2_msgs/msg/detail/xeno2_ros__functions.c.o[0m
[5.546s] [ 24%] [32m[1mLinking C shared library libxrf2_msgs__rosidl_generator_c.so[0m
[5.639s] [ 24%] Built target xrf2_msgs__rosidl_generator_c
[5.662s] [ 28%] [34m[1mGenerating C++ type support for eProsima Fast-RTPS[0m
[5.662s] [ 28%] [34m[1mGenerating C introspection for ROS interfaces[0m
[5.679s] [ 31%] [34m[1mGenerating C type support dispatch for ROS interfaces[0m
[5.686s] [ 33%] [34m[1mGenerating C type support for eProsima Fast-RTPS[0m
[5.696s] [ 35%] [34m[1mGenerating C++ type support dispatch for ROS interfaces[0m
[5.696s] [ 37%] [34m[1mGenerating C++ introspection for ROS interfaces[0m
[6.168s] [ 40%] [32mBuilding CXX object CMakeFiles/xrf2_msgs__rosidl_typesupport_c.dir/rosidl_typesupport_c/xrf2_msgs/msg/ros2_xeno__type_support.cpp.o[0m
[6.195s] [ 42%] [32mBuilding CXX object CMakeFiles/xrf2_msgs__rosidl_typesupport_c.dir/rosidl_typesupport_c/xrf2_msgs/msg/xeno2_ros__type_support.cpp.o[0m
[6.255s] [ 44%] [32mBuilding CXX object CMakeFiles/xrf2_msgs__rosidl_typesupport_fastrtps_c.dir/rosidl_typesupport_fastrtps_c/xrf2_msgs/msg/detail/xeno2_ros__type_support_c.cpp.o[0m
[6.257s] [ 46%] [32mBuilding CXX object CMakeFiles/xrf2_msgs__rosidl_typesupport_fastrtps_c.dir/rosidl_typesupport_fastrtps_c/xrf2_msgs/msg/detail/ros2_xeno__type_support_c.cpp.o[0m
[6.266s] [ 48%] [32mBuilding CXX object CMakeFiles/xrf2_msgs__rosidl_typesupport_introspection_cpp.dir/rosidl_typesupport_introspection_cpp/xrf2_msgs/msg/detail/ros2_xeno__type_support.cpp.o[0m
[6.269s] [ 51%] [32mBuilding CXX object CMakeFiles/xrf2_msgs__rosidl_typesupport_introspection_cpp.dir/rosidl_typesupport_introspection_cpp/xrf2_msgs/msg/detail/xeno2_ros__type_support.cpp.o[0m
[6.285s] [ 53%] [32mBuilding C object CMakeFiles/xrf2_msgs__rosidl_typesupport_introspection_c.dir/rosidl_typesupport_introspection_c/xrf2_msgs/msg/detail/ros2_xeno__type_support.c.o[0m
[6.291s] [ 55%] [32mBuilding C object CMakeFiles/xrf2_msgs__rosidl_typesupport_introspection_c.dir/rosidl_typesupport_introspection_c/xrf2_msgs/msg/detail/xeno2_ros__type_support.c.o[0m
[6.295s] [ 57%] [32m[1mLinking CXX shared library libxrf2_msgs__rosidl_typesupport_c.so[0m
[6.330s] [ 60%] [32mBuilding CXX object CMakeFiles/xrf2_msgs__rosidl_typesupport_cpp.dir/rosidl_typesupport_cpp/xrf2_msgs/msg/xeno2_ros__type_support.cpp.o[0m
[6.330s] [ 62%] [32mBuilding CXX object CMakeFiles/xrf2_msgs__rosidl_typesupport_cpp.dir/rosidl_typesupport_cpp/xrf2_msgs/msg/ros2_xeno__type_support.cpp.o[0m
[6.338s] [ 64%] [32mBuilding CXX object CMakeFiles/xrf2_msgs__rosidl_typesupport_fastrtps_cpp.dir/rosidl_typesupport_fastrtps_cpp/xrf2_msgs/msg/detail/dds_fastrtps/ros2_xeno__type_support.cpp.o[0m
[6.343s] [ 66%] [32mBuilding CXX object CMakeFiles/xrf2_msgs__rosidl_typesupport_fastrtps_cpp.dir/rosidl_typesupport_fastrtps_cpp/xrf2_msgs/msg/detail/dds_fastrtps/xeno2_ros__type_support.cpp.o[0m
[6.380s] [ 68%] [32m[1mLinking C shared library libxrf2_msgs__rosidl_typesupport_introspection_c.so[0m
[6.488s] [ 68%] Built target xrf2_msgs__rosidl_typesupport_c
[6.495s] [ 68%] Built target xrf2_msgs__rosidl_typesupport_introspection_c
[7.277s] [ 71%] [32m[1mLinking CXX shared library libxrf2_msgs__rosidl_typesupport_introspection_cpp.so[0m
[7.464s] [ 71%] Built target xrf2_msgs__rosidl_typesupport_introspection_cpp
[7.480s] [ 73%] [32m[1mLinking CXX shared library libxrf2_msgs__rosidl_typesupport_cpp.so[0m
[7.554s] [ 75%] [32m[1mLinking CXX shared library libxrf2_msgs__rosidl_typesupport_fastrtps_c.so[0m
[7.604s] [ 75%] Built target xrf2_msgs__rosidl_typesupport_cpp
[7.695s] [ 75%] Built target xrf2_msgs__rosidl_typesupport_fastrtps_c
[7.939s] [ 77%] [32m[1mLinking CXX shared library libxrf2_msgs__rosidl_typesupport_fastrtps_cpp.so[0m
[8.019s] [ 77%] Built target xrf2_msgs__rosidl_typesupport_fastrtps_cpp
[8.056s] [ 77%] Built target xrf2_msgs
[8.097s] [ 80%] [34m[1mGenerating Python code for ROS interfaces[0m
[8.509s] [ 80%] Built target xrf2_msgs__py
[8.544s] [ 84%] [32mBuilding C object CMakeFiles/xrf2_msgs__rosidl_generator_py.dir/rosidl_generator_py/xrf2_msgs/msg/_ros2_xeno_s.c.o[0m
[8.545s] [ 84%] [32mBuilding C object CMakeFiles/xrf2_msgs__rosidl_generator_py.dir/rosidl_generator_py/xrf2_msgs/msg/_xeno2_ros_s.c.o[0m
[8.718s] [ 86%] [32m[1mLinking C shared library libxrf2_msgs__rosidl_generator_py.so[0m
[8.783s] [ 86%] Built target xrf2_msgs__rosidl_generator_py
[8.819s] [ 93%] [32mBuilding C object CMakeFiles/xrf2_msgs_s__rosidl_typesupport_fastrtps_c.dir/rosidl_generator_py/xrf2_msgs/_xrf2_msgs_s.ep.rosidl_typesupport_fastrtps_c.c.o[0m
[8.819s] [ 93%] [32mBuilding C object CMakeFiles/xrf2_msgs_s__rosidl_typesupport_c.dir/rosidl_generator_py/xrf2_msgs/_xrf2_msgs_s.ep.rosidl_typesupport_c.c.o[0m
[8.819s] [ 93%] [32mBuilding C object CMakeFiles/xrf2_msgs_s__rosidl_typesupport_introspection_c.dir/rosidl_generator_py/xrf2_msgs/_xrf2_msgs_s.ep.rosidl_typesupport_introspection_c.c.o[0m
[8.968s] [ 95%] [32m[1mLinking C shared module rosidl_generator_py/xrf2_msgs/xrf2_msgs_s__rosidl_typesupport_introspection_c.so[0m
[8.982s] [ 97%] [32m[1mLinking C shared module rosidl_generator_py/xrf2_msgs/xrf2_msgs_s__rosidl_typesupport_c.so[0m
[8.982s] [100%] [32m[1mLinking C shared module rosidl_generator_py/xrf2_msgs/xrf2_msgs_s__rosidl_typesupport_fastrtps_c.so[0m
[9.020s] [100%] Built target xrf2_msgs_s__rosidl_typesupport_introspection_c
[9.029s] [100%] Built target xrf2_msgs_s__rosidl_typesupport_c
[9.033s] [100%] Built target xrf2_msgs_s__rosidl_typesupport_fastrtps_c
[9.052s] Invoked command in '/home/jordan/git_repos/SDfR/assignment6/build/xrf2_msgs' returned '0': CMAKE_PREFIX_PATH=${CMAKE_PREFIX_PATH}:/opt/ros/jazzy DEBUGINFOD_URLS=https://debuginfod.ubuntu.com /usr/bin/cmake --build /home/jordan/git_repos/SDfR/assignment6/build/xrf2_msgs -- -j16 -l16
[9.054s] Invoking command in '/home/jordan/git_repos/SDfR/assignment6/build/xrf2_msgs': CMAKE_PREFIX_PATH=${CMAKE_PREFIX_PATH}:/opt/ros/jazzy DEBUGINFOD_URLS=https://debuginfod.ubuntu.com /usr/bin/cmake --install /home/jordan/git_repos/SDfR/assignment6/build/xrf2_msgs
[9.067s] -- Install configuration: ""
[9.067s] -- Installing: /home/jordan/git_repos/SDfR/assignment6/install/xrf2_msgs/share/ament_index/resource_index/rosidl_interfaces/xrf2_msgs
[9.068s] -- Installing: /home/jordan/git_repos/SDfR/assignment6/install/xrf2_msgs/share/xrf2_msgs/msg/Ros2Xeno.json
[9.068s] -- Installing: /home/jordan/git_repos/SDfR/assignment6/install/xrf2_msgs/share/xrf2_msgs/msg/Xeno2Ros.json
[9.069s] -- Installing: /home/jordan/git_repos/SDfR/assignment6/install/xrf2_msgs/include/xrf2_msgs/xrf2_msgs
[9.069s] -- Installing: /home/jordan/git_repos/SDfR/assignment6/install/xrf2_msgs/include/xrf2_msgs/xrf2_msgs/msg
[9.069s] -- Installing: /home/jordan/git_repos/SDfR/assignment6/install/xrf2_msgs/include/xrf2_msgs/xrf2_msgs/msg/ros2_xeno.h
[9.070s] -- Installing: /home/jordan/git_repos/SDfR/assignment6/install/xrf2_msgs/include/xrf2_msgs/xrf2_msgs/msg/rosidl_generator_c__visibility_control.h
[9.070s] -- Installing: /home/jordan/git_repos/SDfR/assignment6/install/xrf2_msgs/include/xrf2_msgs/xrf2_msgs/msg/detail
[9.070s] -- Installing: /home/jordan/git_repos/SDfR/assignment6/install/xrf2_msgs/include/xrf2_msgs/xrf2_msgs/msg/detail/ros2_xeno__type_support.c
[9.070s] -- Installing: /home/jordan/git_repos/SDfR/assignment6/install/xrf2_msgs/include/xrf2_msgs/xrf2_msgs/msg/detail/ros2_xeno__functions.c
[9.070s] -- Installing: /home/jordan/git_repos/SDfR/assignment6/install/xrf2_msgs/include/xrf2_msgs/xrf2_msgs/msg/detail/ros2_xeno__struct.h
[9.071s] -- Installing: /home/jordan/git_repos/SDfR/assignment6/install/xrf2_msgs/include/xrf2_msgs/xrf2_msgs/msg/detail/xeno2_ros__functions.c
[9.071s] -- Installing: /home/jordan/git_repos/SDfR/assignment6/install/xrf2_msgs/include/xrf2_msgs/xrf2_msgs/msg/detail/xeno2_ros__struct.h
[9.072s] -- Installing: /home/jordan/git_repos/SDfR/assignment6/install/xrf2_msgs/include/xrf2_msgs/xrf2_msgs/msg/detail/xeno2_ros__type_support.h
[9.072s] -- Installing: /home/jordan/git_repos/SDfR/assignment6/install/xrf2_msgs/include/xrf2_msgs/xrf2_msgs/msg/detail/ros2_xeno__functions.h
[9.072s] -- Installing: /home/jordan/git_repos/SDfR/assignment6/install/xrf2_msgs/include/xrf2_msgs/xrf2_msgs/msg/detail/ros2_xeno__description.c
[9.072s] -- Installing: /home/jordan/git_repos/SDfR/assignment6/install/xrf2_msgs/include/xrf2_msgs/xrf2_msgs/msg/detail/xeno2_ros__type_support.c
[9.072s] -- Installing: /home/jordan/git_repos/SDfR/assignment6/install/xrf2_msgs/include/xrf2_msgs/xrf2_msgs/msg/detail/xeno2_ros__description.c
[9.072s] -- Installing: /home/jordan/git_repos/SDfR/assignment6/install/xrf2_msgs/include/xrf2_msgs/xrf2_msgs/msg/detail/ros2_xeno__type_support.h
[9.073s] -- Installing: /home/jordan/git_repos/SDfR/assignment6/install/xrf2_msgs/include/xrf2_msgs/xrf2_msgs/msg/detail/xeno2_ros__functions.h
[9.073s] -- Installing: /home/jordan/git_repos/SDfR/assignment6/install/xrf2_msgs/include/xrf2_msgs/xrf2_msgs/msg/xeno2_ros.h
[9.073s] -- Installing: /home/jordan/git_repos/SDfR/assignment6/install/xrf2_msgs/share/xrf2_msgs/environment/library_path.sh
[9.073s] -- Installing: /home/jordan/git_repos/SDfR/assignment6/install/xrf2_msgs/share/xrf2_msgs/environment/library_path.dsv
[9.074s] -- Installing: /home/jordan/git_repos/SDfR/assignment6/install/xrf2_msgs/lib/libxrf2_msgs__rosidl_generator_c.so
[9.074s] -- Set non-toolchain portion of runtime path of "/home/jordan/git_repos/SDfR/assignment6/install/xrf2_msgs/lib/libxrf2_msgs__rosidl_generator_c.so" to ""
[9.074s] -- Up-to-date: /home/jordan/git_repos/SDfR/assignment6/install/xrf2_msgs/include/xrf2_msgs/xrf2_msgs
[9.074s] -- Up-to-date: /home/jordan/git_repos/SDfR/assignment6/install/xrf2_msgs/include/xrf2_msgs/xrf2_msgs/msg
[9.074s] -- Installing: /home/jordan/git_repos/SDfR/assignment6/install/xrf2_msgs/include/xrf2_msgs/xrf2_msgs/msg/rosidl_typesupport_fastrtps_c__visibility_control.h
[9.075s] -- Up-to-date: /home/jordan/git_repos/SDfR/assignment6/install/xrf2_msgs/include/xrf2_msgs/xrf2_msgs/msg/detail
[9.075s] -- Installing: /home/jordan/git_repos/SDfR/assignment6/install/xrf2_msgs/include/xrf2_msgs/xrf2_msgs/msg/detail/ros2_xeno__rosidl_typesupport_fastrtps_c.h
[9.075s] -- Installing: /home/jordan/git_repos/SDfR/assignment6/install/xrf2_msgs/include/xrf2_msgs/xrf2_msgs/msg/detail/xeno2_ros__rosidl_typesupport_fastrtps_c.h
[9.075s] -- Installing: /home/jordan/git_repos/SDfR/assignment6/install/xrf2_msgs/lib/libxrf2_msgs__rosidl_typesupport_fastrtps_c.so
[9.076s] -- Set non-toolchain portion of runtime path of "/home/jordan/git_repos/SDfR/assignment6/install/xrf2_msgs/lib/libxrf2_msgs__rosidl_typesupport_fastrtps_c.so" to ""
[9.076s] -- Up-to-date: /home/jordan/git_repos/SDfR/assignment6/install/xrf2_msgs/include/xrf2_msgs/xrf2_msgs
[9.076s] -- Up-to-date: /home/jordan/git_repos/SDfR/assignment6/install/xrf2_msgs/include/xrf2_msgs/xrf2_msgs/msg
[9.077s] -- Installing: /home/jordan/git_repos/SDfR/assignment6/install/xrf2_msgs/include/xrf2_msgs/xrf2_msgs/msg/rosidl_typesupport_introspection_c__visibility_control.h
[9.077s] -- Up-to-date: /home/jordan/git_repos/SDfR/assignment6/install/xrf2_msgs/include/xrf2_msgs/xrf2_msgs/msg/detail
[9.077s] -- Installing: /home/jordan/git_repos/SDfR/assignment6/install/xrf2_msgs/include/xrf2_msgs/xrf2_msgs/msg/detail/ros2_xeno__type_support.c
[9.080s] -- Installing: /home/jordan/git_repos/SDfR/assignment6/install/xrf2_msgs/include/xrf2_msgs/xrf2_msgs/msg/detail/ros2_xeno__rosidl_typesupport_introspection_c.h
[9.081s] -- Installing: /home/jordan/git_repos/SDfR/assignment6/install/xrf2_msgs/include/xrf2_msgs/xrf2_msgs/msg/detail/xeno2_ros__type_support.c
[9.081s] -- Installing: /home/jordan/git_repos/SDfR/assignment6/install/xrf2_msgs/include/xrf2_msgs/xrf2_msgs/msg/detail/xeno2_ros__rosidl_typesupport_introspection_c.h
[9.081s] -- Installing: /home/jordan/git_repos/SDfR/assignment6/install/xrf2_msgs/lib/libxrf2_msgs__rosidl_typesupport_introspection_c.so
[9.083s] -- Set non-toolchain portion of runtime path of "/home/jordan/git_repos/SDfR/assignment6/install/xrf2_msgs/lib/libxrf2_msgs__rosidl_typesupport_introspection_c.so" to ""
[9.083s] -- Installing: /home/jordan/git_repos/SDfR/assignment6/install/xrf2_msgs/lib/libxrf2_msgs__rosidl_typesupport_c.so
[9.083s] -- Set non-toolchain portion of runtime path of "/home/jordan/git_repos/SDfR/assignment6/install/xrf2_msgs/lib/libxrf2_msgs__rosidl_typesupport_c.so" to ""
[9.083s] -- Up-to-date: /home/jordan/git_repos/SDfR/assignment6/install/xrf2_msgs/include/xrf2_msgs/xrf2_msgs
[9.084s] -- Up-to-date: /home/jordan/git_repos/SDfR/assignment6/install/xrf2_msgs/include/xrf2_msgs/xrf2_msgs/msg
[9.084s] -- Installing: /home/jordan/git_repos/SDfR/assignment6/install/xrf2_msgs/include/xrf2_msgs/xrf2_msgs/msg/rosidl_generator_cpp__visibility_control.hpp
[9.084s] -- Installing: /home/jordan/git_repos/SDfR/assignment6/install/xrf2_msgs/include/xrf2_msgs/xrf2_msgs/msg/xeno2_ros.hpp
[9.084s] -- Installing: /home/jordan/git_repos/SDfR/assignment6/install/xrf2_msgs/include/xrf2_msgs/xrf2_msgs/msg/ros2_xeno.hpp
[9.084s] -- Up-to-date: /home/jordan/git_repos/SDfR/assignment6/install/xrf2_msgs/include/xrf2_msgs/xrf2_msgs/msg/detail
[9.085s] -- Installing: /home/jordan/git_repos/SDfR/assignment6/install/xrf2_msgs/include/xrf2_msgs/xrf2_msgs/msg/detail/ros2_xeno__struct.hpp
[9.087s] -- Installing: /home/jordan/git_repos/SDfR/assignment6/install/xrf2_msgs/include/xrf2_msgs/xrf2_msgs/msg/detail/xeno2_ros__builder.hpp
[9.087s] -- Installing: /home/jordan/git_repos/SDfR/assignment6/install/xrf2_msgs/include/xrf2_msgs/xrf2_msgs/msg/detail/xeno2_ros__traits.hpp
[9.087s] -- Installing: /home/jordan/git_repos/SDfR/assignment6/install/xrf2_msgs/include/xrf2_msgs/xrf2_msgs/msg/detail/ros2_xeno__traits.hpp
[9.088s] -- Installing: /home/jordan/git_repos/SDfR/assignment6/install/xrf2_msgs/include/xrf2_msgs/xrf2_msgs/msg/detail/xeno2_ros__type_support.hpp
[9.088s] -- Installing: /home/jordan/git_repos/SDfR/assignment6/install/xrf2_msgs/include/xrf2_msgs/xrf2_msgs/msg/detail/xeno2_ros__struct.hpp
[9.088s] -- Installing: /home/jordan/git_repos/SDfR/assignment6/install/xrf2_msgs/include/xrf2_msgs/xrf2_msgs/msg/detail/ros2_xeno__type_support.hpp
[9.088s] -- Installing: /home/jordan/git_repos/SDfR/assignment6/install/xrf2_msgs/include/xrf2_msgs/xrf2_msgs/msg/detail/ros2_xeno__builder.hpp
[9.088s] -- Up-to-date: /home/jordan/git_repos/SDfR/assignment6/install/xrf2_msgs/include/xrf2_msgs/xrf2_msgs
[9.088s] -- Up-to-date: /home/jordan/git_repos/SDfR/assignment6/install/xrf2_msgs/include/xrf2_msgs/xrf2_msgs/msg
[9.089s] -- Installing: /home/jordan/git_repos/SDfR/assignment6/install/xrf2_msgs/include/xrf2_msgs/xrf2_msgs/msg/rosidl_typesupport_fastrtps_cpp__visibility_control.h
[9.089s] -- Up-to-date: /home/jordan/git_repos/SDfR/assignment6/install/xrf2_msgs/include/xrf2_msgs/xrf2_msgs/msg/detail
[9.089s] -- Installing: /home/jordan/git_repos/SDfR/assignment6/install/xrf2_msgs/include/xrf2_msgs/xrf2_msgs/msg/detail/ros2_xeno__rosidl_typesupport_fastrtps_cpp.hpp
[9.089s] -- Installing: /home/jordan/git_repos/SDfR/assignment6/install/xrf2_msgs/include/xrf2_msgs/xrf2_msgs/msg/detail/xeno2_ros__rosidl_typesupport_fastrtps_cpp.hpp
[9.089s] -- Installing: /home/jordan/git_repos/SDfR/assignment6/install/xrf2_msgs/include/xrf2_msgs/xrf2_msgs/msg/detail/dds_fastrtps
[9.090s] -- Installing: /home/jordan/git_repos/SDfR/assignment6/install/xrf2_msgs/lib/libxrf2_msgs__rosidl_typesupport_fastrtps_cpp.so
[9.090s] -- Set non-toolchain portion of runtime path of "/home/jordan/git_repos/SDfR/assignment6/install/xrf2_msgs/lib/libxrf2_msgs__rosidl_typesupport_fastrtps_cpp.so" to ""
[9.090s] -- Up-to-date: /home/jordan/git_repos/SDfR/assignment6/install/xrf2_msgs/include/xrf2_msgs/xrf2_msgs
[9.090s] -- Up-to-date: /home/jordan/git_repos/SDfR/assignment6/install/xrf2_msgs/include/xrf2_msgs/xrf2_msgs/msg
[9.090s] -- Up-to-date: /home/jordan/git_repos/SDfR/assignment6/install/xrf2_msgs/include/xrf2_msgs/xrf2_msgs/msg/detail
[9.090s] -- Installing: /home/jordan/git_repos/SDfR/assignment6/install/xrf2_msgs/include/xrf2_msgs/xrf2_msgs/msg/detail/ros2_xeno__rosidl_typesupport_introspection_cpp.hpp
[9.091s] -- Installing: /home/jordan/git_repos/SDfR/assignment6/install/xrf2_msgs/include/xrf2_msgs/xrf2_msgs/msg/detail/ros2_xeno__type_support.cpp
[9.091s] -- Installing: /home/jordan/git_repos/SDfR/assignment6/install/xrf2_msgs/include/xrf2_msgs/xrf2_msgs/msg/detail/xeno2_ros__rosidl_typesupport_introspection_cpp.hpp
[9.091s] -- Installing: /home/jordan/git_repos/SDfR/assignment6/install/xrf2_msgs/include/xrf2_msgs/xrf2_msgs/msg/detail/xeno2_ros__type_support.cpp
[9.091s] -- Installing: /home/jordan/git_repos/SDfR/assignment6/install/xrf2_msgs/lib/libxrf2_msgs__rosidl_typesupport_introspection_cpp.so
[9.091s] -- Set non-toolchain portion of runtime path of "/home/jordan/git_repos/SDfR/assignment6/install/xrf2_msgs/lib/libxrf2_msgs__rosidl_typesupport_introspection_cpp.so" to ""
[9.092s] -- Installing: /home/jordan/git_repos/SDfR/assignment6/install/xrf2_msgs/lib/libxrf2_msgs__rosidl_typesupport_cpp.so
[9.092s] -- Set non-toolchain portion of runtime path of "/home/jordan/git_repos/SDfR/assignment6/install/xrf2_msgs/lib/libxrf2_msgs__rosidl_typesupport_cpp.so" to ""
[9.093s] -- Installing: /home/jordan/git_repos/SDfR/assignment6/install/xrf2_msgs/share/xrf2_msgs/environment/pythonpath.sh
[9.093s] -- Installing: /home/jordan/git_repos/SDfR/assignment6/install/xrf2_msgs/share/xrf2_msgs/environment/pythonpath.dsv
[9.093s] -- Installing: /home/jordan/git_repos/SDfR/assignment6/install/xrf2_msgs/lib/python3.12/site-packages/xrf2_msgs-0.0.0-py3.12.egg-info
[9.093s] -- Installing: /home/jordan/git_repos/SDfR/assignment6/install/xrf2_msgs/lib/python3.12/site-packages/xrf2_msgs-0.0.0-py3.12.egg-info/dependency_links.txt
[9.093s] -- Installing: /home/jordan/git_repos/SDfR/assignment6/install/xrf2_msgs/lib/python3.12/site-packages/xrf2_msgs-0.0.0-py3.12.egg-info/SOURCES.txt
[9.093s] -- Installing: /home/jordan/git_repos/SDfR/assignment6/install/xrf2_msgs/lib/python3.12/site-packages/xrf2_msgs-0.0.0-py3.12.egg-info/top_level.txt
[9.094s] -- Installing: /home/jordan/git_repos/SDfR/assignment6/install/xrf2_msgs/lib/python3.12/site-packages/xrf2_msgs-0.0.0-py3.12.egg-info/PKG-INFO
[9.094s] -- Installing: /home/jordan/git_repos/SDfR/assignment6/install/xrf2_msgs/lib/python3.12/site-packages/xrf2_msgs
[9.094s] -- Installing: /home/jordan/git_repos/SDfR/assignment6/install/xrf2_msgs/lib/python3.12/site-packages/xrf2_msgs/__init__.py
[9.094s] -- Installing: /home/jordan/git_repos/SDfR/assignment6/install/xrf2_msgs/lib/python3.12/site-packages/xrf2_msgs/_xrf2_msgs_s.ep.rosidl_typesupport_c.c
[9.095s] -- Installing: /home/jordan/git_repos/SDfR/assignment6/install/xrf2_msgs/lib/python3.12/site-packages/xrf2_msgs/xrf2_msgs_s__rosidl_typesupport_c.so
[9.095s] -- Installing: /home/jordan/git_repos/SDfR/assignment6/install/xrf2_msgs/lib/python3.12/site-packages/xrf2_msgs/msg
[9.095s] -- Installing: /home/jordan/git_repos/SDfR/assignment6/install/xrf2_msgs/lib/python3.12/site-packages/xrf2_msgs/msg/_xeno2_ros.py
[9.095s] -- Installing: /home/jordan/git_repos/SDfR/assignment6/install/xrf2_msgs/lib/python3.12/site-packages/xrf2_msgs/msg/__init__.py
[9.095s] -- Installing: /home/jordan/git_repos/SDfR/assignment6/install/xrf2_msgs/lib/python3.12/site-packages/xrf2_msgs/msg/_ros2_xeno_s.c
[9.095s] -- Installing: /home/jordan/git_repos/SDfR/assignment6/install/xrf2_msgs/lib/python3.12/site-packages/xrf2_msgs/msg/_xeno2_ros_s.c
[9.096s] -- Installing: /home/jordan/git_repos/SDfR/assignment6/install/xrf2_msgs/lib/python3.12/site-packages/xrf2_msgs/msg/_ros2_xeno.py
[9.096s] -- Installing: /home/jordan/git_repos/SDfR/assignment6/install/xrf2_msgs/lib/python3.12/site-packages/xrf2_msgs/_xrf2_msgs_s.ep.rosidl_typesupport_fastrtps_c.c
[9.096s] -- Installing: /home/jordan/git_repos/SDfR/assignment6/install/xrf2_msgs/lib/python3.12/site-packages/xrf2_msgs/_xrf2_msgs_s.ep.rosidl_typesupport_introspection_c.c
[9.096s] -- Installing: /home/jordan/git_repos/SDfR/assignment6/install/xrf2_msgs/lib/python3.12/site-packages/xrf2_msgs/xrf2_msgs_s__rosidl_typesupport_introspection_c.so
[9.097s] -- Installing: /home/jordan/git_repos/SDfR/assignment6/install/xrf2_msgs/lib/python3.12/site-packages/xrf2_msgs/xrf2_msgs_s__rosidl_typesupport_fastrtps_c.so
[9.153s] Listing '/home/jordan/git_repos/SDfR/assignment6/install/xrf2_msgs/lib/python3.12/site-packages/xrf2_msgs'...
[9.153s] Compiling '/home/jordan/git_repos/SDfR/assignment6/install/xrf2_msgs/lib/python3.12/site-packages/xrf2_msgs/__init__.py'...
[9.153s] Listing '/home/jordan/git_repos/SDfR/assignment6/install/xrf2_msgs/lib/python3.12/site-packages/xrf2_msgs/msg'...
[9.153s] Compiling '/home/jordan/git_repos/SDfR/assignment6/install/xrf2_msgs/lib/python3.12/site-packages/xrf2_msgs/msg/__init__.py'...
[9.153s] Compiling '/home/jordan/git_repos/SDfR/assignment6/install/xrf2_msgs/lib/python3.12/site-packages/xrf2_msgs/msg/_ros2_xeno.py'...
[9.153s] Compiling '/home/jordan/git_repos/SDfR/assignment6/install/xrf2_msgs/lib/python3.12/site-packages/xrf2_msgs/msg/_xeno2_ros.py'...
[9.164s] -- Installing: /home/jordan/git_repos/SDfR/assignment6/install/xrf2_msgs/lib/python3.12/site-packages/xrf2_msgs/xrf2_msgs_s__rosidl_typesupport_fastrtps_c.so
[9.165s] -- Set non-toolchain portion of runtime path of "/home/jordan/git_repos/SDfR/assignment6/install/xrf2_msgs/lib/python3.12/site-packages/xrf2_msgs/xrf2_msgs_s__rosidl_typesupport_fastrtps_c.so" to ""
[9.165s] -- Installing: /home/jordan/git_repos/SDfR/assignment6/install/xrf2_msgs/lib/python3.12/site-packages/xrf2_msgs/xrf2_msgs_s__rosidl_typesupport_introspection_c.so
[9.166s] -- Set non-toolchain portion of runtime path of "/home/jordan/git_repos/SDfR/assignment6/install/xrf2_msgs/lib/python3.12/site-packages/xrf2_msgs/xrf2_msgs_s__rosidl_typesupport_introspection_c.so" to ""
[9.166s] -- Installing: /home/jordan/git_repos/SDfR/assignment6/install/xrf2_msgs/lib/python3.12/site-packages/xrf2_msgs/xrf2_msgs_s__rosidl_typesupport_c.so
[9.167s] -- Set non-toolchain portion of runtime path of "/home/jordan/git_repos/SDfR/assignment6/install/xrf2_msgs/lib/python3.12/site-packages/xrf2_msgs/xrf2_msgs_s__rosidl_typesupport_c.so" to ""
[9.167s] -- Installing: /home/jordan/git_repos/SDfR/assignment6/install/xrf2_msgs/lib/libxrf2_msgs__rosidl_generator_py.so
[9.167s] -- Set non-toolchain portion of runtime path of "/home/jordan/git_repos/SDfR/assignment6/install/xrf2_msgs/lib/libxrf2_msgs__rosidl_generator_py.so" to ""
[9.168s] -- Installing: /home/jordan/git_repos/SDfR/assignment6/install/xrf2_msgs/share/ament_index/resource_index/rust_packages/xrf2_msgs
[9.168s] -- Installing: /home/jordan/git_repos/SDfR/assignment6/install/xrf2_msgs/share/xrf2_msgs/rust
[9.168s] -- Installing: /home/jordan/git_repos/SDfR/assignment6/install/xrf2_msgs/share/xrf2_msgs/rust/build.rs
[9.168s] -- Installing: /home/jordan/git_repos/SDfR/assignment6/install/xrf2_msgs/share/xrf2_msgs/rust/src
[9.168s] -- Installing: /home/jordan/git_repos/SDfR/assignment6/install/xrf2_msgs/share/xrf2_msgs/rust/src/msg.rs
[9.169s] -- Installing: /home/jordan/git_repos/SDfR/assignment6/install/xrf2_msgs/share/xrf2_msgs/rust/src/lib.rs
[9.169s] -- Installing: /home/jordan/git_repos/SDfR/assignment6/install/xrf2_msgs/share/xrf2_msgs/rust/src/msg
[9.169s] -- Installing: /home/jordan/git_repos/SDfR/assignment6/install/xrf2_msgs/share/xrf2_msgs/rust/src/msg/rmw.rs
[9.169s] -- Installing: /home/jordan/git_repos/SDfR/assignment6/install/xrf2_msgs/share/xrf2_msgs/rust/Cargo.toml
[9.169s] -- Installing: /home/jordan/git_repos/SDfR/assignment6/install/xrf2_msgs/share/xrf2_msgs/msg/Ros2Xeno.idl
[9.170s] -- Installing: /home/jordan/git_repos/SDfR/assignment6/install/xrf2_msgs/share/xrf2_msgs/msg/Xeno2Ros.idl
[9.170s] -- Installing: /home/jordan/git_repos/SDfR/assignment6/install/xrf2_msgs/share/xrf2_msgs/msg/Ros2Xeno.msg
[9.170s] -- Installing: /home/jordan/git_repos/SDfR/assignment6/install/xrf2_msgs/share/xrf2_msgs/msg/Xeno2Ros.msg
[9.170s] -- Installing: /home/jordan/git_repos/SDfR/assignment6/install/xrf2_msgs/share/ament_index/resource_index/package_run_dependencies/xrf2_msgs
[9.170s] -- Installing: /home/jordan/git_repos/SDfR/assignment6/install/xrf2_msgs/share/ament_index/resource_index/parent_prefix_path/xrf2_msgs
[9.171s] -- Installing: /home/jordan/git_repos/SDfR/assignment6/install/xrf2_msgs/share/xrf2_msgs/environment/ament_prefix_path.sh
[9.171s] -- Installing: /home/jordan/git_repos/SDfR/assignment6/install/xrf2_msgs/share/xrf2_msgs/environment/ament_prefix_path.dsv
[9.171s] -- Installing: /home/jordan/git_repos/SDfR/assignment6/install/xrf2_msgs/share/xrf2_msgs/environment/path.sh
[9.171s] -- Installing: /home/jordan/git_repos/SDfR/assignment6/install/xrf2_msgs/share/xrf2_msgs/environment/path.dsv
[9.171s] -- Installing: /home/jordan/git_repos/SDfR/assignment6/install/xrf2_msgs/share/xrf2_msgs/local_setup.bash
[9.172s] -- Installing: /home/jordan/git_repos/SDfR/assignment6/install/xrf2_msgs/share/xrf2_msgs/local_setup.sh
[9.172s] -- Installing: /home/jordan/git_repos/SDfR/assignment6/install/xrf2_msgs/share/xrf2_msgs/local_setup.zsh
[9.172s] -- Installing: /home/jordan/git_repos/SDfR/assignment6/install/xrf2_msgs/share/xrf2_msgs/local_setup.dsv
[9.172s] -- Installing: /home/jordan/git_repos/SDfR/assignment6/install/xrf2_msgs/share/xrf2_msgs/package.dsv
[9.172s] -- Installing: /home/jordan/git_repos/SDfR/assignment6/install/xrf2_msgs/share/ament_index/resource_index/packages/xrf2_msgs
[9.173s] -- Installing: /home/jordan/git_repos/SDfR/assignment6/install/xrf2_msgs/share/xrf2_msgs/cmake/export_xrf2_msgs__rosidl_generator_cExport.cmake
[9.173s] -- Installing: /home/jordan/git_repos/SDfR/assignment6/install/xrf2_msgs/share/xrf2_msgs/cmake/export_xrf2_msgs__rosidl_generator_cExport-noconfig.cmake
[9.173s] -- Installing: /home/jordan/git_repos/SDfR/assignment6/install/xrf2_msgs/share/xrf2_msgs/cmake/export_xrf2_msgs__rosidl_typesupport_fastrtps_cExport.cmake
[9.174s] -- Installing: /home/jordan/git_repos/SDfR/assignment6/install/xrf2_msgs/share/xrf2_msgs/cmake/export_xrf2_msgs__rosidl_typesupport_fastrtps_cExport-noconfig.cmake
[9.174s] -- Installing: /home/jordan/git_repos/SDfR/assignment6/install/xrf2_msgs/share/xrf2_msgs/cmake/xrf2_msgs__rosidl_typesupport_introspection_cExport.cmake
[9.174s] -- Installing: /home/jordan/git_repos/SDfR/assignment6/install/xrf2_msgs/share/xrf2_msgs/cmake/xrf2_msgs__rosidl_typesupport_introspection_cExport-noconfig.cmake
[9.174s] -- Installing: /home/jordan/git_repos/SDfR/assignment6/install/xrf2_msgs/share/xrf2_msgs/cmake/xrf2_msgs__rosidl_typesupport_cExport.cmake
[9.174s] -- Installing: /home/jordan/git_repos/SDfR/assignment6/install/xrf2_msgs/share/xrf2_msgs/cmake/xrf2_msgs__rosidl_typesupport_cExport-noconfig.cmake
[9.175s] -- Installing: /home/jordan/git_repos/SDfR/assignment6/install/xrf2_msgs/share/xrf2_msgs/cmake/export_xrf2_msgs__rosidl_generator_cppExport.cmake
[9.175s] -- Installing: /home/jordan/git_repos/SDfR/assignment6/install/xrf2_msgs/share/xrf2_msgs/cmake/export_xrf2_msgs__rosidl_typesupport_fastrtps_cppExport.cmake
[9.175s] -- Installing: /home/jordan/git_repos/SDfR/assignment6/install/xrf2_msgs/share/xrf2_msgs/cmake/export_xrf2_msgs__rosidl_typesupport_fastrtps_cppExport-noconfig.cmake
[9.175s] -- Installing: /home/jordan/git_repos/SDfR/assignment6/install/xrf2_msgs/share/xrf2_msgs/cmake/xrf2_msgs__rosidl_typesupport_introspection_cppExport.cmake
[9.176s] -- Installing: /home/jordan/git_repos/SDfR/assignment6/install/xrf2_msgs/share/xrf2_msgs/cmake/xrf2_msgs__rosidl_typesupport_introspection_cppExport-noconfig.cmake
[9.176s] -- Installing: /home/jordan/git_repos/SDfR/assignment6/install/xrf2_msgs/share/xrf2_msgs/cmake/xrf2_msgs__rosidl_typesupport_cppExport.cmake
[9.176s] -- Installing: /home/jordan/git_repos/SDfR/assignment6/install/xrf2_msgs/share/xrf2_msgs/cmake/xrf2_msgs__rosidl_typesupport_cppExport-noconfig.cmake
[9.176s] -- Installing: /home/jordan/git_repos/SDfR/assignment6/install/xrf2_msgs/share/xrf2_msgs/cmake/export_xrf2_msgs__rosidl_generator_pyExport.cmake
[9.176s] -- Installing: /home/jordan/git_repos/SDfR/assignment6/install/xrf2_msgs/share/xrf2_msgs/cmake/export_xrf2_msgs__rosidl_generator_pyExport-noconfig.cmake
[9.176s] -- Installing: /home/jordan/git_repos/SDfR/assignment6/install/xrf2_msgs/share/xrf2_msgs/cmake/rosidl_cmake-extras.cmake
[9.177s] -- Installing: /home/jordan/git_repos/SDfR/assignment6/install/xrf2_msgs/share/xrf2_msgs/cmake/ament_cmake_export_include_directories-extras.cmake
[9.177s] -- Installing: /home/jordan/git_repos/SDfR/assignment6/install/xrf2_msgs/share/xrf2_msgs/cmake/ament_cmake_export_libraries-extras.cmake
[9.177s] -- Installing: /home/jordan/git_repos/SDfR/assignment6/install/xrf2_msgs/share/xrf2_msgs/cmake/ament_cmake_export_targets-extras.cmake
[9.177s] -- Installing: /home/jordan/git_repos/SDfR/assignment6/install/xrf2_msgs/share/xrf2_msgs/cmake/rosidl_cmake_export_typesupport_targets-extras.cmake
[9.177s] -- Installing: /home/jordan/git_repos/SDfR/assignment6/install/xrf2_msgs/share/xrf2_msgs/cmake/ament_cmake_export_dependencies-extras.cmake
[9.178s] -- Installing: /home/jordan/git_repos/SDfR/assignment6/install/xrf2_msgs/share/xrf2_msgs/cmake/rosidl_cmake_export_typesupport_libraries-extras.cmake
[9.178s] -- Installing: /home/jordan/git_repos/SDfR/assignment6/install/xrf2_msgs/share/xrf2_msgs/cmake/xrf2_msgsConfig.cmake
[9.178s] -- Installing: /home/jordan/git_repos/SDfR/assignment6/install/xrf2_msgs/share/xrf2_msgs/cmake/xrf2_msgsConfig-version.cmake
[9.178s] -- Installing: /home/jordan/git_repos/SDfR/assignment6/install/xrf2_msgs/share/xrf2_msgs/package.xml
[9.181s] Invoked command in '/home/jordan/git_repos/SDfR/assignment6/build/xrf2_msgs' returned '0': CMAKE_PREFIX_PATH=${CMAKE_PREFIX_PATH}:/opt/ros/jazzy DEBUGINFOD_URLS=https://debuginfod.ubuntu.com /usr/bin/cmake --install /home/jordan/git_repos/SDfR/assignment6/build/xrf2_msgs
