[0.027s] Invoking command in '/home/jordan/SDfR/assignment5/build/relbot_sequence_controller': CMAKE_PREFIX_PATH=/opt/ros/humble /usr/bin/cmake --build /home/jordan/SDfR/assignment5/build/relbot_sequence_controller -- -j16 -l16
[0.078s] [35m[1mConsolidate compiler generated dependencies of target relbot_sequence_controller[0m
[0.106s] [ 50%] [32mBuilding CXX object CMakeFiles/relbot_sequence_controller.dir/src/relbot_sequence_controller.cpp.o[0m
[2.943s] [01m[K/home/jordan/SDfR/assignment5/relbot_sequence_controller/src/relbot_sequence_controller.cpp:[m[K In member function ‘[01m[Kvoid SteerRelbot::calculate_velocity()[m[K’:
[2.943s] [01m[K/home/jordan/SDfR/assignment5/relbot_sequence_controller/src/relbot_sequence_controller.cpp:41:33:[m[K [01;31m[Kerror: [m[Kqualified-id in declaration before ‘[01m[K([m[K’ token
[2.943s]    41 | void SteerRelbot::timer_callback[01;31m[K([m[K) {
[2.943s]       |                                 [01;31m[K^[m[K
[2.943s] [01m[K/home/jordan/SDfR/assignment5/relbot_sequence_controller/src/relbot_sequence_controller.cpp:54:34:[m[K [01;31m[Kerror: [m[Ka function-definition is not allowed here before ‘[01m[K{[m[K’ token
[2.943s]    54 | int main(int argc, char *argv[]) [01;31m[K{[m[K
[2.943s]       |                                  [01;31m[K^[m[K
[2.943s] [01m[K/home/jordan/SDfR/assignment5/relbot_sequence_controller/src/relbot_sequence_controller.cpp:59:2:[m[K [01;31m[Kerror: [m[Kexpected ‘[01m[K}[m[K’ at end of input
[2.943s]    59 | }
[2.943s]       |  [01;31m[K^[m[K
[2.943s] [01m[K/home/jordan/SDfR/assignment5/relbot_sequence_controller/src/relbot_sequence_controller.cpp:23:40:[m[K [01;36m[Knote: [m[Kto match this ‘[01m[K{[m[K’
[2.943s]    23 | void SteerRelbot::calculate_velocity() [01;36m[K{[m[K
[2.943s]       |                                        [01;36m[K^[m[K
[3.800s] gmake[2]: *** [CMakeFiles/relbot_sequence_controller.dir/build.make:76: CMakeFiles/relbot_sequence_controller.dir/src/relbot_sequence_controller.cpp.o] Error 1
[3.800s] gmake[1]: *** [CMakeFiles/Makefile2:137: CMakeFiles/relbot_sequence_controller.dir/all] Error 2
[3.800s] gmake: *** [Makefile:146: all] Error 2
[3.804s] Invoked command in '/home/jordan/SDfR/assignment5/build/relbot_sequence_controller' returned '2': CMAKE_PREFIX_PATH=/opt/ros/humble /usr/bin/cmake --build /home/jordan/SDfR/assignment5/build/relbot_sequence_controller -- -j16 -l16
