[0.012s] Invoking command in '/home/sdfr-ppd-01/SDfR/assignment6/build/image_functions_sdfr': CMAKE_PREFIX_PATH=${CMAKE_PREFIX_PATH}:/opt/ros/humble /usr/bin/cmake --build /home/sdfr-ppd-01/SDfR/assignment6/build/image_functions_sdfr -- -j3 -l3
[0.129s] [100%] Built target image_functions
[0.178s] Invoked command in '/home/sdfr-ppd-01/SDfR/assignment6/build/image_functions_sdfr' returned '0': CMAKE_PREFIX_PATH=${CMAKE_PREFIX_PATH}:/opt/ros/humble /usr/bin/cmake --build /home/sdfr-ppd-01/SDfR/assignment6/build/image_functions_sdfr -- -j3 -l3
[0.182s] Invoking command in '/home/sdfr-ppd-01/SDfR/assignment6/build/image_functions_sdfr': CMAKE_PREFIX_PATH=${CMAKE_PREFIX_PATH}:/opt/ros/humble /usr/bin/cmake --install /home/sdfr-ppd-01/SDfR/assignment6/build/image_functions_sdfr
[0.220s] -- Install configuration: ""
[0.226s] -- Up-to-date: /home/sdfr-ppd-01/SDfR/assignment6/install/image_functions_sdfr/include
[0.228s] -- Up-to-date: /home/sdfr-ppd-01/SDfR/assignment6/install/image_functions_sdfr/include/image_functions_sdfr
[0.231s] -- Up-to-date: /home/sdfr-ppd-01/SDfR/assignment6/install/image_functions_sdfr/include/image_functions_sdfr/visibility_control.h
[0.234s] -- Up-to-date: /home/sdfr-ppd-01/SDfR/assignment6/install/image_functions_sdfr/include/image_functions_sdfr/image_functions.hpp
[0.247s] -- Up-to-date: /home/sdfr-ppd-01/SDfR/assignment6/install/image_functions_sdfr/lib/libimage_functions.so
[0.262s] -- Up-to-date: /home/sdfr-ppd-01/SDfR/assignment6/install/image_functions_sdfr/share/image_functions_sdfr/environment/library_path.sh
[0.265s] -- Up-to-date: /home/sdfr-ppd-01/SDfR/assignment6/install/image_functions_sdfr/share/image_functions_sdfr/environment/library_path.dsv
[0.268s] -- Up-to-date: /home/sdfr-ppd-01/SDfR/assignment6/install/image_functions_sdfr/share/ament_index/resource_index/package_run_dependencies/image_functions_sdfr
[0.272s] -- Up-to-date: /home/sdfr-ppd-01/SDfR/assignment6/install/image_functions_sdfr/share/ament_index/resource_index/parent_prefix_path/image_functions_sdfr
[0.276s] -- Up-to-date: /home/sdfr-ppd-01/SDfR/assignment6/install/image_functions_sdfr/share/image_functions_sdfr/environment/ament_prefix_path.sh
[0.278s] -- Up-to-date: /home/sdfr-ppd-01/SDfR/assignment6/install/image_functions_sdfr/share/image_functions_sdfr/environment/ament_prefix_path.dsv
[0.281s] -- Up-to-date: /home/sdfr-ppd-01/SDfR/assignment6/install/image_functions_sdfr/share/image_functions_sdfr/environment/path.sh
[0.284s] -- Up-to-date: /home/sdfr-ppd-01/SDfR/assignment6/install/image_functions_sdfr/share/image_functions_sdfr/environment/path.dsv
[0.288s] -- Up-to-date: /home/sdfr-ppd-01/SDfR/assignment6/install/image_functions_sdfr/share/image_functions_sdfr/local_setup.bash
[0.292s] -- Up-to-date: /home/sdfr-ppd-01/SDfR/assignment6/install/image_functions_sdfr/share/image_functions_sdfr/local_setup.sh
[0.296s] -- Up-to-date: /home/sdfr-ppd-01/SDfR/assignment6/install/image_functions_sdfr/share/image_functions_sdfr/local_setup.zsh
[0.300s] -- Up-to-date: /home/sdfr-ppd-01/SDfR/assignment6/install/image_functions_sdfr/share/image_functions_sdfr/local_setup.dsv
[0.303s] -- Installing: /home/sdfr-ppd-01/SDfR/assignment6/install/image_functions_sdfr/share/image_functions_sdfr/package.dsv
[0.311s] -- Up-to-date: /home/sdfr-ppd-01/SDfR/assignment6/install/image_functions_sdfr/share/ament_index/resource_index/packages/image_functions_sdfr
[0.312s] -- Up-to-date: /home/sdfr-ppd-01/SDfR/assignment6/install/image_functions_sdfr/share/image_functions_sdfr/cmake/export_image_functions_sdfrExport.cmake
[0.314s] -- Up-to-date: /home/sdfr-ppd-01/SDfR/assignment6/install/image_functions_sdfr/share/image_functions_sdfr/cmake/export_image_functions_sdfrExport-noconfig.cmake
[0.316s] -- Up-to-date: /home/sdfr-ppd-01/SDfR/assignment6/install/image_functions_sdfr/share/image_functions_sdfr/cmake/ament_cmake_export_include_directories-extras.cmake
[0.322s] -- Up-to-date: /home/sdfr-ppd-01/SDfR/assignment6/install/image_functions_sdfr/share/image_functions_sdfr/cmake/ament_cmake_export_libraries-extras.cmake
[0.326s] -- Up-to-date: /home/sdfr-ppd-01/SDfR/assignment6/install/image_functions_sdfr/share/image_functions_sdfr/cmake/ament_cmake_export_targets-extras.cmake
[0.329s] -- Up-to-date: /home/sdfr-ppd-01/SDfR/assignment6/install/image_functions_sdfr/share/image_functions_sdfr/cmake/ament_cmake_export_dependencies-extras.cmake
[0.332s] -- Up-to-date: /home/sdfr-ppd-01/SDfR/assignment6/install/image_functions_sdfr/share/image_functions_sdfr/cmake/image_functions_sdfrConfig.cmake
[0.336s] -- Up-to-date: /home/sdfr-ppd-01/SDfR/assignment6/install/image_functions_sdfr/share/image_functions_sdfr/cmake/image_functions_sdfrConfig-version.cmake
[0.339s] -- Up-to-date: /home/sdfr-ppd-01/SDfR/assignment6/install/image_functions_sdfr/share/image_functions_sdfr/package.xml
[0.349s] Invoked command in '/home/sdfr-ppd-01/SDfR/assignment6/build/image_functions_sdfr' returned '0': CMAKE_PREFIX_PATH=${CMAKE_PREFIX_PATH}:/opt/ros/humble /usr/bin/cmake --install /home/sdfr-ppd-01/SDfR/assignment6/build/image_functions_sdfr
