[ 50%] [32mBuilding CXX object CMakeFiles/red_object_detector.dir/src/red_object_detector.cpp.o[0m
[100%] [32m[1mLinking CXX executable red_object_detector[0m
[100%] Built target red_object_detector
-- Install configuration: ""
-- Installing: /home/jordan/git_repos/SDfR/assignment6/install/red_object_detector/lib/red_object_detector/red_object_detector
-- Set non-toolchain portion of runtime path of "/home/jordan/git_repos/SDfR/assignment6/install/red_object_detector/lib/red_object_detector/red_object_detector" to ""
-- Up-to-date: /home/jordan/git_repos/SDfR/assignment6/install/red_object_detector/share/ament_index/resource_index/package_run_dependencies/red_object_detector
-- Up-to-date: /home/jordan/git_repos/SDfR/assignment6/install/red_object_detector/share/ament_index/resource_index/parent_prefix_path/red_object_detector
-- Up-to-date: /home/jordan/git_repos/SDfR/assignment6/install/red_object_detector/share/red_object_detector/environment/ament_prefix_path.sh
-- Up-to-date: /home/jordan/git_repos/SDfR/assignment6/install/red_object_detector/share/red_object_detector/environment/ament_prefix_path.dsv
-- Up-to-date: /home/jordan/git_repos/SDfR/assignment6/install/red_object_detector/share/red_object_detector/environment/path.sh
-- Up-to-date: /home/jordan/git_repos/SDfR/assignment6/install/red_object_detector/share/red_object_detector/environment/path.dsv
-- Up-to-date: /home/jordan/git_repos/SDfR/assignment6/install/red_object_detector/share/red_object_detector/local_setup.bash
-- Up-to-date: /home/jordan/git_repos/SDfR/assignment6/install/red_object_detector/share/red_object_detector/local_setup.sh
-- Up-to-date: /home/jordan/git_repos/SDfR/assignment6/install/red_object_detector/share/red_object_detector/local_setup.zsh
-- Up-to-date: /home/jordan/git_repos/SDfR/assignment6/install/red_object_detector/share/red_object_detector/local_setup.dsv
-- Installing: /home/jordan/git_repos/SDfR/assignment6/install/red_object_detector/share/red_object_detector/package.dsv
-- Up-to-date: /home/jordan/git_repos/SDfR/assignment6/install/red_object_detector/share/ament_index/resource_index/packages/red_object_detector
-- Up-to-date: /home/jordan/git_repos/SDfR/assignment6/install/red_object_detector/share/red_object_detector/cmake/red_object_detectorConfig.cmake
-- Up-to-date: /home/jordan/git_repos/SDfR/assignment6/install/red_object_detector/share/red_object_detector/cmake/red_object_detectorConfig-version.cmake
-- Up-to-date: /home/jordan/git_repos/SDfR/assignment6/install/red_object_detector/share/red_object_detector/package.xml
