[0.030s] Invoking command in '/home/jordan/git_repos/SDfR/assignment6/build/red_object_detector': CMAKE_PREFIX_PATH=${CMAKE_PREFIX_PATH}:/opt/ros/jazzy DEBUGINFOD_URLS=https://debuginfod.ubuntu.com /usr/bin/cmake --build /home/jordan/git_repos/SDfR/assignment6/build/red_object_detector -- -j16 -l16
[0.115s] [ 50%] [32mBuilding CXX object CMakeFiles/red_object_detector.dir/src/red_object_detector.cpp.o[0m
[8.094s] [100%] [32m[1mLinking CXX executable red_object_detector[0m
[8.665s] [100%] Built target red_object_detector
[8.677s] Invoked command in '/home/jordan/git_repos/SDfR/assignment6/build/red_object_detector' returned '0': CMAKE_PREFIX_PATH=${CMAKE_PREFIX_PATH}:/opt/ros/jazzy DEBUGINFOD_URLS=https://debuginfod.ubuntu.com /usr/bin/cmake --build /home/jordan/git_repos/SDfR/assignment6/build/red_object_detector -- -j16 -l16
[8.678s] Invoking command in '/home/jordan/git_repos/SDfR/assignment6/build/red_object_detector': CMAKE_PREFIX_PATH=${CMAKE_PREFIX_PATH}:/opt/ros/jazzy DEBUGINFOD_URLS=https://debuginfod.ubuntu.com /usr/bin/cmake --install /home/jordan/git_repos/SDfR/assignment6/build/red_object_detector
[8.687s] -- Install configuration: ""
[8.687s] -- Installing: /home/jordan/git_repos/SDfR/assignment6/install/red_object_detector/lib/red_object_detector/red_object_detector
[8.695s] -- Set non-toolchain portion of runtime path of "/home/jordan/git_repos/SDfR/assignment6/install/red_object_detector/lib/red_object_detector/red_object_detector" to ""
[8.695s] -- Up-to-date: /home/jordan/git_repos/SDfR/assignment6/install/red_object_detector/share/ament_index/resource_index/package_run_dependencies/red_object_detector
[8.695s] -- Up-to-date: /home/jordan/git_repos/SDfR/assignment6/install/red_object_detector/share/ament_index/resource_index/parent_prefix_path/red_object_detector
[8.695s] -- Up-to-date: /home/jordan/git_repos/SDfR/assignment6/install/red_object_detector/share/red_object_detector/environment/ament_prefix_path.sh
[8.695s] -- Up-to-date: /home/jordan/git_repos/SDfR/assignment6/install/red_object_detector/share/red_object_detector/environment/ament_prefix_path.dsv
[8.695s] -- Up-to-date: /home/jordan/git_repos/SDfR/assignment6/install/red_object_detector/share/red_object_detector/environment/path.sh
[8.695s] -- Up-to-date: /home/jordan/git_repos/SDfR/assignment6/install/red_object_detector/share/red_object_detector/environment/path.dsv
[8.696s] -- Up-to-date: /home/jordan/git_repos/SDfR/assignment6/install/red_object_detector/share/red_object_detector/local_setup.bash
[8.696s] -- Up-to-date: /home/jordan/git_repos/SDfR/assignment6/install/red_object_detector/share/red_object_detector/local_setup.sh
[8.696s] -- Up-to-date: /home/jordan/git_repos/SDfR/assignment6/install/red_object_detector/share/red_object_detector/local_setup.zsh
[8.696s] -- Up-to-date: /home/jordan/git_repos/SDfR/assignment6/install/red_object_detector/share/red_object_detector/local_setup.dsv
[8.696s] -- Installing: /home/jordan/git_repos/SDfR/assignment6/install/red_object_detector/share/red_object_detector/package.dsv
[8.696s] -- Up-to-date: /home/jordan/git_repos/SDfR/assignment6/install/red_object_detector/share/ament_index/resource_index/packages/red_object_detector
[8.696s] -- Up-to-date: /home/jordan/git_repos/SDfR/assignment6/install/red_object_detector/share/red_object_detector/cmake/red_object_detectorConfig.cmake
[8.696s] -- Up-to-date: /home/jordan/git_repos/SDfR/assignment6/install/red_object_detector/share/red_object_detector/cmake/red_object_detectorConfig-version.cmake
[8.696s] -- Up-to-date: /home/jordan/git_repos/SDfR/assignment6/install/red_object_detector/share/red_object_detector/package.xml
[8.698s] Invoked command in '/home/jordan/git_repos/SDfR/assignment6/build/red_object_detector' returned '0': CMAKE_PREFIX_PATH=${CMAKE_PREFIX_PATH}:/opt/ros/jazzy DEBUGINFOD_URLS=https://debuginfod.ubuntu.com /usr/bin/cmake --install /home/jordan/git_repos/SDfR/assignment6/build/red_object_detector
