[0.015s] Invoking command in '/home/jordan/SDfR/assignment6/build/green_object_detector': CMAKE_PREFIX_PATH=/opt/ros/humble /usr/bin/cmake --build /home/jordan/SDfR/assignment6/build/green_object_detector -- -j16 -l16
[0.081s] [35m[1mConsolidate compiler generated dependencies of target green_object_detector[0m
[0.110s] [ 50%] [32mBuilding CXX object CMakeFiles/green_object_detector.dir/src/green_object_detector.cpp.o[0m
[10.018s] [100%] [32m[1mLinking CXX executable green_object_detector[0m
[10.949s] [100%] Built target green_object_detector
[10.967s] Invoked command in '/home/jordan/SDfR/assignment6/build/green_object_detector' returned '0': CMAKE_PREFIX_PATH=/opt/ros/humble /usr/bin/cmake --build /home/jordan/SDfR/assignment6/build/green_object_detector -- -j16 -l16
[10.982s] Invoking command in '/home/jordan/SDfR/assignment6/build/green_object_detector': CMAKE_PREFIX_PATH=/opt/ros/humble /usr/bin/cmake --install /home/jordan/SDfR/assignment6/build/green_object_detector
[10.991s] -- Install configuration: ""
[10.992s] -- Installing: /home/jordan/SDfR/assignment6/install/green_object_detector/lib/green_object_detector/green_object_detector
[11.001s] -- Set runtime path of "/home/jordan/SDfR/assignment6/install/green_object_detector/lib/green_object_detector/green_object_detector" to ""
[11.001s] -- Up-to-date: /home/jordan/SDfR/assignment6/install/green_object_detector/share/ament_index/resource_index/package_run_dependencies/green_object_detector
[11.002s] -- Up-to-date: /home/jordan/SDfR/assignment6/install/green_object_detector/share/ament_index/resource_index/parent_prefix_path/green_object_detector
[11.002s] -- Up-to-date: /home/jordan/SDfR/assignment6/install/green_object_detector/share/green_object_detector/environment/ament_prefix_path.sh
[11.002s] -- Up-to-date: /home/jordan/SDfR/assignment6/install/green_object_detector/share/green_object_detector/environment/ament_prefix_path.dsv
[11.002s] -- Up-to-date: /home/jordan/SDfR/assignment6/install/green_object_detector/share/green_object_detector/environment/path.sh
[11.002s] -- Up-to-date: /home/jordan/SDfR/assignment6/install/green_object_detector/share/green_object_detector/environment/path.dsv
[11.002s] -- Up-to-date: /home/jordan/SDfR/assignment6/install/green_object_detector/share/green_object_detector/local_setup.bash
[11.003s] -- Up-to-date: /home/jordan/SDfR/assignment6/install/green_object_detector/share/green_object_detector/local_setup.sh
[11.003s] -- Up-to-date: /home/jordan/SDfR/assignment6/install/green_object_detector/share/green_object_detector/local_setup.zsh
[11.003s] -- Up-to-date: /home/jordan/SDfR/assignment6/install/green_object_detector/share/green_object_detector/local_setup.dsv
[11.003s] -- Installing: /home/jordan/SDfR/assignment6/install/green_object_detector/share/green_object_detector/package.dsv
[11.003s] -- Up-to-date: /home/jordan/SDfR/assignment6/install/green_object_detector/share/ament_index/resource_index/packages/green_object_detector
[11.003s] -- Up-to-date: /home/jordan/SDfR/assignment6/install/green_object_detector/share/green_object_detector/cmake/green_object_detectorConfig.cmake
[11.003s] -- Up-to-date: /home/jordan/SDfR/assignment6/install/green_object_detector/share/green_object_detector/cmake/green_object_detectorConfig-version.cmake
[11.004s] -- Up-to-date: /home/jordan/SDfR/assignment6/install/green_object_detector/share/green_object_detector/package.xml
[11.006s] Invoked command in '/home/jordan/SDfR/assignment6/build/green_object_detector' returned '0': CMAKE_PREFIX_PATH=/opt/ros/humble /usr/bin/cmake --install /home/jordan/SDfR/assignment6/build/green_object_detector
