[0.107s] Invoking command in '/home/jordan/SDfR/assignment6/build/relbot_simulator': CMAKE_PREFIX_PATH=/opt/ros/humble /usr/bin/cmake /home/jordan/SDfR/assignment6/src/relbot_simulator -DCMAKE_INSTALL_PREFIX=/home/jordan/SDfR/assignment6/install/relbot_simulator
[0.584s] -- The C compiler identification is GNU 11.4.0
[2.901s] -- The CXX compiler identification is GNU 11.4.0
[4.340s] -- Detecting C compiler ABI info
[4.895s] -- Detecting C compiler ABI info - done
[4.914s] -- Check for working C compiler: /usr/bin/cc - skipped
[4.914s] -- Detecting C compile features
[4.915s] -- Detecting C compile features - done
[4.923s] -- Detecting CXX compiler ABI info
[5.555s] -- Detecting CXX compiler ABI info - done
[5.572s] -- Check for working CXX compiler: /usr/bin/c++ - skipped
[5.572s] -- Detecting CXX compile features
[5.573s] -- Detecting CXX compile features - done
[5.580s] -- Found ament_cmake: 1.3.13 (/opt/ros/humble/share/ament_cmake/cmake)
[5.941s] -- Found Python3: /usr/bin/python3 (found version "3.10.12") found components: Interpreter 
[6.145s] -- Found rclcpp: 16.0.18 (/opt/ros/humble/share/rclcpp/cmake)
[6.761s] -- Found rosidl_generator_c: 3.1.8 (/opt/ros/humble/share/rosidl_generator_c/cmake)
[6.771s] -- Found rosidl_adapter: 3.1.8 (/opt/ros/humble/share/rosidl_adapter/cmake)
[6.793s] -- Found rosidl_generator_cpp: 3.1.8 (/opt/ros/humble/share/rosidl_generator_cpp/cmake)
[6.820s] -- Using all available rosidl_typesupport_c: rosidl_typesupport_fastrtps_c;rosidl_typesupport_introspection_c
[6.870s] -- Using all available rosidl_typesupport_cpp: rosidl_typesupport_fastrtps_cpp;rosidl_typesupport_introspection_cpp
[6.988s] -- Found rmw_implementation_cmake: 6.1.2 (/opt/ros/humble/share/rmw_implementation_cmake/cmake)
[6.996s] -- Found rmw_fastrtps_cpp: 6.2.10 (/opt/ros/humble/share/rmw_fastrtps_cpp/cmake)
[11.006s] -- Found OpenSSL: /usr/lib/x86_64-linux-gnu/libcrypto.so (found version "3.0.2")  
[16.537s] -- Found FastRTPS: /opt/ros/humble/include  
[26.911s] -- Using RMW implementation 'rmw_fastrtps_cpp' as default
[26.938s] -- Looking for pthread.h
[27.568s] -- Looking for pthread.h - found
[27.569s] -- Performing Test CMAKE_HAVE_LIBC_PTHREAD
[28.197s] -- Performing Test CMAKE_HAVE_LIBC_PTHREAD - Success
[28.200s] -- Found Threads: TRUE  
[28.333s] -- Found example_interfaces: 0.9.3 (/opt/ros/humble/share/example_interfaces/cmake)
[28.450s] -- Found geometry_msgs: 4.9.1 (/opt/ros/humble/share/geometry_msgs/cmake)
[28.487s] -- Found sensor_msgs: 4.9.1 (/opt/ros/humble/share/sensor_msgs/cmake)
[28.560s] -- Found OpenCV: /usr (found version "4.5.4") found components: core highgui imgcodecs imgproc videoio 
[28.564s] -- Found cv_bridge: 3.2.1 (/opt/ros/humble/share/cv_bridge/cmake)
[28.576s] -- Found ament_lint_auto: 0.12.15 (/opt/ros/humble/share/ament_lint_auto/cmake)
[28.824s] -- Added test 'copyright' to check source files copyright and LICENSE
[28.832s] -- Added test 'cppcheck' to perform static code analysis on C / C++ code
[28.833s] -- Configured cppcheck include dirs: /home/jordan/SDfR/assignment6/src/relbot_simulator/include;/home/jordan/SDfR/assignment6/src/relbot_simulator/common;$<BUILD_INTERFACE:/home/jordan/SDfR/assignment6/src/relbot_simulator/include>;$<BUILD_INTERFACE:/home/jordan/SDfR/assignment6/src/relbot_simulator/common>
[28.833s] -- Configured cppcheck exclude dirs and/or files: 
[28.840s] -- Added test 'cpplint' to check C / C++ code against the Google style
[28.840s] -- Configured cpplint exclude dirs and/or files: 
[28.845s] -- Added test 'lint_cmake' to check CMake code style
[28.851s] -- Added test 'uncrustify' to check C / C++ code style
[28.852s] -- Configured uncrustify additional arguments: 
[28.855s] -- Added test 'xmllint' to check XML markup files
[28.862s] -- Configuring done
[28.916s] -- Generating done
[28.934s] -- Build files have been written to: /home/jordan/SDfR/assignment6/build/relbot_simulator
[28.966s] Invoked command in '/home/jordan/SDfR/assignment6/build/relbot_simulator' returned '0': CMAKE_PREFIX_PATH=/opt/ros/humble /usr/bin/cmake /home/jordan/SDfR/assignment6/src/relbot_simulator -DCMAKE_INSTALL_PREFIX=/home/jordan/SDfR/assignment6/install/relbot_simulator
[28.969s] Invoking command in '/home/jordan/SDfR/assignment6/build/relbot_simulator': CMAKE_PREFIX_PATH=/opt/ros/humble /usr/bin/cmake --build /home/jordan/SDfR/assignment6/build/relbot_simulator -- -j16 -l16
[29.142s] [ 11%] [32mBuilding CXX object CMakeFiles/relbot_simulator.dir/common/MotionProfiles.cpp.o[0m
[29.143s] [ 22%] [32mBuilding CXX object CMakeFiles/relbot_simulator.dir/common/EulerAngles.cpp.o[0m
[29.143s] [ 33%] [32mBuilding CXX object CMakeFiles/relbot_simulator.dir/src/Plant.cpp.o[0m
[29.144s] [ 44%] [32mBuilding CXX object CMakeFiles/relbot_simulator.dir/src/relbot_simulator.cpp.o[0m
[29.145s] [ 55%] [32mBuilding CXX object CMakeFiles/relbot_simulator.dir/common/xxfuncs.cpp.o[0m
[29.148s] [ 66%] [32mBuilding CXX object CMakeFiles/relbot_simulator.dir/common/xxinverse.cpp.o[0m
[29.152s] [ 77%] [32mBuilding CXX object CMakeFiles/relbot_simulator.dir/common/xxinteg.cpp.o[0m
[29.154s] [ 88%] [32mBuilding CXX object CMakeFiles/relbot_simulator.dir/common/xxmatrix.cpp.o[0m
[65.341s] [100%] [32m[1mLinking CXX executable relbot_simulator[0m
[68.127s] [100%] Built target relbot_simulator
[68.169s] Invoked command in '/home/jordan/SDfR/assignment6/build/relbot_simulator' returned '0': CMAKE_PREFIX_PATH=/opt/ros/humble /usr/bin/cmake --build /home/jordan/SDfR/assignment6/build/relbot_simulator -- -j16 -l16
[68.174s] Invoking command in '/home/jordan/SDfR/assignment6/build/relbot_simulator': CMAKE_PREFIX_PATH=/opt/ros/humble /usr/bin/cmake --install /home/jordan/SDfR/assignment6/build/relbot_simulator
[68.197s] -- Install configuration: ""
[68.201s] -- Installing: /home/jordan/SDfR/assignment6/install/relbot_simulator/lib/relbot_simulator/relbot_simulator
[68.233s] -- Set runtime path of "/home/jordan/SDfR/assignment6/install/relbot_simulator/lib/relbot_simulator/relbot_simulator" to ""
[68.233s] -- Installing: /home/jordan/SDfR/assignment6/install/relbot_simulator/include
[68.234s] -- Installing: /home/jordan/SDfR/assignment6/install/relbot_simulator/include/xxtypes.h
[68.234s] -- Installing: /home/jordan/SDfR/assignment6/install/relbot_simulator/include/xxfuncs.h
[68.235s] -- Installing: /home/jordan/SDfR/assignment6/install/relbot_simulator/include/EulerAngles.h
[68.235s] -- Installing: /home/jordan/SDfR/assignment6/install/relbot_simulator/include/xxinteg.cpp
[68.236s] -- Installing: /home/jordan/SDfR/assignment6/install/relbot_simulator/include/MotionProfiles.h
[68.236s] -- Installing: /home/jordan/SDfR/assignment6/install/relbot_simulator/include/xxmatrix.cpp
[68.237s] -- Installing: /home/jordan/SDfR/assignment6/install/relbot_simulator/include/xxinverse.cpp
[68.238s] -- Installing: /home/jordan/SDfR/assignment6/install/relbot_simulator/include/xxmatrix.h
[68.238s] -- Installing: /home/jordan/SDfR/assignment6/install/relbot_simulator/include/EulerAngles.cpp
[68.239s] -- Installing: /home/jordan/SDfR/assignment6/install/relbot_simulator/include/xxinverse.h
[68.239s] -- Installing: /home/jordan/SDfR/assignment6/install/relbot_simulator/include/xxfuncs.cpp
[68.240s] -- Installing: /home/jordan/SDfR/assignment6/install/relbot_simulator/include/xxmodel.h
[68.240s] -- Installing: /home/jordan/SDfR/assignment6/install/relbot_simulator/include/MotionProfiles.cpp
[68.241s] -- Installing: /home/jordan/SDfR/assignment6/install/relbot_simulator/include/xxinteg.h
[68.246s] -- Installing: /home/jordan/SDfR/assignment6/install/relbot_simulator/share/ament_index/resource_index/package_run_dependencies/relbot_simulator
[68.247s] -- Installing: /home/jordan/SDfR/assignment6/install/relbot_simulator/share/ament_index/resource_index/parent_prefix_path/relbot_simulator
[68.250s] -- Installing: /home/jordan/SDfR/assignment6/install/relbot_simulator/share/relbot_simulator/environment/ament_prefix_path.sh
[68.250s] -- Installing: /home/jordan/SDfR/assignment6/install/relbot_simulator/share/relbot_simulator/environment/ament_prefix_path.dsv
[68.250s] -- Installing: /home/jordan/SDfR/assignment6/install/relbot_simulator/share/relbot_simulator/environment/path.sh
[68.251s] -- Installing: /home/jordan/SDfR/assignment6/install/relbot_simulator/share/relbot_simulator/environment/path.dsv
[68.252s] -- Installing: /home/jordan/SDfR/assignment6/install/relbot_simulator/share/relbot_simulator/local_setup.bash
[68.252s] -- Installing: /home/jordan/SDfR/assignment6/install/relbot_simulator/share/relbot_simulator/local_setup.sh
[68.253s] -- Installing: /home/jordan/SDfR/assignment6/install/relbot_simulator/share/relbot_simulator/local_setup.zsh
[68.253s] -- Installing: /home/jordan/SDfR/assignment6/install/relbot_simulator/share/relbot_simulator/local_setup.dsv
[68.254s] -- Installing: /home/jordan/SDfR/assignment6/install/relbot_simulator/share/relbot_simulator/package.dsv
[68.255s] -- Installing: /home/jordan/SDfR/assignment6/install/relbot_simulator/share/ament_index/resource_index/packages/relbot_simulator
[68.257s] -- Installing: /home/jordan/SDfR/assignment6/install/relbot_simulator/share/relbot_simulator/cmake/relbot_simulatorConfig.cmake
[68.257s] -- Installing: /home/jordan/SDfR/assignment6/install/relbot_simulator/share/relbot_simulator/cmake/relbot_simulatorConfig-version.cmake
[68.257s] -- Installing: /home/jordan/SDfR/assignment6/install/relbot_simulator/share/relbot_simulator/package.xml
[68.264s] Invoked command in '/home/jordan/SDfR/assignment6/build/relbot_simulator' returned '0': CMAKE_PREFIX_PATH=/opt/ros/humble /usr/bin/cmake --install /home/jordan/SDfR/assignment6/build/relbot_simulator
