[0.086s] Invoking command in '/home/sdfr-ppd-01/SDfR/assignment6/build/relbot2turtlesim': CMAKE_PREFIX_PATH=/opt/ros/humble /usr/bin/cmake --build /home/sdfr-ppd-01/SDfR/assignment6/build/relbot2turtlesim -- -j3 -l3
[0.334s] [35m[1mConsolidate compiler generated dependencies of target relbot2turtlesim[0m
[0.770s] [100%] Built target relbot2turtlesim
[0.811s] Invoked command in '/home/sdfr-ppd-01/SDfR/assignment6/build/relbot2turtlesim' returned '0': CMAKE_PREFIX_PATH=/opt/ros/humble /usr/bin/cmake --build /home/sdfr-ppd-01/SDfR/assignment6/build/relbot2turtlesim -- -j3 -l3
[0.841s] Invoking command in '/home/sdfr-ppd-01/SDfR/assignment6/build/relbot2turtlesim': CMAKE_PREFIX_PATH=/opt/ros/humble /usr/bin/cmake --install /home/sdfr-ppd-01/SDfR/assignment6/build/relbot2turtlesim
[0.868s] -- Install configuration: ""
[0.871s] -- Up-to-date: /home/sdfr-ppd-01/SDfR/assignment6/install/relbot2turtlesim/lib/relbot2turtlesim/relbot2turtlesim
[0.876s] -- Up-to-date: /home/sdfr-ppd-01/SDfR/assignment6/install/relbot2turtlesim/share/ament_index/resource_index/package_run_dependencies/relbot2turtlesim
[0.878s] -- Up-to-date: /home/sdfr-ppd-01/SDfR/assignment6/install/relbot2turtlesim/share/ament_index/resource_index/parent_prefix_path/relbot2turtlesim
[0.882s] -- Up-to-date: /home/sdfr-ppd-01/SDfR/assignment6/install/relbot2turtlesim/share/relbot2turtlesim/environment/ament_prefix_path.sh
[0.884s] -- Up-to-date: /home/sdfr-ppd-01/SDfR/assignment6/install/relbot2turtlesim/share/relbot2turtlesim/environment/ament_prefix_path.dsv
[0.886s] -- Up-to-date: /home/sdfr-ppd-01/SDfR/assignment6/install/relbot2turtlesim/share/relbot2turtlesim/environment/path.sh
[0.888s] -- Up-to-date: /home/sdfr-ppd-01/SDfR/assignment6/install/relbot2turtlesim/share/relbot2turtlesim/environment/path.dsv
[0.890s] -- Up-to-date: /home/sdfr-ppd-01/SDfR/assignment6/install/relbot2turtlesim/share/relbot2turtlesim/local_setup.bash
[0.892s] -- Up-to-date: /home/sdfr-ppd-01/SDfR/assignment6/install/relbot2turtlesim/share/relbot2turtlesim/local_setup.sh
[0.896s] -- Up-to-date: /home/sdfr-ppd-01/SDfR/assignment6/install/relbot2turtlesim/share/relbot2turtlesim/local_setup.zsh
[0.903s] -- Up-to-date: /home/sdfr-ppd-01/SDfR/assignment6/install/relbot2turtlesim/share/relbot2turtlesim/local_setup.dsv
[0.910s] -- Installing: /home/sdfr-ppd-01/SDfR/assignment6/install/relbot2turtlesim/share/relbot2turtlesim/package.dsv
[0.914s] -- Up-to-date: /home/sdfr-ppd-01/SDfR/assignment6/install/relbot2turtlesim/share/ament_index/resource_index/packages/relbot2turtlesim
[0.929s] -- Up-to-date: /home/sdfr-ppd-01/SDfR/assignment6/install/relbot2turtlesim/share/relbot2turtlesim/cmake/relbot2turtlesimConfig.cmake
[0.934s] -- Up-to-date: /home/sdfr-ppd-01/SDfR/assignment6/install/relbot2turtlesim/share/relbot2turtlesim/cmake/relbot2turtlesimConfig-version.cmake
[0.935s] -- Up-to-date: /home/sdfr-ppd-01/SDfR/assignment6/install/relbot2turtlesim/share/relbot2turtlesim/package.xml
[0.942s] Invoked command in '/home/sdfr-ppd-01/SDfR/assignment6/build/relbot2turtlesim' returned '0': CMAKE_PREFIX_PATH=/opt/ros/humble /usr/bin/cmake --install /home/sdfr-ppd-01/SDfR/assignment6/build/relbot2turtlesim
