[0.059s] Invoking command in '/home/sdfr-ppd-01/SDfR/assignment6/build/relbot_launch': CMAKE_PREFIX_PATH=/home/sdfr-ppd-01/SDfR/assignment6/install/relbot_simulator:/home/sdfr-ppd-01/SDfR/assignment6/install/relbot_sequence_controller:/home/sdfr-ppd-01/SDfR/assignment6/install/relbot2turtlesim:/home/sdfr-ppd-01/SDfR/assignment6/install/green_object_detector:/home/sdfr-ppd-01/SDfR/assignment6/install/cam2image_vm2ros:/home/sdfr-ppd-01/SDfR/assignment6/install/ros_xeno_bridge:/home/sdfr-ppd-01/SDfR/assignment6/install/xrf2_msgs:/home/sdfr-ppd-01/SDfR/assignment6/install/relbot_launch:/home/sdfr-ppd-01/SDfR/assignment6/install/relbot_adapter:/home/sdfr-ppd-01/SDfR/assignment6/install/relbot_msgs:/home/sdfr-ppd-01/SDfR/assignment6/install/image_functions_sdfr:/opt/ros/humble LD_LIBRARY_PATH=/home/sdfr-ppd-01/SDfR/assignment6/install/cam2image_vm2ros/lib:/home/sdfr-ppd-01/SDfR/assignment6/install/xrf2_msgs/lib:/home/sdfr-ppd-01/SDfR/assignment6/install/relbot_msgs/lib:/home/sdfr-ppd-01/SDfR/assignment6/install/image_functions_sdfr/lib:/opt/ros/humble/opt/rviz_ogre_vendor/lib:/opt/ros/humble/lib/aarch64-linux-gnu:/opt/ros/humble/lib /usr/bin/cmake --build /home/sdfr-ppd-01/SDfR/assignment6/build/relbot_launch -- -j3 -l3
[0.163s] Invoked command in '/home/sdfr-ppd-01/SDfR/assignment6/build/relbot_launch' returned '0': CMAKE_PREFIX_PATH=/home/sdfr-ppd-01/SDfR/assignment6/install/relbot_simulator:/home/sdfr-ppd-01/SDfR/assignment6/install/relbot_sequence_controller:/home/sdfr-ppd-01/SDfR/assignment6/install/relbot2turtlesim:/home/sdfr-ppd-01/SDfR/assignment6/install/green_object_detector:/home/sdfr-ppd-01/SDfR/assignment6/install/cam2image_vm2ros:/home/sdfr-ppd-01/SDfR/assignment6/install/ros_xeno_bridge:/home/sdfr-ppd-01/SDfR/assignment6/install/xrf2_msgs:/home/sdfr-ppd-01/SDfR/assignment6/install/relbot_launch:/home/sdfr-ppd-01/SDfR/assignment6/install/relbot_adapter:/home/sdfr-ppd-01/SDfR/assignment6/install/relbot_msgs:/home/sdfr-ppd-01/SDfR/assignment6/install/image_functions_sdfr:/opt/ros/humble LD_LIBRARY_PATH=/home/sdfr-ppd-01/SDfR/assignment6/install/cam2image_vm2ros/lib:/home/sdfr-ppd-01/SDfR/assignment6/install/xrf2_msgs/lib:/home/sdfr-ppd-01/SDfR/assignment6/install/relbot_msgs/lib:/home/sdfr-ppd-01/SDfR/assignment6/install/image_functions_sdfr/lib:/opt/ros/humble/opt/rviz_ogre_vendor/lib:/opt/ros/humble/lib/aarch64-linux-gnu:/opt/ros/humble/lib /usr/bin/cmake --build /home/sdfr-ppd-01/SDfR/assignment6/build/relbot_launch -- -j3 -l3
[0.170s] Invoking command in '/home/sdfr-ppd-01/SDfR/assignment6/build/relbot_launch': CMAKE_PREFIX_PATH=/home/sdfr-ppd-01/SDfR/assignment6/install/relbot_simulator:/home/sdfr-ppd-01/SDfR/assignment6/install/relbot_sequence_controller:/home/sdfr-ppd-01/SDfR/assignment6/install/relbot2turtlesim:/home/sdfr-ppd-01/SDfR/assignment6/install/green_object_detector:/home/sdfr-ppd-01/SDfR/assignment6/install/cam2image_vm2ros:/home/sdfr-ppd-01/SDfR/assignment6/install/ros_xeno_bridge:/home/sdfr-ppd-01/SDfR/assignment6/install/xrf2_msgs:/home/sdfr-ppd-01/SDfR/assignment6/install/relbot_launch:/home/sdfr-ppd-01/SDfR/assignment6/install/relbot_adapter:/home/sdfr-ppd-01/SDfR/assignment6/install/relbot_msgs:/home/sdfr-ppd-01/SDfR/assignment6/install/image_functions_sdfr:/opt/ros/humble LD_LIBRARY_PATH=/home/sdfr-ppd-01/SDfR/assignment6/install/cam2image_vm2ros/lib:/home/sdfr-ppd-01/SDfR/assignment6/install/xrf2_msgs/lib:/home/sdfr-ppd-01/SDfR/assignment6/install/relbot_msgs/lib:/home/sdfr-ppd-01/SDfR/assignment6/install/image_functions_sdfr/lib:/opt/ros/humble/opt/rviz_ogre_vendor/lib:/opt/ros/humble/lib/aarch64-linux-gnu:/opt/ros/humble/lib /usr/bin/cmake --install /home/sdfr-ppd-01/SDfR/assignment6/build/relbot_launch
[0.197s] -- Install configuration: ""
[0.200s] -- Up-to-date: /home/sdfr-ppd-01/SDfR/assignment6/install/relbot_launch/share/relbot_launch//launch
[0.202s] -- Up-to-date: /home/sdfr-ppd-01/SDfR/assignment6/install/relbot_launch/share/relbot_launch//launch/__pycache__
[0.205s] -- Installing: /home/sdfr-ppd-01/SDfR/assignment6/install/relbot_launch/share/relbot_launch//launch/__pycache__/relbot_implementation.launch.cpython-310.pyc
[0.207s] -- Up-to-date: /home/sdfr-ppd-01/SDfR/assignment6/install/relbot_launch/share/relbot_launch//launch/relbot_green_tracking.launch.py
[0.210s] -- Up-to-date: /home/sdfr-ppd-01/SDfR/assignment6/install/relbot_launch/share/relbot_launch//launch/relbot_system.launch.py
[0.212s] -- Up-to-date: /home/sdfr-ppd-01/SDfR/assignment6/install/relbot_launch/share/relbot_launch//launch/relbot_to_turtle.launch.py
[0.213s] -- Up-to-date: /home/sdfr-ppd-01/SDfR/assignment6/install/relbot_launch/share/relbot_launch//launch/relbot_system_joystick.launch.py
[0.215s] -- Up-to-date: /home/sdfr-ppd-01/SDfR/assignment6/install/relbot_launch/share/relbot_launch//launch/relbot_implementation.launch.py
[0.218s] -- Up-to-date: /home/sdfr-ppd-01/SDfR/assignment6/install/relbot_launch/share/relbot_launch//launch/relbot_sequence_controller.launch.py
[0.221s] -- Up-to-date: /home/sdfr-ppd-01/SDfR/assignment6/install/relbot_launch/share/ament_index/resource_index/package_run_dependencies/relbot_launch
[0.224s] -- Up-to-date: /home/sdfr-ppd-01/SDfR/assignment6/install/relbot_launch/share/ament_index/resource_index/parent_prefix_path/relbot_launch
[0.228s] -- Up-to-date: /home/sdfr-ppd-01/SDfR/assignment6/install/relbot_launch/share/relbot_launch/environment/ament_prefix_path.sh
[0.238s] -- Up-to-date: /home/sdfr-ppd-01/SDfR/assignment6/install/relbot_launch/share/relbot_launch/environment/ament_prefix_path.dsv
[0.242s] -- Up-to-date: /home/sdfr-ppd-01/SDfR/assignment6/install/relbot_launch/share/relbot_launch/environment/path.sh
[0.247s] -- Up-to-date: /home/sdfr-ppd-01/SDfR/assignment6/install/relbot_launch/share/relbot_launch/environment/path.dsv
[0.251s] -- Up-to-date: /home/sdfr-ppd-01/SDfR/assignment6/install/relbot_launch/share/relbot_launch/local_setup.bash
[0.255s] -- Up-to-date: /home/sdfr-ppd-01/SDfR/assignment6/install/relbot_launch/share/relbot_launch/local_setup.sh
[0.258s] -- Up-to-date: /home/sdfr-ppd-01/SDfR/assignment6/install/relbot_launch/share/relbot_launch/local_setup.zsh
[0.261s] -- Up-to-date: /home/sdfr-ppd-01/SDfR/assignment6/install/relbot_launch/share/relbot_launch/local_setup.dsv
[0.263s] -- Installing: /home/sdfr-ppd-01/SDfR/assignment6/install/relbot_launch/share/relbot_launch/package.dsv
[0.268s] -- Up-to-date: /home/sdfr-ppd-01/SDfR/assignment6/install/relbot_launch/share/ament_index/resource_index/packages/relbot_launch
[0.272s] -- Up-to-date: /home/sdfr-ppd-01/SDfR/assignment6/install/relbot_launch/share/relbot_launch/cmake/relbot_launchConfig.cmake
[0.274s] -- Up-to-date: /home/sdfr-ppd-01/SDfR/assignment6/install/relbot_launch/share/relbot_launch/cmake/relbot_launchConfig-version.cmake
[0.276s] -- Up-to-date: /home/sdfr-ppd-01/SDfR/assignment6/install/relbot_launch/share/relbot_launch/package.xml
[0.281s] Invoked command in '/home/sdfr-ppd-01/SDfR/assignment6/build/relbot_launch' returned '0': CMAKE_PREFIX_PATH=/home/sdfr-ppd-01/SDfR/assignment6/install/relbot_simulator:/home/sdfr-ppd-01/SDfR/assignment6/install/relbot_sequence_controller:/home/sdfr-ppd-01/SDfR/assignment6/install/relbot2turtlesim:/home/sdfr-ppd-01/SDfR/assignment6/install/green_object_detector:/home/sdfr-ppd-01/SDfR/assignment6/install/cam2image_vm2ros:/home/sdfr-ppd-01/SDfR/assignment6/install/ros_xeno_bridge:/home/sdfr-ppd-01/SDfR/assignment6/install/xrf2_msgs:/home/sdfr-ppd-01/SDfR/assignment6/install/relbot_launch:/home/sdfr-ppd-01/SDfR/assignment6/install/relbot_adapter:/home/sdfr-ppd-01/SDfR/assignment6/install/relbot_msgs:/home/sdfr-ppd-01/SDfR/assignment6/install/image_functions_sdfr:/opt/ros/humble LD_LIBRARY_PATH=/home/sdfr-ppd-01/SDfR/assignment6/install/cam2image_vm2ros/lib:/home/sdfr-ppd-01/SDfR/assignment6/install/xrf2_msgs/lib:/home/sdfr-ppd-01/SDfR/assignment6/install/relbot_msgs/lib:/home/sdfr-ppd-01/SDfR/assignment6/install/image_functions_sdfr/lib:/opt/ros/humble/opt/rviz_ogre_vendor/lib:/opt/ros/humble/lib/aarch64-linux-gnu:/opt/ros/humble/lib /usr/bin/cmake --install /home/sdfr-ppd-01/SDfR/assignment6/build/relbot_launch
