[0.116s] Invoking command in '/home/jordan/SDfR/assignment6/build/green_object_detector': CMAKE_PREFIX_PATH=/opt/ros/humble /usr/bin/cmake /home/jordan/SDfR/assignment6/src/green_object_detector -DCMAKE_INSTALL_PREFIX=/home/jordan/SDfR/assignment6/install/green_object_detector
[0.549s] -- The C compiler identification is GNU 11.4.0
[2.757s] -- The CXX compiler identification is GNU 11.4.0
[4.247s] -- Detecting C compiler ABI info
[4.905s] -- Detecting C compiler ABI info - done
[4.922s] -- Check for working C compiler: /usr/bin/cc - skipped
[4.922s] -- Detecting C compile features
[4.923s] -- Detecting C compile features - done
[4.934s] -- Detecting CXX compiler ABI info
[5.501s] -- Detecting CXX compiler ABI info - done
[5.519s] -- Check for working CXX compiler: /usr/bin/c++ - skipped
[5.520s] -- Detecting CXX compile features
[5.521s] -- Detecting CXX compile features - done
[5.527s] -- Found ament_cmake: 1.3.13 (/opt/ros/humble/share/ament_cmake/cmake)
[5.902s] -- Found Python3: /usr/bin/python3 (found version "3.10.12") found components: Interpreter 
[6.115s] -- Found rclcpp: 16.0.18 (/opt/ros/humble/share/rclcpp/cmake)
[6.742s] -- Found rosidl_generator_c: 3.1.8 (/opt/ros/humble/share/rosidl_generator_c/cmake)
[6.752s] -- Found rosidl_adapter: 3.1.8 (/opt/ros/humble/share/rosidl_adapter/cmake)
[6.773s] -- Found rosidl_generator_cpp: 3.1.8 (/opt/ros/humble/share/rosidl_generator_cpp/cmake)
[6.799s] -- Using all available rosidl_typesupport_c: rosidl_typesupport_fastrtps_c;rosidl_typesupport_introspection_c
[6.834s] -- Using all available rosidl_typesupport_cpp: rosidl_typesupport_fastrtps_cpp;rosidl_typesupport_introspection_cpp
[6.952s] -- Found rmw_implementation_cmake: 6.1.2 (/opt/ros/humble/share/rmw_implementation_cmake/cmake)
[6.958s] -- Found rmw_fastrtps_cpp: 6.2.10 (/opt/ros/humble/share/rmw_fastrtps_cpp/cmake)
[9.460s] -- Found OpenSSL: /usr/lib/x86_64-linux-gnu/libcrypto.so (found version "3.0.2")  
[12.208s] -- Found FastRTPS: /opt/ros/humble/include  
[25.960s] -- Using RMW implementation 'rmw_fastrtps_cpp' as default
[25.984s] -- Looking for pthread.h
[26.663s] -- Looking for pthread.h - found
[26.664s] -- Performing Test CMAKE_HAVE_LIBC_PTHREAD
[27.312s] -- Performing Test CMAKE_HAVE_LIBC_PTHREAD - Success
[27.315s] -- Found Threads: TRUE  
[27.454s] -- Found sensor_msgs: 4.9.1 (/opt/ros/humble/share/sensor_msgs/cmake)
[27.541s] -- Found cv_bridge: 3.2.1 (/opt/ros/humble/share/cv_bridge/cmake)
[27.584s] -- Found OpenCV: /usr (found version "4.5.4") 
[27.592s] -- Found ament_lint_auto: 0.12.15 (/opt/ros/humble/share/ament_lint_auto/cmake)
[27.825s] -- Added test 'cppcheck' to perform static code analysis on C / C++ code
[27.825s] -- Configured cppcheck include dirs: 
[27.826s] -- Configured cppcheck exclude dirs and/or files: 
[27.828s] -- Added test 'lint_cmake' to check CMake code style
[27.832s] -- Added test 'uncrustify' to check C / C++ code style
[27.832s] -- Configured uncrustify additional arguments: 
[27.835s] -- Added test 'xmllint' to check XML markup files
[27.842s] -- Configuring done
[27.905s] -- Generating done
[27.920s] -- Build files have been written to: /home/jordan/SDfR/assignment6/build/green_object_detector
[27.957s] Invoked command in '/home/jordan/SDfR/assignment6/build/green_object_detector' returned '0': CMAKE_PREFIX_PATH=/opt/ros/humble /usr/bin/cmake /home/jordan/SDfR/assignment6/src/green_object_detector -DCMAKE_INSTALL_PREFIX=/home/jordan/SDfR/assignment6/install/green_object_detector
[27.961s] Invoking command in '/home/jordan/SDfR/assignment6/build/green_object_detector': CMAKE_PREFIX_PATH=/opt/ros/humble /usr/bin/cmake --build /home/jordan/SDfR/assignment6/build/green_object_detector -- -j16 -l16
[28.124s] [ 50%] [32mBuilding CXX object CMakeFiles/green_object_detector.dir/src/green_object_detector.cpp.o[0m
[50.842s] [100%] [32m[1mLinking CXX executable green_object_detector[0m
[52.863s] [100%] Built target green_object_detector
[52.950s] Invoked command in '/home/jordan/SDfR/assignment6/build/green_object_detector' returned '0': CMAKE_PREFIX_PATH=/opt/ros/humble /usr/bin/cmake --build /home/jordan/SDfR/assignment6/build/green_object_detector -- -j16 -l16
[52.954s] Invoking command in '/home/jordan/SDfR/assignment6/build/green_object_detector': CMAKE_PREFIX_PATH=/opt/ros/humble /usr/bin/cmake --install /home/jordan/SDfR/assignment6/build/green_object_detector
[52.974s] -- Install configuration: ""
[52.977s] -- Installing: /home/jordan/SDfR/assignment6/install/green_object_detector/lib/green_object_detector/green_object_detector
[52.991s] -- Set runtime path of "/home/jordan/SDfR/assignment6/install/green_object_detector/lib/green_object_detector/green_object_detector" to ""
[52.994s] -- Installing: /home/jordan/SDfR/assignment6/install/green_object_detector/share/ament_index/resource_index/package_run_dependencies/green_object_detector
[52.996s] -- Installing: /home/jordan/SDfR/assignment6/install/green_object_detector/share/ament_index/resource_index/parent_prefix_path/green_object_detector
[52.998s] -- Installing: /home/jordan/SDfR/assignment6/install/green_object_detector/share/green_object_detector/environment/ament_prefix_path.sh
[52.998s] -- Installing: /home/jordan/SDfR/assignment6/install/green_object_detector/share/green_object_detector/environment/ament_prefix_path.dsv
[52.999s] -- Installing: /home/jordan/SDfR/assignment6/install/green_object_detector/share/green_object_detector/environment/path.sh
[52.999s] -- Installing: /home/jordan/SDfR/assignment6/install/green_object_detector/share/green_object_detector/environment/path.dsv
[53.000s] -- Installing: /home/jordan/SDfR/assignment6/install/green_object_detector/share/green_object_detector/local_setup.bash
[53.001s] -- Installing: /home/jordan/SDfR/assignment6/install/green_object_detector/share/green_object_detector/local_setup.sh
[53.002s] -- Installing: /home/jordan/SDfR/assignment6/install/green_object_detector/share/green_object_detector/local_setup.zsh
[53.003s] -- Installing: /home/jordan/SDfR/assignment6/install/green_object_detector/share/green_object_detector/local_setup.dsv
[53.003s] -- Installing: /home/jordan/SDfR/assignment6/install/green_object_detector/share/green_object_detector/package.dsv
[53.006s] -- Installing: /home/jordan/SDfR/assignment6/install/green_object_detector/share/ament_index/resource_index/packages/green_object_detector
[53.007s] -- Installing: /home/jordan/SDfR/assignment6/install/green_object_detector/share/green_object_detector/cmake/green_object_detectorConfig.cmake
[53.008s] -- Installing: /home/jordan/SDfR/assignment6/install/green_object_detector/share/green_object_detector/cmake/green_object_detectorConfig-version.cmake
[53.009s] -- Installing: /home/jordan/SDfR/assignment6/install/green_object_detector/share/green_object_detector/package.xml
[53.016s] Invoked command in '/home/jordan/SDfR/assignment6/build/green_object_detector' returned '0': CMAKE_PREFIX_PATH=/opt/ros/humble /usr/bin/cmake --install /home/jordan/SDfR/assignment6/build/green_object_detector
