[0.183s] Invoking command in '/home/jordan/SDfR/assignment6/build/relbot_adapter': AMENT_PREFIX_PATH=/home/jordan/SDfR/assignment6/install/relbot_msgs:${AMENT_PREFIX_PATH} CMAKE_PREFIX_PATH=/home/jordan/SDfR/assignment6/install/relbot_msgs:/opt/ros/humble LD_LIBRARY_PATH=/home/jordan/SDfR/assignment6/install/relbot_msgs/lib:${LD_LIBRARY_PATH} PYTHONPATH=/home/jordan/SDfR/assignment6/install/relbot_msgs/local/lib/python3.10/dist-packages:${PYTHONPATH} /usr/bin/cmake /home/jordan/SDfR/assignment6/src/relbot_adapter -DCMAKE_INSTALL_PREFIX=/home/jordan/SDfR/assignment6/install/relbot_adapter
[0.490s] -- The C compiler identification is GNU 11.4.0
[1.778s] -- The CXX compiler identification is GNU 11.4.0
[2.615s] -- Detecting C compiler ABI info
[2.971s] -- Detecting C compiler ABI info - done
[2.982s] -- Check for working C compiler: /usr/bin/cc - skipped
[2.982s] -- Detecting C compile features
[2.982s] -- Detecting C compile features - done
[2.987s] -- Detecting CXX compiler ABI info
[3.359s] -- Detecting CXX compiler ABI info - done
[3.368s] -- Check for working CXX compiler: /usr/bin/c++ - skipped
[3.369s] -- Detecting CXX compile features
[3.369s] -- Detecting CXX compile features - done
[3.374s] -- Found ament_cmake: 1.3.13 (/opt/ros/humble/share/ament_cmake/cmake)
[3.634s] -- Found Python3: /usr/bin/python3 (found version "3.10.12") found components: Interpreter 
[3.801s] -- Found rclcpp: 16.0.18 (/opt/ros/humble/share/rclcpp/cmake)
[4.232s] -- Found rosidl_generator_c: 3.1.8 (/opt/ros/humble/share/rosidl_generator_c/cmake)
[4.239s] -- Found rosidl_adapter: 3.1.8 (/opt/ros/humble/share/rosidl_adapter/cmake)
[4.252s] -- Found rosidl_generator_cpp: 3.1.8 (/opt/ros/humble/share/rosidl_generator_cpp/cmake)
[4.274s] -- Using all available rosidl_typesupport_c: rosidl_typesupport_fastrtps_c;rosidl_typesupport_introspection_c
[4.300s] -- Using all available rosidl_typesupport_cpp: rosidl_typesupport_fastrtps_cpp;rosidl_typesupport_introspection_cpp
[4.372s] -- Found rmw_implementation_cmake: 6.1.2 (/opt/ros/humble/share/rmw_implementation_cmake/cmake)
[4.376s] -- Found rmw_fastrtps_cpp: 6.2.10 (/opt/ros/humble/share/rmw_fastrtps_cpp/cmake)
[7.680s] -- Found OpenSSL: /usr/lib/x86_64-linux-gnu/libcrypto.so (found version "3.0.2")  
[11.188s] -- Found FastRTPS: /opt/ros/humble/include  
[17.174s] -- Using RMW implementation 'rmw_fastrtps_cpp' as default
[17.184s] -- Looking for pthread.h
[17.483s] -- Looking for pthread.h - found
[17.484s] -- Performing Test CMAKE_HAVE_LIBC_PTHREAD
[17.756s] -- Performing Test CMAKE_HAVE_LIBC_PTHREAD - Success
[17.757s] -- Found Threads: TRUE  
[17.803s] -- Found example_interfaces: 0.9.3 (/opt/ros/humble/share/example_interfaces/cmake)
[17.838s] -- Found geometry_msgs: 4.9.1 (/opt/ros/humble/share/geometry_msgs/cmake)
[17.849s] -- Found relbot_msgs: 2025.2.0 (/home/jordan/SDfR/assignment6/install/relbot_msgs/share/relbot_msgs/cmake)
[20.196s] -- xrf2_msgs not found, building without xrf2 support.
[20.199s] -- Found ament_lint_auto: 0.12.15 (/opt/ros/humble/share/ament_lint_auto/cmake)
[20.272s] -- Added test 'cppcheck' to perform static code analysis on C / C++ code
[20.272s] -- Configured cppcheck include dirs: /home/jordan/SDfR/assignment6/src/relbot_adapter/include;$<BUILD_INTERFACE:/home/jordan/SDfR/assignment6/src/relbot_adapter/include>
[20.272s] -- Configured cppcheck exclude dirs and/or files: 
[20.274s] -- Added test 'lint_cmake' to check CMake code style
[20.275s] -- Added test 'uncrustify' to check C / C++ code style
[20.275s] -- Configured uncrustify additional arguments: 
[20.276s] -- Added test 'xmllint' to check XML markup files
[20.278s] -- Configuring done
[20.296s] -- Generating done
[20.302s] -- Build files have been written to: /home/jordan/SDfR/assignment6/build/relbot_adapter
[20.320s] Invoked command in '/home/jordan/SDfR/assignment6/build/relbot_adapter' returned '0': AMENT_PREFIX_PATH=/home/jordan/SDfR/assignment6/install/relbot_msgs:${AMENT_PREFIX_PATH} CMAKE_PREFIX_PATH=/home/jordan/SDfR/assignment6/install/relbot_msgs:/opt/ros/humble LD_LIBRARY_PATH=/home/jordan/SDfR/assignment6/install/relbot_msgs/lib:${LD_LIBRARY_PATH} PYTHONPATH=/home/jordan/SDfR/assignment6/install/relbot_msgs/local/lib/python3.10/dist-packages:${PYTHONPATH} /usr/bin/cmake /home/jordan/SDfR/assignment6/src/relbot_adapter -DCMAKE_INSTALL_PREFIX=/home/jordan/SDfR/assignment6/install/relbot_adapter
[20.321s] Invoking command in '/home/jordan/SDfR/assignment6/build/relbot_adapter': AMENT_PREFIX_PATH=/home/jordan/SDfR/assignment6/install/relbot_msgs:${AMENT_PREFIX_PATH} CMAKE_PREFIX_PATH=/home/jordan/SDfR/assignment6/install/relbot_msgs:/opt/ros/humble LD_LIBRARY_PATH=/home/jordan/SDfR/assignment6/install/relbot_msgs/lib:${LD_LIBRARY_PATH} PYTHONPATH=/home/jordan/SDfR/assignment6/install/relbot_msgs/local/lib/python3.10/dist-packages:${PYTHONPATH} /usr/bin/cmake --build /home/jordan/SDfR/assignment6/build/relbot_adapter -- -j16 -l16
[20.382s] [ 50%] [32mBuilding CXX object CMakeFiles/relbot_adapter.dir/src/relbot_adapter.cpp.o[0m
[30.226s] [100%] [32m[1mLinking CXX executable relbot_adapter[0m
[30.827s] [100%] Built target relbot_adapter
[30.842s] Invoked command in '/home/jordan/SDfR/assignment6/build/relbot_adapter' returned '0': AMENT_PREFIX_PATH=/home/jordan/SDfR/assignment6/install/relbot_msgs:${AMENT_PREFIX_PATH} CMAKE_PREFIX_PATH=/home/jordan/SDfR/assignment6/install/relbot_msgs:/opt/ros/humble LD_LIBRARY_PATH=/home/jordan/SDfR/assignment6/install/relbot_msgs/lib:${LD_LIBRARY_PATH} PYTHONPATH=/home/jordan/SDfR/assignment6/install/relbot_msgs/local/lib/python3.10/dist-packages:${PYTHONPATH} /usr/bin/cmake --build /home/jordan/SDfR/assignment6/build/relbot_adapter -- -j16 -l16
[30.844s] Invoking command in '/home/jordan/SDfR/assignment6/build/relbot_adapter': AMENT_PREFIX_PATH=/home/jordan/SDfR/assignment6/install/relbot_msgs:${AMENT_PREFIX_PATH} CMAKE_PREFIX_PATH=/home/jordan/SDfR/assignment6/install/relbot_msgs:/opt/ros/humble LD_LIBRARY_PATH=/home/jordan/SDfR/assignment6/install/relbot_msgs/lib:${LD_LIBRARY_PATH} PYTHONPATH=/home/jordan/SDfR/assignment6/install/relbot_msgs/local/lib/python3.10/dist-packages:${PYTHONPATH} /usr/bin/cmake --install /home/jordan/SDfR/assignment6/build/relbot_adapter
[30.853s] -- Install configuration: ""
[30.854s] -- Installing: /home/jordan/SDfR/assignment6/install/relbot_adapter/lib/relbot_adapter/relbot_adapter
[30.863s] -- Set runtime path of "/home/jordan/SDfR/assignment6/install/relbot_adapter/lib/relbot_adapter/relbot_adapter" to ""
[30.865s] -- Installing: /home/jordan/SDfR/assignment6/install/relbot_adapter/share/ament_index/resource_index/package_run_dependencies/relbot_adapter
[30.866s] -- Installing: /home/jordan/SDfR/assignment6/install/relbot_adapter/share/ament_index/resource_index/parent_prefix_path/relbot_adapter
[30.867s] -- Installing: /home/jordan/SDfR/assignment6/install/relbot_adapter/share/relbot_adapter/environment/ament_prefix_path.sh
[30.867s] -- Installing: /home/jordan/SDfR/assignment6/install/relbot_adapter/share/relbot_adapter/environment/ament_prefix_path.dsv
[30.868s] -- Installing: /home/jordan/SDfR/assignment6/install/relbot_adapter/share/relbot_adapter/environment/path.sh
[30.868s] -- Installing: /home/jordan/SDfR/assignment6/install/relbot_adapter/share/relbot_adapter/environment/path.dsv
[30.868s] -- Installing: /home/jordan/SDfR/assignment6/install/relbot_adapter/share/relbot_adapter/local_setup.bash
[30.868s] -- Installing: /home/jordan/SDfR/assignment6/install/relbot_adapter/share/relbot_adapter/local_setup.sh
[30.868s] -- Installing: /home/jordan/SDfR/assignment6/install/relbot_adapter/share/relbot_adapter/local_setup.zsh
[30.869s] -- Installing: /home/jordan/SDfR/assignment6/install/relbot_adapter/share/relbot_adapter/local_setup.dsv
[30.869s] -- Installing: /home/jordan/SDfR/assignment6/install/relbot_adapter/share/relbot_adapter/package.dsv
[30.870s] -- Installing: /home/jordan/SDfR/assignment6/install/relbot_adapter/share/ament_index/resource_index/packages/relbot_adapter
[30.870s] -- Installing: /home/jordan/SDfR/assignment6/install/relbot_adapter/share/relbot_adapter/cmake/relbot_adapterConfig.cmake
[30.870s] -- Installing: /home/jordan/SDfR/assignment6/install/relbot_adapter/share/relbot_adapter/cmake/relbot_adapterConfig-version.cmake
[30.871s] -- Installing: /home/jordan/SDfR/assignment6/install/relbot_adapter/share/relbot_adapter/package.xml
[30.874s] Invoked command in '/home/jordan/SDfR/assignment6/build/relbot_adapter' returned '0': AMENT_PREFIX_PATH=/home/jordan/SDfR/assignment6/install/relbot_msgs:${AMENT_PREFIX_PATH} CMAKE_PREFIX_PATH=/home/jordan/SDfR/assignment6/install/relbot_msgs:/opt/ros/humble LD_LIBRARY_PATH=/home/jordan/SDfR/assignment6/install/relbot_msgs/lib:${LD_LIBRARY_PATH} PYTHONPATH=/home/jordan/SDfR/assignment6/install/relbot_msgs/local/lib/python3.10/dist-packages:${PYTHONPATH} /usr/bin/cmake --install /home/jordan/SDfR/assignment6/build/relbot_adapter
