[0.043s] Invoking command in '/home/sdfr-ppd-01/SDfR/assignment6/build/relbot_simulator': CMAKE_PREFIX_PATH=/opt/ros/humble /usr/bin/cmake /home/sdfr-ppd-01/SDfR/assignment6/src/relbot_simulator -DCMAKE_INSTALL_PREFIX=/home/sdfr-ppd-01/SDfR/assignment6/install/relbot_simulator
[0.390s] -- The C compiler identification is GNU 11.4.0
[0.657s] -- The CXX compiler identification is GNU 11.4.0
[0.688s] -- Detecting C compiler ABI info
[1.005s] -- Detecting C compiler ABI info - done
[1.042s] -- Check for working C compiler: /usr/bin/cc - skipped
[1.047s] -- Detecting C compile features
[1.053s] -- Detecting C compile features - done
[1.066s] -- Detecting CXX compiler ABI info
[1.420s] -- Detecting CXX compiler ABI info - done
[1.452s] -- Check for working CXX compiler: /usr/bin/c++ - skipped
[1.455s] -- Detecting CXX compile features
[1.460s] -- Detecting CXX compile features - done
[1.474s] -- Found ament_cmake: 1.3.14 (/opt/ros/humble/share/ament_cmake/cmake)
[2.333s] -- Found Python3: /usr/bin/python3 (found version "3.10.12") found components: Interpreter 
[2.799s] -- Found rclcpp: 16.0.19 (/opt/ros/humble/share/rclcpp/cmake)
[2.934s] -- Found rosidl_generator_c: 3.1.8 (/opt/ros/humble/share/rosidl_generator_c/cmake)
[2.956s] -- Found rosidl_adapter: 3.1.8 (/opt/ros/humble/share/rosidl_adapter/cmake)
[2.987s] -- Found rosidl_generator_cpp: 3.1.8 (/opt/ros/humble/share/rosidl_generator_cpp/cmake)
[3.036s] -- Using all available rosidl_typesupport_c: rosidl_typesupport_fastrtps_c;rosidl_typesupport_introspection_c
[3.102s] -- Using all available rosidl_typesupport_cpp: rosidl_typesupport_fastrtps_cpp;rosidl_typesupport_introspection_cpp
[3.258s] -- Found rmw_implementation_cmake: 6.1.2 (/opt/ros/humble/share/rmw_implementation_cmake/cmake)
[3.265s] -- Found rmw_fastrtps_cpp: 6.2.10 (/opt/ros/humble/share/rmw_fastrtps_cpp/cmake)
[3.517s] -- Found OpenSSL: /usr/lib/aarch64-linux-gnu/libcrypto.so (found version "3.0.2")  
[3.593s] -- Found FastRTPS: /opt/ros/humble/include  
[3.703s] -- Using RMW implementation 'rmw_fastrtps_cpp' as default
[3.732s] -- Looking for pthread.h
[4.993s] -- Looking for pthread.h - found
[4.999s] -- Performing Test CMAKE_HAVE_LIBC_PTHREAD
[5.476s] -- Performing Test CMAKE_HAVE_LIBC_PTHREAD - Success
[5.485s] -- Found Threads: TRUE  
[5.780s] -- Found example_interfaces: 0.9.3 (/opt/ros/humble/share/example_interfaces/cmake)
[5.994s] -- Found geometry_msgs: 4.9.1 (/opt/ros/humble/share/geometry_msgs/cmake)
[6.058s] -- Found sensor_msgs: 4.9.1 (/opt/ros/humble/share/sensor_msgs/cmake)
[6.164s] -- Found OpenCV: /usr (found version "4.5.4") found components: core highgui imgcodecs imgproc videoio 
[6.169s] -- Found cv_bridge: 3.2.1 (/opt/ros/humble/share/cv_bridge/cmake)
[6.192s] -- Found ament_lint_auto: 0.12.15 (/opt/ros/humble/share/ament_lint_auto/cmake)
[6.654s] -- Added test 'copyright' to check source files copyright and LICENSE
[6.665s] -- Added test 'cppcheck' to perform static code analysis on C / C++ code
[6.668s] -- Configured cppcheck include dirs: /home/sdfr-ppd-01/SDfR/assignment6/src/relbot_simulator/include;/home/sdfr-ppd-01/SDfR/assignment6/src/relbot_simulator/common;$<BUILD_INTERFACE:/home/sdfr-ppd-01/SDfR/assignment6/src/relbot_simulator/include>;$<BUILD_INTERFACE:/home/sdfr-ppd-01/SDfR/assignment6/src/relbot_simulator/common>
[6.670s] -- Configured cppcheck exclude dirs and/or files: 
[6.680s] -- Added test 'cpplint' to check C / C++ code against the Google style
[6.683s] -- Configured cpplint exclude dirs and/or files: 
[6.692s] -- Added test 'lint_cmake' to check CMake code style
[6.706s] -- Added test 'uncrustify' to check C / C++ code style
[6.709s] -- Configured uncrustify additional arguments: 
[6.714s] -- Added test 'xmllint' to check XML markup files
[6.727s] -- Configuring done
[6.860s] -- Generating done
[6.920s] -- Build files have been written to: /home/sdfr-ppd-01/SDfR/assignment6/build/relbot_simulator
[6.986s] Invoked command in '/home/sdfr-ppd-01/SDfR/assignment6/build/relbot_simulator' returned '0': CMAKE_PREFIX_PATH=/opt/ros/humble /usr/bin/cmake /home/sdfr-ppd-01/SDfR/assignment6/src/relbot_simulator -DCMAKE_INSTALL_PREFIX=/home/sdfr-ppd-01/SDfR/assignment6/install/relbot_simulator
[6.992s] Invoking command in '/home/sdfr-ppd-01/SDfR/assignment6/build/relbot_simulator': CMAKE_PREFIX_PATH=/opt/ros/humble /usr/bin/cmake --build /home/sdfr-ppd-01/SDfR/assignment6/build/relbot_simulator -- -j3 -l3
[7.189s] [ 11%] [32mBuilding CXX object CMakeFiles/relbot_simulator.dir/src/relbot_simulator.cpp.o[0m
[66.278s] [ 22%] [32mBuilding CXX object CMakeFiles/relbot_simulator.dir/common/EulerAngles.cpp.o[0m
[66.351s] [ 33%] [32mBuilding CXX object CMakeFiles/relbot_simulator.dir/src/Plant.cpp.o[0m
[67.382s] [ 44%] [32mBuilding CXX object CMakeFiles/relbot_simulator.dir/common/MotionProfiles.cpp.o[0m
[67.410s] [ 55%] [32mBuilding CXX object CMakeFiles/relbot_simulator.dir/common/xxfuncs.cpp.o[0m
[67.471s] [ 66%] [32mBuilding CXX object CMakeFiles/relbot_simulator.dir/common/xxinteg.cpp.o[0m
[68.272s] [ 77%] [32mBuilding CXX object CMakeFiles/relbot_simulator.dir/common/xxinverse.cpp.o[0m
[68.430s] [ 88%] [32mBuilding CXX object CMakeFiles/relbot_simulator.dir/common/xxmatrix.cpp.o[0m
[76.169s] [100%] [32m[1mLinking CXX executable relbot_simulator[0m
[81.391s] [100%] Built target relbot_simulator
[81.423s] Invoked command in '/home/sdfr-ppd-01/SDfR/assignment6/build/relbot_simulator' returned '0': CMAKE_PREFIX_PATH=/opt/ros/humble /usr/bin/cmake --build /home/sdfr-ppd-01/SDfR/assignment6/build/relbot_simulator -- -j3 -l3
[81.431s] Invoking command in '/home/sdfr-ppd-01/SDfR/assignment6/build/relbot_simulator': CMAKE_PREFIX_PATH=/opt/ros/humble /usr/bin/cmake --install /home/sdfr-ppd-01/SDfR/assignment6/build/relbot_simulator
[81.455s] -- Install configuration: ""
[81.457s] -- Installing: /home/sdfr-ppd-01/SDfR/assignment6/install/relbot_simulator/lib/relbot_simulator/relbot_simulator
[81.761s] -- Set runtime path of "/home/sdfr-ppd-01/SDfR/assignment6/install/relbot_simulator/lib/relbot_simulator/relbot_simulator" to ""
[81.763s] -- Installing: /home/sdfr-ppd-01/SDfR/assignment6/install/relbot_simulator/include
[81.764s] -- Installing: /home/sdfr-ppd-01/SDfR/assignment6/install/relbot_simulator/include/xxtypes.h
[81.765s] -- Installing: /home/sdfr-ppd-01/SDfR/assignment6/install/relbot_simulator/include/xxmodel.h
[81.766s] -- Installing: /home/sdfr-ppd-01/SDfR/assignment6/install/relbot_simulator/include/EulerAngles.h
[81.767s] -- Installing: /home/sdfr-ppd-01/SDfR/assignment6/install/relbot_simulator/include/xxmatrix.h
[81.768s] -- Installing: /home/sdfr-ppd-01/SDfR/assignment6/install/relbot_simulator/include/xxfuncs.h
[81.770s] -- Installing: /home/sdfr-ppd-01/SDfR/assignment6/install/relbot_simulator/include/xxmatrix.cpp
[81.771s] -- Installing: /home/sdfr-ppd-01/SDfR/assignment6/install/relbot_simulator/include/MotionProfiles.cpp
[81.772s] -- Installing: /home/sdfr-ppd-01/SDfR/assignment6/install/relbot_simulator/include/xxinteg.h
[81.773s] -- Installing: /home/sdfr-ppd-01/SDfR/assignment6/install/relbot_simulator/include/xxinteg.cpp
[81.774s] -- Installing: /home/sdfr-ppd-01/SDfR/assignment6/install/relbot_simulator/include/xxinverse.cpp
[81.776s] -- Installing: /home/sdfr-ppd-01/SDfR/assignment6/install/relbot_simulator/include/xxfuncs.cpp
[81.778s] -- Installing: /home/sdfr-ppd-01/SDfR/assignment6/install/relbot_simulator/include/xxinverse.h
[81.779s] -- Installing: /home/sdfr-ppd-01/SDfR/assignment6/install/relbot_simulator/include/MotionProfiles.h
[81.780s] -- Installing: /home/sdfr-ppd-01/SDfR/assignment6/install/relbot_simulator/include/EulerAngles.cpp
[81.782s] -- Installing: /home/sdfr-ppd-01/SDfR/assignment6/install/relbot_simulator/share/ament_index/resource_index/package_run_dependencies/relbot_simulator
[81.783s] -- Installing: /home/sdfr-ppd-01/SDfR/assignment6/install/relbot_simulator/share/ament_index/resource_index/parent_prefix_path/relbot_simulator
[81.784s] -- Installing: /home/sdfr-ppd-01/SDfR/assignment6/install/relbot_simulator/share/relbot_simulator/environment/ament_prefix_path.sh
[81.786s] -- Installing: /home/sdfr-ppd-01/SDfR/assignment6/install/relbot_simulator/share/relbot_simulator/environment/ament_prefix_path.dsv
[81.788s] -- Installing: /home/sdfr-ppd-01/SDfR/assignment6/install/relbot_simulator/share/relbot_simulator/environment/path.sh
[81.791s] -- Installing: /home/sdfr-ppd-01/SDfR/assignment6/install/relbot_simulator/share/relbot_simulator/environment/path.dsv
[81.792s] -- Installing: /home/sdfr-ppd-01/SDfR/assignment6/install/relbot_simulator/share/relbot_simulator/local_setup.bash
[81.793s] -- Installing: /home/sdfr-ppd-01/SDfR/assignment6/install/relbot_simulator/share/relbot_simulator/local_setup.sh
[81.794s] -- Installing: /home/sdfr-ppd-01/SDfR/assignment6/install/relbot_simulator/share/relbot_simulator/local_setup.zsh
[81.795s] -- Installing: /home/sdfr-ppd-01/SDfR/assignment6/install/relbot_simulator/share/relbot_simulator/local_setup.dsv
[81.797s] -- Installing: /home/sdfr-ppd-01/SDfR/assignment6/install/relbot_simulator/share/relbot_simulator/package.dsv
[81.798s] -- Installing: /home/sdfr-ppd-01/SDfR/assignment6/install/relbot_simulator/share/ament_index/resource_index/packages/relbot_simulator
[81.800s] -- Installing: /home/sdfr-ppd-01/SDfR/assignment6/install/relbot_simulator/share/relbot_simulator/cmake/relbot_simulatorConfig.cmake
[81.803s] -- Installing: /home/sdfr-ppd-01/SDfR/assignment6/install/relbot_simulator/share/relbot_simulator/cmake/relbot_simulatorConfig-version.cmake
[81.805s] -- Installing: /home/sdfr-ppd-01/SDfR/assignment6/install/relbot_simulator/share/relbot_simulator/package.xml
[81.807s] Invoked command in '/home/sdfr-ppd-01/SDfR/assignment6/build/relbot_simulator' returned '0': CMAKE_PREFIX_PATH=/opt/ros/humble /usr/bin/cmake --install /home/sdfr-ppd-01/SDfR/assignment6/build/relbot_simulator
