[0.274s] DEBUG:colcon:Command line arguments: ['/usr/bin/colcon', 'build']
[0.274s] DEBUG:colcon:Parsed command line arguments: Namespace(log_base=None, log_level=None, verb_name='build', build_base='build', install_base='install', merge_install=False, symlink_install=False, test_result_base=None, continue_on_error=False, executor='parallel', parallel_workers=16, event_handlers=None, ignore_user_meta=False, metas=['./colcon.meta'], base_paths=['.'], packages_ignore=None, packages_ignore_regex=None, paths=None, packages_up_to=None, packages_up_to_regex=None, packages_above=None, packages_above_and_dependencies=None, packages_above_depth=None, packages_select_by_dep=None, packages_skip_by_dep=None, packages_skip_up_to=None, packages_select_build_failed=False, packages_skip_build_finished=False, packages_select_test_failures=False, packages_skip_test_passed=False, packages_select=None, packages_skip=None, packages_select_regex=None, packages_skip_regex=None, packages_start=None, packages_end=None, allow_overriding=[], cmake_args=None, cmake_target=None, cmake_target_skip_unavailable=False, cmake_clean_cache=False, cmake_clean_first=False, cmake_force_configure=False, ament_cmake_args=None, catkin_cmake_args=None, catkin_skip_building_tests=False, mixin_files=None, mixin=None, verb_parser=<colcon_mixin.mixin.mixin_argument.MixinArgumentDecorator object at 0x7c09c572d210>, verb_extension=<colcon_core.verb.build.BuildVerb object at 0x7c09c58c2bc0>, main=<bound method BuildVerb.main of <colcon_core.verb.build.BuildVerb object at 0x7c09c58c2bc0>>, mixin_verb=('build',))
[0.448s] Level 1:colcon.colcon_core.package_discovery:discover_packages(colcon_meta) check parameters
[0.449s] Level 1:colcon.colcon_core.package_discovery:discover_packages(recursive) check parameters
[0.449s] Level 1:colcon.colcon_core.package_discovery:discover_packages(ignore) check parameters
[0.449s] Level 1:colcon.colcon_core.package_discovery:discover_packages(path) check parameters
[0.449s] Level 1:colcon.colcon_core.package_discovery:discover_packages(colcon_meta) discover
[0.449s] Level 1:colcon.colcon_core.package_discovery:discover_packages(recursive) discover
[0.449s] INFO:colcon.colcon_core.package_discovery:Crawling recursively for packages in '/home/jordan/SDfR/assignment5'
[0.449s] Level 1:colcon.colcon_core.package_identification:_identify(.) by extensions ['ignore', 'ignore_ament_install']
[0.449s] Level 1:colcon.colcon_core.package_identification:_identify(.) by extension 'ignore'
[0.449s] Level 1:colcon.colcon_core.package_identification:_identify(.) by extension 'ignore_ament_install'
[0.449s] Level 1:colcon.colcon_core.package_identification:_identify(.) by extensions ['colcon_pkg']
[0.449s] Level 1:colcon.colcon_core.package_identification:_identify(.) by extension 'colcon_pkg'
[0.450s] Level 1:colcon.colcon_core.package_identification:_identify(.) by extensions ['colcon_meta']
[0.450s] Level 1:colcon.colcon_core.package_identification:_identify(.) by extension 'colcon_meta'
[0.450s] Level 1:colcon.colcon_core.package_identification:_identify(.) by extensions ['ros']
[0.450s] Level 1:colcon.colcon_core.package_identification:_identify(.) by extension 'ros'
[0.462s] Level 1:colcon.colcon_core.package_identification:_identify(.) by extensions ['cmake', 'python']
[0.462s] Level 1:colcon.colcon_core.package_identification:_identify(.) by extension 'cmake'
[0.462s] Level 1:colcon.colcon_core.package_identification:_identify(.) by extension 'python'
[0.462s] Level 1:colcon.colcon_core.package_identification:_identify(.) by extensions ['python_setup_py']
[0.462s] Level 1:colcon.colcon_core.package_identification:_identify(.) by extension 'python_setup_py'
[0.462s] Level 1:colcon.colcon_core.package_identification:_identify(__MACOSX) by extensions ['ignore', 'ignore_ament_install']
[0.462s] Level 1:colcon.colcon_core.package_identification:_identify(__MACOSX) by extension 'ignore'
[0.462s] Level 1:colcon.colcon_core.package_identification:_identify(__MACOSX) by extension 'ignore_ament_install'
[0.462s] Level 1:colcon.colcon_core.package_identification:_identify(__MACOSX) by extensions ['colcon_pkg']
[0.462s] Level 1:colcon.colcon_core.package_identification:_identify(__MACOSX) by extension 'colcon_pkg'
[0.463s] Level 1:colcon.colcon_core.package_identification:_identify(__MACOSX) by extensions ['colcon_meta']
[0.463s] Level 1:colcon.colcon_core.package_identification:_identify(__MACOSX) by extension 'colcon_meta'
[0.463s] Level 1:colcon.colcon_core.package_identification:_identify(__MACOSX) by extensions ['ros']
[0.463s] Level 1:colcon.colcon_core.package_identification:_identify(__MACOSX) by extension 'ros'
[0.463s] Level 1:colcon.colcon_core.package_identification:_identify(__MACOSX) by extensions ['cmake', 'python']
[0.463s] Level 1:colcon.colcon_core.package_identification:_identify(__MACOSX) by extension 'cmake'
[0.463s] Level 1:colcon.colcon_core.package_identification:_identify(__MACOSX) by extension 'python'
[0.463s] Level 1:colcon.colcon_core.package_identification:_identify(__MACOSX) by extensions ['python_setup_py']
[0.463s] Level 1:colcon.colcon_core.package_identification:_identify(__MACOSX) by extension 'python_setup_py'
[0.463s] Level 1:colcon.colcon_core.package_identification:_identify(__MACOSX/relbot2turtlesim) by extensions ['ignore', 'ignore_ament_install']
[0.463s] Level 1:colcon.colcon_core.package_identification:_identify(__MACOSX/relbot2turtlesim) by extension 'ignore'
[0.463s] Level 1:colcon.colcon_core.package_identification:_identify(__MACOSX/relbot2turtlesim) by extension 'ignore_ament_install'
[0.463s] Level 1:colcon.colcon_core.package_identification:_identify(__MACOSX/relbot2turtlesim) by extensions ['colcon_pkg']
[0.463s] Level 1:colcon.colcon_core.package_identification:_identify(__MACOSX/relbot2turtlesim) by extension 'colcon_pkg'
[0.463s] Level 1:colcon.colcon_core.package_identification:_identify(__MACOSX/relbot2turtlesim) by extensions ['colcon_meta']
[0.463s] Level 1:colcon.colcon_core.package_identification:_identify(__MACOSX/relbot2turtlesim) by extension 'colcon_meta'
[0.463s] Level 1:colcon.colcon_core.package_identification:_identify(__MACOSX/relbot2turtlesim) by extensions ['ros']
[0.463s] Level 1:colcon.colcon_core.package_identification:_identify(__MACOSX/relbot2turtlesim) by extension 'ros'
[0.463s] Level 1:colcon.colcon_core.package_identification:_identify(__MACOSX/relbot2turtlesim) by extensions ['cmake', 'python']
[0.464s] Level 1:colcon.colcon_core.package_identification:_identify(__MACOSX/relbot2turtlesim) by extension 'cmake'
[0.464s] Level 1:colcon.colcon_core.package_identification:_identify(__MACOSX/relbot2turtlesim) by extension 'python'
[0.464s] Level 1:colcon.colcon_core.package_identification:_identify(__MACOSX/relbot2turtlesim) by extensions ['python_setup_py']
[0.464s] Level 1:colcon.colcon_core.package_identification:_identify(__MACOSX/relbot2turtlesim) by extension 'python_setup_py'
[0.464s] Level 1:colcon.colcon_core.package_identification:_identify(__MACOSX/relbot2turtlesim/include) by extensions ['ignore', 'ignore_ament_install']
[0.464s] Level 1:colcon.colcon_core.package_identification:_identify(__MACOSX/relbot2turtlesim/include) by extension 'ignore'
[0.464s] Level 1:colcon.colcon_core.package_identification:_identify(__MACOSX/relbot2turtlesim/include) by extension 'ignore_ament_install'
[0.464s] Level 1:colcon.colcon_core.package_identification:_identify(__MACOSX/relbot2turtlesim/include) by extensions ['colcon_pkg']
[0.464s] Level 1:colcon.colcon_core.package_identification:_identify(__MACOSX/relbot2turtlesim/include) by extension 'colcon_pkg'
[0.464s] Level 1:colcon.colcon_core.package_identification:_identify(__MACOSX/relbot2turtlesim/include) by extensions ['colcon_meta']
[0.464s] Level 1:colcon.colcon_core.package_identification:_identify(__MACOSX/relbot2turtlesim/include) by extension 'colcon_meta'
[0.464s] Level 1:colcon.colcon_core.package_identification:_identify(__MACOSX/relbot2turtlesim/include) by extensions ['ros']
[0.464s] Level 1:colcon.colcon_core.package_identification:_identify(__MACOSX/relbot2turtlesim/include) by extension 'ros'
[0.464s] Level 1:colcon.colcon_core.package_identification:_identify(__MACOSX/relbot2turtlesim/include) by extensions ['cmake', 'python']
[0.464s] Level 1:colcon.colcon_core.package_identification:_identify(__MACOSX/relbot2turtlesim/include) by extension 'cmake'
[0.464s] Level 1:colcon.colcon_core.package_identification:_identify(__MACOSX/relbot2turtlesim/include) by extension 'python'
[0.464s] Level 1:colcon.colcon_core.package_identification:_identify(__MACOSX/relbot2turtlesim/include) by extensions ['python_setup_py']
[0.464s] Level 1:colcon.colcon_core.package_identification:_identify(__MACOSX/relbot2turtlesim/include) by extension 'python_setup_py'
[0.465s] Level 1:colcon.colcon_core.package_identification:_identify(__MACOSX/relbot_launch) by extensions ['ignore', 'ignore_ament_install']
[0.465s] Level 1:colcon.colcon_core.package_identification:_identify(__MACOSX/relbot_launch) by extension 'ignore'
[0.465s] Level 1:colcon.colcon_core.package_identification:_identify(__MACOSX/relbot_launch) by extension 'ignore_ament_install'
[0.465s] Level 1:colcon.colcon_core.package_identification:_identify(__MACOSX/relbot_launch) by extensions ['colcon_pkg']
[0.465s] Level 1:colcon.colcon_core.package_identification:_identify(__MACOSX/relbot_launch) by extension 'colcon_pkg'
[0.465s] Level 1:colcon.colcon_core.package_identification:_identify(__MACOSX/relbot_launch) by extensions ['colcon_meta']
[0.465s] Level 1:colcon.colcon_core.package_identification:_identify(__MACOSX/relbot_launch) by extension 'colcon_meta'
[0.465s] Level 1:colcon.colcon_core.package_identification:_identify(__MACOSX/relbot_launch) by extensions ['ros']
[0.465s] Level 1:colcon.colcon_core.package_identification:_identify(__MACOSX/relbot_launch) by extension 'ros'
[0.465s] Level 1:colcon.colcon_core.package_identification:_identify(__MACOSX/relbot_launch) by extensions ['cmake', 'python']
[0.465s] Level 1:colcon.colcon_core.package_identification:_identify(__MACOSX/relbot_launch) by extension 'cmake'
[0.465s] Level 1:colcon.colcon_core.package_identification:_identify(__MACOSX/relbot_launch) by extension 'python'
[0.465s] Level 1:colcon.colcon_core.package_identification:_identify(__MACOSX/relbot_launch) by extensions ['python_setup_py']
[0.465s] Level 1:colcon.colcon_core.package_identification:_identify(__MACOSX/relbot_launch) by extension 'python_setup_py'
[0.465s] Level 1:colcon.colcon_core.package_identification:_identify(__MACOSX/relbot_launch/launch) by extensions ['ignore', 'ignore_ament_install']
[0.465s] Level 1:colcon.colcon_core.package_identification:_identify(__MACOSX/relbot_launch/launch) by extension 'ignore'
[0.466s] Level 1:colcon.colcon_core.package_identification:_identify(__MACOSX/relbot_launch/launch) by extension 'ignore_ament_install'
[0.466s] Level 1:colcon.colcon_core.package_identification:_identify(__MACOSX/relbot_launch/launch) by extensions ['colcon_pkg']
[0.466s] Level 1:colcon.colcon_core.package_identification:_identify(__MACOSX/relbot_launch/launch) by extension 'colcon_pkg'
[0.466s] Level 1:colcon.colcon_core.package_identification:_identify(__MACOSX/relbot_launch/launch) by extensions ['colcon_meta']
[0.466s] Level 1:colcon.colcon_core.package_identification:_identify(__MACOSX/relbot_launch/launch) by extension 'colcon_meta'
[0.466s] Level 1:colcon.colcon_core.package_identification:_identify(__MACOSX/relbot_launch/launch) by extensions ['ros']
[0.466s] Level 1:colcon.colcon_core.package_identification:_identify(__MACOSX/relbot_launch/launch) by extension 'ros'
[0.466s] Level 1:colcon.colcon_core.package_identification:_identify(__MACOSX/relbot_launch/launch) by extensions ['cmake', 'python']
[0.466s] Level 1:colcon.colcon_core.package_identification:_identify(__MACOSX/relbot_launch/launch) by extension 'cmake'
[0.466s] Level 1:colcon.colcon_core.package_identification:_identify(__MACOSX/relbot_launch/launch) by extension 'python'
[0.466s] Level 1:colcon.colcon_core.package_identification:_identify(__MACOSX/relbot_launch/launch) by extensions ['python_setup_py']
[0.466s] Level 1:colcon.colcon_core.package_identification:_identify(__MACOSX/relbot_launch/launch) by extension 'python_setup_py'
[0.466s] Level 1:colcon.colcon_core.package_identification:_identify(__MACOSX/relbot_sequence_controller) by extensions ['ignore', 'ignore_ament_install']
[0.466s] Level 1:colcon.colcon_core.package_identification:_identify(__MACOSX/relbot_sequence_controller) by extension 'ignore'
[0.466s] Level 1:colcon.colcon_core.package_identification:_identify(__MACOSX/relbot_sequence_controller) by extension 'ignore_ament_install'
[0.466s] Level 1:colcon.colcon_core.package_identification:_identify(__MACOSX/relbot_sequence_controller) by extensions ['colcon_pkg']
[0.466s] Level 1:colcon.colcon_core.package_identification:_identify(__MACOSX/relbot_sequence_controller) by extension 'colcon_pkg'
[0.466s] Level 1:colcon.colcon_core.package_identification:_identify(__MACOSX/relbot_sequence_controller) by extensions ['colcon_meta']
[0.467s] Level 1:colcon.colcon_core.package_identification:_identify(__MACOSX/relbot_sequence_controller) by extension 'colcon_meta'
[0.467s] Level 1:colcon.colcon_core.package_identification:_identify(__MACOSX/relbot_sequence_controller) by extensions ['ros']
[0.467s] Level 1:colcon.colcon_core.package_identification:_identify(__MACOSX/relbot_sequence_controller) by extension 'ros'
[0.467s] Level 1:colcon.colcon_core.package_identification:_identify(__MACOSX/relbot_sequence_controller) by extensions ['cmake', 'python']
[0.467s] Level 1:colcon.colcon_core.package_identification:_identify(__MACOSX/relbot_sequence_controller) by extension 'cmake'
[0.467s] Level 1:colcon.colcon_core.package_identification:_identify(__MACOSX/relbot_sequence_controller) by extension 'python'
[0.467s] Level 1:colcon.colcon_core.package_identification:_identify(__MACOSX/relbot_sequence_controller) by extensions ['python_setup_py']
[0.467s] Level 1:colcon.colcon_core.package_identification:_identify(__MACOSX/relbot_sequence_controller) by extension 'python_setup_py'
[0.467s] Level 1:colcon.colcon_core.package_identification:_identify(__MACOSX/relbot_sequence_controller/include) by extensions ['ignore', 'ignore_ament_install']
[0.467s] Level 1:colcon.colcon_core.package_identification:_identify(__MACOSX/relbot_sequence_controller/include) by extension 'ignore'
[0.467s] Level 1:colcon.colcon_core.package_identification:_identify(__MACOSX/relbot_sequence_controller/include) by extension 'ignore_ament_install'
[0.467s] Level 1:colcon.colcon_core.package_identification:_identify(__MACOSX/relbot_sequence_controller/include) by extensions ['colcon_pkg']
[0.467s] Level 1:colcon.colcon_core.package_identification:_identify(__MACOSX/relbot_sequence_controller/include) by extension 'colcon_pkg'
[0.467s] Level 1:colcon.colcon_core.package_identification:_identify(__MACOSX/relbot_sequence_controller/include) by extensions ['colcon_meta']
[0.467s] Level 1:colcon.colcon_core.package_identification:_identify(__MACOSX/relbot_sequence_controller/include) by extension 'colcon_meta'
[0.467s] Level 1:colcon.colcon_core.package_identification:_identify(__MACOSX/relbot_sequence_controller/include) by extensions ['ros']
[0.467s] Level 1:colcon.colcon_core.package_identification:_identify(__MACOSX/relbot_sequence_controller/include) by extension 'ros'
[0.467s] Level 1:colcon.colcon_core.package_identification:_identify(__MACOSX/relbot_sequence_controller/include) by extensions ['cmake', 'python']
[0.467s] Level 1:colcon.colcon_core.package_identification:_identify(__MACOSX/relbot_sequence_controller/include) by extension 'cmake'
[0.468s] Level 1:colcon.colcon_core.package_identification:_identify(__MACOSX/relbot_sequence_controller/include) by extension 'python'
[0.468s] Level 1:colcon.colcon_core.package_identification:_identify(__MACOSX/relbot_sequence_controller/include) by extensions ['python_setup_py']
[0.468s] Level 1:colcon.colcon_core.package_identification:_identify(__MACOSX/relbot_sequence_controller/include) by extension 'python_setup_py'
[0.468s] Level 1:colcon.colcon_core.package_identification:_identify(__MACOSX/relbot_simulator) by extensions ['ignore', 'ignore_ament_install']
[0.468s] Level 1:colcon.colcon_core.package_identification:_identify(__MACOSX/relbot_simulator) by extension 'ignore'
[0.468s] Level 1:colcon.colcon_core.package_identification:_identify(__MACOSX/relbot_simulator) by extension 'ignore_ament_install'
[0.468s] Level 1:colcon.colcon_core.package_identification:_identify(__MACOSX/relbot_simulator) by extensions ['colcon_pkg']
[0.468s] Level 1:colcon.colcon_core.package_identification:_identify(__MACOSX/relbot_simulator) by extension 'colcon_pkg'
[0.468s] Level 1:colcon.colcon_core.package_identification:_identify(__MACOSX/relbot_simulator) by extensions ['colcon_meta']
[0.468s] Level 1:colcon.colcon_core.package_identification:_identify(__MACOSX/relbot_simulator) by extension 'colcon_meta'
[0.468s] Level 1:colcon.colcon_core.package_identification:_identify(__MACOSX/relbot_simulator) by extensions ['ros']
[0.468s] Level 1:colcon.colcon_core.package_identification:_identify(__MACOSX/relbot_simulator) by extension 'ros'
[0.468s] Level 1:colcon.colcon_core.package_identification:_identify(__MACOSX/relbot_simulator) by extensions ['cmake', 'python']
[0.468s] Level 1:colcon.colcon_core.package_identification:_identify(__MACOSX/relbot_simulator) by extension 'cmake'
[0.468s] Level 1:colcon.colcon_core.package_identification:_identify(__MACOSX/relbot_simulator) by extension 'python'
[0.468s] Level 1:colcon.colcon_core.package_identification:_identify(__MACOSX/relbot_simulator) by extensions ['python_setup_py']
[0.468s] Level 1:colcon.colcon_core.package_identification:_identify(__MACOSX/relbot_simulator) by extension 'python_setup_py'
[0.468s] Level 1:colcon.colcon_core.package_identification:_identify(build) by extensions ['ignore', 'ignore_ament_install']
[0.469s] Level 1:colcon.colcon_core.package_identification:_identify(build) by extension 'ignore'
[0.469s] Level 1:colcon.colcon_core.package_identification:_identify(build) ignored
[0.469s] Level 1:colcon.colcon_core.package_identification:_identify(install) by extensions ['ignore', 'ignore_ament_install']
[0.469s] Level 1:colcon.colcon_core.package_identification:_identify(install) by extension 'ignore'
[0.469s] Level 1:colcon.colcon_core.package_identification:_identify(install) ignored
[0.469s] Level 1:colcon.colcon_core.package_identification:_identify(log) by extensions ['ignore', 'ignore_ament_install']
[0.469s] Level 1:colcon.colcon_core.package_identification:_identify(log) by extension 'ignore'
[0.469s] Level 1:colcon.colcon_core.package_identification:_identify(log) ignored
[0.469s] Level 1:colcon.colcon_core.package_identification:_identify(relbot2turtlesim) by extensions ['ignore', 'ignore_ament_install']
[0.469s] Level 1:colcon.colcon_core.package_identification:_identify(relbot2turtlesim) by extension 'ignore'
[0.470s] Level 1:colcon.colcon_core.package_identification:_identify(relbot2turtlesim) by extension 'ignore_ament_install'
[0.470s] Level 1:colcon.colcon_core.package_identification:_identify(relbot2turtlesim) by extensions ['colcon_pkg']
[0.470s] Level 1:colcon.colcon_core.package_identification:_identify(relbot2turtlesim) by extension 'colcon_pkg'
[0.470s] Level 1:colcon.colcon_core.package_identification:_identify(relbot2turtlesim) by extensions ['colcon_meta']
[0.470s] Level 1:colcon.colcon_core.package_identification:_identify(relbot2turtlesim) by extension 'colcon_meta'
[0.470s] Level 1:colcon.colcon_core.package_identification:_identify(relbot2turtlesim) by extensions ['ros']
[0.470s] Level 1:colcon.colcon_core.package_identification:_identify(relbot2turtlesim) by extension 'ros'
[0.473s] DEBUG:colcon.colcon_core.package_identification:Package 'relbot2turtlesim' with type 'ros.ament_cmake' and name 'relbot2turtlesim'
[0.473s] Level 1:colcon.colcon_core.package_identification:_identify(relbot_launch) by extensions ['ignore', 'ignore_ament_install']
[0.473s] Level 1:colcon.colcon_core.package_identification:_identify(relbot_launch) by extension 'ignore'
[0.473s] Level 1:colcon.colcon_core.package_identification:_identify(relbot_launch) by extension 'ignore_ament_install'
[0.473s] Level 1:colcon.colcon_core.package_identification:_identify(relbot_launch) by extensions ['colcon_pkg']
[0.473s] Level 1:colcon.colcon_core.package_identification:_identify(relbot_launch) by extension 'colcon_pkg'
[0.473s] Level 1:colcon.colcon_core.package_identification:_identify(relbot_launch) by extensions ['colcon_meta']
[0.473s] Level 1:colcon.colcon_core.package_identification:_identify(relbot_launch) by extension 'colcon_meta'
[0.473s] Level 1:colcon.colcon_core.package_identification:_identify(relbot_launch) by extensions ['ros']
[0.473s] Level 1:colcon.colcon_core.package_identification:_identify(relbot_launch) by extension 'ros'
[0.474s] DEBUG:colcon.colcon_core.package_identification:Package 'relbot_launch' with type 'ros.ament_cmake' and name 'relbot_launch'
[0.474s] Level 1:colcon.colcon_core.package_identification:_identify(relbot_sequence_controller) by extensions ['ignore', 'ignore_ament_install']
[0.474s] Level 1:colcon.colcon_core.package_identification:_identify(relbot_sequence_controller) by extension 'ignore'
[0.474s] Level 1:colcon.colcon_core.package_identification:_identify(relbot_sequence_controller) by extension 'ignore_ament_install'
[0.474s] Level 1:colcon.colcon_core.package_identification:_identify(relbot_sequence_controller) by extensions ['colcon_pkg']
[0.474s] Level 1:colcon.colcon_core.package_identification:_identify(relbot_sequence_controller) by extension 'colcon_pkg'
[0.474s] Level 1:colcon.colcon_core.package_identification:_identify(relbot_sequence_controller) by extensions ['colcon_meta']
[0.474s] Level 1:colcon.colcon_core.package_identification:_identify(relbot_sequence_controller) by extension 'colcon_meta'
[0.474s] Level 1:colcon.colcon_core.package_identification:_identify(relbot_sequence_controller) by extensions ['ros']
[0.474s] Level 1:colcon.colcon_core.package_identification:_identify(relbot_sequence_controller) by extension 'ros'
[0.475s] DEBUG:colcon.colcon_core.package_identification:Package 'relbot_sequence_controller' with type 'ros.ament_cmake' and name 'relbot_sequence_controller'
[0.475s] Level 1:colcon.colcon_core.package_identification:_identify(relbot_simulator) by extensions ['ignore', 'ignore_ament_install']
[0.475s] Level 1:colcon.colcon_core.package_identification:_identify(relbot_simulator) by extension 'ignore'
[0.475s] Level 1:colcon.colcon_core.package_identification:_identify(relbot_simulator) by extension 'ignore_ament_install'
[0.476s] Level 1:colcon.colcon_core.package_identification:_identify(relbot_simulator) by extensions ['colcon_pkg']
[0.476s] Level 1:colcon.colcon_core.package_identification:_identify(relbot_simulator) by extension 'colcon_pkg'
[0.476s] Level 1:colcon.colcon_core.package_identification:_identify(relbot_simulator) by extensions ['colcon_meta']
[0.476s] Level 1:colcon.colcon_core.package_identification:_identify(relbot_simulator) by extension 'colcon_meta'
[0.476s] Level 1:colcon.colcon_core.package_identification:_identify(relbot_simulator) by extensions ['ros']
[0.476s] Level 1:colcon.colcon_core.package_identification:_identify(relbot_simulator) by extension 'ros'
[0.477s] DEBUG:colcon.colcon_core.package_identification:Package 'relbot_simulator' with type 'ros.ament_cmake' and name 'relbot_simulator'
[0.477s] Level 1:colcon.colcon_core.package_discovery:discover_packages(recursive) using defaults
[0.477s] Level 1:colcon.colcon_core.package_discovery:discover_packages(ignore) discover
[0.477s] Level 1:colcon.colcon_core.package_discovery:discover_packages(ignore) using defaults
[0.477s] Level 1:colcon.colcon_core.package_discovery:discover_packages(path) discover
[0.477s] Level 1:colcon.colcon_core.package_discovery:discover_packages(path) using defaults
[0.510s] Level 1:colcon.colcon_core.package_discovery:discover_packages(prefix_path) check parameters
[0.510s] Level 1:colcon.colcon_core.package_discovery:discover_packages(prefix_path) discover
[0.512s] DEBUG:colcon.colcon_installed_package_information.package_discovery:Found 274 installed packages in /opt/ros/humble
[0.514s] Level 1:colcon.colcon_core.package_discovery:discover_packages(prefix_path) using defaults
[0.552s] Level 5:colcon.colcon_core.verb:set package 'relbot2turtlesim' build argument 'cmake_args' from command line to 'None'
[0.552s] Level 5:colcon.colcon_core.verb:set package 'relbot2turtlesim' build argument 'cmake_target' from command line to 'None'
[0.552s] Level 5:colcon.colcon_core.verb:set package 'relbot2turtlesim' build argument 'cmake_target_skip_unavailable' from command line to 'False'
[0.552s] Level 5:colcon.colcon_core.verb:set package 'relbot2turtlesim' build argument 'cmake_clean_cache' from command line to 'False'
[0.552s] Level 5:colcon.colcon_core.verb:set package 'relbot2turtlesim' build argument 'cmake_clean_first' from command line to 'False'
[0.552s] Level 5:colcon.colcon_core.verb:set package 'relbot2turtlesim' build argument 'cmake_force_configure' from command line to 'False'
[0.552s] Level 5:colcon.colcon_core.verb:set package 'relbot2turtlesim' build argument 'ament_cmake_args' from command line to 'None'
[0.552s] Level 5:colcon.colcon_core.verb:set package 'relbot2turtlesim' build argument 'catkin_cmake_args' from command line to 'None'
[0.552s] Level 5:colcon.colcon_core.verb:set package 'relbot2turtlesim' build argument 'catkin_skip_building_tests' from command line to 'False'
[0.552s] DEBUG:colcon.colcon_core.verb:Building package 'relbot2turtlesim' with the following arguments: {'ament_cmake_args': None, 'build_base': '/home/jordan/SDfR/assignment5/build/relbot2turtlesim', 'catkin_cmake_args': None, 'catkin_skip_building_tests': False, 'cmake_args': None, 'cmake_clean_cache': False, 'cmake_clean_first': False, 'cmake_force_configure': False, 'cmake_target': None, 'cmake_target_skip_unavailable': False, 'install_base': '/home/jordan/SDfR/assignment5/install/relbot2turtlesim', 'merge_install': False, 'path': '/home/jordan/SDfR/assignment5/relbot2turtlesim', 'symlink_install': False, 'test_result_base': None}
[0.552s] Level 5:colcon.colcon_core.verb:set package 'relbot_launch' build argument 'cmake_args' from command line to 'None'
[0.553s] Level 5:colcon.colcon_core.verb:set package 'relbot_launch' build argument 'cmake_target' from command line to 'None'
[0.553s] Level 5:colcon.colcon_core.verb:set package 'relbot_launch' build argument 'cmake_target_skip_unavailable' from command line to 'False'
[0.553s] Level 5:colcon.colcon_core.verb:set package 'relbot_launch' build argument 'cmake_clean_cache' from command line to 'False'
[0.553s] Level 5:colcon.colcon_core.verb:set package 'relbot_launch' build argument 'cmake_clean_first' from command line to 'False'
[0.553s] Level 5:colcon.colcon_core.verb:set package 'relbot_launch' build argument 'cmake_force_configure' from command line to 'False'
[0.553s] Level 5:colcon.colcon_core.verb:set package 'relbot_launch' build argument 'ament_cmake_args' from command line to 'None'
[0.553s] Level 5:colcon.colcon_core.verb:set package 'relbot_launch' build argument 'catkin_cmake_args' from command line to 'None'
[0.553s] Level 5:colcon.colcon_core.verb:set package 'relbot_launch' build argument 'catkin_skip_building_tests' from command line to 'False'
[0.553s] DEBUG:colcon.colcon_core.verb:Building package 'relbot_launch' with the following arguments: {'ament_cmake_args': None, 'build_base': '/home/jordan/SDfR/assignment5/build/relbot_launch', 'catkin_cmake_args': None, 'catkin_skip_building_tests': False, 'cmake_args': None, 'cmake_clean_cache': False, 'cmake_clean_first': False, 'cmake_force_configure': False, 'cmake_target': None, 'cmake_target_skip_unavailable': False, 'install_base': '/home/jordan/SDfR/assignment5/install/relbot_launch', 'merge_install': False, 'path': '/home/jordan/SDfR/assignment5/relbot_launch', 'symlink_install': False, 'test_result_base': None}
[0.553s] Level 5:colcon.colcon_core.verb:set package 'relbot_sequence_controller' build argument 'cmake_args' from command line to 'None'
[0.553s] Level 5:colcon.colcon_core.verb:set package 'relbot_sequence_controller' build argument 'cmake_target' from command line to 'None'
[0.553s] Level 5:colcon.colcon_core.verb:set package 'relbot_sequence_controller' build argument 'cmake_target_skip_unavailable' from command line to 'False'
[0.553s] Level 5:colcon.colcon_core.verb:set package 'relbot_sequence_controller' build argument 'cmake_clean_cache' from command line to 'False'
[0.553s] Level 5:colcon.colcon_core.verb:set package 'relbot_sequence_controller' build argument 'cmake_clean_first' from command line to 'False'
[0.553s] Level 5:colcon.colcon_core.verb:set package 'relbot_sequence_controller' build argument 'cmake_force_configure' from command line to 'False'
[0.553s] Level 5:colcon.colcon_core.verb:set package 'relbot_sequence_controller' build argument 'ament_cmake_args' from command line to 'None'
[0.553s] Level 5:colcon.colcon_core.verb:set package 'relbot_sequence_controller' build argument 'catkin_cmake_args' from command line to 'None'
[0.553s] Level 5:colcon.colcon_core.verb:set package 'relbot_sequence_controller' build argument 'catkin_skip_building_tests' from command line to 'False'
[0.553s] DEBUG:colcon.colcon_core.verb:Building package 'relbot_sequence_controller' with the following arguments: {'ament_cmake_args': None, 'build_base': '/home/jordan/SDfR/assignment5/build/relbot_sequence_controller', 'catkin_cmake_args': None, 'catkin_skip_building_tests': False, 'cmake_args': None, 'cmake_clean_cache': False, 'cmake_clean_first': False, 'cmake_force_configure': False, 'cmake_target': None, 'cmake_target_skip_unavailable': False, 'install_base': '/home/jordan/SDfR/assignment5/install/relbot_sequence_controller', 'merge_install': False, 'path': '/home/jordan/SDfR/assignment5/relbot_sequence_controller', 'symlink_install': False, 'test_result_base': None}
[0.554s] Level 5:colcon.colcon_core.verb:set package 'relbot_simulator' build argument 'cmake_args' from command line to 'None'
[0.554s] Level 5:colcon.colcon_core.verb:set package 'relbot_simulator' build argument 'cmake_target' from command line to 'None'
[0.554s] Level 5:colcon.colcon_core.verb:set package 'relbot_simulator' build argument 'cmake_target_skip_unavailable' from command line to 'False'
[0.554s] Level 5:colcon.colcon_core.verb:set package 'relbot_simulator' build argument 'cmake_clean_cache' from command line to 'False'
[0.554s] Level 5:colcon.colcon_core.verb:set package 'relbot_simulator' build argument 'cmake_clean_first' from command line to 'False'
[0.554s] Level 5:colcon.colcon_core.verb:set package 'relbot_simulator' build argument 'cmake_force_configure' from command line to 'False'
[0.554s] Level 5:colcon.colcon_core.verb:set package 'relbot_simulator' build argument 'ament_cmake_args' from command line to 'None'
[0.554s] Level 5:colcon.colcon_core.verb:set package 'relbot_simulator' build argument 'catkin_cmake_args' from command line to 'None'
[0.554s] Level 5:colcon.colcon_core.verb:set package 'relbot_simulator' build argument 'catkin_skip_building_tests' from command line to 'False'
[0.554s] DEBUG:colcon.colcon_core.verb:Building package 'relbot_simulator' with the following arguments: {'ament_cmake_args': None, 'build_base': '/home/jordan/SDfR/assignment5/build/relbot_simulator', 'catkin_cmake_args': None, 'catkin_skip_building_tests': False, 'cmake_args': None, 'cmake_clean_cache': False, 'cmake_clean_first': False, 'cmake_force_configure': False, 'cmake_target': None, 'cmake_target_skip_unavailable': False, 'install_base': '/home/jordan/SDfR/assignment5/install/relbot_simulator', 'merge_install': False, 'path': '/home/jordan/SDfR/assignment5/relbot_simulator', 'symlink_install': False, 'test_result_base': None}
[0.554s] INFO:colcon.colcon_core.executor:Executing jobs using 'parallel' executor
[0.555s] DEBUG:colcon.colcon_parallel_executor.executor.parallel:run_until_complete
[0.556s] INFO:colcon.colcon_ros.task.ament_cmake.build:Building ROS package in '/home/jordan/SDfR/assignment5/relbot2turtlesim' with build type 'ament_cmake'
[0.556s] INFO:colcon.colcon_cmake.task.cmake.build:Building CMake package in '/home/jordan/SDfR/assignment5/relbot2turtlesim'
[0.558s] INFO:colcon.colcon_core.plugin_system:Skipping extension 'colcon_core.shell.bat': Not used on non-Windows systems
[0.558s] INFO:colcon.colcon_core.shell:Skip shell extension 'powershell' for command environment: Not usable outside of PowerShell
[0.558s] DEBUG:colcon.colcon_core.shell:Skip shell extension 'dsv' for command environment
[0.562s] INFO:colcon.colcon_ros.task.ament_cmake.build:Building ROS package in '/home/jordan/SDfR/assignment5/relbot_launch' with build type 'ament_cmake'
[0.562s] INFO:colcon.colcon_cmake.task.cmake.build:Building CMake package in '/home/jordan/SDfR/assignment5/relbot_launch'
[0.562s] INFO:colcon.colcon_core.shell:Skip shell extension 'powershell' for command environment: Not usable outside of PowerShell
[0.562s] DEBUG:colcon.colcon_core.shell:Skip shell extension 'dsv' for command environment
[0.566s] INFO:colcon.colcon_ros.task.ament_cmake.build:Building ROS package in '/home/jordan/SDfR/assignment5/relbot_sequence_controller' with build type 'ament_cmake'
[0.567s] INFO:colcon.colcon_cmake.task.cmake.build:Building CMake package in '/home/jordan/SDfR/assignment5/relbot_sequence_controller'
[0.567s] INFO:colcon.colcon_core.shell:Skip shell extension 'powershell' for command environment: Not usable outside of PowerShell
[0.567s] DEBUG:colcon.colcon_core.shell:Skip shell extension 'dsv' for command environment
[0.570s] INFO:colcon.colcon_ros.task.ament_cmake.build:Building ROS package in '/home/jordan/SDfR/assignment5/relbot_simulator' with build type 'ament_cmake'
[0.571s] INFO:colcon.colcon_cmake.task.cmake.build:Building CMake package in '/home/jordan/SDfR/assignment5/relbot_simulator'
[0.571s] INFO:colcon.colcon_core.shell:Skip shell extension 'powershell' for command environment: Not usable outside of PowerShell
[0.571s] DEBUG:colcon.colcon_core.shell:Skip shell extension 'dsv' for command environment
[0.583s] DEBUG:colcon.colcon_core.event_handler.log_command:Invoking command in '/home/jordan/SDfR/assignment5/build/relbot2turtlesim': CMAKE_PREFIX_PATH=/opt/ros/humble /usr/bin/cmake --build /home/jordan/SDfR/assignment5/build/relbot2turtlesim -- -j16 -l16
[0.589s] DEBUG:colcon.colcon_core.event_handler.log_command:Invoking command in '/home/jordan/SDfR/assignment5/build/relbot_launch': CMAKE_PREFIX_PATH=/opt/ros/humble /usr/bin/cmake --build /home/jordan/SDfR/assignment5/build/relbot_launch -- -j16 -l16
[0.594s] DEBUG:colcon.colcon_core.event_handler.log_command:Invoking command in '/home/jordan/SDfR/assignment5/build/relbot_sequence_controller': CMAKE_PREFIX_PATH=/opt/ros/humble /usr/bin/cmake --build /home/jordan/SDfR/assignment5/build/relbot_sequence_controller -- -j16 -l16
[0.601s] DEBUG:colcon.colcon_core.event_handler.log_command:Invoking command in '/home/jordan/SDfR/assignment5/build/relbot_simulator': CMAKE_PREFIX_PATH=/opt/ros/humble /usr/bin/cmake --build /home/jordan/SDfR/assignment5/build/relbot_simulator -- -j16 -l16
[0.649s] DEBUG:colcon.colcon_core.event_handler.log_command:Invoked command in '/home/jordan/SDfR/assignment5/build/relbot_launch' returned '0': CMAKE_PREFIX_PATH=/opt/ros/humble /usr/bin/cmake --build /home/jordan/SDfR/assignment5/build/relbot_launch -- -j16 -l16
[0.667s] DEBUG:colcon.colcon_core.event_handler.log_command:Invoking command in '/home/jordan/SDfR/assignment5/build/relbot_launch': CMAKE_PREFIX_PATH=/opt/ros/humble /usr/bin/cmake --install /home/jordan/SDfR/assignment5/build/relbot_launch
[0.684s] Level 1:colcon.colcon_core.environment:create_environment_scripts_only(relbot_launch)
[0.684s] DEBUG:colcon.colcon_core.event_handler.log_command:Invoked command in '/home/jordan/SDfR/assignment5/build/relbot_launch' returned '0': CMAKE_PREFIX_PATH=/opt/ros/humble /usr/bin/cmake --install /home/jordan/SDfR/assignment5/build/relbot_launch
[0.687s] Level 1:colcon.colcon_core.environment:checking '/home/jordan/SDfR/assignment5/install/relbot_launch' for CMake module files
[0.688s] Level 1:colcon.colcon_core.environment:checking '/home/jordan/SDfR/assignment5/install/relbot_launch' for CMake config files
[0.688s] Level 1:colcon.colcon_core.shell:create_environment_hook('relbot_launch', 'cmake_prefix_path')
[0.689s] INFO:colcon.colcon_core.shell:Creating environment hook '/home/jordan/SDfR/assignment5/install/relbot_launch/share/relbot_launch/hook/cmake_prefix_path.ps1'
[0.690s] INFO:colcon.colcon_core.shell:Creating environment descriptor '/home/jordan/SDfR/assignment5/install/relbot_launch/share/relbot_launch/hook/cmake_prefix_path.dsv'
[0.690s] INFO:colcon.colcon_core.shell:Creating environment hook '/home/jordan/SDfR/assignment5/install/relbot_launch/share/relbot_launch/hook/cmake_prefix_path.sh'
[0.692s] Level 1:colcon.colcon_core.environment:checking '/home/jordan/SDfR/assignment5/install/relbot_launch/bin'
[0.692s] Level 1:colcon.colcon_core.environment:checking '/home/jordan/SDfR/assignment5/install/relbot_launch/lib/pkgconfig/relbot_launch.pc'
[0.692s] Level 1:colcon.colcon_core.environment:checking '/home/jordan/SDfR/assignment5/install/relbot_launch/lib/python3.10/site-packages'
[0.693s] Level 1:colcon.colcon_core.environment:checking '/home/jordan/SDfR/assignment5/install/relbot_launch/bin'
[0.693s] INFO:colcon.colcon_core.shell:Creating package script '/home/jordan/SDfR/assignment5/install/relbot_launch/share/relbot_launch/package.ps1'
[0.694s] INFO:colcon.colcon_core.shell:Creating package descriptor '/home/jordan/SDfR/assignment5/install/relbot_launch/share/relbot_launch/package.dsv'
[0.695s] INFO:colcon.colcon_core.shell:Creating package script '/home/jordan/SDfR/assignment5/install/relbot_launch/share/relbot_launch/package.sh'
[0.696s] INFO:colcon.colcon_core.shell:Creating package script '/home/jordan/SDfR/assignment5/install/relbot_launch/share/relbot_launch/package.bash'
[0.697s] INFO:colcon.colcon_core.shell:Creating package script '/home/jordan/SDfR/assignment5/install/relbot_launch/share/relbot_launch/package.zsh'
[0.698s] Level 1:colcon.colcon_core.environment:create_file_with_runtime_dependencies(/home/jordan/SDfR/assignment5/install/relbot_launch/share/colcon-core/packages/relbot_launch)
[0.699s] Level 1:colcon.colcon_core.environment:create_environment_scripts_only(relbot_launch)
[0.699s] Level 1:colcon.colcon_core.environment:checking '/home/jordan/SDfR/assignment5/install/relbot_launch' for CMake module files
[0.699s] Level 1:colcon.colcon_core.environment:checking '/home/jordan/SDfR/assignment5/install/relbot_launch' for CMake config files
[0.699s] Level 1:colcon.colcon_core.shell:create_environment_hook('relbot_launch', 'cmake_prefix_path')
[0.700s] INFO:colcon.colcon_core.shell:Creating environment hook '/home/jordan/SDfR/assignment5/install/relbot_launch/share/relbot_launch/hook/cmake_prefix_path.ps1'
[0.700s] INFO:colcon.colcon_core.shell:Creating environment descriptor '/home/jordan/SDfR/assignment5/install/relbot_launch/share/relbot_launch/hook/cmake_prefix_path.dsv'
[0.701s] INFO:colcon.colcon_core.shell:Creating environment hook '/home/jordan/SDfR/assignment5/install/relbot_launch/share/relbot_launch/hook/cmake_prefix_path.sh'
[0.701s] Level 1:colcon.colcon_core.environment:checking '/home/jordan/SDfR/assignment5/install/relbot_launch/bin'
[0.701s] Level 1:colcon.colcon_core.environment:checking '/home/jordan/SDfR/assignment5/install/relbot_launch/lib/pkgconfig/relbot_launch.pc'
[0.702s] Level 1:colcon.colcon_core.environment:checking '/home/jordan/SDfR/assignment5/install/relbot_launch/lib/python3.10/site-packages'
[0.702s] Level 1:colcon.colcon_core.environment:checking '/home/jordan/SDfR/assignment5/install/relbot_launch/bin'
[0.703s] INFO:colcon.colcon_core.shell:Creating package script '/home/jordan/SDfR/assignment5/install/relbot_launch/share/relbot_launch/package.ps1'
[0.703s] INFO:colcon.colcon_core.shell:Creating package descriptor '/home/jordan/SDfR/assignment5/install/relbot_launch/share/relbot_launch/package.dsv'
[0.704s] INFO:colcon.colcon_core.shell:Creating package script '/home/jordan/SDfR/assignment5/install/relbot_launch/share/relbot_launch/package.sh'
[0.704s] INFO:colcon.colcon_core.shell:Creating package script '/home/jordan/SDfR/assignment5/install/relbot_launch/share/relbot_launch/package.bash'
[0.705s] INFO:colcon.colcon_core.shell:Creating package script '/home/jordan/SDfR/assignment5/install/relbot_launch/share/relbot_launch/package.zsh'
[0.706s] Level 1:colcon.colcon_core.environment:create_file_with_runtime_dependencies(/home/jordan/SDfR/assignment5/install/relbot_launch/share/colcon-core/packages/relbot_launch)
[0.709s] DEBUG:colcon.colcon_core.event_handler.log_command:Invoked command in '/home/jordan/SDfR/assignment5/build/relbot2turtlesim' returned '0': CMAKE_PREFIX_PATH=/opt/ros/humble /usr/bin/cmake --build /home/jordan/SDfR/assignment5/build/relbot2turtlesim -- -j16 -l16
[0.711s] DEBUG:colcon.colcon_core.event_handler.log_command:Invoking command in '/home/jordan/SDfR/assignment5/build/relbot2turtlesim': CMAKE_PREFIX_PATH=/opt/ros/humble /usr/bin/cmake --install /home/jordan/SDfR/assignment5/build/relbot2turtlesim
[0.713s] DEBUG:colcon.colcon_core.event_handler.log_command:Invoked command in '/home/jordan/SDfR/assignment5/build/relbot_sequence_controller' returned '0': CMAKE_PREFIX_PATH=/opt/ros/humble /usr/bin/cmake --build /home/jordan/SDfR/assignment5/build/relbot_sequence_controller -- -j16 -l16
[0.716s] DEBUG:colcon.colcon_core.event_handler.log_command:Invoking command in '/home/jordan/SDfR/assignment5/build/relbot_sequence_controller': CMAKE_PREFIX_PATH=/opt/ros/humble /usr/bin/cmake --install /home/jordan/SDfR/assignment5/build/relbot_sequence_controller
[0.716s] DEBUG:colcon.colcon_core.event_handler.log_command:Invoked command in '/home/jordan/SDfR/assignment5/build/relbot_simulator' returned '0': CMAKE_PREFIX_PATH=/opt/ros/humble /usr/bin/cmake --build /home/jordan/SDfR/assignment5/build/relbot_simulator -- -j16 -l16
[0.719s] DEBUG:colcon.colcon_core.event_handler.log_command:Invoking command in '/home/jordan/SDfR/assignment5/build/relbot_simulator': CMAKE_PREFIX_PATH=/opt/ros/humble /usr/bin/cmake --install /home/jordan/SDfR/assignment5/build/relbot_simulator
[0.730s] Level 1:colcon.colcon_core.environment:create_environment_scripts_only(relbot2turtlesim)
[0.730s] Level 1:colcon.colcon_core.environment:checking '/home/jordan/SDfR/assignment5/install/relbot2turtlesim' for CMake module files
[0.733s] DEBUG:colcon.colcon_core.event_handler.log_command:Invoked command in '/home/jordan/SDfR/assignment5/build/relbot2turtlesim' returned '0': CMAKE_PREFIX_PATH=/opt/ros/humble /usr/bin/cmake --install /home/jordan/SDfR/assignment5/build/relbot2turtlesim
[0.735s] Level 1:colcon.colcon_core.environment:checking '/home/jordan/SDfR/assignment5/install/relbot2turtlesim' for CMake config files
[0.740s] Level 1:colcon.colcon_core.shell:create_environment_hook('relbot2turtlesim', 'cmake_prefix_path')
[0.740s] INFO:colcon.colcon_core.shell:Creating environment hook '/home/jordan/SDfR/assignment5/install/relbot2turtlesim/share/relbot2turtlesim/hook/cmake_prefix_path.ps1'
[0.741s] INFO:colcon.colcon_core.shell:Creating environment descriptor '/home/jordan/SDfR/assignment5/install/relbot2turtlesim/share/relbot2turtlesim/hook/cmake_prefix_path.dsv'
[0.742s] INFO:colcon.colcon_core.shell:Creating environment hook '/home/jordan/SDfR/assignment5/install/relbot2turtlesim/share/relbot2turtlesim/hook/cmake_prefix_path.sh'
[0.743s] Level 1:colcon.colcon_core.environment:checking '/home/jordan/SDfR/assignment5/install/relbot2turtlesim/lib'
[0.743s] Level 1:colcon.colcon_core.environment:checking '/home/jordan/SDfR/assignment5/install/relbot2turtlesim/bin'
[0.743s] Level 1:colcon.colcon_core.environment:checking '/home/jordan/SDfR/assignment5/install/relbot2turtlesim/lib/pkgconfig/relbot2turtlesim.pc'
[0.743s] Level 1:colcon.colcon_core.environment:checking '/home/jordan/SDfR/assignment5/install/relbot2turtlesim/lib/python3.10/site-packages'
[0.744s] Level 1:colcon.colcon_core.environment:checking '/home/jordan/SDfR/assignment5/install/relbot2turtlesim/bin'
[0.744s] INFO:colcon.colcon_core.shell:Creating package script '/home/jordan/SDfR/assignment5/install/relbot2turtlesim/share/relbot2turtlesim/package.ps1'
[0.744s] INFO:colcon.colcon_core.shell:Creating package descriptor '/home/jordan/SDfR/assignment5/install/relbot2turtlesim/share/relbot2turtlesim/package.dsv'
[0.745s] INFO:colcon.colcon_core.shell:Creating package script '/home/jordan/SDfR/assignment5/install/relbot2turtlesim/share/relbot2turtlesim/package.sh'
[0.746s] INFO:colcon.colcon_core.shell:Creating package script '/home/jordan/SDfR/assignment5/install/relbot2turtlesim/share/relbot2turtlesim/package.bash'
[0.746s] INFO:colcon.colcon_core.shell:Creating package script '/home/jordan/SDfR/assignment5/install/relbot2turtlesim/share/relbot2turtlesim/package.zsh'
[0.746s] Level 1:colcon.colcon_core.environment:create_file_with_runtime_dependencies(/home/jordan/SDfR/assignment5/install/relbot2turtlesim/share/colcon-core/packages/relbot2turtlesim)
[0.747s] Level 1:colcon.colcon_core.environment:create_environment_scripts_only(relbot2turtlesim)
[0.748s] Level 1:colcon.colcon_core.environment:checking '/home/jordan/SDfR/assignment5/install/relbot2turtlesim' for CMake module files
[0.749s] Level 1:colcon.colcon_core.environment:checking '/home/jordan/SDfR/assignment5/install/relbot2turtlesim' for CMake config files
[0.749s] Level 1:colcon.colcon_core.shell:create_environment_hook('relbot2turtlesim', 'cmake_prefix_path')
[0.750s] INFO:colcon.colcon_core.shell:Creating environment hook '/home/jordan/SDfR/assignment5/install/relbot2turtlesim/share/relbot2turtlesim/hook/cmake_prefix_path.ps1'
[0.750s] INFO:colcon.colcon_core.shell:Creating environment descriptor '/home/jordan/SDfR/assignment5/install/relbot2turtlesim/share/relbot2turtlesim/hook/cmake_prefix_path.dsv'
[0.751s] INFO:colcon.colcon_core.shell:Creating environment hook '/home/jordan/SDfR/assignment5/install/relbot2turtlesim/share/relbot2turtlesim/hook/cmake_prefix_path.sh'
[0.751s] Level 1:colcon.colcon_core.environment:checking '/home/jordan/SDfR/assignment5/install/relbot2turtlesim/lib'
[0.752s] Level 1:colcon.colcon_core.environment:checking '/home/jordan/SDfR/assignment5/install/relbot2turtlesim/bin'
[0.752s] Level 1:colcon.colcon_core.environment:checking '/home/jordan/SDfR/assignment5/install/relbot2turtlesim/lib/pkgconfig/relbot2turtlesim.pc'
[0.752s] Level 1:colcon.colcon_core.environment:checking '/home/jordan/SDfR/assignment5/install/relbot2turtlesim/lib/python3.10/site-packages'
[0.752s] Level 1:colcon.colcon_core.environment:checking '/home/jordan/SDfR/assignment5/install/relbot2turtlesim/bin'
[0.753s] INFO:colcon.colcon_core.shell:Creating package script '/home/jordan/SDfR/assignment5/install/relbot2turtlesim/share/relbot2turtlesim/package.ps1'
[0.753s] INFO:colcon.colcon_core.shell:Creating package descriptor '/home/jordan/SDfR/assignment5/install/relbot2turtlesim/share/relbot2turtlesim/package.dsv'
[0.754s] INFO:colcon.colcon_core.shell:Creating package script '/home/jordan/SDfR/assignment5/install/relbot2turtlesim/share/relbot2turtlesim/package.sh'
[0.754s] INFO:colcon.colcon_core.shell:Creating package script '/home/jordan/SDfR/assignment5/install/relbot2turtlesim/share/relbot2turtlesim/package.bash'
[0.755s] INFO:colcon.colcon_core.shell:Creating package script '/home/jordan/SDfR/assignment5/install/relbot2turtlesim/share/relbot2turtlesim/package.zsh'
[0.756s] Level 1:colcon.colcon_core.environment:create_file_with_runtime_dependencies(/home/jordan/SDfR/assignment5/install/relbot2turtlesim/share/colcon-core/packages/relbot2turtlesim)
[0.758s] Level 1:colcon.colcon_core.environment:create_environment_scripts_only(relbot_sequence_controller)
[0.758s] Level 1:colcon.colcon_core.environment:checking '/home/jordan/SDfR/assignment5/install/relbot_sequence_controller' for CMake module files
[0.760s] DEBUG:colcon.colcon_core.event_handler.log_command:Invoked command in '/home/jordan/SDfR/assignment5/build/relbot_sequence_controller' returned '0': CMAKE_PREFIX_PATH=/opt/ros/humble /usr/bin/cmake --install /home/jordan/SDfR/assignment5/build/relbot_sequence_controller
[0.760s] Level 1:colcon.colcon_core.environment:checking '/home/jordan/SDfR/assignment5/install/relbot_sequence_controller' for CMake config files
[0.760s] Level 1:colcon.colcon_core.shell:create_environment_hook('relbot_sequence_controller', 'cmake_prefix_path')
[0.760s] INFO:colcon.colcon_core.shell:Creating environment hook '/home/jordan/SDfR/assignment5/install/relbot_sequence_controller/share/relbot_sequence_controller/hook/cmake_prefix_path.ps1'
[0.761s] INFO:colcon.colcon_core.shell:Creating environment descriptor '/home/jordan/SDfR/assignment5/install/relbot_sequence_controller/share/relbot_sequence_controller/hook/cmake_prefix_path.dsv'
[0.762s] INFO:colcon.colcon_core.shell:Creating environment hook '/home/jordan/SDfR/assignment5/install/relbot_sequence_controller/share/relbot_sequence_controller/hook/cmake_prefix_path.sh'
[0.763s] Level 1:colcon.colcon_core.environment:checking '/home/jordan/SDfR/assignment5/install/relbot_sequence_controller/lib'
[0.763s] Level 1:colcon.colcon_core.environment:checking '/home/jordan/SDfR/assignment5/install/relbot_sequence_controller/bin'
[0.763s] Level 1:colcon.colcon_core.environment:checking '/home/jordan/SDfR/assignment5/install/relbot_sequence_controller/lib/pkgconfig/relbot_sequence_controller.pc'
[0.763s] Level 1:colcon.colcon_core.environment:checking '/home/jordan/SDfR/assignment5/install/relbot_sequence_controller/lib/python3.10/site-packages'
[0.764s] Level 1:colcon.colcon_core.environment:checking '/home/jordan/SDfR/assignment5/install/relbot_sequence_controller/bin'
[0.764s] INFO:colcon.colcon_core.shell:Creating package script '/home/jordan/SDfR/assignment5/install/relbot_sequence_controller/share/relbot_sequence_controller/package.ps1'
[0.765s] INFO:colcon.colcon_core.shell:Creating package descriptor '/home/jordan/SDfR/assignment5/install/relbot_sequence_controller/share/relbot_sequence_controller/package.dsv'
[0.766s] INFO:colcon.colcon_core.shell:Creating package script '/home/jordan/SDfR/assignment5/install/relbot_sequence_controller/share/relbot_sequence_controller/package.sh'
[0.766s] INFO:colcon.colcon_core.shell:Creating package script '/home/jordan/SDfR/assignment5/install/relbot_sequence_controller/share/relbot_sequence_controller/package.bash'
[0.767s] INFO:colcon.colcon_core.shell:Creating package script '/home/jordan/SDfR/assignment5/install/relbot_sequence_controller/share/relbot_sequence_controller/package.zsh'
[0.767s] Level 1:colcon.colcon_core.environment:create_file_with_runtime_dependencies(/home/jordan/SDfR/assignment5/install/relbot_sequence_controller/share/colcon-core/packages/relbot_sequence_controller)
[0.768s] Level 1:colcon.colcon_core.environment:create_environment_scripts_only(relbot_sequence_controller)
[0.768s] Level 1:colcon.colcon_core.environment:checking '/home/jordan/SDfR/assignment5/install/relbot_sequence_controller' for CMake module files
[0.769s] Level 1:colcon.colcon_core.environment:checking '/home/jordan/SDfR/assignment5/install/relbot_sequence_controller' for CMake config files
[0.769s] Level 1:colcon.colcon_core.shell:create_environment_hook('relbot_sequence_controller', 'cmake_prefix_path')
[0.770s] INFO:colcon.colcon_core.shell:Creating environment hook '/home/jordan/SDfR/assignment5/install/relbot_sequence_controller/share/relbot_sequence_controller/hook/cmake_prefix_path.ps1'
[0.770s] INFO:colcon.colcon_core.shell:Creating environment descriptor '/home/jordan/SDfR/assignment5/install/relbot_sequence_controller/share/relbot_sequence_controller/hook/cmake_prefix_path.dsv'
[0.771s] INFO:colcon.colcon_core.shell:Creating environment hook '/home/jordan/SDfR/assignment5/install/relbot_sequence_controller/share/relbot_sequence_controller/hook/cmake_prefix_path.sh'
[0.771s] Level 1:colcon.colcon_core.environment:checking '/home/jordan/SDfR/assignment5/install/relbot_sequence_controller/lib'
[0.772s] Level 1:colcon.colcon_core.environment:checking '/home/jordan/SDfR/assignment5/install/relbot_sequence_controller/bin'
[0.772s] Level 1:colcon.colcon_core.environment:checking '/home/jordan/SDfR/assignment5/install/relbot_sequence_controller/lib/pkgconfig/relbot_sequence_controller.pc'
[0.772s] Level 1:colcon.colcon_core.environment:checking '/home/jordan/SDfR/assignment5/install/relbot_sequence_controller/lib/python3.10/site-packages'
[0.772s] Level 1:colcon.colcon_core.environment:checking '/home/jordan/SDfR/assignment5/install/relbot_sequence_controller/bin'
[0.773s] INFO:colcon.colcon_core.shell:Creating package script '/home/jordan/SDfR/assignment5/install/relbot_sequence_controller/share/relbot_sequence_controller/package.ps1'
[0.774s] INFO:colcon.colcon_core.shell:Creating package descriptor '/home/jordan/SDfR/assignment5/install/relbot_sequence_controller/share/relbot_sequence_controller/package.dsv'
[0.774s] INFO:colcon.colcon_core.shell:Creating package script '/home/jordan/SDfR/assignment5/install/relbot_sequence_controller/share/relbot_sequence_controller/package.sh'
[0.775s] INFO:colcon.colcon_core.shell:Creating package script '/home/jordan/SDfR/assignment5/install/relbot_sequence_controller/share/relbot_sequence_controller/package.bash'
[0.775s] INFO:colcon.colcon_core.shell:Creating package script '/home/jordan/SDfR/assignment5/install/relbot_sequence_controller/share/relbot_sequence_controller/package.zsh'
[0.776s] Level 1:colcon.colcon_core.environment:create_file_with_runtime_dependencies(/home/jordan/SDfR/assignment5/install/relbot_sequence_controller/share/colcon-core/packages/relbot_sequence_controller)
[0.776s] Level 1:colcon.colcon_core.environment:create_environment_scripts_only(relbot_simulator)
[0.777s] Level 1:colcon.colcon_core.environment:checking '/home/jordan/SDfR/assignment5/install/relbot_simulator' for CMake module files
[0.778s] DEBUG:colcon.colcon_core.event_handler.log_command:Invoked command in '/home/jordan/SDfR/assignment5/build/relbot_simulator' returned '0': CMAKE_PREFIX_PATH=/opt/ros/humble /usr/bin/cmake --install /home/jordan/SDfR/assignment5/build/relbot_simulator
[0.778s] Level 1:colcon.colcon_core.environment:checking '/home/jordan/SDfR/assignment5/install/relbot_simulator' for CMake config files
[0.779s] Level 1:colcon.colcon_core.shell:create_environment_hook('relbot_simulator', 'cmake_prefix_path')
[0.779s] INFO:colcon.colcon_core.shell:Creating environment hook '/home/jordan/SDfR/assignment5/install/relbot_simulator/share/relbot_simulator/hook/cmake_prefix_path.ps1'
[0.780s] INFO:colcon.colcon_core.shell:Creating environment descriptor '/home/jordan/SDfR/assignment5/install/relbot_simulator/share/relbot_simulator/hook/cmake_prefix_path.dsv'
[0.780s] INFO:colcon.colcon_core.shell:Creating environment hook '/home/jordan/SDfR/assignment5/install/relbot_simulator/share/relbot_simulator/hook/cmake_prefix_path.sh'
[0.781s] Level 1:colcon.colcon_core.environment:checking '/home/jordan/SDfR/assignment5/install/relbot_simulator/lib'
[0.781s] Level 1:colcon.colcon_core.environment:checking '/home/jordan/SDfR/assignment5/install/relbot_simulator/bin'
[0.782s] Level 1:colcon.colcon_core.environment:checking '/home/jordan/SDfR/assignment5/install/relbot_simulator/lib/pkgconfig/relbot_simulator.pc'
[0.782s] Level 1:colcon.colcon_core.environment:checking '/home/jordan/SDfR/assignment5/install/relbot_simulator/lib/python3.10/site-packages'
[0.782s] Level 1:colcon.colcon_core.environment:checking '/home/jordan/SDfR/assignment5/install/relbot_simulator/bin'
[0.783s] INFO:colcon.colcon_core.shell:Creating package script '/home/jordan/SDfR/assignment5/install/relbot_simulator/share/relbot_simulator/package.ps1'
[0.783s] INFO:colcon.colcon_core.shell:Creating package descriptor '/home/jordan/SDfR/assignment5/install/relbot_simulator/share/relbot_simulator/package.dsv'
[0.784s] INFO:colcon.colcon_core.shell:Creating package script '/home/jordan/SDfR/assignment5/install/relbot_simulator/share/relbot_simulator/package.sh'
[0.785s] INFO:colcon.colcon_core.shell:Creating package script '/home/jordan/SDfR/assignment5/install/relbot_simulator/share/relbot_simulator/package.bash'
[0.785s] INFO:colcon.colcon_core.shell:Creating package script '/home/jordan/SDfR/assignment5/install/relbot_simulator/share/relbot_simulator/package.zsh'
[0.786s] Level 1:colcon.colcon_core.environment:create_file_with_runtime_dependencies(/home/jordan/SDfR/assignment5/install/relbot_simulator/share/colcon-core/packages/relbot_simulator)
[0.787s] Level 1:colcon.colcon_core.environment:create_environment_scripts_only(relbot_simulator)
[0.787s] Level 1:colcon.colcon_core.environment:checking '/home/jordan/SDfR/assignment5/install/relbot_simulator' for CMake module files
[0.788s] Level 1:colcon.colcon_core.environment:checking '/home/jordan/SDfR/assignment5/install/relbot_simulator' for CMake config files
[0.788s] Level 1:colcon.colcon_core.shell:create_environment_hook('relbot_simulator', 'cmake_prefix_path')
[0.789s] INFO:colcon.colcon_core.shell:Creating environment hook '/home/jordan/SDfR/assignment5/install/relbot_simulator/share/relbot_simulator/hook/cmake_prefix_path.ps1'
[0.790s] INFO:colcon.colcon_core.shell:Creating environment descriptor '/home/jordan/SDfR/assignment5/install/relbot_simulator/share/relbot_simulator/hook/cmake_prefix_path.dsv'
[0.790s] INFO:colcon.colcon_core.shell:Creating environment hook '/home/jordan/SDfR/assignment5/install/relbot_simulator/share/relbot_simulator/hook/cmake_prefix_path.sh'
[0.791s] Level 1:colcon.colcon_core.environment:checking '/home/jordan/SDfR/assignment5/install/relbot_simulator/lib'
[0.791s] Level 1:colcon.colcon_core.environment:checking '/home/jordan/SDfR/assignment5/install/relbot_simulator/bin'
[0.791s] Level 1:colcon.colcon_core.environment:checking '/home/jordan/SDfR/assignment5/install/relbot_simulator/lib/pkgconfig/relbot_simulator.pc'
[0.791s] Level 1:colcon.colcon_core.environment:checking '/home/jordan/SDfR/assignment5/install/relbot_simulator/lib/python3.10/site-packages'
[0.792s] Level 1:colcon.colcon_core.environment:checking '/home/jordan/SDfR/assignment5/install/relbot_simulator/bin'
[0.792s] INFO:colcon.colcon_core.shell:Creating package script '/home/jordan/SDfR/assignment5/install/relbot_simulator/share/relbot_simulator/package.ps1'
[0.793s] INFO:colcon.colcon_core.shell:Creating package descriptor '/home/jordan/SDfR/assignment5/install/relbot_simulator/share/relbot_simulator/package.dsv'
[0.794s] INFO:colcon.colcon_core.shell:Creating package script '/home/jordan/SDfR/assignment5/install/relbot_simulator/share/relbot_simulator/package.sh'
[0.794s] INFO:colcon.colcon_core.shell:Creating package script '/home/jordan/SDfR/assignment5/install/relbot_simulator/share/relbot_simulator/package.bash'
[0.795s] INFO:colcon.colcon_core.shell:Creating package script '/home/jordan/SDfR/assignment5/install/relbot_simulator/share/relbot_simulator/package.zsh'
[0.795s] Level 1:colcon.colcon_core.environment:create_file_with_runtime_dependencies(/home/jordan/SDfR/assignment5/install/relbot_simulator/share/colcon-core/packages/relbot_simulator)
[0.796s] DEBUG:colcon.colcon_parallel_executor.executor.parallel:closing loop
[0.797s] DEBUG:colcon.colcon_parallel_executor.executor.parallel:loop closed
[0.797s] DEBUG:colcon.colcon_parallel_executor.executor.parallel:run_until_complete finished with '0'
[0.797s] DEBUG:colcon.colcon_core.event_reactor:joining thread
[0.885s] INFO:colcon.colcon_core.plugin_system:Skipping extension 'colcon_notification.desktop_notification.notify_send': Could not find 'notify-send'
[0.886s] INFO:colcon.colcon_core.plugin_system:Skipping extension 'colcon_notification.desktop_notification.terminal_notifier': Not used on non-Darwin systems
[0.886s] INFO:colcon.colcon_core.plugin_system:Skipping extension 'colcon_notification.desktop_notification.win32': Not used on non-Windows systems
[0.886s] INFO:colcon.colcon_notification.desktop_notification:Sending desktop notification using 'notify2'
[0.886s] DEBUG:colcon.colcon_notification.desktop_notification.notify2:Failed to initialize notify2: org.freedesktop.DBus.Error.FileNotFound: Failed to connect to socket /run/user/1000/bus: No such file or directory
[0.886s] DEBUG:colcon.colcon_core.event_reactor:joined thread
[0.887s] INFO:colcon.colcon_core.shell:Creating prefix script '/home/jordan/SDfR/assignment5/install/local_setup.ps1'
[0.887s] INFO:colcon.colcon_core.shell:Creating prefix util module '/home/jordan/SDfR/assignment5/install/_local_setup_util_ps1.py'
[0.889s] INFO:colcon.colcon_core.shell:Creating prefix chain script '/home/jordan/SDfR/assignment5/install/setup.ps1'
[0.890s] INFO:colcon.colcon_core.shell:Creating prefix script '/home/jordan/SDfR/assignment5/install/local_setup.sh'
[0.890s] INFO:colcon.colcon_core.shell:Creating prefix util module '/home/jordan/SDfR/assignment5/install/_local_setup_util_sh.py'
[0.891s] INFO:colcon.colcon_core.shell:Creating prefix chain script '/home/jordan/SDfR/assignment5/install/setup.sh'
[0.892s] INFO:colcon.colcon_core.shell:Creating prefix script '/home/jordan/SDfR/assignment5/install/local_setup.bash'
[0.892s] INFO:colcon.colcon_core.shell:Creating prefix chain script '/home/jordan/SDfR/assignment5/install/setup.bash'
[0.894s] INFO:colcon.colcon_core.shell:Creating prefix script '/home/jordan/SDfR/assignment5/install/local_setup.zsh'
[0.894s] INFO:colcon.colcon_core.shell:Creating prefix chain script '/home/jordan/SDfR/assignment5/install/setup.zsh'
