[35m[1mConsolidate compiler generated dependencies of target relbot_sequence_controller[0m
[100%] Built target relbot_sequence_controller
-- Install configuration: ""
-- Installing: /home/sdfr-ppd-01/SDfR/assignment6/install/relbot_sequence_controller/lib/relbot_sequence_controller/relbot_sequence_controller
-- Set runtime path of "/home/sdfr-ppd-01/SDfR/assignment6/install/relbot_sequence_controller/lib/relbot_sequence_controller/relbot_sequence_controller" to ""
-- Installing: /home/sdfr-ppd-01/SDfR/assignment6/install/relbot_sequence_controller/share/ament_index/resource_index/package_run_dependencies/relbot_sequence_controller
-- Installing: /home/sdfr-ppd-01/SDfR/assignment6/install/relbot_sequence_controller/share/ament_index/resource_index/parent_prefix_path/relbot_sequence_controller
-- Installing: /home/sdfr-ppd-01/SDfR/assignment6/install/relbot_sequence_controller/share/relbot_sequence_controller/environment/ament_prefix_path.sh
-- Installing: /home/sdfr-ppd-01/SDfR/assignment6/install/relbot_sequence_controller/share/relbot_sequence_controller/environment/ament_prefix_path.dsv
-- Installing: /home/sdfr-ppd-01/SDfR/assignment6/install/relbot_sequence_controller/share/relbot_sequence_controller/environment/path.sh
-- Installing: /home/sdfr-ppd-01/SDfR/assignment6/install/relbot_sequence_controller/share/relbot_sequence_controller/environment/path.dsv
-- Installing: /home/sdfr-ppd-01/SDfR/assignment6/install/relbot_sequence_controller/share/relbot_sequence_controller/local_setup.bash
-- Installing: /home/sdfr-ppd-01/SDfR/assignment6/install/relbot_sequence_controller/share/relbot_sequence_controller/local_setup.sh
-- Installing: /home/sdfr-ppd-01/SDfR/assignment6/install/relbot_sequence_controller/share/relbot_sequence_controller/local_setup.zsh
-- Installing: /home/sdfr-ppd-01/SDfR/assignment6/install/relbot_sequence_controller/share/relbot_sequence_controller/local_setup.dsv
-- Installing: /home/sdfr-ppd-01/SDfR/assignment6/install/relbot_sequence_controller/share/relbot_sequence_controller/package.dsv
-- Installing: /home/sdfr-ppd-01/SDfR/assignment6/install/relbot_sequence_controller/share/ament_index/resource_index/packages/relbot_sequence_controller
-- Installing: /home/sdfr-ppd-01/SDfR/assignment6/install/relbot_sequence_controller/share/relbot_sequence_controller/cmake/relbot_sequence_controllerConfig.cmake
-- Installing: /home/sdfr-ppd-01/SDfR/assignment6/install/relbot_sequence_controller/share/relbot_sequence_controller/cmake/relbot_sequence_controllerConfig-version.cmake
-- Installing: /home/sdfr-ppd-01/SDfR/assignment6/install/relbot_sequence_controller/share/relbot_sequence_controller/package.xml
