[0.150s] Invoking command in '/home/sdfr-ppd-01/SDfR/assignment6/build/relbot_sequence_controller': CMAKE_PREFIX_PATH=${CMAKE_PREFIX_PATH}:/opt/ros/humble /usr/bin/cmake --build /home/sdfr-ppd-01/SDfR/assignment6/build/relbot_sequence_controller -- -j3 -l3
[0.494s] [35m[1mConsolidate compiler generated dependencies of target relbot_sequence_controller[0m
[1.497s] [100%] Built target relbot_sequence_controller
[1.525s] Invoked command in '/home/sdfr-ppd-01/SDfR/assignment6/build/relbot_sequence_controller' returned '0': CMAKE_PREFIX_PATH=${CMAKE_PREFIX_PATH}:/opt/ros/humble /usr/bin/cmake --build /home/sdfr-ppd-01/SDfR/assignment6/build/relbot_sequence_controller -- -j3 -l3
[1.527s] Invoking command in '/home/sdfr-ppd-01/SDfR/assignment6/build/relbot_sequence_controller': CMAKE_PREFIX_PATH=${CMAKE_PREFIX_PATH}:/opt/ros/humble /usr/bin/cmake --install /home/sdfr-ppd-01/SDfR/assignment6/build/relbot_sequence_controller
[1.552s] -- Install configuration: ""
[1.554s] -- Installing: /home/sdfr-ppd-01/SDfR/assignment6/install/relbot_sequence_controller/lib/relbot_sequence_controller/relbot_sequence_controller
[2.272s] -- Set runtime path of "/home/sdfr-ppd-01/SDfR/assignment6/install/relbot_sequence_controller/lib/relbot_sequence_controller/relbot_sequence_controller" to ""
[2.281s] -- Installing: /home/sdfr-ppd-01/SDfR/assignment6/install/relbot_sequence_controller/share/ament_index/resource_index/package_run_dependencies/relbot_sequence_controller
[2.314s] -- Installing: /home/sdfr-ppd-01/SDfR/assignment6/install/relbot_sequence_controller/share/ament_index/resource_index/parent_prefix_path/relbot_sequence_controller
[2.316s] -- Installing: /home/sdfr-ppd-01/SDfR/assignment6/install/relbot_sequence_controller/share/relbot_sequence_controller/environment/ament_prefix_path.sh
[2.318s] -- Installing: /home/sdfr-ppd-01/SDfR/assignment6/install/relbot_sequence_controller/share/relbot_sequence_controller/environment/ament_prefix_path.dsv
[2.319s] -- Installing: /home/sdfr-ppd-01/SDfR/assignment6/install/relbot_sequence_controller/share/relbot_sequence_controller/environment/path.sh
[2.320s] -- Installing: /home/sdfr-ppd-01/SDfR/assignment6/install/relbot_sequence_controller/share/relbot_sequence_controller/environment/path.dsv
[2.321s] -- Installing: /home/sdfr-ppd-01/SDfR/assignment6/install/relbot_sequence_controller/share/relbot_sequence_controller/local_setup.bash
[2.322s] -- Installing: /home/sdfr-ppd-01/SDfR/assignment6/install/relbot_sequence_controller/share/relbot_sequence_controller/local_setup.sh
[2.323s] -- Installing: /home/sdfr-ppd-01/SDfR/assignment6/install/relbot_sequence_controller/share/relbot_sequence_controller/local_setup.zsh
[2.325s] -- Installing: /home/sdfr-ppd-01/SDfR/assignment6/install/relbot_sequence_controller/share/relbot_sequence_controller/local_setup.dsv
[2.330s] -- Installing: /home/sdfr-ppd-01/SDfR/assignment6/install/relbot_sequence_controller/share/relbot_sequence_controller/package.dsv
[2.332s] -- Installing: /home/sdfr-ppd-01/SDfR/assignment6/install/relbot_sequence_controller/share/ament_index/resource_index/packages/relbot_sequence_controller
[2.333s] -- Installing: /home/sdfr-ppd-01/SDfR/assignment6/install/relbot_sequence_controller/share/relbot_sequence_controller/cmake/relbot_sequence_controllerConfig.cmake
[2.335s] -- Installing: /home/sdfr-ppd-01/SDfR/assignment6/install/relbot_sequence_controller/share/relbot_sequence_controller/cmake/relbot_sequence_controllerConfig-version.cmake
[2.336s] -- Installing: /home/sdfr-ppd-01/SDfR/assignment6/install/relbot_sequence_controller/share/relbot_sequence_controller/package.xml
[2.337s] Invoked command in '/home/sdfr-ppd-01/SDfR/assignment6/build/relbot_sequence_controller' returned '0': CMAKE_PREFIX_PATH=${CMAKE_PREFIX_PATH}:/opt/ros/humble /usr/bin/cmake --install /home/sdfr-ppd-01/SDfR/assignment6/build/relbot_sequence_controller
