[0.028s] Invoking command in '/home/jordan/SDfR/assignment6/build/image_functions_sdfr': CMAKE_PREFIX_PATH=/opt/ros/humble /usr/bin/cmake /home/jordan/SDfR/assignment6/src/image_functions_sdfr -DCMAKE_INSTALL_PREFIX=/home/jordan/SDfR/assignment6/install/image_functions_sdfr
[0.333s] -- The C compiler identification is GNU 11.4.0
[1.022s] -- The CXX compiler identification is GNU 11.4.0
[1.485s] -- Detecting C compiler ABI info
[1.692s] -- Detecting C compiler ABI info - done
[1.700s] -- Check for working C compiler: /usr/bin/cc - skipped
[1.700s] -- Detecting C compile features
[1.701s] -- Detecting C compile features - done
[1.706s] -- Detecting CXX compiler ABI info
[1.927s] -- Detecting CXX compiler ABI info - done
[1.935s] -- Check for working CXX compiler: /usr/bin/c++ - skipped
[1.935s] -- Detecting CXX compile features
[1.935s] -- Detecting CXX compile features - done
[1.945s] -- Found ament_cmake: 1.3.13 (/opt/ros/humble/share/ament_cmake/cmake)
[2.130s] -- Found Python3: /usr/bin/python3 (found version "3.10.12") found components: Interpreter 
[2.259s] -- Found ament_cmake_ros: 0.10.0 (/opt/ros/humble/share/ament_cmake_ros/cmake)
[2.273s] -- Found rclcpp: 16.0.18 (/opt/ros/humble/share/rclcpp/cmake)
[2.488s] -- Found rosidl_generator_c: 3.1.8 (/opt/ros/humble/share/rosidl_generator_c/cmake)
[2.496s] -- Found rosidl_adapter: 3.1.8 (/opt/ros/humble/share/rosidl_adapter/cmake)
[2.511s] -- Found rosidl_generator_cpp: 3.1.8 (/opt/ros/humble/share/rosidl_generator_cpp/cmake)
[2.533s] -- Using all available rosidl_typesupport_c: rosidl_typesupport_fastrtps_c;rosidl_typesupport_introspection_c
[2.559s] -- Using all available rosidl_typesupport_cpp: rosidl_typesupport_fastrtps_cpp;rosidl_typesupport_introspection_cpp
[2.633s] -- Found rmw_implementation_cmake: 6.1.2 (/opt/ros/humble/share/rmw_implementation_cmake/cmake)
[2.638s] -- Found rmw_fastrtps_cpp: 6.2.10 (/opt/ros/humble/share/rmw_fastrtps_cpp/cmake)
[3.627s] -- Found OpenSSL: /usr/lib/x86_64-linux-gnu/libcrypto.so (found version "3.0.2")  
[4.699s] -- Found FastRTPS: /opt/ros/humble/include  
[6.550s] -- Using RMW implementation 'rmw_fastrtps_cpp' as default
[6.564s] -- Looking for pthread.h
[6.772s] -- Looking for pthread.h - found
[6.773s] -- Performing Test CMAKE_HAVE_LIBC_PTHREAD
[6.967s] -- Performing Test CMAKE_HAVE_LIBC_PTHREAD - Success
[6.968s] -- Found Threads: TRUE  
[7.046s] -- Found sensor_msgs: 4.9.1 (/opt/ros/humble/share/sensor_msgs/cmake)
[7.177s] -- Configuring done
[7.208s] -- Generating done
[7.215s] -- Build files have been written to: /home/jordan/SDfR/assignment6/build/image_functions_sdfr
[7.231s] Invoked command in '/home/jordan/SDfR/assignment6/build/image_functions_sdfr' returned '0': CMAKE_PREFIX_PATH=/opt/ros/humble /usr/bin/cmake /home/jordan/SDfR/assignment6/src/image_functions_sdfr -DCMAKE_INSTALL_PREFIX=/home/jordan/SDfR/assignment6/install/image_functions_sdfr
[7.234s] Invoking command in '/home/jordan/SDfR/assignment6/build/image_functions_sdfr': CMAKE_PREFIX_PATH=/opt/ros/humble /usr/bin/cmake --build /home/jordan/SDfR/assignment6/build/image_functions_sdfr -- -j16 -l16
[7.304s] [ 50%] [32mBuilding CXX object CMakeFiles/image_functions.dir/src/image_functions.cpp.o[0m
[11.609s] [100%] [32m[1mLinking CXX shared library libimage_functions.so[0m
[11.997s] [100%] Built target image_functions
[12.015s] Invoked command in '/home/jordan/SDfR/assignment6/build/image_functions_sdfr' returned '0': CMAKE_PREFIX_PATH=/opt/ros/humble /usr/bin/cmake --build /home/jordan/SDfR/assignment6/build/image_functions_sdfr -- -j16 -l16
[12.030s] Invoking command in '/home/jordan/SDfR/assignment6/build/image_functions_sdfr': CMAKE_PREFIX_PATH=/opt/ros/humble /usr/bin/cmake --install /home/jordan/SDfR/assignment6/build/image_functions_sdfr
[12.039s] -- Install configuration: ""
[12.040s] -- Installing: /home/jordan/SDfR/assignment6/install/image_functions_sdfr/include
[12.041s] -- Installing: /home/jordan/SDfR/assignment6/install/image_functions_sdfr/include/image_functions_sdfr
[12.042s] -- Installing: /home/jordan/SDfR/assignment6/install/image_functions_sdfr/include/image_functions_sdfr/image_functions.hpp
[12.042s] -- Installing: /home/jordan/SDfR/assignment6/install/image_functions_sdfr/include/image_functions_sdfr/visibility_control.h
[12.043s] -- Installing: /home/jordan/SDfR/assignment6/install/image_functions_sdfr/lib/libimage_functions.so
[12.044s] -- Set runtime path of "/home/jordan/SDfR/assignment6/install/image_functions_sdfr/lib/libimage_functions.so" to ""
[12.046s] -- Installing: /home/jordan/SDfR/assignment6/install/image_functions_sdfr/share/image_functions_sdfr/environment/library_path.sh
[12.046s] -- Installing: /home/jordan/SDfR/assignment6/install/image_functions_sdfr/share/image_functions_sdfr/environment/library_path.dsv
[12.049s] -- Installing: /home/jordan/SDfR/assignment6/install/image_functions_sdfr/share/ament_index/resource_index/package_run_dependencies/image_functions_sdfr
[12.049s] -- Installing: /home/jordan/SDfR/assignment6/install/image_functions_sdfr/share/ament_index/resource_index/parent_prefix_path/image_functions_sdfr
[12.050s] -- Installing: /home/jordan/SDfR/assignment6/install/image_functions_sdfr/share/image_functions_sdfr/environment/ament_prefix_path.sh
[12.050s] -- Installing: /home/jordan/SDfR/assignment6/install/image_functions_sdfr/share/image_functions_sdfr/environment/ament_prefix_path.dsv
[12.050s] -- Installing: /home/jordan/SDfR/assignment6/install/image_functions_sdfr/share/image_functions_sdfr/environment/path.sh
[12.051s] -- Installing: /home/jordan/SDfR/assignment6/install/image_functions_sdfr/share/image_functions_sdfr/environment/path.dsv
[12.051s] -- Installing: /home/jordan/SDfR/assignment6/install/image_functions_sdfr/share/image_functions_sdfr/local_setup.bash
[12.051s] -- Installing: /home/jordan/SDfR/assignment6/install/image_functions_sdfr/share/image_functions_sdfr/local_setup.sh
[12.052s] -- Installing: /home/jordan/SDfR/assignment6/install/image_functions_sdfr/share/image_functions_sdfr/local_setup.zsh
[12.052s] -- Installing: /home/jordan/SDfR/assignment6/install/image_functions_sdfr/share/image_functions_sdfr/local_setup.dsv
[12.052s] -- Installing: /home/jordan/SDfR/assignment6/install/image_functions_sdfr/share/image_functions_sdfr/package.dsv
[12.053s] -- Installing: /home/jordan/SDfR/assignment6/install/image_functions_sdfr/share/ament_index/resource_index/packages/image_functions_sdfr
[12.054s] -- Installing: /home/jordan/SDfR/assignment6/install/image_functions_sdfr/share/image_functions_sdfr/cmake/export_image_functions_sdfrExport.cmake
[12.054s] -- Installing: /home/jordan/SDfR/assignment6/install/image_functions_sdfr/share/image_functions_sdfr/cmake/export_image_functions_sdfrExport-noconfig.cmake
[12.055s] -- Installing: /home/jordan/SDfR/assignment6/install/image_functions_sdfr/share/image_functions_sdfr/cmake/ament_cmake_export_include_directories-extras.cmake
[12.055s] -- Installing: /home/jordan/SDfR/assignment6/install/image_functions_sdfr/share/image_functions_sdfr/cmake/ament_cmake_export_libraries-extras.cmake
[12.056s] -- Installing: /home/jordan/SDfR/assignment6/install/image_functions_sdfr/share/image_functions_sdfr/cmake/ament_cmake_export_targets-extras.cmake
[12.056s] -- Installing: /home/jordan/SDfR/assignment6/install/image_functions_sdfr/share/image_functions_sdfr/cmake/ament_cmake_export_dependencies-extras.cmake
[12.056s] -- Installing: /home/jordan/SDfR/assignment6/install/image_functions_sdfr/share/image_functions_sdfr/cmake/image_functions_sdfrConfig.cmake
[12.057s] -- Installing: /home/jordan/SDfR/assignment6/install/image_functions_sdfr/share/image_functions_sdfr/cmake/image_functions_sdfrConfig-version.cmake
[12.057s] -- Installing: /home/jordan/SDfR/assignment6/install/image_functions_sdfr/share/image_functions_sdfr/package.xml
[12.061s] Invoked command in '/home/jordan/SDfR/assignment6/build/image_functions_sdfr' returned '0': CMAKE_PREFIX_PATH=/opt/ros/humble /usr/bin/cmake --install /home/jordan/SDfR/assignment6/build/image_functions_sdfr
