[0.119s] Invoking command in '/home/sdfr-ppd-01/SDfR/assignment6/build/image_functions_sdfr': CMAKE_PREFIX_PATH=/opt/ros/humble /usr/bin/cmake --build /home/sdfr-ppd-01/SDfR/assignment6/build/image_functions_sdfr -- -j3 -l3
[0.426s] [35m[1mConsolidate compiler generated dependencies of target image_functions[0m
[0.870s] [100%] Built target image_functions
[0.952s] Invoked command in '/home/sdfr-ppd-01/SDfR/assignment6/build/image_functions_sdfr' returned '0': CMAKE_PREFIX_PATH=/opt/ros/humble /usr/bin/cmake --build /home/sdfr-ppd-01/SDfR/assignment6/build/image_functions_sdfr -- -j3 -l3
[1.015s] Invoking command in '/home/sdfr-ppd-01/SDfR/assignment6/build/image_functions_sdfr': CMAKE_PREFIX_PATH=/opt/ros/humble /usr/bin/cmake --install /home/sdfr-ppd-01/SDfR/assignment6/build/image_functions_sdfr
[1.054s] -- Install configuration: ""
[1.059s] -- Up-to-date: /home/sdfr-ppd-01/SDfR/assignment6/install/image_functions_sdfr/include
[1.073s] -- Up-to-date: /home/sdfr-ppd-01/SDfR/assignment6/install/image_functions_sdfr/include/image_functions_sdfr
[1.086s] -- Up-to-date: /home/sdfr-ppd-01/SDfR/assignment6/install/image_functions_sdfr/include/image_functions_sdfr/visibility_control.h
[1.092s] -- Up-to-date: /home/sdfr-ppd-01/SDfR/assignment6/install/image_functions_sdfr/include/image_functions_sdfr/image_functions.hpp
[1.096s] -- Up-to-date: /home/sdfr-ppd-01/SDfR/assignment6/install/image_functions_sdfr/lib/libimage_functions.so
[1.099s] -- Up-to-date: /home/sdfr-ppd-01/SDfR/assignment6/install/image_functions_sdfr/share/image_functions_sdfr/environment/library_path.sh
[1.103s] -- Up-to-date: /home/sdfr-ppd-01/SDfR/assignment6/install/image_functions_sdfr/share/image_functions_sdfr/environment/library_path.dsv
[1.106s] -- Up-to-date: /home/sdfr-ppd-01/SDfR/assignment6/install/image_functions_sdfr/share/ament_index/resource_index/package_run_dependencies/image_functions_sdfr
[1.110s] -- Up-to-date: /home/sdfr-ppd-01/SDfR/assignment6/install/image_functions_sdfr/share/ament_index/resource_index/parent_prefix_path/image_functions_sdfr
[1.113s] -- Up-to-date: /home/sdfr-ppd-01/SDfR/assignment6/install/image_functions_sdfr/share/image_functions_sdfr/environment/ament_prefix_path.sh
[1.118s] -- Up-to-date: /home/sdfr-ppd-01/SDfR/assignment6/install/image_functions_sdfr/share/image_functions_sdfr/environment/ament_prefix_path.dsv
[1.119s] -- Up-to-date: /home/sdfr-ppd-01/SDfR/assignment6/install/image_functions_sdfr/share/image_functions_sdfr/environment/path.sh
[1.120s] -- Up-to-date: /home/sdfr-ppd-01/SDfR/assignment6/install/image_functions_sdfr/share/image_functions_sdfr/environment/path.dsv
[1.122s] -- Up-to-date: /home/sdfr-ppd-01/SDfR/assignment6/install/image_functions_sdfr/share/image_functions_sdfr/local_setup.bash
[1.123s] -- Up-to-date: /home/sdfr-ppd-01/SDfR/assignment6/install/image_functions_sdfr/share/image_functions_sdfr/local_setup.sh
[1.124s] -- Up-to-date: /home/sdfr-ppd-01/SDfR/assignment6/install/image_functions_sdfr/share/image_functions_sdfr/local_setup.zsh
[1.125s] -- Up-to-date: /home/sdfr-ppd-01/SDfR/assignment6/install/image_functions_sdfr/share/image_functions_sdfr/local_setup.dsv
[1.126s] -- Installing: /home/sdfr-ppd-01/SDfR/assignment6/install/image_functions_sdfr/share/image_functions_sdfr/package.dsv
[1.127s] -- Up-to-date: /home/sdfr-ppd-01/SDfR/assignment6/install/image_functions_sdfr/share/ament_index/resource_index/packages/image_functions_sdfr
[1.128s] -- Up-to-date: /home/sdfr-ppd-01/SDfR/assignment6/install/image_functions_sdfr/share/image_functions_sdfr/cmake/export_image_functions_sdfrExport.cmake
[1.128s] -- Up-to-date: /home/sdfr-ppd-01/SDfR/assignment6/install/image_functions_sdfr/share/image_functions_sdfr/cmake/export_image_functions_sdfrExport-noconfig.cmake
[1.129s] -- Up-to-date: /home/sdfr-ppd-01/SDfR/assignment6/install/image_functions_sdfr/share/image_functions_sdfr/cmake/ament_cmake_export_include_directories-extras.cmake
[1.130s] -- Up-to-date: /home/sdfr-ppd-01/SDfR/assignment6/install/image_functions_sdfr/share/image_functions_sdfr/cmake/ament_cmake_export_libraries-extras.cmake
[1.132s] -- Up-to-date: /home/sdfr-ppd-01/SDfR/assignment6/install/image_functions_sdfr/share/image_functions_sdfr/cmake/ament_cmake_export_targets-extras.cmake
[1.133s] -- Up-to-date: /home/sdfr-ppd-01/SDfR/assignment6/install/image_functions_sdfr/share/image_functions_sdfr/cmake/ament_cmake_export_dependencies-extras.cmake
[1.135s] -- Up-to-date: /home/sdfr-ppd-01/SDfR/assignment6/install/image_functions_sdfr/share/image_functions_sdfr/cmake/image_functions_sdfrConfig.cmake
[1.160s] -- Up-to-date: /home/sdfr-ppd-01/SDfR/assignment6/install/image_functions_sdfr/share/image_functions_sdfr/cmake/image_functions_sdfrConfig-version.cmake
[1.168s] -- Up-to-date: /home/sdfr-ppd-01/SDfR/assignment6/install/image_functions_sdfr/share/image_functions_sdfr/package.xml
[1.170s] Invoked command in '/home/sdfr-ppd-01/SDfR/assignment6/build/image_functions_sdfr' returned '0': CMAKE_PREFIX_PATH=/opt/ros/humble /usr/bin/cmake --install /home/sdfr-ppd-01/SDfR/assignment6/build/image_functions_sdfr
