[0.033s] Invoking command in '/home/jordan/SDfR/assignment5/build/relbot_sequence_controller': CMAKE_PREFIX_PATH=/opt/ros/humble /usr/bin/cmake /home/jordan/SDfR/assignment5/relbot_sequence_controller -DCMAKE_INSTALL_PREFIX=/home/jordan/SDfR/assignment5/install/relbot_sequence_controller
[0.303s] -- The C compiler identification is GNU 11.4.0
[0.960s] -- The CXX compiler identification is GNU 11.4.0
[1.409s] -- Detecting C compiler ABI info
[1.593s] -- Detecting C compiler ABI info - done
[1.600s] -- Check for working C compiler: /usr/bin/cc - skipped
[1.600s] -- Detecting C compile features
[1.601s] -- Detecting C compile features - done
[1.605s] -- Detecting CXX compiler ABI info
[1.796s] -- Detecting CXX compiler ABI info - done
[1.805s] -- Check for working CXX compiler: /usr/bin/c++ - skipped
[1.805s] -- Detecting CXX compile features
[1.806s] -- Detecting CXX compile features - done
[1.814s] -- Found ament_cmake: 1.3.13 (/opt/ros/humble/share/ament_cmake/cmake)
[1.980s] -- Found Python3: /usr/bin/python3 (found version "3.10.12") found components: Interpreter 
[2.093s] -- Found rclcpp: 16.0.18 (/opt/ros/humble/share/rclcpp/cmake)
[2.334s] -- Found rosidl_generator_c: 3.1.8 (/opt/ros/humble/share/rosidl_generator_c/cmake)
[2.341s] -- Found rosidl_adapter: 3.1.8 (/opt/ros/humble/share/rosidl_adapter/cmake)
[2.354s] -- Found rosidl_generator_cpp: 3.1.8 (/opt/ros/humble/share/rosidl_generator_cpp/cmake)
[2.371s] -- Using all available rosidl_typesupport_c: rosidl_typesupport_fastrtps_c;rosidl_typesupport_introspection_c
[2.391s] -- Using all available rosidl_typesupport_cpp: rosidl_typesupport_fastrtps_cpp;rosidl_typesupport_introspection_cpp
[2.449s] -- Found rmw_implementation_cmake: 6.1.2 (/opt/ros/humble/share/rmw_implementation_cmake/cmake)
[2.453s] -- Found rmw_fastrtps_cpp: 6.2.10 (/opt/ros/humble/share/rmw_fastrtps_cpp/cmake)
[3.310s] -- Found OpenSSL: /usr/lib/x86_64-linux-gnu/libcrypto.so (found version "3.0.2")  
[4.236s] -- Found FastRTPS: /opt/ros/humble/include  
[5.850s] -- Using RMW implementation 'rmw_fastrtps_cpp' as default
[5.861s] -- Looking for pthread.h
[6.037s] -- Looking for pthread.h - found
[6.037s] -- Performing Test CMAKE_HAVE_LIBC_PTHREAD
[6.210s] -- Performing Test CMAKE_HAVE_LIBC_PTHREAD - Success
[6.211s] -- Found Threads: TRUE  
[6.280s] -- Found example_interfaces: 0.9.3 (/opt/ros/humble/share/example_interfaces/cmake)
[6.333s] -- Found ament_lint_auto: 0.12.15 (/opt/ros/humble/share/ament_lint_auto/cmake)
[6.414s] -- Added test 'cppcheck' to perform static code analysis on C / C++ code
[6.414s] -- Configured cppcheck include dirs: /home/jordan/SDfR/assignment5/relbot_sequence_controller/include
[6.414s] -- Configured cppcheck exclude dirs and/or files: 
[6.415s] -- Added test 'lint_cmake' to check CMake code style
[6.417s] -- Added test 'uncrustify' to check C / C++ code style
[6.418s] -- Configured uncrustify additional arguments: 
[6.418s] -- Added test 'xmllint' to check XML markup files
[6.420s] -- Configuring done
[6.438s] -- Generating done
[6.443s] -- Build files have been written to: /home/jordan/SDfR/assignment5/build/relbot_sequence_controller
[6.456s] Invoked command in '/home/jordan/SDfR/assignment5/build/relbot_sequence_controller' returned '0': CMAKE_PREFIX_PATH=/opt/ros/humble /usr/bin/cmake /home/jordan/SDfR/assignment5/relbot_sequence_controller -DCMAKE_INSTALL_PREFIX=/home/jordan/SDfR/assignment5/install/relbot_sequence_controller
[6.458s] Invoking command in '/home/jordan/SDfR/assignment5/build/relbot_sequence_controller': CMAKE_PREFIX_PATH=/opt/ros/humble /usr/bin/cmake --build /home/jordan/SDfR/assignment5/build/relbot_sequence_controller -- -j16 -l16
[6.519s] [ 50%] [32mBuilding CXX object CMakeFiles/relbot_sequence_controller.dir/src/relbot_sequence_controller.cpp.o[0m
[11.169s] [100%] [32m[1mLinking CXX executable relbot_sequence_controller[0m
[11.565s] [100%] Built target relbot_sequence_controller
[11.581s] Invoked command in '/home/jordan/SDfR/assignment5/build/relbot_sequence_controller' returned '0': CMAKE_PREFIX_PATH=/opt/ros/humble /usr/bin/cmake --build /home/jordan/SDfR/assignment5/build/relbot_sequence_controller -- -j16 -l16
[11.583s] Invoking command in '/home/jordan/SDfR/assignment5/build/relbot_sequence_controller': CMAKE_PREFIX_PATH=/opt/ros/humble /usr/bin/cmake --install /home/jordan/SDfR/assignment5/build/relbot_sequence_controller
[11.592s] -- Install configuration: ""
[11.594s] -- Installing: /home/jordan/SDfR/assignment5/install/relbot_sequence_controller/lib/relbot_sequence_controller/relbot_sequence_controller
[11.596s] -- Set runtime path of "/home/jordan/SDfR/assignment5/install/relbot_sequence_controller/lib/relbot_sequence_controller/relbot_sequence_controller" to ""
[11.598s] -- Installing: /home/jordan/SDfR/assignment5/install/relbot_sequence_controller/share/ament_index/resource_index/package_run_dependencies/relbot_sequence_controller
[11.598s] -- Installing: /home/jordan/SDfR/assignment5/install/relbot_sequence_controller/share/ament_index/resource_index/parent_prefix_path/relbot_sequence_controller
[11.600s] -- Installing: /home/jordan/SDfR/assignment5/install/relbot_sequence_controller/share/relbot_sequence_controller/environment/ament_prefix_path.sh
[11.600s] -- Installing: /home/jordan/SDfR/assignment5/install/relbot_sequence_controller/share/relbot_sequence_controller/environment/ament_prefix_path.dsv
[11.600s] -- Installing: /home/jordan/SDfR/assignment5/install/relbot_sequence_controller/share/relbot_sequence_controller/environment/path.sh
[11.600s] -- Installing: /home/jordan/SDfR/assignment5/install/relbot_sequence_controller/share/relbot_sequence_controller/environment/path.dsv
[11.600s] -- Installing: /home/jordan/SDfR/assignment5/install/relbot_sequence_controller/share/relbot_sequence_controller/local_setup.bash
[11.601s] -- Installing: /home/jordan/SDfR/assignment5/install/relbot_sequence_controller/share/relbot_sequence_controller/local_setup.sh
[11.601s] -- Installing: /home/jordan/SDfR/assignment5/install/relbot_sequence_controller/share/relbot_sequence_controller/local_setup.zsh
[11.601s] -- Installing: /home/jordan/SDfR/assignment5/install/relbot_sequence_controller/share/relbot_sequence_controller/local_setup.dsv
[11.601s] -- Installing: /home/jordan/SDfR/assignment5/install/relbot_sequence_controller/share/relbot_sequence_controller/package.dsv
[11.602s] -- Installing: /home/jordan/SDfR/assignment5/install/relbot_sequence_controller/share/ament_index/resource_index/packages/relbot_sequence_controller
[11.603s] -- Installing: /home/jordan/SDfR/assignment5/install/relbot_sequence_controller/share/relbot_sequence_controller/cmake/relbot_sequence_controllerConfig.cmake
[11.603s] -- Installing: /home/jordan/SDfR/assignment5/install/relbot_sequence_controller/share/relbot_sequence_controller/cmake/relbot_sequence_controllerConfig-version.cmake
[11.603s] -- Installing: /home/jordan/SDfR/assignment5/install/relbot_sequence_controller/share/relbot_sequence_controller/package.xml
[11.607s] Invoked command in '/home/jordan/SDfR/assignment5/build/relbot_sequence_controller' returned '0': CMAKE_PREFIX_PATH=/opt/ros/humble /usr/bin/cmake --install /home/jordan/SDfR/assignment5/build/relbot_sequence_controller
