[0.038s] Invoking command in '/home/jordan/SDfR/assignment6/build/xrf2_msgs': CMAKE_PREFIX_PATH=/opt/ros/humble /usr/bin/cmake /home/jordan/SDfR/assignment6/src/XRF2/XenoRosFramework/Common/XRF2_msgs -DCMAKE_INSTALL_PREFIX=/home/jordan/SDfR/assignment6/install/xrf2_msgs
[0.945s] -- The C compiler identification is GNU 11.4.0
[3.883s] -- The CXX compiler identification is GNU 11.4.0
[6.169s] -- Detecting C compiler ABI info
[6.910s] -- Detecting C compiler ABI info - done
[6.924s] -- Check for working C compiler: /usr/bin/cc - skipped
[6.961s] -- Detecting C compile features
[6.962s] -- Detecting C compile features - done
[6.971s] -- Detecting CXX compiler ABI info
[7.683s] -- Detecting CXX compiler ABI info - done
[7.711s] -- Check for working CXX compiler: /usr/bin/c++ - skipped
[7.712s] -- Detecting CXX compile features
[7.713s] -- Detecting CXX compile features - done
[7.770s] -- Found ament_cmake: 1.3.13 (/opt/ros/humble/share/ament_cmake/cmake)
[8.141s] -- Found Python3: /usr/bin/python3 (found version "3.10.12") found components: Interpreter 
[8.397s] -- Found rosidl_default_generators: 1.2.0 (/opt/ros/humble/share/rosidl_default_generators/cmake)
[8.409s] -- Using all available rosidl_typesupport_c: rosidl_typesupport_fastrtps_c;rosidl_typesupport_introspection_c
[8.430s] -- Found rosidl_adapter: 3.1.8 (/opt/ros/humble/share/rosidl_adapter/cmake)
[9.259s] -- Using all available rosidl_typesupport_cpp: rosidl_typesupport_fastrtps_cpp;rosidl_typesupport_introspection_cpp
[9.924s] -- Found ament_cmake_ros: 0.10.0 (/opt/ros/humble/share/ament_cmake_ros/cmake)
[10.360s] -- Using all available rosidl_typesupport_c: rosidl_typesupport_fastrtps_c;rosidl_typesupport_introspection_c
[10.958s] -- Using all available rosidl_typesupport_cpp: rosidl_typesupport_fastrtps_cpp;rosidl_typesupport_introspection_cpp
[11.686s] -- Found PythonInterp: /usr/bin/python3 (found suitable version "3.10.12", minimum required is "3.6") 
[11.728s] -- Found python_cmake_module: 0.10.0 (/opt/ros/humble/share/python_cmake_module/cmake)
[14.188s] -- Found PythonLibs: /usr/lib/x86_64-linux-gnu/libpython3.10.so (found suitable version "3.10.12", minimum required is "3.5") 
[14.188s] -- Using PYTHON_EXECUTABLE: /usr/bin/python3
[14.189s] -- Using PYTHON_INCLUDE_DIRS: /usr/include/python3.10
[14.189s] -- Using PYTHON_LIBRARIES: /usr/lib/x86_64-linux-gnu/libpython3.10.so
[14.234s] -- Found PythonExtra: .so  
[14.549s] -- Found ament_lint_auto: 0.12.15 (/opt/ros/humble/share/ament_lint_auto/cmake)
[14.635s] -- Added test 'lint_cmake' to check CMake code style
[14.641s] -- Added test 'xmllint' to check XML markup files
[14.652s] -- Configuring done
[14.833s] -- Generating done
[14.866s] -- Build files have been written to: /home/jordan/SDfR/assignment6/build/xrf2_msgs
[30.016s] Invoked command in '/home/jordan/SDfR/assignment6/build/xrf2_msgs' returned '0': CMAKE_PREFIX_PATH=/opt/ros/humble /usr/bin/cmake /home/jordan/SDfR/assignment6/src/XRF2/XenoRosFramework/Common/XRF2_msgs -DCMAKE_INSTALL_PREFIX=/home/jordan/SDfR/assignment6/install/xrf2_msgs
[30.019s] Invoking command in '/home/jordan/SDfR/assignment6/build/xrf2_msgs': CMAKE_PREFIX_PATH=/opt/ros/humble /usr/bin/cmake --build /home/jordan/SDfR/assignment6/build/xrf2_msgs -- -j16 -l16
[30.142s] [  2%] Generating C code for ROS interfaces
[30.173s] [  5%] Generating C++ code for ROS interfaces
[30.198s] [  5%] Built target ament_cmake_python_copy_xrf2_msgs
[30.883s] [  5%] Built target xrf2_msgs__cpp
[30.901s] running egg_info
[30.903s] creating xrf2_msgs.egg-info
[30.905s] writing xrf2_msgs.egg-info/PKG-INFO
[30.906s] writing dependency_links to xrf2_msgs.egg-info/dependency_links.txt
[30.907s] writing top-level names to xrf2_msgs.egg-info/top_level.txt
[30.908s] writing manifest file 'xrf2_msgs.egg-info/SOURCES.txt'
[30.911s] [  7%] Building C object CMakeFiles/xrf2_msgs__rosidl_generator_c.dir/rosidl_generator_c/xrf2_msgs/msg/detail/xeno2_ros__functions.c.o
[30.912s] [ 10%] Building C object CMakeFiles/xrf2_msgs__rosidl_generator_c.dir/rosidl_generator_c/xrf2_msgs/msg/detail/ros2_xeno__functions.c.o
[30.914s] [ 15%] Generating C++ introspection for ROS interfaces
[30.914s] [ 15%] Generating C++ type support for eProsima Fast-RTPS
[30.914s] reading manifest file 'xrf2_msgs.egg-info/SOURCES.txt'
[30.916s] writing manifest file 'xrf2_msgs.egg-info/SOURCES.txt'
[30.917s] [ 17%] Generating C++ type support dispatch for ROS interfaces
[30.983s] [ 17%] Built target ament_cmake_python_build_xrf2_msgs_egg
[31.081s] [ 20%] Linking C shared library libxrf2_msgs__rosidl_generator_c.so
[31.481s] [ 25%] Building CXX object CMakeFiles/xrf2_msgs__rosidl_typesupport_cpp.dir/rosidl_typesupport_cpp/xrf2_msgs/msg/ros2_xeno__type_support.cpp.o
[31.481s] [ 25%] Building CXX object CMakeFiles/xrf2_msgs__rosidl_typesupport_cpp.dir/rosidl_typesupport_cpp/xrf2_msgs/msg/xeno2_ros__type_support.cpp.o
[31.540s] [ 28%] Building CXX object CMakeFiles/xrf2_msgs__rosidl_typesupport_introspection_cpp.dir/rosidl_typesupport_introspection_cpp/xrf2_msgs/msg/detail/ros2_xeno__type_support.cpp.o
[31.541s] [ 30%] Building CXX object CMakeFiles/xrf2_msgs__rosidl_typesupport_introspection_cpp.dir/rosidl_typesupport_introspection_cpp/xrf2_msgs/msg/detail/xeno2_ros__type_support.cpp.o
[31.558s] [ 33%] Building CXX object CMakeFiles/xrf2_msgs__rosidl_typesupport_fastrtps_cpp.dir/rosidl_typesupport_fastrtps_cpp/xrf2_msgs/msg/detail/dds_fastrtps/xeno2_ros__type_support.cpp.o
[31.559s] [ 35%] Building CXX object CMakeFiles/xrf2_msgs__rosidl_typesupport_fastrtps_cpp.dir/rosidl_typesupport_fastrtps_cpp/xrf2_msgs/msg/detail/dds_fastrtps/ros2_xeno__type_support.cpp.o
[31.644s] [ 35%] Built target xrf2_msgs__rosidl_generator_c
[31.678s] [ 43%] Generating C type support for eProsima Fast-RTPS
[31.679s] [ 43%] Generating C type support dispatch for ROS interfaces
[31.679s] [ 43%] Generating C introspection for ROS interfaces
[32.335s] [ 46%] Linking CXX shared library libxrf2_msgs__rosidl_typesupport_cpp.so
[32.339s] [ 51%] Building CXX object CMakeFiles/xrf2_msgs__rosidl_typesupport_c.dir/rosidl_typesupport_c/xrf2_msgs/msg/ros2_xeno__type_support.cpp.o
[32.339s] [ 51%] Building CXX object CMakeFiles/xrf2_msgs__rosidl_typesupport_c.dir/rosidl_typesupport_c/xrf2_msgs/msg/xeno2_ros__type_support.cpp.o
[32.404s] [ 56%] Building CXX object CMakeFiles/xrf2_msgs__rosidl_typesupport_fastrtps_c.dir/rosidl_typesupport_fastrtps_c/xrf2_msgs/msg/detail/xeno2_ros__type_support_c.cpp.o
[32.404s] [ 56%] Building CXX object CMakeFiles/xrf2_msgs__rosidl_typesupport_fastrtps_c.dir/rosidl_typesupport_fastrtps_c/xrf2_msgs/msg/detail/ros2_xeno__type_support_c.cpp.o
[32.418s] [ 61%] Building C object CMakeFiles/xrf2_msgs__rosidl_typesupport_introspection_c.dir/rosidl_typesupport_introspection_c/xrf2_msgs/msg/detail/xeno2_ros__type_support.c.o
[32.419s] [ 61%] Building C object CMakeFiles/xrf2_msgs__rosidl_typesupport_introspection_c.dir/rosidl_typesupport_introspection_c/xrf2_msgs/msg/detail/ros2_xeno__type_support.c.o
[32.429s] [ 64%] Linking CXX shared library libxrf2_msgs__rosidl_typesupport_c.so
[32.525s] [ 66%] Linking C shared library libxrf2_msgs__rosidl_typesupport_introspection_c.so
[32.669s] [ 69%] Linking CXX shared library libxrf2_msgs__rosidl_typesupport_introspection_cpp.so
[32.828s] [ 71%] Linking CXX shared library libxrf2_msgs__rosidl_typesupport_fastrtps_cpp.so
[32.923s] [ 71%] Built target xrf2_msgs__rosidl_typesupport_cpp
[32.960s] [ 71%] Built target xrf2_msgs__rosidl_typesupport_c
[33.056s] [ 71%] Built target xrf2_msgs__rosidl_typesupport_introspection_c
[33.091s] [ 71%] Built target xrf2_msgs__rosidl_typesupport_introspection_cpp
[33.335s] [ 74%] Linking CXX shared library libxrf2_msgs__rosidl_typesupport_fastrtps_c.so
[33.415s] [ 74%] Built target xrf2_msgs__rosidl_typesupport_fastrtps_cpp
[34.060s] [ 74%] Built target xrf2_msgs__rosidl_typesupport_fastrtps_c
[34.121s] [ 74%] Built target xrf2_msgs
[34.180s] [ 76%] Generating Python code for ROS interfaces
[35.014s] [ 76%] Built target xrf2_msgs__py
[35.070s] [ 79%] Building C object CMakeFiles/xrf2_msgs__rosidl_generator_py.dir/rosidl_generator_py/xrf2_msgs/msg/_ros2_xeno_s.c.o
[35.071s] [ 82%] Building C object CMakeFiles/xrf2_msgs__rosidl_generator_py.dir/rosidl_generator_py/xrf2_msgs/msg/_xeno2_ros_s.c.o
[35.382s] [ 84%] Linking C shared library rosidl_generator_py/xrf2_msgs/libxrf2_msgs__rosidl_generator_py.so
[35.919s] [ 84%] Built target xrf2_msgs__rosidl_generator_py
[35.975s] [ 92%] Building C object CMakeFiles/xrf2_msgs__rosidl_typesupport_c__pyext.dir/rosidl_generator_py/xrf2_msgs/_xrf2_msgs_s.ep.rosidl_typesupport_c.c.o
[35.975s] [ 92%] Building C object CMakeFiles/xrf2_msgs__rosidl_typesupport_fastrtps_c__pyext.dir/rosidl_generator_py/xrf2_msgs/_xrf2_msgs_s.ep.rosidl_typesupport_fastrtps_c.c.o
[35.975s] [ 92%] Building C object CMakeFiles/xrf2_msgs__rosidl_typesupport_introspection_c__pyext.dir/rosidl_generator_py/xrf2_msgs/_xrf2_msgs_s.ep.rosidl_typesupport_introspection_c.c.o
[36.227s] [ 94%] Linking C shared library rosidl_generator_py/xrf2_msgs/xrf2_msgs_s__rosidl_typesupport_c.cpython-310-x86_64-linux-gnu.so
[36.238s] [100%] Linking C shared library rosidl_generator_py/xrf2_msgs/xrf2_msgs_s__rosidl_typesupport_introspection_c.cpython-310-x86_64-linux-gnu.so
[36.238s] [100%] Linking C shared library rosidl_generator_py/xrf2_msgs/xrf2_msgs_s__rosidl_typesupport_fastrtps_c.cpython-310-x86_64-linux-gnu.so
[36.629s] [100%] Built target xrf2_msgs__rosidl_typesupport_fastrtps_c__pyext
[36.639s] [100%] Built target xrf2_msgs__rosidl_typesupport_c__pyext
[36.797s] [100%] Built target xrf2_msgs__rosidl_typesupport_introspection_c__pyext
[60.037s] Invoked command in '/home/jordan/SDfR/assignment6/build/xrf2_msgs' returned '0': CMAKE_PREFIX_PATH=/opt/ros/humble /usr/bin/cmake --build /home/jordan/SDfR/assignment6/build/xrf2_msgs -- -j16 -l16
[60.068s] Invoking command in '/home/jordan/SDfR/assignment6/build/xrf2_msgs': CMAKE_PREFIX_PATH=/opt/ros/humble /usr/bin/cmake --install /home/jordan/SDfR/assignment6/build/xrf2_msgs
[60.088s] -- Install configuration: ""
[60.095s] -- Installing: /home/jordan/SDfR/assignment6/install/xrf2_msgs/share/ament_index/resource_index/rosidl_interfaces/xrf2_msgs
[60.095s] -- Installing: /home/jordan/SDfR/assignment6/install/xrf2_msgs/include/xrf2_msgs/xrf2_msgs
[60.099s] -- Installing: /home/jordan/SDfR/assignment6/install/xrf2_msgs/include/xrf2_msgs/xrf2_msgs/msg
[60.100s] -- Installing: /home/jordan/SDfR/assignment6/install/xrf2_msgs/include/xrf2_msgs/xrf2_msgs/msg/rosidl_generator_c__visibility_control.h
[60.101s] -- Installing: /home/jordan/SDfR/assignment6/install/xrf2_msgs/include/xrf2_msgs/xrf2_msgs/msg/detail
[60.102s] -- Installing: /home/jordan/SDfR/assignment6/install/xrf2_msgs/include/xrf2_msgs/xrf2_msgs/msg/detail/ros2_xeno__type_support.h
[60.103s] -- Installing: /home/jordan/SDfR/assignment6/install/xrf2_msgs/include/xrf2_msgs/xrf2_msgs/msg/detail/xeno2_ros__functions.h
[60.104s] -- Installing: /home/jordan/SDfR/assignment6/install/xrf2_msgs/include/xrf2_msgs/xrf2_msgs/msg/detail/ros2_xeno__struct.h
[60.104s] -- Installing: /home/jordan/SDfR/assignment6/install/xrf2_msgs/include/xrf2_msgs/xrf2_msgs/msg/detail/xeno2_ros__functions.c
[60.105s] -- Installing: /home/jordan/SDfR/assignment6/install/xrf2_msgs/include/xrf2_msgs/xrf2_msgs/msg/detail/ros2_xeno__functions.c
[60.106s] -- Installing: /home/jordan/SDfR/assignment6/install/xrf2_msgs/include/xrf2_msgs/xrf2_msgs/msg/detail/xeno2_ros__type_support.h
[60.107s] -- Installing: /home/jordan/SDfR/assignment6/install/xrf2_msgs/include/xrf2_msgs/xrf2_msgs/msg/detail/xeno2_ros__struct.h
[60.108s] -- Installing: /home/jordan/SDfR/assignment6/install/xrf2_msgs/include/xrf2_msgs/xrf2_msgs/msg/detail/ros2_xeno__functions.h
[60.109s] -- Installing: /home/jordan/SDfR/assignment6/install/xrf2_msgs/include/xrf2_msgs/xrf2_msgs/msg/ros2_xeno.h
[60.109s] -- Installing: /home/jordan/SDfR/assignment6/install/xrf2_msgs/include/xrf2_msgs/xrf2_msgs/msg/xeno2_ros.h
[60.112s] -- Installing: /home/jordan/SDfR/assignment6/install/xrf2_msgs/share/xrf2_msgs/environment/library_path.sh
[60.113s] -- Installing: /home/jordan/SDfR/assignment6/install/xrf2_msgs/share/xrf2_msgs/environment/library_path.dsv
[60.114s] -- Installing: /home/jordan/SDfR/assignment6/install/xrf2_msgs/lib/libxrf2_msgs__rosidl_generator_c.so
[60.116s] -- Set runtime path of "/home/jordan/SDfR/assignment6/install/xrf2_msgs/lib/libxrf2_msgs__rosidl_generator_c.so" to ""
[60.117s] -- Up-to-date: /home/jordan/SDfR/assignment6/install/xrf2_msgs/include/xrf2_msgs/xrf2_msgs
[60.118s] -- Up-to-date: /home/jordan/SDfR/assignment6/install/xrf2_msgs/include/xrf2_msgs/xrf2_msgs/msg
[60.118s] -- Up-to-date: /home/jordan/SDfR/assignment6/install/xrf2_msgs/include/xrf2_msgs/xrf2_msgs/msg/detail
[60.118s] -- Installing: /home/jordan/SDfR/assignment6/install/xrf2_msgs/include/xrf2_msgs/xrf2_msgs/msg/detail/ros2_xeno__rosidl_typesupport_fastrtps_c.h
[60.119s] -- Installing: /home/jordan/SDfR/assignment6/install/xrf2_msgs/include/xrf2_msgs/xrf2_msgs/msg/detail/xeno2_ros__rosidl_typesupport_fastrtps_c.h
[60.119s] -- Installing: /home/jordan/SDfR/assignment6/install/xrf2_msgs/include/xrf2_msgs/xrf2_msgs/msg/rosidl_typesupport_fastrtps_c__visibility_control.h
[60.119s] -- Installing: /home/jordan/SDfR/assignment6/install/xrf2_msgs/lib/libxrf2_msgs__rosidl_typesupport_fastrtps_c.so
[60.120s] -- Set runtime path of "/home/jordan/SDfR/assignment6/install/xrf2_msgs/lib/libxrf2_msgs__rosidl_typesupport_fastrtps_c.so" to ""
[60.121s] -- Up-to-date: /home/jordan/SDfR/assignment6/install/xrf2_msgs/include/xrf2_msgs/xrf2_msgs
[60.121s] -- Up-to-date: /home/jordan/SDfR/assignment6/install/xrf2_msgs/include/xrf2_msgs/xrf2_msgs/msg
[60.122s] -- Installing: /home/jordan/SDfR/assignment6/install/xrf2_msgs/include/xrf2_msgs/xrf2_msgs/msg/rosidl_typesupport_introspection_c__visibility_control.h
[60.123s] -- Up-to-date: /home/jordan/SDfR/assignment6/install/xrf2_msgs/include/xrf2_msgs/xrf2_msgs/msg/detail
[60.123s] -- Installing: /home/jordan/SDfR/assignment6/install/xrf2_msgs/include/xrf2_msgs/xrf2_msgs/msg/detail/ros2_xeno__rosidl_typesupport_introspection_c.h
[60.123s] -- Installing: /home/jordan/SDfR/assignment6/install/xrf2_msgs/include/xrf2_msgs/xrf2_msgs/msg/detail/ros2_xeno__type_support.c
[60.124s] -- Installing: /home/jordan/SDfR/assignment6/install/xrf2_msgs/include/xrf2_msgs/xrf2_msgs/msg/detail/xeno2_ros__type_support.c
[60.125s] -- Installing: /home/jordan/SDfR/assignment6/install/xrf2_msgs/include/xrf2_msgs/xrf2_msgs/msg/detail/xeno2_ros__rosidl_typesupport_introspection_c.h
[60.126s] -- Installing: /home/jordan/SDfR/assignment6/install/xrf2_msgs/lib/libxrf2_msgs__rosidl_typesupport_introspection_c.so
[60.128s] -- Set runtime path of "/home/jordan/SDfR/assignment6/install/xrf2_msgs/lib/libxrf2_msgs__rosidl_typesupport_introspection_c.so" to ""
[60.128s] -- Installing: /home/jordan/SDfR/assignment6/install/xrf2_msgs/lib/libxrf2_msgs__rosidl_typesupport_c.so
[60.130s] -- Set runtime path of "/home/jordan/SDfR/assignment6/install/xrf2_msgs/lib/libxrf2_msgs__rosidl_typesupport_c.so" to ""
[60.130s] -- Up-to-date: /home/jordan/SDfR/assignment6/install/xrf2_msgs/include/xrf2_msgs/xrf2_msgs
[60.130s] -- Up-to-date: /home/jordan/SDfR/assignment6/install/xrf2_msgs/include/xrf2_msgs/xrf2_msgs/msg
[60.130s] -- Installing: /home/jordan/SDfR/assignment6/install/xrf2_msgs/include/xrf2_msgs/xrf2_msgs/msg/rosidl_generator_cpp__visibility_control.hpp
[60.132s] -- Installing: /home/jordan/SDfR/assignment6/install/xrf2_msgs/include/xrf2_msgs/xrf2_msgs/msg/ros2_xeno.hpp
[60.133s] -- Up-to-date: /home/jordan/SDfR/assignment6/install/xrf2_msgs/include/xrf2_msgs/xrf2_msgs/msg/detail
[60.134s] -- Installing: /home/jordan/SDfR/assignment6/install/xrf2_msgs/include/xrf2_msgs/xrf2_msgs/msg/detail/ros2_xeno__struct.hpp
[60.134s] -- Installing: /home/jordan/SDfR/assignment6/install/xrf2_msgs/include/xrf2_msgs/xrf2_msgs/msg/detail/ros2_xeno__traits.hpp
[60.134s] -- Installing: /home/jordan/SDfR/assignment6/install/xrf2_msgs/include/xrf2_msgs/xrf2_msgs/msg/detail/xeno2_ros__traits.hpp
[60.134s] -- Installing: /home/jordan/SDfR/assignment6/install/xrf2_msgs/include/xrf2_msgs/xrf2_msgs/msg/detail/xeno2_ros__builder.hpp
[60.135s] -- Installing: /home/jordan/SDfR/assignment6/install/xrf2_msgs/include/xrf2_msgs/xrf2_msgs/msg/detail/ros2_xeno__type_support.hpp
[60.136s] -- Installing: /home/jordan/SDfR/assignment6/install/xrf2_msgs/include/xrf2_msgs/xrf2_msgs/msg/detail/ros2_xeno__builder.hpp
[60.136s] -- Installing: /home/jordan/SDfR/assignment6/install/xrf2_msgs/include/xrf2_msgs/xrf2_msgs/msg/detail/xeno2_ros__struct.hpp
[60.136s] -- Installing: /home/jordan/SDfR/assignment6/install/xrf2_msgs/include/xrf2_msgs/xrf2_msgs/msg/detail/xeno2_ros__type_support.hpp
[60.137s] -- Installing: /home/jordan/SDfR/assignment6/install/xrf2_msgs/include/xrf2_msgs/xrf2_msgs/msg/xeno2_ros.hpp
[60.137s] -- Up-to-date: /home/jordan/SDfR/assignment6/install/xrf2_msgs/include/xrf2_msgs/xrf2_msgs
[60.138s] -- Up-to-date: /home/jordan/SDfR/assignment6/install/xrf2_msgs/include/xrf2_msgs/xrf2_msgs/msg
[60.138s] -- Up-to-date: /home/jordan/SDfR/assignment6/install/xrf2_msgs/include/xrf2_msgs/xrf2_msgs/msg/detail
[60.138s] -- Installing: /home/jordan/SDfR/assignment6/install/xrf2_msgs/include/xrf2_msgs/xrf2_msgs/msg/detail/ros2_xeno__rosidl_typesupport_fastrtps_cpp.hpp
[60.139s] -- Installing: /home/jordan/SDfR/assignment6/install/xrf2_msgs/include/xrf2_msgs/xrf2_msgs/msg/detail/xeno2_ros__rosidl_typesupport_fastrtps_cpp.hpp
[60.139s] -- Installing: /home/jordan/SDfR/assignment6/install/xrf2_msgs/include/xrf2_msgs/xrf2_msgs/msg/detail/dds_fastrtps
[60.141s] -- Installing: /home/jordan/SDfR/assignment6/install/xrf2_msgs/include/xrf2_msgs/xrf2_msgs/msg/rosidl_typesupport_fastrtps_cpp__visibility_control.h
[60.142s] -- Installing: /home/jordan/SDfR/assignment6/install/xrf2_msgs/lib/libxrf2_msgs__rosidl_typesupport_fastrtps_cpp.so
[60.144s] -- Set runtime path of "/home/jordan/SDfR/assignment6/install/xrf2_msgs/lib/libxrf2_msgs__rosidl_typesupport_fastrtps_cpp.so" to ""
[60.145s] -- Up-to-date: /home/jordan/SDfR/assignment6/install/xrf2_msgs/include/xrf2_msgs/xrf2_msgs
[60.145s] -- Up-to-date: /home/jordan/SDfR/assignment6/install/xrf2_msgs/include/xrf2_msgs/xrf2_msgs/msg
[60.146s] -- Up-to-date: /home/jordan/SDfR/assignment6/install/xrf2_msgs/include/xrf2_msgs/xrf2_msgs/msg/detail
[60.146s] -- Installing: /home/jordan/SDfR/assignment6/install/xrf2_msgs/include/xrf2_msgs/xrf2_msgs/msg/detail/xeno2_ros__type_support.cpp
[60.147s] -- Installing: /home/jordan/SDfR/assignment6/install/xrf2_msgs/include/xrf2_msgs/xrf2_msgs/msg/detail/ros2_xeno__rosidl_typesupport_introspection_cpp.hpp
[60.147s] -- Installing: /home/jordan/SDfR/assignment6/install/xrf2_msgs/include/xrf2_msgs/xrf2_msgs/msg/detail/ros2_xeno__type_support.cpp
[60.148s] -- Installing: /home/jordan/SDfR/assignment6/install/xrf2_msgs/include/xrf2_msgs/xrf2_msgs/msg/detail/xeno2_ros__rosidl_typesupport_introspection_cpp.hpp
[60.148s] -- Installing: /home/jordan/SDfR/assignment6/install/xrf2_msgs/lib/libxrf2_msgs__rosidl_typesupport_introspection_cpp.so
[60.149s] -- Set runtime path of "/home/jordan/SDfR/assignment6/install/xrf2_msgs/lib/libxrf2_msgs__rosidl_typesupport_introspection_cpp.so" to ""
[60.150s] -- Installing: /home/jordan/SDfR/assignment6/install/xrf2_msgs/lib/libxrf2_msgs__rosidl_typesupport_cpp.so
[60.151s] -- Set runtime path of "/home/jordan/SDfR/assignment6/install/xrf2_msgs/lib/libxrf2_msgs__rosidl_typesupport_cpp.so" to ""
[60.152s] -- Installing: /home/jordan/SDfR/assignment6/install/xrf2_msgs/share/xrf2_msgs/environment/pythonpath.sh
[60.152s] -- Installing: /home/jordan/SDfR/assignment6/install/xrf2_msgs/share/xrf2_msgs/environment/pythonpath.dsv
[60.153s] -- Installing: /home/jordan/SDfR/assignment6/install/xrf2_msgs/local/lib/python3.10/dist-packages/xrf2_msgs-0.0.0-py3.10.egg-info
[60.159s] -- Installing: /home/jordan/SDfR/assignment6/install/xrf2_msgs/local/lib/python3.10/dist-packages/xrf2_msgs-0.0.0-py3.10.egg-info/top_level.txt
[60.159s] -- Installing: /home/jordan/SDfR/assignment6/install/xrf2_msgs/local/lib/python3.10/dist-packages/xrf2_msgs-0.0.0-py3.10.egg-info/SOURCES.txt
[60.160s] -- Installing: /home/jordan/SDfR/assignment6/install/xrf2_msgs/local/lib/python3.10/dist-packages/xrf2_msgs-0.0.0-py3.10.egg-info/PKG-INFO
[60.161s] -- Installing: /home/jordan/SDfR/assignment6/install/xrf2_msgs/local/lib/python3.10/dist-packages/xrf2_msgs-0.0.0-py3.10.egg-info/dependency_links.txt
[60.161s] -- Installing: /home/jordan/SDfR/assignment6/install/xrf2_msgs/local/lib/python3.10/dist-packages/xrf2_msgs
[60.163s] -- Installing: /home/jordan/SDfR/assignment6/install/xrf2_msgs/local/lib/python3.10/dist-packages/xrf2_msgs/xrf2_msgs_s__rosidl_typesupport_introspection_c.cpython-310-x86_64-linux-gnu.so
[60.164s] -- Installing: /home/jordan/SDfR/assignment6/install/xrf2_msgs/local/lib/python3.10/dist-packages/xrf2_msgs/msg
[60.165s] -- Installing: /home/jordan/SDfR/assignment6/install/xrf2_msgs/local/lib/python3.10/dist-packages/xrf2_msgs/msg/_ros2_xeno_s.c
[60.166s] -- Installing: /home/jordan/SDfR/assignment6/install/xrf2_msgs/local/lib/python3.10/dist-packages/xrf2_msgs/msg/_xeno2_ros_s.c
[60.167s] -- Installing: /home/jordan/SDfR/assignment6/install/xrf2_msgs/local/lib/python3.10/dist-packages/xrf2_msgs/msg/__init__.py
[60.167s] -- Installing: /home/jordan/SDfR/assignment6/install/xrf2_msgs/local/lib/python3.10/dist-packages/xrf2_msgs/msg/_xeno2_ros.py
[60.168s] -- Installing: /home/jordan/SDfR/assignment6/install/xrf2_msgs/local/lib/python3.10/dist-packages/xrf2_msgs/msg/_ros2_xeno.py
[60.169s] -- Installing: /home/jordan/SDfR/assignment6/install/xrf2_msgs/local/lib/python3.10/dist-packages/xrf2_msgs/xrf2_msgs_s__rosidl_typesupport_c.cpython-310-x86_64-linux-gnu.so
[60.170s] -- Installing: /home/jordan/SDfR/assignment6/install/xrf2_msgs/local/lib/python3.10/dist-packages/xrf2_msgs/libxrf2_msgs__rosidl_generator_py.so
[60.171s] -- Installing: /home/jordan/SDfR/assignment6/install/xrf2_msgs/local/lib/python3.10/dist-packages/xrf2_msgs/xrf2_msgs_s__rosidl_typesupport_fastrtps_c.cpython-310-x86_64-linux-gnu.so
[60.171s] -- Installing: /home/jordan/SDfR/assignment6/install/xrf2_msgs/local/lib/python3.10/dist-packages/xrf2_msgs/_xrf2_msgs_s.ep.rosidl_typesupport_introspection_c.c
[60.172s] -- Installing: /home/jordan/SDfR/assignment6/install/xrf2_msgs/local/lib/python3.10/dist-packages/xrf2_msgs/_xrf2_msgs_s.ep.rosidl_typesupport_c.c
[60.173s] -- Installing: /home/jordan/SDfR/assignment6/install/xrf2_msgs/local/lib/python3.10/dist-packages/xrf2_msgs/__init__.py
[60.173s] -- Installing: /home/jordan/SDfR/assignment6/install/xrf2_msgs/local/lib/python3.10/dist-packages/xrf2_msgs/_xrf2_msgs_s.ep.rosidl_typesupport_fastrtps_c.c
[60.290s] Listing '/home/jordan/SDfR/assignment6/install/xrf2_msgs/local/lib/python3.10/dist-packages/xrf2_msgs'...
[60.291s] Compiling '/home/jordan/SDfR/assignment6/install/xrf2_msgs/local/lib/python3.10/dist-packages/xrf2_msgs/__init__.py'...
[60.291s] Listing '/home/jordan/SDfR/assignment6/install/xrf2_msgs/local/lib/python3.10/dist-packages/xrf2_msgs/msg'...
[60.291s] Compiling '/home/jordan/SDfR/assignment6/install/xrf2_msgs/local/lib/python3.10/dist-packages/xrf2_msgs/msg/__init__.py'...
[60.291s] Compiling '/home/jordan/SDfR/assignment6/install/xrf2_msgs/local/lib/python3.10/dist-packages/xrf2_msgs/msg/_ros2_xeno.py'...
[60.292s] Compiling '/home/jordan/SDfR/assignment6/install/xrf2_msgs/local/lib/python3.10/dist-packages/xrf2_msgs/msg/_xeno2_ros.py'...
[60.304s] -- Installing: /home/jordan/SDfR/assignment6/install/xrf2_msgs/local/lib/python3.10/dist-packages/xrf2_msgs/xrf2_msgs_s__rosidl_typesupport_fastrtps_c.cpython-310-x86_64-linux-gnu.so
[60.306s] -- Set runtime path of "/home/jordan/SDfR/assignment6/install/xrf2_msgs/local/lib/python3.10/dist-packages/xrf2_msgs/xrf2_msgs_s__rosidl_typesupport_fastrtps_c.cpython-310-x86_64-linux-gnu.so" to ""
[60.306s] -- Installing: /home/jordan/SDfR/assignment6/install/xrf2_msgs/local/lib/python3.10/dist-packages/xrf2_msgs/xrf2_msgs_s__rosidl_typesupport_introspection_c.cpython-310-x86_64-linux-gnu.so
[60.308s] -- Set runtime path of "/home/jordan/SDfR/assignment6/install/xrf2_msgs/local/lib/python3.10/dist-packages/xrf2_msgs/xrf2_msgs_s__rosidl_typesupport_introspection_c.cpython-310-x86_64-linux-gnu.so" to ""
[60.309s] -- Installing: /home/jordan/SDfR/assignment6/install/xrf2_msgs/local/lib/python3.10/dist-packages/xrf2_msgs/xrf2_msgs_s__rosidl_typesupport_c.cpython-310-x86_64-linux-gnu.so
[60.310s] -- Set runtime path of "/home/jordan/SDfR/assignment6/install/xrf2_msgs/local/lib/python3.10/dist-packages/xrf2_msgs/xrf2_msgs_s__rosidl_typesupport_c.cpython-310-x86_64-linux-gnu.so" to ""
[60.310s] -- Installing: /home/jordan/SDfR/assignment6/install/xrf2_msgs/lib/libxrf2_msgs__rosidl_generator_py.so
[60.311s] -- Set runtime path of "/home/jordan/SDfR/assignment6/install/xrf2_msgs/lib/libxrf2_msgs__rosidl_generator_py.so" to ""
[60.313s] -- Installing: /home/jordan/SDfR/assignment6/install/xrf2_msgs/share/xrf2_msgs/msg/Ros2Xeno.idl
[60.314s] -- Installing: /home/jordan/SDfR/assignment6/install/xrf2_msgs/share/xrf2_msgs/msg/Xeno2Ros.idl
[60.314s] -- Installing: /home/jordan/SDfR/assignment6/install/xrf2_msgs/share/xrf2_msgs/msg/Ros2Xeno.msg
[60.315s] -- Installing: /home/jordan/SDfR/assignment6/install/xrf2_msgs/share/xrf2_msgs/msg/Xeno2Ros.msg
[60.317s] -- Installing: /home/jordan/SDfR/assignment6/install/xrf2_msgs/share/ament_index/resource_index/package_run_dependencies/xrf2_msgs
[60.318s] -- Installing: /home/jordan/SDfR/assignment6/install/xrf2_msgs/share/ament_index/resource_index/parent_prefix_path/xrf2_msgs
[60.319s] -- Installing: /home/jordan/SDfR/assignment6/install/xrf2_msgs/share/xrf2_msgs/environment/ament_prefix_path.sh
[60.320s] -- Installing: /home/jordan/SDfR/assignment6/install/xrf2_msgs/share/xrf2_msgs/environment/ament_prefix_path.dsv
[60.320s] -- Installing: /home/jordan/SDfR/assignment6/install/xrf2_msgs/share/xrf2_msgs/environment/path.sh
[60.321s] -- Installing: /home/jordan/SDfR/assignment6/install/xrf2_msgs/share/xrf2_msgs/environment/path.dsv
[60.322s] -- Installing: /home/jordan/SDfR/assignment6/install/xrf2_msgs/share/xrf2_msgs/local_setup.bash
[60.322s] -- Installing: /home/jordan/SDfR/assignment6/install/xrf2_msgs/share/xrf2_msgs/local_setup.sh
[60.323s] -- Installing: /home/jordan/SDfR/assignment6/install/xrf2_msgs/share/xrf2_msgs/local_setup.zsh
[60.323s] -- Installing: /home/jordan/SDfR/assignment6/install/xrf2_msgs/share/xrf2_msgs/local_setup.dsv
[60.324s] -- Installing: /home/jordan/SDfR/assignment6/install/xrf2_msgs/share/xrf2_msgs/package.dsv
[60.326s] -- Installing: /home/jordan/SDfR/assignment6/install/xrf2_msgs/share/ament_index/resource_index/packages/xrf2_msgs
[60.328s] -- Installing: /home/jordan/SDfR/assignment6/install/xrf2_msgs/share/xrf2_msgs/cmake/export_xrf2_msgs__rosidl_generator_cExport.cmake
[60.329s] -- Installing: /home/jordan/SDfR/assignment6/install/xrf2_msgs/share/xrf2_msgs/cmake/export_xrf2_msgs__rosidl_generator_cExport-noconfig.cmake
[60.329s] -- Installing: /home/jordan/SDfR/assignment6/install/xrf2_msgs/share/xrf2_msgs/cmake/export_xrf2_msgs__rosidl_typesupport_fastrtps_cExport.cmake
[60.330s] -- Installing: /home/jordan/SDfR/assignment6/install/xrf2_msgs/share/xrf2_msgs/cmake/export_xrf2_msgs__rosidl_typesupport_fastrtps_cExport-noconfig.cmake
[60.331s] -- Installing: /home/jordan/SDfR/assignment6/install/xrf2_msgs/share/xrf2_msgs/cmake/xrf2_msgs__rosidl_typesupport_introspection_cExport.cmake
[60.331s] -- Installing: /home/jordan/SDfR/assignment6/install/xrf2_msgs/share/xrf2_msgs/cmake/xrf2_msgs__rosidl_typesupport_introspection_cExport-noconfig.cmake
[60.332s] -- Installing: /home/jordan/SDfR/assignment6/install/xrf2_msgs/share/xrf2_msgs/cmake/xrf2_msgs__rosidl_typesupport_cExport.cmake
[60.333s] -- Installing: /home/jordan/SDfR/assignment6/install/xrf2_msgs/share/xrf2_msgs/cmake/xrf2_msgs__rosidl_typesupport_cExport-noconfig.cmake
[60.334s] -- Installing: /home/jordan/SDfR/assignment6/install/xrf2_msgs/share/xrf2_msgs/cmake/export_xrf2_msgs__rosidl_generator_cppExport.cmake
[60.335s] -- Installing: /home/jordan/SDfR/assignment6/install/xrf2_msgs/share/xrf2_msgs/cmake/export_xrf2_msgs__rosidl_typesupport_fastrtps_cppExport.cmake
[60.336s] -- Installing: /home/jordan/SDfR/assignment6/install/xrf2_msgs/share/xrf2_msgs/cmake/export_xrf2_msgs__rosidl_typesupport_fastrtps_cppExport-noconfig.cmake
[60.336s] -- Installing: /home/jordan/SDfR/assignment6/install/xrf2_msgs/share/xrf2_msgs/cmake/xrf2_msgs__rosidl_typesupport_introspection_cppExport.cmake
[60.337s] -- Installing: /home/jordan/SDfR/assignment6/install/xrf2_msgs/share/xrf2_msgs/cmake/xrf2_msgs__rosidl_typesupport_introspection_cppExport-noconfig.cmake
[60.338s] -- Installing: /home/jordan/SDfR/assignment6/install/xrf2_msgs/share/xrf2_msgs/cmake/xrf2_msgs__rosidl_typesupport_cppExport.cmake
[60.339s] -- Installing: /home/jordan/SDfR/assignment6/install/xrf2_msgs/share/xrf2_msgs/cmake/xrf2_msgs__rosidl_typesupport_cppExport-noconfig.cmake
[60.340s] -- Installing: /home/jordan/SDfR/assignment6/install/xrf2_msgs/share/xrf2_msgs/cmake/export_xrf2_msgs__rosidl_generator_pyExport.cmake
[60.341s] -- Installing: /home/jordan/SDfR/assignment6/install/xrf2_msgs/share/xrf2_msgs/cmake/export_xrf2_msgs__rosidl_generator_pyExport-noconfig.cmake
[60.342s] -- Installing: /home/jordan/SDfR/assignment6/install/xrf2_msgs/share/xrf2_msgs/cmake/rosidl_cmake-extras.cmake
[60.343s] -- Installing: /home/jordan/SDfR/assignment6/install/xrf2_msgs/share/xrf2_msgs/cmake/ament_cmake_export_include_directories-extras.cmake
[60.343s] -- Installing: /home/jordan/SDfR/assignment6/install/xrf2_msgs/share/xrf2_msgs/cmake/ament_cmake_export_libraries-extras.cmake
[60.344s] -- Installing: /home/jordan/SDfR/assignment6/install/xrf2_msgs/share/xrf2_msgs/cmake/ament_cmake_export_targets-extras.cmake
[60.345s] -- Installing: /home/jordan/SDfR/assignment6/install/xrf2_msgs/share/xrf2_msgs/cmake/rosidl_cmake_export_typesupport_targets-extras.cmake
[60.346s] -- Installing: /home/jordan/SDfR/assignment6/install/xrf2_msgs/share/xrf2_msgs/cmake/ament_cmake_export_dependencies-extras.cmake
[60.347s] -- Installing: /home/jordan/SDfR/assignment6/install/xrf2_msgs/share/xrf2_msgs/cmake/rosidl_cmake_export_typesupport_libraries-extras.cmake
[60.348s] -- Installing: /home/jordan/SDfR/assignment6/install/xrf2_msgs/share/xrf2_msgs/cmake/xrf2_msgsConfig.cmake
[60.349s] -- Installing: /home/jordan/SDfR/assignment6/install/xrf2_msgs/share/xrf2_msgs/cmake/xrf2_msgsConfig-version.cmake
[60.349s] -- Installing: /home/jordan/SDfR/assignment6/install/xrf2_msgs/share/xrf2_msgs/package.xml
[90.068s] Invoked command in '/home/jordan/SDfR/assignment6/build/xrf2_msgs' returned '0': CMAKE_PREFIX_PATH=/opt/ros/humble /usr/bin/cmake --install /home/jordan/SDfR/assignment6/build/xrf2_msgs
