[0.084s] Invoking command in '/home/sdfr-ppd-01/SDfR/assignment6/build/xrf2_msgs': CMAKE_PREFIX_PATH=${CMAKE_PREFIX_PATH}:/opt/ros/humble /usr/bin/cmake --build /home/sdfr-ppd-01/SDfR/assignment6/build/xrf2_msgs -- -j3 -l3
[0.315s] [ 10%] Built target xrf2_msgs__rosidl_generator_c
[0.408s] [ 12%] Built target xrf2_msgs__cpp
[0.460s] [ 23%] Built target xrf2_msgs__rosidl_typesupport_c
[0.472s] [ 23%] Built target ament_cmake_python_copy_xrf2_msgs
[0.545s] [ 33%] Built target xrf2_msgs__rosidl_typesupport_fastrtps_c
[0.644s] [ 43%] Built target xrf2_msgs__rosidl_typesupport_introspection_c
[0.653s] [ 53%] Built target xrf2_msgs__rosidl_typesupport_fastrtps_cpp
[0.786s] [ 64%] Built target xrf2_msgs__rosidl_typesupport_introspection_cpp
[0.908s] [ 74%] Built target xrf2_msgs__rosidl_typesupport_cpp
[0.918s] [ 74%] Built target xrf2_msgs
[0.953s] [ 76%] Built target xrf2_msgs__py
[1.028s] [ 84%] Built target xrf2_msgs__rosidl_generator_py
[1.142s] [ 89%] Built target xrf2_msgs__rosidl_typesupport_introspection_c__pyext
[1.161s] [ 94%] Built target xrf2_msgs__rosidl_typesupport_fastrtps_c__pyext
[1.231s] [100%] Built target xrf2_msgs__rosidl_typesupport_c__pyext
[2.384s] running egg_info
[2.387s] writing xrf2_msgs.egg-info/PKG-INFO
[2.389s] writing dependency_links to xrf2_msgs.egg-info/dependency_links.txt
[2.391s] writing top-level names to xrf2_msgs.egg-info/top_level.txt
[2.400s] reading manifest file 'xrf2_msgs.egg-info/SOURCES.txt'
[2.407s] writing manifest file 'xrf2_msgs.egg-info/SOURCES.txt'
[2.615s] [100%] Built target ament_cmake_python_build_xrf2_msgs_egg
[2.680s] Invoked command in '/home/sdfr-ppd-01/SDfR/assignment6/build/xrf2_msgs' returned '0': CMAKE_PREFIX_PATH=${CMAKE_PREFIX_PATH}:/opt/ros/humble /usr/bin/cmake --build /home/sdfr-ppd-01/SDfR/assignment6/build/xrf2_msgs -- -j3 -l3
[2.688s] Invoking command in '/home/sdfr-ppd-01/SDfR/assignment6/build/xrf2_msgs': CMAKE_PREFIX_PATH=${CMAKE_PREFIX_PATH}:/opt/ros/humble /usr/bin/cmake --install /home/sdfr-ppd-01/SDfR/assignment6/build/xrf2_msgs
[2.753s] -- Install configuration: ""
[2.756s] -- Up-to-date: /home/sdfr-ppd-01/SDfR/assignment6/install/xrf2_msgs/share/ament_index/resource_index/rosidl_interfaces/xrf2_msgs
[2.759s] -- Up-to-date: /home/sdfr-ppd-01/SDfR/assignment6/install/xrf2_msgs/include/xrf2_msgs/xrf2_msgs
[2.762s] -- Up-to-date: /home/sdfr-ppd-01/SDfR/assignment6/install/xrf2_msgs/include/xrf2_msgs/xrf2_msgs/msg
[2.764s] -- Up-to-date: /home/sdfr-ppd-01/SDfR/assignment6/install/xrf2_msgs/include/xrf2_msgs/xrf2_msgs/msg/rosidl_generator_c__visibility_control.h
[2.768s] -- Up-to-date: /home/sdfr-ppd-01/SDfR/assignment6/install/xrf2_msgs/include/xrf2_msgs/xrf2_msgs/msg/detail
[2.770s] -- Up-to-date: /home/sdfr-ppd-01/SDfR/assignment6/install/xrf2_msgs/include/xrf2_msgs/xrf2_msgs/msg/detail/ros2_xeno__functions.c
[2.773s] -- Up-to-date: /home/sdfr-ppd-01/SDfR/assignment6/install/xrf2_msgs/include/xrf2_msgs/xrf2_msgs/msg/detail/ros2_xeno__struct.h
[2.775s] -- Up-to-date: /home/sdfr-ppd-01/SDfR/assignment6/install/xrf2_msgs/include/xrf2_msgs/xrf2_msgs/msg/detail/ros2_xeno__functions.h
[2.777s] -- Up-to-date: /home/sdfr-ppd-01/SDfR/assignment6/install/xrf2_msgs/include/xrf2_msgs/xrf2_msgs/msg/detail/xeno2_ros__struct.h
[2.780s] -- Up-to-date: /home/sdfr-ppd-01/SDfR/assignment6/install/xrf2_msgs/include/xrf2_msgs/xrf2_msgs/msg/detail/xeno2_ros__functions.c
[2.782s] -- Up-to-date: /home/sdfr-ppd-01/SDfR/assignment6/install/xrf2_msgs/include/xrf2_msgs/xrf2_msgs/msg/detail/xeno2_ros__functions.h
[2.785s] -- Up-to-date: /home/sdfr-ppd-01/SDfR/assignment6/install/xrf2_msgs/include/xrf2_msgs/xrf2_msgs/msg/detail/ros2_xeno__type_support.h
[2.787s] -- Up-to-date: /home/sdfr-ppd-01/SDfR/assignment6/install/xrf2_msgs/include/xrf2_msgs/xrf2_msgs/msg/detail/xeno2_ros__type_support.h
[2.789s] -- Up-to-date: /home/sdfr-ppd-01/SDfR/assignment6/install/xrf2_msgs/include/xrf2_msgs/xrf2_msgs/msg/xeno2_ros.h
[2.792s] -- Up-to-date: /home/sdfr-ppd-01/SDfR/assignment6/install/xrf2_msgs/include/xrf2_msgs/xrf2_msgs/msg/ros2_xeno.h
[2.794s] -- Up-to-date: /home/sdfr-ppd-01/SDfR/assignment6/install/xrf2_msgs/share/xrf2_msgs/environment/library_path.sh
[2.796s] -- Up-to-date: /home/sdfr-ppd-01/SDfR/assignment6/install/xrf2_msgs/share/xrf2_msgs/environment/library_path.dsv
[2.802s] -- Up-to-date: /home/sdfr-ppd-01/SDfR/assignment6/install/xrf2_msgs/lib/libxrf2_msgs__rosidl_generator_c.so
[2.804s] -- Up-to-date: /home/sdfr-ppd-01/SDfR/assignment6/install/xrf2_msgs/include/xrf2_msgs/xrf2_msgs
[2.818s] -- Up-to-date: /home/sdfr-ppd-01/SDfR/assignment6/install/xrf2_msgs/include/xrf2_msgs/xrf2_msgs/msg
[2.821s] -- Up-to-date: /home/sdfr-ppd-01/SDfR/assignment6/install/xrf2_msgs/include/xrf2_msgs/xrf2_msgs/msg/detail
[2.823s] -- Up-to-date: /home/sdfr-ppd-01/SDfR/assignment6/install/xrf2_msgs/include/xrf2_msgs/xrf2_msgs/msg/detail/xeno2_ros__rosidl_typesupport_fastrtps_c.h
[2.825s] -- Up-to-date: /home/sdfr-ppd-01/SDfR/assignment6/install/xrf2_msgs/include/xrf2_msgs/xrf2_msgs/msg/detail/ros2_xeno__rosidl_typesupport_fastrtps_c.h
[2.828s] -- Up-to-date: /home/sdfr-ppd-01/SDfR/assignment6/install/xrf2_msgs/include/xrf2_msgs/xrf2_msgs/msg/rosidl_typesupport_fastrtps_c__visibility_control.h
[2.830s] -- Up-to-date: /home/sdfr-ppd-01/SDfR/assignment6/install/xrf2_msgs/lib/libxrf2_msgs__rosidl_typesupport_fastrtps_c.so
[2.832s] -- Up-to-date: /home/sdfr-ppd-01/SDfR/assignment6/install/xrf2_msgs/include/xrf2_msgs/xrf2_msgs
[2.846s] -- Up-to-date: /home/sdfr-ppd-01/SDfR/assignment6/install/xrf2_msgs/include/xrf2_msgs/xrf2_msgs/msg
[2.849s] -- Up-to-date: /home/sdfr-ppd-01/SDfR/assignment6/install/xrf2_msgs/include/xrf2_msgs/xrf2_msgs/msg/detail
[2.851s] -- Up-to-date: /home/sdfr-ppd-01/SDfR/assignment6/install/xrf2_msgs/include/xrf2_msgs/xrf2_msgs/msg/detail/ros2_xeno__type_support.c
[2.854s] -- Up-to-date: /home/sdfr-ppd-01/SDfR/assignment6/install/xrf2_msgs/include/xrf2_msgs/xrf2_msgs/msg/detail/xeno2_ros__type_support.c
[2.857s] -- Up-to-date: /home/sdfr-ppd-01/SDfR/assignment6/install/xrf2_msgs/include/xrf2_msgs/xrf2_msgs/msg/detail/xeno2_ros__rosidl_typesupport_introspection_c.h
[2.860s] -- Up-to-date: /home/sdfr-ppd-01/SDfR/assignment6/install/xrf2_msgs/include/xrf2_msgs/xrf2_msgs/msg/detail/ros2_xeno__rosidl_typesupport_introspection_c.h
[2.866s] -- Up-to-date: /home/sdfr-ppd-01/SDfR/assignment6/install/xrf2_msgs/include/xrf2_msgs/xrf2_msgs/msg/rosidl_typesupport_introspection_c__visibility_control.h
[2.879s] -- Up-to-date: /home/sdfr-ppd-01/SDfR/assignment6/install/xrf2_msgs/lib/libxrf2_msgs__rosidl_typesupport_introspection_c.so
[2.881s] -- Up-to-date: /home/sdfr-ppd-01/SDfR/assignment6/install/xrf2_msgs/lib/libxrf2_msgs__rosidl_typesupport_c.so
[2.883s] -- Up-to-date: /home/sdfr-ppd-01/SDfR/assignment6/install/xrf2_msgs/include/xrf2_msgs/xrf2_msgs
[2.885s] -- Up-to-date: /home/sdfr-ppd-01/SDfR/assignment6/install/xrf2_msgs/include/xrf2_msgs/xrf2_msgs/msg
[2.888s] -- Up-to-date: /home/sdfr-ppd-01/SDfR/assignment6/install/xrf2_msgs/include/xrf2_msgs/xrf2_msgs/msg/rosidl_generator_cpp__visibility_control.hpp
[2.890s] -- Up-to-date: /home/sdfr-ppd-01/SDfR/assignment6/install/xrf2_msgs/include/xrf2_msgs/xrf2_msgs/msg/xeno2_ros.hpp
[2.892s] -- Up-to-date: /home/sdfr-ppd-01/SDfR/assignment6/install/xrf2_msgs/include/xrf2_msgs/xrf2_msgs/msg/detail
[2.907s] -- Up-to-date: /home/sdfr-ppd-01/SDfR/assignment6/install/xrf2_msgs/include/xrf2_msgs/xrf2_msgs/msg/detail/ros2_xeno__builder.hpp
[2.910s] -- Up-to-date: /home/sdfr-ppd-01/SDfR/assignment6/install/xrf2_msgs/include/xrf2_msgs/xrf2_msgs/msg/detail/xeno2_ros__struct.hpp
[2.913s] -- Up-to-date: /home/sdfr-ppd-01/SDfR/assignment6/install/xrf2_msgs/include/xrf2_msgs/xrf2_msgs/msg/detail/ros2_xeno__traits.hpp
[2.916s] -- Up-to-date: /home/sdfr-ppd-01/SDfR/assignment6/install/xrf2_msgs/include/xrf2_msgs/xrf2_msgs/msg/detail/xeno2_ros__type_support.hpp
[2.918s] -- Up-to-date: /home/sdfr-ppd-01/SDfR/assignment6/install/xrf2_msgs/include/xrf2_msgs/xrf2_msgs/msg/detail/ros2_xeno__type_support.hpp
[2.920s] -- Up-to-date: /home/sdfr-ppd-01/SDfR/assignment6/install/xrf2_msgs/include/xrf2_msgs/xrf2_msgs/msg/detail/ros2_xeno__struct.hpp
[2.922s] -- Up-to-date: /home/sdfr-ppd-01/SDfR/assignment6/install/xrf2_msgs/include/xrf2_msgs/xrf2_msgs/msg/detail/xeno2_ros__builder.hpp
[2.934s] -- Up-to-date: /home/sdfr-ppd-01/SDfR/assignment6/install/xrf2_msgs/include/xrf2_msgs/xrf2_msgs/msg/detail/xeno2_ros__traits.hpp
[2.936s] -- Up-to-date: /home/sdfr-ppd-01/SDfR/assignment6/install/xrf2_msgs/include/xrf2_msgs/xrf2_msgs/msg/ros2_xeno.hpp
[2.938s] -- Up-to-date: /home/sdfr-ppd-01/SDfR/assignment6/install/xrf2_msgs/include/xrf2_msgs/xrf2_msgs
[2.940s] -- Up-to-date: /home/sdfr-ppd-01/SDfR/assignment6/install/xrf2_msgs/include/xrf2_msgs/xrf2_msgs/msg
[2.942s] -- Up-to-date: /home/sdfr-ppd-01/SDfR/assignment6/install/xrf2_msgs/include/xrf2_msgs/xrf2_msgs/msg/detail
[2.945s] -- Up-to-date: /home/sdfr-ppd-01/SDfR/assignment6/install/xrf2_msgs/include/xrf2_msgs/xrf2_msgs/msg/detail/ros2_xeno__rosidl_typesupport_fastrtps_cpp.hpp
[2.947s] -- Up-to-date: /home/sdfr-ppd-01/SDfR/assignment6/install/xrf2_msgs/include/xrf2_msgs/xrf2_msgs/msg/detail/xeno2_ros__rosidl_typesupport_fastrtps_cpp.hpp
[2.950s] -- Up-to-date: /home/sdfr-ppd-01/SDfR/assignment6/install/xrf2_msgs/include/xrf2_msgs/xrf2_msgs/msg/detail/dds_fastrtps
[2.952s] -- Up-to-date: /home/sdfr-ppd-01/SDfR/assignment6/install/xrf2_msgs/include/xrf2_msgs/xrf2_msgs/msg/rosidl_typesupport_fastrtps_cpp__visibility_control.h
[2.955s] -- Up-to-date: /home/sdfr-ppd-01/SDfR/assignment6/install/xrf2_msgs/lib/libxrf2_msgs__rosidl_typesupport_fastrtps_cpp.so
[2.958s] -- Up-to-date: /home/sdfr-ppd-01/SDfR/assignment6/install/xrf2_msgs/include/xrf2_msgs/xrf2_msgs
[2.963s] -- Up-to-date: /home/sdfr-ppd-01/SDfR/assignment6/install/xrf2_msgs/include/xrf2_msgs/xrf2_msgs/msg
[2.965s] -- Up-to-date: /home/sdfr-ppd-01/SDfR/assignment6/install/xrf2_msgs/include/xrf2_msgs/xrf2_msgs/msg/detail
[2.967s] -- Up-to-date: /home/sdfr-ppd-01/SDfR/assignment6/install/xrf2_msgs/include/xrf2_msgs/xrf2_msgs/msg/detail/xeno2_ros__type_support.cpp
[2.969s] -- Up-to-date: /home/sdfr-ppd-01/SDfR/assignment6/install/xrf2_msgs/include/xrf2_msgs/xrf2_msgs/msg/detail/xeno2_ros__rosidl_typesupport_introspection_cpp.hpp
[2.971s] -- Up-to-date: /home/sdfr-ppd-01/SDfR/assignment6/install/xrf2_msgs/include/xrf2_msgs/xrf2_msgs/msg/detail/ros2_xeno__type_support.cpp
[2.974s] -- Up-to-date: /home/sdfr-ppd-01/SDfR/assignment6/install/xrf2_msgs/include/xrf2_msgs/xrf2_msgs/msg/detail/ros2_xeno__rosidl_typesupport_introspection_cpp.hpp
[2.976s] -- Up-to-date: /home/sdfr-ppd-01/SDfR/assignment6/install/xrf2_msgs/lib/libxrf2_msgs__rosidl_typesupport_introspection_cpp.so
[2.979s] -- Up-to-date: /home/sdfr-ppd-01/SDfR/assignment6/install/xrf2_msgs/lib/libxrf2_msgs__rosidl_typesupport_cpp.so
[2.982s] -- Up-to-date: /home/sdfr-ppd-01/SDfR/assignment6/install/xrf2_msgs/share/xrf2_msgs/environment/pythonpath.sh
[2.984s] -- Up-to-date: /home/sdfr-ppd-01/SDfR/assignment6/install/xrf2_msgs/share/xrf2_msgs/environment/pythonpath.dsv
[2.987s] -- Up-to-date: /home/sdfr-ppd-01/SDfR/assignment6/install/xrf2_msgs/local/lib/python3.10/dist-packages/xrf2_msgs-0.0.0-py3.10.egg-info
[2.991s] -- Installing: /home/sdfr-ppd-01/SDfR/assignment6/install/xrf2_msgs/local/lib/python3.10/dist-packages/xrf2_msgs-0.0.0-py3.10.egg-info/SOURCES.txt
[2.993s] -- Installing: /home/sdfr-ppd-01/SDfR/assignment6/install/xrf2_msgs/local/lib/python3.10/dist-packages/xrf2_msgs-0.0.0-py3.10.egg-info/top_level.txt
[3.003s] -- Installing: /home/sdfr-ppd-01/SDfR/assignment6/install/xrf2_msgs/local/lib/python3.10/dist-packages/xrf2_msgs-0.0.0-py3.10.egg-info/dependency_links.txt
[3.005s] -- Installing: /home/sdfr-ppd-01/SDfR/assignment6/install/xrf2_msgs/local/lib/python3.10/dist-packages/xrf2_msgs-0.0.0-py3.10.egg-info/PKG-INFO
[3.007s] -- Up-to-date: /home/sdfr-ppd-01/SDfR/assignment6/install/xrf2_msgs/local/lib/python3.10/dist-packages/xrf2_msgs
[3.018s] -- Up-to-date: /home/sdfr-ppd-01/SDfR/assignment6/install/xrf2_msgs/local/lib/python3.10/dist-packages/xrf2_msgs/xrf2_msgs_s__rosidl_typesupport_c.cpython-310-aarch64-linux-gnu.so
[3.021s] -- Up-to-date: /home/sdfr-ppd-01/SDfR/assignment6/install/xrf2_msgs/local/lib/python3.10/dist-packages/xrf2_msgs/msg
[3.024s] -- Up-to-date: /home/sdfr-ppd-01/SDfR/assignment6/install/xrf2_msgs/local/lib/python3.10/dist-packages/xrf2_msgs/msg/_ros2_xeno.py
[3.026s] -- Up-to-date: /home/sdfr-ppd-01/SDfR/assignment6/install/xrf2_msgs/local/lib/python3.10/dist-packages/xrf2_msgs/msg/__init__.py
[3.028s] -- Up-to-date: /home/sdfr-ppd-01/SDfR/assignment6/install/xrf2_msgs/local/lib/python3.10/dist-packages/xrf2_msgs/msg/_xeno2_ros.py
[3.043s] -- Up-to-date: /home/sdfr-ppd-01/SDfR/assignment6/install/xrf2_msgs/local/lib/python3.10/dist-packages/xrf2_msgs/msg/_ros2_xeno_s.c
[3.047s] -- Up-to-date: /home/sdfr-ppd-01/SDfR/assignment6/install/xrf2_msgs/local/lib/python3.10/dist-packages/xrf2_msgs/msg/_xeno2_ros_s.c
[3.050s] -- Up-to-date: /home/sdfr-ppd-01/SDfR/assignment6/install/xrf2_msgs/local/lib/python3.10/dist-packages/xrf2_msgs/_xrf2_msgs_s.ep.rosidl_typesupport_introspection_c.c
[3.054s] -- Up-to-date: /home/sdfr-ppd-01/SDfR/assignment6/install/xrf2_msgs/local/lib/python3.10/dist-packages/xrf2_msgs/__init__.py
[3.057s] -- Up-to-date: /home/sdfr-ppd-01/SDfR/assignment6/install/xrf2_msgs/local/lib/python3.10/dist-packages/xrf2_msgs/libxrf2_msgs__rosidl_generator_py.so
[3.067s] -- Up-to-date: /home/sdfr-ppd-01/SDfR/assignment6/install/xrf2_msgs/local/lib/python3.10/dist-packages/xrf2_msgs/_xrf2_msgs_s.ep.rosidl_typesupport_c.c
[3.071s] -- Up-to-date: /home/sdfr-ppd-01/SDfR/assignment6/install/xrf2_msgs/local/lib/python3.10/dist-packages/xrf2_msgs/xrf2_msgs_s__rosidl_typesupport_introspection_c.cpython-310-aarch64-linux-gnu.so
[3.074s] -- Up-to-date: /home/sdfr-ppd-01/SDfR/assignment6/install/xrf2_msgs/local/lib/python3.10/dist-packages/xrf2_msgs/_xrf2_msgs_s.ep.rosidl_typesupport_fastrtps_c.c
[3.079s] -- Up-to-date: /home/sdfr-ppd-01/SDfR/assignment6/install/xrf2_msgs/local/lib/python3.10/dist-packages/xrf2_msgs/xrf2_msgs_s__rosidl_typesupport_fastrtps_c.cpython-310-aarch64-linux-gnu.so
[3.118s] Listing '/home/sdfr-ppd-01/SDfR/assignment6/install/xrf2_msgs/local/lib/python3.10/dist-packages/xrf2_msgs'...
[3.121s] Listing '/home/sdfr-ppd-01/SDfR/assignment6/install/xrf2_msgs/local/lib/python3.10/dist-packages/xrf2_msgs/msg'...
[3.129s] -- Up-to-date: /home/sdfr-ppd-01/SDfR/assignment6/install/xrf2_msgs/local/lib/python3.10/dist-packages/xrf2_msgs/xrf2_msgs_s__rosidl_typesupport_fastrtps_c.cpython-310-aarch64-linux-gnu.so
[3.131s] -- Up-to-date: /home/sdfr-ppd-01/SDfR/assignment6/install/xrf2_msgs/local/lib/python3.10/dist-packages/xrf2_msgs/xrf2_msgs_s__rosidl_typesupport_introspection_c.cpython-310-aarch64-linux-gnu.so
[3.135s] -- Up-to-date: /home/sdfr-ppd-01/SDfR/assignment6/install/xrf2_msgs/local/lib/python3.10/dist-packages/xrf2_msgs/xrf2_msgs_s__rosidl_typesupport_c.cpython-310-aarch64-linux-gnu.so
[3.150s] -- Up-to-date: /home/sdfr-ppd-01/SDfR/assignment6/install/xrf2_msgs/lib/libxrf2_msgs__rosidl_generator_py.so
[3.160s] -- Up-to-date: /home/sdfr-ppd-01/SDfR/assignment6/install/xrf2_msgs/share/xrf2_msgs/msg/Ros2Xeno.idl
[3.167s] -- Up-to-date: /home/sdfr-ppd-01/SDfR/assignment6/install/xrf2_msgs/share/xrf2_msgs/msg/Xeno2Ros.idl
[3.172s] -- Up-to-date: /home/sdfr-ppd-01/SDfR/assignment6/install/xrf2_msgs/share/xrf2_msgs/msg/Ros2Xeno.msg
[3.174s] -- Up-to-date: /home/sdfr-ppd-01/SDfR/assignment6/install/xrf2_msgs/share/xrf2_msgs/msg/Xeno2Ros.msg
[3.183s] -- Up-to-date: /home/sdfr-ppd-01/SDfR/assignment6/install/xrf2_msgs/share/ament_index/resource_index/package_run_dependencies/xrf2_msgs
[3.189s] -- Up-to-date: /home/sdfr-ppd-01/SDfR/assignment6/install/xrf2_msgs/share/ament_index/resource_index/parent_prefix_path/xrf2_msgs
[3.191s] -- Up-to-date: /home/sdfr-ppd-01/SDfR/assignment6/install/xrf2_msgs/share/xrf2_msgs/environment/ament_prefix_path.sh
[3.195s] -- Up-to-date: /home/sdfr-ppd-01/SDfR/assignment6/install/xrf2_msgs/share/xrf2_msgs/environment/ament_prefix_path.dsv
[3.200s] -- Up-to-date: /home/sdfr-ppd-01/SDfR/assignment6/install/xrf2_msgs/share/xrf2_msgs/environment/path.sh
[3.211s] -- Up-to-date: /home/sdfr-ppd-01/SDfR/assignment6/install/xrf2_msgs/share/xrf2_msgs/environment/path.dsv
[3.218s] -- Up-to-date: /home/sdfr-ppd-01/SDfR/assignment6/install/xrf2_msgs/share/xrf2_msgs/local_setup.bash
[3.222s] -- Up-to-date: /home/sdfr-ppd-01/SDfR/assignment6/install/xrf2_msgs/share/xrf2_msgs/local_setup.sh
[3.226s] -- Up-to-date: /home/sdfr-ppd-01/SDfR/assignment6/install/xrf2_msgs/share/xrf2_msgs/local_setup.zsh
[3.232s] -- Up-to-date: /home/sdfr-ppd-01/SDfR/assignment6/install/xrf2_msgs/share/xrf2_msgs/local_setup.dsv
[3.235s] -- Installing: /home/sdfr-ppd-01/SDfR/assignment6/install/xrf2_msgs/share/xrf2_msgs/package.dsv
[3.243s] -- Up-to-date: /home/sdfr-ppd-01/SDfR/assignment6/install/xrf2_msgs/share/ament_index/resource_index/packages/xrf2_msgs
[3.249s] -- Up-to-date: /home/sdfr-ppd-01/SDfR/assignment6/install/xrf2_msgs/share/xrf2_msgs/cmake/export_xrf2_msgs__rosidl_generator_cExport.cmake
[3.252s] -- Up-to-date: /home/sdfr-ppd-01/SDfR/assignment6/install/xrf2_msgs/share/xrf2_msgs/cmake/export_xrf2_msgs__rosidl_generator_cExport-noconfig.cmake
[3.256s] -- Up-to-date: /home/sdfr-ppd-01/SDfR/assignment6/install/xrf2_msgs/share/xrf2_msgs/cmake/export_xrf2_msgs__rosidl_typesupport_fastrtps_cExport.cmake
[3.260s] -- Up-to-date: /home/sdfr-ppd-01/SDfR/assignment6/install/xrf2_msgs/share/xrf2_msgs/cmake/export_xrf2_msgs__rosidl_typesupport_fastrtps_cExport-noconfig.cmake
[3.268s] -- Up-to-date: /home/sdfr-ppd-01/SDfR/assignment6/install/xrf2_msgs/share/xrf2_msgs/cmake/xrf2_msgs__rosidl_typesupport_introspection_cExport.cmake
[3.272s] -- Up-to-date: /home/sdfr-ppd-01/SDfR/assignment6/install/xrf2_msgs/share/xrf2_msgs/cmake/xrf2_msgs__rosidl_typesupport_introspection_cExport-noconfig.cmake
[3.275s] -- Up-to-date: /home/sdfr-ppd-01/SDfR/assignment6/install/xrf2_msgs/share/xrf2_msgs/cmake/xrf2_msgs__rosidl_typesupport_cExport.cmake
[3.282s] -- Up-to-date: /home/sdfr-ppd-01/SDfR/assignment6/install/xrf2_msgs/share/xrf2_msgs/cmake/xrf2_msgs__rosidl_typesupport_cExport-noconfig.cmake
[3.287s] -- Up-to-date: /home/sdfr-ppd-01/SDfR/assignment6/install/xrf2_msgs/share/xrf2_msgs/cmake/export_xrf2_msgs__rosidl_generator_cppExport.cmake
[3.290s] -- Up-to-date: /home/sdfr-ppd-01/SDfR/assignment6/install/xrf2_msgs/share/xrf2_msgs/cmake/export_xrf2_msgs__rosidl_typesupport_fastrtps_cppExport.cmake
[3.293s] -- Up-to-date: /home/sdfr-ppd-01/SDfR/assignment6/install/xrf2_msgs/share/xrf2_msgs/cmake/export_xrf2_msgs__rosidl_typesupport_fastrtps_cppExport-noconfig.cmake
[3.307s] -- Up-to-date: /home/sdfr-ppd-01/SDfR/assignment6/install/xrf2_msgs/share/xrf2_msgs/cmake/xrf2_msgs__rosidl_typesupport_introspection_cppExport.cmake
[3.311s] -- Up-to-date: /home/sdfr-ppd-01/SDfR/assignment6/install/xrf2_msgs/share/xrf2_msgs/cmake/xrf2_msgs__rosidl_typesupport_introspection_cppExport-noconfig.cmake
[3.314s] -- Up-to-date: /home/sdfr-ppd-01/SDfR/assignment6/install/xrf2_msgs/share/xrf2_msgs/cmake/xrf2_msgs__rosidl_typesupport_cppExport.cmake
[3.317s] -- Up-to-date: /home/sdfr-ppd-01/SDfR/assignment6/install/xrf2_msgs/share/xrf2_msgs/cmake/xrf2_msgs__rosidl_typesupport_cppExport-noconfig.cmake
[3.319s] -- Up-to-date: /home/sdfr-ppd-01/SDfR/assignment6/install/xrf2_msgs/share/xrf2_msgs/cmake/export_xrf2_msgs__rosidl_generator_pyExport.cmake
[3.322s] -- Up-to-date: /home/sdfr-ppd-01/SDfR/assignment6/install/xrf2_msgs/share/xrf2_msgs/cmake/export_xrf2_msgs__rosidl_generator_pyExport-noconfig.cmake
[3.327s] -- Up-to-date: /home/sdfr-ppd-01/SDfR/assignment6/install/xrf2_msgs/share/xrf2_msgs/cmake/rosidl_cmake-extras.cmake
[3.334s] -- Up-to-date: /home/sdfr-ppd-01/SDfR/assignment6/install/xrf2_msgs/share/xrf2_msgs/cmake/ament_cmake_export_include_directories-extras.cmake
[3.336s] -- Up-to-date: /home/sdfr-ppd-01/SDfR/assignment6/install/xrf2_msgs/share/xrf2_msgs/cmake/ament_cmake_export_libraries-extras.cmake
[3.340s] -- Up-to-date: /home/sdfr-ppd-01/SDfR/assignment6/install/xrf2_msgs/share/xrf2_msgs/cmake/ament_cmake_export_targets-extras.cmake
[3.343s] -- Up-to-date: /home/sdfr-ppd-01/SDfR/assignment6/install/xrf2_msgs/share/xrf2_msgs/cmake/rosidl_cmake_export_typesupport_targets-extras.cmake
[3.344s] -- Up-to-date: /home/sdfr-ppd-01/SDfR/assignment6/install/xrf2_msgs/share/xrf2_msgs/cmake/ament_cmake_export_dependencies-extras.cmake
[3.348s] -- Up-to-date: /home/sdfr-ppd-01/SDfR/assignment6/install/xrf2_msgs/share/xrf2_msgs/cmake/rosidl_cmake_export_typesupport_libraries-extras.cmake
[3.351s] -- Up-to-date: /home/sdfr-ppd-01/SDfR/assignment6/install/xrf2_msgs/share/xrf2_msgs/cmake/xrf2_msgsConfig.cmake
[3.355s] -- Up-to-date: /home/sdfr-ppd-01/SDfR/assignment6/install/xrf2_msgs/share/xrf2_msgs/cmake/xrf2_msgsConfig-version.cmake
[3.357s] -- Up-to-date: /home/sdfr-ppd-01/SDfR/assignment6/install/xrf2_msgs/share/xrf2_msgs/package.xml
[3.364s] Invoked command in '/home/sdfr-ppd-01/SDfR/assignment6/build/xrf2_msgs' returned '0': CMAKE_PREFIX_PATH=${CMAKE_PREFIX_PATH}:/opt/ros/humble /usr/bin/cmake --install /home/sdfr-ppd-01/SDfR/assignment6/build/xrf2_msgs
