[0.058s] Invoking command in '/home/jordan/SDfR/assignment5/build/relbot2turtlesim': CMAKE_PREFIX_PATH=/opt/ros/humble /usr/bin/cmake --build /home/jordan/SDfR/assignment5/build/relbot2turtlesim -- -j16 -l16
[0.236s] [100%] Built target relbot2turtlesim
[0.288s] Invoked command in '/home/jordan/SDfR/assignment5/build/relbot2turtlesim' returned '0': CMAKE_PREFIX_PATH=/opt/ros/humble /usr/bin/cmake --build /home/jordan/SDfR/assignment5/build/relbot2turtlesim -- -j16 -l16
[0.291s] Invoking command in '/home/jordan/SDfR/assignment5/build/relbot2turtlesim': CMAKE_PREFIX_PATH=/opt/ros/humble /usr/bin/cmake --install /home/jordan/SDfR/assignment5/build/relbot2turtlesim
[0.311s] -- Install configuration: ""
[0.311s] -- Up-to-date: /home/jordan/SDfR/assignment5/install/relbot2turtlesim/lib/relbot2turtlesim/relbot2turtlesim
[0.312s] -- Up-to-date: /home/jordan/SDfR/assignment5/install/relbot2turtlesim/share/ament_index/resource_index/package_run_dependencies/relbot2turtlesim
[0.312s] -- Up-to-date: /home/jordan/SDfR/assignment5/install/relbot2turtlesim/share/ament_index/resource_index/parent_prefix_path/relbot2turtlesim
[0.313s] -- Up-to-date: /home/jordan/SDfR/assignment5/install/relbot2turtlesim/share/relbot2turtlesim/environment/ament_prefix_path.sh
[0.313s] -- Up-to-date: /home/jordan/SDfR/assignment5/install/relbot2turtlesim/share/relbot2turtlesim/environment/ament_prefix_path.dsv
[0.314s] -- Up-to-date: /home/jordan/SDfR/assignment5/install/relbot2turtlesim/share/relbot2turtlesim/environment/path.sh
[0.314s] -- Up-to-date: /home/jordan/SDfR/assignment5/install/relbot2turtlesim/share/relbot2turtlesim/environment/path.dsv
[0.314s] -- Up-to-date: /home/jordan/SDfR/assignment5/install/relbot2turtlesim/share/relbot2turtlesim/local_setup.bash
[0.314s] -- Up-to-date: /home/jordan/SDfR/assignment5/install/relbot2turtlesim/share/relbot2turtlesim/local_setup.sh
[0.315s] -- Up-to-date: /home/jordan/SDfR/assignment5/install/relbot2turtlesim/share/relbot2turtlesim/local_setup.zsh
[0.315s] -- Up-to-date: /home/jordan/SDfR/assignment5/install/relbot2turtlesim/share/relbot2turtlesim/local_setup.dsv
[0.315s] -- Installing: /home/jordan/SDfR/assignment5/install/relbot2turtlesim/share/relbot2turtlesim/package.dsv
[0.315s] -- Up-to-date: /home/jordan/SDfR/assignment5/install/relbot2turtlesim/share/ament_index/resource_index/packages/relbot2turtlesim
[0.315s] -- Up-to-date: /home/jordan/SDfR/assignment5/install/relbot2turtlesim/share/relbot2turtlesim/cmake/relbot2turtlesimConfig.cmake
[0.316s] -- Up-to-date: /home/jordan/SDfR/assignment5/install/relbot2turtlesim/share/relbot2turtlesim/cmake/relbot2turtlesimConfig-version.cmake
[0.316s] -- Up-to-date: /home/jordan/SDfR/assignment5/install/relbot2turtlesim/share/relbot2turtlesim/package.xml
[0.332s] Invoked command in '/home/jordan/SDfR/assignment5/build/relbot2turtlesim' returned '0': CMAKE_PREFIX_PATH=/opt/ros/humble /usr/bin/cmake --install /home/jordan/SDfR/assignment5/build/relbot2turtlesim
