[0.286s] DEBUG:colcon:Command line arguments: ['/usr/bin/colcon', 'build']
[0.286s] DEBUG:colcon:Parsed command line arguments: Namespace(log_base=None, log_level=None, verb_name='build', build_base='build', install_base='install', merge_install=False, symlink_install=False, test_result_base=None, continue_on_error=False, executor='parallel', parallel_workers=16, event_handlers=None, ignore_user_meta=False, metas=['./colcon.meta'], base_paths=['.'], packages_ignore=None, packages_ignore_regex=None, paths=None, packages_up_to=None, packages_up_to_regex=None, packages_above=None, packages_above_and_dependencies=None, packages_above_depth=None, packages_select_by_dep=None, packages_skip_by_dep=None, packages_skip_up_to=None, packages_select_build_failed=False, packages_skip_build_finished=False, packages_select_test_failures=False, packages_skip_test_passed=False, packages_select=None, packages_skip=None, packages_select_regex=None, packages_skip_regex=None, packages_start=None, packages_end=None, allow_overriding=[], cmake_args=None, cmake_target=None, cmake_target_skip_unavailable=False, cmake_clean_cache=False, cmake_clean_first=False, cmake_force_configure=False, ament_cmake_args=None, catkin_cmake_args=None, catkin_skip_building_tests=False, mixin_files=None, mixin=None, verb_parser=<colcon_mixin.mixin.mixin_argument.MixinArgumentDecorator object at 0x7910b67e9300>, verb_extension=<colcon_core.verb.build.BuildVerb object at 0x7910b69b6cb0>, main=<bound method BuildVerb.main of <colcon_core.verb.build.BuildVerb object at 0x7910b69b6cb0>>, mixin_verb=('build',))
[0.441s] Level 1:colcon.colcon_core.package_discovery:discover_packages(colcon_meta) check parameters
[0.442s] Level 1:colcon.colcon_core.package_discovery:discover_packages(recursive) check parameters
[0.442s] Level 1:colcon.colcon_core.package_discovery:discover_packages(ignore) check parameters
[0.442s] Level 1:colcon.colcon_core.package_discovery:discover_packages(path) check parameters
[0.442s] Level 1:colcon.colcon_core.package_discovery:discover_packages(colcon_meta) discover
[0.442s] Level 1:colcon.colcon_core.package_discovery:discover_packages(recursive) discover
[0.442s] INFO:colcon.colcon_core.package_discovery:Crawling recursively for packages in '/home/jordan/SDfR/assignment6'
[0.442s] Level 1:colcon.colcon_core.package_identification:_identify(.) by extensions ['ignore', 'ignore_ament_install']
[0.442s] Level 1:colcon.colcon_core.package_identification:_identify(.) by extension 'ignore'
[0.442s] Level 1:colcon.colcon_core.package_identification:_identify(.) by extension 'ignore_ament_install'
[0.442s] Level 1:colcon.colcon_core.package_identification:_identify(.) by extensions ['colcon_pkg']
[0.442s] Level 1:colcon.colcon_core.package_identification:_identify(.) by extension 'colcon_pkg'
[0.443s] Level 1:colcon.colcon_core.package_identification:_identify(.) by extensions ['colcon_meta']
[0.443s] Level 1:colcon.colcon_core.package_identification:_identify(.) by extension 'colcon_meta'
[0.443s] Level 1:colcon.colcon_core.package_identification:_identify(.) by extensions ['ros']
[0.443s] Level 1:colcon.colcon_core.package_identification:_identify(.) by extension 'ros'
[0.453s] Level 1:colcon.colcon_core.package_identification:_identify(.) by extensions ['cmake', 'python']
[0.453s] Level 1:colcon.colcon_core.package_identification:_identify(.) by extension 'cmake'
[0.453s] Level 1:colcon.colcon_core.package_identification:_identify(.) by extension 'python'
[0.453s] Level 1:colcon.colcon_core.package_identification:_identify(.) by extensions ['python_setup_py']
[0.453s] Level 1:colcon.colcon_core.package_identification:_identify(.) by extension 'python_setup_py'
[0.453s] Level 1:colcon.colcon_core.package_identification:_identify(build) by extensions ['ignore', 'ignore_ament_install']
[0.454s] Level 1:colcon.colcon_core.package_identification:_identify(build) by extension 'ignore'
[0.454s] Level 1:colcon.colcon_core.package_identification:_identify(build) ignored
[0.454s] Level 1:colcon.colcon_core.package_identification:_identify(install) by extensions ['ignore', 'ignore_ament_install']
[0.454s] Level 1:colcon.colcon_core.package_identification:_identify(install) by extension 'ignore'
[0.454s] Level 1:colcon.colcon_core.package_identification:_identify(install) ignored
[0.454s] Level 1:colcon.colcon_core.package_identification:_identify(log) by extensions ['ignore', 'ignore_ament_install']
[0.454s] Level 1:colcon.colcon_core.package_identification:_identify(log) by extension 'ignore'
[0.454s] Level 1:colcon.colcon_core.package_identification:_identify(log) ignored
[0.454s] Level 1:colcon.colcon_core.package_identification:_identify(src) by extensions ['ignore', 'ignore_ament_install']
[0.454s] Level 1:colcon.colcon_core.package_identification:_identify(src) by extension 'ignore'
[0.454s] Level 1:colcon.colcon_core.package_identification:_identify(src) by extension 'ignore_ament_install'
[0.454s] Level 1:colcon.colcon_core.package_identification:_identify(src) by extensions ['colcon_pkg']
[0.454s] Level 1:colcon.colcon_core.package_identification:_identify(src) by extension 'colcon_pkg'
[0.455s] Level 1:colcon.colcon_core.package_identification:_identify(src) by extensions ['colcon_meta']
[0.455s] Level 1:colcon.colcon_core.package_identification:_identify(src) by extension 'colcon_meta'
[0.455s] Level 1:colcon.colcon_core.package_identification:_identify(src) by extensions ['ros']
[0.455s] Level 1:colcon.colcon_core.package_identification:_identify(src) by extension 'ros'
[0.455s] Level 1:colcon.colcon_core.package_identification:_identify(src) by extensions ['cmake', 'python']
[0.455s] Level 1:colcon.colcon_core.package_identification:_identify(src) by extension 'cmake'
[0.455s] Level 1:colcon.colcon_core.package_identification:_identify(src) by extension 'python'
[0.455s] Level 1:colcon.colcon_core.package_identification:_identify(src) by extensions ['python_setup_py']
[0.455s] Level 1:colcon.colcon_core.package_identification:_identify(src) by extension 'python_setup_py'
[0.455s] Level 1:colcon.colcon_core.package_identification:_identify(src/cam2image_host2vm) by extensions ['ignore', 'ignore_ament_install']
[0.455s] Level 1:colcon.colcon_core.package_identification:_identify(src/cam2image_host2vm) by extension 'ignore'
[0.455s] Level 1:colcon.colcon_core.package_identification:_identify(src/cam2image_host2vm) by extension 'ignore_ament_install'
[0.455s] Level 1:colcon.colcon_core.package_identification:_identify(src/cam2image_host2vm) by extensions ['colcon_pkg']
[0.455s] Level 1:colcon.colcon_core.package_identification:_identify(src/cam2image_host2vm) by extension 'colcon_pkg'
[0.455s] Level 1:colcon.colcon_core.package_identification:_identify(src/cam2image_host2vm) by extensions ['colcon_meta']
[0.455s] Level 1:colcon.colcon_core.package_identification:_identify(src/cam2image_host2vm) by extension 'colcon_meta'
[0.455s] Level 1:colcon.colcon_core.package_identification:_identify(src/cam2image_host2vm) by extensions ['ros']
[0.455s] Level 1:colcon.colcon_core.package_identification:_identify(src/cam2image_host2vm) by extension 'ros'
[0.455s] Level 1:colcon.colcon_core.package_identification:_identify(src/cam2image_host2vm) by extensions ['cmake', 'python']
[0.455s] Level 1:colcon.colcon_core.package_identification:_identify(src/cam2image_host2vm) by extension 'cmake'
[0.455s] Level 1:colcon.colcon_core.package_identification:_identify(src/cam2image_host2vm) by extension 'python'
[0.456s] Level 1:colcon.colcon_core.package_identification:_identify(src/cam2image_host2vm) by extensions ['python_setup_py']
[0.456s] Level 1:colcon.colcon_core.package_identification:_identify(src/cam2image_host2vm) by extension 'python_setup_py'
[0.456s] Level 1:colcon.colcon_core.package_identification:_identify(src/cam2image_vm2ros) by extensions ['ignore', 'ignore_ament_install']
[0.456s] Level 1:colcon.colcon_core.package_identification:_identify(src/cam2image_vm2ros) by extension 'ignore'
[0.456s] Level 1:colcon.colcon_core.package_identification:_identify(src/cam2image_vm2ros) by extension 'ignore_ament_install'
[0.456s] Level 1:colcon.colcon_core.package_identification:_identify(src/cam2image_vm2ros) by extensions ['colcon_pkg']
[0.456s] Level 1:colcon.colcon_core.package_identification:_identify(src/cam2image_vm2ros) by extension 'colcon_pkg'
[0.456s] Level 1:colcon.colcon_core.package_identification:_identify(src/cam2image_vm2ros) by extensions ['colcon_meta']
[0.456s] Level 1:colcon.colcon_core.package_identification:_identify(src/cam2image_vm2ros) by extension 'colcon_meta'
[0.456s] Level 1:colcon.colcon_core.package_identification:_identify(src/cam2image_vm2ros) by extensions ['ros']
[0.456s] Level 1:colcon.colcon_core.package_identification:_identify(src/cam2image_vm2ros) by extension 'ros'
[0.459s] DEBUG:colcon.colcon_core.package_identification:Package 'src/cam2image_vm2ros' with type 'ros.ament_cmake' and name 'cam2image_vm2ros'
[0.459s] Level 1:colcon.colcon_core.package_identification:_identify(src/green_object_detector) by extensions ['ignore', 'ignore_ament_install']
[0.459s] Level 1:colcon.colcon_core.package_identification:_identify(src/green_object_detector) by extension 'ignore'
[0.459s] Level 1:colcon.colcon_core.package_identification:_identify(src/green_object_detector) by extension 'ignore_ament_install'
[0.459s] Level 1:colcon.colcon_core.package_identification:_identify(src/green_object_detector) by extensions ['colcon_pkg']
[0.459s] Level 1:colcon.colcon_core.package_identification:_identify(src/green_object_detector) by extension 'colcon_pkg'
[0.459s] Level 1:colcon.colcon_core.package_identification:_identify(src/green_object_detector) by extensions ['colcon_meta']
[0.459s] Level 1:colcon.colcon_core.package_identification:_identify(src/green_object_detector) by extension 'colcon_meta'
[0.459s] Level 1:colcon.colcon_core.package_identification:_identify(src/green_object_detector) by extensions ['ros']
[0.459s] Level 1:colcon.colcon_core.package_identification:_identify(src/green_object_detector) by extension 'ros'
[0.460s] DEBUG:colcon.colcon_core.package_identification:Package 'src/green_object_detector' with type 'ros.ament_cmake' and name 'green_object_detector'
[0.460s] Level 1:colcon.colcon_core.package_identification:_identify(src/image_functions_sdfr) by extensions ['ignore', 'ignore_ament_install']
[0.460s] Level 1:colcon.colcon_core.package_identification:_identify(src/image_functions_sdfr) by extension 'ignore'
[0.460s] Level 1:colcon.colcon_core.package_identification:_identify(src/image_functions_sdfr) by extension 'ignore_ament_install'
[0.460s] Level 1:colcon.colcon_core.package_identification:_identify(src/image_functions_sdfr) by extensions ['colcon_pkg']
[0.460s] Level 1:colcon.colcon_core.package_identification:_identify(src/image_functions_sdfr) by extension 'colcon_pkg'
[0.460s] Level 1:colcon.colcon_core.package_identification:_identify(src/image_functions_sdfr) by extensions ['colcon_meta']
[0.460s] Level 1:colcon.colcon_core.package_identification:_identify(src/image_functions_sdfr) by extension 'colcon_meta'
[0.461s] Level 1:colcon.colcon_core.package_identification:_identify(src/image_functions_sdfr) by extensions ['ros']
[0.461s] Level 1:colcon.colcon_core.package_identification:_identify(src/image_functions_sdfr) by extension 'ros'
[0.461s] DEBUG:colcon.colcon_core.package_identification:Package 'src/image_functions_sdfr' with type 'ros.ament_cmake' and name 'image_functions_sdfr'
[0.461s] Level 1:colcon.colcon_core.package_identification:_identify(src/relbot2turtlesim) by extensions ['ignore', 'ignore_ament_install']
[0.461s] Level 1:colcon.colcon_core.package_identification:_identify(src/relbot2turtlesim) by extension 'ignore'
[0.461s] Level 1:colcon.colcon_core.package_identification:_identify(src/relbot2turtlesim) by extension 'ignore_ament_install'
[0.461s] Level 1:colcon.colcon_core.package_identification:_identify(src/relbot2turtlesim) by extensions ['colcon_pkg']
[0.461s] Level 1:colcon.colcon_core.package_identification:_identify(src/relbot2turtlesim) by extension 'colcon_pkg'
[0.461s] Level 1:colcon.colcon_core.package_identification:_identify(src/relbot2turtlesim) by extensions ['colcon_meta']
[0.462s] Level 1:colcon.colcon_core.package_identification:_identify(src/relbot2turtlesim) by extension 'colcon_meta'
[0.462s] Level 1:colcon.colcon_core.package_identification:_identify(src/relbot2turtlesim) by extensions ['ros']
[0.462s] Level 1:colcon.colcon_core.package_identification:_identify(src/relbot2turtlesim) by extension 'ros'
[0.462s] DEBUG:colcon.colcon_core.package_identification:Package 'src/relbot2turtlesim' with type 'ros.ament_cmake' and name 'relbot2turtlesim'
[0.462s] Level 1:colcon.colcon_core.package_identification:_identify(src/relbot_launch) by extensions ['ignore', 'ignore_ament_install']
[0.462s] Level 1:colcon.colcon_core.package_identification:_identify(src/relbot_launch) by extension 'ignore'
[0.462s] Level 1:colcon.colcon_core.package_identification:_identify(src/relbot_launch) by extension 'ignore_ament_install'
[0.463s] Level 1:colcon.colcon_core.package_identification:_identify(src/relbot_launch) by extensions ['colcon_pkg']
[0.463s] Level 1:colcon.colcon_core.package_identification:_identify(src/relbot_launch) by extension 'colcon_pkg'
[0.463s] Level 1:colcon.colcon_core.package_identification:_identify(src/relbot_launch) by extensions ['colcon_meta']
[0.463s] Level 1:colcon.colcon_core.package_identification:_identify(src/relbot_launch) by extension 'colcon_meta'
[0.463s] Level 1:colcon.colcon_core.package_identification:_identify(src/relbot_launch) by extensions ['ros']
[0.463s] Level 1:colcon.colcon_core.package_identification:_identify(src/relbot_launch) by extension 'ros'
[0.463s] DEBUG:colcon.colcon_core.package_identification:Package 'src/relbot_launch' with type 'ros.ament_cmake' and name 'relbot_launch'
[0.463s] Level 1:colcon.colcon_core.package_identification:_identify(src/relbot_sequence_controller) by extensions ['ignore', 'ignore_ament_install']
[0.463s] Level 1:colcon.colcon_core.package_identification:_identify(src/relbot_sequence_controller) by extension 'ignore'
[0.463s] Level 1:colcon.colcon_core.package_identification:_identify(src/relbot_sequence_controller) by extension 'ignore_ament_install'
[0.463s] Level 1:colcon.colcon_core.package_identification:_identify(src/relbot_sequence_controller) by extensions ['colcon_pkg']
[0.463s] Level 1:colcon.colcon_core.package_identification:_identify(src/relbot_sequence_controller) by extension 'colcon_pkg'
[0.464s] Level 1:colcon.colcon_core.package_identification:_identify(src/relbot_sequence_controller) by extensions ['colcon_meta']
[0.464s] Level 1:colcon.colcon_core.package_identification:_identify(src/relbot_sequence_controller) by extension 'colcon_meta'
[0.464s] Level 1:colcon.colcon_core.package_identification:_identify(src/relbot_sequence_controller) by extensions ['ros']
[0.464s] Level 1:colcon.colcon_core.package_identification:_identify(src/relbot_sequence_controller) by extension 'ros'
[0.464s] DEBUG:colcon.colcon_core.package_identification:Package 'src/relbot_sequence_controller' with type 'ros.ament_cmake' and name 'relbot_sequence_controller'
[0.464s] Level 1:colcon.colcon_core.package_identification:_identify(src/relbot_simulator) by extensions ['ignore', 'ignore_ament_install']
[0.464s] Level 1:colcon.colcon_core.package_identification:_identify(src/relbot_simulator) by extension 'ignore'
[0.464s] Level 1:colcon.colcon_core.package_identification:_identify(src/relbot_simulator) by extension 'ignore_ament_install'
[0.464s] Level 1:colcon.colcon_core.package_identification:_identify(src/relbot_simulator) by extensions ['colcon_pkg']
[0.465s] Level 1:colcon.colcon_core.package_identification:_identify(src/relbot_simulator) by extension 'colcon_pkg'
[0.465s] Level 1:colcon.colcon_core.package_identification:_identify(src/relbot_simulator) by extensions ['colcon_meta']
[0.465s] Level 1:colcon.colcon_core.package_identification:_identify(src/relbot_simulator) by extension 'colcon_meta'
[0.465s] Level 1:colcon.colcon_core.package_identification:_identify(src/relbot_simulator) by extensions ['ros']
[0.465s] Level 1:colcon.colcon_core.package_identification:_identify(src/relbot_simulator) by extension 'ros'
[0.465s] DEBUG:colcon.colcon_core.package_identification:Package 'src/relbot_simulator' with type 'ros.ament_cmake' and name 'relbot_simulator'
[0.465s] Level 1:colcon.colcon_core.package_discovery:discover_packages(recursive) using defaults
[0.465s] Level 1:colcon.colcon_core.package_discovery:discover_packages(ignore) discover
[0.466s] Level 1:colcon.colcon_core.package_discovery:discover_packages(ignore) using defaults
[0.466s] Level 1:colcon.colcon_core.package_discovery:discover_packages(path) discover
[0.466s] Level 1:colcon.colcon_core.package_discovery:discover_packages(path) using defaults
[0.504s] Level 1:colcon.colcon_core.package_discovery:discover_packages(prefix_path) check parameters
[0.504s] Level 1:colcon.colcon_core.package_discovery:discover_packages(prefix_path) discover
[0.506s] DEBUG:colcon.colcon_installed_package_information.package_discovery:Found 274 installed packages in /opt/ros/humble
[0.508s] Level 1:colcon.colcon_core.package_discovery:discover_packages(prefix_path) using defaults
[0.544s] Level 5:colcon.colcon_core.verb:set package 'cam2image_vm2ros' build argument 'cmake_args' from command line to 'None'
[0.544s] Level 5:colcon.colcon_core.verb:set package 'cam2image_vm2ros' build argument 'cmake_target' from command line to 'None'
[0.544s] Level 5:colcon.colcon_core.verb:set package 'cam2image_vm2ros' build argument 'cmake_target_skip_unavailable' from command line to 'False'
[0.544s] Level 5:colcon.colcon_core.verb:set package 'cam2image_vm2ros' build argument 'cmake_clean_cache' from command line to 'False'
[0.544s] Level 5:colcon.colcon_core.verb:set package 'cam2image_vm2ros' build argument 'cmake_clean_first' from command line to 'False'
[0.545s] Level 5:colcon.colcon_core.verb:set package 'cam2image_vm2ros' build argument 'cmake_force_configure' from command line to 'False'
[0.545s] Level 5:colcon.colcon_core.verb:set package 'cam2image_vm2ros' build argument 'ament_cmake_args' from command line to 'None'
[0.545s] Level 5:colcon.colcon_core.verb:set package 'cam2image_vm2ros' build argument 'catkin_cmake_args' from command line to 'None'
[0.545s] Level 5:colcon.colcon_core.verb:set package 'cam2image_vm2ros' build argument 'catkin_skip_building_tests' from command line to 'False'
[0.545s] DEBUG:colcon.colcon_core.verb:Building package 'cam2image_vm2ros' with the following arguments: {'ament_cmake_args': None, 'build_base': '/home/jordan/SDfR/assignment6/build/cam2image_vm2ros', 'catkin_cmake_args': None, 'catkin_skip_building_tests': False, 'cmake_args': None, 'cmake_clean_cache': False, 'cmake_clean_first': False, 'cmake_force_configure': False, 'cmake_target': None, 'cmake_target_skip_unavailable': False, 'install_base': '/home/jordan/SDfR/assignment6/install/cam2image_vm2ros', 'merge_install': False, 'path': '/home/jordan/SDfR/assignment6/src/cam2image_vm2ros', 'symlink_install': False, 'test_result_base': None}
[0.545s] Level 5:colcon.colcon_core.verb:set package 'green_object_detector' build argument 'cmake_args' from command line to 'None'
[0.545s] Level 5:colcon.colcon_core.verb:set package 'green_object_detector' build argument 'cmake_target' from command line to 'None'
[0.545s] Level 5:colcon.colcon_core.verb:set package 'green_object_detector' build argument 'cmake_target_skip_unavailable' from command line to 'False'
[0.545s] Level 5:colcon.colcon_core.verb:set package 'green_object_detector' build argument 'cmake_clean_cache' from command line to 'False'
[0.546s] Level 5:colcon.colcon_core.verb:set package 'green_object_detector' build argument 'cmake_clean_first' from command line to 'False'
[0.546s] Level 5:colcon.colcon_core.verb:set package 'green_object_detector' build argument 'cmake_force_configure' from command line to 'False'
[0.546s] Level 5:colcon.colcon_core.verb:set package 'green_object_detector' build argument 'ament_cmake_args' from command line to 'None'
[0.546s] Level 5:colcon.colcon_core.verb:set package 'green_object_detector' build argument 'catkin_cmake_args' from command line to 'None'
[0.546s] Level 5:colcon.colcon_core.verb:set package 'green_object_detector' build argument 'catkin_skip_building_tests' from command line to 'False'
[0.546s] DEBUG:colcon.colcon_core.verb:Building package 'green_object_detector' with the following arguments: {'ament_cmake_args': None, 'build_base': '/home/jordan/SDfR/assignment6/build/green_object_detector', 'catkin_cmake_args': None, 'catkin_skip_building_tests': False, 'cmake_args': None, 'cmake_clean_cache': False, 'cmake_clean_first': False, 'cmake_force_configure': False, 'cmake_target': None, 'cmake_target_skip_unavailable': False, 'install_base': '/home/jordan/SDfR/assignment6/install/green_object_detector', 'merge_install': False, 'path': '/home/jordan/SDfR/assignment6/src/green_object_detector', 'symlink_install': False, 'test_result_base': None}
[0.546s] Level 5:colcon.colcon_core.verb:set package 'image_functions_sdfr' build argument 'cmake_args' from command line to 'None'
[0.547s] Level 5:colcon.colcon_core.verb:set package 'image_functions_sdfr' build argument 'cmake_target' from command line to 'None'
[0.547s] Level 5:colcon.colcon_core.verb:set package 'image_functions_sdfr' build argument 'cmake_target_skip_unavailable' from command line to 'False'
[0.547s] Level 5:colcon.colcon_core.verb:set package 'image_functions_sdfr' build argument 'cmake_clean_cache' from command line to 'False'
[0.547s] Level 5:colcon.colcon_core.verb:set package 'image_functions_sdfr' build argument 'cmake_clean_first' from command line to 'False'
[0.547s] Level 5:colcon.colcon_core.verb:set package 'image_functions_sdfr' build argument 'cmake_force_configure' from command line to 'False'
[0.547s] Level 5:colcon.colcon_core.verb:set package 'image_functions_sdfr' build argument 'ament_cmake_args' from command line to 'None'
[0.547s] Level 5:colcon.colcon_core.verb:set package 'image_functions_sdfr' build argument 'catkin_cmake_args' from command line to 'None'
[0.547s] Level 5:colcon.colcon_core.verb:set package 'image_functions_sdfr' build argument 'catkin_skip_building_tests' from command line to 'False'
[0.547s] DEBUG:colcon.colcon_core.verb:Building package 'image_functions_sdfr' with the following arguments: {'ament_cmake_args': None, 'build_base': '/home/jordan/SDfR/assignment6/build/image_functions_sdfr', 'catkin_cmake_args': None, 'catkin_skip_building_tests': False, 'cmake_args': None, 'cmake_clean_cache': False, 'cmake_clean_first': False, 'cmake_force_configure': False, 'cmake_target': None, 'cmake_target_skip_unavailable': False, 'install_base': '/home/jordan/SDfR/assignment6/install/image_functions_sdfr', 'merge_install': False, 'path': '/home/jordan/SDfR/assignment6/src/image_functions_sdfr', 'symlink_install': False, 'test_result_base': None}
[0.547s] Level 5:colcon.colcon_core.verb:set package 'relbot2turtlesim' build argument 'cmake_args' from command line to 'None'
[0.547s] Level 5:colcon.colcon_core.verb:set package 'relbot2turtlesim' build argument 'cmake_target' from command line to 'None'
[0.547s] Level 5:colcon.colcon_core.verb:set package 'relbot2turtlesim' build argument 'cmake_target_skip_unavailable' from command line to 'False'
[0.547s] Level 5:colcon.colcon_core.verb:set package 'relbot2turtlesim' build argument 'cmake_clean_cache' from command line to 'False'
[0.547s] Level 5:colcon.colcon_core.verb:set package 'relbot2turtlesim' build argument 'cmake_clean_first' from command line to 'False'
[0.547s] Level 5:colcon.colcon_core.verb:set package 'relbot2turtlesim' build argument 'cmake_force_configure' from command line to 'False'
[0.547s] Level 5:colcon.colcon_core.verb:set package 'relbot2turtlesim' build argument 'ament_cmake_args' from command line to 'None'
[0.547s] Level 5:colcon.colcon_core.verb:set package 'relbot2turtlesim' build argument 'catkin_cmake_args' from command line to 'None'
[0.548s] Level 5:colcon.colcon_core.verb:set package 'relbot2turtlesim' build argument 'catkin_skip_building_tests' from command line to 'False'
[0.548s] DEBUG:colcon.colcon_core.verb:Building package 'relbot2turtlesim' with the following arguments: {'ament_cmake_args': None, 'build_base': '/home/jordan/SDfR/assignment6/build/relbot2turtlesim', 'catkin_cmake_args': None, 'catkin_skip_building_tests': False, 'cmake_args': None, 'cmake_clean_cache': False, 'cmake_clean_first': False, 'cmake_force_configure': False, 'cmake_target': None, 'cmake_target_skip_unavailable': False, 'install_base': '/home/jordan/SDfR/assignment6/install/relbot2turtlesim', 'merge_install': False, 'path': '/home/jordan/SDfR/assignment6/src/relbot2turtlesim', 'symlink_install': False, 'test_result_base': None}
[0.548s] Level 5:colcon.colcon_core.verb:set package 'relbot_launch' build argument 'cmake_args' from command line to 'None'
[0.548s] Level 5:colcon.colcon_core.verb:set package 'relbot_launch' build argument 'cmake_target' from command line to 'None'
[0.548s] Level 5:colcon.colcon_core.verb:set package 'relbot_launch' build argument 'cmake_target_skip_unavailable' from command line to 'False'
[0.548s] Level 5:colcon.colcon_core.verb:set package 'relbot_launch' build argument 'cmake_clean_cache' from command line to 'False'
[0.548s] Level 5:colcon.colcon_core.verb:set package 'relbot_launch' build argument 'cmake_clean_first' from command line to 'False'
[0.548s] Level 5:colcon.colcon_core.verb:set package 'relbot_launch' build argument 'cmake_force_configure' from command line to 'False'
[0.548s] Level 5:colcon.colcon_core.verb:set package 'relbot_launch' build argument 'ament_cmake_args' from command line to 'None'
[0.548s] Level 5:colcon.colcon_core.verb:set package 'relbot_launch' build argument 'catkin_cmake_args' from command line to 'None'
[0.548s] Level 5:colcon.colcon_core.verb:set package 'relbot_launch' build argument 'catkin_skip_building_tests' from command line to 'False'
[0.548s] DEBUG:colcon.colcon_core.verb:Building package 'relbot_launch' with the following arguments: {'ament_cmake_args': None, 'build_base': '/home/jordan/SDfR/assignment6/build/relbot_launch', 'catkin_cmake_args': None, 'catkin_skip_building_tests': False, 'cmake_args': None, 'cmake_clean_cache': False, 'cmake_clean_first': False, 'cmake_force_configure': False, 'cmake_target': None, 'cmake_target_skip_unavailable': False, 'install_base': '/home/jordan/SDfR/assignment6/install/relbot_launch', 'merge_install': False, 'path': '/home/jordan/SDfR/assignment6/src/relbot_launch', 'symlink_install': False, 'test_result_base': None}
[0.549s] Level 5:colcon.colcon_core.verb:set package 'relbot_sequence_controller' build argument 'cmake_args' from command line to 'None'
[0.549s] Level 5:colcon.colcon_core.verb:set package 'relbot_sequence_controller' build argument 'cmake_target' from command line to 'None'
[0.549s] Level 5:colcon.colcon_core.verb:set package 'relbot_sequence_controller' build argument 'cmake_target_skip_unavailable' from command line to 'False'
[0.549s] Level 5:colcon.colcon_core.verb:set package 'relbot_sequence_controller' build argument 'cmake_clean_cache' from command line to 'False'
[0.549s] Level 5:colcon.colcon_core.verb:set package 'relbot_sequence_controller' build argument 'cmake_clean_first' from command line to 'False'
[0.549s] Level 5:colcon.colcon_core.verb:set package 'relbot_sequence_controller' build argument 'cmake_force_configure' from command line to 'False'
[0.549s] Level 5:colcon.colcon_core.verb:set package 'relbot_sequence_controller' build argument 'ament_cmake_args' from command line to 'None'
[0.549s] Level 5:colcon.colcon_core.verb:set package 'relbot_sequence_controller' build argument 'catkin_cmake_args' from command line to 'None'
[0.549s] Level 5:colcon.colcon_core.verb:set package 'relbot_sequence_controller' build argument 'catkin_skip_building_tests' from command line to 'False'
[0.549s] DEBUG:colcon.colcon_core.verb:Building package 'relbot_sequence_controller' with the following arguments: {'ament_cmake_args': None, 'build_base': '/home/jordan/SDfR/assignment6/build/relbot_sequence_controller', 'catkin_cmake_args': None, 'catkin_skip_building_tests': False, 'cmake_args': None, 'cmake_clean_cache': False, 'cmake_clean_first': False, 'cmake_force_configure': False, 'cmake_target': None, 'cmake_target_skip_unavailable': False, 'install_base': '/home/jordan/SDfR/assignment6/install/relbot_sequence_controller', 'merge_install': False, 'path': '/home/jordan/SDfR/assignment6/src/relbot_sequence_controller', 'symlink_install': False, 'test_result_base': None}
[0.549s] Level 5:colcon.colcon_core.verb:set package 'relbot_simulator' build argument 'cmake_args' from command line to 'None'
[0.549s] Level 5:colcon.colcon_core.verb:set package 'relbot_simulator' build argument 'cmake_target' from command line to 'None'
[0.549s] Level 5:colcon.colcon_core.verb:set package 'relbot_simulator' build argument 'cmake_target_skip_unavailable' from command line to 'False'
[0.549s] Level 5:colcon.colcon_core.verb:set package 'relbot_simulator' build argument 'cmake_clean_cache' from command line to 'False'
[0.549s] Level 5:colcon.colcon_core.verb:set package 'relbot_simulator' build argument 'cmake_clean_first' from command line to 'False'
[0.549s] Level 5:colcon.colcon_core.verb:set package 'relbot_simulator' build argument 'cmake_force_configure' from command line to 'False'
[0.549s] Level 5:colcon.colcon_core.verb:set package 'relbot_simulator' build argument 'ament_cmake_args' from command line to 'None'
[0.549s] Level 5:colcon.colcon_core.verb:set package 'relbot_simulator' build argument 'catkin_cmake_args' from command line to 'None'
[0.549s] Level 5:colcon.colcon_core.verb:set package 'relbot_simulator' build argument 'catkin_skip_building_tests' from command line to 'False'
[0.549s] DEBUG:colcon.colcon_core.verb:Building package 'relbot_simulator' with the following arguments: {'ament_cmake_args': None, 'build_base': '/home/jordan/SDfR/assignment6/build/relbot_simulator', 'catkin_cmake_args': None, 'catkin_skip_building_tests': False, 'cmake_args': None, 'cmake_clean_cache': False, 'cmake_clean_first': False, 'cmake_force_configure': False, 'cmake_target': None, 'cmake_target_skip_unavailable': False, 'install_base': '/home/jordan/SDfR/assignment6/install/relbot_simulator', 'merge_install': False, 'path': '/home/jordan/SDfR/assignment6/src/relbot_simulator', 'symlink_install': False, 'test_result_base': None}
[0.549s] INFO:colcon.colcon_core.executor:Executing jobs using 'parallel' executor
[0.551s] DEBUG:colcon.colcon_parallel_executor.executor.parallel:run_until_complete
[0.551s] INFO:colcon.colcon_ros.task.ament_cmake.build:Building ROS package in '/home/jordan/SDfR/assignment6/src/cam2image_vm2ros' with build type 'ament_cmake'
[0.552s] INFO:colcon.colcon_cmake.task.cmake.build:Building CMake package in '/home/jordan/SDfR/assignment6/src/cam2image_vm2ros'
[0.555s] INFO:colcon.colcon_core.plugin_system:Skipping extension 'colcon_core.shell.bat': Not used on non-Windows systems
[0.555s] INFO:colcon.colcon_core.shell:Skip shell extension 'powershell' for command environment: Not usable outside of PowerShell
[0.555s] DEBUG:colcon.colcon_core.shell:Skip shell extension 'dsv' for command environment
[0.558s] INFO:colcon.colcon_ros.task.ament_cmake.build:Building ROS package in '/home/jordan/SDfR/assignment6/src/green_object_detector' with build type 'ament_cmake'
[0.559s] INFO:colcon.colcon_cmake.task.cmake.build:Building CMake package in '/home/jordan/SDfR/assignment6/src/green_object_detector'
[0.559s] INFO:colcon.colcon_core.shell:Skip shell extension 'powershell' for command environment: Not usable outside of PowerShell
[0.560s] DEBUG:colcon.colcon_core.shell:Skip shell extension 'dsv' for command environment
[0.563s] INFO:colcon.colcon_ros.task.ament_cmake.build:Building ROS package in '/home/jordan/SDfR/assignment6/src/image_functions_sdfr' with build type 'ament_cmake'
[0.563s] INFO:colcon.colcon_cmake.task.cmake.build:Building CMake package in '/home/jordan/SDfR/assignment6/src/image_functions_sdfr'
[0.564s] INFO:colcon.colcon_core.shell:Skip shell extension 'powershell' for command environment: Not usable outside of PowerShell
[0.564s] DEBUG:colcon.colcon_core.shell:Skip shell extension 'dsv' for command environment
[0.568s] INFO:colcon.colcon_ros.task.ament_cmake.build:Building ROS package in '/home/jordan/SDfR/assignment6/src/relbot2turtlesim' with build type 'ament_cmake'
[0.568s] INFO:colcon.colcon_cmake.task.cmake.build:Building CMake package in '/home/jordan/SDfR/assignment6/src/relbot2turtlesim'
[0.569s] INFO:colcon.colcon_core.shell:Skip shell extension 'powershell' for command environment: Not usable outside of PowerShell
[0.569s] DEBUG:colcon.colcon_core.shell:Skip shell extension 'dsv' for command environment
[0.572s] INFO:colcon.colcon_ros.task.ament_cmake.build:Building ROS package in '/home/jordan/SDfR/assignment6/src/relbot_launch' with build type 'ament_cmake'
[0.573s] INFO:colcon.colcon_cmake.task.cmake.build:Building CMake package in '/home/jordan/SDfR/assignment6/src/relbot_launch'
[0.573s] INFO:colcon.colcon_core.shell:Skip shell extension 'powershell' for command environment: Not usable outside of PowerShell
[0.573s] DEBUG:colcon.colcon_core.shell:Skip shell extension 'dsv' for command environment
[0.578s] INFO:colcon.colcon_ros.task.ament_cmake.build:Building ROS package in '/home/jordan/SDfR/assignment6/src/relbot_sequence_controller' with build type 'ament_cmake'
[0.579s] INFO:colcon.colcon_cmake.task.cmake.build:Building CMake package in '/home/jordan/SDfR/assignment6/src/relbot_sequence_controller'
[0.579s] INFO:colcon.colcon_core.shell:Skip shell extension 'powershell' for command environment: Not usable outside of PowerShell
[0.580s] DEBUG:colcon.colcon_core.shell:Skip shell extension 'dsv' for command environment
[0.585s] INFO:colcon.colcon_ros.task.ament_cmake.build:Building ROS package in '/home/jordan/SDfR/assignment6/src/relbot_simulator' with build type 'ament_cmake'
[0.585s] INFO:colcon.colcon_cmake.task.cmake.build:Building CMake package in '/home/jordan/SDfR/assignment6/src/relbot_simulator'
[0.586s] INFO:colcon.colcon_core.shell:Skip shell extension 'powershell' for command environment: Not usable outside of PowerShell
[0.586s] DEBUG:colcon.colcon_core.shell:Skip shell extension 'dsv' for command environment
[0.598s] DEBUG:colcon.colcon_core.event_handler.log_command:Invoking command in '/home/jordan/SDfR/assignment6/build/cam2image_vm2ros': CMAKE_PREFIX_PATH=/opt/ros/humble /usr/bin/cmake --build /home/jordan/SDfR/assignment6/build/cam2image_vm2ros -- -j16 -l16
[0.604s] DEBUG:colcon.colcon_core.event_handler.log_command:Invoking command in '/home/jordan/SDfR/assignment6/build/green_object_detector': CMAKE_PREFIX_PATH=/opt/ros/humble /usr/bin/cmake --build /home/jordan/SDfR/assignment6/build/green_object_detector -- -j16 -l16
[0.608s] DEBUG:colcon.colcon_core.event_handler.log_command:Invoking command in '/home/jordan/SDfR/assignment6/build/image_functions_sdfr': CMAKE_PREFIX_PATH=/opt/ros/humble /usr/bin/cmake --build /home/jordan/SDfR/assignment6/build/image_functions_sdfr -- -j16 -l16
[0.613s] DEBUG:colcon.colcon_core.event_handler.log_command:Invoking command in '/home/jordan/SDfR/assignment6/build/relbot2turtlesim': CMAKE_PREFIX_PATH=/opt/ros/humble /usr/bin/cmake --build /home/jordan/SDfR/assignment6/build/relbot2turtlesim -- -j16 -l16
[0.620s] DEBUG:colcon.colcon_core.event_handler.log_command:Invoking command in '/home/jordan/SDfR/assignment6/build/relbot_launch': CMAKE_PREFIX_PATH=/opt/ros/humble /usr/bin/cmake --build /home/jordan/SDfR/assignment6/build/relbot_launch -- -j16 -l16
[0.625s] DEBUG:colcon.colcon_core.event_handler.log_command:Invoking command in '/home/jordan/SDfR/assignment6/build/relbot_sequence_controller': CMAKE_PREFIX_PATH=/opt/ros/humble /usr/bin/cmake --build /home/jordan/SDfR/assignment6/build/relbot_sequence_controller -- -j16 -l16
[0.629s] DEBUG:colcon.colcon_core.event_handler.log_command:Invoking command in '/home/jordan/SDfR/assignment6/build/relbot_simulator': CMAKE_PREFIX_PATH=/opt/ros/humble /usr/bin/cmake --build /home/jordan/SDfR/assignment6/build/relbot_simulator -- -j16 -l16
[0.669s] DEBUG:colcon.colcon_core.event_handler.log_command:Invoked command in '/home/jordan/SDfR/assignment6/build/relbot_launch' returned '0': CMAKE_PREFIX_PATH=/opt/ros/humble /usr/bin/cmake --build /home/jordan/SDfR/assignment6/build/relbot_launch -- -j16 -l16
[0.683s] DEBUG:colcon.colcon_core.event_handler.log_command:Invoking command in '/home/jordan/SDfR/assignment6/build/relbot_launch': CMAKE_PREFIX_PATH=/opt/ros/humble /usr/bin/cmake --install /home/jordan/SDfR/assignment6/build/relbot_launch
[0.698s] DEBUG:colcon.colcon_core.event_handler.log_command:Invoked command in '/home/jordan/SDfR/assignment6/build/green_object_detector' returned '0': CMAKE_PREFIX_PATH=/opt/ros/humble /usr/bin/cmake --build /home/jordan/SDfR/assignment6/build/green_object_detector -- -j16 -l16
[0.701s] DEBUG:colcon.colcon_core.event_handler.log_command:Invoking command in '/home/jordan/SDfR/assignment6/build/green_object_detector': CMAKE_PREFIX_PATH=/opt/ros/humble /usr/bin/cmake --install /home/jordan/SDfR/assignment6/build/green_object_detector
[0.703s] Level 1:colcon.colcon_core.environment:create_environment_scripts_only(relbot_launch)
[0.704s] DEBUG:colcon.colcon_core.event_handler.log_command:Invoked command in '/home/jordan/SDfR/assignment6/build/relbot_launch' returned '0': CMAKE_PREFIX_PATH=/opt/ros/humble /usr/bin/cmake --install /home/jordan/SDfR/assignment6/build/relbot_launch
[0.706s] Level 1:colcon.colcon_core.environment:checking '/home/jordan/SDfR/assignment6/install/relbot_launch' for CMake module files
[0.707s] Level 1:colcon.colcon_core.environment:checking '/home/jordan/SDfR/assignment6/install/relbot_launch' for CMake config files
[0.707s] Level 1:colcon.colcon_core.shell:create_environment_hook('relbot_launch', 'cmake_prefix_path')
[0.708s] INFO:colcon.colcon_core.shell:Creating environment hook '/home/jordan/SDfR/assignment6/install/relbot_launch/share/relbot_launch/hook/cmake_prefix_path.ps1'
[0.709s] INFO:colcon.colcon_core.shell:Creating environment descriptor '/home/jordan/SDfR/assignment6/install/relbot_launch/share/relbot_launch/hook/cmake_prefix_path.dsv'
[0.709s] INFO:colcon.colcon_core.shell:Creating environment hook '/home/jordan/SDfR/assignment6/install/relbot_launch/share/relbot_launch/hook/cmake_prefix_path.sh'
[0.711s] Level 1:colcon.colcon_core.environment:checking '/home/jordan/SDfR/assignment6/install/relbot_launch/bin'
[0.711s] Level 1:colcon.colcon_core.environment:checking '/home/jordan/SDfR/assignment6/install/relbot_launch/lib/pkgconfig/relbot_launch.pc'
[0.711s] Level 1:colcon.colcon_core.environment:checking '/home/jordan/SDfR/assignment6/install/relbot_launch/lib/python3.10/site-packages'
[0.712s] Level 1:colcon.colcon_core.environment:checking '/home/jordan/SDfR/assignment6/install/relbot_launch/bin'
[0.712s] INFO:colcon.colcon_core.shell:Creating package script '/home/jordan/SDfR/assignment6/install/relbot_launch/share/relbot_launch/package.ps1'
[0.715s] INFO:colcon.colcon_core.shell:Creating package descriptor '/home/jordan/SDfR/assignment6/install/relbot_launch/share/relbot_launch/package.dsv'
[0.719s] INFO:colcon.colcon_core.shell:Creating package script '/home/jordan/SDfR/assignment6/install/relbot_launch/share/relbot_launch/package.sh'
[0.720s] INFO:colcon.colcon_core.shell:Creating package script '/home/jordan/SDfR/assignment6/install/relbot_launch/share/relbot_launch/package.bash'
[0.721s] INFO:colcon.colcon_core.shell:Creating package script '/home/jordan/SDfR/assignment6/install/relbot_launch/share/relbot_launch/package.zsh'
[0.721s] Level 1:colcon.colcon_core.environment:create_file_with_runtime_dependencies(/home/jordan/SDfR/assignment6/install/relbot_launch/share/colcon-core/packages/relbot_launch)
[0.722s] Level 1:colcon.colcon_core.environment:create_environment_scripts_only(relbot_launch)
[0.722s] Level 1:colcon.colcon_core.environment:checking '/home/jordan/SDfR/assignment6/install/relbot_launch' for CMake module files
[0.723s] Level 1:colcon.colcon_core.environment:checking '/home/jordan/SDfR/assignment6/install/relbot_launch' for CMake config files
[0.723s] Level 1:colcon.colcon_core.shell:create_environment_hook('relbot_launch', 'cmake_prefix_path')
[0.723s] INFO:colcon.colcon_core.shell:Creating environment hook '/home/jordan/SDfR/assignment6/install/relbot_launch/share/relbot_launch/hook/cmake_prefix_path.ps1'
[0.724s] INFO:colcon.colcon_core.shell:Creating environment descriptor '/home/jordan/SDfR/assignment6/install/relbot_launch/share/relbot_launch/hook/cmake_prefix_path.dsv'
[0.724s] INFO:colcon.colcon_core.shell:Creating environment hook '/home/jordan/SDfR/assignment6/install/relbot_launch/share/relbot_launch/hook/cmake_prefix_path.sh'
[0.725s] Level 1:colcon.colcon_core.environment:checking '/home/jordan/SDfR/assignment6/install/relbot_launch/bin'
[0.725s] Level 1:colcon.colcon_core.environment:checking '/home/jordan/SDfR/assignment6/install/relbot_launch/lib/pkgconfig/relbot_launch.pc'
[0.725s] Level 1:colcon.colcon_core.environment:checking '/home/jordan/SDfR/assignment6/install/relbot_launch/lib/python3.10/site-packages'
[0.726s] Level 1:colcon.colcon_core.environment:checking '/home/jordan/SDfR/assignment6/install/relbot_launch/bin'
[0.726s] INFO:colcon.colcon_core.shell:Creating package script '/home/jordan/SDfR/assignment6/install/relbot_launch/share/relbot_launch/package.ps1'
[0.727s] INFO:colcon.colcon_core.shell:Creating package descriptor '/home/jordan/SDfR/assignment6/install/relbot_launch/share/relbot_launch/package.dsv'
[0.727s] INFO:colcon.colcon_core.shell:Creating package script '/home/jordan/SDfR/assignment6/install/relbot_launch/share/relbot_launch/package.sh'
[0.728s] INFO:colcon.colcon_core.shell:Creating package script '/home/jordan/SDfR/assignment6/install/relbot_launch/share/relbot_launch/package.bash'
[0.728s] INFO:colcon.colcon_core.shell:Creating package script '/home/jordan/SDfR/assignment6/install/relbot_launch/share/relbot_launch/package.zsh'
[0.729s] Level 1:colcon.colcon_core.environment:create_file_with_runtime_dependencies(/home/jordan/SDfR/assignment6/install/relbot_launch/share/colcon-core/packages/relbot_launch)
[0.732s] DEBUG:colcon.colcon_core.event_handler.log_command:Invoked command in '/home/jordan/SDfR/assignment6/build/relbot2turtlesim' returned '0': CMAKE_PREFIX_PATH=/opt/ros/humble /usr/bin/cmake --build /home/jordan/SDfR/assignment6/build/relbot2turtlesim -- -j16 -l16
[0.735s] DEBUG:colcon.colcon_core.event_handler.log_command:Invoking command in '/home/jordan/SDfR/assignment6/build/relbot2turtlesim': CMAKE_PREFIX_PATH=/opt/ros/humble /usr/bin/cmake --install /home/jordan/SDfR/assignment6/build/relbot2turtlesim
[0.736s] DEBUG:colcon.colcon_core.event_handler.log_command:Invoked command in '/home/jordan/SDfR/assignment6/build/image_functions_sdfr' returned '0': CMAKE_PREFIX_PATH=/opt/ros/humble /usr/bin/cmake --build /home/jordan/SDfR/assignment6/build/image_functions_sdfr -- -j16 -l16
[0.739s] DEBUG:colcon.colcon_core.event_handler.log_command:Invoking command in '/home/jordan/SDfR/assignment6/build/image_functions_sdfr': CMAKE_PREFIX_PATH=/opt/ros/humble /usr/bin/cmake --install /home/jordan/SDfR/assignment6/build/image_functions_sdfr
[0.739s] DEBUG:colcon.colcon_core.event_handler.log_command:Invoked command in '/home/jordan/SDfR/assignment6/build/cam2image_vm2ros' returned '0': CMAKE_PREFIX_PATH=/opt/ros/humble /usr/bin/cmake --build /home/jordan/SDfR/assignment6/build/cam2image_vm2ros -- -j16 -l16
[0.741s] Level 1:colcon.colcon_core.environment:create_environment_scripts_only(green_object_detector)
[0.741s] Level 1:colcon.colcon_core.environment:checking '/home/jordan/SDfR/assignment6/install/green_object_detector' for CMake module files
[0.742s] DEBUG:colcon.colcon_core.event_handler.log_command:Invoking command in '/home/jordan/SDfR/assignment6/build/cam2image_vm2ros': CMAKE_PREFIX_PATH=/opt/ros/humble /usr/bin/cmake --install /home/jordan/SDfR/assignment6/build/cam2image_vm2ros
[0.742s] DEBUG:colcon.colcon_core.event_handler.log_command:Invoked command in '/home/jordan/SDfR/assignment6/build/green_object_detector' returned '0': CMAKE_PREFIX_PATH=/opt/ros/humble /usr/bin/cmake --install /home/jordan/SDfR/assignment6/build/green_object_detector
[0.743s] Level 1:colcon.colcon_core.environment:checking '/home/jordan/SDfR/assignment6/install/green_object_detector' for CMake config files
[0.743s] Level 1:colcon.colcon_core.shell:create_environment_hook('green_object_detector', 'cmake_prefix_path')
[0.744s] INFO:colcon.colcon_core.shell:Creating environment hook '/home/jordan/SDfR/assignment6/install/green_object_detector/share/green_object_detector/hook/cmake_prefix_path.ps1'
[0.744s] INFO:colcon.colcon_core.shell:Creating environment descriptor '/home/jordan/SDfR/assignment6/install/green_object_detector/share/green_object_detector/hook/cmake_prefix_path.dsv'
[0.745s] INFO:colcon.colcon_core.shell:Creating environment hook '/home/jordan/SDfR/assignment6/install/green_object_detector/share/green_object_detector/hook/cmake_prefix_path.sh'
[0.746s] Level 1:colcon.colcon_core.environment:checking '/home/jordan/SDfR/assignment6/install/green_object_detector/lib'
[0.746s] Level 1:colcon.colcon_core.environment:checking '/home/jordan/SDfR/assignment6/install/green_object_detector/bin'
[0.746s] Level 1:colcon.colcon_core.environment:checking '/home/jordan/SDfR/assignment6/install/green_object_detector/lib/pkgconfig/green_object_detector.pc'
[0.746s] Level 1:colcon.colcon_core.environment:checking '/home/jordan/SDfR/assignment6/install/green_object_detector/lib/python3.10/site-packages'
[0.747s] Level 1:colcon.colcon_core.environment:checking '/home/jordan/SDfR/assignment6/install/green_object_detector/bin'
[0.747s] INFO:colcon.colcon_core.shell:Creating package script '/home/jordan/SDfR/assignment6/install/green_object_detector/share/green_object_detector/package.ps1'
[0.748s] INFO:colcon.colcon_core.shell:Creating package descriptor '/home/jordan/SDfR/assignment6/install/green_object_detector/share/green_object_detector/package.dsv'
[0.748s] INFO:colcon.colcon_core.shell:Creating package script '/home/jordan/SDfR/assignment6/install/green_object_detector/share/green_object_detector/package.sh'
[0.749s] INFO:colcon.colcon_core.shell:Creating package script '/home/jordan/SDfR/assignment6/install/green_object_detector/share/green_object_detector/package.bash'
[0.749s] INFO:colcon.colcon_core.shell:Creating package script '/home/jordan/SDfR/assignment6/install/green_object_detector/share/green_object_detector/package.zsh'
[0.750s] Level 1:colcon.colcon_core.environment:create_file_with_runtime_dependencies(/home/jordan/SDfR/assignment6/install/green_object_detector/share/colcon-core/packages/green_object_detector)
[0.751s] Level 1:colcon.colcon_core.environment:create_environment_scripts_only(green_object_detector)
[0.751s] Level 1:colcon.colcon_core.environment:checking '/home/jordan/SDfR/assignment6/install/green_object_detector' for CMake module files
[0.752s] Level 1:colcon.colcon_core.environment:checking '/home/jordan/SDfR/assignment6/install/green_object_detector' for CMake config files
[0.753s] Level 1:colcon.colcon_core.shell:create_environment_hook('green_object_detector', 'cmake_prefix_path')
[0.753s] INFO:colcon.colcon_core.shell:Creating environment hook '/home/jordan/SDfR/assignment6/install/green_object_detector/share/green_object_detector/hook/cmake_prefix_path.ps1'
[0.754s] INFO:colcon.colcon_core.shell:Creating environment descriptor '/home/jordan/SDfR/assignment6/install/green_object_detector/share/green_object_detector/hook/cmake_prefix_path.dsv'
[0.754s] INFO:colcon.colcon_core.shell:Creating environment hook '/home/jordan/SDfR/assignment6/install/green_object_detector/share/green_object_detector/hook/cmake_prefix_path.sh'
[0.755s] Level 1:colcon.colcon_core.environment:checking '/home/jordan/SDfR/assignment6/install/green_object_detector/lib'
[0.755s] Level 1:colcon.colcon_core.environment:checking '/home/jordan/SDfR/assignment6/install/green_object_detector/bin'
[0.755s] Level 1:colcon.colcon_core.environment:checking '/home/jordan/SDfR/assignment6/install/green_object_detector/lib/pkgconfig/green_object_detector.pc'
[0.755s] Level 1:colcon.colcon_core.environment:checking '/home/jordan/SDfR/assignment6/install/green_object_detector/lib/python3.10/site-packages'
[0.755s] Level 1:colcon.colcon_core.environment:checking '/home/jordan/SDfR/assignment6/install/green_object_detector/bin'
[0.756s] INFO:colcon.colcon_core.shell:Creating package script '/home/jordan/SDfR/assignment6/install/green_object_detector/share/green_object_detector/package.ps1'
[0.756s] INFO:colcon.colcon_core.shell:Creating package descriptor '/home/jordan/SDfR/assignment6/install/green_object_detector/share/green_object_detector/package.dsv'
[0.757s] INFO:colcon.colcon_core.shell:Creating package script '/home/jordan/SDfR/assignment6/install/green_object_detector/share/green_object_detector/package.sh'
[0.757s] INFO:colcon.colcon_core.shell:Creating package script '/home/jordan/SDfR/assignment6/install/green_object_detector/share/green_object_detector/package.bash'
[0.758s] INFO:colcon.colcon_core.shell:Creating package script '/home/jordan/SDfR/assignment6/install/green_object_detector/share/green_object_detector/package.zsh'
[0.758s] Level 1:colcon.colcon_core.environment:create_file_with_runtime_dependencies(/home/jordan/SDfR/assignment6/install/green_object_detector/share/colcon-core/packages/green_object_detector)
[0.762s] DEBUG:colcon.colcon_core.event_handler.log_command:Invoked command in '/home/jordan/SDfR/assignment6/build/relbot_simulator' returned '0': CMAKE_PREFIX_PATH=/opt/ros/humble /usr/bin/cmake --build /home/jordan/SDfR/assignment6/build/relbot_simulator -- -j16 -l16
[0.766s] DEBUG:colcon.colcon_core.event_handler.log_command:Invoking command in '/home/jordan/SDfR/assignment6/build/relbot_simulator': CMAKE_PREFIX_PATH=/opt/ros/humble /usr/bin/cmake --install /home/jordan/SDfR/assignment6/build/relbot_simulator
[0.769s] Level 1:colcon.colcon_core.environment:create_environment_scripts_only(relbot2turtlesim)
[0.770s] Level 1:colcon.colcon_core.environment:checking '/home/jordan/SDfR/assignment6/install/relbot2turtlesim' for CMake module files
[0.778s] Level 1:colcon.colcon_core.environment:checking '/home/jordan/SDfR/assignment6/install/relbot2turtlesim' for CMake config files
[0.782s] Level 1:colcon.colcon_core.shell:create_environment_hook('relbot2turtlesim', 'cmake_prefix_path')
[0.783s] INFO:colcon.colcon_core.shell:Creating environment hook '/home/jordan/SDfR/assignment6/install/relbot2turtlesim/share/relbot2turtlesim/hook/cmake_prefix_path.ps1'
[0.786s] DEBUG:colcon.colcon_core.event_handler.log_command:Invoked command in '/home/jordan/SDfR/assignment6/build/relbot2turtlesim' returned '0': CMAKE_PREFIX_PATH=/opt/ros/humble /usr/bin/cmake --install /home/jordan/SDfR/assignment6/build/relbot2turtlesim
[0.786s] INFO:colcon.colcon_core.shell:Creating environment descriptor '/home/jordan/SDfR/assignment6/install/relbot2turtlesim/share/relbot2turtlesim/hook/cmake_prefix_path.dsv'
[0.788s] INFO:colcon.colcon_core.shell:Creating environment hook '/home/jordan/SDfR/assignment6/install/relbot2turtlesim/share/relbot2turtlesim/hook/cmake_prefix_path.sh'
[0.793s] Level 1:colcon.colcon_core.environment:checking '/home/jordan/SDfR/assignment6/install/relbot2turtlesim/lib'
[0.794s] Level 1:colcon.colcon_core.environment:checking '/home/jordan/SDfR/assignment6/install/relbot2turtlesim/bin'
[0.794s] Level 1:colcon.colcon_core.environment:checking '/home/jordan/SDfR/assignment6/install/relbot2turtlesim/lib/pkgconfig/relbot2turtlesim.pc'
[0.794s] Level 1:colcon.colcon_core.environment:checking '/home/jordan/SDfR/assignment6/install/relbot2turtlesim/lib/python3.10/site-packages'
[0.794s] Level 1:colcon.colcon_core.environment:checking '/home/jordan/SDfR/assignment6/install/relbot2turtlesim/bin'
[0.795s] INFO:colcon.colcon_core.shell:Creating package script '/home/jordan/SDfR/assignment6/install/relbot2turtlesim/share/relbot2turtlesim/package.ps1'
[0.795s] INFO:colcon.colcon_core.shell:Creating package descriptor '/home/jordan/SDfR/assignment6/install/relbot2turtlesim/share/relbot2turtlesim/package.dsv'
[0.796s] INFO:colcon.colcon_core.shell:Creating package script '/home/jordan/SDfR/assignment6/install/relbot2turtlesim/share/relbot2turtlesim/package.sh'
[0.796s] INFO:colcon.colcon_core.shell:Creating package script '/home/jordan/SDfR/assignment6/install/relbot2turtlesim/share/relbot2turtlesim/package.bash'
[0.797s] INFO:colcon.colcon_core.shell:Creating package script '/home/jordan/SDfR/assignment6/install/relbot2turtlesim/share/relbot2turtlesim/package.zsh'
[0.797s] Level 1:colcon.colcon_core.environment:create_file_with_runtime_dependencies(/home/jordan/SDfR/assignment6/install/relbot2turtlesim/share/colcon-core/packages/relbot2turtlesim)
[0.798s] Level 1:colcon.colcon_core.environment:create_environment_scripts_only(relbot2turtlesim)
[0.798s] Level 1:colcon.colcon_core.environment:checking '/home/jordan/SDfR/assignment6/install/relbot2turtlesim' for CMake module files
[0.799s] Level 1:colcon.colcon_core.environment:checking '/home/jordan/SDfR/assignment6/install/relbot2turtlesim' for CMake config files
[0.799s] Level 1:colcon.colcon_core.shell:create_environment_hook('relbot2turtlesim', 'cmake_prefix_path')
[0.799s] INFO:colcon.colcon_core.shell:Creating environment hook '/home/jordan/SDfR/assignment6/install/relbot2turtlesim/share/relbot2turtlesim/hook/cmake_prefix_path.ps1'
[0.799s] INFO:colcon.colcon_core.shell:Creating environment descriptor '/home/jordan/SDfR/assignment6/install/relbot2turtlesim/share/relbot2turtlesim/hook/cmake_prefix_path.dsv'
[0.800s] INFO:colcon.colcon_core.shell:Creating environment hook '/home/jordan/SDfR/assignment6/install/relbot2turtlesim/share/relbot2turtlesim/hook/cmake_prefix_path.sh'
[0.800s] Level 1:colcon.colcon_core.environment:checking '/home/jordan/SDfR/assignment6/install/relbot2turtlesim/lib'
[0.801s] Level 1:colcon.colcon_core.environment:checking '/home/jordan/SDfR/assignment6/install/relbot2turtlesim/bin'
[0.801s] Level 1:colcon.colcon_core.environment:checking '/home/jordan/SDfR/assignment6/install/relbot2turtlesim/lib/pkgconfig/relbot2turtlesim.pc'
[0.801s] Level 1:colcon.colcon_core.environment:checking '/home/jordan/SDfR/assignment6/install/relbot2turtlesim/lib/python3.10/site-packages'
[0.801s] Level 1:colcon.colcon_core.environment:checking '/home/jordan/SDfR/assignment6/install/relbot2turtlesim/bin'
[0.802s] INFO:colcon.colcon_core.shell:Creating package script '/home/jordan/SDfR/assignment6/install/relbot2turtlesim/share/relbot2turtlesim/package.ps1'
[0.802s] INFO:colcon.colcon_core.shell:Creating package descriptor '/home/jordan/SDfR/assignment6/install/relbot2turtlesim/share/relbot2turtlesim/package.dsv'
[0.803s] INFO:colcon.colcon_core.shell:Creating package script '/home/jordan/SDfR/assignment6/install/relbot2turtlesim/share/relbot2turtlesim/package.sh'
[0.804s] INFO:colcon.colcon_core.shell:Creating package script '/home/jordan/SDfR/assignment6/install/relbot2turtlesim/share/relbot2turtlesim/package.bash'
[0.804s] INFO:colcon.colcon_core.shell:Creating package script '/home/jordan/SDfR/assignment6/install/relbot2turtlesim/share/relbot2turtlesim/package.zsh'
[0.804s] Level 1:colcon.colcon_core.environment:create_file_with_runtime_dependencies(/home/jordan/SDfR/assignment6/install/relbot2turtlesim/share/colcon-core/packages/relbot2turtlesim)
[0.805s] Level 1:colcon.colcon_core.environment:create_environment_scripts_only(cam2image_vm2ros)
[0.805s] Level 1:colcon.colcon_core.environment:checking '/home/jordan/SDfR/assignment6/install/cam2image_vm2ros' for CMake module files
[0.807s] DEBUG:colcon.colcon_core.event_handler.log_command:Invoked command in '/home/jordan/SDfR/assignment6/build/cam2image_vm2ros' returned '0': CMAKE_PREFIX_PATH=/opt/ros/humble /usr/bin/cmake --install /home/jordan/SDfR/assignment6/build/cam2image_vm2ros
[0.807s] Level 1:colcon.colcon_core.environment:checking '/home/jordan/SDfR/assignment6/install/cam2image_vm2ros' for CMake config files
[0.807s] Level 1:colcon.colcon_core.shell:create_environment_hook('cam2image_vm2ros', 'cmake_prefix_path')
[0.807s] INFO:colcon.colcon_core.shell:Creating environment hook '/home/jordan/SDfR/assignment6/install/cam2image_vm2ros/share/cam2image_vm2ros/hook/cmake_prefix_path.ps1'
[0.808s] INFO:colcon.colcon_core.shell:Creating environment descriptor '/home/jordan/SDfR/assignment6/install/cam2image_vm2ros/share/cam2image_vm2ros/hook/cmake_prefix_path.dsv'
[0.808s] INFO:colcon.colcon_core.shell:Creating environment hook '/home/jordan/SDfR/assignment6/install/cam2image_vm2ros/share/cam2image_vm2ros/hook/cmake_prefix_path.sh'
[0.809s] Level 1:colcon.colcon_core.environment:checking '/home/jordan/SDfR/assignment6/install/cam2image_vm2ros/lib'
[0.809s] Level 1:colcon.colcon_core.shell:create_environment_hook('cam2image_vm2ros', 'ld_library_path_lib')
[0.810s] INFO:colcon.colcon_core.shell:Creating environment hook '/home/jordan/SDfR/assignment6/install/cam2image_vm2ros/share/cam2image_vm2ros/hook/ld_library_path_lib.ps1'
[0.810s] INFO:colcon.colcon_core.shell:Creating environment descriptor '/home/jordan/SDfR/assignment6/install/cam2image_vm2ros/share/cam2image_vm2ros/hook/ld_library_path_lib.dsv'
[0.811s] INFO:colcon.colcon_core.shell:Creating environment hook '/home/jordan/SDfR/assignment6/install/cam2image_vm2ros/share/cam2image_vm2ros/hook/ld_library_path_lib.sh'
[0.811s] Level 1:colcon.colcon_core.environment:checking '/home/jordan/SDfR/assignment6/install/cam2image_vm2ros/bin'
[0.811s] Level 1:colcon.colcon_core.environment:checking '/home/jordan/SDfR/assignment6/install/cam2image_vm2ros/lib/pkgconfig/cam2image_vm2ros.pc'
[0.811s] Level 1:colcon.colcon_core.environment:checking '/home/jordan/SDfR/assignment6/install/cam2image_vm2ros/lib/python3.10/site-packages'
[0.812s] Level 1:colcon.colcon_core.environment:checking '/home/jordan/SDfR/assignment6/install/cam2image_vm2ros/bin'
[0.812s] INFO:colcon.colcon_core.shell:Creating package script '/home/jordan/SDfR/assignment6/install/cam2image_vm2ros/share/cam2image_vm2ros/package.ps1'
[0.813s] INFO:colcon.colcon_core.shell:Creating package descriptor '/home/jordan/SDfR/assignment6/install/cam2image_vm2ros/share/cam2image_vm2ros/package.dsv'
[0.813s] INFO:colcon.colcon_core.shell:Creating package script '/home/jordan/SDfR/assignment6/install/cam2image_vm2ros/share/cam2image_vm2ros/package.sh'
[0.814s] INFO:colcon.colcon_core.shell:Creating package script '/home/jordan/SDfR/assignment6/install/cam2image_vm2ros/share/cam2image_vm2ros/package.bash'
[0.814s] INFO:colcon.colcon_core.shell:Creating package script '/home/jordan/SDfR/assignment6/install/cam2image_vm2ros/share/cam2image_vm2ros/package.zsh'
[0.815s] Level 1:colcon.colcon_core.environment:create_file_with_runtime_dependencies(/home/jordan/SDfR/assignment6/install/cam2image_vm2ros/share/colcon-core/packages/cam2image_vm2ros)
[0.815s] Level 1:colcon.colcon_core.environment:create_environment_scripts_only(cam2image_vm2ros)
[0.816s] Level 1:colcon.colcon_core.environment:checking '/home/jordan/SDfR/assignment6/install/cam2image_vm2ros' for CMake module files
[0.816s] Level 1:colcon.colcon_core.environment:checking '/home/jordan/SDfR/assignment6/install/cam2image_vm2ros' for CMake config files
[0.817s] Level 1:colcon.colcon_core.shell:create_environment_hook('cam2image_vm2ros', 'cmake_prefix_path')
[0.817s] INFO:colcon.colcon_core.shell:Creating environment hook '/home/jordan/SDfR/assignment6/install/cam2image_vm2ros/share/cam2image_vm2ros/hook/cmake_prefix_path.ps1'
[0.818s] INFO:colcon.colcon_core.shell:Creating environment descriptor '/home/jordan/SDfR/assignment6/install/cam2image_vm2ros/share/cam2image_vm2ros/hook/cmake_prefix_path.dsv'
[0.818s] INFO:colcon.colcon_core.shell:Creating environment hook '/home/jordan/SDfR/assignment6/install/cam2image_vm2ros/share/cam2image_vm2ros/hook/cmake_prefix_path.sh'
[0.819s] Level 1:colcon.colcon_core.environment:checking '/home/jordan/SDfR/assignment6/install/cam2image_vm2ros/lib'
[0.819s] Level 1:colcon.colcon_core.shell:create_environment_hook('cam2image_vm2ros', 'ld_library_path_lib')
[0.820s] INFO:colcon.colcon_core.shell:Creating environment hook '/home/jordan/SDfR/assignment6/install/cam2image_vm2ros/share/cam2image_vm2ros/hook/ld_library_path_lib.ps1'
[0.820s] INFO:colcon.colcon_core.shell:Creating environment descriptor '/home/jordan/SDfR/assignment6/install/cam2image_vm2ros/share/cam2image_vm2ros/hook/ld_library_path_lib.dsv'
[0.820s] INFO:colcon.colcon_core.shell:Creating environment hook '/home/jordan/SDfR/assignment6/install/cam2image_vm2ros/share/cam2image_vm2ros/hook/ld_library_path_lib.sh'
[0.821s] Level 1:colcon.colcon_core.environment:checking '/home/jordan/SDfR/assignment6/install/cam2image_vm2ros/bin'
[0.821s] Level 1:colcon.colcon_core.environment:checking '/home/jordan/SDfR/assignment6/install/cam2image_vm2ros/lib/pkgconfig/cam2image_vm2ros.pc'
[0.821s] Level 1:colcon.colcon_core.environment:checking '/home/jordan/SDfR/assignment6/install/cam2image_vm2ros/lib/python3.10/site-packages'
[0.821s] Level 1:colcon.colcon_core.environment:checking '/home/jordan/SDfR/assignment6/install/cam2image_vm2ros/bin'
[0.822s] INFO:colcon.colcon_core.shell:Creating package script '/home/jordan/SDfR/assignment6/install/cam2image_vm2ros/share/cam2image_vm2ros/package.ps1'
[0.822s] INFO:colcon.colcon_core.shell:Creating package descriptor '/home/jordan/SDfR/assignment6/install/cam2image_vm2ros/share/cam2image_vm2ros/package.dsv'
[0.823s] INFO:colcon.colcon_core.shell:Creating package script '/home/jordan/SDfR/assignment6/install/cam2image_vm2ros/share/cam2image_vm2ros/package.sh'
[0.824s] INFO:colcon.colcon_core.shell:Creating package script '/home/jordan/SDfR/assignment6/install/cam2image_vm2ros/share/cam2image_vm2ros/package.bash'
[0.824s] INFO:colcon.colcon_core.shell:Creating package script '/home/jordan/SDfR/assignment6/install/cam2image_vm2ros/share/cam2image_vm2ros/package.zsh'
[0.825s] Level 1:colcon.colcon_core.environment:create_file_with_runtime_dependencies(/home/jordan/SDfR/assignment6/install/cam2image_vm2ros/share/colcon-core/packages/cam2image_vm2ros)
[0.826s] Level 1:colcon.colcon_core.environment:create_environment_scripts_only(image_functions_sdfr)
[0.826s] Level 1:colcon.colcon_core.environment:checking '/home/jordan/SDfR/assignment6/install/image_functions_sdfr' for CMake module files
[0.828s] DEBUG:colcon.colcon_core.event_handler.log_command:Invoked command in '/home/jordan/SDfR/assignment6/build/image_functions_sdfr' returned '0': CMAKE_PREFIX_PATH=/opt/ros/humble /usr/bin/cmake --install /home/jordan/SDfR/assignment6/build/image_functions_sdfr
[0.828s] Level 1:colcon.colcon_core.environment:checking '/home/jordan/SDfR/assignment6/install/image_functions_sdfr' for CMake config files
[0.828s] Level 1:colcon.colcon_core.shell:create_environment_hook('image_functions_sdfr', 'cmake_prefix_path')
[0.829s] INFO:colcon.colcon_core.shell:Creating environment hook '/home/jordan/SDfR/assignment6/install/image_functions_sdfr/share/image_functions_sdfr/hook/cmake_prefix_path.ps1'
[0.829s] INFO:colcon.colcon_core.shell:Creating environment descriptor '/home/jordan/SDfR/assignment6/install/image_functions_sdfr/share/image_functions_sdfr/hook/cmake_prefix_path.dsv'
[0.830s] INFO:colcon.colcon_core.shell:Creating environment hook '/home/jordan/SDfR/assignment6/install/image_functions_sdfr/share/image_functions_sdfr/hook/cmake_prefix_path.sh'
[0.831s] Level 1:colcon.colcon_core.environment:checking '/home/jordan/SDfR/assignment6/install/image_functions_sdfr/lib'
[0.831s] Level 1:colcon.colcon_core.shell:create_environment_hook('image_functions_sdfr', 'ld_library_path_lib')
[0.831s] INFO:colcon.colcon_core.shell:Creating environment hook '/home/jordan/SDfR/assignment6/install/image_functions_sdfr/share/image_functions_sdfr/hook/ld_library_path_lib.ps1'
[0.832s] INFO:colcon.colcon_core.shell:Creating environment descriptor '/home/jordan/SDfR/assignment6/install/image_functions_sdfr/share/image_functions_sdfr/hook/ld_library_path_lib.dsv'
[0.832s] INFO:colcon.colcon_core.shell:Creating environment hook '/home/jordan/SDfR/assignment6/install/image_functions_sdfr/share/image_functions_sdfr/hook/ld_library_path_lib.sh'
[0.833s] Level 1:colcon.colcon_core.environment:checking '/home/jordan/SDfR/assignment6/install/image_functions_sdfr/bin'
[0.833s] Level 1:colcon.colcon_core.environment:checking '/home/jordan/SDfR/assignment6/install/image_functions_sdfr/lib/pkgconfig/image_functions_sdfr.pc'
[0.833s] Level 1:colcon.colcon_core.environment:checking '/home/jordan/SDfR/assignment6/install/image_functions_sdfr/lib/python3.10/site-packages'
[0.834s] Level 1:colcon.colcon_core.environment:checking '/home/jordan/SDfR/assignment6/install/image_functions_sdfr/bin'
[0.834s] INFO:colcon.colcon_core.shell:Creating package script '/home/jordan/SDfR/assignment6/install/image_functions_sdfr/share/image_functions_sdfr/package.ps1'
[0.835s] INFO:colcon.colcon_core.shell:Creating package descriptor '/home/jordan/SDfR/assignment6/install/image_functions_sdfr/share/image_functions_sdfr/package.dsv'
[0.836s] INFO:colcon.colcon_core.shell:Creating package script '/home/jordan/SDfR/assignment6/install/image_functions_sdfr/share/image_functions_sdfr/package.sh'
[0.836s] INFO:colcon.colcon_core.shell:Creating package script '/home/jordan/SDfR/assignment6/install/image_functions_sdfr/share/image_functions_sdfr/package.bash'
[0.837s] INFO:colcon.colcon_core.shell:Creating package script '/home/jordan/SDfR/assignment6/install/image_functions_sdfr/share/image_functions_sdfr/package.zsh'
[0.837s] Level 1:colcon.colcon_core.environment:create_file_with_runtime_dependencies(/home/jordan/SDfR/assignment6/install/image_functions_sdfr/share/colcon-core/packages/image_functions_sdfr)
[0.838s] Level 1:colcon.colcon_core.environment:create_environment_scripts_only(image_functions_sdfr)
[0.838s] Level 1:colcon.colcon_core.environment:checking '/home/jordan/SDfR/assignment6/install/image_functions_sdfr' for CMake module files
[0.839s] Level 1:colcon.colcon_core.environment:checking '/home/jordan/SDfR/assignment6/install/image_functions_sdfr' for CMake config files
[0.839s] Level 1:colcon.colcon_core.shell:create_environment_hook('image_functions_sdfr', 'cmake_prefix_path')
[0.839s] INFO:colcon.colcon_core.shell:Creating environment hook '/home/jordan/SDfR/assignment6/install/image_functions_sdfr/share/image_functions_sdfr/hook/cmake_prefix_path.ps1'
[0.840s] INFO:colcon.colcon_core.shell:Creating environment descriptor '/home/jordan/SDfR/assignment6/install/image_functions_sdfr/share/image_functions_sdfr/hook/cmake_prefix_path.dsv'
[0.840s] INFO:colcon.colcon_core.shell:Creating environment hook '/home/jordan/SDfR/assignment6/install/image_functions_sdfr/share/image_functions_sdfr/hook/cmake_prefix_path.sh'
[0.841s] Level 1:colcon.colcon_core.environment:checking '/home/jordan/SDfR/assignment6/install/image_functions_sdfr/lib'
[0.841s] Level 1:colcon.colcon_core.shell:create_environment_hook('image_functions_sdfr', 'ld_library_path_lib')
[0.841s] INFO:colcon.colcon_core.shell:Creating environment hook '/home/jordan/SDfR/assignment6/install/image_functions_sdfr/share/image_functions_sdfr/hook/ld_library_path_lib.ps1'
[0.842s] INFO:colcon.colcon_core.shell:Creating environment descriptor '/home/jordan/SDfR/assignment6/install/image_functions_sdfr/share/image_functions_sdfr/hook/ld_library_path_lib.dsv'
[0.842s] INFO:colcon.colcon_core.shell:Creating environment hook '/home/jordan/SDfR/assignment6/install/image_functions_sdfr/share/image_functions_sdfr/hook/ld_library_path_lib.sh'
[0.843s] Level 1:colcon.colcon_core.environment:checking '/home/jordan/SDfR/assignment6/install/image_functions_sdfr/bin'
[0.843s] Level 1:colcon.colcon_core.environment:checking '/home/jordan/SDfR/assignment6/install/image_functions_sdfr/lib/pkgconfig/image_functions_sdfr.pc'
[0.843s] Level 1:colcon.colcon_core.environment:checking '/home/jordan/SDfR/assignment6/install/image_functions_sdfr/lib/python3.10/site-packages'
[0.843s] Level 1:colcon.colcon_core.environment:checking '/home/jordan/SDfR/assignment6/install/image_functions_sdfr/bin'
[0.843s] INFO:colcon.colcon_core.shell:Creating package script '/home/jordan/SDfR/assignment6/install/image_functions_sdfr/share/image_functions_sdfr/package.ps1'
[0.844s] INFO:colcon.colcon_core.shell:Creating package descriptor '/home/jordan/SDfR/assignment6/install/image_functions_sdfr/share/image_functions_sdfr/package.dsv'
[0.844s] INFO:colcon.colcon_core.shell:Creating package script '/home/jordan/SDfR/assignment6/install/image_functions_sdfr/share/image_functions_sdfr/package.sh'
[0.845s] INFO:colcon.colcon_core.shell:Creating package script '/home/jordan/SDfR/assignment6/install/image_functions_sdfr/share/image_functions_sdfr/package.bash'
[0.845s] INFO:colcon.colcon_core.shell:Creating package script '/home/jordan/SDfR/assignment6/install/image_functions_sdfr/share/image_functions_sdfr/package.zsh'
[0.846s] Level 1:colcon.colcon_core.environment:create_file_with_runtime_dependencies(/home/jordan/SDfR/assignment6/install/image_functions_sdfr/share/colcon-core/packages/image_functions_sdfr)
[0.847s] Level 1:colcon.colcon_core.environment:create_environment_scripts_only(relbot_simulator)
[0.848s] Level 1:colcon.colcon_core.environment:checking '/home/jordan/SDfR/assignment6/install/relbot_simulator' for CMake module files
[0.848s] DEBUG:colcon.colcon_core.event_handler.log_command:Invoked command in '/home/jordan/SDfR/assignment6/build/relbot_simulator' returned '0': CMAKE_PREFIX_PATH=/opt/ros/humble /usr/bin/cmake --install /home/jordan/SDfR/assignment6/build/relbot_simulator
[0.849s] Level 1:colcon.colcon_core.environment:checking '/home/jordan/SDfR/assignment6/install/relbot_simulator' for CMake config files
[0.849s] Level 1:colcon.colcon_core.shell:create_environment_hook('relbot_simulator', 'cmake_prefix_path')
[0.849s] INFO:colcon.colcon_core.shell:Creating environment hook '/home/jordan/SDfR/assignment6/install/relbot_simulator/share/relbot_simulator/hook/cmake_prefix_path.ps1'
[0.850s] INFO:colcon.colcon_core.shell:Creating environment descriptor '/home/jordan/SDfR/assignment6/install/relbot_simulator/share/relbot_simulator/hook/cmake_prefix_path.dsv'
[0.850s] INFO:colcon.colcon_core.shell:Creating environment hook '/home/jordan/SDfR/assignment6/install/relbot_simulator/share/relbot_simulator/hook/cmake_prefix_path.sh'
[0.851s] Level 1:colcon.colcon_core.environment:checking '/home/jordan/SDfR/assignment6/install/relbot_simulator/lib'
[0.851s] Level 1:colcon.colcon_core.environment:checking '/home/jordan/SDfR/assignment6/install/relbot_simulator/bin'
[0.851s] Level 1:colcon.colcon_core.environment:checking '/home/jordan/SDfR/assignment6/install/relbot_simulator/lib/pkgconfig/relbot_simulator.pc'
[0.852s] Level 1:colcon.colcon_core.environment:checking '/home/jordan/SDfR/assignment6/install/relbot_simulator/lib/python3.10/site-packages'
[0.852s] Level 1:colcon.colcon_core.environment:checking '/home/jordan/SDfR/assignment6/install/relbot_simulator/bin'
[0.853s] INFO:colcon.colcon_core.shell:Creating package script '/home/jordan/SDfR/assignment6/install/relbot_simulator/share/relbot_simulator/package.ps1'
[0.853s] INFO:colcon.colcon_core.shell:Creating package descriptor '/home/jordan/SDfR/assignment6/install/relbot_simulator/share/relbot_simulator/package.dsv'
[0.854s] INFO:colcon.colcon_core.shell:Creating package script '/home/jordan/SDfR/assignment6/install/relbot_simulator/share/relbot_simulator/package.sh'
[0.855s] INFO:colcon.colcon_core.shell:Creating package script '/home/jordan/SDfR/assignment6/install/relbot_simulator/share/relbot_simulator/package.bash'
[0.855s] INFO:colcon.colcon_core.shell:Creating package script '/home/jordan/SDfR/assignment6/install/relbot_simulator/share/relbot_simulator/package.zsh'
[0.856s] Level 1:colcon.colcon_core.environment:create_file_with_runtime_dependencies(/home/jordan/SDfR/assignment6/install/relbot_simulator/share/colcon-core/packages/relbot_simulator)
[0.857s] Level 1:colcon.colcon_core.environment:create_environment_scripts_only(relbot_simulator)
[0.857s] Level 1:colcon.colcon_core.environment:checking '/home/jordan/SDfR/assignment6/install/relbot_simulator' for CMake module files
[0.858s] Level 1:colcon.colcon_core.environment:checking '/home/jordan/SDfR/assignment6/install/relbot_simulator' for CMake config files
[0.858s] Level 1:colcon.colcon_core.shell:create_environment_hook('relbot_simulator', 'cmake_prefix_path')
[0.859s] INFO:colcon.colcon_core.shell:Creating environment hook '/home/jordan/SDfR/assignment6/install/relbot_simulator/share/relbot_simulator/hook/cmake_prefix_path.ps1'
[0.859s] INFO:colcon.colcon_core.shell:Creating environment descriptor '/home/jordan/SDfR/assignment6/install/relbot_simulator/share/relbot_simulator/hook/cmake_prefix_path.dsv'
[0.860s] INFO:colcon.colcon_core.shell:Creating environment hook '/home/jordan/SDfR/assignment6/install/relbot_simulator/share/relbot_simulator/hook/cmake_prefix_path.sh'
[0.861s] Level 1:colcon.colcon_core.environment:checking '/home/jordan/SDfR/assignment6/install/relbot_simulator/lib'
[0.861s] Level 1:colcon.colcon_core.environment:checking '/home/jordan/SDfR/assignment6/install/relbot_simulator/bin'
[0.861s] Level 1:colcon.colcon_core.environment:checking '/home/jordan/SDfR/assignment6/install/relbot_simulator/lib/pkgconfig/relbot_simulator.pc'
[0.861s] Level 1:colcon.colcon_core.environment:checking '/home/jordan/SDfR/assignment6/install/relbot_simulator/lib/python3.10/site-packages'
[0.861s] Level 1:colcon.colcon_core.environment:checking '/home/jordan/SDfR/assignment6/install/relbot_simulator/bin'
[0.862s] INFO:colcon.colcon_core.shell:Creating package script '/home/jordan/SDfR/assignment6/install/relbot_simulator/share/relbot_simulator/package.ps1'
[0.863s] INFO:colcon.colcon_core.shell:Creating package descriptor '/home/jordan/SDfR/assignment6/install/relbot_simulator/share/relbot_simulator/package.dsv'
[0.863s] INFO:colcon.colcon_core.shell:Creating package script '/home/jordan/SDfR/assignment6/install/relbot_simulator/share/relbot_simulator/package.sh'
[0.864s] INFO:colcon.colcon_core.shell:Creating package script '/home/jordan/SDfR/assignment6/install/relbot_simulator/share/relbot_simulator/package.bash'
[0.864s] INFO:colcon.colcon_core.shell:Creating package script '/home/jordan/SDfR/assignment6/install/relbot_simulator/share/relbot_simulator/package.zsh'
[0.864s] Level 1:colcon.colcon_core.environment:create_file_with_runtime_dependencies(/home/jordan/SDfR/assignment6/install/relbot_simulator/share/colcon-core/packages/relbot_simulator)
[13.012s] DEBUG:colcon.colcon_core.event_handler.log_command:Invoked command in '/home/jordan/SDfR/assignment6/build/relbot_sequence_controller' returned '0': CMAKE_PREFIX_PATH=/opt/ros/humble /usr/bin/cmake --build /home/jordan/SDfR/assignment6/build/relbot_sequence_controller -- -j16 -l16
[13.014s] DEBUG:colcon.colcon_core.event_handler.log_command:Invoking command in '/home/jordan/SDfR/assignment6/build/relbot_sequence_controller': CMAKE_PREFIX_PATH=/opt/ros/humble /usr/bin/cmake --install /home/jordan/SDfR/assignment6/build/relbot_sequence_controller
[13.038s] Level 1:colcon.colcon_core.environment:create_environment_scripts_only(relbot_sequence_controller)
[13.039s] Level 1:colcon.colcon_core.environment:checking '/home/jordan/SDfR/assignment6/install/relbot_sequence_controller' for CMake module files
[13.039s] DEBUG:colcon.colcon_core.event_handler.log_command:Invoked command in '/home/jordan/SDfR/assignment6/build/relbot_sequence_controller' returned '0': CMAKE_PREFIX_PATH=/opt/ros/humble /usr/bin/cmake --install /home/jordan/SDfR/assignment6/build/relbot_sequence_controller
[13.040s] Level 1:colcon.colcon_core.environment:checking '/home/jordan/SDfR/assignment6/install/relbot_sequence_controller' for CMake config files
[13.040s] Level 1:colcon.colcon_core.shell:create_environment_hook('relbot_sequence_controller', 'cmake_prefix_path')
[13.040s] INFO:colcon.colcon_core.shell:Creating environment hook '/home/jordan/SDfR/assignment6/install/relbot_sequence_controller/share/relbot_sequence_controller/hook/cmake_prefix_path.ps1'
[13.041s] INFO:colcon.colcon_core.shell:Creating environment descriptor '/home/jordan/SDfR/assignment6/install/relbot_sequence_controller/share/relbot_sequence_controller/hook/cmake_prefix_path.dsv'
[13.041s] INFO:colcon.colcon_core.shell:Creating environment hook '/home/jordan/SDfR/assignment6/install/relbot_sequence_controller/share/relbot_sequence_controller/hook/cmake_prefix_path.sh'
[13.042s] Level 1:colcon.colcon_core.environment:checking '/home/jordan/SDfR/assignment6/install/relbot_sequence_controller/lib'
[13.042s] Level 1:colcon.colcon_core.environment:checking '/home/jordan/SDfR/assignment6/install/relbot_sequence_controller/bin'
[13.042s] Level 1:colcon.colcon_core.environment:checking '/home/jordan/SDfR/assignment6/install/relbot_sequence_controller/lib/pkgconfig/relbot_sequence_controller.pc'
[13.042s] Level 1:colcon.colcon_core.environment:checking '/home/jordan/SDfR/assignment6/install/relbot_sequence_controller/lib/python3.10/site-packages'
[13.042s] Level 1:colcon.colcon_core.environment:checking '/home/jordan/SDfR/assignment6/install/relbot_sequence_controller/bin'
[13.043s] INFO:colcon.colcon_core.shell:Creating package script '/home/jordan/SDfR/assignment6/install/relbot_sequence_controller/share/relbot_sequence_controller/package.ps1'
[13.043s] INFO:colcon.colcon_core.shell:Creating package descriptor '/home/jordan/SDfR/assignment6/install/relbot_sequence_controller/share/relbot_sequence_controller/package.dsv'
[13.044s] INFO:colcon.colcon_core.shell:Creating package script '/home/jordan/SDfR/assignment6/install/relbot_sequence_controller/share/relbot_sequence_controller/package.sh'
[13.044s] INFO:colcon.colcon_core.shell:Creating package script '/home/jordan/SDfR/assignment6/install/relbot_sequence_controller/share/relbot_sequence_controller/package.bash'
[13.044s] INFO:colcon.colcon_core.shell:Creating package script '/home/jordan/SDfR/assignment6/install/relbot_sequence_controller/share/relbot_sequence_controller/package.zsh'
[13.045s] Level 1:colcon.colcon_core.environment:create_file_with_runtime_dependencies(/home/jordan/SDfR/assignment6/install/relbot_sequence_controller/share/colcon-core/packages/relbot_sequence_controller)
[13.045s] Level 1:colcon.colcon_core.environment:create_environment_scripts_only(relbot_sequence_controller)
[13.045s] Level 1:colcon.colcon_core.environment:checking '/home/jordan/SDfR/assignment6/install/relbot_sequence_controller' for CMake module files
[13.046s] Level 1:colcon.colcon_core.environment:checking '/home/jordan/SDfR/assignment6/install/relbot_sequence_controller' for CMake config files
[13.046s] Level 1:colcon.colcon_core.shell:create_environment_hook('relbot_sequence_controller', 'cmake_prefix_path')
[13.046s] INFO:colcon.colcon_core.shell:Creating environment hook '/home/jordan/SDfR/assignment6/install/relbot_sequence_controller/share/relbot_sequence_controller/hook/cmake_prefix_path.ps1'
[13.047s] INFO:colcon.colcon_core.shell:Creating environment descriptor '/home/jordan/SDfR/assignment6/install/relbot_sequence_controller/share/relbot_sequence_controller/hook/cmake_prefix_path.dsv'
[13.047s] INFO:colcon.colcon_core.shell:Creating environment hook '/home/jordan/SDfR/assignment6/install/relbot_sequence_controller/share/relbot_sequence_controller/hook/cmake_prefix_path.sh'
[13.048s] Level 1:colcon.colcon_core.environment:checking '/home/jordan/SDfR/assignment6/install/relbot_sequence_controller/lib'
[13.048s] Level 1:colcon.colcon_core.environment:checking '/home/jordan/SDfR/assignment6/install/relbot_sequence_controller/bin'
[13.048s] Level 1:colcon.colcon_core.environment:checking '/home/jordan/SDfR/assignment6/install/relbot_sequence_controller/lib/pkgconfig/relbot_sequence_controller.pc'
[13.048s] Level 1:colcon.colcon_core.environment:checking '/home/jordan/SDfR/assignment6/install/relbot_sequence_controller/lib/python3.10/site-packages'
[13.048s] Level 1:colcon.colcon_core.environment:checking '/home/jordan/SDfR/assignment6/install/relbot_sequence_controller/bin'
[13.048s] INFO:colcon.colcon_core.shell:Creating package script '/home/jordan/SDfR/assignment6/install/relbot_sequence_controller/share/relbot_sequence_controller/package.ps1'
[13.049s] INFO:colcon.colcon_core.shell:Creating package descriptor '/home/jordan/SDfR/assignment6/install/relbot_sequence_controller/share/relbot_sequence_controller/package.dsv'
[13.049s] INFO:colcon.colcon_core.shell:Creating package script '/home/jordan/SDfR/assignment6/install/relbot_sequence_controller/share/relbot_sequence_controller/package.sh'
[13.050s] INFO:colcon.colcon_core.shell:Creating package script '/home/jordan/SDfR/assignment6/install/relbot_sequence_controller/share/relbot_sequence_controller/package.bash'
[13.050s] INFO:colcon.colcon_core.shell:Creating package script '/home/jordan/SDfR/assignment6/install/relbot_sequence_controller/share/relbot_sequence_controller/package.zsh'
[13.051s] Level 1:colcon.colcon_core.environment:create_file_with_runtime_dependencies(/home/jordan/SDfR/assignment6/install/relbot_sequence_controller/share/colcon-core/packages/relbot_sequence_controller)
[13.051s] DEBUG:colcon.colcon_parallel_executor.executor.parallel:closing loop
[13.052s] DEBUG:colcon.colcon_parallel_executor.executor.parallel:loop closed
[13.052s] DEBUG:colcon.colcon_parallel_executor.executor.parallel:run_until_complete finished with '0'
[13.052s] DEBUG:colcon.colcon_core.event_reactor:joining thread
[13.058s] INFO:colcon.colcon_core.plugin_system:Skipping extension 'colcon_notification.desktop_notification.terminal_notifier': Not used on non-Darwin systems
[13.058s] INFO:colcon.colcon_core.plugin_system:Skipping extension 'colcon_notification.desktop_notification.win32': Not used on non-Windows systems
[13.058s] INFO:colcon.colcon_notification.desktop_notification:Sending desktop notification using 'notify2'
[13.059s] DEBUG:colcon.colcon_notification.desktop_notification.notify2:Failed to initialize notify2: org.freedesktop.DBus.Error.FileNotFound: Failed to connect to socket /run/user/1000/bus: No such file or directory
[13.059s] DEBUG:colcon.colcon_core.event_reactor:joined thread
[13.059s] INFO:colcon.colcon_core.shell:Creating prefix script '/home/jordan/SDfR/assignment6/install/local_setup.ps1'
[13.060s] INFO:colcon.colcon_core.shell:Creating prefix util module '/home/jordan/SDfR/assignment6/install/_local_setup_util_ps1.py'
[13.061s] INFO:colcon.colcon_core.shell:Creating prefix chain script '/home/jordan/SDfR/assignment6/install/setup.ps1'
[13.062s] INFO:colcon.colcon_core.shell:Creating prefix script '/home/jordan/SDfR/assignment6/install/local_setup.sh'
[13.063s] INFO:colcon.colcon_core.shell:Creating prefix util module '/home/jordan/SDfR/assignment6/install/_local_setup_util_sh.py'
[13.063s] INFO:colcon.colcon_core.shell:Creating prefix chain script '/home/jordan/SDfR/assignment6/install/setup.sh'
[13.064s] INFO:colcon.colcon_core.shell:Creating prefix script '/home/jordan/SDfR/assignment6/install/local_setup.bash'
[13.065s] INFO:colcon.colcon_core.shell:Creating prefix chain script '/home/jordan/SDfR/assignment6/install/setup.bash'
[13.065s] INFO:colcon.colcon_core.shell:Creating prefix script '/home/jordan/SDfR/assignment6/install/local_setup.zsh'
[13.066s] INFO:colcon.colcon_core.shell:Creating prefix chain script '/home/jordan/SDfR/assignment6/install/setup.zsh'
