[0.078s] Invoking command in '/home/sdfr-ppd-01/SDfR/assignment6/build/green_object_detector': CMAKE_PREFIX_PATH=/opt/ros/humble /usr/bin/cmake --build /home/sdfr-ppd-01/SDfR/assignment6/build/green_object_detector -- -j3 -l3
[0.324s] [35m[1mConsolidate compiler generated dependencies of target green_object_detector[0m
[1.183s] [100%] Built target green_object_detector
[1.268s] Invoked command in '/home/sdfr-ppd-01/SDfR/assignment6/build/green_object_detector' returned '0': CMAKE_PREFIX_PATH=/opt/ros/humble /usr/bin/cmake --build /home/sdfr-ppd-01/SDfR/assignment6/build/green_object_detector -- -j3 -l3
[1.272s] Invoking command in '/home/sdfr-ppd-01/SDfR/assignment6/build/green_object_detector': CMAKE_PREFIX_PATH=/opt/ros/humble /usr/bin/cmake --install /home/sdfr-ppd-01/SDfR/assignment6/build/green_object_detector
[1.312s] -- Install configuration: ""
[1.313s] -- Up-to-date: /home/sdfr-ppd-01/SDfR/assignment6/install/green_object_detector/lib/green_object_detector/green_object_detector
[1.317s] -- Up-to-date: /home/sdfr-ppd-01/SDfR/assignment6/install/green_object_detector/share/ament_index/resource_index/package_run_dependencies/green_object_detector
[1.319s] -- Up-to-date: /home/sdfr-ppd-01/SDfR/assignment6/install/green_object_detector/share/ament_index/resource_index/parent_prefix_path/green_object_detector
[1.322s] -- Up-to-date: /home/sdfr-ppd-01/SDfR/assignment6/install/green_object_detector/share/green_object_detector/environment/ament_prefix_path.sh
[1.323s] -- Up-to-date: /home/sdfr-ppd-01/SDfR/assignment6/install/green_object_detector/share/green_object_detector/environment/ament_prefix_path.dsv
[1.324s] -- Up-to-date: /home/sdfr-ppd-01/SDfR/assignment6/install/green_object_detector/share/green_object_detector/environment/path.sh
[1.326s] -- Up-to-date: /home/sdfr-ppd-01/SDfR/assignment6/install/green_object_detector/share/green_object_detector/environment/path.dsv
[1.328s] -- Up-to-date: /home/sdfr-ppd-01/SDfR/assignment6/install/green_object_detector/share/green_object_detector/local_setup.bash
[1.331s] -- Up-to-date: /home/sdfr-ppd-01/SDfR/assignment6/install/green_object_detector/share/green_object_detector/local_setup.sh
[1.333s] -- Up-to-date: /home/sdfr-ppd-01/SDfR/assignment6/install/green_object_detector/share/green_object_detector/local_setup.zsh
[1.334s] -- Up-to-date: /home/sdfr-ppd-01/SDfR/assignment6/install/green_object_detector/share/green_object_detector/local_setup.dsv
[1.335s] -- Installing: /home/sdfr-ppd-01/SDfR/assignment6/install/green_object_detector/share/green_object_detector/package.dsv
[1.357s] -- Up-to-date: /home/sdfr-ppd-01/SDfR/assignment6/install/green_object_detector/share/ament_index/resource_index/packages/green_object_detector
[1.358s] -- Up-to-date: /home/sdfr-ppd-01/SDfR/assignment6/install/green_object_detector/share/green_object_detector/cmake/green_object_detectorConfig.cmake
[1.359s] -- Up-to-date: /home/sdfr-ppd-01/SDfR/assignment6/install/green_object_detector/share/green_object_detector/cmake/green_object_detectorConfig-version.cmake
[1.360s] -- Up-to-date: /home/sdfr-ppd-01/SDfR/assignment6/install/green_object_detector/share/green_object_detector/package.xml
[1.361s] Invoked command in '/home/sdfr-ppd-01/SDfR/assignment6/build/green_object_detector' returned '0': CMAKE_PREFIX_PATH=/opt/ros/humble /usr/bin/cmake --install /home/sdfr-ppd-01/SDfR/assignment6/build/green_object_detector
