[0.045s] Invoking command in '/home/jordan/SDfR/assignment6/build/cam2image_vm2ros': CMAKE_PREFIX_PATH=/opt/ros/humble /usr/bin/cmake /home/jordan/SDfR/assignment6/src/cam2image_vm2ros -DCMAKE_INSTALL_PREFIX=/home/jordan/SDfR/assignment6/install/cam2image_vm2ros
[0.232s] -- The C compiler identification is GNU 11.4.0
[1.033s] -- The CXX compiler identification is GNU 11.4.0
[1.663s] -- Detecting C compiler ABI info
[1.904s] -- Detecting C compiler ABI info - done
[1.913s] -- Check for working C compiler: /usr/bin/cc - skipped
[1.913s] -- Detecting C compile features
[1.913s] -- Detecting C compile features - done
[1.916s] -- Detecting CXX compiler ABI info
[2.153s] -- Detecting CXX compiler ABI info - done
[2.163s] -- Check for working CXX compiler: /usr/bin/c++ - skipped
[2.163s] -- Detecting CXX compile features
[2.164s] -- Detecting CXX compile features - done
[2.167s] -- Found ament_cmake: 1.3.13 (/opt/ros/humble/share/ament_cmake/cmake)
[2.349s] -- Found Python3: /usr/bin/python3 (found version "3.10.12") found components: Interpreter 
[2.461s] -- Found rclcpp: 16.0.18 (/opt/ros/humble/share/rclcpp/cmake)
[2.700s] -- Found rosidl_generator_c: 3.1.8 (/opt/ros/humble/share/rosidl_generator_c/cmake)
[2.704s] -- Found rosidl_adapter: 3.1.8 (/opt/ros/humble/share/rosidl_adapter/cmake)
[2.712s] -- Found rosidl_generator_cpp: 3.1.8 (/opt/ros/humble/share/rosidl_generator_cpp/cmake)
[2.724s] -- Using all available rosidl_typesupport_c: rosidl_typesupport_fastrtps_c;rosidl_typesupport_introspection_c
[2.740s] -- Using all available rosidl_typesupport_cpp: rosidl_typesupport_fastrtps_cpp;rosidl_typesupport_introspection_cpp
[2.787s] -- Found rmw_implementation_cmake: 6.1.2 (/opt/ros/humble/share/rmw_implementation_cmake/cmake)
[2.790s] -- Found rmw_fastrtps_cpp: 6.2.10 (/opt/ros/humble/share/rmw_fastrtps_cpp/cmake)
[3.962s] -- Found OpenSSL: /usr/lib/x86_64-linux-gnu/libcrypto.so (found version "3.0.2")  
[5.284s] -- Found FastRTPS: /opt/ros/humble/include  
[7.356s] -- Using RMW implementation 'rmw_fastrtps_cpp' as default
[7.365s] -- Looking for pthread.h
[7.554s] -- Looking for pthread.h - found
[7.554s] -- Performing Test CMAKE_HAVE_LIBC_PTHREAD
[7.754s] -- Performing Test CMAKE_HAVE_LIBC_PTHREAD - Success
[7.755s] -- Found Threads: TRUE  
[7.807s] -- Found rclcpp_components: 16.0.18 (/opt/ros/humble/share/rclcpp_components/cmake)
[7.833s] -- Found sensor_msgs: 4.9.1 (/opt/ros/humble/share/sensor_msgs/cmake)
[7.862s] -- Found cv_bridge: 3.2.1 (/opt/ros/humble/share/cv_bridge/cmake)
[7.873s] -- Found OpenCV: /usr (found version "4.5.4") found components: core highgui imgcodecs imgproc videoio 
[7.960s] -- Configuring done
[7.995s] -- Generating done
[8.003s] -- Build files have been written to: /home/jordan/SDfR/assignment6/build/cam2image_vm2ros
