[0.060s] Invoking command in '/home/jordan/SDfR/assignment5/build/relbot_launch': CMAKE_PREFIX_PATH=${CMAKE_PREFIX_PATH}:/opt/ros/humble /usr/bin/cmake --build /home/jordan/SDfR/assignment5/build/relbot_launch -- -j16 -l16
[0.172s] Invoked command in '/home/jordan/SDfR/assignment5/build/relbot_launch' returned '0': CMAKE_PREFIX_PATH=${CMAKE_PREFIX_PATH}:/opt/ros/humble /usr/bin/cmake --build /home/jordan/SDfR/assignment5/build/relbot_launch -- -j16 -l16
[0.198s] Invoking command in '/home/jordan/SDfR/assignment5/build/relbot_launch': CMAKE_PREFIX_PATH=${CMAKE_PREFIX_PATH}:/opt/ros/humble /usr/bin/cmake --install /home/jordan/SDfR/assignment5/build/relbot_launch
[0.220s] -- Install configuration: ""
[0.220s] -- Up-to-date: /home/jordan/SDfR/assignment5/install/relbot_launch/share/relbot_launch//launch
[0.221s] -- Up-to-date: /home/jordan/SDfR/assignment5/install/relbot_launch/share/relbot_launch//launch/relbot_system.launch.py
[0.221s] -- Up-to-date: /home/jordan/SDfR/assignment5/install/relbot_launch/share/relbot_launch//launch/relbot_to_turtle.launch.py
[0.222s] -- Up-to-date: /home/jordan/SDfR/assignment5/install/relbot_launch/share/relbot_launch//launch/relbot_sequence_controller.launch.py
[0.222s] -- Up-to-date: /home/jordan/SDfR/assignment5/install/relbot_launch/share/relbot_launch//launch/relbot_system_joystick.launch.py
[0.223s] -- Up-to-date: /home/jordan/SDfR/assignment5/install/relbot_launch/share/ament_index/resource_index/package_run_dependencies/relbot_launch
[0.223s] -- Up-to-date: /home/jordan/SDfR/assignment5/install/relbot_launch/share/ament_index/resource_index/parent_prefix_path/relbot_launch
[0.223s] -- Up-to-date: /home/jordan/SDfR/assignment5/install/relbot_launch/share/relbot_launch/environment/ament_prefix_path.sh
[0.224s] -- Up-to-date: /home/jordan/SDfR/assignment5/install/relbot_launch/share/relbot_launch/environment/ament_prefix_path.dsv
[0.224s] -- Up-to-date: /home/jordan/SDfR/assignment5/install/relbot_launch/share/relbot_launch/environment/path.sh
[0.224s] -- Up-to-date: /home/jordan/SDfR/assignment5/install/relbot_launch/share/relbot_launch/environment/path.dsv
[0.225s] -- Up-to-date: /home/jordan/SDfR/assignment5/install/relbot_launch/share/relbot_launch/local_setup.bash
[0.225s] -- Up-to-date: /home/jordan/SDfR/assignment5/install/relbot_launch/share/relbot_launch/local_setup.sh
[0.226s] -- Up-to-date: /home/jordan/SDfR/assignment5/install/relbot_launch/share/relbot_launch/local_setup.zsh
[0.226s] -- Up-to-date: /home/jordan/SDfR/assignment5/install/relbot_launch/share/relbot_launch/local_setup.dsv
[0.226s] -- Installing: /home/jordan/SDfR/assignment5/install/relbot_launch/share/relbot_launch/package.dsv
[0.226s] -- Up-to-date: /home/jordan/SDfR/assignment5/install/relbot_launch/share/ament_index/resource_index/packages/relbot_launch
[0.226s] -- Up-to-date: /home/jordan/SDfR/assignment5/install/relbot_launch/share/relbot_launch/cmake/relbot_launchConfig.cmake
[0.227s] -- Up-to-date: /home/jordan/SDfR/assignment5/install/relbot_launch/share/relbot_launch/cmake/relbot_launchConfig-version.cmake
[0.227s] -- Up-to-date: /home/jordan/SDfR/assignment5/install/relbot_launch/share/relbot_launch/package.xml
[0.232s] Invoked command in '/home/jordan/SDfR/assignment5/build/relbot_launch' returned '0': CMAKE_PREFIX_PATH=${CMAKE_PREFIX_PATH}:/opt/ros/humble /usr/bin/cmake --install /home/jordan/SDfR/assignment5/build/relbot_launch
