[0.366s] DEBUG:colcon:Command line arguments: ['/usr/bin/colcon', 'list']
[0.367s] DEBUG:colcon:Parsed command line arguments: Namespace(log_base=None, log_level=None, verb_name='list', build_base='build', ignore_user_meta=False, metas=['./colcon.meta'], base_paths=['.'], packages_ignore=None, packages_ignore_regex=None, paths=None, packages_up_to=None, packages_up_to_regex=None, packages_above=None, packages_above_and_dependencies=None, packages_above_depth=None, packages_select_by_dep=None, packages_skip_by_dep=None, packages_skip_up_to=None, packages_select_build_failed=False, packages_skip_build_finished=False, packages_select_test_failures=False, packages_skip_test_passed=False, packages_select=None, packages_skip=None, packages_select_regex=None, packages_skip_regex=None, packages_start=None, packages_end=None, allow_overriding=[], topological_order=False, names_only=False, paths_only=False, topological_graph=False, topological_graph_dot=False, topological_graph_density=False, topological_graph_legend=False, topological_graph_dot_cluster=False, topological_graph_dot_include_skipped=False, mixin_files=None, mixin=None, verb_parser=<colcon_mixin.mixin.mixin_argument.MixinArgumentDecorator object at 0xffff8c0b9960>, verb_extension=<colcon_package_information.verb.list.ListVerb object at 0xffff8c0b8790>, main=<bound method ListVerb.main of <colcon_package_information.verb.list.ListVerb object at 0xffff8c0b8790>>, mixin_verb=('list',))
[1.016s] Level 1:colcon.colcon_core.package_discovery:discover_packages(colcon_meta) check parameters
[1.016s] Level 1:colcon.colcon_core.package_discovery:discover_packages(recursive) check parameters
[1.017s] Level 1:colcon.colcon_core.package_discovery:discover_packages(ignore) check parameters
[1.017s] Level 1:colcon.colcon_core.package_discovery:discover_packages(path) check parameters
[1.018s] Level 1:colcon.colcon_core.package_discovery:discover_packages(colcon_meta) discover
[1.018s] Level 1:colcon.colcon_core.package_discovery:discover_packages(recursive) discover
[1.018s] INFO:colcon.colcon_core.package_discovery:Crawling recursively for packages in '/home/sdfr-ppd-01/SDfR/assignment6'
[1.019s] Level 1:colcon.colcon_core.package_identification:_identify(.) by extensions ['ignore', 'ignore_ament_install']
[1.019s] Level 1:colcon.colcon_core.package_identification:_identify(.) by extension 'ignore'
[1.020s] Level 1:colcon.colcon_core.package_identification:_identify(.) by extension 'ignore_ament_install'
[1.020s] Level 1:colcon.colcon_core.package_identification:_identify(.) by extensions ['colcon_pkg']
[1.021s] Level 1:colcon.colcon_core.package_identification:_identify(.) by extension 'colcon_pkg'
[1.021s] Level 1:colcon.colcon_core.package_identification:_identify(.) by extensions ['colcon_meta']
[1.021s] Level 1:colcon.colcon_core.package_identification:_identify(.) by extension 'colcon_meta'
[1.021s] Level 1:colcon.colcon_core.package_identification:_identify(.) by extensions ['ros']
[1.022s] Level 1:colcon.colcon_core.package_identification:_identify(.) by extension 'ros'
[1.068s] Level 1:colcon.colcon_core.package_identification:_identify(.) by extensions ['cmake', 'python']
[1.068s] Level 1:colcon.colcon_core.package_identification:_identify(.) by extension 'cmake'
[1.069s] Level 1:colcon.colcon_core.package_identification:_identify(.) by extension 'python'
[1.070s] Level 1:colcon.colcon_core.package_identification:_identify(.) by extensions ['python_setup_py']
[1.070s] Level 1:colcon.colcon_core.package_identification:_identify(.) by extension 'python_setup_py'
[1.071s] Level 1:colcon.colcon_core.package_identification:_identify(XRF2) by extensions ['ignore', 'ignore_ament_install']
[1.071s] Level 1:colcon.colcon_core.package_identification:_identify(XRF2) by extension 'ignore'
[1.072s] Level 1:colcon.colcon_core.package_identification:_identify(XRF2) by extension 'ignore_ament_install'
[1.073s] Level 1:colcon.colcon_core.package_identification:_identify(XRF2) by extensions ['colcon_pkg']
[1.073s] Level 1:colcon.colcon_core.package_identification:_identify(XRF2) by extension 'colcon_pkg'
[1.074s] Level 1:colcon.colcon_core.package_identification:_identify(XRF2) by extensions ['colcon_meta']
[1.074s] Level 1:colcon.colcon_core.package_identification:_identify(XRF2) by extension 'colcon_meta'
[1.074s] Level 1:colcon.colcon_core.package_identification:_identify(XRF2) by extensions ['ros']
[1.074s] Level 1:colcon.colcon_core.package_identification:_identify(XRF2) by extension 'ros'
[1.075s] Level 1:colcon.colcon_core.package_identification:_identify(XRF2) by extensions ['cmake', 'python']
[1.075s] Level 1:colcon.colcon_core.package_identification:_identify(XRF2) by extension 'cmake'
[1.076s] Level 1:colcon.colcon_core.package_identification:_identify(XRF2) by extension 'python'
[1.076s] Level 1:colcon.colcon_core.package_identification:_identify(XRF2) by extensions ['python_setup_py']
[1.076s] Level 1:colcon.colcon_core.package_identification:_identify(XRF2) by extension 'python_setup_py'
[1.077s] Level 1:colcon.colcon_core.package_identification:_identify(XRF2/Template) by extensions ['ignore', 'ignore_ament_install']
[1.078s] Level 1:colcon.colcon_core.package_identification:_identify(XRF2/Template) by extension 'ignore'
[1.078s] Level 1:colcon.colcon_core.package_identification:_identify(XRF2/Template) ignored
[1.079s] Level 1:colcon.colcon_core.package_identification:_identify(XRF2/XenoRosFramework) by extensions ['ignore', 'ignore_ament_install']
[1.079s] Level 1:colcon.colcon_core.package_identification:_identify(XRF2/XenoRosFramework) by extension 'ignore'
[1.079s] Level 1:colcon.colcon_core.package_identification:_identify(XRF2/XenoRosFramework) by extension 'ignore_ament_install'
[1.080s] Level 1:colcon.colcon_core.package_identification:_identify(XRF2/XenoRosFramework) by extensions ['colcon_pkg']
[1.080s] Level 1:colcon.colcon_core.package_identification:_identify(XRF2/XenoRosFramework) by extension 'colcon_pkg'
[1.081s] Level 1:colcon.colcon_core.package_identification:_identify(XRF2/XenoRosFramework) by extensions ['colcon_meta']
[1.081s] Level 1:colcon.colcon_core.package_identification:_identify(XRF2/XenoRosFramework) by extension 'colcon_meta'
[1.081s] Level 1:colcon.colcon_core.package_identification:_identify(XRF2/XenoRosFramework) by extensions ['ros']
[1.082s] Level 1:colcon.colcon_core.package_identification:_identify(XRF2/XenoRosFramework) by extension 'ros'
[1.082s] Level 1:colcon.colcon_core.package_identification:_identify(XRF2/XenoRosFramework) by extensions ['cmake', 'python']
[1.082s] Level 1:colcon.colcon_core.package_identification:_identify(XRF2/XenoRosFramework) by extension 'cmake'
[1.083s] Level 1:colcon.colcon_core.package_identification:_identify(XRF2/XenoRosFramework) by extension 'python'
[1.083s] Level 1:colcon.colcon_core.package_identification:_identify(XRF2/XenoRosFramework) by extensions ['python_setup_py']
[1.083s] Level 1:colcon.colcon_core.package_identification:_identify(XRF2/XenoRosFramework) by extension 'python_setup_py'
[1.084s] Level 1:colcon.colcon_core.package_identification:_identify(XRF2/XenoRosFramework/Common) by extensions ['ignore', 'ignore_ament_install']
[1.084s] Level 1:colcon.colcon_core.package_identification:_identify(XRF2/XenoRosFramework/Common) by extension 'ignore'
[1.085s] Level 1:colcon.colcon_core.package_identification:_identify(XRF2/XenoRosFramework/Common) by extension 'ignore_ament_install'
[1.085s] Level 1:colcon.colcon_core.package_identification:_identify(XRF2/XenoRosFramework/Common) by extensions ['colcon_pkg']
[1.086s] Level 1:colcon.colcon_core.package_identification:_identify(XRF2/XenoRosFramework/Common) by extension 'colcon_pkg'
[1.086s] Level 1:colcon.colcon_core.package_identification:_identify(XRF2/XenoRosFramework/Common) by extensions ['colcon_meta']
[1.086s] Level 1:colcon.colcon_core.package_identification:_identify(XRF2/XenoRosFramework/Common) by extension 'colcon_meta'
[1.087s] Level 1:colcon.colcon_core.package_identification:_identify(XRF2/XenoRosFramework/Common) by extensions ['ros']
[1.087s] Level 1:colcon.colcon_core.package_identification:_identify(XRF2/XenoRosFramework/Common) by extension 'ros'
[1.088s] Level 1:colcon.colcon_core.package_identification:_identify(XRF2/XenoRosFramework/Common) by extensions ['cmake', 'python']
[1.088s] Level 1:colcon.colcon_core.package_identification:_identify(XRF2/XenoRosFramework/Common) by extension 'cmake'
[1.088s] Level 1:colcon.colcon_core.package_identification:_identify(XRF2/XenoRosFramework/Common) by extension 'python'
[1.089s] Level 1:colcon.colcon_core.package_identification:_identify(XRF2/XenoRosFramework/Common) by extensions ['python_setup_py']
[1.089s] Level 1:colcon.colcon_core.package_identification:_identify(XRF2/XenoRosFramework/Common) by extension 'python_setup_py'
[1.089s] Level 1:colcon.colcon_core.package_identification:_identify(XRF2/XenoRosFramework/Common/XRF2_msgs) by extensions ['ignore', 'ignore_ament_install']
[1.090s] Level 1:colcon.colcon_core.package_identification:_identify(XRF2/XenoRosFramework/Common/XRF2_msgs) by extension 'ignore'
[1.090s] Level 1:colcon.colcon_core.package_identification:_identify(XRF2/XenoRosFramework/Common/XRF2_msgs) by extension 'ignore_ament_install'
[1.091s] Level 1:colcon.colcon_core.package_identification:_identify(XRF2/XenoRosFramework/Common/XRF2_msgs) by extensions ['colcon_pkg']
[1.091s] Level 1:colcon.colcon_core.package_identification:_identify(XRF2/XenoRosFramework/Common/XRF2_msgs) by extension 'colcon_pkg'
[1.091s] Level 1:colcon.colcon_core.package_identification:_identify(XRF2/XenoRosFramework/Common/XRF2_msgs) by extensions ['colcon_meta']
[1.092s] Level 1:colcon.colcon_core.package_identification:_identify(XRF2/XenoRosFramework/Common/XRF2_msgs) by extension 'colcon_meta'
[1.092s] Level 1:colcon.colcon_core.package_identification:_identify(XRF2/XenoRosFramework/Common/XRF2_msgs) by extensions ['ros']
[1.093s] Level 1:colcon.colcon_core.package_identification:_identify(XRF2/XenoRosFramework/Common/XRF2_msgs) by extension 'ros'
[1.101s] DEBUG:colcon.colcon_core.package_identification:Package 'XRF2/XenoRosFramework/Common/XRF2_msgs' with type 'ros.ament_cmake' and name 'xrf2_msgs'
[1.102s] Level 1:colcon.colcon_core.package_identification:_identify(XRF2/XenoRosFramework/Common/XenoFrtLogger_decoder) by extensions ['ignore', 'ignore_ament_install']
[1.103s] Level 1:colcon.colcon_core.package_identification:_identify(XRF2/XenoRosFramework/Common/XenoFrtLogger_decoder) by extension 'ignore'
[1.103s] Level 1:colcon.colcon_core.package_identification:_identify(XRF2/XenoRosFramework/Common/XenoFrtLogger_decoder) by extension 'ignore_ament_install'
[1.104s] Level 1:colcon.colcon_core.package_identification:_identify(XRF2/XenoRosFramework/Common/XenoFrtLogger_decoder) by extensions ['colcon_pkg']
[1.104s] Level 1:colcon.colcon_core.package_identification:_identify(XRF2/XenoRosFramework/Common/XenoFrtLogger_decoder) by extension 'colcon_pkg'
[1.104s] Level 1:colcon.colcon_core.package_identification:_identify(XRF2/XenoRosFramework/Common/XenoFrtLogger_decoder) by extensions ['colcon_meta']
[1.105s] Level 1:colcon.colcon_core.package_identification:_identify(XRF2/XenoRosFramework/Common/XenoFrtLogger_decoder) by extension 'colcon_meta'
[1.105s] Level 1:colcon.colcon_core.package_identification:_identify(XRF2/XenoRosFramework/Common/XenoFrtLogger_decoder) by extensions ['ros']
[1.105s] Level 1:colcon.colcon_core.package_identification:_identify(XRF2/XenoRosFramework/Common/XenoFrtLogger_decoder) by extension 'ros'
[1.106s] Level 1:colcon.colcon_core.package_identification:_identify(XRF2/XenoRosFramework/Common/XenoFrtLogger_decoder) by extensions ['cmake', 'python']
[1.106s] Level 1:colcon.colcon_core.package_identification:_identify(XRF2/XenoRosFramework/Common/XenoFrtLogger_decoder) by extension 'cmake'
[1.107s] Level 1:colcon.colcon_core.package_identification:_identify(XRF2/XenoRosFramework/Common/XenoFrtLogger_decoder) by extension 'python'
[1.107s] Level 1:colcon.colcon_core.package_identification:_identify(XRF2/XenoRosFramework/Common/XenoFrtLogger_decoder) by extensions ['python_setup_py']
[1.107s] Level 1:colcon.colcon_core.package_identification:_identify(XRF2/XenoRosFramework/Common/XenoFrtLogger_decoder) by extension 'python_setup_py'
[1.108s] Level 1:colcon.colcon_core.package_identification:_identify(XRF2/XenoRosFramework/Common/include) by extensions ['ignore', 'ignore_ament_install']
[1.109s] Level 1:colcon.colcon_core.package_identification:_identify(XRF2/XenoRosFramework/Common/include) by extension 'ignore'
[1.109s] Level 1:colcon.colcon_core.package_identification:_identify(XRF2/XenoRosFramework/Common/include) by extension 'ignore_ament_install'
[1.110s] Level 1:colcon.colcon_core.package_identification:_identify(XRF2/XenoRosFramework/Common/include) by extensions ['colcon_pkg']
[1.110s] Level 1:colcon.colcon_core.package_identification:_identify(XRF2/XenoRosFramework/Common/include) by extension 'colcon_pkg'
[1.110s] Level 1:colcon.colcon_core.package_identification:_identify(XRF2/XenoRosFramework/Common/include) by extensions ['colcon_meta']
[1.110s] Level 1:colcon.colcon_core.package_identification:_identify(XRF2/XenoRosFramework/Common/include) by extension 'colcon_meta'
[1.111s] Level 1:colcon.colcon_core.package_identification:_identify(XRF2/XenoRosFramework/Common/include) by extensions ['ros']
[1.111s] Level 1:colcon.colcon_core.package_identification:_identify(XRF2/XenoRosFramework/Common/include) by extension 'ros'
[1.112s] Level 1:colcon.colcon_core.package_identification:_identify(XRF2/XenoRosFramework/Common/include) by extensions ['cmake', 'python']
[1.112s] Level 1:colcon.colcon_core.package_identification:_identify(XRF2/XenoRosFramework/Common/include) by extension 'cmake'
[1.113s] Level 1:colcon.colcon_core.package_identification:_identify(XRF2/XenoRosFramework/Common/include) by extension 'python'
[1.113s] Level 1:colcon.colcon_core.package_identification:_identify(XRF2/XenoRosFramework/Common/include) by extensions ['python_setup_py']
[1.113s] Level 1:colcon.colcon_core.package_identification:_identify(XRF2/XenoRosFramework/Common/include) by extension 'python_setup_py'
[1.114s] Level 1:colcon.colcon_core.package_identification:_identify(XRF2/XenoRosFramework/Common/python_script) by extensions ['ignore', 'ignore_ament_install']
[1.114s] Level 1:colcon.colcon_core.package_identification:_identify(XRF2/XenoRosFramework/Common/python_script) by extension 'ignore'
[1.115s] Level 1:colcon.colcon_core.package_identification:_identify(XRF2/XenoRosFramework/Common/python_script) by extension 'ignore_ament_install'
[1.115s] Level 1:colcon.colcon_core.package_identification:_identify(XRF2/XenoRosFramework/Common/python_script) by extensions ['colcon_pkg']
[1.116s] Level 1:colcon.colcon_core.package_identification:_identify(XRF2/XenoRosFramework/Common/python_script) by extension 'colcon_pkg'
[1.116s] Level 1:colcon.colcon_core.package_identification:_identify(XRF2/XenoRosFramework/Common/python_script) by extensions ['colcon_meta']
[1.116s] Level 1:colcon.colcon_core.package_identification:_identify(XRF2/XenoRosFramework/Common/python_script) by extension 'colcon_meta'
[1.117s] Level 1:colcon.colcon_core.package_identification:_identify(XRF2/XenoRosFramework/Common/python_script) by extensions ['ros']
[1.117s] Level 1:colcon.colcon_core.package_identification:_identify(XRF2/XenoRosFramework/Common/python_script) by extension 'ros'
[1.118s] Level 1:colcon.colcon_core.package_identification:_identify(XRF2/XenoRosFramework/Common/python_script) by extensions ['cmake', 'python']
[1.118s] Level 1:colcon.colcon_core.package_identification:_identify(XRF2/XenoRosFramework/Common/python_script) by extension 'cmake'
[1.118s] Level 1:colcon.colcon_core.package_identification:_identify(XRF2/XenoRosFramework/Common/python_script) by extension 'python'
[1.119s] Level 1:colcon.colcon_core.package_identification:_identify(XRF2/XenoRosFramework/Common/python_script) by extensions ['python_setup_py']
[1.119s] Level 1:colcon.colcon_core.package_identification:_identify(XRF2/XenoRosFramework/Common/python_script) by extension 'python_setup_py'
[1.119s] Level 1:colcon.colcon_core.package_identification:_identify(XRF2/XenoRosFramework/Common/xbuf_dev_rule) by extensions ['ignore', 'ignore_ament_install']
[1.120s] Level 1:colcon.colcon_core.package_identification:_identify(XRF2/XenoRosFramework/Common/xbuf_dev_rule) by extension 'ignore'
[1.121s] Level 1:colcon.colcon_core.package_identification:_identify(XRF2/XenoRosFramework/Common/xbuf_dev_rule) by extension 'ignore_ament_install'
[1.121s] Level 1:colcon.colcon_core.package_identification:_identify(XRF2/XenoRosFramework/Common/xbuf_dev_rule) by extensions ['colcon_pkg']
[1.121s] Level 1:colcon.colcon_core.package_identification:_identify(XRF2/XenoRosFramework/Common/xbuf_dev_rule) by extension 'colcon_pkg'
[1.122s] Level 1:colcon.colcon_core.package_identification:_identify(XRF2/XenoRosFramework/Common/xbuf_dev_rule) by extensions ['colcon_meta']
[1.122s] Level 1:colcon.colcon_core.package_identification:_identify(XRF2/XenoRosFramework/Common/xbuf_dev_rule) by extension 'colcon_meta'
[1.123s] Level 1:colcon.colcon_core.package_identification:_identify(XRF2/XenoRosFramework/Common/xbuf_dev_rule) by extensions ['ros']
[1.123s] Level 1:colcon.colcon_core.package_identification:_identify(XRF2/XenoRosFramework/Common/xbuf_dev_rule) by extension 'ros'
[1.124s] Level 1:colcon.colcon_core.package_identification:_identify(XRF2/XenoRosFramework/Common/xbuf_dev_rule) by extensions ['cmake', 'python']
[1.124s] Level 1:colcon.colcon_core.package_identification:_identify(XRF2/XenoRosFramework/Common/xbuf_dev_rule) by extension 'cmake'
[1.125s] Level 1:colcon.colcon_core.package_identification:_identify(XRF2/XenoRosFramework/Common/xbuf_dev_rule) by extension 'python'
[1.125s] Level 1:colcon.colcon_core.package_identification:_identify(XRF2/XenoRosFramework/Common/xbuf_dev_rule) by extensions ['python_setup_py']
[1.126s] Level 1:colcon.colcon_core.package_identification:_identify(XRF2/XenoRosFramework/Common/xbuf_dev_rule) by extension 'python_setup_py'
[1.126s] Level 1:colcon.colcon_core.package_identification:_identify(XRF2/XenoRosFramework/Ros) by extensions ['ignore', 'ignore_ament_install']
[1.127s] Level 1:colcon.colcon_core.package_identification:_identify(XRF2/XenoRosFramework/Ros) by extension 'ignore'
[1.127s] Level 1:colcon.colcon_core.package_identification:_identify(XRF2/XenoRosFramework/Ros) by extension 'ignore_ament_install'
[1.128s] Level 1:colcon.colcon_core.package_identification:_identify(XRF2/XenoRosFramework/Ros) by extensions ['colcon_pkg']
[1.128s] Level 1:colcon.colcon_core.package_identification:_identify(XRF2/XenoRosFramework/Ros) by extension 'colcon_pkg'
[1.128s] Level 1:colcon.colcon_core.package_identification:_identify(XRF2/XenoRosFramework/Ros) by extensions ['colcon_meta']
[1.129s] Level 1:colcon.colcon_core.package_identification:_identify(XRF2/XenoRosFramework/Ros) by extension 'colcon_meta'
[1.129s] Level 1:colcon.colcon_core.package_identification:_identify(XRF2/XenoRosFramework/Ros) by extensions ['ros']
[1.129s] Level 1:colcon.colcon_core.package_identification:_identify(XRF2/XenoRosFramework/Ros) by extension 'ros'
[1.130s] Level 1:colcon.colcon_core.package_identification:_identify(XRF2/XenoRosFramework/Ros) by extensions ['cmake', 'python']
[1.130s] Level 1:colcon.colcon_core.package_identification:_identify(XRF2/XenoRosFramework/Ros) by extension 'cmake'
[1.131s] Level 1:colcon.colcon_core.package_identification:_identify(XRF2/XenoRosFramework/Ros) by extension 'python'
[1.131s] Level 1:colcon.colcon_core.package_identification:_identify(XRF2/XenoRosFramework/Ros) by extensions ['python_setup_py']
[1.131s] Level 1:colcon.colcon_core.package_identification:_identify(XRF2/XenoRosFramework/Ros) by extension 'python_setup_py'
[1.132s] Level 1:colcon.colcon_core.package_identification:_identify(XRF2/XenoRosFramework/Ros/ros_xeno_bridge) by extensions ['ignore', 'ignore_ament_install']
[1.132s] Level 1:colcon.colcon_core.package_identification:_identify(XRF2/XenoRosFramework/Ros/ros_xeno_bridge) by extension 'ignore'
[1.133s] Level 1:colcon.colcon_core.package_identification:_identify(XRF2/XenoRosFramework/Ros/ros_xeno_bridge) by extension 'ignore_ament_install'
[1.133s] Level 1:colcon.colcon_core.package_identification:_identify(XRF2/XenoRosFramework/Ros/ros_xeno_bridge) by extensions ['colcon_pkg']
[1.134s] Level 1:colcon.colcon_core.package_identification:_identify(XRF2/XenoRosFramework/Ros/ros_xeno_bridge) by extension 'colcon_pkg'
[1.134s] Level 1:colcon.colcon_core.package_identification:_identify(XRF2/XenoRosFramework/Ros/ros_xeno_bridge) by extensions ['colcon_meta']
[1.134s] Level 1:colcon.colcon_core.package_identification:_identify(XRF2/XenoRosFramework/Ros/ros_xeno_bridge) by extension 'colcon_meta'
[1.135s] Level 1:colcon.colcon_core.package_identification:_identify(XRF2/XenoRosFramework/Ros/ros_xeno_bridge) by extensions ['ros']
[1.135s] Level 1:colcon.colcon_core.package_identification:_identify(XRF2/XenoRosFramework/Ros/ros_xeno_bridge) by extension 'ros'
[1.138s] DEBUG:colcon.colcon_core.package_identification:Package 'XRF2/XenoRosFramework/Ros/ros_xeno_bridge' with type 'ros.ament_cmake' and name 'ros_xeno_bridge'
[1.139s] Level 1:colcon.colcon_core.package_identification:_identify(XRF2/XenoRosFramework/Unit-Tests) by extensions ['ignore', 'ignore_ament_install']
[1.139s] Level 1:colcon.colcon_core.package_identification:_identify(XRF2/XenoRosFramework/Unit-Tests) by extension 'ignore'
[1.140s] Level 1:colcon.colcon_core.package_identification:_identify(XRF2/XenoRosFramework/Unit-Tests) by extension 'ignore_ament_install'
[1.140s] Level 1:colcon.colcon_core.package_identification:_identify(XRF2/XenoRosFramework/Unit-Tests) by extensions ['colcon_pkg']
[1.141s] Level 1:colcon.colcon_core.package_identification:_identify(XRF2/XenoRosFramework/Unit-Tests) by extension 'colcon_pkg'
[1.141s] Level 1:colcon.colcon_core.package_identification:_identify(XRF2/XenoRosFramework/Unit-Tests) by extensions ['colcon_meta']
[1.141s] Level 1:colcon.colcon_core.package_identification:_identify(XRF2/XenoRosFramework/Unit-Tests) by extension 'colcon_meta'
[1.142s] Level 1:colcon.colcon_core.package_identification:_identify(XRF2/XenoRosFramework/Unit-Tests) by extensions ['ros']
[1.142s] Level 1:colcon.colcon_core.package_identification:_identify(XRF2/XenoRosFramework/Unit-Tests) by extension 'ros'
[1.142s] Level 1:colcon.colcon_core.package_identification:_identify(XRF2/XenoRosFramework/Unit-Tests) by extensions ['cmake', 'python']
[1.143s] Level 1:colcon.colcon_core.package_identification:_identify(XRF2/XenoRosFramework/Unit-Tests) by extension 'cmake'
[1.143s] Level 1:colcon.colcon_core.package_identification:_identify(XRF2/XenoRosFramework/Unit-Tests) by extension 'python'
[1.143s] Level 1:colcon.colcon_core.package_identification:_identify(XRF2/XenoRosFramework/Unit-Tests) by extensions ['python_setup_py']
[1.144s] Level 1:colcon.colcon_core.package_identification:_identify(XRF2/XenoRosFramework/Unit-Tests) by extension 'python_setup_py'
[1.144s] Level 1:colcon.colcon_core.package_identification:_identify(XRF2/XenoRosFramework/Unit-Tests/IcoIo) by extensions ['ignore', 'ignore_ament_install']
[1.145s] Level 1:colcon.colcon_core.package_identification:_identify(XRF2/XenoRosFramework/Unit-Tests/IcoIo) by extension 'ignore'
[1.145s] Level 1:colcon.colcon_core.package_identification:_identify(XRF2/XenoRosFramework/Unit-Tests/IcoIo) ignored
[1.146s] Level 1:colcon.colcon_core.package_identification:_identify(XRF2/XenoRosFramework/Unit-Tests/Logger) by extensions ['ignore', 'ignore_ament_install']
[1.146s] Level 1:colcon.colcon_core.package_identification:_identify(XRF2/XenoRosFramework/Unit-Tests/Logger) by extension 'ignore'
[1.147s] Level 1:colcon.colcon_core.package_identification:_identify(XRF2/XenoRosFramework/Unit-Tests/Logger) ignored
[1.147s] Level 1:colcon.colcon_core.package_identification:_identify(XRF2/XenoRosFramework/Unit-Tests/Monitor) by extensions ['ignore', 'ignore_ament_install']
[1.148s] Level 1:colcon.colcon_core.package_identification:_identify(XRF2/XenoRosFramework/Unit-Tests/Monitor) by extension 'ignore'
[1.148s] Level 1:colcon.colcon_core.package_identification:_identify(XRF2/XenoRosFramework/Unit-Tests/Monitor) ignored
[1.148s] Level 1:colcon.colcon_core.package_identification:_identify(XRF2/XenoRosFramework/Xenomai) by extensions ['ignore', 'ignore_ament_install']
[1.149s] Level 1:colcon.colcon_core.package_identification:_identify(XRF2/XenoRosFramework/Xenomai) by extension 'ignore'
[1.150s] Level 1:colcon.colcon_core.package_identification:_identify(XRF2/XenoRosFramework/Xenomai) by extension 'ignore_ament_install'
[1.150s] Level 1:colcon.colcon_core.package_identification:_identify(XRF2/XenoRosFramework/Xenomai) by extensions ['colcon_pkg']
[1.150s] Level 1:colcon.colcon_core.package_identification:_identify(XRF2/XenoRosFramework/Xenomai) by extension 'colcon_pkg'
[1.151s] Level 1:colcon.colcon_core.package_identification:_identify(XRF2/XenoRosFramework/Xenomai) by extensions ['colcon_meta']
[1.151s] Level 1:colcon.colcon_core.package_identification:_identify(XRF2/XenoRosFramework/Xenomai) by extension 'colcon_meta'
[1.151s] Level 1:colcon.colcon_core.package_identification:_identify(XRF2/XenoRosFramework/Xenomai) by extensions ['ros']
[1.151s] Level 1:colcon.colcon_core.package_identification:_identify(XRF2/XenoRosFramework/Xenomai) by extension 'ros'
[1.152s] Level 1:colcon.colcon_core.package_identification:_identify(XRF2/XenoRosFramework/Xenomai) by extensions ['cmake', 'python']
[1.152s] Level 1:colcon.colcon_core.package_identification:_identify(XRF2/XenoRosFramework/Xenomai) by extension 'cmake'
[1.153s] Level 1:colcon.colcon_core.package_identification:_identify(XRF2/XenoRosFramework/Xenomai) by extension 'python'
[1.153s] Level 1:colcon.colcon_core.package_identification:_identify(XRF2/XenoRosFramework/Xenomai) by extensions ['python_setup_py']
[1.153s] Level 1:colcon.colcon_core.package_identification:_identify(XRF2/XenoRosFramework/Xenomai) by extension 'python_setup_py'
[1.154s] Level 1:colcon.colcon_core.package_identification:_identify(XRF2/XenoRosFramework/Xenomai/include) by extensions ['ignore', 'ignore_ament_install']
[1.154s] Level 1:colcon.colcon_core.package_identification:_identify(XRF2/XenoRosFramework/Xenomai/include) by extension 'ignore'
[1.155s] Level 1:colcon.colcon_core.package_identification:_identify(XRF2/XenoRosFramework/Xenomai/include) by extension 'ignore_ament_install'
[1.155s] Level 1:colcon.colcon_core.package_identification:_identify(XRF2/XenoRosFramework/Xenomai/include) by extensions ['colcon_pkg']
[1.156s] Level 1:colcon.colcon_core.package_identification:_identify(XRF2/XenoRosFramework/Xenomai/include) by extension 'colcon_pkg'
[1.156s] Level 1:colcon.colcon_core.package_identification:_identify(XRF2/XenoRosFramework/Xenomai/include) by extensions ['colcon_meta']
[1.156s] Level 1:colcon.colcon_core.package_identification:_identify(XRF2/XenoRosFramework/Xenomai/include) by extension 'colcon_meta'
[1.157s] Level 1:colcon.colcon_core.package_identification:_identify(XRF2/XenoRosFramework/Xenomai/include) by extensions ['ros']
[1.157s] Level 1:colcon.colcon_core.package_identification:_identify(XRF2/XenoRosFramework/Xenomai/include) by extension 'ros'
[1.158s] Level 1:colcon.colcon_core.package_identification:_identify(XRF2/XenoRosFramework/Xenomai/include) by extensions ['cmake', 'python']
[1.158s] Level 1:colcon.colcon_core.package_identification:_identify(XRF2/XenoRosFramework/Xenomai/include) by extension 'cmake'
[1.158s] Level 1:colcon.colcon_core.package_identification:_identify(XRF2/XenoRosFramework/Xenomai/include) by extension 'python'
[1.159s] Level 1:colcon.colcon_core.package_identification:_identify(XRF2/XenoRosFramework/Xenomai/include) by extensions ['python_setup_py']
[1.159s] Level 1:colcon.colcon_core.package_identification:_identify(XRF2/XenoRosFramework/Xenomai/include) by extension 'python_setup_py'
[1.159s] Level 1:colcon.colcon_core.package_identification:_identify(XRF2/XenoRosFramework/Xenomai/src) by extensions ['ignore', 'ignore_ament_install']
[1.160s] Level 1:colcon.colcon_core.package_identification:_identify(XRF2/XenoRosFramework/Xenomai/src) by extension 'ignore'
[1.161s] Level 1:colcon.colcon_core.package_identification:_identify(XRF2/XenoRosFramework/Xenomai/src) by extension 'ignore_ament_install'
[1.161s] Level 1:colcon.colcon_core.package_identification:_identify(XRF2/XenoRosFramework/Xenomai/src) by extensions ['colcon_pkg']
[1.162s] Level 1:colcon.colcon_core.package_identification:_identify(XRF2/XenoRosFramework/Xenomai/src) by extension 'colcon_pkg'
[1.162s] Level 1:colcon.colcon_core.package_identification:_identify(XRF2/XenoRosFramework/Xenomai/src) by extensions ['colcon_meta']
[1.162s] Level 1:colcon.colcon_core.package_identification:_identify(XRF2/XenoRosFramework/Xenomai/src) by extension 'colcon_meta'
[1.163s] Level 1:colcon.colcon_core.package_identification:_identify(XRF2/XenoRosFramework/Xenomai/src) by extensions ['ros']
[1.163s] Level 1:colcon.colcon_core.package_identification:_identify(XRF2/XenoRosFramework/Xenomai/src) by extension 'ros'
[1.164s] Level 1:colcon.colcon_core.package_identification:_identify(XRF2/XenoRosFramework/Xenomai/src) by extensions ['cmake', 'python']
[1.164s] Level 1:colcon.colcon_core.package_identification:_identify(XRF2/XenoRosFramework/Xenomai/src) by extension 'cmake'
[1.164s] Level 1:colcon.colcon_core.package_identification:_identify(XRF2/XenoRosFramework/Xenomai/src) by extension 'python'
[1.165s] Level 1:colcon.colcon_core.package_identification:_identify(XRF2/XenoRosFramework/Xenomai/src) by extensions ['python_setup_py']
[1.165s] Level 1:colcon.colcon_core.package_identification:_identify(XRF2/XenoRosFramework/Xenomai/src) by extension 'python_setup_py'
[1.165s] Level 1:colcon.colcon_core.package_identification:_identify(build) by extensions ['ignore', 'ignore_ament_install']
[1.166s] Level 1:colcon.colcon_core.package_identification:_identify(build) by extension 'ignore'
[1.166s] Level 1:colcon.colcon_core.package_identification:_identify(build) ignored
[1.167s] Level 1:colcon.colcon_core.package_identification:_identify(install) by extensions ['ignore', 'ignore_ament_install']
[1.167s] Level 1:colcon.colcon_core.package_identification:_identify(install) by extension 'ignore'
[1.168s] Level 1:colcon.colcon_core.package_identification:_identify(install) ignored
[1.168s] Level 1:colcon.colcon_core.package_identification:_identify(log) by extensions ['ignore', 'ignore_ament_install']
[1.169s] Level 1:colcon.colcon_core.package_identification:_identify(log) by extension 'ignore'
[1.169s] Level 1:colcon.colcon_core.package_identification:_identify(log) ignored
[1.170s] Level 1:colcon.colcon_core.package_identification:_identify(src) by extensions ['ignore', 'ignore_ament_install']
[1.170s] Level 1:colcon.colcon_core.package_identification:_identify(src) by extension 'ignore'
[1.171s] Level 1:colcon.colcon_core.package_identification:_identify(src) by extension 'ignore_ament_install'
[1.171s] Level 1:colcon.colcon_core.package_identification:_identify(src) by extensions ['colcon_pkg']
[1.171s] Level 1:colcon.colcon_core.package_identification:_identify(src) by extension 'colcon_pkg'
[1.172s] Level 1:colcon.colcon_core.package_identification:_identify(src) by extensions ['colcon_meta']
[1.172s] Level 1:colcon.colcon_core.package_identification:_identify(src) by extension 'colcon_meta'
[1.172s] Level 1:colcon.colcon_core.package_identification:_identify(src) by extensions ['ros']
[1.173s] Level 1:colcon.colcon_core.package_identification:_identify(src) by extension 'ros'
[1.173s] Level 1:colcon.colcon_core.package_identification:_identify(src) by extensions ['cmake', 'python']
[1.173s] Level 1:colcon.colcon_core.package_identification:_identify(src) by extension 'cmake'
[1.174s] Level 1:colcon.colcon_core.package_identification:_identify(src) by extension 'python'
[1.174s] Level 1:colcon.colcon_core.package_identification:_identify(src) by extensions ['python_setup_py']
[1.174s] Level 1:colcon.colcon_core.package_identification:_identify(src) by extension 'python_setup_py'
[1.175s] Level 1:colcon.colcon_core.package_identification:_identify(src/Template-20sim) by extensions ['ignore', 'ignore_ament_install']
[1.175s] Level 1:colcon.colcon_core.package_identification:_identify(src/Template-20sim) by extension 'ignore'
[1.176s] Level 1:colcon.colcon_core.package_identification:_identify(src/Template-20sim) by extension 'ignore_ament_install'
[1.176s] Level 1:colcon.colcon_core.package_identification:_identify(src/Template-20sim) by extensions ['colcon_pkg']
[1.177s] Level 1:colcon.colcon_core.package_identification:_identify(src/Template-20sim) by extension 'colcon_pkg'
[1.177s] Level 1:colcon.colcon_core.package_identification:_identify(src/Template-20sim) by extensions ['colcon_meta']
[1.177s] Level 1:colcon.colcon_core.package_identification:_identify(src/Template-20sim) by extension 'colcon_meta'
[1.177s] Level 1:colcon.colcon_core.package_identification:_identify(src/Template-20sim) by extensions ['ros']
[1.178s] Level 1:colcon.colcon_core.package_identification:_identify(src/Template-20sim) by extension 'ros'
[1.178s] Level 1:colcon.colcon_core.package_identification:_identify(src/Template-20sim) by extensions ['cmake', 'python']
[1.178s] Level 1:colcon.colcon_core.package_identification:_identify(src/Template-20sim) by extension 'cmake'
[1.184s] Level 1:colcon.colcon_core.package_identification:_identify(src/Template-20sim) by extension 'python'
[1.185s] DEBUG:colcon.colcon_core.package_identification:Package 'src/Template-20sim' with type 'cmake' and name 'template_20sim'
[1.185s] Level 1:colcon.colcon_core.package_identification:_identify(src/Xenomai) by extensions ['ignore', 'ignore_ament_install']
[1.186s] Level 1:colcon.colcon_core.package_identification:_identify(src/Xenomai) by extension 'ignore'
[1.186s] Level 1:colcon.colcon_core.package_identification:_identify(src/Xenomai) by extension 'ignore_ament_install'
[1.186s] Level 1:colcon.colcon_core.package_identification:_identify(src/Xenomai) by extensions ['colcon_pkg']
[1.187s] Level 1:colcon.colcon_core.package_identification:_identify(src/Xenomai) by extension 'colcon_pkg'
[1.187s] Level 1:colcon.colcon_core.package_identification:_identify(src/Xenomai) by extensions ['colcon_meta']
[1.187s] Level 1:colcon.colcon_core.package_identification:_identify(src/Xenomai) by extension 'colcon_meta'
[1.188s] Level 1:colcon.colcon_core.package_identification:_identify(src/Xenomai) by extensions ['ros']
[1.188s] Level 1:colcon.colcon_core.package_identification:_identify(src/Xenomai) by extension 'ros'
[1.188s] Level 1:colcon.colcon_core.package_identification:_identify(src/Xenomai) by extensions ['cmake', 'python']
[1.189s] Level 1:colcon.colcon_core.package_identification:_identify(src/Xenomai) by extension 'cmake'
[1.191s] Level 1:colcon.colcon_core.package_identification:_identify(src/Xenomai) by extension 'python'
[1.192s] DEBUG:colcon.colcon_core.package_identification:Package 'src/Xenomai' with type 'cmake' and name 'demo'
[1.193s] Level 1:colcon.colcon_core.package_identification:_identify(src/cam2image_host2vm) by extensions ['ignore', 'ignore_ament_install']
[1.193s] Level 1:colcon.colcon_core.package_identification:_identify(src/cam2image_host2vm) by extension 'ignore'
[1.194s] Level 1:colcon.colcon_core.package_identification:_identify(src/cam2image_host2vm) by extension 'ignore_ament_install'
[1.194s] Level 1:colcon.colcon_core.package_identification:_identify(src/cam2image_host2vm) by extensions ['colcon_pkg']
[1.194s] Level 1:colcon.colcon_core.package_identification:_identify(src/cam2image_host2vm) by extension 'colcon_pkg'
[1.194s] Level 1:colcon.colcon_core.package_identification:_identify(src/cam2image_host2vm) by extensions ['colcon_meta']
[1.195s] Level 1:colcon.colcon_core.package_identification:_identify(src/cam2image_host2vm) by extension 'colcon_meta'
[1.195s] Level 1:colcon.colcon_core.package_identification:_identify(src/cam2image_host2vm) by extensions ['ros']
[1.195s] Level 1:colcon.colcon_core.package_identification:_identify(src/cam2image_host2vm) by extension 'ros'
[1.197s] Level 1:colcon.colcon_core.package_identification:_identify(src/cam2image_host2vm) by extensions ['cmake', 'python']
[1.197s] Level 1:colcon.colcon_core.package_identification:_identify(src/cam2image_host2vm) by extension 'cmake'
[1.197s] Level 1:colcon.colcon_core.package_identification:_identify(src/cam2image_host2vm) by extension 'python'
[1.198s] Level 1:colcon.colcon_core.package_identification:_identify(src/cam2image_host2vm) by extensions ['python_setup_py']
[1.198s] Level 1:colcon.colcon_core.package_identification:_identify(src/cam2image_host2vm) by extension 'python_setup_py'
[1.199s] Level 1:colcon.colcon_core.package_identification:_identify(src/cam2image_vm2ros) by extensions ['ignore', 'ignore_ament_install']
[1.199s] Level 1:colcon.colcon_core.package_identification:_identify(src/cam2image_vm2ros) by extension 'ignore'
[1.200s] Level 1:colcon.colcon_core.package_identification:_identify(src/cam2image_vm2ros) by extension 'ignore_ament_install'
[1.200s] Level 1:colcon.colcon_core.package_identification:_identify(src/cam2image_vm2ros) by extensions ['colcon_pkg']
[1.201s] Level 1:colcon.colcon_core.package_identification:_identify(src/cam2image_vm2ros) by extension 'colcon_pkg'
[1.201s] Level 1:colcon.colcon_core.package_identification:_identify(src/cam2image_vm2ros) by extensions ['colcon_meta']
[1.201s] Level 1:colcon.colcon_core.package_identification:_identify(src/cam2image_vm2ros) by extension 'colcon_meta'
[1.202s] Level 1:colcon.colcon_core.package_identification:_identify(src/cam2image_vm2ros) by extensions ['ros']
[1.202s] Level 1:colcon.colcon_core.package_identification:_identify(src/cam2image_vm2ros) by extension 'ros'
[1.206s] DEBUG:colcon.colcon_core.package_identification:Package 'src/cam2image_vm2ros' with type 'ros.ament_cmake' and name 'cam2image_vm2ros'
[1.207s] Level 1:colcon.colcon_core.package_identification:_identify(src/green_object_detector) by extensions ['ignore', 'ignore_ament_install']
[1.207s] Level 1:colcon.colcon_core.package_identification:_identify(src/green_object_detector) by extension 'ignore'
[1.207s] Level 1:colcon.colcon_core.package_identification:_identify(src/green_object_detector) by extension 'ignore_ament_install'
[1.208s] Level 1:colcon.colcon_core.package_identification:_identify(src/green_object_detector) by extensions ['colcon_pkg']
[1.208s] Level 1:colcon.colcon_core.package_identification:_identify(src/green_object_detector) by extension 'colcon_pkg'
[1.209s] Level 1:colcon.colcon_core.package_identification:_identify(src/green_object_detector) by extensions ['colcon_meta']
[1.209s] Level 1:colcon.colcon_core.package_identification:_identify(src/green_object_detector) by extension 'colcon_meta'
[1.210s] Level 1:colcon.colcon_core.package_identification:_identify(src/green_object_detector) by extensions ['ros']
[1.210s] Level 1:colcon.colcon_core.package_identification:_identify(src/green_object_detector) by extension 'ros'
[1.213s] DEBUG:colcon.colcon_core.package_identification:Package 'src/green_object_detector' with type 'ros.ament_cmake' and name 'green_object_detector'
[1.214s] Level 1:colcon.colcon_core.package_identification:_identify(src/image_functions_sdfr) by extensions ['ignore', 'ignore_ament_install']
[1.215s] Level 1:colcon.colcon_core.package_identification:_identify(src/image_functions_sdfr) by extension 'ignore'
[1.215s] Level 1:colcon.colcon_core.package_identification:_identify(src/image_functions_sdfr) by extension 'ignore_ament_install'
[1.215s] Level 1:colcon.colcon_core.package_identification:_identify(src/image_functions_sdfr) by extensions ['colcon_pkg']
[1.216s] Level 1:colcon.colcon_core.package_identification:_identify(src/image_functions_sdfr) by extension 'colcon_pkg'
[1.216s] Level 1:colcon.colcon_core.package_identification:_identify(src/image_functions_sdfr) by extensions ['colcon_meta']
[1.217s] Level 1:colcon.colcon_core.package_identification:_identify(src/image_functions_sdfr) by extension 'colcon_meta'
[1.217s] Level 1:colcon.colcon_core.package_identification:_identify(src/image_functions_sdfr) by extensions ['ros']
[1.217s] Level 1:colcon.colcon_core.package_identification:_identify(src/image_functions_sdfr) by extension 'ros'
[1.220s] DEBUG:colcon.colcon_core.package_identification:Package 'src/image_functions_sdfr' with type 'ros.ament_cmake' and name 'image_functions_sdfr'
[1.221s] Level 1:colcon.colcon_core.package_identification:_identify(src/relbot2turtlesim) by extensions ['ignore', 'ignore_ament_install']
[1.222s] Level 1:colcon.colcon_core.package_identification:_identify(src/relbot2turtlesim) by extension 'ignore'
[1.223s] Level 1:colcon.colcon_core.package_identification:_identify(src/relbot2turtlesim) by extension 'ignore_ament_install'
[1.224s] Level 1:colcon.colcon_core.package_identification:_identify(src/relbot2turtlesim) by extensions ['colcon_pkg']
[1.225s] Level 1:colcon.colcon_core.package_identification:_identify(src/relbot2turtlesim) by extension 'colcon_pkg'
[1.225s] Level 1:colcon.colcon_core.package_identification:_identify(src/relbot2turtlesim) by extensions ['colcon_meta']
[1.226s] Level 1:colcon.colcon_core.package_identification:_identify(src/relbot2turtlesim) by extension 'colcon_meta'
[1.227s] Level 1:colcon.colcon_core.package_identification:_identify(src/relbot2turtlesim) by extensions ['ros']
[1.227s] Level 1:colcon.colcon_core.package_identification:_identify(src/relbot2turtlesim) by extension 'ros'
[1.231s] DEBUG:colcon.colcon_core.package_identification:Package 'src/relbot2turtlesim' with type 'ros.ament_cmake' and name 'relbot2turtlesim'
[1.231s] Level 1:colcon.colcon_core.package_identification:_identify(src/relbot_adapter) by extensions ['ignore', 'ignore_ament_install']
[1.232s] Level 1:colcon.colcon_core.package_identification:_identify(src/relbot_adapter) by extension 'ignore'
[1.232s] Level 1:colcon.colcon_core.package_identification:_identify(src/relbot_adapter) by extension 'ignore_ament_install'
[1.233s] Level 1:colcon.colcon_core.package_identification:_identify(src/relbot_adapter) by extensions ['colcon_pkg']
[1.233s] Level 1:colcon.colcon_core.package_identification:_identify(src/relbot_adapter) by extension 'colcon_pkg'
[1.233s] Level 1:colcon.colcon_core.package_identification:_identify(src/relbot_adapter) by extensions ['colcon_meta']
[1.234s] Level 1:colcon.colcon_core.package_identification:_identify(src/relbot_adapter) by extension 'colcon_meta'
[1.234s] Level 1:colcon.colcon_core.package_identification:_identify(src/relbot_adapter) by extensions ['ros']
[1.234s] Level 1:colcon.colcon_core.package_identification:_identify(src/relbot_adapter) by extension 'ros'
[1.238s] DEBUG:colcon.colcon_core.package_identification:Package 'src/relbot_adapter' with type 'ros.ament_cmake' and name 'relbot_adapter'
[1.239s] Level 1:colcon.colcon_core.package_identification:_identify(src/relbot_launch) by extensions ['ignore', 'ignore_ament_install']
[1.240s] Level 1:colcon.colcon_core.package_identification:_identify(src/relbot_launch) by extension 'ignore'
[1.240s] Level 1:colcon.colcon_core.package_identification:_identify(src/relbot_launch) by extension 'ignore_ament_install'
[1.241s] Level 1:colcon.colcon_core.package_identification:_identify(src/relbot_launch) by extensions ['colcon_pkg']
[1.241s] Level 1:colcon.colcon_core.package_identification:_identify(src/relbot_launch) by extension 'colcon_pkg'
[1.242s] Level 1:colcon.colcon_core.package_identification:_identify(src/relbot_launch) by extensions ['colcon_meta']
[1.242s] Level 1:colcon.colcon_core.package_identification:_identify(src/relbot_launch) by extension 'colcon_meta'
[1.242s] Level 1:colcon.colcon_core.package_identification:_identify(src/relbot_launch) by extensions ['ros']
[1.243s] Level 1:colcon.colcon_core.package_identification:_identify(src/relbot_launch) by extension 'ros'
[1.245s] DEBUG:colcon.colcon_core.package_identification:Package 'src/relbot_launch' with type 'ros.ament_cmake' and name 'relbot_launch'
[1.246s] Level 1:colcon.colcon_core.package_identification:_identify(src/relbot_msgs) by extensions ['ignore', 'ignore_ament_install']
[1.247s] Level 1:colcon.colcon_core.package_identification:_identify(src/relbot_msgs) by extension 'ignore'
[1.247s] Level 1:colcon.colcon_core.package_identification:_identify(src/relbot_msgs) by extension 'ignore_ament_install'
[1.248s] Level 1:colcon.colcon_core.package_identification:_identify(src/relbot_msgs) by extensions ['colcon_pkg']
[1.248s] Level 1:colcon.colcon_core.package_identification:_identify(src/relbot_msgs) by extension 'colcon_pkg'
[1.249s] Level 1:colcon.colcon_core.package_identification:_identify(src/relbot_msgs) by extensions ['colcon_meta']
[1.250s] Level 1:colcon.colcon_core.package_identification:_identify(src/relbot_msgs) by extension 'colcon_meta'
[1.250s] Level 1:colcon.colcon_core.package_identification:_identify(src/relbot_msgs) by extensions ['ros']
[1.250s] Level 1:colcon.colcon_core.package_identification:_identify(src/relbot_msgs) by extension 'ros'
[1.253s] DEBUG:colcon.colcon_core.package_identification:Package 'src/relbot_msgs' with type 'ros.ament_cmake' and name 'relbot_msgs'
[1.254s] Level 1:colcon.colcon_core.package_identification:_identify(src/relbot_sequence_controller) by extensions ['ignore', 'ignore_ament_install']
[1.255s] Level 1:colcon.colcon_core.package_identification:_identify(src/relbot_sequence_controller) by extension 'ignore'
[1.255s] Level 1:colcon.colcon_core.package_identification:_identify(src/relbot_sequence_controller) by extension 'ignore_ament_install'
[1.256s] Level 1:colcon.colcon_core.package_identification:_identify(src/relbot_sequence_controller) by extensions ['colcon_pkg']
[1.256s] Level 1:colcon.colcon_core.package_identification:_identify(src/relbot_sequence_controller) by extension 'colcon_pkg'
[1.257s] Level 1:colcon.colcon_core.package_identification:_identify(src/relbot_sequence_controller) by extensions ['colcon_meta']
[1.257s] Level 1:colcon.colcon_core.package_identification:_identify(src/relbot_sequence_controller) by extension 'colcon_meta'
[1.258s] Level 1:colcon.colcon_core.package_identification:_identify(src/relbot_sequence_controller) by extensions ['ros']
[1.258s] Level 1:colcon.colcon_core.package_identification:_identify(src/relbot_sequence_controller) by extension 'ros'
[1.262s] DEBUG:colcon.colcon_core.package_identification:Package 'src/relbot_sequence_controller' with type 'ros.ament_cmake' and name 'relbot_sequence_controller'
[1.262s] Level 1:colcon.colcon_core.package_identification:_identify(src/relbot_simulator) by extensions ['ignore', 'ignore_ament_install']
[1.263s] Level 1:colcon.colcon_core.package_identification:_identify(src/relbot_simulator) by extension 'ignore'
[1.263s] Level 1:colcon.colcon_core.package_identification:_identify(src/relbot_simulator) by extension 'ignore_ament_install'
[1.264s] Level 1:colcon.colcon_core.package_identification:_identify(src/relbot_simulator) by extensions ['colcon_pkg']
[1.265s] Level 1:colcon.colcon_core.package_identification:_identify(src/relbot_simulator) by extension 'colcon_pkg'
[1.266s] Level 1:colcon.colcon_core.package_identification:_identify(src/relbot_simulator) by extensions ['colcon_meta']
[1.266s] Level 1:colcon.colcon_core.package_identification:_identify(src/relbot_simulator) by extension 'colcon_meta'
[1.267s] Level 1:colcon.colcon_core.package_identification:_identify(src/relbot_simulator) by extensions ['ros']
[1.268s] Level 1:colcon.colcon_core.package_identification:_identify(src/relbot_simulator) by extension 'ros'
[1.273s] DEBUG:colcon.colcon_core.package_identification:Package 'src/relbot_simulator' with type 'ros.ament_cmake' and name 'relbot_simulator'
[1.274s] Level 1:colcon.colcon_core.package_discovery:discover_packages(recursive) using defaults
[1.274s] Level 1:colcon.colcon_core.package_discovery:discover_packages(ignore) discover
[1.275s] Level 1:colcon.colcon_core.package_discovery:discover_packages(ignore) using defaults
[1.275s] Level 1:colcon.colcon_core.package_discovery:discover_packages(path) discover
[1.276s] Level 1:colcon.colcon_core.package_discovery:discover_packages(path) using defaults
