[0.079s] Invoking command in '/home/jordan/SDfR/assignment6/build/relbot_sequence_controller': CMAKE_PREFIX_PATH=/opt/ros/humble /usr/bin/cmake --build /home/jordan/SDfR/assignment6/build/relbot_sequence_controller -- -j16 -l16
[0.245s] [100%] Built target relbot_sequence_controller
[0.304s] Invoked command in '/home/jordan/SDfR/assignment6/build/relbot_sequence_controller' returned '0': CMAKE_PREFIX_PATH=/opt/ros/humble /usr/bin/cmake --build /home/jordan/SDfR/assignment6/build/relbot_sequence_controller -- -j16 -l16
[0.308s] Invoking command in '/home/jordan/SDfR/assignment6/build/relbot_sequence_controller': CMAKE_PREFIX_PATH=/opt/ros/humble /usr/bin/cmake --install /home/jordan/SDfR/assignment6/build/relbot_sequence_controller
[0.338s] -- Install configuration: ""
[0.342s] -- Up-to-date: /home/jordan/SDfR/assignment6/install/relbot_sequence_controller/lib/relbot_sequence_controller/relbot_sequence_controller
[0.342s] -- Up-to-date: /home/jordan/SDfR/assignment6/install/relbot_sequence_controller/share/ament_index/resource_index/package_run_dependencies/relbot_sequence_controller
[0.346s] -- Up-to-date: /home/jordan/SDfR/assignment6/install/relbot_sequence_controller/share/ament_index/resource_index/parent_prefix_path/relbot_sequence_controller
[0.346s] -- Up-to-date: /home/jordan/SDfR/assignment6/install/relbot_sequence_controller/share/relbot_sequence_controller/environment/ament_prefix_path.sh
[0.346s] -- Up-to-date: /home/jordan/SDfR/assignment6/install/relbot_sequence_controller/share/relbot_sequence_controller/environment/ament_prefix_path.dsv
[0.347s] -- Up-to-date: /home/jordan/SDfR/assignment6/install/relbot_sequence_controller/share/relbot_sequence_controller/environment/path.sh
[0.348s] -- Up-to-date: /home/jordan/SDfR/assignment6/install/relbot_sequence_controller/share/relbot_sequence_controller/environment/path.dsv
[0.348s] -- Up-to-date: /home/jordan/SDfR/assignment6/install/relbot_sequence_controller/share/relbot_sequence_controller/local_setup.bash
[0.348s] -- Up-to-date: /home/jordan/SDfR/assignment6/install/relbot_sequence_controller/share/relbot_sequence_controller/local_setup.sh
[0.349s] -- Up-to-date: /home/jordan/SDfR/assignment6/install/relbot_sequence_controller/share/relbot_sequence_controller/local_setup.zsh
[0.349s] -- Up-to-date: /home/jordan/SDfR/assignment6/install/relbot_sequence_controller/share/relbot_sequence_controller/local_setup.dsv
[0.352s] -- Installing: /home/jordan/SDfR/assignment6/install/relbot_sequence_controller/share/relbot_sequence_controller/package.dsv
[0.353s] -- Up-to-date: /home/jordan/SDfR/assignment6/install/relbot_sequence_controller/share/ament_index/resource_index/packages/relbot_sequence_controller
[0.370s] -- Up-to-date: /home/jordan/SDfR/assignment6/install/relbot_sequence_controller/share/relbot_sequence_controller/cmake/relbot_sequence_controllerConfig.cmake
[0.371s] -- Up-to-date: /home/jordan/SDfR/assignment6/install/relbot_sequence_controller/share/relbot_sequence_controller/cmake/relbot_sequence_controllerConfig-version.cmake
[0.371s] -- Up-to-date: /home/jordan/SDfR/assignment6/install/relbot_sequence_controller/share/relbot_sequence_controller/package.xml
[0.459s] Invoked command in '/home/jordan/SDfR/assignment6/build/relbot_sequence_controller' returned '0': CMAKE_PREFIX_PATH=/opt/ros/humble /usr/bin/cmake --install /home/jordan/SDfR/assignment6/build/relbot_sequence_controller
