[0.027s] Invoking command in '/home/jordan/git_repos/SDfR/assignment6/build/red_object_detector': CMAKE_PREFIX_PATH=${CMAKE_PREFIX_PATH}:/opt/ros/jazzy DEBUGINFOD_URLS=https://debuginfod.ubuntu.com /usr/bin/cmake /home/jordan/git_repos/SDfR/assignment6/src/red_object_detector -DCMAKE_INSTALL_PREFIX=/home/jordan/git_repos/SDfR/assignment6/install/red_object_detector
[0.088s] -- The C compiler identification is GNU 13.3.0
[0.156s] -- The CXX compiler identification is GNU 13.3.0
[0.177s] -- Detecting C compiler ABI info
[0.296s] -- Detecting C compiler ABI info - done
[0.310s] -- Check for working C compiler: /usr/bin/cc - skipped
[0.310s] -- Detecting C compile features
[0.311s] -- Detecting C compile features - done
[0.324s] -- Detecting CXX compiler ABI info
[0.445s] -- Detecting CXX compiler ABI info - done
[0.460s] -- Check for working CXX compiler: /usr/bin/c++ - skipped
[0.460s] -- Detecting CXX compile features
[0.461s] -- Detecting CXX compile features - done
[0.467s] -- Found ament_cmake: 2.5.6 (/opt/ros/jazzy/share/ament_cmake/cmake)
[0.659s] -- Found Python3: /usr/bin/python3 (found version "3.12.3") found components: Interpreter 
[0.838s] -- Found rclcpp: 28.1.18 (/opt/ros/jazzy/share/rclcpp/cmake)
[0.898s] -- Found rosidl_generator_c: 4.6.7 (/opt/ros/jazzy/share/rosidl_generator_c/cmake)
[0.918s] -- Found rosidl_generator_cpp: 4.6.7 (/opt/ros/jazzy/share/rosidl_generator_cpp/cmake)
[0.939s] -- Using all available rosidl_typesupport_c: rosidl_typesupport_fastrtps_c;rosidl_typesupport_introspection_c
[0.964s] -- Using all available rosidl_typesupport_cpp: rosidl_typesupport_fastrtps_cpp;rosidl_typesupport_introspection_cpp
[1.090s] -- Found rmw_implementation_cmake: 7.3.3 (/opt/ros/jazzy/share/rmw_implementation_cmake/cmake)
[1.095s] -- Found rmw_fastrtps_cpp: 8.4.3 (/opt/ros/jazzy/share/rmw_fastrtps_cpp/cmake)
[1.209s] -- Found OpenSSL: /usr/lib/x86_64-linux-gnu/libcrypto.so (found version "3.0.13")  
[1.234s] -- Found FastRTPS: /opt/ros/jazzy/include (Required is at least version "2.13") 
[1.269s] -- Using RMW implementation 'rmw_fastrtps_cpp' as default
[1.364s] -- Found sensor_msgs: 5.3.7 (/opt/ros/jazzy/share/sensor_msgs/cmake)
[1.435s] -- Found cv_bridge: 4.1.0 (/opt/ros/jazzy/share/cv_bridge/cmake)
[1.454s] -- Found OpenCV: /usr (found version "4.6.0") 
[1.460s] -- Found ament_lint_auto: 0.17.5 (/opt/ros/jazzy/share/ament_lint_auto/cmake)
[1.600s] -- Added test 'cppcheck' to perform static code analysis on C / C++ code
[1.601s] -- Configured cppcheck include dirs: 
[1.601s] -- Configured cppcheck exclude dirs and/or files: 
[1.602s] -- Added test 'lint_cmake' to check CMake code style
[1.603s] -- Added test 'uncrustify' to check C / C++ code style
[1.604s] -- Configured uncrustify additional arguments: 
[1.604s] -- Added test 'xmllint' to check XML markup files
[1.607s] -- Configuring done (1.6s)
[1.627s] -- Generating done (0.0s)
[1.633s] -- Build files have been written to: /home/jordan/git_repos/SDfR/assignment6/build/red_object_detector
[1.649s] Invoked command in '/home/jordan/git_repos/SDfR/assignment6/build/red_object_detector' returned '0': CMAKE_PREFIX_PATH=${CMAKE_PREFIX_PATH}:/opt/ros/jazzy DEBUGINFOD_URLS=https://debuginfod.ubuntu.com /usr/bin/cmake /home/jordan/git_repos/SDfR/assignment6/src/red_object_detector -DCMAKE_INSTALL_PREFIX=/home/jordan/git_repos/SDfR/assignment6/install/red_object_detector
[1.651s] Invoking command in '/home/jordan/git_repos/SDfR/assignment6/build/red_object_detector': CMAKE_PREFIX_PATH=${CMAKE_PREFIX_PATH}:/opt/ros/jazzy DEBUGINFOD_URLS=https://debuginfod.ubuntu.com /usr/bin/cmake --build /home/jordan/git_repos/SDfR/assignment6/build/red_object_detector -- -j16 -l16
[1.712s] [ 50%] [32mBuilding CXX object CMakeFiles/red_object_detector.dir/src/red_object_detector.cpp.o[0m
[13.835s] [100%] [32m[1mLinking CXX executable red_object_detector[0m
[14.518s] [100%] Built target red_object_detector
[14.532s] Invoked command in '/home/jordan/git_repos/SDfR/assignment6/build/red_object_detector' returned '0': CMAKE_PREFIX_PATH=${CMAKE_PREFIX_PATH}:/opt/ros/jazzy DEBUGINFOD_URLS=https://debuginfod.ubuntu.com /usr/bin/cmake --build /home/jordan/git_repos/SDfR/assignment6/build/red_object_detector -- -j16 -l16
[14.534s] Invoking command in '/home/jordan/git_repos/SDfR/assignment6/build/red_object_detector': CMAKE_PREFIX_PATH=${CMAKE_PREFIX_PATH}:/opt/ros/jazzy DEBUGINFOD_URLS=https://debuginfod.ubuntu.com /usr/bin/cmake --install /home/jordan/git_repos/SDfR/assignment6/build/red_object_detector
[14.544s] -- Install configuration: ""
[14.544s] -- Installing: /home/jordan/git_repos/SDfR/assignment6/install/red_object_detector/lib/red_object_detector/red_object_detector
[14.549s] -- Set non-toolchain portion of runtime path of "/home/jordan/git_repos/SDfR/assignment6/install/red_object_detector/lib/red_object_detector/red_object_detector" to ""
[14.549s] -- Installing: /home/jordan/git_repos/SDfR/assignment6/install/red_object_detector/share/ament_index/resource_index/package_run_dependencies/red_object_detector
[14.549s] -- Installing: /home/jordan/git_repos/SDfR/assignment6/install/red_object_detector/share/ament_index/resource_index/parent_prefix_path/red_object_detector
[14.550s] -- Installing: /home/jordan/git_repos/SDfR/assignment6/install/red_object_detector/share/red_object_detector/environment/ament_prefix_path.sh
[14.550s] -- Installing: /home/jordan/git_repos/SDfR/assignment6/install/red_object_detector/share/red_object_detector/environment/ament_prefix_path.dsv
[14.550s] -- Installing: /home/jordan/git_repos/SDfR/assignment6/install/red_object_detector/share/red_object_detector/environment/path.sh
[14.550s] -- Installing: /home/jordan/git_repos/SDfR/assignment6/install/red_object_detector/share/red_object_detector/environment/path.dsv
[14.550s] -- Installing: /home/jordan/git_repos/SDfR/assignment6/install/red_object_detector/share/red_object_detector/local_setup.bash
[14.550s] -- Installing: /home/jordan/git_repos/SDfR/assignment6/install/red_object_detector/share/red_object_detector/local_setup.sh
[14.551s] -- Installing: /home/jordan/git_repos/SDfR/assignment6/install/red_object_detector/share/red_object_detector/local_setup.zsh
[14.551s] -- Installing: /home/jordan/git_repos/SDfR/assignment6/install/red_object_detector/share/red_object_detector/local_setup.dsv
[14.551s] -- Installing: /home/jordan/git_repos/SDfR/assignment6/install/red_object_detector/share/red_object_detector/package.dsv
[14.551s] -- Installing: /home/jordan/git_repos/SDfR/assignment6/install/red_object_detector/share/ament_index/resource_index/packages/red_object_detector
[14.551s] -- Installing: /home/jordan/git_repos/SDfR/assignment6/install/red_object_detector/share/red_object_detector/cmake/red_object_detectorConfig.cmake
[14.552s] -- Installing: /home/jordan/git_repos/SDfR/assignment6/install/red_object_detector/share/red_object_detector/cmake/red_object_detectorConfig-version.cmake
[14.552s] -- Installing: /home/jordan/git_repos/SDfR/assignment6/install/red_object_detector/share/red_object_detector/package.xml
[14.555s] Invoked command in '/home/jordan/git_repos/SDfR/assignment6/build/red_object_detector' returned '0': CMAKE_PREFIX_PATH=${CMAKE_PREFIX_PATH}:/opt/ros/jazzy DEBUGINFOD_URLS=https://debuginfod.ubuntu.com /usr/bin/cmake --install /home/jordan/git_repos/SDfR/assignment6/build/red_object_detector
