[0.106s] Invoking command in '/home/jordan/SDfR/assignment6/build/green_object_detector': CMAKE_PREFIX_PATH=/opt/ros/humble /usr/bin/cmake /home/jordan/SDfR/assignment6/src/green_object_detector -DCMAKE_INSTALL_PREFIX=/home/jordan/SDfR/assignment6/install/green_object_detector
[0.570s] -- The C compiler identification is GNU 11.4.0
[2.722s] -- The CXX compiler identification is GNU 11.4.0
[4.312s] -- Detecting C compiler ABI info
[4.993s] -- Detecting C compiler ABI info - done
[5.008s] -- Check for working C compiler: /usr/bin/cc - skipped
[5.009s] -- Detecting C compile features
[5.009s] -- Detecting C compile features - done
[5.017s] -- Detecting CXX compiler ABI info
[5.573s] -- Detecting CXX compiler ABI info - done
[5.589s] -- Check for working CXX compiler: /usr/bin/c++ - skipped
[5.590s] -- Detecting CXX compile features
[5.591s] -- Detecting CXX compile features - done
[5.598s] -- Found ament_cmake: 1.3.13 (/opt/ros/humble/share/ament_cmake/cmake)
[6.104s] -- Found Python3: /usr/bin/python3 (found version "3.10.12") found components: Interpreter 
[6.367s] -- Found rclcpp: 16.0.18 (/opt/ros/humble/share/rclcpp/cmake)
[7.003s] -- Found rosidl_generator_c: 3.1.8 (/opt/ros/humble/share/rosidl_generator_c/cmake)
[7.019s] -- Found rosidl_adapter: 3.1.8 (/opt/ros/humble/share/rosidl_adapter/cmake)
[7.049s] -- Found rosidl_generator_cpp: 3.1.8 (/opt/ros/humble/share/rosidl_generator_cpp/cmake)
[7.094s] -- Using all available rosidl_typesupport_c: rosidl_typesupport_fastrtps_c;rosidl_typesupport_introspection_c
[7.141s] -- Using all available rosidl_typesupport_cpp: rosidl_typesupport_fastrtps_cpp;rosidl_typesupport_introspection_cpp
[7.348s] -- Found rmw_implementation_cmake: 6.1.2 (/opt/ros/humble/share/rmw_implementation_cmake/cmake)
[7.360s] -- Found rmw_fastrtps_cpp: 6.2.10 (/opt/ros/humble/share/rmw_fastrtps_cpp/cmake)
[10.406s] -- Found OpenSSL: /usr/lib/x86_64-linux-gnu/libcrypto.so (found version "3.0.2")  
[13.800s] -- Found FastRTPS: /opt/ros/humble/include  
[25.442s] -- Using RMW implementation 'rmw_fastrtps_cpp' as default
[25.470s] -- Looking for pthread.h
[26.105s] -- Looking for pthread.h - found
[26.107s] -- Performing Test CMAKE_HAVE_LIBC_PTHREAD
[26.853s] -- Performing Test CMAKE_HAVE_LIBC_PTHREAD - Success
[26.857s] -- Found Threads: TRUE  
[27.037s] -- Found sensor_msgs: 4.9.1 (/opt/ros/humble/share/sensor_msgs/cmake)
[27.178s] -- Found cv_bridge: 3.2.1 (/opt/ros/humble/share/cv_bridge/cmake)
[27.246s] -- Found OpenCV: /usr (found version "4.5.4") 
[27.258s] -- Found ament_lint_auto: 0.12.15 (/opt/ros/humble/share/ament_lint_auto/cmake)
[27.562s] -- Added test 'cppcheck' to perform static code analysis on C / C++ code
[27.562s] -- Configured cppcheck include dirs: 
[27.563s] -- Configured cppcheck exclude dirs and/or files: 
[27.566s] -- Added test 'lint_cmake' to check CMake code style
[27.571s] -- Added test 'uncrustify' to check C / C++ code style
[27.572s] -- Configured uncrustify additional arguments: 
[27.577s] -- Added test 'xmllint' to check XML markup files
[27.585s] -- Configuring done
[27.659s] -- Generating done
[27.680s] -- Build files have been written to: /home/jordan/SDfR/assignment6/build/green_object_detector
[27.720s] Invoked command in '/home/jordan/SDfR/assignment6/build/green_object_detector' returned '0': CMAKE_PREFIX_PATH=/opt/ros/humble /usr/bin/cmake /home/jordan/SDfR/assignment6/src/green_object_detector -DCMAKE_INSTALL_PREFIX=/home/jordan/SDfR/assignment6/install/green_object_detector
[27.725s] Invoking command in '/home/jordan/SDfR/assignment6/build/green_object_detector': CMAKE_PREFIX_PATH=/opt/ros/humble /usr/bin/cmake --build /home/jordan/SDfR/assignment6/build/green_object_detector -- -j16 -l16
[27.940s] [ 50%] Building CXX object CMakeFiles/green_object_detector.dir/src/green_object_detector.cpp.o
[58.433s] [100%] Linking CXX executable green_object_detector
[61.041s] [100%] Built target green_object_detector
