[0.074s] Invoking command in '/home/jordan/SDfR/assignment6/build/image_functions_sdfr': CMAKE_PREFIX_PATH=/opt/ros/humble /usr/bin/cmake --build /home/jordan/SDfR/assignment6/build/image_functions_sdfr -- -j16 -l16
[0.254s] [100%] Built target image_functions
[0.324s] Invoked command in '/home/jordan/SDfR/assignment6/build/image_functions_sdfr' returned '0': CMAKE_PREFIX_PATH=/opt/ros/humble /usr/bin/cmake --build /home/jordan/SDfR/assignment6/build/image_functions_sdfr -- -j16 -l16
[0.329s] Invoking command in '/home/jordan/SDfR/assignment6/build/image_functions_sdfr': CMAKE_PREFIX_PATH=/opt/ros/humble /usr/bin/cmake --install /home/jordan/SDfR/assignment6/build/image_functions_sdfr
[0.380s] -- Install configuration: ""
[0.383s] -- Up-to-date: /home/jordan/SDfR/assignment6/install/image_functions_sdfr/include
[0.383s] -- Up-to-date: /home/jordan/SDfR/assignment6/install/image_functions_sdfr/include/image_functions_sdfr
[0.385s] -- Up-to-date: /home/jordan/SDfR/assignment6/install/image_functions_sdfr/include/image_functions_sdfr/image_functions.hpp
[0.385s] -- Up-to-date: /home/jordan/SDfR/assignment6/install/image_functions_sdfr/include/image_functions_sdfr/visibility_control.h
[0.386s] -- Up-to-date: /home/jordan/SDfR/assignment6/install/image_functions_sdfr/lib/libimage_functions.so
[0.386s] -- Up-to-date: /home/jordan/SDfR/assignment6/install/image_functions_sdfr/share/image_functions_sdfr/environment/library_path.sh
[0.386s] -- Up-to-date: /home/jordan/SDfR/assignment6/install/image_functions_sdfr/share/image_functions_sdfr/environment/library_path.dsv
[0.386s] -- Up-to-date: /home/jordan/SDfR/assignment6/install/image_functions_sdfr/share/ament_index/resource_index/package_run_dependencies/image_functions_sdfr
[0.387s] -- Up-to-date: /home/jordan/SDfR/assignment6/install/image_functions_sdfr/share/ament_index/resource_index/parent_prefix_path/image_functions_sdfr
[0.387s] -- Up-to-date: /home/jordan/SDfR/assignment6/install/image_functions_sdfr/share/image_functions_sdfr/environment/ament_prefix_path.sh
[0.388s] -- Up-to-date: /home/jordan/SDfR/assignment6/install/image_functions_sdfr/share/image_functions_sdfr/environment/ament_prefix_path.dsv
[0.389s] -- Up-to-date: /home/jordan/SDfR/assignment6/install/image_functions_sdfr/share/image_functions_sdfr/environment/path.sh
[0.390s] -- Up-to-date: /home/jordan/SDfR/assignment6/install/image_functions_sdfr/share/image_functions_sdfr/environment/path.dsv
[0.390s] -- Up-to-date: /home/jordan/SDfR/assignment6/install/image_functions_sdfr/share/image_functions_sdfr/local_setup.bash
[0.391s] -- Up-to-date: /home/jordan/SDfR/assignment6/install/image_functions_sdfr/share/image_functions_sdfr/local_setup.sh
[0.391s] -- Up-to-date: /home/jordan/SDfR/assignment6/install/image_functions_sdfr/share/image_functions_sdfr/local_setup.zsh
[0.392s] -- Up-to-date: /home/jordan/SDfR/assignment6/install/image_functions_sdfr/share/image_functions_sdfr/local_setup.dsv
[0.392s] -- Installing: /home/jordan/SDfR/assignment6/install/image_functions_sdfr/share/image_functions_sdfr/package.dsv
[0.393s] -- Up-to-date: /home/jordan/SDfR/assignment6/install/image_functions_sdfr/share/ament_index/resource_index/packages/image_functions_sdfr
[0.394s] -- Up-to-date: /home/jordan/SDfR/assignment6/install/image_functions_sdfr/share/image_functions_sdfr/cmake/export_image_functions_sdfrExport.cmake
[0.394s] -- Up-to-date: /home/jordan/SDfR/assignment6/install/image_functions_sdfr/share/image_functions_sdfr/cmake/export_image_functions_sdfrExport-noconfig.cmake
[0.394s] -- Up-to-date: /home/jordan/SDfR/assignment6/install/image_functions_sdfr/share/image_functions_sdfr/cmake/ament_cmake_export_include_directories-extras.cmake
[0.394s] -- Up-to-date: /home/jordan/SDfR/assignment6/install/image_functions_sdfr/share/image_functions_sdfr/cmake/ament_cmake_export_libraries-extras.cmake
[0.394s] -- Up-to-date: /home/jordan/SDfR/assignment6/install/image_functions_sdfr/share/image_functions_sdfr/cmake/ament_cmake_export_targets-extras.cmake
[0.395s] -- Up-to-date: /home/jordan/SDfR/assignment6/install/image_functions_sdfr/share/image_functions_sdfr/cmake/ament_cmake_export_dependencies-extras.cmake
[0.395s] -- Up-to-date: /home/jordan/SDfR/assignment6/install/image_functions_sdfr/share/image_functions_sdfr/cmake/image_functions_sdfrConfig.cmake
[0.395s] -- Up-to-date: /home/jordan/SDfR/assignment6/install/image_functions_sdfr/share/image_functions_sdfr/cmake/image_functions_sdfrConfig-version.cmake
[0.396s] -- Up-to-date: /home/jordan/SDfR/assignment6/install/image_functions_sdfr/share/image_functions_sdfr/package.xml
[0.414s] Invoked command in '/home/jordan/SDfR/assignment6/build/image_functions_sdfr' returned '0': CMAKE_PREFIX_PATH=/opt/ros/humble /usr/bin/cmake --install /home/jordan/SDfR/assignment6/build/image_functions_sdfr
