[0.044s] Invoking command in '/home/sdfr-ppd-01/SDfR/assignment6/build/relbot_simulator': CMAKE_PREFIX_PATH=${CMAKE_PREFIX_PATH}:/opt/ros/humble /usr/bin/cmake --build /home/sdfr-ppd-01/SDfR/assignment6/build/relbot_simulator -- -j3 -l3
[0.246s] [100%] Built target relbot_simulator
[0.306s] Invoked command in '/home/sdfr-ppd-01/SDfR/assignment6/build/relbot_simulator' returned '0': CMAKE_PREFIX_PATH=${CMAKE_PREFIX_PATH}:/opt/ros/humble /usr/bin/cmake --build /home/sdfr-ppd-01/SDfR/assignment6/build/relbot_simulator -- -j3 -l3
[0.311s] Invoking command in '/home/sdfr-ppd-01/SDfR/assignment6/build/relbot_simulator': CMAKE_PREFIX_PATH=${CMAKE_PREFIX_PATH}:/opt/ros/humble /usr/bin/cmake --install /home/sdfr-ppd-01/SDfR/assignment6/build/relbot_simulator
[0.379s] -- Install configuration: ""
[0.385s] -- Up-to-date: /home/sdfr-ppd-01/SDfR/assignment6/install/relbot_simulator/lib/relbot_simulator/relbot_simulator
[0.391s] -- Up-to-date: /home/sdfr-ppd-01/SDfR/assignment6/install/relbot_simulator/include
[0.396s] -- Up-to-date: /home/sdfr-ppd-01/SDfR/assignment6/install/relbot_simulator/include/xxtypes.h
[0.403s] -- Up-to-date: /home/sdfr-ppd-01/SDfR/assignment6/install/relbot_simulator/include/xxmodel.h
[0.413s] -- Up-to-date: /home/sdfr-ppd-01/SDfR/assignment6/install/relbot_simulator/include/EulerAngles.h
[0.424s] -- Up-to-date: /home/sdfr-ppd-01/SDfR/assignment6/install/relbot_simulator/include/xxmatrix.h
[0.432s] -- Up-to-date: /home/sdfr-ppd-01/SDfR/assignment6/install/relbot_simulator/include/xxfuncs.h
[0.439s] -- Up-to-date: /home/sdfr-ppd-01/SDfR/assignment6/install/relbot_simulator/include/xxmatrix.cpp
[0.447s] -- Up-to-date: /home/sdfr-ppd-01/SDfR/assignment6/install/relbot_simulator/include/MotionProfiles.cpp
[0.456s] -- Up-to-date: /home/sdfr-ppd-01/SDfR/assignment6/install/relbot_simulator/include/xxinteg.h
[0.474s] -- Up-to-date: /home/sdfr-ppd-01/SDfR/assignment6/install/relbot_simulator/include/xxinteg.cpp
[0.479s] -- Up-to-date: /home/sdfr-ppd-01/SDfR/assignment6/install/relbot_simulator/include/xxinverse.cpp
[0.481s] -- Up-to-date: /home/sdfr-ppd-01/SDfR/assignment6/install/relbot_simulator/include/xxfuncs.cpp
[0.483s] -- Up-to-date: /home/sdfr-ppd-01/SDfR/assignment6/install/relbot_simulator/include/xxinverse.h
[0.489s] -- Up-to-date: /home/sdfr-ppd-01/SDfR/assignment6/install/relbot_simulator/include/MotionProfiles.h
[0.491s] -- Up-to-date: /home/sdfr-ppd-01/SDfR/assignment6/install/relbot_simulator/include/EulerAngles.cpp
[0.492s] -- Up-to-date: /home/sdfr-ppd-01/SDfR/assignment6/install/relbot_simulator/share/ament_index/resource_index/package_run_dependencies/relbot_simulator
[0.514s] -- Up-to-date: /home/sdfr-ppd-01/SDfR/assignment6/install/relbot_simulator/share/ament_index/resource_index/parent_prefix_path/relbot_simulator
[0.516s] -- Up-to-date: /home/sdfr-ppd-01/SDfR/assignment6/install/relbot_simulator/share/relbot_simulator/environment/ament_prefix_path.sh
[0.518s] -- Up-to-date: /home/sdfr-ppd-01/SDfR/assignment6/install/relbot_simulator/share/relbot_simulator/environment/ament_prefix_path.dsv
[0.519s] -- Up-to-date: /home/sdfr-ppd-01/SDfR/assignment6/install/relbot_simulator/share/relbot_simulator/environment/path.sh
[0.522s] -- Up-to-date: /home/sdfr-ppd-01/SDfR/assignment6/install/relbot_simulator/share/relbot_simulator/environment/path.dsv
[0.524s] -- Up-to-date: /home/sdfr-ppd-01/SDfR/assignment6/install/relbot_simulator/share/relbot_simulator/local_setup.bash
[0.548s] -- Up-to-date: /home/sdfr-ppd-01/SDfR/assignment6/install/relbot_simulator/share/relbot_simulator/local_setup.sh
[0.550s] -- Up-to-date: /home/sdfr-ppd-01/SDfR/assignment6/install/relbot_simulator/share/relbot_simulator/local_setup.zsh
[0.557s] -- Up-to-date: /home/sdfr-ppd-01/SDfR/assignment6/install/relbot_simulator/share/relbot_simulator/local_setup.dsv
[0.558s] -- Installing: /home/sdfr-ppd-01/SDfR/assignment6/install/relbot_simulator/share/relbot_simulator/package.dsv
[0.559s] -- Up-to-date: /home/sdfr-ppd-01/SDfR/assignment6/install/relbot_simulator/share/ament_index/resource_index/packages/relbot_simulator
[0.569s] -- Up-to-date: /home/sdfr-ppd-01/SDfR/assignment6/install/relbot_simulator/share/relbot_simulator/cmake/relbot_simulatorConfig.cmake
[0.571s] -- Up-to-date: /home/sdfr-ppd-01/SDfR/assignment6/install/relbot_simulator/share/relbot_simulator/cmake/relbot_simulatorConfig-version.cmake
[0.573s] -- Up-to-date: /home/sdfr-ppd-01/SDfR/assignment6/install/relbot_simulator/share/relbot_simulator/package.xml
[0.575s] Invoked command in '/home/sdfr-ppd-01/SDfR/assignment6/build/relbot_simulator' returned '0': CMAKE_PREFIX_PATH=${CMAKE_PREFIX_PATH}:/opt/ros/humble /usr/bin/cmake --install /home/sdfr-ppd-01/SDfR/assignment6/build/relbot_simulator
