[0.113s] Invoking command in '/home/jordan/SDfR/assignment6/build/cam2image_vm2ros': CMAKE_PREFIX_PATH=/opt/ros/humble /usr/bin/cmake /home/jordan/SDfR/assignment6/src/cam2image_vm2ros -DCMAKE_INSTALL_PREFIX=/home/jordan/SDfR/assignment6/install/cam2image_vm2ros
[0.560s] -- The C compiler identification is GNU 11.4.0
[2.301s] -- The CXX compiler identification is GNU 11.4.0
[3.621s] -- Detecting C compiler ABI info
[4.203s] -- Detecting C compiler ABI info - done
[4.221s] -- Check for working C compiler: /usr/bin/cc - skipped
[4.221s] -- Detecting C compile features
[4.222s] -- Detecting C compile features - done
[4.229s] -- Detecting CXX compiler ABI info
[4.766s] -- Detecting CXX compiler ABI info - done
[4.791s] -- Check for working CXX compiler: /usr/bin/c++ - skipped
[4.792s] -- Detecting CXX compile features
[4.796s] -- Detecting CXX compile features - done
[4.802s] -- Found ament_cmake: 1.3.13 (/opt/ros/humble/share/ament_cmake/cmake)
[5.197s] -- Found Python3: /usr/bin/python3 (found version "3.10.12") found components: Interpreter 
[5.423s] -- Found rclcpp: 16.0.18 (/opt/ros/humble/share/rclcpp/cmake)
[6.099s] -- Found rosidl_generator_c: 3.1.8 (/opt/ros/humble/share/rosidl_generator_c/cmake)
[6.110s] -- Found rosidl_adapter: 3.1.8 (/opt/ros/humble/share/rosidl_adapter/cmake)
[6.134s] -- Found rosidl_generator_cpp: 3.1.8 (/opt/ros/humble/share/rosidl_generator_cpp/cmake)
[6.162s] -- Using all available rosidl_typesupport_c: rosidl_typesupport_fastrtps_c;rosidl_typesupport_introspection_c
[6.199s] -- Using all available rosidl_typesupport_cpp: rosidl_typesupport_fastrtps_cpp;rosidl_typesupport_introspection_cpp
[6.291s] -- Found rmw_implementation_cmake: 6.1.2 (/opt/ros/humble/share/rmw_implementation_cmake/cmake)
[6.295s] -- Found rmw_fastrtps_cpp: 6.2.10 (/opt/ros/humble/share/rmw_fastrtps_cpp/cmake)
[8.747s] -- Found OpenSSL: /usr/lib/x86_64-linux-gnu/libcrypto.so (found version "3.0.2")  
[11.477s] -- Found FastRTPS: /opt/ros/humble/include  
[20.157s] -- Using RMW implementation 'rmw_fastrtps_cpp' as default
[20.185s] -- Looking for pthread.h
[20.629s] -- Looking for pthread.h - found
[20.630s] -- Performing Test CMAKE_HAVE_LIBC_PTHREAD
[21.075s] -- Performing Test CMAKE_HAVE_LIBC_PTHREAD - Success
[21.078s] -- Found Threads: TRUE  
[21.195s] -- Found rclcpp_components: 16.0.18 (/opt/ros/humble/share/rclcpp_components/cmake)
[21.251s] -- Found sensor_msgs: 4.9.1 (/opt/ros/humble/share/sensor_msgs/cmake)
[21.322s] -- Found cv_bridge: 3.2.1 (/opt/ros/humble/share/cv_bridge/cmake)
[21.350s] -- Found OpenCV: /usr (found version "4.5.4") found components: core highgui imgcodecs imgproc videoio 
[21.519s] -- Configuring done
[21.584s] -- Generating done
[21.606s] -- Build files have been written to: /home/jordan/SDfR/assignment6/build/cam2image_vm2ros
[21.631s] Invoked command in '/home/jordan/SDfR/assignment6/build/cam2image_vm2ros' returned '0': CMAKE_PREFIX_PATH=/opt/ros/humble /usr/bin/cmake /home/jordan/SDfR/assignment6/src/cam2image_vm2ros -DCMAKE_INSTALL_PREFIX=/home/jordan/SDfR/assignment6/install/cam2image_vm2ros
[21.635s] Invoking command in '/home/jordan/SDfR/assignment6/build/cam2image_vm2ros': CMAKE_PREFIX_PATH=/opt/ros/humble /usr/bin/cmake --build /home/jordan/SDfR/assignment6/build/cam2image_vm2ros -- -j16 -l16
[21.774s] [ 40%] [32mBuilding CXX object CMakeFiles/cam2image_vm2ros.dir/src/remote_capture.cpp.o[0m
[21.775s] [ 40%] [32mBuilding CXX object CMakeFiles/cam2image.dir/rclcpp_components/node_main_cam2image.cpp.o[0m
[21.777s] [ 60%] [32mBuilding CXX object CMakeFiles/cam2image_vm2ros.dir/src/cam2image.cpp.o[0m
[31.536s] [ 80%] [32m[1mLinking CXX executable cam2image[0m
[32.328s] [ 80%] Built target cam2image
[51.230s] [100%] [32m[1mLinking CXX shared library libcam2image_vm2ros.so[0m
[52.890s] [100%] Built target cam2image_vm2ros
[52.967s] Invoked command in '/home/jordan/SDfR/assignment6/build/cam2image_vm2ros' returned '0': CMAKE_PREFIX_PATH=/opt/ros/humble /usr/bin/cmake --build /home/jordan/SDfR/assignment6/build/cam2image_vm2ros -- -j16 -l16
[52.973s] Invoking command in '/home/jordan/SDfR/assignment6/build/cam2image_vm2ros': CMAKE_PREFIX_PATH=/opt/ros/humble /usr/bin/cmake --install /home/jordan/SDfR/assignment6/build/cam2image_vm2ros
[52.990s] -- Install configuration: ""
[52.992s] -- Installing: /home/jordan/SDfR/assignment6/install/cam2image_vm2ros/lib/cam2image_vm2ros/cam2image
[52.994s] -- Set runtime path of "/home/jordan/SDfR/assignment6/install/cam2image_vm2ros/lib/cam2image_vm2ros/cam2image" to ""
[52.995s] -- Installing: /home/jordan/SDfR/assignment6/install/cam2image_vm2ros/lib/libcam2image_vm2ros.so
[53.028s] -- Set runtime path of "/home/jordan/SDfR/assignment6/install/cam2image_vm2ros/lib/libcam2image_vm2ros.so" to ""
[53.030s] -- Installing: /home/jordan/SDfR/assignment6/install/cam2image_vm2ros/include/cam2image_vm2ros
[53.030s] -- Installing: /home/jordan/SDfR/assignment6/install/cam2image_vm2ros/include/cam2image_vm2ros/cam2image.hpp
[53.031s] -- Installing: /home/jordan/SDfR/assignment6/install/cam2image_vm2ros/include/cam2image_vm2ros/visibility_control.h
[53.032s] -- Installing: /home/jordan/SDfR/assignment6/install/cam2image_vm2ros/include/cam2image_vm2ros/base64.hpp
[53.033s] -- Installing: /home/jordan/SDfR/assignment6/install/cam2image_vm2ros/include/cam2image_vm2ros/remote_capture.hpp
[53.033s] -- Installing: /home/jordan/SDfR/assignment6/install/cam2image_vm2ros/share/cam2image_vm2ros/config
[53.035s] -- Installing: /home/jordan/SDfR/assignment6/install/cam2image_vm2ros/share/cam2image_vm2ros/config/cam2image_relbot.yaml
[53.035s] -- Installing: /home/jordan/SDfR/assignment6/install/cam2image_vm2ros/share/cam2image_vm2ros/config/cam2image.yaml
[53.036s] -- Installing: /home/jordan/SDfR/assignment6/install/cam2image_vm2ros/share/cam2image_vm2ros/launch
[53.037s] -- Installing: /home/jordan/SDfR/assignment6/install/cam2image_vm2ros/share/cam2image_vm2ros/launch/vm_camera_test.launch.py
[53.038s] -- Installing: /home/jordan/SDfR/assignment6/install/cam2image_vm2ros/share/cam2image_vm2ros/environment/library_path.sh
[53.039s] -- Installing: /home/jordan/SDfR/assignment6/install/cam2image_vm2ros/share/cam2image_vm2ros/environment/library_path.dsv
[53.043s] -- Installing: /home/jordan/SDfR/assignment6/install/cam2image_vm2ros/share/ament_index/resource_index/package_run_dependencies/cam2image_vm2ros
[53.046s] -- Installing: /home/jordan/SDfR/assignment6/install/cam2image_vm2ros/share/ament_index/resource_index/parent_prefix_path/cam2image_vm2ros
[53.046s] -- Installing: /home/jordan/SDfR/assignment6/install/cam2image_vm2ros/share/cam2image_vm2ros/environment/ament_prefix_path.sh
[53.047s] -- Installing: /home/jordan/SDfR/assignment6/install/cam2image_vm2ros/share/cam2image_vm2ros/environment/ament_prefix_path.dsv
[53.047s] -- Installing: /home/jordan/SDfR/assignment6/install/cam2image_vm2ros/share/cam2image_vm2ros/environment/path.sh
[53.047s] -- Installing: /home/jordan/SDfR/assignment6/install/cam2image_vm2ros/share/cam2image_vm2ros/environment/path.dsv
[53.049s] -- Installing: /home/jordan/SDfR/assignment6/install/cam2image_vm2ros/share/cam2image_vm2ros/local_setup.bash
[53.050s] -- Installing: /home/jordan/SDfR/assignment6/install/cam2image_vm2ros/share/cam2image_vm2ros/local_setup.sh
[53.050s] -- Installing: /home/jordan/SDfR/assignment6/install/cam2image_vm2ros/share/cam2image_vm2ros/local_setup.zsh
[53.050s] -- Installing: /home/jordan/SDfR/assignment6/install/cam2image_vm2ros/share/cam2image_vm2ros/local_setup.dsv
[53.051s] -- Installing: /home/jordan/SDfR/assignment6/install/cam2image_vm2ros/share/cam2image_vm2ros/package.dsv
[53.052s] -- Installing: /home/jordan/SDfR/assignment6/install/cam2image_vm2ros/share/ament_index/resource_index/packages/cam2image_vm2ros
[53.054s] -- Installing: /home/jordan/SDfR/assignment6/install/cam2image_vm2ros/share/ament_index/resource_index/rclcpp_components/cam2image_vm2ros
[53.055s] -- Installing: /home/jordan/SDfR/assignment6/install/cam2image_vm2ros/share/cam2image_vm2ros/cmake/cam2image_vm2rosExport.cmake
[53.055s] -- Installing: /home/jordan/SDfR/assignment6/install/cam2image_vm2ros/share/cam2image_vm2ros/cmake/cam2image_vm2rosExport-noconfig.cmake
[53.056s] -- Installing: /home/jordan/SDfR/assignment6/install/cam2image_vm2ros/share/cam2image_vm2ros/cmake/ament_cmake_export_libraries-extras.cmake
[53.057s] -- Installing: /home/jordan/SDfR/assignment6/install/cam2image_vm2ros/share/cam2image_vm2ros/cmake/ament_cmake_export_targets-extras.cmake
[53.057s] -- Installing: /home/jordan/SDfR/assignment6/install/cam2image_vm2ros/share/cam2image_vm2ros/cmake/ament_cmake_export_dependencies-extras.cmake
[53.058s] -- Installing: /home/jordan/SDfR/assignment6/install/cam2image_vm2ros/share/cam2image_vm2ros/cmake/cam2image_vm2rosConfig.cmake
[53.058s] -- Installing: /home/jordan/SDfR/assignment6/install/cam2image_vm2ros/share/cam2image_vm2ros/cmake/cam2image_vm2rosConfig-version.cmake
[53.059s] -- Installing: /home/jordan/SDfR/assignment6/install/cam2image_vm2ros/share/cam2image_vm2ros/package.xml
[53.082s] Invoked command in '/home/jordan/SDfR/assignment6/build/cam2image_vm2ros' returned '0': CMAKE_PREFIX_PATH=/opt/ros/humble /usr/bin/cmake --install /home/jordan/SDfR/assignment6/build/cam2image_vm2ros
