[0.110s] Invoking command in '/home/jordan/SDfR/assignment6/build/relbot_sequence_controller': CMAKE_PREFIX_PATH=/opt/ros/humble /usr/bin/cmake /home/jordan/SDfR/assignment6/src/relbot_sequence_controller -DCMAKE_INSTALL_PREFIX=/home/jordan/SDfR/assignment6/install/relbot_sequence_controller
[0.593s] -- The C compiler identification is GNU 11.4.0
[2.886s] -- The CXX compiler identification is GNU 11.4.0
[4.794s] -- Detecting C compiler ABI info
[5.419s] -- Detecting C compiler ABI info - done
[5.442s] -- Check for working C compiler: /usr/bin/cc - skipped
[5.443s] -- Detecting C compile features
[5.443s] -- Detecting C compile features - done
[5.451s] -- Detecting CXX compiler ABI info
[6.147s] -- Detecting CXX compiler ABI info - done
[6.173s] -- Check for working CXX compiler: /usr/bin/c++ - skipped
[6.174s] -- Detecting CXX compile features
[6.177s] -- Detecting CXX compile features - done
[6.183s] -- Found ament_cmake: 1.3.13 (/opt/ros/humble/share/ament_cmake/cmake)
[6.687s] -- Found Python3: /usr/bin/python3 (found version "3.10.12") found components: Interpreter 
[6.974s] -- Found rclcpp: 16.0.18 (/opt/ros/humble/share/rclcpp/cmake)
[7.634s] -- Found rosidl_generator_c: 3.1.8 (/opt/ros/humble/share/rosidl_generator_c/cmake)
[7.648s] -- Found rosidl_adapter: 3.1.8 (/opt/ros/humble/share/rosidl_adapter/cmake)
[7.673s] -- Found rosidl_generator_cpp: 3.1.8 (/opt/ros/humble/share/rosidl_generator_cpp/cmake)
[7.710s] -- Using all available rosidl_typesupport_c: rosidl_typesupport_fastrtps_c;rosidl_typesupport_introspection_c
[7.759s] -- Using all available rosidl_typesupport_cpp: rosidl_typesupport_fastrtps_cpp;rosidl_typesupport_introspection_cpp
[7.894s] -- Found rmw_implementation_cmake: 6.1.2 (/opt/ros/humble/share/rmw_implementation_cmake/cmake)
[7.902s] -- Found rmw_fastrtps_cpp: 6.2.10 (/opt/ros/humble/share/rmw_fastrtps_cpp/cmake)
[13.235s] -- Found OpenSSL: /usr/lib/x86_64-linux-gnu/libcrypto.so (found version "3.0.2")  
[19.757s] -- Found FastRTPS: /opt/ros/humble/include  
[29.556s] -- Using RMW implementation 'rmw_fastrtps_cpp' as default
[29.592s] -- Looking for pthread.h
[30.494s] -- Looking for pthread.h - found
[30.499s] -- Performing Test CMAKE_HAVE_LIBC_PTHREAD
[31.398s] -- Performing Test CMAKE_HAVE_LIBC_PTHREAD - Success
[31.402s] -- Found Threads: TRUE  
[31.638s] -- Found example_interfaces: 0.9.3 (/opt/ros/humble/share/example_interfaces/cmake)
[31.821s] -- Found geometry_msgs: 4.9.1 (/opt/ros/humble/share/geometry_msgs/cmake)
[31.892s] -- Found ament_lint_auto: 0.12.15 (/opt/ros/humble/share/ament_lint_auto/cmake)
[32.225s] -- Added test 'cppcheck' to perform static code analysis on C / C++ code
[32.226s] -- Configured cppcheck include dirs: /home/jordan/SDfR/assignment6/src/relbot_sequence_controller/include
[32.229s] -- Configured cppcheck exclude dirs and/or files: 
[32.231s] -- Added test 'lint_cmake' to check CMake code style
[32.234s] -- Added test 'uncrustify' to check C / C++ code style
[32.235s] -- Configured uncrustify additional arguments: 
[32.240s] -- Added test 'xmllint' to check XML markup files
[32.248s] -- Configuring done
[32.315s] -- Generating done
[32.338s] -- Build files have been written to: /home/jordan/SDfR/assignment6/build/relbot_sequence_controller
[33.024s] Invoked command in '/home/jordan/SDfR/assignment6/build/relbot_sequence_controller' returned '0': CMAKE_PREFIX_PATH=/opt/ros/humble /usr/bin/cmake /home/jordan/SDfR/assignment6/src/relbot_sequence_controller -DCMAKE_INSTALL_PREFIX=/home/jordan/SDfR/assignment6/install/relbot_sequence_controller
[33.027s] Invoking command in '/home/jordan/SDfR/assignment6/build/relbot_sequence_controller': CMAKE_PREFIX_PATH=/opt/ros/humble /usr/bin/cmake --build /home/jordan/SDfR/assignment6/build/relbot_sequence_controller -- -j16 -l16
[33.229s] [ 50%] Building CXX object CMakeFiles/relbot_sequence_controller.dir/src/relbot_sequence_controller.cpp.o
[66.298s] [100%] Linking CXX executable relbot_sequence_controller
[68.193s] [100%] Built target relbot_sequence_controller
