[0.033s] Invoking command in '/home/jordan/SDfR/assignment6/build/relbot_sequence_controller': CMAKE_PREFIX_PATH=/opt/ros/humble /usr/bin/cmake --build /home/jordan/SDfR/assignment6/build/relbot_sequence_controller -- -j16 -l16
[0.080s] [35m[1mConsolidate compiler generated dependencies of target relbot_sequence_controller[0m
[0.105s] [ 50%] [32mBuilding CXX object CMakeFiles/relbot_sequence_controller.dir/src/relbot_sequence_controller.cpp.o[0m
[9.708s] [100%] [32m[1mLinking CXX executable relbot_sequence_controller[0m
[10.327s] [100%] Built target relbot_sequence_controller
[10.342s] Invoked command in '/home/jordan/SDfR/assignment6/build/relbot_sequence_controller' returned '0': CMAKE_PREFIX_PATH=/opt/ros/humble /usr/bin/cmake --build /home/jordan/SDfR/assignment6/build/relbot_sequence_controller -- -j16 -l16
[10.343s] Invoking command in '/home/jordan/SDfR/assignment6/build/relbot_sequence_controller': CMAKE_PREFIX_PATH=/opt/ros/humble /usr/bin/cmake --install /home/jordan/SDfR/assignment6/build/relbot_sequence_controller
[10.352s] -- Install configuration: ""
[10.352s] -- Installing: /home/jordan/SDfR/assignment6/install/relbot_sequence_controller/lib/relbot_sequence_controller/relbot_sequence_controller
[10.362s] -- Set runtime path of "/home/jordan/SDfR/assignment6/install/relbot_sequence_controller/lib/relbot_sequence_controller/relbot_sequence_controller" to ""
[10.363s] -- Up-to-date: /home/jordan/SDfR/assignment6/install/relbot_sequence_controller/share/ament_index/resource_index/package_run_dependencies/relbot_sequence_controller
[10.363s] -- Up-to-date: /home/jordan/SDfR/assignment6/install/relbot_sequence_controller/share/ament_index/resource_index/parent_prefix_path/relbot_sequence_controller
[10.363s] -- Up-to-date: /home/jordan/SDfR/assignment6/install/relbot_sequence_controller/share/relbot_sequence_controller/environment/ament_prefix_path.sh
[10.363s] -- Up-to-date: /home/jordan/SDfR/assignment6/install/relbot_sequence_controller/share/relbot_sequence_controller/environment/ament_prefix_path.dsv
[10.363s] -- Up-to-date: /home/jordan/SDfR/assignment6/install/relbot_sequence_controller/share/relbot_sequence_controller/environment/path.sh
[10.363s] -- Up-to-date: /home/jordan/SDfR/assignment6/install/relbot_sequence_controller/share/relbot_sequence_controller/environment/path.dsv
[10.363s] -- Up-to-date: /home/jordan/SDfR/assignment6/install/relbot_sequence_controller/share/relbot_sequence_controller/local_setup.bash
[10.363s] -- Up-to-date: /home/jordan/SDfR/assignment6/install/relbot_sequence_controller/share/relbot_sequence_controller/local_setup.sh
[10.363s] -- Up-to-date: /home/jordan/SDfR/assignment6/install/relbot_sequence_controller/share/relbot_sequence_controller/local_setup.zsh
[10.364s] -- Up-to-date: /home/jordan/SDfR/assignment6/install/relbot_sequence_controller/share/relbot_sequence_controller/local_setup.dsv
[10.364s] -- Installing: /home/jordan/SDfR/assignment6/install/relbot_sequence_controller/share/relbot_sequence_controller/package.dsv
[10.364s] -- Up-to-date: /home/jordan/SDfR/assignment6/install/relbot_sequence_controller/share/ament_index/resource_index/packages/relbot_sequence_controller
[10.364s] -- Up-to-date: /home/jordan/SDfR/assignment6/install/relbot_sequence_controller/share/relbot_sequence_controller/cmake/relbot_sequence_controllerConfig.cmake
[10.364s] -- Up-to-date: /home/jordan/SDfR/assignment6/install/relbot_sequence_controller/share/relbot_sequence_controller/cmake/relbot_sequence_controllerConfig-version.cmake
[10.364s] -- Up-to-date: /home/jordan/SDfR/assignment6/install/relbot_sequence_controller/share/relbot_sequence_controller/package.xml
[10.367s] Invoked command in '/home/jordan/SDfR/assignment6/build/relbot_sequence_controller' returned '0': CMAKE_PREFIX_PATH=/opt/ros/humble /usr/bin/cmake --install /home/jordan/SDfR/assignment6/build/relbot_sequence_controller
