[0.026s] Invoking command in '/home/jordan/SDfR/assignment6/build/relbot_sequence_controller': CMAKE_PREFIX_PATH=/opt/ros/humble /usr/bin/cmake /home/jordan/SDfR/assignment6/src/relbot_sequence_controller -DCMAKE_INSTALL_PREFIX=/home/jordan/SDfR/assignment6/install/relbot_sequence_controller
[0.623s] -- The C compiler identification is GNU 11.4.0
[3.167s] -- The CXX compiler identification is GNU 11.4.0
[5.232s] -- Detecting C compiler ABI info
[6.095s] -- Detecting C compiler ABI info - done
[6.108s] -- Check for working C compiler: /usr/bin/cc - skipped
[6.109s] -- Detecting C compile features
[6.109s] -- Detecting C compile features - done
[6.115s] -- Detecting CXX compiler ABI info
[6.779s] -- Detecting CXX compiler ABI info - done
[6.799s] -- Check for working CXX compiler: /usr/bin/c++ - skipped
[6.800s] -- Detecting CXX compile features
[6.801s] -- Detecting CXX compile features - done
[6.806s] -- Found ament_cmake: 1.3.13 (/opt/ros/humble/share/ament_cmake/cmake)
[7.143s] -- Found Python3: /usr/bin/python3 (found version "3.10.12") found components: Interpreter 
[7.327s] -- Found rclcpp: 16.0.18 (/opt/ros/humble/share/rclcpp/cmake)
[8.004s] -- Found rosidl_generator_c: 3.1.8 (/opt/ros/humble/share/rosidl_generator_c/cmake)
[8.013s] -- Found rosidl_adapter: 3.1.8 (/opt/ros/humble/share/rosidl_adapter/cmake)
[8.031s] -- Found rosidl_generator_cpp: 3.1.8 (/opt/ros/humble/share/rosidl_generator_cpp/cmake)
[8.062s] -- Using all available rosidl_typesupport_c: rosidl_typesupport_fastrtps_c;rosidl_typesupport_introspection_c
[8.103s] -- Using all available rosidl_typesupport_cpp: rosidl_typesupport_fastrtps_cpp;rosidl_typesupport_introspection_cpp
[8.195s] -- Found rmw_implementation_cmake: 6.1.2 (/opt/ros/humble/share/rmw_implementation_cmake/cmake)
[8.200s] -- Found rmw_fastrtps_cpp: 6.2.10 (/opt/ros/humble/share/rmw_fastrtps_cpp/cmake)
[14.950s] -- Found OpenSSL: /usr/lib/x86_64-linux-gnu/libcrypto.so (found version "3.0.2")  
[22.476s] -- Found FastRTPS: /opt/ros/humble/include  
[35.950s] -- Using RMW implementation 'rmw_fastrtps_cpp' as default
[35.969s] -- Looking for pthread.h
[35.976s] CMake Error: CMAKE_C_COMPILER not set, after EnableLanguage
[35.977s] CMake Error at /usr/share/cmake-3.22/Modules/CheckIncludeFile.cmake:95 (try_compile):
[35.978s]   Failed to configure test project build system.
[35.978s] Call Stack (most recent call first):
[35.978s]   /usr/share/cmake-3.22/Modules/FindThreads.cmake:146 (CHECK_INCLUDE_FILE)
[35.978s]   /usr/lib/x86_64-linux-gnu/cmake/spdlog/spdlogConfig.cmake:40 (find_package)
[35.978s]   /opt/ros/humble/share/rcl_logging_spdlog/cmake/ament_cmake_export_dependencies-extras.cmake:21 (find_package)
[35.979s]   /opt/ros/humble/share/rcl_logging_spdlog/cmake/rcl_logging_spdlogConfig.cmake:41 (include)
[35.979s]   /opt/ros/humble/share/rcl/cmake/ament_cmake_export_dependencies-extras.cmake:21 (find_package)
[35.979s]   /opt/ros/humble/share/rcl/cmake/rclConfig.cmake:41 (include)
[35.979s]   /opt/ros/humble/share/libstatistics_collector/cmake/ament_cmake_export_dependencies-extras.cmake:21 (find_package)
[35.979s]   /opt/ros/humble/share/libstatistics_collector/cmake/libstatistics_collectorConfig.cmake:41 (include)
[35.980s]   /opt/ros/humble/share/rclcpp/cmake/ament_cmake_export_dependencies-extras.cmake:21 (find_package)
[35.980s]   /opt/ros/humble/share/rclcpp/cmake/rclcppConfig.cmake:41 (include)
[35.980s]   CMakeLists.txt:10 (find_package)
[35.980s] 
[35.981s] 
[35.981s] -- Configuring incomplete, errors occurred!
[35.981s] See also "/home/jordan/SDfR/assignment6/build/relbot_sequence_controller/CMakeFiles/CMakeOutput.log".
[60.030s] Invoked command in '/home/jordan/SDfR/assignment6/build/relbot_sequence_controller' returned '1': CMAKE_PREFIX_PATH=/opt/ros/humble /usr/bin/cmake /home/jordan/SDfR/assignment6/src/relbot_sequence_controller -DCMAKE_INSTALL_PREFIX=/home/jordan/SDfR/assignment6/install/relbot_sequence_controller
