[0.037s] Invoking command in '/home/jordan/SDfR/assignment6/build/relbot_simulator': CMAKE_PREFIX_PATH=/opt/ros/humble /usr/bin/cmake --build /home/jordan/SDfR/assignment6/build/relbot_simulator -- -j16 -l16
[0.112s] [100%] Built target relbot_simulator
[0.160s] Invoked command in '/home/jordan/SDfR/assignment6/build/relbot_simulator' returned '0': CMAKE_PREFIX_PATH=/opt/ros/humble /usr/bin/cmake --build /home/jordan/SDfR/assignment6/build/relbot_simulator -- -j16 -l16
[0.162s] Invoking command in '/home/jordan/SDfR/assignment6/build/relbot_simulator': CMAKE_PREFIX_PATH=/opt/ros/humble /usr/bin/cmake --install /home/jordan/SDfR/assignment6/build/relbot_simulator
[0.175s] -- Install configuration: ""
[0.175s] -- Up-to-date: /home/jordan/SDfR/assignment6/install/relbot_simulator/lib/relbot_simulator/relbot_simulator
[0.175s] -- Up-to-date: /home/jordan/SDfR/assignment6/install/relbot_simulator/include
[0.175s] -- Up-to-date: /home/jordan/SDfR/assignment6/install/relbot_simulator/include/xxtypes.h
[0.175s] -- Up-to-date: /home/jordan/SDfR/assignment6/install/relbot_simulator/include/xxfuncs.h
[0.176s] -- Up-to-date: /home/jordan/SDfR/assignment6/install/relbot_simulator/include/EulerAngles.h
[0.176s] -- Up-to-date: /home/jordan/SDfR/assignment6/install/relbot_simulator/include/xxinteg.cpp
[0.176s] -- Up-to-date: /home/jordan/SDfR/assignment6/install/relbot_simulator/include/MotionProfiles.h
[0.176s] -- Up-to-date: /home/jordan/SDfR/assignment6/install/relbot_simulator/include/xxmatrix.cpp
[0.177s] -- Up-to-date: /home/jordan/SDfR/assignment6/install/relbot_simulator/include/xxinverse.cpp
[0.177s] -- Up-to-date: /home/jordan/SDfR/assignment6/install/relbot_simulator/include/xxmatrix.h
[0.177s] -- Up-to-date: /home/jordan/SDfR/assignment6/install/relbot_simulator/include/EulerAngles.cpp
[0.177s] -- Up-to-date: /home/jordan/SDfR/assignment6/install/relbot_simulator/include/xxinverse.h
[0.177s] -- Up-to-date: /home/jordan/SDfR/assignment6/install/relbot_simulator/include/xxfuncs.cpp
[0.177s] -- Up-to-date: /home/jordan/SDfR/assignment6/install/relbot_simulator/include/xxmodel.h
[0.177s] -- Up-to-date: /home/jordan/SDfR/assignment6/install/relbot_simulator/include/MotionProfiles.cpp
[0.178s] -- Up-to-date: /home/jordan/SDfR/assignment6/install/relbot_simulator/include/xxinteg.h
[0.178s] -- Up-to-date: /home/jordan/SDfR/assignment6/install/relbot_simulator/share/ament_index/resource_index/package_run_dependencies/relbot_simulator
[0.178s] -- Up-to-date: /home/jordan/SDfR/assignment6/install/relbot_simulator/share/ament_index/resource_index/parent_prefix_path/relbot_simulator
[0.178s] -- Up-to-date: /home/jordan/SDfR/assignment6/install/relbot_simulator/share/relbot_simulator/environment/ament_prefix_path.sh
[0.178s] -- Up-to-date: /home/jordan/SDfR/assignment6/install/relbot_simulator/share/relbot_simulator/environment/ament_prefix_path.dsv
[0.178s] -- Up-to-date: /home/jordan/SDfR/assignment6/install/relbot_simulator/share/relbot_simulator/environment/path.sh
[0.178s] -- Up-to-date: /home/jordan/SDfR/assignment6/install/relbot_simulator/share/relbot_simulator/environment/path.dsv
[0.178s] -- Up-to-date: /home/jordan/SDfR/assignment6/install/relbot_simulator/share/relbot_simulator/local_setup.bash
[0.178s] -- Up-to-date: /home/jordan/SDfR/assignment6/install/relbot_simulator/share/relbot_simulator/local_setup.sh
[0.179s] -- Up-to-date: /home/jordan/SDfR/assignment6/install/relbot_simulator/share/relbot_simulator/local_setup.zsh
[0.179s] -- Up-to-date: /home/jordan/SDfR/assignment6/install/relbot_simulator/share/relbot_simulator/local_setup.dsv
[0.179s] -- Installing: /home/jordan/SDfR/assignment6/install/relbot_simulator/share/relbot_simulator/package.dsv
[0.179s] -- Up-to-date: /home/jordan/SDfR/assignment6/install/relbot_simulator/share/ament_index/resource_index/packages/relbot_simulator
[0.179s] -- Up-to-date: /home/jordan/SDfR/assignment6/install/relbot_simulator/share/relbot_simulator/cmake/relbot_simulatorConfig.cmake
[0.179s] -- Up-to-date: /home/jordan/SDfR/assignment6/install/relbot_simulator/share/relbot_simulator/cmake/relbot_simulatorConfig-version.cmake
[0.179s] -- Up-to-date: /home/jordan/SDfR/assignment6/install/relbot_simulator/share/relbot_simulator/package.xml
[0.228s] Invoked command in '/home/jordan/SDfR/assignment6/build/relbot_simulator' returned '0': CMAKE_PREFIX_PATH=/opt/ros/humble /usr/bin/cmake --install /home/jordan/SDfR/assignment6/build/relbot_simulator
