[0.071s] Invoking command in '/home/sdfr-ppd-01/SDfR/assignment6/build/cam2image_vm2ros': CMAKE_PREFIX_PATH=${CMAKE_PREFIX_PATH}:/opt/ros/humble /usr/bin/cmake --build /home/sdfr-ppd-01/SDfR/assignment6/build/cam2image_vm2ros -- -j3 -l3
[0.309s] [ 40%] Built target cam2image
[0.388s] [100%] Built target cam2image_vm2ros
[0.541s] Invoked command in '/home/sdfr-ppd-01/SDfR/assignment6/build/cam2image_vm2ros' returned '0': CMAKE_PREFIX_PATH=${CMAKE_PREFIX_PATH}:/opt/ros/humble /usr/bin/cmake --build /home/sdfr-ppd-01/SDfR/assignment6/build/cam2image_vm2ros -- -j3 -l3
[0.546s] Invoking command in '/home/sdfr-ppd-01/SDfR/assignment6/build/cam2image_vm2ros': CMAKE_PREFIX_PATH=${CMAKE_PREFIX_PATH}:/opt/ros/humble /usr/bin/cmake --install /home/sdfr-ppd-01/SDfR/assignment6/build/cam2image_vm2ros
[0.632s] -- Install configuration: ""
[0.634s] -- Up-to-date: /home/sdfr-ppd-01/SDfR/assignment6/install/cam2image_vm2ros/lib/cam2image_vm2ros/cam2image
[0.635s] -- Up-to-date: /home/sdfr-ppd-01/SDfR/assignment6/install/cam2image_vm2ros/lib/libcam2image_vm2ros.so
[0.637s] -- Up-to-date: /home/sdfr-ppd-01/SDfR/assignment6/install/cam2image_vm2ros/include/cam2image_vm2ros
[0.638s] -- Up-to-date: /home/sdfr-ppd-01/SDfR/assignment6/install/cam2image_vm2ros/include/cam2image_vm2ros/base64.hpp
[0.639s] -- Up-to-date: /home/sdfr-ppd-01/SDfR/assignment6/install/cam2image_vm2ros/include/cam2image_vm2ros/cam2image.hpp
[0.641s] -- Up-to-date: /home/sdfr-ppd-01/SDfR/assignment6/install/cam2image_vm2ros/include/cam2image_vm2ros/remote_capture.hpp
[0.642s] -- Up-to-date: /home/sdfr-ppd-01/SDfR/assignment6/install/cam2image_vm2ros/include/cam2image_vm2ros/visibility_control.h
[0.644s] -- Up-to-date: /home/sdfr-ppd-01/SDfR/assignment6/install/cam2image_vm2ros/share/cam2image_vm2ros/config
[0.645s] -- Up-to-date: /home/sdfr-ppd-01/SDfR/assignment6/install/cam2image_vm2ros/share/cam2image_vm2ros/config/cam2image_relbot.yaml
[0.658s] -- Up-to-date: /home/sdfr-ppd-01/SDfR/assignment6/install/cam2image_vm2ros/share/cam2image_vm2ros/config/cam2image.yaml
[0.660s] -- Up-to-date: /home/sdfr-ppd-01/SDfR/assignment6/install/cam2image_vm2ros/share/cam2image_vm2ros/launch
[0.661s] -- Up-to-date: /home/sdfr-ppd-01/SDfR/assignment6/install/cam2image_vm2ros/share/cam2image_vm2ros/launch/vm_camera_test.launch.py
[0.663s] -- Up-to-date: /home/sdfr-ppd-01/SDfR/assignment6/install/cam2image_vm2ros/share/cam2image_vm2ros/environment/library_path.sh
[0.664s] -- Up-to-date: /home/sdfr-ppd-01/SDfR/assignment6/install/cam2image_vm2ros/share/cam2image_vm2ros/environment/library_path.dsv
[0.666s] -- Up-to-date: /home/sdfr-ppd-01/SDfR/assignment6/install/cam2image_vm2ros/share/ament_index/resource_index/package_run_dependencies/cam2image_vm2ros
[0.690s] -- Up-to-date: /home/sdfr-ppd-01/SDfR/assignment6/install/cam2image_vm2ros/share/ament_index/resource_index/parent_prefix_path/cam2image_vm2ros
[0.693s] -- Up-to-date: /home/sdfr-ppd-01/SDfR/assignment6/install/cam2image_vm2ros/share/cam2image_vm2ros/environment/ament_prefix_path.sh
[0.695s] -- Up-to-date: /home/sdfr-ppd-01/SDfR/assignment6/install/cam2image_vm2ros/share/cam2image_vm2ros/environment/ament_prefix_path.dsv
[0.700s] -- Up-to-date: /home/sdfr-ppd-01/SDfR/assignment6/install/cam2image_vm2ros/share/cam2image_vm2ros/environment/path.sh
[0.701s] -- Up-to-date: /home/sdfr-ppd-01/SDfR/assignment6/install/cam2image_vm2ros/share/cam2image_vm2ros/environment/path.dsv
[0.703s] -- Up-to-date: /home/sdfr-ppd-01/SDfR/assignment6/install/cam2image_vm2ros/share/cam2image_vm2ros/local_setup.bash
[0.704s] -- Up-to-date: /home/sdfr-ppd-01/SDfR/assignment6/install/cam2image_vm2ros/share/cam2image_vm2ros/local_setup.sh
[0.705s] -- Up-to-date: /home/sdfr-ppd-01/SDfR/assignment6/install/cam2image_vm2ros/share/cam2image_vm2ros/local_setup.zsh
[0.707s] -- Up-to-date: /home/sdfr-ppd-01/SDfR/assignment6/install/cam2image_vm2ros/share/cam2image_vm2ros/local_setup.dsv
[0.708s] -- Installing: /home/sdfr-ppd-01/SDfR/assignment6/install/cam2image_vm2ros/share/cam2image_vm2ros/package.dsv
[0.710s] -- Up-to-date: /home/sdfr-ppd-01/SDfR/assignment6/install/cam2image_vm2ros/share/ament_index/resource_index/packages/cam2image_vm2ros
[0.728s] -- Up-to-date: /home/sdfr-ppd-01/SDfR/assignment6/install/cam2image_vm2ros/share/ament_index/resource_index/rclcpp_components/cam2image_vm2ros
[0.729s] -- Up-to-date: /home/sdfr-ppd-01/SDfR/assignment6/install/cam2image_vm2ros/share/cam2image_vm2ros/cmake/cam2image_vm2rosExport.cmake
[0.730s] -- Up-to-date: /home/sdfr-ppd-01/SDfR/assignment6/install/cam2image_vm2ros/share/cam2image_vm2ros/cmake/cam2image_vm2rosExport-noconfig.cmake
[0.732s] -- Up-to-date: /home/sdfr-ppd-01/SDfR/assignment6/install/cam2image_vm2ros/share/cam2image_vm2ros/cmake/ament_cmake_export_libraries-extras.cmake
[0.733s] -- Up-to-date: /home/sdfr-ppd-01/SDfR/assignment6/install/cam2image_vm2ros/share/cam2image_vm2ros/cmake/ament_cmake_export_targets-extras.cmake
[0.735s] -- Up-to-date: /home/sdfr-ppd-01/SDfR/assignment6/install/cam2image_vm2ros/share/cam2image_vm2ros/cmake/ament_cmake_export_dependencies-extras.cmake
[0.737s] -- Up-to-date: /home/sdfr-ppd-01/SDfR/assignment6/install/cam2image_vm2ros/share/cam2image_vm2ros/cmake/cam2image_vm2rosConfig.cmake
[0.738s] -- Up-to-date: /home/sdfr-ppd-01/SDfR/assignment6/install/cam2image_vm2ros/share/cam2image_vm2ros/cmake/cam2image_vm2rosConfig-version.cmake
[0.740s] -- Up-to-date: /home/sdfr-ppd-01/SDfR/assignment6/install/cam2image_vm2ros/share/cam2image_vm2ros/package.xml
[0.819s] Invoked command in '/home/sdfr-ppd-01/SDfR/assignment6/build/cam2image_vm2ros' returned '0': CMAKE_PREFIX_PATH=${CMAKE_PREFIX_PATH}:/opt/ros/humble /usr/bin/cmake --install /home/sdfr-ppd-01/SDfR/assignment6/build/cam2image_vm2ros
