[0.072s] Invoking command in '/home/sdfr-ppd-01/SDfR/assignment6/build/xrf2_msgs': CMAKE_PREFIX_PATH=${CMAKE_PREFIX_PATH}:/opt/ros/humble /usr/bin/cmake --build /home/sdfr-ppd-01/SDfR/assignment6/build/xrf2_msgs -- -j3 -l3
[0.293s] [ 10%] Built target xrf2_msgs__rosidl_generator_c
[0.315s] [ 12%] Built target xrf2_msgs__cpp
[0.407s] [ 12%] Built target ament_cmake_python_copy_xrf2_msgs
[0.418s] [ 23%] Built target xrf2_msgs__rosidl_typesupport_c
[0.463s] [ 33%] Built target xrf2_msgs__rosidl_typesupport_fastrtps_c
[0.576s] [ 43%] Built target xrf2_msgs__rosidl_typesupport_introspection_c
[0.745s] [ 53%] Built target xrf2_msgs__rosidl_typesupport_fastrtps_cpp
[0.799s] [ 64%] Built target xrf2_msgs__rosidl_typesupport_introspection_cpp
[0.801s] [ 74%] Built target xrf2_msgs__rosidl_typesupport_cpp
[0.850s] [ 74%] Built target xrf2_msgs
[0.931s] [ 76%] Built target xrf2_msgs__py
[1.025s] [ 84%] Built target xrf2_msgs__rosidl_generator_py
[1.151s] [ 89%] Built target xrf2_msgs__rosidl_typesupport_fastrtps_c__pyext
[1.178s] [ 94%] Built target xrf2_msgs__rosidl_typesupport_introspection_c__pyext
[1.246s] [100%] Built target xrf2_msgs__rosidl_typesupport_c__pyext
[2.428s] running egg_info
[2.433s] writing xrf2_msgs.egg-info/PKG-INFO
[2.435s] writing dependency_links to xrf2_msgs.egg-info/dependency_links.txt
[2.437s] writing top-level names to xrf2_msgs.egg-info/top_level.txt
[2.448s] reading manifest file 'xrf2_msgs.egg-info/SOURCES.txt'
[2.451s] writing manifest file 'xrf2_msgs.egg-info/SOURCES.txt'
[2.614s] [100%] Built target ament_cmake_python_build_xrf2_msgs_egg
[2.656s] Invoked command in '/home/sdfr-ppd-01/SDfR/assignment6/build/xrf2_msgs' returned '0': CMAKE_PREFIX_PATH=${CMAKE_PREFIX_PATH}:/opt/ros/humble /usr/bin/cmake --build /home/sdfr-ppd-01/SDfR/assignment6/build/xrf2_msgs -- -j3 -l3
[2.670s] Invoking command in '/home/sdfr-ppd-01/SDfR/assignment6/build/xrf2_msgs': CMAKE_PREFIX_PATH=${CMAKE_PREFIX_PATH}:/opt/ros/humble /usr/bin/cmake --install /home/sdfr-ppd-01/SDfR/assignment6/build/xrf2_msgs
[2.711s] -- Install configuration: ""
[2.714s] -- Up-to-date: /home/sdfr-ppd-01/SDfR/assignment6/install/xrf2_msgs/share/ament_index/resource_index/rosidl_interfaces/xrf2_msgs
[2.716s] -- Up-to-date: /home/sdfr-ppd-01/SDfR/assignment6/install/xrf2_msgs/include/xrf2_msgs/xrf2_msgs
[2.718s] -- Up-to-date: /home/sdfr-ppd-01/SDfR/assignment6/install/xrf2_msgs/include/xrf2_msgs/xrf2_msgs/msg
[2.720s] -- Up-to-date: /home/sdfr-ppd-01/SDfR/assignment6/install/xrf2_msgs/include/xrf2_msgs/xrf2_msgs/msg/rosidl_generator_c__visibility_control.h
[2.722s] -- Up-to-date: /home/sdfr-ppd-01/SDfR/assignment6/install/xrf2_msgs/include/xrf2_msgs/xrf2_msgs/msg/detail
[2.725s] -- Up-to-date: /home/sdfr-ppd-01/SDfR/assignment6/install/xrf2_msgs/include/xrf2_msgs/xrf2_msgs/msg/detail/ros2_xeno__functions.c
[2.727s] -- Up-to-date: /home/sdfr-ppd-01/SDfR/assignment6/install/xrf2_msgs/include/xrf2_msgs/xrf2_msgs/msg/detail/ros2_xeno__struct.h
[2.732s] -- Up-to-date: /home/sdfr-ppd-01/SDfR/assignment6/install/xrf2_msgs/include/xrf2_msgs/xrf2_msgs/msg/detail/ros2_xeno__functions.h
[2.735s] -- Up-to-date: /home/sdfr-ppd-01/SDfR/assignment6/install/xrf2_msgs/include/xrf2_msgs/xrf2_msgs/msg/detail/xeno2_ros__struct.h
[2.740s] -- Up-to-date: /home/sdfr-ppd-01/SDfR/assignment6/install/xrf2_msgs/include/xrf2_msgs/xrf2_msgs/msg/detail/xeno2_ros__functions.c
[2.744s] -- Up-to-date: /home/sdfr-ppd-01/SDfR/assignment6/install/xrf2_msgs/include/xrf2_msgs/xrf2_msgs/msg/detail/xeno2_ros__functions.h
[2.748s] -- Up-to-date: /home/sdfr-ppd-01/SDfR/assignment6/install/xrf2_msgs/include/xrf2_msgs/xrf2_msgs/msg/detail/ros2_xeno__type_support.h
[2.752s] -- Up-to-date: /home/sdfr-ppd-01/SDfR/assignment6/install/xrf2_msgs/include/xrf2_msgs/xrf2_msgs/msg/detail/xeno2_ros__type_support.h
[2.756s] -- Up-to-date: /home/sdfr-ppd-01/SDfR/assignment6/install/xrf2_msgs/include/xrf2_msgs/xrf2_msgs/msg/xeno2_ros.h
[2.759s] -- Up-to-date: /home/sdfr-ppd-01/SDfR/assignment6/install/xrf2_msgs/include/xrf2_msgs/xrf2_msgs/msg/ros2_xeno.h
[2.763s] -- Up-to-date: /home/sdfr-ppd-01/SDfR/assignment6/install/xrf2_msgs/share/xrf2_msgs/environment/library_path.sh
[2.768s] -- Up-to-date: /home/sdfr-ppd-01/SDfR/assignment6/install/xrf2_msgs/share/xrf2_msgs/environment/library_path.dsv
[2.770s] -- Up-to-date: /home/sdfr-ppd-01/SDfR/assignment6/install/xrf2_msgs/lib/libxrf2_msgs__rosidl_generator_c.so
[2.774s] -- Up-to-date: /home/sdfr-ppd-01/SDfR/assignment6/install/xrf2_msgs/include/xrf2_msgs/xrf2_msgs
[2.778s] -- Up-to-date: /home/sdfr-ppd-01/SDfR/assignment6/install/xrf2_msgs/include/xrf2_msgs/xrf2_msgs/msg
[2.781s] -- Up-to-date: /home/sdfr-ppd-01/SDfR/assignment6/install/xrf2_msgs/include/xrf2_msgs/xrf2_msgs/msg/detail
[2.785s] -- Up-to-date: /home/sdfr-ppd-01/SDfR/assignment6/install/xrf2_msgs/include/xrf2_msgs/xrf2_msgs/msg/detail/xeno2_ros__rosidl_typesupport_fastrtps_c.h
[2.788s] -- Up-to-date: /home/sdfr-ppd-01/SDfR/assignment6/install/xrf2_msgs/include/xrf2_msgs/xrf2_msgs/msg/detail/ros2_xeno__rosidl_typesupport_fastrtps_c.h
[2.790s] -- Up-to-date: /home/sdfr-ppd-01/SDfR/assignment6/install/xrf2_msgs/include/xrf2_msgs/xrf2_msgs/msg/rosidl_typesupport_fastrtps_c__visibility_control.h
[2.791s] -- Up-to-date: /home/sdfr-ppd-01/SDfR/assignment6/install/xrf2_msgs/lib/libxrf2_msgs__rosidl_typesupport_fastrtps_c.so
[2.792s] -- Up-to-date: /home/sdfr-ppd-01/SDfR/assignment6/install/xrf2_msgs/include/xrf2_msgs/xrf2_msgs
[2.794s] -- Up-to-date: /home/sdfr-ppd-01/SDfR/assignment6/install/xrf2_msgs/include/xrf2_msgs/xrf2_msgs/msg
[2.795s] -- Up-to-date: /home/sdfr-ppd-01/SDfR/assignment6/install/xrf2_msgs/include/xrf2_msgs/xrf2_msgs/msg/detail
[2.796s] -- Up-to-date: /home/sdfr-ppd-01/SDfR/assignment6/install/xrf2_msgs/include/xrf2_msgs/xrf2_msgs/msg/detail/ros2_xeno__type_support.c
[2.798s] -- Up-to-date: /home/sdfr-ppd-01/SDfR/assignment6/install/xrf2_msgs/include/xrf2_msgs/xrf2_msgs/msg/detail/xeno2_ros__type_support.c
[2.800s] -- Up-to-date: /home/sdfr-ppd-01/SDfR/assignment6/install/xrf2_msgs/include/xrf2_msgs/xrf2_msgs/msg/detail/xeno2_ros__rosidl_typesupport_introspection_c.h
[2.802s] -- Up-to-date: /home/sdfr-ppd-01/SDfR/assignment6/install/xrf2_msgs/include/xrf2_msgs/xrf2_msgs/msg/detail/ros2_xeno__rosidl_typesupport_introspection_c.h
[2.803s] -- Up-to-date: /home/sdfr-ppd-01/SDfR/assignment6/install/xrf2_msgs/include/xrf2_msgs/xrf2_msgs/msg/rosidl_typesupport_introspection_c__visibility_control.h
[2.805s] -- Up-to-date: /home/sdfr-ppd-01/SDfR/assignment6/install/xrf2_msgs/lib/libxrf2_msgs__rosidl_typesupport_introspection_c.so
[2.806s] -- Up-to-date: /home/sdfr-ppd-01/SDfR/assignment6/install/xrf2_msgs/lib/libxrf2_msgs__rosidl_typesupport_c.so
[2.808s] -- Up-to-date: /home/sdfr-ppd-01/SDfR/assignment6/install/xrf2_msgs/include/xrf2_msgs/xrf2_msgs
[2.809s] -- Up-to-date: /home/sdfr-ppd-01/SDfR/assignment6/install/xrf2_msgs/include/xrf2_msgs/xrf2_msgs/msg
[2.811s] -- Up-to-date: /home/sdfr-ppd-01/SDfR/assignment6/install/xrf2_msgs/include/xrf2_msgs/xrf2_msgs/msg/rosidl_generator_cpp__visibility_control.hpp
[2.812s] -- Up-to-date: /home/sdfr-ppd-01/SDfR/assignment6/install/xrf2_msgs/include/xrf2_msgs/xrf2_msgs/msg/xeno2_ros.hpp
[2.813s] -- Up-to-date: /home/sdfr-ppd-01/SDfR/assignment6/install/xrf2_msgs/include/xrf2_msgs/xrf2_msgs/msg/detail
[2.815s] -- Up-to-date: /home/sdfr-ppd-01/SDfR/assignment6/install/xrf2_msgs/include/xrf2_msgs/xrf2_msgs/msg/detail/ros2_xeno__builder.hpp
[2.816s] -- Up-to-date: /home/sdfr-ppd-01/SDfR/assignment6/install/xrf2_msgs/include/xrf2_msgs/xrf2_msgs/msg/detail/xeno2_ros__struct.hpp
[2.818s] -- Up-to-date: /home/sdfr-ppd-01/SDfR/assignment6/install/xrf2_msgs/include/xrf2_msgs/xrf2_msgs/msg/detail/ros2_xeno__traits.hpp
[2.819s] -- Up-to-date: /home/sdfr-ppd-01/SDfR/assignment6/install/xrf2_msgs/include/xrf2_msgs/xrf2_msgs/msg/detail/xeno2_ros__type_support.hpp
[2.821s] -- Up-to-date: /home/sdfr-ppd-01/SDfR/assignment6/install/xrf2_msgs/include/xrf2_msgs/xrf2_msgs/msg/detail/ros2_xeno__type_support.hpp
[2.823s] -- Up-to-date: /home/sdfr-ppd-01/SDfR/assignment6/install/xrf2_msgs/include/xrf2_msgs/xrf2_msgs/msg/detail/ros2_xeno__struct.hpp
[2.825s] -- Up-to-date: /home/sdfr-ppd-01/SDfR/assignment6/install/xrf2_msgs/include/xrf2_msgs/xrf2_msgs/msg/detail/xeno2_ros__builder.hpp
[2.826s] -- Up-to-date: /home/sdfr-ppd-01/SDfR/assignment6/install/xrf2_msgs/include/xrf2_msgs/xrf2_msgs/msg/detail/xeno2_ros__traits.hpp
[2.828s] -- Up-to-date: /home/sdfr-ppd-01/SDfR/assignment6/install/xrf2_msgs/include/xrf2_msgs/xrf2_msgs/msg/ros2_xeno.hpp
[2.829s] -- Up-to-date: /home/sdfr-ppd-01/SDfR/assignment6/install/xrf2_msgs/include/xrf2_msgs/xrf2_msgs
[2.831s] -- Up-to-date: /home/sdfr-ppd-01/SDfR/assignment6/install/xrf2_msgs/include/xrf2_msgs/xrf2_msgs/msg
[2.832s] -- Up-to-date: /home/sdfr-ppd-01/SDfR/assignment6/install/xrf2_msgs/include/xrf2_msgs/xrf2_msgs/msg/detail
[2.834s] -- Up-to-date: /home/sdfr-ppd-01/SDfR/assignment6/install/xrf2_msgs/include/xrf2_msgs/xrf2_msgs/msg/detail/ros2_xeno__rosidl_typesupport_fastrtps_cpp.hpp
[2.836s] -- Up-to-date: /home/sdfr-ppd-01/SDfR/assignment6/install/xrf2_msgs/include/xrf2_msgs/xrf2_msgs/msg/detail/xeno2_ros__rosidl_typesupport_fastrtps_cpp.hpp
[2.837s] -- Up-to-date: /home/sdfr-ppd-01/SDfR/assignment6/install/xrf2_msgs/include/xrf2_msgs/xrf2_msgs/msg/detail/dds_fastrtps
[2.839s] -- Up-to-date: /home/sdfr-ppd-01/SDfR/assignment6/install/xrf2_msgs/include/xrf2_msgs/xrf2_msgs/msg/rosidl_typesupport_fastrtps_cpp__visibility_control.h
[2.841s] -- Up-to-date: /home/sdfr-ppd-01/SDfR/assignment6/install/xrf2_msgs/lib/libxrf2_msgs__rosidl_typesupport_fastrtps_cpp.so
[2.842s] -- Up-to-date: /home/sdfr-ppd-01/SDfR/assignment6/install/xrf2_msgs/include/xrf2_msgs/xrf2_msgs
[2.843s] -- Up-to-date: /home/sdfr-ppd-01/SDfR/assignment6/install/xrf2_msgs/include/xrf2_msgs/xrf2_msgs/msg
[2.845s] -- Up-to-date: /home/sdfr-ppd-01/SDfR/assignment6/install/xrf2_msgs/include/xrf2_msgs/xrf2_msgs/msg/detail
[2.846s] -- Up-to-date: /home/sdfr-ppd-01/SDfR/assignment6/install/xrf2_msgs/include/xrf2_msgs/xrf2_msgs/msg/detail/xeno2_ros__type_support.cpp
[2.848s] -- Up-to-date: /home/sdfr-ppd-01/SDfR/assignment6/install/xrf2_msgs/include/xrf2_msgs/xrf2_msgs/msg/detail/xeno2_ros__rosidl_typesupport_introspection_cpp.hpp
[2.849s] -- Up-to-date: /home/sdfr-ppd-01/SDfR/assignment6/install/xrf2_msgs/include/xrf2_msgs/xrf2_msgs/msg/detail/ros2_xeno__type_support.cpp
[2.850s] -- Up-to-date: /home/sdfr-ppd-01/SDfR/assignment6/install/xrf2_msgs/include/xrf2_msgs/xrf2_msgs/msg/detail/ros2_xeno__rosidl_typesupport_introspection_cpp.hpp
[2.852s] -- Up-to-date: /home/sdfr-ppd-01/SDfR/assignment6/install/xrf2_msgs/lib/libxrf2_msgs__rosidl_typesupport_introspection_cpp.so
[2.853s] -- Up-to-date: /home/sdfr-ppd-01/SDfR/assignment6/install/xrf2_msgs/lib/libxrf2_msgs__rosidl_typesupport_cpp.so
[2.854s] -- Up-to-date: /home/sdfr-ppd-01/SDfR/assignment6/install/xrf2_msgs/share/xrf2_msgs/environment/pythonpath.sh
[2.856s] -- Up-to-date: /home/sdfr-ppd-01/SDfR/assignment6/install/xrf2_msgs/share/xrf2_msgs/environment/pythonpath.dsv
[2.857s] -- Up-to-date: /home/sdfr-ppd-01/SDfR/assignment6/install/xrf2_msgs/local/lib/python3.10/dist-packages/xrf2_msgs-0.0.0-py3.10.egg-info
[2.859s] -- Installing: /home/sdfr-ppd-01/SDfR/assignment6/install/xrf2_msgs/local/lib/python3.10/dist-packages/xrf2_msgs-0.0.0-py3.10.egg-info/SOURCES.txt
[2.860s] -- Installing: /home/sdfr-ppd-01/SDfR/assignment6/install/xrf2_msgs/local/lib/python3.10/dist-packages/xrf2_msgs-0.0.0-py3.10.egg-info/top_level.txt
[2.862s] -- Installing: /home/sdfr-ppd-01/SDfR/assignment6/install/xrf2_msgs/local/lib/python3.10/dist-packages/xrf2_msgs-0.0.0-py3.10.egg-info/dependency_links.txt
[2.863s] -- Installing: /home/sdfr-ppd-01/SDfR/assignment6/install/xrf2_msgs/local/lib/python3.10/dist-packages/xrf2_msgs-0.0.0-py3.10.egg-info/PKG-INFO
[2.864s] -- Up-to-date: /home/sdfr-ppd-01/SDfR/assignment6/install/xrf2_msgs/local/lib/python3.10/dist-packages/xrf2_msgs
[2.866s] -- Up-to-date: /home/sdfr-ppd-01/SDfR/assignment6/install/xrf2_msgs/local/lib/python3.10/dist-packages/xrf2_msgs/xrf2_msgs_s__rosidl_typesupport_c.cpython-310-aarch64-linux-gnu.so
[2.867s] -- Up-to-date: /home/sdfr-ppd-01/SDfR/assignment6/install/xrf2_msgs/local/lib/python3.10/dist-packages/xrf2_msgs/msg
[2.881s] -- Up-to-date: /home/sdfr-ppd-01/SDfR/assignment6/install/xrf2_msgs/local/lib/python3.10/dist-packages/xrf2_msgs/msg/_ros2_xeno.py
[2.882s] -- Up-to-date: /home/sdfr-ppd-01/SDfR/assignment6/install/xrf2_msgs/local/lib/python3.10/dist-packages/xrf2_msgs/msg/__init__.py
[2.884s] -- Up-to-date: /home/sdfr-ppd-01/SDfR/assignment6/install/xrf2_msgs/local/lib/python3.10/dist-packages/xrf2_msgs/msg/_xeno2_ros.py
[2.885s] -- Up-to-date: /home/sdfr-ppd-01/SDfR/assignment6/install/xrf2_msgs/local/lib/python3.10/dist-packages/xrf2_msgs/msg/_ros2_xeno_s.c
[2.886s] -- Up-to-date: /home/sdfr-ppd-01/SDfR/assignment6/install/xrf2_msgs/local/lib/python3.10/dist-packages/xrf2_msgs/msg/_xeno2_ros_s.c
[2.888s] -- Up-to-date: /home/sdfr-ppd-01/SDfR/assignment6/install/xrf2_msgs/local/lib/python3.10/dist-packages/xrf2_msgs/_xrf2_msgs_s.ep.rosidl_typesupport_introspection_c.c
[2.889s] -- Up-to-date: /home/sdfr-ppd-01/SDfR/assignment6/install/xrf2_msgs/local/lib/python3.10/dist-packages/xrf2_msgs/__init__.py
[2.891s] -- Up-to-date: /home/sdfr-ppd-01/SDfR/assignment6/install/xrf2_msgs/local/lib/python3.10/dist-packages/xrf2_msgs/libxrf2_msgs__rosidl_generator_py.so
[2.904s] -- Up-to-date: /home/sdfr-ppd-01/SDfR/assignment6/install/xrf2_msgs/local/lib/python3.10/dist-packages/xrf2_msgs/_xrf2_msgs_s.ep.rosidl_typesupport_c.c
[2.906s] -- Up-to-date: /home/sdfr-ppd-01/SDfR/assignment6/install/xrf2_msgs/local/lib/python3.10/dist-packages/xrf2_msgs/xrf2_msgs_s__rosidl_typesupport_introspection_c.cpython-310-aarch64-linux-gnu.so
[2.908s] -- Up-to-date: /home/sdfr-ppd-01/SDfR/assignment6/install/xrf2_msgs/local/lib/python3.10/dist-packages/xrf2_msgs/_xrf2_msgs_s.ep.rosidl_typesupport_fastrtps_c.c
[2.909s] -- Up-to-date: /home/sdfr-ppd-01/SDfR/assignment6/install/xrf2_msgs/local/lib/python3.10/dist-packages/xrf2_msgs/xrf2_msgs_s__rosidl_typesupport_fastrtps_c.cpython-310-aarch64-linux-gnu.so
[2.985s] Listing '/home/sdfr-ppd-01/SDfR/assignment6/install/xrf2_msgs/local/lib/python3.10/dist-packages/xrf2_msgs'...
[2.986s] Listing '/home/sdfr-ppd-01/SDfR/assignment6/install/xrf2_msgs/local/lib/python3.10/dist-packages/xrf2_msgs/msg'...
[3.015s] -- Up-to-date: /home/sdfr-ppd-01/SDfR/assignment6/install/xrf2_msgs/local/lib/python3.10/dist-packages/xrf2_msgs/xrf2_msgs_s__rosidl_typesupport_fastrtps_c.cpython-310-aarch64-linux-gnu.so
[3.017s] -- Up-to-date: /home/sdfr-ppd-01/SDfR/assignment6/install/xrf2_msgs/local/lib/python3.10/dist-packages/xrf2_msgs/xrf2_msgs_s__rosidl_typesupport_introspection_c.cpython-310-aarch64-linux-gnu.so
[3.019s] -- Up-to-date: /home/sdfr-ppd-01/SDfR/assignment6/install/xrf2_msgs/local/lib/python3.10/dist-packages/xrf2_msgs/xrf2_msgs_s__rosidl_typesupport_c.cpython-310-aarch64-linux-gnu.so
[3.021s] -- Up-to-date: /home/sdfr-ppd-01/SDfR/assignment6/install/xrf2_msgs/lib/libxrf2_msgs__rosidl_generator_py.so
[3.022s] -- Up-to-date: /home/sdfr-ppd-01/SDfR/assignment6/install/xrf2_msgs/share/xrf2_msgs/msg/Ros2Xeno.idl
[3.024s] -- Up-to-date: /home/sdfr-ppd-01/SDfR/assignment6/install/xrf2_msgs/share/xrf2_msgs/msg/Xeno2Ros.idl
[3.026s] -- Up-to-date: /home/sdfr-ppd-01/SDfR/assignment6/install/xrf2_msgs/share/xrf2_msgs/msg/Ros2Xeno.msg
[3.031s] -- Up-to-date: /home/sdfr-ppd-01/SDfR/assignment6/install/xrf2_msgs/share/xrf2_msgs/msg/Xeno2Ros.msg
[3.032s] -- Up-to-date: /home/sdfr-ppd-01/SDfR/assignment6/install/xrf2_msgs/share/ament_index/resource_index/package_run_dependencies/xrf2_msgs
[3.043s] -- Up-to-date: /home/sdfr-ppd-01/SDfR/assignment6/install/xrf2_msgs/share/ament_index/resource_index/parent_prefix_path/xrf2_msgs
[3.047s] -- Up-to-date: /home/sdfr-ppd-01/SDfR/assignment6/install/xrf2_msgs/share/xrf2_msgs/environment/ament_prefix_path.sh
[3.052s] -- Up-to-date: /home/sdfr-ppd-01/SDfR/assignment6/install/xrf2_msgs/share/xrf2_msgs/environment/ament_prefix_path.dsv
[3.060s] -- Up-to-date: /home/sdfr-ppd-01/SDfR/assignment6/install/xrf2_msgs/share/xrf2_msgs/environment/path.sh
[3.063s] -- Up-to-date: /home/sdfr-ppd-01/SDfR/assignment6/install/xrf2_msgs/share/xrf2_msgs/environment/path.dsv
[3.065s] -- Up-to-date: /home/sdfr-ppd-01/SDfR/assignment6/install/xrf2_msgs/share/xrf2_msgs/local_setup.bash
[3.072s] -- Up-to-date: /home/sdfr-ppd-01/SDfR/assignment6/install/xrf2_msgs/share/xrf2_msgs/local_setup.sh
[3.074s] -- Up-to-date: /home/sdfr-ppd-01/SDfR/assignment6/install/xrf2_msgs/share/xrf2_msgs/local_setup.zsh
[3.076s] -- Up-to-date: /home/sdfr-ppd-01/SDfR/assignment6/install/xrf2_msgs/share/xrf2_msgs/local_setup.dsv
[3.077s] -- Installing: /home/sdfr-ppd-01/SDfR/assignment6/install/xrf2_msgs/share/xrf2_msgs/package.dsv
[3.079s] -- Up-to-date: /home/sdfr-ppd-01/SDfR/assignment6/install/xrf2_msgs/share/ament_index/resource_index/packages/xrf2_msgs
[3.104s] -- Up-to-date: /home/sdfr-ppd-01/SDfR/assignment6/install/xrf2_msgs/share/xrf2_msgs/cmake/export_xrf2_msgs__rosidl_generator_cExport.cmake
[3.106s] -- Up-to-date: /home/sdfr-ppd-01/SDfR/assignment6/install/xrf2_msgs/share/xrf2_msgs/cmake/export_xrf2_msgs__rosidl_generator_cExport-noconfig.cmake
[3.108s] -- Up-to-date: /home/sdfr-ppd-01/SDfR/assignment6/install/xrf2_msgs/share/xrf2_msgs/cmake/export_xrf2_msgs__rosidl_typesupport_fastrtps_cExport.cmake
[3.110s] -- Up-to-date: /home/sdfr-ppd-01/SDfR/assignment6/install/xrf2_msgs/share/xrf2_msgs/cmake/export_xrf2_msgs__rosidl_typesupport_fastrtps_cExport-noconfig.cmake
[3.123s] -- Up-to-date: /home/sdfr-ppd-01/SDfR/assignment6/install/xrf2_msgs/share/xrf2_msgs/cmake/xrf2_msgs__rosidl_typesupport_introspection_cExport.cmake
[3.125s] -- Up-to-date: /home/sdfr-ppd-01/SDfR/assignment6/install/xrf2_msgs/share/xrf2_msgs/cmake/xrf2_msgs__rosidl_typesupport_introspection_cExport-noconfig.cmake
[3.133s] -- Up-to-date: /home/sdfr-ppd-01/SDfR/assignment6/install/xrf2_msgs/share/xrf2_msgs/cmake/xrf2_msgs__rosidl_typesupport_cExport.cmake
[3.134s] -- Up-to-date: /home/sdfr-ppd-01/SDfR/assignment6/install/xrf2_msgs/share/xrf2_msgs/cmake/xrf2_msgs__rosidl_typesupport_cExport-noconfig.cmake
[3.137s] -- Up-to-date: /home/sdfr-ppd-01/SDfR/assignment6/install/xrf2_msgs/share/xrf2_msgs/cmake/export_xrf2_msgs__rosidl_generator_cppExport.cmake
[3.138s] -- Up-to-date: /home/sdfr-ppd-01/SDfR/assignment6/install/xrf2_msgs/share/xrf2_msgs/cmake/export_xrf2_msgs__rosidl_typesupport_fastrtps_cppExport.cmake
[3.152s] -- Up-to-date: /home/sdfr-ppd-01/SDfR/assignment6/install/xrf2_msgs/share/xrf2_msgs/cmake/export_xrf2_msgs__rosidl_typesupport_fastrtps_cppExport-noconfig.cmake
[3.164s] -- Up-to-date: /home/sdfr-ppd-01/SDfR/assignment6/install/xrf2_msgs/share/xrf2_msgs/cmake/xrf2_msgs__rosidl_typesupport_introspection_cppExport.cmake
[3.165s] -- Up-to-date: /home/sdfr-ppd-01/SDfR/assignment6/install/xrf2_msgs/share/xrf2_msgs/cmake/xrf2_msgs__rosidl_typesupport_introspection_cppExport-noconfig.cmake
[3.166s] -- Up-to-date: /home/sdfr-ppd-01/SDfR/assignment6/install/xrf2_msgs/share/xrf2_msgs/cmake/xrf2_msgs__rosidl_typesupport_cppExport.cmake
[3.181s] -- Up-to-date: /home/sdfr-ppd-01/SDfR/assignment6/install/xrf2_msgs/share/xrf2_msgs/cmake/xrf2_msgs__rosidl_typesupport_cppExport-noconfig.cmake
[3.183s] -- Up-to-date: /home/sdfr-ppd-01/SDfR/assignment6/install/xrf2_msgs/share/xrf2_msgs/cmake/export_xrf2_msgs__rosidl_generator_pyExport.cmake
[3.184s] -- Up-to-date: /home/sdfr-ppd-01/SDfR/assignment6/install/xrf2_msgs/share/xrf2_msgs/cmake/export_xrf2_msgs__rosidl_generator_pyExport-noconfig.cmake
[3.185s] -- Up-to-date: /home/sdfr-ppd-01/SDfR/assignment6/install/xrf2_msgs/share/xrf2_msgs/cmake/rosidl_cmake-extras.cmake
[3.187s] -- Up-to-date: /home/sdfr-ppd-01/SDfR/assignment6/install/xrf2_msgs/share/xrf2_msgs/cmake/ament_cmake_export_include_directories-extras.cmake
[3.189s] -- Up-to-date: /home/sdfr-ppd-01/SDfR/assignment6/install/xrf2_msgs/share/xrf2_msgs/cmake/ament_cmake_export_libraries-extras.cmake
[3.190s] -- Up-to-date: /home/sdfr-ppd-01/SDfR/assignment6/install/xrf2_msgs/share/xrf2_msgs/cmake/ament_cmake_export_targets-extras.cmake
[3.192s] -- Up-to-date: /home/sdfr-ppd-01/SDfR/assignment6/install/xrf2_msgs/share/xrf2_msgs/cmake/rosidl_cmake_export_typesupport_targets-extras.cmake
[3.193s] -- Up-to-date: /home/sdfr-ppd-01/SDfR/assignment6/install/xrf2_msgs/share/xrf2_msgs/cmake/ament_cmake_export_dependencies-extras.cmake
[3.195s] -- Up-to-date: /home/sdfr-ppd-01/SDfR/assignment6/install/xrf2_msgs/share/xrf2_msgs/cmake/rosidl_cmake_export_typesupport_libraries-extras.cmake
[3.208s] -- Up-to-date: /home/sdfr-ppd-01/SDfR/assignment6/install/xrf2_msgs/share/xrf2_msgs/cmake/xrf2_msgsConfig.cmake
[3.209s] -- Up-to-date: /home/sdfr-ppd-01/SDfR/assignment6/install/xrf2_msgs/share/xrf2_msgs/cmake/xrf2_msgsConfig-version.cmake
[3.211s] -- Up-to-date: /home/sdfr-ppd-01/SDfR/assignment6/install/xrf2_msgs/share/xrf2_msgs/package.xml
[3.213s] Invoked command in '/home/sdfr-ppd-01/SDfR/assignment6/build/xrf2_msgs' returned '0': CMAKE_PREFIX_PATH=${CMAKE_PREFIX_PATH}:/opt/ros/humble /usr/bin/cmake --install /home/sdfr-ppd-01/SDfR/assignment6/build/xrf2_msgs
