[0.041s] Invoking command in '/home/jordan/SDfR/assignment6/build/relbot_launch': CMAKE_PREFIX_PATH=/opt/ros/humble /usr/bin/cmake --build /home/jordan/SDfR/assignment6/build/relbot_launch -- -j16 -l16
[0.092s] Invoked command in '/home/jordan/SDfR/assignment6/build/relbot_launch' returned '0': CMAKE_PREFIX_PATH=/opt/ros/humble /usr/bin/cmake --build /home/jordan/SDfR/assignment6/build/relbot_launch -- -j16 -l16
[0.110s] Invoking command in '/home/jordan/SDfR/assignment6/build/relbot_launch': CMAKE_PREFIX_PATH=/opt/ros/humble /usr/bin/cmake --install /home/jordan/SDfR/assignment6/build/relbot_launch
[0.120s] -- Install configuration: ""
[0.120s] -- Up-to-date: /home/jordan/SDfR/assignment6/install/relbot_launch/share/relbot_launch//launch
[0.121s] -- Up-to-date: /home/jordan/SDfR/assignment6/install/relbot_launch/share/relbot_launch//launch/relbot_system.launch.py
[0.121s] -- Up-to-date: /home/jordan/SDfR/assignment6/install/relbot_launch/share/relbot_launch//launch/relbot_green_tracking.launch.py
[0.121s] -- Up-to-date: /home/jordan/SDfR/assignment6/install/relbot_launch/share/relbot_launch//launch/relbot_to_turtle.launch.py
[0.122s] -- Up-to-date: /home/jordan/SDfR/assignment6/install/relbot_launch/share/relbot_launch//launch/relbot_sequence_controller.launch.py
[0.122s] -- Up-to-date: /home/jordan/SDfR/assignment6/install/relbot_launch/share/relbot_launch//launch/relbot_system_joystick.launch.py
[0.122s] -- Up-to-date: /home/jordan/SDfR/assignment6/install/relbot_launch/share/ament_index/resource_index/package_run_dependencies/relbot_launch
[0.122s] -- Up-to-date: /home/jordan/SDfR/assignment6/install/relbot_launch/share/ament_index/resource_index/parent_prefix_path/relbot_launch
[0.122s] -- Up-to-date: /home/jordan/SDfR/assignment6/install/relbot_launch/share/relbot_launch/environment/ament_prefix_path.sh
[0.123s] -- Up-to-date: /home/jordan/SDfR/assignment6/install/relbot_launch/share/relbot_launch/environment/ament_prefix_path.dsv
[0.123s] -- Up-to-date: /home/jordan/SDfR/assignment6/install/relbot_launch/share/relbot_launch/environment/path.sh
[0.123s] -- Up-to-date: /home/jordan/SDfR/assignment6/install/relbot_launch/share/relbot_launch/environment/path.dsv
[0.123s] -- Up-to-date: /home/jordan/SDfR/assignment6/install/relbot_launch/share/relbot_launch/local_setup.bash
[0.123s] -- Up-to-date: /home/jordan/SDfR/assignment6/install/relbot_launch/share/relbot_launch/local_setup.sh
[0.123s] -- Up-to-date: /home/jordan/SDfR/assignment6/install/relbot_launch/share/relbot_launch/local_setup.zsh
[0.124s] -- Up-to-date: /home/jordan/SDfR/assignment6/install/relbot_launch/share/relbot_launch/local_setup.dsv
[0.124s] -- Installing: /home/jordan/SDfR/assignment6/install/relbot_launch/share/relbot_launch/package.dsv
[0.124s] -- Up-to-date: /home/jordan/SDfR/assignment6/install/relbot_launch/share/ament_index/resource_index/packages/relbot_launch
[0.124s] -- Up-to-date: /home/jordan/SDfR/assignment6/install/relbot_launch/share/relbot_launch/cmake/relbot_launchConfig.cmake
[0.124s] -- Up-to-date: /home/jordan/SDfR/assignment6/install/relbot_launch/share/relbot_launch/cmake/relbot_launchConfig-version.cmake
[0.124s] -- Up-to-date: /home/jordan/SDfR/assignment6/install/relbot_launch/share/relbot_launch/package.xml
[0.127s] Invoked command in '/home/jordan/SDfR/assignment6/build/relbot_launch' returned '0': CMAKE_PREFIX_PATH=/opt/ros/humble /usr/bin/cmake --install /home/jordan/SDfR/assignment6/build/relbot_launch
