[0.070s] Invoking command in '/home/sdfr-ppd-01/SDfR/assignment6/build/relbot2turtlesim': CMAKE_PREFIX_PATH=/opt/ros/humble /usr/bin/cmake /home/sdfr-ppd-01/SDfR/assignment6/src/relbot2turtlesim -DCMAKE_INSTALL_PREFIX=/home/sdfr-ppd-01/SDfR/assignment6/install/relbot2turtlesim
[0.464s] -- The C compiler identification is GNU 11.4.0
[0.974s] -- The CXX compiler identification is GNU 11.4.0
[1.003s] -- Detecting C compiler ABI info
[1.305s] -- Detecting C compiler ABI info - done
[1.334s] -- Check for working C compiler: /usr/bin/cc - skipped
[1.336s] -- Detecting C compile features
[1.338s] -- Detecting C compile features - done
[1.348s] -- Detecting CXX compiler ABI info
[1.752s] -- Detecting CXX compiler ABI info - done
[1.793s] -- Check for working CXX compiler: /usr/bin/c++ - skipped
[1.794s] -- Detecting CXX compile features
[1.797s] -- Detecting CXX compile features - done
[1.804s] -- Found ament_cmake: 1.3.11 (/opt/ros/humble/share/ament_cmake/cmake)
[2.642s] -- Found Python3: /usr/bin/python3 (found version "3.10.12") found components: Interpreter 
[3.069s] -- Found rclcpp: 16.0.11 (/opt/ros/humble/share/rclcpp/cmake)
[3.201s] -- Found rosidl_generator_c: 3.1.6 (/opt/ros/humble/share/rosidl_generator_c/cmake)
[3.213s] -- Found rosidl_adapter: 3.1.6 (/opt/ros/humble/share/rosidl_adapter/cmake)
[3.237s] -- Found rosidl_generator_cpp: 3.1.6 (/opt/ros/humble/share/rosidl_generator_cpp/cmake)
[3.612s] -- Using all available rosidl_typesupport_c: rosidl_typesupport_fastrtps_c;rosidl_typesupport_introspection_c
[3.665s] -- Using all available rosidl_typesupport_cpp: rosidl_typesupport_fastrtps_cpp;rosidl_typesupport_introspection_cpp
[3.820s] -- Found rmw_implementation_cmake: 6.1.2 (/opt/ros/humble/share/rmw_implementation_cmake/cmake)
[3.835s] -- Found rmw_fastrtps_cpp: 6.2.7 (/opt/ros/humble/share/rmw_fastrtps_cpp/cmake)
[4.157s] -- Found OpenSSL: /usr/lib/aarch64-linux-gnu/libcrypto.so (found version "3.0.2")  
[4.236s] -- Found FastRTPS: /opt/ros/humble/include  
[4.351s] -- Using RMW implementation 'rmw_fastrtps_cpp' as default
[4.377s] -- Looking for pthread.h
[4.825s] -- Looking for pthread.h - found
[4.835s] -- Performing Test CMAKE_HAVE_LIBC_PTHREAD
[5.206s] -- Performing Test CMAKE_HAVE_LIBC_PTHREAD - Success
[5.212s] -- Found Threads: TRUE  
[5.449s] -- Found turtlesim: 1.4.2 (/opt/ros/humble/share/turtlesim/cmake)
[5.609s] -- Found geometry_msgs: 4.2.4 (/opt/ros/humble/share/geometry_msgs/cmake)
[5.682s] -- Found ament_lint_auto: 0.12.11 (/opt/ros/humble/share/ament_lint_auto/cmake)
[6.115s] -- Added test 'cppcheck' to perform static code analysis on C / C++ code
[6.116s] -- Configured cppcheck include dirs: /home/sdfr-ppd-01/SDfR/assignment6/src/relbot2turtlesim/include
[6.118s] -- Configured cppcheck exclude dirs and/or files: 
[6.120s] -- Added test 'lint_cmake' to check CMake code style
[6.124s] -- Added test 'uncrustify' to check C / C++ code style
[6.125s] -- Configured uncrustify additional arguments: 
[6.131s] -- Added test 'xmllint' to check XML markup files
[6.142s] -- Configuring done
[6.238s] -- Generating done
[6.280s] -- Build files have been written to: /home/sdfr-ppd-01/SDfR/assignment6/build/relbot2turtlesim
[6.343s] Invoked command in '/home/sdfr-ppd-01/SDfR/assignment6/build/relbot2turtlesim' returned '0': CMAKE_PREFIX_PATH=/opt/ros/humble /usr/bin/cmake /home/sdfr-ppd-01/SDfR/assignment6/src/relbot2turtlesim -DCMAKE_INSTALL_PREFIX=/home/sdfr-ppd-01/SDfR/assignment6/install/relbot2turtlesim
[6.346s] Invoking command in '/home/sdfr-ppd-01/SDfR/assignment6/build/relbot2turtlesim': CMAKE_PREFIX_PATH=/opt/ros/humble /usr/bin/cmake --build /home/sdfr-ppd-01/SDfR/assignment6/build/relbot2turtlesim -- -j3 -l3
[6.725s] [ 50%] [32mBuilding CXX object CMakeFiles/relbot2turtlesim.dir/src/convert.cpp.o[0m
[66.935s] [100%] [32m[1mLinking CXX executable relbot2turtlesim[0m
[69.712s] [100%] Built target relbot2turtlesim
[69.838s] Invoked command in '/home/sdfr-ppd-01/SDfR/assignment6/build/relbot2turtlesim' returned '0': CMAKE_PREFIX_PATH=/opt/ros/humble /usr/bin/cmake --build /home/sdfr-ppd-01/SDfR/assignment6/build/relbot2turtlesim -- -j3 -l3
[69.900s] Invoking command in '/home/sdfr-ppd-01/SDfR/assignment6/build/relbot2turtlesim': CMAKE_PREFIX_PATH=/opt/ros/humble /usr/bin/cmake --install /home/sdfr-ppd-01/SDfR/assignment6/build/relbot2turtlesim
[69.931s] -- Install configuration: ""
[69.935s] -- Installing: /home/sdfr-ppd-01/SDfR/assignment6/install/relbot2turtlesim/lib/relbot2turtlesim/relbot2turtlesim
[70.321s] -- Set runtime path of "/home/sdfr-ppd-01/SDfR/assignment6/install/relbot2turtlesim/lib/relbot2turtlesim/relbot2turtlesim" to ""
[70.324s] -- Installing: /home/sdfr-ppd-01/SDfR/assignment6/install/relbot2turtlesim/share/ament_index/resource_index/package_run_dependencies/relbot2turtlesim
[70.326s] -- Installing: /home/sdfr-ppd-01/SDfR/assignment6/install/relbot2turtlesim/share/ament_index/resource_index/parent_prefix_path/relbot2turtlesim
[70.329s] -- Installing: /home/sdfr-ppd-01/SDfR/assignment6/install/relbot2turtlesim/share/relbot2turtlesim/environment/ament_prefix_path.sh
[70.332s] -- Installing: /home/sdfr-ppd-01/SDfR/assignment6/install/relbot2turtlesim/share/relbot2turtlesim/environment/ament_prefix_path.dsv
[70.333s] -- Installing: /home/sdfr-ppd-01/SDfR/assignment6/install/relbot2turtlesim/share/relbot2turtlesim/environment/path.sh
[70.335s] -- Installing: /home/sdfr-ppd-01/SDfR/assignment6/install/relbot2turtlesim/share/relbot2turtlesim/environment/path.dsv
[70.337s] -- Installing: /home/sdfr-ppd-01/SDfR/assignment6/install/relbot2turtlesim/share/relbot2turtlesim/local_setup.bash
[70.341s] -- Installing: /home/sdfr-ppd-01/SDfR/assignment6/install/relbot2turtlesim/share/relbot2turtlesim/local_setup.sh
[70.346s] -- Installing: /home/sdfr-ppd-01/SDfR/assignment6/install/relbot2turtlesim/share/relbot2turtlesim/local_setup.zsh
[70.351s] -- Installing: /home/sdfr-ppd-01/SDfR/assignment6/install/relbot2turtlesim/share/relbot2turtlesim/local_setup.dsv
[70.356s] -- Installing: /home/sdfr-ppd-01/SDfR/assignment6/install/relbot2turtlesim/share/relbot2turtlesim/package.dsv
[70.378s] -- Installing: /home/sdfr-ppd-01/SDfR/assignment6/install/relbot2turtlesim/share/ament_index/resource_index/packages/relbot2turtlesim
[70.380s] -- Installing: /home/sdfr-ppd-01/SDfR/assignment6/install/relbot2turtlesim/share/relbot2turtlesim/cmake/relbot2turtlesimConfig.cmake
[70.381s] -- Installing: /home/sdfr-ppd-01/SDfR/assignment6/install/relbot2turtlesim/share/relbot2turtlesim/cmake/relbot2turtlesimConfig-version.cmake
[70.383s] -- Installing: /home/sdfr-ppd-01/SDfR/assignment6/install/relbot2turtlesim/share/relbot2turtlesim/package.xml
[70.384s] Invoked command in '/home/sdfr-ppd-01/SDfR/assignment6/build/relbot2turtlesim' returned '0': CMAKE_PREFIX_PATH=/opt/ros/humble /usr/bin/cmake --install /home/sdfr-ppd-01/SDfR/assignment6/build/relbot2turtlesim
