-- Install configuration: ""
-- Installing: /home/jordan/SDfR/assignment6/install/relbot_launch/share/relbot_launch//launch
-- Installing: /home/jordan/SDfR/assignment6/install/relbot_launch/share/relbot_launch//launch/relbot_system.launch.py
-- Installing: /home/jordan/SDfR/assignment6/install/relbot_launch/share/relbot_launch//launch/relbot_green_tracking.launch.py
-- Installing: /home/jordan/SDfR/assignment6/install/relbot_launch/share/relbot_launch//launch/relbot_to_turtle.launch.py
-- Installing: /home/jordan/SDfR/assignment6/install/relbot_launch/share/relbot_launch//launch/relbot_sequence_controller.launch.py
-- Installing: /home/jordan/SDfR/assignment6/install/relbot_launch/share/relbot_launch//launch/relbot_system_joystick.launch.py
-- Installing: /home/jordan/SDfR/assignment6/install/relbot_launch/share/relbot_launch//launch/__pycache__
-- Installing: /home/jordan/SDfR/assignment6/install/relbot_launch/share/relbot_launch//launch/__pycache__/relbot_implementation.launch.cpython-310.pyc
-- Installing: /home/jordan/SDfR/assignment6/install/relbot_launch/share/relbot_launch//launch/relbot_implementation.launch.py
-- Installing: /home/jordan/SDfR/assignment6/install/relbot_launch/share/ament_index/resource_index/package_run_dependencies/relbot_launch
-- Installing: /home/jordan/SDfR/assignment6/install/relbot_launch/share/ament_index/resource_index/parent_prefix_path/relbot_launch
-- Installing: /home/jordan/SDfR/assignment6/install/relbot_launch/share/relbot_launch/environment/ament_prefix_path.sh
-- Installing: /home/jordan/SDfR/assignment6/install/relbot_launch/share/relbot_launch/environment/ament_prefix_path.dsv
-- Installing: /home/jordan/SDfR/assignment6/install/relbot_launch/share/relbot_launch/environment/path.sh
-- Installing: /home/jordan/SDfR/assignment6/install/relbot_launch/share/relbot_launch/environment/path.dsv
-- Installing: /home/jordan/SDfR/assignment6/install/relbot_launch/share/relbot_launch/local_setup.bash
-- Installing: /home/jordan/SDfR/assignment6/install/relbot_launch/share/relbot_launch/local_setup.sh
-- Installing: /home/jordan/SDfR/assignment6/install/relbot_launch/share/relbot_launch/local_setup.zsh
-- Installing: /home/jordan/SDfR/assignment6/install/relbot_launch/share/relbot_launch/local_setup.dsv
-- Installing: /home/jordan/SDfR/assignment6/install/relbot_launch/share/relbot_launch/package.dsv
-- Installing: /home/jordan/SDfR/assignment6/install/relbot_launch/share/ament_index/resource_index/packages/relbot_launch
-- Installing: /home/jordan/SDfR/assignment6/install/relbot_launch/share/relbot_launch/cmake/relbot_launchConfig.cmake
-- Installing: /home/jordan/SDfR/assignment6/install/relbot_launch/share/relbot_launch/cmake/relbot_launchConfig-version.cmake
-- Installing: /home/jordan/SDfR/assignment6/install/relbot_launch/share/relbot_launch/package.xml
