[1.140s] Invoking command in '/home/jordan/SDfR/assignment6/build/relbot_launch': CMAKE_PREFIX_PATH=/home/jordan/SDfR/assignment6/install/relbot_simulator:/home/jordan/SDfR/assignment6/install/relbot_sequence_controller:/home/jordan/SDfR/assignment6/install/relbot2turtlesim:/home/jordan/SDfR/assignment6/install/green_object_detector:/home/jordan/SDfR/assignment6/install/cam2image_vm2ros:/home/jordan/SDfR/assignment6/install/xrf2_msgs:/home/jordan/SDfR/assignment6/install/relbot_launch:/home/jordan/SDfR/assignment6/install/relbot_adapter:/home/jordan/SDfR/assignment6/install/relbot_msgs:/home/jordan/SDfR/assignment6/install/image_functions_sdfr:/opt/ros/humble LD_LIBRARY_PATH=/home/jordan/SDfR/assignment6/install/cam2image_vm2ros/lib:/home/jordan/SDfR/assignment6/install/xrf2_msgs/lib:/home/jordan/SDfR/assignment6/install/relbot_msgs/lib:/home/jordan/SDfR/assignment6/install/image_functions_sdfr/lib:/opt/ros/humble/opt/zenoh_cpp_vendor/lib:/opt/ros/humble/opt/rviz_ogre_vendor/lib:/opt/ros/humble/lib/x86_64-linux-gnu:/opt/ros/humble/lib /usr/bin/cmake --build /home/jordan/SDfR/assignment6/build/relbot_launch -- -j16 -l16
[1.255s] Invoked command in '/home/jordan/SDfR/assignment6/build/relbot_launch' returned '0': CMAKE_PREFIX_PATH=/home/jordan/SDfR/assignment6/install/relbot_simulator:/home/jordan/SDfR/assignment6/install/relbot_sequence_controller:/home/jordan/SDfR/assignment6/install/relbot2turtlesim:/home/jordan/SDfR/assignment6/install/green_object_detector:/home/jordan/SDfR/assignment6/install/cam2image_vm2ros:/home/jordan/SDfR/assignment6/install/xrf2_msgs:/home/jordan/SDfR/assignment6/install/relbot_launch:/home/jordan/SDfR/assignment6/install/relbot_adapter:/home/jordan/SDfR/assignment6/install/relbot_msgs:/home/jordan/SDfR/assignment6/install/image_functions_sdfr:/opt/ros/humble LD_LIBRARY_PATH=/home/jordan/SDfR/assignment6/install/cam2image_vm2ros/lib:/home/jordan/SDfR/assignment6/install/xrf2_msgs/lib:/home/jordan/SDfR/assignment6/install/relbot_msgs/lib:/home/jordan/SDfR/assignment6/install/image_functions_sdfr/lib:/opt/ros/humble/opt/zenoh_cpp_vendor/lib:/opt/ros/humble/opt/rviz_ogre_vendor/lib:/opt/ros/humble/lib/x86_64-linux-gnu:/opt/ros/humble/lib /usr/bin/cmake --build /home/jordan/SDfR/assignment6/build/relbot_launch -- -j16 -l16
[1.260s] Invoking command in '/home/jordan/SDfR/assignment6/build/relbot_launch': CMAKE_PREFIX_PATH=/home/jordan/SDfR/assignment6/install/relbot_simulator:/home/jordan/SDfR/assignment6/install/relbot_sequence_controller:/home/jordan/SDfR/assignment6/install/relbot2turtlesim:/home/jordan/SDfR/assignment6/install/green_object_detector:/home/jordan/SDfR/assignment6/install/cam2image_vm2ros:/home/jordan/SDfR/assignment6/install/xrf2_msgs:/home/jordan/SDfR/assignment6/install/relbot_launch:/home/jordan/SDfR/assignment6/install/relbot_adapter:/home/jordan/SDfR/assignment6/install/relbot_msgs:/home/jordan/SDfR/assignment6/install/image_functions_sdfr:/opt/ros/humble LD_LIBRARY_PATH=/home/jordan/SDfR/assignment6/install/cam2image_vm2ros/lib:/home/jordan/SDfR/assignment6/install/xrf2_msgs/lib:/home/jordan/SDfR/assignment6/install/relbot_msgs/lib:/home/jordan/SDfR/assignment6/install/image_functions_sdfr/lib:/opt/ros/humble/opt/zenoh_cpp_vendor/lib:/opt/ros/humble/opt/rviz_ogre_vendor/lib:/opt/ros/humble/lib/x86_64-linux-gnu:/opt/ros/humble/lib /usr/bin/cmake --install /home/jordan/SDfR/assignment6/build/relbot_launch
[1.279s] -- Install configuration: ""
[1.279s] -- Installing: /home/jordan/SDfR/assignment6/install/relbot_launch/share/relbot_launch//launch
[1.284s] -- Installing: /home/jordan/SDfR/assignment6/install/relbot_launch/share/relbot_launch//launch/relbot_system.launch.py
[1.285s] -- Installing: /home/jordan/SDfR/assignment6/install/relbot_launch/share/relbot_launch//launch/relbot_green_tracking.launch.py
[1.286s] -- Installing: /home/jordan/SDfR/assignment6/install/relbot_launch/share/relbot_launch//launch/relbot_to_turtle.launch.py
[1.288s] -- Installing: /home/jordan/SDfR/assignment6/install/relbot_launch/share/relbot_launch//launch/relbot_sequence_controller.launch.py
[1.289s] -- Installing: /home/jordan/SDfR/assignment6/install/relbot_launch/share/relbot_launch//launch/relbot_system_joystick.launch.py
[1.290s] -- Installing: /home/jordan/SDfR/assignment6/install/relbot_launch/share/relbot_launch//launch/__pycache__
[1.292s] -- Installing: /home/jordan/SDfR/assignment6/install/relbot_launch/share/relbot_launch//launch/__pycache__/relbot_implementation.launch.cpython-310.pyc
[1.293s] -- Installing: /home/jordan/SDfR/assignment6/install/relbot_launch/share/relbot_launch//launch/relbot_implementation.launch.py
[1.298s] -- Installing: /home/jordan/SDfR/assignment6/install/relbot_launch/share/ament_index/resource_index/package_run_dependencies/relbot_launch
[1.300s] -- Installing: /home/jordan/SDfR/assignment6/install/relbot_launch/share/ament_index/resource_index/parent_prefix_path/relbot_launch
[1.305s] -- Installing: /home/jordan/SDfR/assignment6/install/relbot_launch/share/relbot_launch/environment/ament_prefix_path.sh
[1.306s] -- Installing: /home/jordan/SDfR/assignment6/install/relbot_launch/share/relbot_launch/environment/ament_prefix_path.dsv
[1.307s] -- Installing: /home/jordan/SDfR/assignment6/install/relbot_launch/share/relbot_launch/environment/path.sh
[1.307s] -- Installing: /home/jordan/SDfR/assignment6/install/relbot_launch/share/relbot_launch/environment/path.dsv
[1.308s] -- Installing: /home/jordan/SDfR/assignment6/install/relbot_launch/share/relbot_launch/local_setup.bash
[1.309s] -- Installing: /home/jordan/SDfR/assignment6/install/relbot_launch/share/relbot_launch/local_setup.sh
[1.309s] -- Installing: /home/jordan/SDfR/assignment6/install/relbot_launch/share/relbot_launch/local_setup.zsh
[1.310s] -- Installing: /home/jordan/SDfR/assignment6/install/relbot_launch/share/relbot_launch/local_setup.dsv
[1.311s] -- Installing: /home/jordan/SDfR/assignment6/install/relbot_launch/share/relbot_launch/package.dsv
[1.314s] -- Installing: /home/jordan/SDfR/assignment6/install/relbot_launch/share/ament_index/resource_index/packages/relbot_launch
[1.316s] -- Installing: /home/jordan/SDfR/assignment6/install/relbot_launch/share/relbot_launch/cmake/relbot_launchConfig.cmake
[1.317s] -- Installing: /home/jordan/SDfR/assignment6/install/relbot_launch/share/relbot_launch/cmake/relbot_launchConfig-version.cmake
[1.318s] -- Installing: /home/jordan/SDfR/assignment6/install/relbot_launch/share/relbot_launch/package.xml
[1.327s] Invoked command in '/home/jordan/SDfR/assignment6/build/relbot_launch' returned '0': CMAKE_PREFIX_PATH=/home/jordan/SDfR/assignment6/install/relbot_simulator:/home/jordan/SDfR/assignment6/install/relbot_sequence_controller:/home/jordan/SDfR/assignment6/install/relbot2turtlesim:/home/jordan/SDfR/assignment6/install/green_object_detector:/home/jordan/SDfR/assignment6/install/cam2image_vm2ros:/home/jordan/SDfR/assignment6/install/xrf2_msgs:/home/jordan/SDfR/assignment6/install/relbot_launch:/home/jordan/SDfR/assignment6/install/relbot_adapter:/home/jordan/SDfR/assignment6/install/relbot_msgs:/home/jordan/SDfR/assignment6/install/image_functions_sdfr:/opt/ros/humble LD_LIBRARY_PATH=/home/jordan/SDfR/assignment6/install/cam2image_vm2ros/lib:/home/jordan/SDfR/assignment6/install/xrf2_msgs/lib:/home/jordan/SDfR/assignment6/install/relbot_msgs/lib:/home/jordan/SDfR/assignment6/install/image_functions_sdfr/lib:/opt/ros/humble/opt/zenoh_cpp_vendor/lib:/opt/ros/humble/opt/rviz_ogre_vendor/lib:/opt/ros/humble/lib/x86_64-linux-gnu:/opt/ros/humble/lib /usr/bin/cmake --install /home/jordan/SDfR/assignment6/build/relbot_launch
