[0.216s] DEBUG:colcon:Command line arguments: ['/usr/bin/colcon', 'build']
[0.216s] DEBUG:colcon:Parsed command line arguments: Namespace(log_base=None, log_level=None, verb_name='build', build_base='build', install_base='install', merge_install=False, symlink_install=False, test_result_base=None, continue_on_error=False, executor='parallel', parallel_workers=16, event_handlers=None, ignore_user_meta=False, metas=['./colcon.meta'], base_paths=['.'], packages_ignore=None, packages_ignore_regex=None, paths=None, packages_up_to=None, packages_up_to_regex=None, packages_above=None, packages_above_and_dependencies=None, packages_above_depth=None, packages_select_by_dep=None, packages_skip_by_dep=None, packages_skip_up_to=None, packages_select_build_failed=False, packages_skip_build_finished=False, packages_select_test_failures=False, packages_skip_test_passed=False, packages_select=None, packages_skip=None, packages_select_regex=None, packages_skip_regex=None, packages_start=None, packages_end=None, allow_overriding=[], cmake_args=None, cmake_target=None, cmake_target_skip_unavailable=False, cmake_clean_cache=False, cmake_clean_first=False, cmake_force_configure=False, ament_cmake_args=None, catkin_cmake_args=None, catkin_skip_building_tests=False, mixin_files=None, mixin=None, verb_parser=<colcon_mixin.mixin.mixin_argument.MixinArgumentDecorator object at 0x750250aed300>, verb_extension=<colcon_core.verb.build.BuildVerb object at 0x750250cbacb0>, main=<bound method BuildVerb.main of <colcon_core.verb.build.BuildVerb object at 0x750250cbacb0>>, mixin_verb=('build',))
[0.360s] Level 1:colcon.colcon_core.package_discovery:discover_packages(colcon_meta) check parameters
[0.360s] Level 1:colcon.colcon_core.package_discovery:discover_packages(recursive) check parameters
[0.360s] Level 1:colcon.colcon_core.package_discovery:discover_packages(ignore) check parameters
[0.360s] Level 1:colcon.colcon_core.package_discovery:discover_packages(path) check parameters
[0.360s] Level 1:colcon.colcon_core.package_discovery:discover_packages(colcon_meta) discover
[0.360s] Level 1:colcon.colcon_core.package_discovery:discover_packages(recursive) discover
[0.360s] INFO:colcon.colcon_core.package_discovery:Crawling recursively for packages in '/home/jordan/SDfR/assignment6'
[0.360s] Level 1:colcon.colcon_core.package_identification:_identify(.) by extensions ['ignore', 'ignore_ament_install']
[0.360s] Level 1:colcon.colcon_core.package_identification:_identify(.) by extension 'ignore'
[0.360s] Level 1:colcon.colcon_core.package_identification:_identify(.) by extension 'ignore_ament_install'
[0.360s] Level 1:colcon.colcon_core.package_identification:_identify(.) by extensions ['colcon_pkg']
[0.360s] Level 1:colcon.colcon_core.package_identification:_identify(.) by extension 'colcon_pkg'
[0.360s] Level 1:colcon.colcon_core.package_identification:_identify(.) by extensions ['colcon_meta']
[0.360s] Level 1:colcon.colcon_core.package_identification:_identify(.) by extension 'colcon_meta'
[0.360s] Level 1:colcon.colcon_core.package_identification:_identify(.) by extensions ['ros']
[0.360s] Level 1:colcon.colcon_core.package_identification:_identify(.) by extension 'ros'
[0.370s] Level 1:colcon.colcon_core.package_identification:_identify(.) by extensions ['cmake', 'python']
[0.370s] Level 1:colcon.colcon_core.package_identification:_identify(.) by extension 'cmake'
[0.370s] Level 1:colcon.colcon_core.package_identification:_identify(.) by extension 'python'
[0.370s] Level 1:colcon.colcon_core.package_identification:_identify(.) by extensions ['python_setup_py']
[0.370s] Level 1:colcon.colcon_core.package_identification:_identify(.) by extension 'python_setup_py'
[0.370s] Level 1:colcon.colcon_core.package_identification:_identify(build) by extensions ['ignore', 'ignore_ament_install']
[0.370s] Level 1:colcon.colcon_core.package_identification:_identify(build) by extension 'ignore'
[0.370s] Level 1:colcon.colcon_core.package_identification:_identify(build) ignored
[0.370s] Level 1:colcon.colcon_core.package_identification:_identify(install) by extensions ['ignore', 'ignore_ament_install']
[0.370s] Level 1:colcon.colcon_core.package_identification:_identify(install) by extension 'ignore'
[0.370s] Level 1:colcon.colcon_core.package_identification:_identify(install) ignored
[0.371s] Level 1:colcon.colcon_core.package_identification:_identify(log) by extensions ['ignore', 'ignore_ament_install']
[0.371s] Level 1:colcon.colcon_core.package_identification:_identify(log) by extension 'ignore'
[0.371s] Level 1:colcon.colcon_core.package_identification:_identify(log) ignored
[0.371s] Level 1:colcon.colcon_core.package_identification:_identify(src) by extensions ['ignore', 'ignore_ament_install']
[0.371s] Level 1:colcon.colcon_core.package_identification:_identify(src) by extension 'ignore'
[0.371s] Level 1:colcon.colcon_core.package_identification:_identify(src) by extension 'ignore_ament_install'
[0.371s] Level 1:colcon.colcon_core.package_identification:_identify(src) by extensions ['colcon_pkg']
[0.371s] Level 1:colcon.colcon_core.package_identification:_identify(src) by extension 'colcon_pkg'
[0.371s] Level 1:colcon.colcon_core.package_identification:_identify(src) by extensions ['colcon_meta']
[0.371s] Level 1:colcon.colcon_core.package_identification:_identify(src) by extension 'colcon_meta'
[0.371s] Level 1:colcon.colcon_core.package_identification:_identify(src) by extensions ['ros']
[0.371s] Level 1:colcon.colcon_core.package_identification:_identify(src) by extension 'ros'
[0.371s] Level 1:colcon.colcon_core.package_identification:_identify(src) by extensions ['cmake', 'python']
[0.371s] Level 1:colcon.colcon_core.package_identification:_identify(src) by extension 'cmake'
[0.371s] Level 1:colcon.colcon_core.package_identification:_identify(src) by extension 'python'
[0.371s] Level 1:colcon.colcon_core.package_identification:_identify(src) by extensions ['python_setup_py']
[0.371s] Level 1:colcon.colcon_core.package_identification:_identify(src) by extension 'python_setup_py'
[0.371s] Level 1:colcon.colcon_core.package_identification:_identify(src/cam2image_host2vm) by extensions ['ignore', 'ignore_ament_install']
[0.371s] Level 1:colcon.colcon_core.package_identification:_identify(src/cam2image_host2vm) by extension 'ignore'
[0.371s] Level 1:colcon.colcon_core.package_identification:_identify(src/cam2image_host2vm) by extension 'ignore_ament_install'
[0.372s] Level 1:colcon.colcon_core.package_identification:_identify(src/cam2image_host2vm) by extensions ['colcon_pkg']
[0.372s] Level 1:colcon.colcon_core.package_identification:_identify(src/cam2image_host2vm) by extension 'colcon_pkg'
[0.372s] Level 1:colcon.colcon_core.package_identification:_identify(src/cam2image_host2vm) by extensions ['colcon_meta']
[0.372s] Level 1:colcon.colcon_core.package_identification:_identify(src/cam2image_host2vm) by extension 'colcon_meta'
[0.372s] Level 1:colcon.colcon_core.package_identification:_identify(src/cam2image_host2vm) by extensions ['ros']
[0.372s] Level 1:colcon.colcon_core.package_identification:_identify(src/cam2image_host2vm) by extension 'ros'
[0.372s] Level 1:colcon.colcon_core.package_identification:_identify(src/cam2image_host2vm) by extensions ['cmake', 'python']
[0.372s] Level 1:colcon.colcon_core.package_identification:_identify(src/cam2image_host2vm) by extension 'cmake'
[0.372s] Level 1:colcon.colcon_core.package_identification:_identify(src/cam2image_host2vm) by extension 'python'
[0.372s] Level 1:colcon.colcon_core.package_identification:_identify(src/cam2image_host2vm) by extensions ['python_setup_py']
[0.372s] Level 1:colcon.colcon_core.package_identification:_identify(src/cam2image_host2vm) by extension 'python_setup_py'
[0.372s] Level 1:colcon.colcon_core.package_identification:_identify(src/cam2image_vm2ros) by extensions ['ignore', 'ignore_ament_install']
[0.372s] Level 1:colcon.colcon_core.package_identification:_identify(src/cam2image_vm2ros) by extension 'ignore'
[0.372s] Level 1:colcon.colcon_core.package_identification:_identify(src/cam2image_vm2ros) by extension 'ignore_ament_install'
[0.372s] Level 1:colcon.colcon_core.package_identification:_identify(src/cam2image_vm2ros) by extensions ['colcon_pkg']
[0.372s] Level 1:colcon.colcon_core.package_identification:_identify(src/cam2image_vm2ros) by extension 'colcon_pkg'
[0.372s] Level 1:colcon.colcon_core.package_identification:_identify(src/cam2image_vm2ros) by extensions ['colcon_meta']
[0.372s] Level 1:colcon.colcon_core.package_identification:_identify(src/cam2image_vm2ros) by extension 'colcon_meta'
[0.372s] Level 1:colcon.colcon_core.package_identification:_identify(src/cam2image_vm2ros) by extensions ['ros']
[0.372s] Level 1:colcon.colcon_core.package_identification:_identify(src/cam2image_vm2ros) by extension 'ros'
[0.375s] DEBUG:colcon.colcon_core.package_identification:Package 'src/cam2image_vm2ros' with type 'ros.ament_cmake' and name 'cam2image_vm2ros'
[0.375s] Level 1:colcon.colcon_core.package_identification:_identify(src/green_object_detector) by extensions ['ignore', 'ignore_ament_install']
[0.375s] Level 1:colcon.colcon_core.package_identification:_identify(src/green_object_detector) by extension 'ignore'
[0.375s] Level 1:colcon.colcon_core.package_identification:_identify(src/green_object_detector) by extension 'ignore_ament_install'
[0.375s] Level 1:colcon.colcon_core.package_identification:_identify(src/green_object_detector) by extensions ['colcon_pkg']
[0.375s] Level 1:colcon.colcon_core.package_identification:_identify(src/green_object_detector) by extension 'colcon_pkg'
[0.375s] Level 1:colcon.colcon_core.package_identification:_identify(src/green_object_detector) by extensions ['colcon_meta']
[0.375s] Level 1:colcon.colcon_core.package_identification:_identify(src/green_object_detector) by extension 'colcon_meta'
[0.375s] Level 1:colcon.colcon_core.package_identification:_identify(src/green_object_detector) by extensions ['ros']
[0.375s] Level 1:colcon.colcon_core.package_identification:_identify(src/green_object_detector) by extension 'ros'
[0.376s] DEBUG:colcon.colcon_core.package_identification:Package 'src/green_object_detector' with type 'ros.ament_cmake' and name 'green_object_detector'
[0.376s] Level 1:colcon.colcon_core.package_identification:_identify(src/image_functions_sdfr) by extensions ['ignore', 'ignore_ament_install']
[0.376s] Level 1:colcon.colcon_core.package_identification:_identify(src/image_functions_sdfr) by extension 'ignore'
[0.376s] Level 1:colcon.colcon_core.package_identification:_identify(src/image_functions_sdfr) by extension 'ignore_ament_install'
[0.376s] Level 1:colcon.colcon_core.package_identification:_identify(src/image_functions_sdfr) by extensions ['colcon_pkg']
[0.376s] Level 1:colcon.colcon_core.package_identification:_identify(src/image_functions_sdfr) by extension 'colcon_pkg'
[0.376s] Level 1:colcon.colcon_core.package_identification:_identify(src/image_functions_sdfr) by extensions ['colcon_meta']
[0.376s] Level 1:colcon.colcon_core.package_identification:_identify(src/image_functions_sdfr) by extension 'colcon_meta'
[0.376s] Level 1:colcon.colcon_core.package_identification:_identify(src/image_functions_sdfr) by extensions ['ros']
[0.376s] Level 1:colcon.colcon_core.package_identification:_identify(src/image_functions_sdfr) by extension 'ros'
[0.377s] DEBUG:colcon.colcon_core.package_identification:Package 'src/image_functions_sdfr' with type 'ros.ament_cmake' and name 'image_functions_sdfr'
[0.377s] Level 1:colcon.colcon_core.package_identification:_identify(src/relbot2turtlesim) by extensions ['ignore', 'ignore_ament_install']
[0.377s] Level 1:colcon.colcon_core.package_identification:_identify(src/relbot2turtlesim) by extension 'ignore'
[0.377s] Level 1:colcon.colcon_core.package_identification:_identify(src/relbot2turtlesim) by extension 'ignore_ament_install'
[0.377s] Level 1:colcon.colcon_core.package_identification:_identify(src/relbot2turtlesim) by extensions ['colcon_pkg']
[0.377s] Level 1:colcon.colcon_core.package_identification:_identify(src/relbot2turtlesim) by extension 'colcon_pkg'
[0.377s] Level 1:colcon.colcon_core.package_identification:_identify(src/relbot2turtlesim) by extensions ['colcon_meta']
[0.377s] Level 1:colcon.colcon_core.package_identification:_identify(src/relbot2turtlesim) by extension 'colcon_meta'
[0.377s] Level 1:colcon.colcon_core.package_identification:_identify(src/relbot2turtlesim) by extensions ['ros']
[0.377s] Level 1:colcon.colcon_core.package_identification:_identify(src/relbot2turtlesim) by extension 'ros'
[0.378s] DEBUG:colcon.colcon_core.package_identification:Package 'src/relbot2turtlesim' with type 'ros.ament_cmake' and name 'relbot2turtlesim'
[0.378s] Level 1:colcon.colcon_core.package_identification:_identify(src/relbot_launch) by extensions ['ignore', 'ignore_ament_install']
[0.378s] Level 1:colcon.colcon_core.package_identification:_identify(src/relbot_launch) by extension 'ignore'
[0.378s] Level 1:colcon.colcon_core.package_identification:_identify(src/relbot_launch) by extension 'ignore_ament_install'
[0.378s] Level 1:colcon.colcon_core.package_identification:_identify(src/relbot_launch) by extensions ['colcon_pkg']
[0.378s] Level 1:colcon.colcon_core.package_identification:_identify(src/relbot_launch) by extension 'colcon_pkg'
[0.378s] Level 1:colcon.colcon_core.package_identification:_identify(src/relbot_launch) by extensions ['colcon_meta']
[0.378s] Level 1:colcon.colcon_core.package_identification:_identify(src/relbot_launch) by extension 'colcon_meta'
[0.378s] Level 1:colcon.colcon_core.package_identification:_identify(src/relbot_launch) by extensions ['ros']
[0.378s] Level 1:colcon.colcon_core.package_identification:_identify(src/relbot_launch) by extension 'ros'
[0.379s] DEBUG:colcon.colcon_core.package_identification:Package 'src/relbot_launch' with type 'ros.ament_cmake' and name 'relbot_launch'
[0.379s] Level 1:colcon.colcon_core.package_identification:_identify(src/relbot_sequence_controller) by extensions ['ignore', 'ignore_ament_install']
[0.379s] Level 1:colcon.colcon_core.package_identification:_identify(src/relbot_sequence_controller) by extension 'ignore'
[0.379s] Level 1:colcon.colcon_core.package_identification:_identify(src/relbot_sequence_controller) by extension 'ignore_ament_install'
[0.379s] Level 1:colcon.colcon_core.package_identification:_identify(src/relbot_sequence_controller) by extensions ['colcon_pkg']
[0.379s] Level 1:colcon.colcon_core.package_identification:_identify(src/relbot_sequence_controller) by extension 'colcon_pkg'
[0.379s] Level 1:colcon.colcon_core.package_identification:_identify(src/relbot_sequence_controller) by extensions ['colcon_meta']
[0.379s] Level 1:colcon.colcon_core.package_identification:_identify(src/relbot_sequence_controller) by extension 'colcon_meta'
[0.379s] Level 1:colcon.colcon_core.package_identification:_identify(src/relbot_sequence_controller) by extensions ['ros']
[0.379s] Level 1:colcon.colcon_core.package_identification:_identify(src/relbot_sequence_controller) by extension 'ros'
[0.380s] DEBUG:colcon.colcon_core.package_identification:Package 'src/relbot_sequence_controller' with type 'ros.ament_cmake' and name 'relbot_sequence_controller'
[0.380s] Level 1:colcon.colcon_core.package_identification:_identify(src/relbot_simulator) by extensions ['ignore', 'ignore_ament_install']
[0.380s] Level 1:colcon.colcon_core.package_identification:_identify(src/relbot_simulator) by extension 'ignore'
[0.380s] Level 1:colcon.colcon_core.package_identification:_identify(src/relbot_simulator) by extension 'ignore_ament_install'
[0.380s] Level 1:colcon.colcon_core.package_identification:_identify(src/relbot_simulator) by extensions ['colcon_pkg']
[0.380s] Level 1:colcon.colcon_core.package_identification:_identify(src/relbot_simulator) by extension 'colcon_pkg'
[0.380s] Level 1:colcon.colcon_core.package_identification:_identify(src/relbot_simulator) by extensions ['colcon_meta']
[0.380s] Level 1:colcon.colcon_core.package_identification:_identify(src/relbot_simulator) by extension 'colcon_meta'
[0.380s] Level 1:colcon.colcon_core.package_identification:_identify(src/relbot_simulator) by extensions ['ros']
[0.380s] Level 1:colcon.colcon_core.package_identification:_identify(src/relbot_simulator) by extension 'ros'
[0.381s] DEBUG:colcon.colcon_core.package_identification:Package 'src/relbot_simulator' with type 'ros.ament_cmake' and name 'relbot_simulator'
[0.381s] Level 1:colcon.colcon_core.package_discovery:discover_packages(recursive) using defaults
[0.381s] Level 1:colcon.colcon_core.package_discovery:discover_packages(ignore) discover
[0.381s] Level 1:colcon.colcon_core.package_discovery:discover_packages(ignore) using defaults
[0.381s] Level 1:colcon.colcon_core.package_discovery:discover_packages(path) discover
[0.381s] Level 1:colcon.colcon_core.package_discovery:discover_packages(path) using defaults
[0.410s] Level 1:colcon.colcon_core.package_discovery:discover_packages(prefix_path) check parameters
[0.410s] Level 1:colcon.colcon_core.package_discovery:discover_packages(prefix_path) discover
[0.412s] DEBUG:colcon.colcon_installed_package_information.package_discovery:Found 274 installed packages in /opt/ros/humble
[0.414s] Level 1:colcon.colcon_core.package_discovery:discover_packages(prefix_path) using defaults
[0.445s] Level 5:colcon.colcon_core.verb:set package 'cam2image_vm2ros' build argument 'cmake_args' from command line to 'None'
[0.445s] Level 5:colcon.colcon_core.verb:set package 'cam2image_vm2ros' build argument 'cmake_target' from command line to 'None'
[0.446s] Level 5:colcon.colcon_core.verb:set package 'cam2image_vm2ros' build argument 'cmake_target_skip_unavailable' from command line to 'False'
[0.446s] Level 5:colcon.colcon_core.verb:set package 'cam2image_vm2ros' build argument 'cmake_clean_cache' from command line to 'False'
[0.446s] Level 5:colcon.colcon_core.verb:set package 'cam2image_vm2ros' build argument 'cmake_clean_first' from command line to 'False'
[0.446s] Level 5:colcon.colcon_core.verb:set package 'cam2image_vm2ros' build argument 'cmake_force_configure' from command line to 'False'
[0.446s] Level 5:colcon.colcon_core.verb:set package 'cam2image_vm2ros' build argument 'ament_cmake_args' from command line to 'None'
[0.446s] Level 5:colcon.colcon_core.verb:set package 'cam2image_vm2ros' build argument 'catkin_cmake_args' from command line to 'None'
[0.446s] Level 5:colcon.colcon_core.verb:set package 'cam2image_vm2ros' build argument 'catkin_skip_building_tests' from command line to 'False'
[0.446s] DEBUG:colcon.colcon_core.verb:Building package 'cam2image_vm2ros' with the following arguments: {'ament_cmake_args': None, 'build_base': '/home/jordan/SDfR/assignment6/build/cam2image_vm2ros', 'catkin_cmake_args': None, 'catkin_skip_building_tests': False, 'cmake_args': None, 'cmake_clean_cache': False, 'cmake_clean_first': False, 'cmake_force_configure': False, 'cmake_target': None, 'cmake_target_skip_unavailable': False, 'install_base': '/home/jordan/SDfR/assignment6/install/cam2image_vm2ros', 'merge_install': False, 'path': '/home/jordan/SDfR/assignment6/src/cam2image_vm2ros', 'symlink_install': False, 'test_result_base': None}
[0.446s] Level 5:colcon.colcon_core.verb:set package 'green_object_detector' build argument 'cmake_args' from command line to 'None'
[0.446s] Level 5:colcon.colcon_core.verb:set package 'green_object_detector' build argument 'cmake_target' from command line to 'None'
[0.446s] Level 5:colcon.colcon_core.verb:set package 'green_object_detector' build argument 'cmake_target_skip_unavailable' from command line to 'False'
[0.446s] Level 5:colcon.colcon_core.verb:set package 'green_object_detector' build argument 'cmake_clean_cache' from command line to 'False'
[0.446s] Level 5:colcon.colcon_core.verb:set package 'green_object_detector' build argument 'cmake_clean_first' from command line to 'False'
[0.446s] Level 5:colcon.colcon_core.verb:set package 'green_object_detector' build argument 'cmake_force_configure' from command line to 'False'
[0.446s] Level 5:colcon.colcon_core.verb:set package 'green_object_detector' build argument 'ament_cmake_args' from command line to 'None'
[0.446s] Level 5:colcon.colcon_core.verb:set package 'green_object_detector' build argument 'catkin_cmake_args' from command line to 'None'
[0.446s] Level 5:colcon.colcon_core.verb:set package 'green_object_detector' build argument 'catkin_skip_building_tests' from command line to 'False'
[0.446s] DEBUG:colcon.colcon_core.verb:Building package 'green_object_detector' with the following arguments: {'ament_cmake_args': None, 'build_base': '/home/jordan/SDfR/assignment6/build/green_object_detector', 'catkin_cmake_args': None, 'catkin_skip_building_tests': False, 'cmake_args': None, 'cmake_clean_cache': False, 'cmake_clean_first': False, 'cmake_force_configure': False, 'cmake_target': None, 'cmake_target_skip_unavailable': False, 'install_base': '/home/jordan/SDfR/assignment6/install/green_object_detector', 'merge_install': False, 'path': '/home/jordan/SDfR/assignment6/src/green_object_detector', 'symlink_install': False, 'test_result_base': None}
[0.447s] Level 5:colcon.colcon_core.verb:set package 'image_functions_sdfr' build argument 'cmake_args' from command line to 'None'
[0.447s] Level 5:colcon.colcon_core.verb:set package 'image_functions_sdfr' build argument 'cmake_target' from command line to 'None'
[0.447s] Level 5:colcon.colcon_core.verb:set package 'image_functions_sdfr' build argument 'cmake_target_skip_unavailable' from command line to 'False'
[0.447s] Level 5:colcon.colcon_core.verb:set package 'image_functions_sdfr' build argument 'cmake_clean_cache' from command line to 'False'
[0.447s] Level 5:colcon.colcon_core.verb:set package 'image_functions_sdfr' build argument 'cmake_clean_first' from command line to 'False'
[0.447s] Level 5:colcon.colcon_core.verb:set package 'image_functions_sdfr' build argument 'cmake_force_configure' from command line to 'False'
[0.447s] Level 5:colcon.colcon_core.verb:set package 'image_functions_sdfr' build argument 'ament_cmake_args' from command line to 'None'
[0.447s] Level 5:colcon.colcon_core.verb:set package 'image_functions_sdfr' build argument 'catkin_cmake_args' from command line to 'None'
[0.447s] Level 5:colcon.colcon_core.verb:set package 'image_functions_sdfr' build argument 'catkin_skip_building_tests' from command line to 'False'
[0.447s] DEBUG:colcon.colcon_core.verb:Building package 'image_functions_sdfr' with the following arguments: {'ament_cmake_args': None, 'build_base': '/home/jordan/SDfR/assignment6/build/image_functions_sdfr', 'catkin_cmake_args': None, 'catkin_skip_building_tests': False, 'cmake_args': None, 'cmake_clean_cache': False, 'cmake_clean_first': False, 'cmake_force_configure': False, 'cmake_target': None, 'cmake_target_skip_unavailable': False, 'install_base': '/home/jordan/SDfR/assignment6/install/image_functions_sdfr', 'merge_install': False, 'path': '/home/jordan/SDfR/assignment6/src/image_functions_sdfr', 'symlink_install': False, 'test_result_base': None}
[0.447s] Level 5:colcon.colcon_core.verb:set package 'relbot2turtlesim' build argument 'cmake_args' from command line to 'None'
[0.447s] Level 5:colcon.colcon_core.verb:set package 'relbot2turtlesim' build argument 'cmake_target' from command line to 'None'
[0.447s] Level 5:colcon.colcon_core.verb:set package 'relbot2turtlesim' build argument 'cmake_target_skip_unavailable' from command line to 'False'
[0.447s] Level 5:colcon.colcon_core.verb:set package 'relbot2turtlesim' build argument 'cmake_clean_cache' from command line to 'False'
[0.447s] Level 5:colcon.colcon_core.verb:set package 'relbot2turtlesim' build argument 'cmake_clean_first' from command line to 'False'
[0.447s] Level 5:colcon.colcon_core.verb:set package 'relbot2turtlesim' build argument 'cmake_force_configure' from command line to 'False'
[0.447s] Level 5:colcon.colcon_core.verb:set package 'relbot2turtlesim' build argument 'ament_cmake_args' from command line to 'None'
[0.447s] Level 5:colcon.colcon_core.verb:set package 'relbot2turtlesim' build argument 'catkin_cmake_args' from command line to 'None'
[0.447s] Level 5:colcon.colcon_core.verb:set package 'relbot2turtlesim' build argument 'catkin_skip_building_tests' from command line to 'False'
[0.447s] DEBUG:colcon.colcon_core.verb:Building package 'relbot2turtlesim' with the following arguments: {'ament_cmake_args': None, 'build_base': '/home/jordan/SDfR/assignment6/build/relbot2turtlesim', 'catkin_cmake_args': None, 'catkin_skip_building_tests': False, 'cmake_args': None, 'cmake_clean_cache': False, 'cmake_clean_first': False, 'cmake_force_configure': False, 'cmake_target': None, 'cmake_target_skip_unavailable': False, 'install_base': '/home/jordan/SDfR/assignment6/install/relbot2turtlesim', 'merge_install': False, 'path': '/home/jordan/SDfR/assignment6/src/relbot2turtlesim', 'symlink_install': False, 'test_result_base': None}
[0.448s] Level 5:colcon.colcon_core.verb:set package 'relbot_launch' build argument 'cmake_args' from command line to 'None'
[0.448s] Level 5:colcon.colcon_core.verb:set package 'relbot_launch' build argument 'cmake_target' from command line to 'None'
[0.448s] Level 5:colcon.colcon_core.verb:set package 'relbot_launch' build argument 'cmake_target_skip_unavailable' from command line to 'False'
[0.448s] Level 5:colcon.colcon_core.verb:set package 'relbot_launch' build argument 'cmake_clean_cache' from command line to 'False'
[0.448s] Level 5:colcon.colcon_core.verb:set package 'relbot_launch' build argument 'cmake_clean_first' from command line to 'False'
[0.448s] Level 5:colcon.colcon_core.verb:set package 'relbot_launch' build argument 'cmake_force_configure' from command line to 'False'
[0.448s] Level 5:colcon.colcon_core.verb:set package 'relbot_launch' build argument 'ament_cmake_args' from command line to 'None'
[0.448s] Level 5:colcon.colcon_core.verb:set package 'relbot_launch' build argument 'catkin_cmake_args' from command line to 'None'
[0.448s] Level 5:colcon.colcon_core.verb:set package 'relbot_launch' build argument 'catkin_skip_building_tests' from command line to 'False'
[0.448s] DEBUG:colcon.colcon_core.verb:Building package 'relbot_launch' with the following arguments: {'ament_cmake_args': None, 'build_base': '/home/jordan/SDfR/assignment6/build/relbot_launch', 'catkin_cmake_args': None, 'catkin_skip_building_tests': False, 'cmake_args': None, 'cmake_clean_cache': False, 'cmake_clean_first': False, 'cmake_force_configure': False, 'cmake_target': None, 'cmake_target_skip_unavailable': False, 'install_base': '/home/jordan/SDfR/assignment6/install/relbot_launch', 'merge_install': False, 'path': '/home/jordan/SDfR/assignment6/src/relbot_launch', 'symlink_install': False, 'test_result_base': None}
[0.448s] Level 5:colcon.colcon_core.verb:set package 'relbot_sequence_controller' build argument 'cmake_args' from command line to 'None'
[0.448s] Level 5:colcon.colcon_core.verb:set package 'relbot_sequence_controller' build argument 'cmake_target' from command line to 'None'
[0.448s] Level 5:colcon.colcon_core.verb:set package 'relbot_sequence_controller' build argument 'cmake_target_skip_unavailable' from command line to 'False'
[0.448s] Level 5:colcon.colcon_core.verb:set package 'relbot_sequence_controller' build argument 'cmake_clean_cache' from command line to 'False'
[0.448s] Level 5:colcon.colcon_core.verb:set package 'relbot_sequence_controller' build argument 'cmake_clean_first' from command line to 'False'
[0.448s] Level 5:colcon.colcon_core.verb:set package 'relbot_sequence_controller' build argument 'cmake_force_configure' from command line to 'False'
[0.448s] Level 5:colcon.colcon_core.verb:set package 'relbot_sequence_controller' build argument 'ament_cmake_args' from command line to 'None'
[0.448s] Level 5:colcon.colcon_core.verb:set package 'relbot_sequence_controller' build argument 'catkin_cmake_args' from command line to 'None'
[0.448s] Level 5:colcon.colcon_core.verb:set package 'relbot_sequence_controller' build argument 'catkin_skip_building_tests' from command line to 'False'
[0.448s] DEBUG:colcon.colcon_core.verb:Building package 'relbot_sequence_controller' with the following arguments: {'ament_cmake_args': None, 'build_base': '/home/jordan/SDfR/assignment6/build/relbot_sequence_controller', 'catkin_cmake_args': None, 'catkin_skip_building_tests': False, 'cmake_args': None, 'cmake_clean_cache': False, 'cmake_clean_first': False, 'cmake_force_configure': False, 'cmake_target': None, 'cmake_target_skip_unavailable': False, 'install_base': '/home/jordan/SDfR/assignment6/install/relbot_sequence_controller', 'merge_install': False, 'path': '/home/jordan/SDfR/assignment6/src/relbot_sequence_controller', 'symlink_install': False, 'test_result_base': None}
[0.448s] Level 5:colcon.colcon_core.verb:set package 'relbot_simulator' build argument 'cmake_args' from command line to 'None'
[0.448s] Level 5:colcon.colcon_core.verb:set package 'relbot_simulator' build argument 'cmake_target' from command line to 'None'
[0.448s] Level 5:colcon.colcon_core.verb:set package 'relbot_simulator' build argument 'cmake_target_skip_unavailable' from command line to 'False'
[0.449s] Level 5:colcon.colcon_core.verb:set package 'relbot_simulator' build argument 'cmake_clean_cache' from command line to 'False'
[0.449s] Level 5:colcon.colcon_core.verb:set package 'relbot_simulator' build argument 'cmake_clean_first' from command line to 'False'
[0.449s] Level 5:colcon.colcon_core.verb:set package 'relbot_simulator' build argument 'cmake_force_configure' from command line to 'False'
[0.449s] Level 5:colcon.colcon_core.verb:set package 'relbot_simulator' build argument 'ament_cmake_args' from command line to 'None'
[0.449s] Level 5:colcon.colcon_core.verb:set package 'relbot_simulator' build argument 'catkin_cmake_args' from command line to 'None'
[0.449s] Level 5:colcon.colcon_core.verb:set package 'relbot_simulator' build argument 'catkin_skip_building_tests' from command line to 'False'
[0.449s] DEBUG:colcon.colcon_core.verb:Building package 'relbot_simulator' with the following arguments: {'ament_cmake_args': None, 'build_base': '/home/jordan/SDfR/assignment6/build/relbot_simulator', 'catkin_cmake_args': None, 'catkin_skip_building_tests': False, 'cmake_args': None, 'cmake_clean_cache': False, 'cmake_clean_first': False, 'cmake_force_configure': False, 'cmake_target': None, 'cmake_target_skip_unavailable': False, 'install_base': '/home/jordan/SDfR/assignment6/install/relbot_simulator', 'merge_install': False, 'path': '/home/jordan/SDfR/assignment6/src/relbot_simulator', 'symlink_install': False, 'test_result_base': None}
[0.449s] INFO:colcon.colcon_core.executor:Executing jobs using 'parallel' executor
[0.450s] DEBUG:colcon.colcon_parallel_executor.executor.parallel:run_until_complete
[0.450s] INFO:colcon.colcon_ros.task.ament_cmake.build:Building ROS package in '/home/jordan/SDfR/assignment6/src/cam2image_vm2ros' with build type 'ament_cmake'
[0.450s] INFO:colcon.colcon_cmake.task.cmake.build:Building CMake package in '/home/jordan/SDfR/assignment6/src/cam2image_vm2ros'
[0.452s] INFO:colcon.colcon_core.plugin_system:Skipping extension 'colcon_core.shell.bat': Not used on non-Windows systems
[0.453s] INFO:colcon.colcon_core.shell:Skip shell extension 'powershell' for command environment: Not usable outside of PowerShell
[0.453s] DEBUG:colcon.colcon_core.shell:Skip shell extension 'dsv' for command environment
[0.456s] INFO:colcon.colcon_ros.task.ament_cmake.build:Building ROS package in '/home/jordan/SDfR/assignment6/src/green_object_detector' with build type 'ament_cmake'
[0.456s] INFO:colcon.colcon_cmake.task.cmake.build:Building CMake package in '/home/jordan/SDfR/assignment6/src/green_object_detector'
[0.456s] INFO:colcon.colcon_core.shell:Skip shell extension 'powershell' for command environment: Not usable outside of PowerShell
[0.456s] DEBUG:colcon.colcon_core.shell:Skip shell extension 'dsv' for command environment
[0.460s] INFO:colcon.colcon_ros.task.ament_cmake.build:Building ROS package in '/home/jordan/SDfR/assignment6/src/image_functions_sdfr' with build type 'ament_cmake'
[0.460s] INFO:colcon.colcon_cmake.task.cmake.build:Building CMake package in '/home/jordan/SDfR/assignment6/src/image_functions_sdfr'
[0.460s] INFO:colcon.colcon_core.shell:Skip shell extension 'powershell' for command environment: Not usable outside of PowerShell
[0.460s] DEBUG:colcon.colcon_core.shell:Skip shell extension 'dsv' for command environment
[0.463s] INFO:colcon.colcon_ros.task.ament_cmake.build:Building ROS package in '/home/jordan/SDfR/assignment6/src/relbot2turtlesim' with build type 'ament_cmake'
[0.463s] INFO:colcon.colcon_cmake.task.cmake.build:Building CMake package in '/home/jordan/SDfR/assignment6/src/relbot2turtlesim'
[0.463s] INFO:colcon.colcon_core.shell:Skip shell extension 'powershell' for command environment: Not usable outside of PowerShell
[0.464s] DEBUG:colcon.colcon_core.shell:Skip shell extension 'dsv' for command environment
[0.466s] INFO:colcon.colcon_ros.task.ament_cmake.build:Building ROS package in '/home/jordan/SDfR/assignment6/src/relbot_launch' with build type 'ament_cmake'
[0.466s] INFO:colcon.colcon_cmake.task.cmake.build:Building CMake package in '/home/jordan/SDfR/assignment6/src/relbot_launch'
[0.467s] INFO:colcon.colcon_core.shell:Skip shell extension 'powershell' for command environment: Not usable outside of PowerShell
[0.467s] DEBUG:colcon.colcon_core.shell:Skip shell extension 'dsv' for command environment
[0.469s] INFO:colcon.colcon_ros.task.ament_cmake.build:Building ROS package in '/home/jordan/SDfR/assignment6/src/relbot_sequence_controller' with build type 'ament_cmake'
[0.470s] INFO:colcon.colcon_cmake.task.cmake.build:Building CMake package in '/home/jordan/SDfR/assignment6/src/relbot_sequence_controller'
[0.470s] INFO:colcon.colcon_core.shell:Skip shell extension 'powershell' for command environment: Not usable outside of PowerShell
[0.470s] DEBUG:colcon.colcon_core.shell:Skip shell extension 'dsv' for command environment
[0.473s] INFO:colcon.colcon_ros.task.ament_cmake.build:Building ROS package in '/home/jordan/SDfR/assignment6/src/relbot_simulator' with build type 'ament_cmake'
[0.473s] INFO:colcon.colcon_cmake.task.cmake.build:Building CMake package in '/home/jordan/SDfR/assignment6/src/relbot_simulator'
[0.473s] INFO:colcon.colcon_core.shell:Skip shell extension 'powershell' for command environment: Not usable outside of PowerShell
[0.474s] DEBUG:colcon.colcon_core.shell:Skip shell extension 'dsv' for command environment
[0.484s] DEBUG:colcon.colcon_core.event_handler.log_command:Invoking command in '/home/jordan/SDfR/assignment6/build/cam2image_vm2ros': CMAKE_PREFIX_PATH=/opt/ros/humble /usr/bin/cmake --build /home/jordan/SDfR/assignment6/build/cam2image_vm2ros -- -j16 -l16
[0.488s] DEBUG:colcon.colcon_core.event_handler.log_command:Invoking command in '/home/jordan/SDfR/assignment6/build/green_object_detector': CMAKE_PREFIX_PATH=/opt/ros/humble /usr/bin/cmake --build /home/jordan/SDfR/assignment6/build/green_object_detector -- -j16 -l16
[0.493s] DEBUG:colcon.colcon_core.event_handler.log_command:Invoking command in '/home/jordan/SDfR/assignment6/build/image_functions_sdfr': CMAKE_PREFIX_PATH=/opt/ros/humble /usr/bin/cmake --build /home/jordan/SDfR/assignment6/build/image_functions_sdfr -- -j16 -l16
[0.499s] DEBUG:colcon.colcon_core.event_handler.log_command:Invoking command in '/home/jordan/SDfR/assignment6/build/relbot2turtlesim': CMAKE_PREFIX_PATH=/opt/ros/humble /usr/bin/cmake --build /home/jordan/SDfR/assignment6/build/relbot2turtlesim -- -j16 -l16
[0.503s] DEBUG:colcon.colcon_core.event_handler.log_command:Invoking command in '/home/jordan/SDfR/assignment6/build/relbot_launch': CMAKE_PREFIX_PATH=/opt/ros/humble /usr/bin/cmake --build /home/jordan/SDfR/assignment6/build/relbot_launch -- -j16 -l16
[0.507s] DEBUG:colcon.colcon_core.event_handler.log_command:Invoking command in '/home/jordan/SDfR/assignment6/build/relbot_sequence_controller': CMAKE_PREFIX_PATH=/opt/ros/humble /usr/bin/cmake --build /home/jordan/SDfR/assignment6/build/relbot_sequence_controller -- -j16 -l16
[0.509s] DEBUG:colcon.colcon_core.event_handler.log_command:Invoking command in '/home/jordan/SDfR/assignment6/build/relbot_simulator': CMAKE_PREFIX_PATH=/opt/ros/humble /usr/bin/cmake --build /home/jordan/SDfR/assignment6/build/relbot_simulator -- -j16 -l16
[0.538s] DEBUG:colcon.colcon_core.event_handler.log_command:Invoked command in '/home/jordan/SDfR/assignment6/build/relbot_launch' returned '0': CMAKE_PREFIX_PATH=/opt/ros/humble /usr/bin/cmake --build /home/jordan/SDfR/assignment6/build/relbot_launch -- -j16 -l16
[0.553s] DEBUG:colcon.colcon_core.event_handler.log_command:Invoking command in '/home/jordan/SDfR/assignment6/build/relbot_launch': CMAKE_PREFIX_PATH=/opt/ros/humble /usr/bin/cmake --install /home/jordan/SDfR/assignment6/build/relbot_launch
[0.566s] Level 1:colcon.colcon_core.environment:create_environment_scripts_only(relbot_launch)
[0.568s] DEBUG:colcon.colcon_core.event_handler.log_command:Invoked command in '/home/jordan/SDfR/assignment6/build/relbot_launch' returned '0': CMAKE_PREFIX_PATH=/opt/ros/humble /usr/bin/cmake --install /home/jordan/SDfR/assignment6/build/relbot_launch
[0.570s] Level 1:colcon.colcon_core.environment:checking '/home/jordan/SDfR/assignment6/install/relbot_launch' for CMake module files
[0.571s] Level 1:colcon.colcon_core.environment:checking '/home/jordan/SDfR/assignment6/install/relbot_launch' for CMake config files
[0.571s] Level 1:colcon.colcon_core.shell:create_environment_hook('relbot_launch', 'cmake_prefix_path')
[0.572s] INFO:colcon.colcon_core.shell:Creating environment hook '/home/jordan/SDfR/assignment6/install/relbot_launch/share/relbot_launch/hook/cmake_prefix_path.ps1'
[0.573s] INFO:colcon.colcon_core.shell:Creating environment descriptor '/home/jordan/SDfR/assignment6/install/relbot_launch/share/relbot_launch/hook/cmake_prefix_path.dsv'
[0.573s] INFO:colcon.colcon_core.shell:Creating environment hook '/home/jordan/SDfR/assignment6/install/relbot_launch/share/relbot_launch/hook/cmake_prefix_path.sh'
[0.574s] Level 1:colcon.colcon_core.environment:checking '/home/jordan/SDfR/assignment6/install/relbot_launch/bin'
[0.574s] Level 1:colcon.colcon_core.environment:checking '/home/jordan/SDfR/assignment6/install/relbot_launch/lib/pkgconfig/relbot_launch.pc'
[0.574s] Level 1:colcon.colcon_core.environment:checking '/home/jordan/SDfR/assignment6/install/relbot_launch/lib/python3.10/site-packages'
[0.575s] Level 1:colcon.colcon_core.environment:checking '/home/jordan/SDfR/assignment6/install/relbot_launch/bin'
[0.575s] INFO:colcon.colcon_core.shell:Creating package script '/home/jordan/SDfR/assignment6/install/relbot_launch/share/relbot_launch/package.ps1'
[0.576s] INFO:colcon.colcon_core.shell:Creating package descriptor '/home/jordan/SDfR/assignment6/install/relbot_launch/share/relbot_launch/package.dsv'
[0.576s] INFO:colcon.colcon_core.shell:Creating package script '/home/jordan/SDfR/assignment6/install/relbot_launch/share/relbot_launch/package.sh'
[0.577s] INFO:colcon.colcon_core.shell:Creating package script '/home/jordan/SDfR/assignment6/install/relbot_launch/share/relbot_launch/package.bash'
[0.577s] INFO:colcon.colcon_core.shell:Creating package script '/home/jordan/SDfR/assignment6/install/relbot_launch/share/relbot_launch/package.zsh'
[0.578s] Level 1:colcon.colcon_core.environment:create_file_with_runtime_dependencies(/home/jordan/SDfR/assignment6/install/relbot_launch/share/colcon-core/packages/relbot_launch)
[0.578s] Level 1:colcon.colcon_core.environment:create_environment_scripts_only(relbot_launch)
[0.579s] Level 1:colcon.colcon_core.environment:checking '/home/jordan/SDfR/assignment6/install/relbot_launch' for CMake module files
[0.579s] Level 1:colcon.colcon_core.environment:checking '/home/jordan/SDfR/assignment6/install/relbot_launch' for CMake config files
[0.579s] Level 1:colcon.colcon_core.shell:create_environment_hook('relbot_launch', 'cmake_prefix_path')
[0.579s] INFO:colcon.colcon_core.shell:Creating environment hook '/home/jordan/SDfR/assignment6/install/relbot_launch/share/relbot_launch/hook/cmake_prefix_path.ps1'
[0.580s] INFO:colcon.colcon_core.shell:Creating environment descriptor '/home/jordan/SDfR/assignment6/install/relbot_launch/share/relbot_launch/hook/cmake_prefix_path.dsv'
[0.581s] INFO:colcon.colcon_core.shell:Creating environment hook '/home/jordan/SDfR/assignment6/install/relbot_launch/share/relbot_launch/hook/cmake_prefix_path.sh'
[0.581s] Level 1:colcon.colcon_core.environment:checking '/home/jordan/SDfR/assignment6/install/relbot_launch/bin'
[0.581s] Level 1:colcon.colcon_core.environment:checking '/home/jordan/SDfR/assignment6/install/relbot_launch/lib/pkgconfig/relbot_launch.pc'
[0.581s] Level 1:colcon.colcon_core.environment:checking '/home/jordan/SDfR/assignment6/install/relbot_launch/lib/python3.10/site-packages'
[0.582s] Level 1:colcon.colcon_core.environment:checking '/home/jordan/SDfR/assignment6/install/relbot_launch/bin'
[0.582s] INFO:colcon.colcon_core.shell:Creating package script '/home/jordan/SDfR/assignment6/install/relbot_launch/share/relbot_launch/package.ps1'
[0.583s] INFO:colcon.colcon_core.shell:Creating package descriptor '/home/jordan/SDfR/assignment6/install/relbot_launch/share/relbot_launch/package.dsv'
[0.583s] INFO:colcon.colcon_core.shell:Creating package script '/home/jordan/SDfR/assignment6/install/relbot_launch/share/relbot_launch/package.sh'
[0.584s] INFO:colcon.colcon_core.shell:Creating package script '/home/jordan/SDfR/assignment6/install/relbot_launch/share/relbot_launch/package.bash'
[0.584s] INFO:colcon.colcon_core.shell:Creating package script '/home/jordan/SDfR/assignment6/install/relbot_launch/share/relbot_launch/package.zsh'
[0.585s] Level 1:colcon.colcon_core.environment:create_file_with_runtime_dependencies(/home/jordan/SDfR/assignment6/install/relbot_launch/share/colcon-core/packages/relbot_launch)
[0.587s] DEBUG:colcon.colcon_core.event_handler.log_command:Invoked command in '/home/jordan/SDfR/assignment6/build/green_object_detector' returned '0': CMAKE_PREFIX_PATH=/opt/ros/humble /usr/bin/cmake --build /home/jordan/SDfR/assignment6/build/green_object_detector -- -j16 -l16
[0.589s] DEBUG:colcon.colcon_core.event_handler.log_command:Invoking command in '/home/jordan/SDfR/assignment6/build/green_object_detector': CMAKE_PREFIX_PATH=/opt/ros/humble /usr/bin/cmake --install /home/jordan/SDfR/assignment6/build/green_object_detector
[0.590s] DEBUG:colcon.colcon_core.event_handler.log_command:Invoked command in '/home/jordan/SDfR/assignment6/build/relbot2turtlesim' returned '0': CMAKE_PREFIX_PATH=/opt/ros/humble /usr/bin/cmake --build /home/jordan/SDfR/assignment6/build/relbot2turtlesim -- -j16 -l16
[0.592s] DEBUG:colcon.colcon_core.event_handler.log_command:Invoking command in '/home/jordan/SDfR/assignment6/build/relbot2turtlesim': CMAKE_PREFIX_PATH=/opt/ros/humble /usr/bin/cmake --install /home/jordan/SDfR/assignment6/build/relbot2turtlesim
[0.592s] DEBUG:colcon.colcon_core.event_handler.log_command:Invoked command in '/home/jordan/SDfR/assignment6/build/image_functions_sdfr' returned '0': CMAKE_PREFIX_PATH=/opt/ros/humble /usr/bin/cmake --build /home/jordan/SDfR/assignment6/build/image_functions_sdfr -- -j16 -l16
[0.594s] DEBUG:colcon.colcon_core.event_handler.log_command:Invoking command in '/home/jordan/SDfR/assignment6/build/image_functions_sdfr': CMAKE_PREFIX_PATH=/opt/ros/humble /usr/bin/cmake --install /home/jordan/SDfR/assignment6/build/image_functions_sdfr
[0.594s] DEBUG:colcon.colcon_core.event_handler.log_command:Invoked command in '/home/jordan/SDfR/assignment6/build/cam2image_vm2ros' returned '0': CMAKE_PREFIX_PATH=/opt/ros/humble /usr/bin/cmake --build /home/jordan/SDfR/assignment6/build/cam2image_vm2ros -- -j16 -l16
[0.596s] DEBUG:colcon.colcon_core.event_handler.log_command:Invoking command in '/home/jordan/SDfR/assignment6/build/cam2image_vm2ros': CMAKE_PREFIX_PATH=/opt/ros/humble /usr/bin/cmake --install /home/jordan/SDfR/assignment6/build/cam2image_vm2ros
[0.600s] DEBUG:colcon.colcon_core.event_handler.log_command:Invoked command in '/home/jordan/SDfR/assignment6/build/relbot_simulator' returned '0': CMAKE_PREFIX_PATH=/opt/ros/humble /usr/bin/cmake --build /home/jordan/SDfR/assignment6/build/relbot_simulator -- -j16 -l16
[0.610s] Level 1:colcon.colcon_core.environment:create_environment_scripts_only(green_object_detector)
[0.611s] Level 1:colcon.colcon_core.environment:checking '/home/jordan/SDfR/assignment6/install/green_object_detector' for CMake module files
[0.612s] DEBUG:colcon.colcon_core.event_handler.log_command:Invoking command in '/home/jordan/SDfR/assignment6/build/relbot_simulator': CMAKE_PREFIX_PATH=/opt/ros/humble /usr/bin/cmake --install /home/jordan/SDfR/assignment6/build/relbot_simulator
[0.618s] Level 1:colcon.colcon_core.environment:checking '/home/jordan/SDfR/assignment6/install/green_object_detector' for CMake config files
[0.623s] DEBUG:colcon.colcon_core.event_handler.log_command:Invoked command in '/home/jordan/SDfR/assignment6/build/green_object_detector' returned '0': CMAKE_PREFIX_PATH=/opt/ros/humble /usr/bin/cmake --install /home/jordan/SDfR/assignment6/build/green_object_detector
[0.627s] Level 1:colcon.colcon_core.shell:create_environment_hook('green_object_detector', 'cmake_prefix_path')
[0.627s] INFO:colcon.colcon_core.shell:Creating environment hook '/home/jordan/SDfR/assignment6/install/green_object_detector/share/green_object_detector/hook/cmake_prefix_path.ps1'
[0.628s] INFO:colcon.colcon_core.shell:Creating environment descriptor '/home/jordan/SDfR/assignment6/install/green_object_detector/share/green_object_detector/hook/cmake_prefix_path.dsv'
[0.628s] INFO:colcon.colcon_core.shell:Creating environment hook '/home/jordan/SDfR/assignment6/install/green_object_detector/share/green_object_detector/hook/cmake_prefix_path.sh'
[0.629s] Level 1:colcon.colcon_core.environment:checking '/home/jordan/SDfR/assignment6/install/green_object_detector/lib'
[0.629s] Level 1:colcon.colcon_core.environment:checking '/home/jordan/SDfR/assignment6/install/green_object_detector/bin'
[0.629s] Level 1:colcon.colcon_core.environment:checking '/home/jordan/SDfR/assignment6/install/green_object_detector/lib/pkgconfig/green_object_detector.pc'
[0.629s] Level 1:colcon.colcon_core.environment:checking '/home/jordan/SDfR/assignment6/install/green_object_detector/lib/python3.10/site-packages'
[0.629s] Level 1:colcon.colcon_core.environment:checking '/home/jordan/SDfR/assignment6/install/green_object_detector/bin'
[0.630s] INFO:colcon.colcon_core.shell:Creating package script '/home/jordan/SDfR/assignment6/install/green_object_detector/share/green_object_detector/package.ps1'
[0.630s] INFO:colcon.colcon_core.shell:Creating package descriptor '/home/jordan/SDfR/assignment6/install/green_object_detector/share/green_object_detector/package.dsv'
[0.630s] INFO:colcon.colcon_core.shell:Creating package script '/home/jordan/SDfR/assignment6/install/green_object_detector/share/green_object_detector/package.sh'
[0.631s] INFO:colcon.colcon_core.shell:Creating package script '/home/jordan/SDfR/assignment6/install/green_object_detector/share/green_object_detector/package.bash'
[0.631s] INFO:colcon.colcon_core.shell:Creating package script '/home/jordan/SDfR/assignment6/install/green_object_detector/share/green_object_detector/package.zsh'
[0.632s] Level 1:colcon.colcon_core.environment:create_file_with_runtime_dependencies(/home/jordan/SDfR/assignment6/install/green_object_detector/share/colcon-core/packages/green_object_detector)
[0.632s] Level 1:colcon.colcon_core.environment:create_environment_scripts_only(green_object_detector)
[0.632s] Level 1:colcon.colcon_core.environment:checking '/home/jordan/SDfR/assignment6/install/green_object_detector' for CMake module files
[0.633s] Level 1:colcon.colcon_core.environment:checking '/home/jordan/SDfR/assignment6/install/green_object_detector' for CMake config files
[0.633s] Level 1:colcon.colcon_core.shell:create_environment_hook('green_object_detector', 'cmake_prefix_path')
[0.633s] INFO:colcon.colcon_core.shell:Creating environment hook '/home/jordan/SDfR/assignment6/install/green_object_detector/share/green_object_detector/hook/cmake_prefix_path.ps1'
[0.634s] INFO:colcon.colcon_core.shell:Creating environment descriptor '/home/jordan/SDfR/assignment6/install/green_object_detector/share/green_object_detector/hook/cmake_prefix_path.dsv'
[0.634s] INFO:colcon.colcon_core.shell:Creating environment hook '/home/jordan/SDfR/assignment6/install/green_object_detector/share/green_object_detector/hook/cmake_prefix_path.sh'
[0.635s] Level 1:colcon.colcon_core.environment:checking '/home/jordan/SDfR/assignment6/install/green_object_detector/lib'
[0.635s] Level 1:colcon.colcon_core.environment:checking '/home/jordan/SDfR/assignment6/install/green_object_detector/bin'
[0.635s] Level 1:colcon.colcon_core.environment:checking '/home/jordan/SDfR/assignment6/install/green_object_detector/lib/pkgconfig/green_object_detector.pc'
[0.635s] Level 1:colcon.colcon_core.environment:checking '/home/jordan/SDfR/assignment6/install/green_object_detector/lib/python3.10/site-packages'
[0.635s] Level 1:colcon.colcon_core.environment:checking '/home/jordan/SDfR/assignment6/install/green_object_detector/bin'
[0.635s] INFO:colcon.colcon_core.shell:Creating package script '/home/jordan/SDfR/assignment6/install/green_object_detector/share/green_object_detector/package.ps1'
[0.636s] INFO:colcon.colcon_core.shell:Creating package descriptor '/home/jordan/SDfR/assignment6/install/green_object_detector/share/green_object_detector/package.dsv'
[0.636s] INFO:colcon.colcon_core.shell:Creating package script '/home/jordan/SDfR/assignment6/install/green_object_detector/share/green_object_detector/package.sh'
[0.637s] INFO:colcon.colcon_core.shell:Creating package script '/home/jordan/SDfR/assignment6/install/green_object_detector/share/green_object_detector/package.bash'
[0.637s] INFO:colcon.colcon_core.shell:Creating package script '/home/jordan/SDfR/assignment6/install/green_object_detector/share/green_object_detector/package.zsh'
[0.638s] Level 1:colcon.colcon_core.environment:create_file_with_runtime_dependencies(/home/jordan/SDfR/assignment6/install/green_object_detector/share/colcon-core/packages/green_object_detector)
[0.638s] Level 1:colcon.colcon_core.environment:create_environment_scripts_only(relbot2turtlesim)
[0.639s] Level 1:colcon.colcon_core.environment:checking '/home/jordan/SDfR/assignment6/install/relbot2turtlesim' for CMake module files
[0.640s] DEBUG:colcon.colcon_core.event_handler.log_command:Invoked command in '/home/jordan/SDfR/assignment6/build/relbot2turtlesim' returned '0': CMAKE_PREFIX_PATH=/opt/ros/humble /usr/bin/cmake --install /home/jordan/SDfR/assignment6/build/relbot2turtlesim
[0.640s] Level 1:colcon.colcon_core.environment:checking '/home/jordan/SDfR/assignment6/install/relbot2turtlesim' for CMake config files
[0.640s] Level 1:colcon.colcon_core.shell:create_environment_hook('relbot2turtlesim', 'cmake_prefix_path')
[0.640s] INFO:colcon.colcon_core.shell:Creating environment hook '/home/jordan/SDfR/assignment6/install/relbot2turtlesim/share/relbot2turtlesim/hook/cmake_prefix_path.ps1'
[0.641s] INFO:colcon.colcon_core.shell:Creating environment descriptor '/home/jordan/SDfR/assignment6/install/relbot2turtlesim/share/relbot2turtlesim/hook/cmake_prefix_path.dsv'
[0.641s] INFO:colcon.colcon_core.shell:Creating environment hook '/home/jordan/SDfR/assignment6/install/relbot2turtlesim/share/relbot2turtlesim/hook/cmake_prefix_path.sh'
[0.641s] Level 1:colcon.colcon_core.environment:checking '/home/jordan/SDfR/assignment6/install/relbot2turtlesim/lib'
[0.642s] Level 1:colcon.colcon_core.environment:checking '/home/jordan/SDfR/assignment6/install/relbot2turtlesim/bin'
[0.642s] Level 1:colcon.colcon_core.environment:checking '/home/jordan/SDfR/assignment6/install/relbot2turtlesim/lib/pkgconfig/relbot2turtlesim.pc'
[0.642s] Level 1:colcon.colcon_core.environment:checking '/home/jordan/SDfR/assignment6/install/relbot2turtlesim/lib/python3.10/site-packages'
[0.642s] Level 1:colcon.colcon_core.environment:checking '/home/jordan/SDfR/assignment6/install/relbot2turtlesim/bin'
[0.642s] INFO:colcon.colcon_core.shell:Creating package script '/home/jordan/SDfR/assignment6/install/relbot2turtlesim/share/relbot2turtlesim/package.ps1'
[0.643s] INFO:colcon.colcon_core.shell:Creating package descriptor '/home/jordan/SDfR/assignment6/install/relbot2turtlesim/share/relbot2turtlesim/package.dsv'
[0.643s] INFO:colcon.colcon_core.shell:Creating package script '/home/jordan/SDfR/assignment6/install/relbot2turtlesim/share/relbot2turtlesim/package.sh'
[0.643s] INFO:colcon.colcon_core.shell:Creating package script '/home/jordan/SDfR/assignment6/install/relbot2turtlesim/share/relbot2turtlesim/package.bash'
[0.644s] INFO:colcon.colcon_core.shell:Creating package script '/home/jordan/SDfR/assignment6/install/relbot2turtlesim/share/relbot2turtlesim/package.zsh'
[0.644s] Level 1:colcon.colcon_core.environment:create_file_with_runtime_dependencies(/home/jordan/SDfR/assignment6/install/relbot2turtlesim/share/colcon-core/packages/relbot2turtlesim)
[0.645s] Level 1:colcon.colcon_core.environment:create_environment_scripts_only(relbot2turtlesim)
[0.645s] Level 1:colcon.colcon_core.environment:checking '/home/jordan/SDfR/assignment6/install/relbot2turtlesim' for CMake module files
[0.645s] Level 1:colcon.colcon_core.environment:checking '/home/jordan/SDfR/assignment6/install/relbot2turtlesim' for CMake config files
[0.645s] Level 1:colcon.colcon_core.shell:create_environment_hook('relbot2turtlesim', 'cmake_prefix_path')
[0.646s] INFO:colcon.colcon_core.shell:Creating environment hook '/home/jordan/SDfR/assignment6/install/relbot2turtlesim/share/relbot2turtlesim/hook/cmake_prefix_path.ps1'
[0.646s] INFO:colcon.colcon_core.shell:Creating environment descriptor '/home/jordan/SDfR/assignment6/install/relbot2turtlesim/share/relbot2turtlesim/hook/cmake_prefix_path.dsv'
[0.646s] INFO:colcon.colcon_core.shell:Creating environment hook '/home/jordan/SDfR/assignment6/install/relbot2turtlesim/share/relbot2turtlesim/hook/cmake_prefix_path.sh'
[0.647s] Level 1:colcon.colcon_core.environment:checking '/home/jordan/SDfR/assignment6/install/relbot2turtlesim/lib'
[0.647s] Level 1:colcon.colcon_core.environment:checking '/home/jordan/SDfR/assignment6/install/relbot2turtlesim/bin'
[0.647s] Level 1:colcon.colcon_core.environment:checking '/home/jordan/SDfR/assignment6/install/relbot2turtlesim/lib/pkgconfig/relbot2turtlesim.pc'
[0.648s] Level 1:colcon.colcon_core.environment:checking '/home/jordan/SDfR/assignment6/install/relbot2turtlesim/lib/python3.10/site-packages'
[0.648s] Level 1:colcon.colcon_core.environment:checking '/home/jordan/SDfR/assignment6/install/relbot2turtlesim/bin'
[0.648s] INFO:colcon.colcon_core.shell:Creating package script '/home/jordan/SDfR/assignment6/install/relbot2turtlesim/share/relbot2turtlesim/package.ps1'
[0.649s] INFO:colcon.colcon_core.shell:Creating package descriptor '/home/jordan/SDfR/assignment6/install/relbot2turtlesim/share/relbot2turtlesim/package.dsv'
[0.649s] INFO:colcon.colcon_core.shell:Creating package script '/home/jordan/SDfR/assignment6/install/relbot2turtlesim/share/relbot2turtlesim/package.sh'
[0.650s] INFO:colcon.colcon_core.shell:Creating package script '/home/jordan/SDfR/assignment6/install/relbot2turtlesim/share/relbot2turtlesim/package.bash'
[0.650s] INFO:colcon.colcon_core.shell:Creating package script '/home/jordan/SDfR/assignment6/install/relbot2turtlesim/share/relbot2turtlesim/package.zsh'
[0.651s] Level 1:colcon.colcon_core.environment:create_file_with_runtime_dependencies(/home/jordan/SDfR/assignment6/install/relbot2turtlesim/share/colcon-core/packages/relbot2turtlesim)
[0.651s] Level 1:colcon.colcon_core.environment:create_environment_scripts_only(image_functions_sdfr)
[0.652s] Level 1:colcon.colcon_core.environment:checking '/home/jordan/SDfR/assignment6/install/image_functions_sdfr' for CMake module files
[0.653s] DEBUG:colcon.colcon_core.event_handler.log_command:Invoked command in '/home/jordan/SDfR/assignment6/build/image_functions_sdfr' returned '0': CMAKE_PREFIX_PATH=/opt/ros/humble /usr/bin/cmake --install /home/jordan/SDfR/assignment6/build/image_functions_sdfr
[0.653s] Level 1:colcon.colcon_core.environment:checking '/home/jordan/SDfR/assignment6/install/image_functions_sdfr' for CMake config files
[0.653s] Level 1:colcon.colcon_core.shell:create_environment_hook('image_functions_sdfr', 'cmake_prefix_path')
[0.653s] INFO:colcon.colcon_core.shell:Creating environment hook '/home/jordan/SDfR/assignment6/install/image_functions_sdfr/share/image_functions_sdfr/hook/cmake_prefix_path.ps1'
[0.654s] INFO:colcon.colcon_core.shell:Creating environment descriptor '/home/jordan/SDfR/assignment6/install/image_functions_sdfr/share/image_functions_sdfr/hook/cmake_prefix_path.dsv'
[0.654s] INFO:colcon.colcon_core.shell:Creating environment hook '/home/jordan/SDfR/assignment6/install/image_functions_sdfr/share/image_functions_sdfr/hook/cmake_prefix_path.sh'
[0.655s] Level 1:colcon.colcon_core.environment:checking '/home/jordan/SDfR/assignment6/install/image_functions_sdfr/lib'
[0.655s] Level 1:colcon.colcon_core.shell:create_environment_hook('image_functions_sdfr', 'ld_library_path_lib')
[0.655s] INFO:colcon.colcon_core.shell:Creating environment hook '/home/jordan/SDfR/assignment6/install/image_functions_sdfr/share/image_functions_sdfr/hook/ld_library_path_lib.ps1'
[0.656s] INFO:colcon.colcon_core.shell:Creating environment descriptor '/home/jordan/SDfR/assignment6/install/image_functions_sdfr/share/image_functions_sdfr/hook/ld_library_path_lib.dsv'
[0.656s] INFO:colcon.colcon_core.shell:Creating environment hook '/home/jordan/SDfR/assignment6/install/image_functions_sdfr/share/image_functions_sdfr/hook/ld_library_path_lib.sh'
[0.657s] Level 1:colcon.colcon_core.environment:checking '/home/jordan/SDfR/assignment6/install/image_functions_sdfr/bin'
[0.657s] Level 1:colcon.colcon_core.environment:checking '/home/jordan/SDfR/assignment6/install/image_functions_sdfr/lib/pkgconfig/image_functions_sdfr.pc'
[0.657s] Level 1:colcon.colcon_core.environment:checking '/home/jordan/SDfR/assignment6/install/image_functions_sdfr/lib/python3.10/site-packages'
[0.657s] Level 1:colcon.colcon_core.environment:checking '/home/jordan/SDfR/assignment6/install/image_functions_sdfr/bin'
[0.657s] INFO:colcon.colcon_core.shell:Creating package script '/home/jordan/SDfR/assignment6/install/image_functions_sdfr/share/image_functions_sdfr/package.ps1'
[0.658s] INFO:colcon.colcon_core.shell:Creating package descriptor '/home/jordan/SDfR/assignment6/install/image_functions_sdfr/share/image_functions_sdfr/package.dsv'
[0.658s] INFO:colcon.colcon_core.shell:Creating package script '/home/jordan/SDfR/assignment6/install/image_functions_sdfr/share/image_functions_sdfr/package.sh'
[0.659s] INFO:colcon.colcon_core.shell:Creating package script '/home/jordan/SDfR/assignment6/install/image_functions_sdfr/share/image_functions_sdfr/package.bash'
[0.659s] INFO:colcon.colcon_core.shell:Creating package script '/home/jordan/SDfR/assignment6/install/image_functions_sdfr/share/image_functions_sdfr/package.zsh'
[0.660s] Level 1:colcon.colcon_core.environment:create_file_with_runtime_dependencies(/home/jordan/SDfR/assignment6/install/image_functions_sdfr/share/colcon-core/packages/image_functions_sdfr)
[0.660s] Level 1:colcon.colcon_core.environment:create_environment_scripts_only(image_functions_sdfr)
[0.660s] Level 1:colcon.colcon_core.environment:checking '/home/jordan/SDfR/assignment6/install/image_functions_sdfr' for CMake module files
[0.661s] Level 1:colcon.colcon_core.environment:checking '/home/jordan/SDfR/assignment6/install/image_functions_sdfr' for CMake config files
[0.661s] Level 1:colcon.colcon_core.shell:create_environment_hook('image_functions_sdfr', 'cmake_prefix_path')
[0.661s] INFO:colcon.colcon_core.shell:Creating environment hook '/home/jordan/SDfR/assignment6/install/image_functions_sdfr/share/image_functions_sdfr/hook/cmake_prefix_path.ps1'
[0.662s] INFO:colcon.colcon_core.shell:Creating environment descriptor '/home/jordan/SDfR/assignment6/install/image_functions_sdfr/share/image_functions_sdfr/hook/cmake_prefix_path.dsv'
[0.662s] INFO:colcon.colcon_core.shell:Creating environment hook '/home/jordan/SDfR/assignment6/install/image_functions_sdfr/share/image_functions_sdfr/hook/cmake_prefix_path.sh'
[0.663s] Level 1:colcon.colcon_core.environment:checking '/home/jordan/SDfR/assignment6/install/image_functions_sdfr/lib'
[0.663s] Level 1:colcon.colcon_core.shell:create_environment_hook('image_functions_sdfr', 'ld_library_path_lib')
[0.663s] INFO:colcon.colcon_core.shell:Creating environment hook '/home/jordan/SDfR/assignment6/install/image_functions_sdfr/share/image_functions_sdfr/hook/ld_library_path_lib.ps1'
[0.663s] INFO:colcon.colcon_core.shell:Creating environment descriptor '/home/jordan/SDfR/assignment6/install/image_functions_sdfr/share/image_functions_sdfr/hook/ld_library_path_lib.dsv'
[0.664s] INFO:colcon.colcon_core.shell:Creating environment hook '/home/jordan/SDfR/assignment6/install/image_functions_sdfr/share/image_functions_sdfr/hook/ld_library_path_lib.sh'
[0.664s] Level 1:colcon.colcon_core.environment:checking '/home/jordan/SDfR/assignment6/install/image_functions_sdfr/bin'
[0.664s] Level 1:colcon.colcon_core.environment:checking '/home/jordan/SDfR/assignment6/install/image_functions_sdfr/lib/pkgconfig/image_functions_sdfr.pc'
[0.664s] Level 1:colcon.colcon_core.environment:checking '/home/jordan/SDfR/assignment6/install/image_functions_sdfr/lib/python3.10/site-packages'
[0.665s] Level 1:colcon.colcon_core.environment:checking '/home/jordan/SDfR/assignment6/install/image_functions_sdfr/bin'
[0.665s] INFO:colcon.colcon_core.shell:Creating package script '/home/jordan/SDfR/assignment6/install/image_functions_sdfr/share/image_functions_sdfr/package.ps1'
[0.665s] INFO:colcon.colcon_core.shell:Creating package descriptor '/home/jordan/SDfR/assignment6/install/image_functions_sdfr/share/image_functions_sdfr/package.dsv'
[0.666s] INFO:colcon.colcon_core.shell:Creating package script '/home/jordan/SDfR/assignment6/install/image_functions_sdfr/share/image_functions_sdfr/package.sh'
[0.666s] INFO:colcon.colcon_core.shell:Creating package script '/home/jordan/SDfR/assignment6/install/image_functions_sdfr/share/image_functions_sdfr/package.bash'
[0.667s] INFO:colcon.colcon_core.shell:Creating package script '/home/jordan/SDfR/assignment6/install/image_functions_sdfr/share/image_functions_sdfr/package.zsh'
[0.667s] Level 1:colcon.colcon_core.environment:create_file_with_runtime_dependencies(/home/jordan/SDfR/assignment6/install/image_functions_sdfr/share/colcon-core/packages/image_functions_sdfr)
[0.669s] Level 1:colcon.colcon_core.environment:create_environment_scripts_only(cam2image_vm2ros)
[0.669s] Level 1:colcon.colcon_core.environment:checking '/home/jordan/SDfR/assignment6/install/cam2image_vm2ros' for CMake module files
[0.670s] DEBUG:colcon.colcon_core.event_handler.log_command:Invoked command in '/home/jordan/SDfR/assignment6/build/cam2image_vm2ros' returned '0': CMAKE_PREFIX_PATH=/opt/ros/humble /usr/bin/cmake --install /home/jordan/SDfR/assignment6/build/cam2image_vm2ros
[0.670s] Level 1:colcon.colcon_core.environment:checking '/home/jordan/SDfR/assignment6/install/cam2image_vm2ros' for CMake config files
[0.670s] Level 1:colcon.colcon_core.shell:create_environment_hook('cam2image_vm2ros', 'cmake_prefix_path')
[0.671s] INFO:colcon.colcon_core.shell:Creating environment hook '/home/jordan/SDfR/assignment6/install/cam2image_vm2ros/share/cam2image_vm2ros/hook/cmake_prefix_path.ps1'
[0.671s] INFO:colcon.colcon_core.shell:Creating environment descriptor '/home/jordan/SDfR/assignment6/install/cam2image_vm2ros/share/cam2image_vm2ros/hook/cmake_prefix_path.dsv'
[0.671s] INFO:colcon.colcon_core.shell:Creating environment hook '/home/jordan/SDfR/assignment6/install/cam2image_vm2ros/share/cam2image_vm2ros/hook/cmake_prefix_path.sh'
[0.672s] Level 1:colcon.colcon_core.environment:checking '/home/jordan/SDfR/assignment6/install/cam2image_vm2ros/lib'
[0.672s] Level 1:colcon.colcon_core.shell:create_environment_hook('cam2image_vm2ros', 'ld_library_path_lib')
[0.672s] INFO:colcon.colcon_core.shell:Creating environment hook '/home/jordan/SDfR/assignment6/install/cam2image_vm2ros/share/cam2image_vm2ros/hook/ld_library_path_lib.ps1'
[0.673s] INFO:colcon.colcon_core.shell:Creating environment descriptor '/home/jordan/SDfR/assignment6/install/cam2image_vm2ros/share/cam2image_vm2ros/hook/ld_library_path_lib.dsv'
[0.673s] INFO:colcon.colcon_core.shell:Creating environment hook '/home/jordan/SDfR/assignment6/install/cam2image_vm2ros/share/cam2image_vm2ros/hook/ld_library_path_lib.sh'
[0.674s] Level 1:colcon.colcon_core.environment:checking '/home/jordan/SDfR/assignment6/install/cam2image_vm2ros/bin'
[0.674s] Level 1:colcon.colcon_core.environment:checking '/home/jordan/SDfR/assignment6/install/cam2image_vm2ros/lib/pkgconfig/cam2image_vm2ros.pc'
[0.674s] Level 1:colcon.colcon_core.environment:checking '/home/jordan/SDfR/assignment6/install/cam2image_vm2ros/lib/python3.10/site-packages'
[0.674s] Level 1:colcon.colcon_core.environment:checking '/home/jordan/SDfR/assignment6/install/cam2image_vm2ros/bin'
[0.675s] INFO:colcon.colcon_core.shell:Creating package script '/home/jordan/SDfR/assignment6/install/cam2image_vm2ros/share/cam2image_vm2ros/package.ps1'
[0.675s] INFO:colcon.colcon_core.shell:Creating package descriptor '/home/jordan/SDfR/assignment6/install/cam2image_vm2ros/share/cam2image_vm2ros/package.dsv'
[0.675s] INFO:colcon.colcon_core.shell:Creating package script '/home/jordan/SDfR/assignment6/install/cam2image_vm2ros/share/cam2image_vm2ros/package.sh'
[0.676s] INFO:colcon.colcon_core.shell:Creating package script '/home/jordan/SDfR/assignment6/install/cam2image_vm2ros/share/cam2image_vm2ros/package.bash'
[0.676s] INFO:colcon.colcon_core.shell:Creating package script '/home/jordan/SDfR/assignment6/install/cam2image_vm2ros/share/cam2image_vm2ros/package.zsh'
[0.677s] Level 1:colcon.colcon_core.environment:create_file_with_runtime_dependencies(/home/jordan/SDfR/assignment6/install/cam2image_vm2ros/share/colcon-core/packages/cam2image_vm2ros)
[0.677s] Level 1:colcon.colcon_core.environment:create_environment_scripts_only(cam2image_vm2ros)
[0.677s] Level 1:colcon.colcon_core.environment:checking '/home/jordan/SDfR/assignment6/install/cam2image_vm2ros' for CMake module files
[0.678s] Level 1:colcon.colcon_core.environment:checking '/home/jordan/SDfR/assignment6/install/cam2image_vm2ros' for CMake config files
[0.678s] Level 1:colcon.colcon_core.shell:create_environment_hook('cam2image_vm2ros', 'cmake_prefix_path')
[0.678s] INFO:colcon.colcon_core.shell:Creating environment hook '/home/jordan/SDfR/assignment6/install/cam2image_vm2ros/share/cam2image_vm2ros/hook/cmake_prefix_path.ps1'
[0.679s] INFO:colcon.colcon_core.shell:Creating environment descriptor '/home/jordan/SDfR/assignment6/install/cam2image_vm2ros/share/cam2image_vm2ros/hook/cmake_prefix_path.dsv'
[0.679s] INFO:colcon.colcon_core.shell:Creating environment hook '/home/jordan/SDfR/assignment6/install/cam2image_vm2ros/share/cam2image_vm2ros/hook/cmake_prefix_path.sh'
[0.680s] Level 1:colcon.colcon_core.environment:checking '/home/jordan/SDfR/assignment6/install/cam2image_vm2ros/lib'
[0.680s] Level 1:colcon.colcon_core.shell:create_environment_hook('cam2image_vm2ros', 'ld_library_path_lib')
[0.680s] INFO:colcon.colcon_core.shell:Creating environment hook '/home/jordan/SDfR/assignment6/install/cam2image_vm2ros/share/cam2image_vm2ros/hook/ld_library_path_lib.ps1'
[0.680s] INFO:colcon.colcon_core.shell:Creating environment descriptor '/home/jordan/SDfR/assignment6/install/cam2image_vm2ros/share/cam2image_vm2ros/hook/ld_library_path_lib.dsv'
[0.681s] INFO:colcon.colcon_core.shell:Creating environment hook '/home/jordan/SDfR/assignment6/install/cam2image_vm2ros/share/cam2image_vm2ros/hook/ld_library_path_lib.sh'
[0.681s] Level 1:colcon.colcon_core.environment:checking '/home/jordan/SDfR/assignment6/install/cam2image_vm2ros/bin'
[0.681s] Level 1:colcon.colcon_core.environment:checking '/home/jordan/SDfR/assignment6/install/cam2image_vm2ros/lib/pkgconfig/cam2image_vm2ros.pc'
[0.681s] Level 1:colcon.colcon_core.environment:checking '/home/jordan/SDfR/assignment6/install/cam2image_vm2ros/lib/python3.10/site-packages'
[0.682s] Level 1:colcon.colcon_core.environment:checking '/home/jordan/SDfR/assignment6/install/cam2image_vm2ros/bin'
[0.682s] INFO:colcon.colcon_core.shell:Creating package script '/home/jordan/SDfR/assignment6/install/cam2image_vm2ros/share/cam2image_vm2ros/package.ps1'
[0.683s] INFO:colcon.colcon_core.shell:Creating package descriptor '/home/jordan/SDfR/assignment6/install/cam2image_vm2ros/share/cam2image_vm2ros/package.dsv'
[0.683s] INFO:colcon.colcon_core.shell:Creating package script '/home/jordan/SDfR/assignment6/install/cam2image_vm2ros/share/cam2image_vm2ros/package.sh'
[0.683s] INFO:colcon.colcon_core.shell:Creating package script '/home/jordan/SDfR/assignment6/install/cam2image_vm2ros/share/cam2image_vm2ros/package.bash'
[0.684s] INFO:colcon.colcon_core.shell:Creating package script '/home/jordan/SDfR/assignment6/install/cam2image_vm2ros/share/cam2image_vm2ros/package.zsh'
[0.684s] Level 1:colcon.colcon_core.environment:create_file_with_runtime_dependencies(/home/jordan/SDfR/assignment6/install/cam2image_vm2ros/share/colcon-core/packages/cam2image_vm2ros)
[0.685s] Level 1:colcon.colcon_core.environment:create_environment_scripts_only(relbot_simulator)
[0.685s] Level 1:colcon.colcon_core.environment:checking '/home/jordan/SDfR/assignment6/install/relbot_simulator' for CMake module files
[0.686s] DEBUG:colcon.colcon_core.event_handler.log_command:Invoked command in '/home/jordan/SDfR/assignment6/build/relbot_simulator' returned '0': CMAKE_PREFIX_PATH=/opt/ros/humble /usr/bin/cmake --install /home/jordan/SDfR/assignment6/build/relbot_simulator
[0.686s] Level 1:colcon.colcon_core.environment:checking '/home/jordan/SDfR/assignment6/install/relbot_simulator' for CMake config files
[0.686s] Level 1:colcon.colcon_core.shell:create_environment_hook('relbot_simulator', 'cmake_prefix_path')
[0.687s] INFO:colcon.colcon_core.shell:Creating environment hook '/home/jordan/SDfR/assignment6/install/relbot_simulator/share/relbot_simulator/hook/cmake_prefix_path.ps1'
[0.687s] INFO:colcon.colcon_core.shell:Creating environment descriptor '/home/jordan/SDfR/assignment6/install/relbot_simulator/share/relbot_simulator/hook/cmake_prefix_path.dsv'
[0.687s] INFO:colcon.colcon_core.shell:Creating environment hook '/home/jordan/SDfR/assignment6/install/relbot_simulator/share/relbot_simulator/hook/cmake_prefix_path.sh'
[0.688s] Level 1:colcon.colcon_core.environment:checking '/home/jordan/SDfR/assignment6/install/relbot_simulator/lib'
[0.688s] Level 1:colcon.colcon_core.environment:checking '/home/jordan/SDfR/assignment6/install/relbot_simulator/bin'
[0.688s] Level 1:colcon.colcon_core.environment:checking '/home/jordan/SDfR/assignment6/install/relbot_simulator/lib/pkgconfig/relbot_simulator.pc'
[0.688s] Level 1:colcon.colcon_core.environment:checking '/home/jordan/SDfR/assignment6/install/relbot_simulator/lib/python3.10/site-packages'
[0.689s] Level 1:colcon.colcon_core.environment:checking '/home/jordan/SDfR/assignment6/install/relbot_simulator/bin'
[0.689s] INFO:colcon.colcon_core.shell:Creating package script '/home/jordan/SDfR/assignment6/install/relbot_simulator/share/relbot_simulator/package.ps1'
[0.689s] INFO:colcon.colcon_core.shell:Creating package descriptor '/home/jordan/SDfR/assignment6/install/relbot_simulator/share/relbot_simulator/package.dsv'
[0.690s] INFO:colcon.colcon_core.shell:Creating package script '/home/jordan/SDfR/assignment6/install/relbot_simulator/share/relbot_simulator/package.sh'
[0.690s] INFO:colcon.colcon_core.shell:Creating package script '/home/jordan/SDfR/assignment6/install/relbot_simulator/share/relbot_simulator/package.bash'
[0.691s] INFO:colcon.colcon_core.shell:Creating package script '/home/jordan/SDfR/assignment6/install/relbot_simulator/share/relbot_simulator/package.zsh'
[0.691s] Level 1:colcon.colcon_core.environment:create_file_with_runtime_dependencies(/home/jordan/SDfR/assignment6/install/relbot_simulator/share/colcon-core/packages/relbot_simulator)
[0.691s] Level 1:colcon.colcon_core.environment:create_environment_scripts_only(relbot_simulator)
[0.692s] Level 1:colcon.colcon_core.environment:checking '/home/jordan/SDfR/assignment6/install/relbot_simulator' for CMake module files
[0.692s] Level 1:colcon.colcon_core.environment:checking '/home/jordan/SDfR/assignment6/install/relbot_simulator' for CMake config files
[0.692s] Level 1:colcon.colcon_core.shell:create_environment_hook('relbot_simulator', 'cmake_prefix_path')
[0.692s] INFO:colcon.colcon_core.shell:Creating environment hook '/home/jordan/SDfR/assignment6/install/relbot_simulator/share/relbot_simulator/hook/cmake_prefix_path.ps1'
[0.693s] INFO:colcon.colcon_core.shell:Creating environment descriptor '/home/jordan/SDfR/assignment6/install/relbot_simulator/share/relbot_simulator/hook/cmake_prefix_path.dsv'
[0.693s] INFO:colcon.colcon_core.shell:Creating environment hook '/home/jordan/SDfR/assignment6/install/relbot_simulator/share/relbot_simulator/hook/cmake_prefix_path.sh'
[0.694s] Level 1:colcon.colcon_core.environment:checking '/home/jordan/SDfR/assignment6/install/relbot_simulator/lib'
[0.694s] Level 1:colcon.colcon_core.environment:checking '/home/jordan/SDfR/assignment6/install/relbot_simulator/bin'
[0.694s] Level 1:colcon.colcon_core.environment:checking '/home/jordan/SDfR/assignment6/install/relbot_simulator/lib/pkgconfig/relbot_simulator.pc'
[0.694s] Level 1:colcon.colcon_core.environment:checking '/home/jordan/SDfR/assignment6/install/relbot_simulator/lib/python3.10/site-packages'
[0.695s] Level 1:colcon.colcon_core.environment:checking '/home/jordan/SDfR/assignment6/install/relbot_simulator/bin'
[0.695s] INFO:colcon.colcon_core.shell:Creating package script '/home/jordan/SDfR/assignment6/install/relbot_simulator/share/relbot_simulator/package.ps1'
[0.695s] INFO:colcon.colcon_core.shell:Creating package descriptor '/home/jordan/SDfR/assignment6/install/relbot_simulator/share/relbot_simulator/package.dsv'
[0.696s] INFO:colcon.colcon_core.shell:Creating package script '/home/jordan/SDfR/assignment6/install/relbot_simulator/share/relbot_simulator/package.sh'
[0.696s] INFO:colcon.colcon_core.shell:Creating package script '/home/jordan/SDfR/assignment6/install/relbot_simulator/share/relbot_simulator/package.bash'
[0.697s] INFO:colcon.colcon_core.shell:Creating package script '/home/jordan/SDfR/assignment6/install/relbot_simulator/share/relbot_simulator/package.zsh'
[0.697s] Level 1:colcon.colcon_core.environment:create_file_with_runtime_dependencies(/home/jordan/SDfR/assignment6/install/relbot_simulator/share/colcon-core/packages/relbot_simulator)
[12.102s] DEBUG:colcon.colcon_core.event_handler.log_command:Invoked command in '/home/jordan/SDfR/assignment6/build/relbot_sequence_controller' returned '0': CMAKE_PREFIX_PATH=/opt/ros/humble /usr/bin/cmake --build /home/jordan/SDfR/assignment6/build/relbot_sequence_controller -- -j16 -l16
[12.104s] DEBUG:colcon.colcon_core.event_handler.log_command:Invoking command in '/home/jordan/SDfR/assignment6/build/relbot_sequence_controller': CMAKE_PREFIX_PATH=/opt/ros/humble /usr/bin/cmake --install /home/jordan/SDfR/assignment6/build/relbot_sequence_controller
[12.127s] Level 1:colcon.colcon_core.environment:create_environment_scripts_only(relbot_sequence_controller)
[12.128s] Level 1:colcon.colcon_core.environment:checking '/home/jordan/SDfR/assignment6/install/relbot_sequence_controller' for CMake module files
[12.128s] DEBUG:colcon.colcon_core.event_handler.log_command:Invoked command in '/home/jordan/SDfR/assignment6/build/relbot_sequence_controller' returned '0': CMAKE_PREFIX_PATH=/opt/ros/humble /usr/bin/cmake --install /home/jordan/SDfR/assignment6/build/relbot_sequence_controller
[12.129s] Level 1:colcon.colcon_core.environment:checking '/home/jordan/SDfR/assignment6/install/relbot_sequence_controller' for CMake config files
[12.129s] Level 1:colcon.colcon_core.shell:create_environment_hook('relbot_sequence_controller', 'cmake_prefix_path')
[12.129s] INFO:colcon.colcon_core.shell:Creating environment hook '/home/jordan/SDfR/assignment6/install/relbot_sequence_controller/share/relbot_sequence_controller/hook/cmake_prefix_path.ps1'
[12.130s] INFO:colcon.colcon_core.shell:Creating environment descriptor '/home/jordan/SDfR/assignment6/install/relbot_sequence_controller/share/relbot_sequence_controller/hook/cmake_prefix_path.dsv'
[12.130s] INFO:colcon.colcon_core.shell:Creating environment hook '/home/jordan/SDfR/assignment6/install/relbot_sequence_controller/share/relbot_sequence_controller/hook/cmake_prefix_path.sh'
[12.131s] Level 1:colcon.colcon_core.environment:checking '/home/jordan/SDfR/assignment6/install/relbot_sequence_controller/lib'
[12.131s] Level 1:colcon.colcon_core.environment:checking '/home/jordan/SDfR/assignment6/install/relbot_sequence_controller/bin'
[12.131s] Level 1:colcon.colcon_core.environment:checking '/home/jordan/SDfR/assignment6/install/relbot_sequence_controller/lib/pkgconfig/relbot_sequence_controller.pc'
[12.131s] Level 1:colcon.colcon_core.environment:checking '/home/jordan/SDfR/assignment6/install/relbot_sequence_controller/lib/python3.10/site-packages'
[12.132s] Level 1:colcon.colcon_core.environment:checking '/home/jordan/SDfR/assignment6/install/relbot_sequence_controller/bin'
[12.132s] INFO:colcon.colcon_core.shell:Creating package script '/home/jordan/SDfR/assignment6/install/relbot_sequence_controller/share/relbot_sequence_controller/package.ps1'
[12.133s] INFO:colcon.colcon_core.shell:Creating package descriptor '/home/jordan/SDfR/assignment6/install/relbot_sequence_controller/share/relbot_sequence_controller/package.dsv'
[12.133s] INFO:colcon.colcon_core.shell:Creating package script '/home/jordan/SDfR/assignment6/install/relbot_sequence_controller/share/relbot_sequence_controller/package.sh'
[12.134s] INFO:colcon.colcon_core.shell:Creating package script '/home/jordan/SDfR/assignment6/install/relbot_sequence_controller/share/relbot_sequence_controller/package.bash'
[12.134s] INFO:colcon.colcon_core.shell:Creating package script '/home/jordan/SDfR/assignment6/install/relbot_sequence_controller/share/relbot_sequence_controller/package.zsh'
[12.134s] Level 1:colcon.colcon_core.environment:create_file_with_runtime_dependencies(/home/jordan/SDfR/assignment6/install/relbot_sequence_controller/share/colcon-core/packages/relbot_sequence_controller)
[12.135s] Level 1:colcon.colcon_core.environment:create_environment_scripts_only(relbot_sequence_controller)
[12.135s] Level 1:colcon.colcon_core.environment:checking '/home/jordan/SDfR/assignment6/install/relbot_sequence_controller' for CMake module files
[12.136s] Level 1:colcon.colcon_core.environment:checking '/home/jordan/SDfR/assignment6/install/relbot_sequence_controller' for CMake config files
[12.136s] Level 1:colcon.colcon_core.shell:create_environment_hook('relbot_sequence_controller', 'cmake_prefix_path')
[12.136s] INFO:colcon.colcon_core.shell:Creating environment hook '/home/jordan/SDfR/assignment6/install/relbot_sequence_controller/share/relbot_sequence_controller/hook/cmake_prefix_path.ps1'
[12.137s] INFO:colcon.colcon_core.shell:Creating environment descriptor '/home/jordan/SDfR/assignment6/install/relbot_sequence_controller/share/relbot_sequence_controller/hook/cmake_prefix_path.dsv'
[12.137s] INFO:colcon.colcon_core.shell:Creating environment hook '/home/jordan/SDfR/assignment6/install/relbot_sequence_controller/share/relbot_sequence_controller/hook/cmake_prefix_path.sh'
[12.137s] Level 1:colcon.colcon_core.environment:checking '/home/jordan/SDfR/assignment6/install/relbot_sequence_controller/lib'
[12.137s] Level 1:colcon.colcon_core.environment:checking '/home/jordan/SDfR/assignment6/install/relbot_sequence_controller/bin'
[12.138s] Level 1:colcon.colcon_core.environment:checking '/home/jordan/SDfR/assignment6/install/relbot_sequence_controller/lib/pkgconfig/relbot_sequence_controller.pc'
[12.138s] Level 1:colcon.colcon_core.environment:checking '/home/jordan/SDfR/assignment6/install/relbot_sequence_controller/lib/python3.10/site-packages'
[12.138s] Level 1:colcon.colcon_core.environment:checking '/home/jordan/SDfR/assignment6/install/relbot_sequence_controller/bin'
[12.138s] INFO:colcon.colcon_core.shell:Creating package script '/home/jordan/SDfR/assignment6/install/relbot_sequence_controller/share/relbot_sequence_controller/package.ps1'
[12.139s] INFO:colcon.colcon_core.shell:Creating package descriptor '/home/jordan/SDfR/assignment6/install/relbot_sequence_controller/share/relbot_sequence_controller/package.dsv'
[12.139s] INFO:colcon.colcon_core.shell:Creating package script '/home/jordan/SDfR/assignment6/install/relbot_sequence_controller/share/relbot_sequence_controller/package.sh'
[12.140s] INFO:colcon.colcon_core.shell:Creating package script '/home/jordan/SDfR/assignment6/install/relbot_sequence_controller/share/relbot_sequence_controller/package.bash'
[12.140s] INFO:colcon.colcon_core.shell:Creating package script '/home/jordan/SDfR/assignment6/install/relbot_sequence_controller/share/relbot_sequence_controller/package.zsh'
[12.140s] Level 1:colcon.colcon_core.environment:create_file_with_runtime_dependencies(/home/jordan/SDfR/assignment6/install/relbot_sequence_controller/share/colcon-core/packages/relbot_sequence_controller)
[12.141s] DEBUG:colcon.colcon_parallel_executor.executor.parallel:closing loop
[12.141s] DEBUG:colcon.colcon_parallel_executor.executor.parallel:loop closed
[12.141s] DEBUG:colcon.colcon_parallel_executor.executor.parallel:run_until_complete finished with '0'
[12.141s] DEBUG:colcon.colcon_core.event_reactor:joining thread
[12.148s] INFO:colcon.colcon_core.plugin_system:Skipping extension 'colcon_notification.desktop_notification.terminal_notifier': Not used on non-Darwin systems
[12.148s] INFO:colcon.colcon_core.plugin_system:Skipping extension 'colcon_notification.desktop_notification.win32': Not used on non-Windows systems
[12.148s] INFO:colcon.colcon_notification.desktop_notification:Sending desktop notification using 'notify2'
[12.148s] DEBUG:colcon.colcon_notification.desktop_notification.notify2:Failed to initialize notify2: org.freedesktop.DBus.Error.FileNotFound: Failed to connect to socket /run/user/1000/bus: No such file or directory
[12.149s] DEBUG:colcon.colcon_core.event_reactor:joined thread
[12.149s] INFO:colcon.colcon_core.shell:Creating prefix script '/home/jordan/SDfR/assignment6/install/local_setup.ps1'
[12.150s] INFO:colcon.colcon_core.shell:Creating prefix util module '/home/jordan/SDfR/assignment6/install/_local_setup_util_ps1.py'
[12.151s] INFO:colcon.colcon_core.shell:Creating prefix chain script '/home/jordan/SDfR/assignment6/install/setup.ps1'
[12.152s] INFO:colcon.colcon_core.shell:Creating prefix script '/home/jordan/SDfR/assignment6/install/local_setup.sh'
[12.153s] INFO:colcon.colcon_core.shell:Creating prefix util module '/home/jordan/SDfR/assignment6/install/_local_setup_util_sh.py'
[12.153s] INFO:colcon.colcon_core.shell:Creating prefix chain script '/home/jordan/SDfR/assignment6/install/setup.sh'
[12.154s] INFO:colcon.colcon_core.shell:Creating prefix script '/home/jordan/SDfR/assignment6/install/local_setup.bash'
[12.154s] INFO:colcon.colcon_core.shell:Creating prefix chain script '/home/jordan/SDfR/assignment6/install/setup.bash'
[12.155s] INFO:colcon.colcon_core.shell:Creating prefix script '/home/jordan/SDfR/assignment6/install/local_setup.zsh'
[12.156s] INFO:colcon.colcon_core.shell:Creating prefix chain script '/home/jordan/SDfR/assignment6/install/setup.zsh'
