[0.239s] DEBUG:colcon:Command line arguments: ['/usr/bin/colcon', 'build']
[0.240s] DEBUG:colcon:Parsed command line arguments: Namespace(log_base=None, log_level=None, verb_name='build', build_base='build', install_base='install', merge_install=False, symlink_install=False, test_result_base=None, continue_on_error=False, executor='parallel', parallel_workers=16, event_handlers=None, ignore_user_meta=False, metas=['./colcon.meta'], base_paths=['.'], packages_ignore=None, packages_ignore_regex=None, paths=None, packages_up_to=None, packages_up_to_regex=None, packages_above=None, packages_above_and_dependencies=None, packages_above_depth=None, packages_select_by_dep=None, packages_skip_by_dep=None, packages_skip_up_to=None, packages_select_build_failed=False, packages_skip_build_finished=False, packages_select_test_failures=False, packages_skip_test_passed=False, packages_select=None, packages_skip=None, packages_select_regex=None, packages_skip_regex=None, packages_start=None, packages_end=None, allow_overriding=[], cmake_args=None, cmake_target=None, cmake_target_skip_unavailable=False, cmake_clean_cache=False, cmake_clean_first=False, cmake_force_configure=False, ament_cmake_args=None, catkin_cmake_args=None, catkin_skip_building_tests=False, mixin_files=None, mixin=None, verb_parser=<colcon_mixin.mixin.mixin_argument.MixinArgumentDecorator object at 0x72cf13f2d210>, verb_extension=<colcon_core.verb.build.BuildVerb object at 0x72cf140c2bc0>, main=<bound method BuildVerb.main of <colcon_core.verb.build.BuildVerb object at 0x72cf140c2bc0>>, mixin_verb=('build',))
[0.403s] Level 1:colcon.colcon_core.package_discovery:discover_packages(colcon_meta) check parameters
[0.403s] Level 1:colcon.colcon_core.package_discovery:discover_packages(recursive) check parameters
[0.403s] Level 1:colcon.colcon_core.package_discovery:discover_packages(ignore) check parameters
[0.403s] Level 1:colcon.colcon_core.package_discovery:discover_packages(path) check parameters
[0.403s] Level 1:colcon.colcon_core.package_discovery:discover_packages(colcon_meta) discover
[0.403s] Level 1:colcon.colcon_core.package_discovery:discover_packages(recursive) discover
[0.403s] INFO:colcon.colcon_core.package_discovery:Crawling recursively for packages in '/home/jordan/SDfR/assignment5'
[0.403s] Level 1:colcon.colcon_core.package_identification:_identify(.) by extensions ['ignore', 'ignore_ament_install']
[0.403s] Level 1:colcon.colcon_core.package_identification:_identify(.) by extension 'ignore'
[0.403s] Level 1:colcon.colcon_core.package_identification:_identify(.) by extension 'ignore_ament_install'
[0.403s] Level 1:colcon.colcon_core.package_identification:_identify(.) by extensions ['colcon_pkg']
[0.404s] Level 1:colcon.colcon_core.package_identification:_identify(.) by extension 'colcon_pkg'
[0.404s] Level 1:colcon.colcon_core.package_identification:_identify(.) by extensions ['colcon_meta']
[0.404s] Level 1:colcon.colcon_core.package_identification:_identify(.) by extension 'colcon_meta'
[0.404s] Level 1:colcon.colcon_core.package_identification:_identify(.) by extensions ['ros']
[0.404s] Level 1:colcon.colcon_core.package_identification:_identify(.) by extension 'ros'
[0.415s] Level 1:colcon.colcon_core.package_identification:_identify(.) by extensions ['cmake', 'python']
[0.415s] Level 1:colcon.colcon_core.package_identification:_identify(.) by extension 'cmake'
[0.415s] Level 1:colcon.colcon_core.package_identification:_identify(.) by extension 'python'
[0.415s] Level 1:colcon.colcon_core.package_identification:_identify(.) by extensions ['python_setup_py']
[0.415s] Level 1:colcon.colcon_core.package_identification:_identify(.) by extension 'python_setup_py'
[0.415s] Level 1:colcon.colcon_core.package_identification:_identify(__MACOSX) by extensions ['ignore', 'ignore_ament_install']
[0.415s] Level 1:colcon.colcon_core.package_identification:_identify(__MACOSX) by extension 'ignore'
[0.415s] Level 1:colcon.colcon_core.package_identification:_identify(__MACOSX) by extension 'ignore_ament_install'
[0.415s] Level 1:colcon.colcon_core.package_identification:_identify(__MACOSX) by extensions ['colcon_pkg']
[0.416s] Level 1:colcon.colcon_core.package_identification:_identify(__MACOSX) by extension 'colcon_pkg'
[0.416s] Level 1:colcon.colcon_core.package_identification:_identify(__MACOSX) by extensions ['colcon_meta']
[0.416s] Level 1:colcon.colcon_core.package_identification:_identify(__MACOSX) by extension 'colcon_meta'
[0.416s] Level 1:colcon.colcon_core.package_identification:_identify(__MACOSX) by extensions ['ros']
[0.416s] Level 1:colcon.colcon_core.package_identification:_identify(__MACOSX) by extension 'ros'
[0.416s] Level 1:colcon.colcon_core.package_identification:_identify(__MACOSX) by extensions ['cmake', 'python']
[0.416s] Level 1:colcon.colcon_core.package_identification:_identify(__MACOSX) by extension 'cmake'
[0.416s] Level 1:colcon.colcon_core.package_identification:_identify(__MACOSX) by extension 'python'
[0.416s] Level 1:colcon.colcon_core.package_identification:_identify(__MACOSX) by extensions ['python_setup_py']
[0.416s] Level 1:colcon.colcon_core.package_identification:_identify(__MACOSX) by extension 'python_setup_py'
[0.416s] Level 1:colcon.colcon_core.package_identification:_identify(__MACOSX/relbot2turtlesim) by extensions ['ignore', 'ignore_ament_install']
[0.416s] Level 1:colcon.colcon_core.package_identification:_identify(__MACOSX/relbot2turtlesim) by extension 'ignore'
[0.416s] Level 1:colcon.colcon_core.package_identification:_identify(__MACOSX/relbot2turtlesim) by extension 'ignore_ament_install'
[0.416s] Level 1:colcon.colcon_core.package_identification:_identify(__MACOSX/relbot2turtlesim) by extensions ['colcon_pkg']
[0.416s] Level 1:colcon.colcon_core.package_identification:_identify(__MACOSX/relbot2turtlesim) by extension 'colcon_pkg'
[0.416s] Level 1:colcon.colcon_core.package_identification:_identify(__MACOSX/relbot2turtlesim) by extensions ['colcon_meta']
[0.416s] Level 1:colcon.colcon_core.package_identification:_identify(__MACOSX/relbot2turtlesim) by extension 'colcon_meta'
[0.416s] Level 1:colcon.colcon_core.package_identification:_identify(__MACOSX/relbot2turtlesim) by extensions ['ros']
[0.416s] Level 1:colcon.colcon_core.package_identification:_identify(__MACOSX/relbot2turtlesim) by extension 'ros'
[0.417s] Level 1:colcon.colcon_core.package_identification:_identify(__MACOSX/relbot2turtlesim) by extensions ['cmake', 'python']
[0.417s] Level 1:colcon.colcon_core.package_identification:_identify(__MACOSX/relbot2turtlesim) by extension 'cmake'
[0.417s] Level 1:colcon.colcon_core.package_identification:_identify(__MACOSX/relbot2turtlesim) by extension 'python'
[0.417s] Level 1:colcon.colcon_core.package_identification:_identify(__MACOSX/relbot2turtlesim) by extensions ['python_setup_py']
[0.417s] Level 1:colcon.colcon_core.package_identification:_identify(__MACOSX/relbot2turtlesim) by extension 'python_setup_py'
[0.417s] Level 1:colcon.colcon_core.package_identification:_identify(__MACOSX/relbot2turtlesim/include) by extensions ['ignore', 'ignore_ament_install']
[0.417s] Level 1:colcon.colcon_core.package_identification:_identify(__MACOSX/relbot2turtlesim/include) by extension 'ignore'
[0.417s] Level 1:colcon.colcon_core.package_identification:_identify(__MACOSX/relbot2turtlesim/include) by extension 'ignore_ament_install'
[0.417s] Level 1:colcon.colcon_core.package_identification:_identify(__MACOSX/relbot2turtlesim/include) by extensions ['colcon_pkg']
[0.417s] Level 1:colcon.colcon_core.package_identification:_identify(__MACOSX/relbot2turtlesim/include) by extension 'colcon_pkg'
[0.417s] Level 1:colcon.colcon_core.package_identification:_identify(__MACOSX/relbot2turtlesim/include) by extensions ['colcon_meta']
[0.417s] Level 1:colcon.colcon_core.package_identification:_identify(__MACOSX/relbot2turtlesim/include) by extension 'colcon_meta'
[0.417s] Level 1:colcon.colcon_core.package_identification:_identify(__MACOSX/relbot2turtlesim/include) by extensions ['ros']
[0.417s] Level 1:colcon.colcon_core.package_identification:_identify(__MACOSX/relbot2turtlesim/include) by extension 'ros'
[0.417s] Level 1:colcon.colcon_core.package_identification:_identify(__MACOSX/relbot2turtlesim/include) by extensions ['cmake', 'python']
[0.417s] Level 1:colcon.colcon_core.package_identification:_identify(__MACOSX/relbot2turtlesim/include) by extension 'cmake'
[0.417s] Level 1:colcon.colcon_core.package_identification:_identify(__MACOSX/relbot2turtlesim/include) by extension 'python'
[0.417s] Level 1:colcon.colcon_core.package_identification:_identify(__MACOSX/relbot2turtlesim/include) by extensions ['python_setup_py']
[0.417s] Level 1:colcon.colcon_core.package_identification:_identify(__MACOSX/relbot2turtlesim/include) by extension 'python_setup_py'
[0.418s] Level 1:colcon.colcon_core.package_identification:_identify(__MACOSX/relbot_launch) by extensions ['ignore', 'ignore_ament_install']
[0.418s] Level 1:colcon.colcon_core.package_identification:_identify(__MACOSX/relbot_launch) by extension 'ignore'
[0.418s] Level 1:colcon.colcon_core.package_identification:_identify(__MACOSX/relbot_launch) by extension 'ignore_ament_install'
[0.418s] Level 1:colcon.colcon_core.package_identification:_identify(__MACOSX/relbot_launch) by extensions ['colcon_pkg']
[0.418s] Level 1:colcon.colcon_core.package_identification:_identify(__MACOSX/relbot_launch) by extension 'colcon_pkg'
[0.418s] Level 1:colcon.colcon_core.package_identification:_identify(__MACOSX/relbot_launch) by extensions ['colcon_meta']
[0.418s] Level 1:colcon.colcon_core.package_identification:_identify(__MACOSX/relbot_launch) by extension 'colcon_meta'
[0.418s] Level 1:colcon.colcon_core.package_identification:_identify(__MACOSX/relbot_launch) by extensions ['ros']
[0.418s] Level 1:colcon.colcon_core.package_identification:_identify(__MACOSX/relbot_launch) by extension 'ros'
[0.418s] Level 1:colcon.colcon_core.package_identification:_identify(__MACOSX/relbot_launch) by extensions ['cmake', 'python']
[0.418s] Level 1:colcon.colcon_core.package_identification:_identify(__MACOSX/relbot_launch) by extension 'cmake'
[0.418s] Level 1:colcon.colcon_core.package_identification:_identify(__MACOSX/relbot_launch) by extension 'python'
[0.418s] Level 1:colcon.colcon_core.package_identification:_identify(__MACOSX/relbot_launch) by extensions ['python_setup_py']
[0.418s] Level 1:colcon.colcon_core.package_identification:_identify(__MACOSX/relbot_launch) by extension 'python_setup_py'
[0.418s] Level 1:colcon.colcon_core.package_identification:_identify(__MACOSX/relbot_launch/launch) by extensions ['ignore', 'ignore_ament_install']
[0.418s] Level 1:colcon.colcon_core.package_identification:_identify(__MACOSX/relbot_launch/launch) by extension 'ignore'
[0.418s] Level 1:colcon.colcon_core.package_identification:_identify(__MACOSX/relbot_launch/launch) by extension 'ignore_ament_install'
[0.419s] Level 1:colcon.colcon_core.package_identification:_identify(__MACOSX/relbot_launch/launch) by extensions ['colcon_pkg']
[0.419s] Level 1:colcon.colcon_core.package_identification:_identify(__MACOSX/relbot_launch/launch) by extension 'colcon_pkg'
[0.419s] Level 1:colcon.colcon_core.package_identification:_identify(__MACOSX/relbot_launch/launch) by extensions ['colcon_meta']
[0.419s] Level 1:colcon.colcon_core.package_identification:_identify(__MACOSX/relbot_launch/launch) by extension 'colcon_meta'
[0.419s] Level 1:colcon.colcon_core.package_identification:_identify(__MACOSX/relbot_launch/launch) by extensions ['ros']
[0.419s] Level 1:colcon.colcon_core.package_identification:_identify(__MACOSX/relbot_launch/launch) by extension 'ros'
[0.419s] Level 1:colcon.colcon_core.package_identification:_identify(__MACOSX/relbot_launch/launch) by extensions ['cmake', 'python']
[0.419s] Level 1:colcon.colcon_core.package_identification:_identify(__MACOSX/relbot_launch/launch) by extension 'cmake'
[0.419s] Level 1:colcon.colcon_core.package_identification:_identify(__MACOSX/relbot_launch/launch) by extension 'python'
[0.419s] Level 1:colcon.colcon_core.package_identification:_identify(__MACOSX/relbot_launch/launch) by extensions ['python_setup_py']
[0.419s] Level 1:colcon.colcon_core.package_identification:_identify(__MACOSX/relbot_launch/launch) by extension 'python_setup_py'
[0.419s] Level 1:colcon.colcon_core.package_identification:_identify(__MACOSX/relbot_sequence_controller) by extensions ['ignore', 'ignore_ament_install']
[0.419s] Level 1:colcon.colcon_core.package_identification:_identify(__MACOSX/relbot_sequence_controller) by extension 'ignore'
[0.419s] Level 1:colcon.colcon_core.package_identification:_identify(__MACOSX/relbot_sequence_controller) by extension 'ignore_ament_install'
[0.419s] Level 1:colcon.colcon_core.package_identification:_identify(__MACOSX/relbot_sequence_controller) by extensions ['colcon_pkg']
[0.419s] Level 1:colcon.colcon_core.package_identification:_identify(__MACOSX/relbot_sequence_controller) by extension 'colcon_pkg'
[0.419s] Level 1:colcon.colcon_core.package_identification:_identify(__MACOSX/relbot_sequence_controller) by extensions ['colcon_meta']
[0.419s] Level 1:colcon.colcon_core.package_identification:_identify(__MACOSX/relbot_sequence_controller) by extension 'colcon_meta'
[0.419s] Level 1:colcon.colcon_core.package_identification:_identify(__MACOSX/relbot_sequence_controller) by extensions ['ros']
[0.419s] Level 1:colcon.colcon_core.package_identification:_identify(__MACOSX/relbot_sequence_controller) by extension 'ros'
[0.420s] Level 1:colcon.colcon_core.package_identification:_identify(__MACOSX/relbot_sequence_controller) by extensions ['cmake', 'python']
[0.420s] Level 1:colcon.colcon_core.package_identification:_identify(__MACOSX/relbot_sequence_controller) by extension 'cmake'
[0.420s] Level 1:colcon.colcon_core.package_identification:_identify(__MACOSX/relbot_sequence_controller) by extension 'python'
[0.420s] Level 1:colcon.colcon_core.package_identification:_identify(__MACOSX/relbot_sequence_controller) by extensions ['python_setup_py']
[0.420s] Level 1:colcon.colcon_core.package_identification:_identify(__MACOSX/relbot_sequence_controller) by extension 'python_setup_py'
[0.420s] Level 1:colcon.colcon_core.package_identification:_identify(__MACOSX/relbot_sequence_controller/include) by extensions ['ignore', 'ignore_ament_install']
[0.420s] Level 1:colcon.colcon_core.package_identification:_identify(__MACOSX/relbot_sequence_controller/include) by extension 'ignore'
[0.420s] Level 1:colcon.colcon_core.package_identification:_identify(__MACOSX/relbot_sequence_controller/include) by extension 'ignore_ament_install'
[0.420s] Level 1:colcon.colcon_core.package_identification:_identify(__MACOSX/relbot_sequence_controller/include) by extensions ['colcon_pkg']
[0.420s] Level 1:colcon.colcon_core.package_identification:_identify(__MACOSX/relbot_sequence_controller/include) by extension 'colcon_pkg'
[0.420s] Level 1:colcon.colcon_core.package_identification:_identify(__MACOSX/relbot_sequence_controller/include) by extensions ['colcon_meta']
[0.420s] Level 1:colcon.colcon_core.package_identification:_identify(__MACOSX/relbot_sequence_controller/include) by extension 'colcon_meta'
[0.420s] Level 1:colcon.colcon_core.package_identification:_identify(__MACOSX/relbot_sequence_controller/include) by extensions ['ros']
[0.420s] Level 1:colcon.colcon_core.package_identification:_identify(__MACOSX/relbot_sequence_controller/include) by extension 'ros'
[0.420s] Level 1:colcon.colcon_core.package_identification:_identify(__MACOSX/relbot_sequence_controller/include) by extensions ['cmake', 'python']
[0.420s] Level 1:colcon.colcon_core.package_identification:_identify(__MACOSX/relbot_sequence_controller/include) by extension 'cmake'
[0.420s] Level 1:colcon.colcon_core.package_identification:_identify(__MACOSX/relbot_sequence_controller/include) by extension 'python'
[0.420s] Level 1:colcon.colcon_core.package_identification:_identify(__MACOSX/relbot_sequence_controller/include) by extensions ['python_setup_py']
[0.420s] Level 1:colcon.colcon_core.package_identification:_identify(__MACOSX/relbot_sequence_controller/include) by extension 'python_setup_py'
[0.420s] Level 1:colcon.colcon_core.package_identification:_identify(__MACOSX/relbot_simulator) by extensions ['ignore', 'ignore_ament_install']
[0.421s] Level 1:colcon.colcon_core.package_identification:_identify(__MACOSX/relbot_simulator) by extension 'ignore'
[0.421s] Level 1:colcon.colcon_core.package_identification:_identify(__MACOSX/relbot_simulator) by extension 'ignore_ament_install'
[0.421s] Level 1:colcon.colcon_core.package_identification:_identify(__MACOSX/relbot_simulator) by extensions ['colcon_pkg']
[0.421s] Level 1:colcon.colcon_core.package_identification:_identify(__MACOSX/relbot_simulator) by extension 'colcon_pkg'
[0.421s] Level 1:colcon.colcon_core.package_identification:_identify(__MACOSX/relbot_simulator) by extensions ['colcon_meta']
[0.421s] Level 1:colcon.colcon_core.package_identification:_identify(__MACOSX/relbot_simulator) by extension 'colcon_meta'
[0.421s] Level 1:colcon.colcon_core.package_identification:_identify(__MACOSX/relbot_simulator) by extensions ['ros']
[0.421s] Level 1:colcon.colcon_core.package_identification:_identify(__MACOSX/relbot_simulator) by extension 'ros'
[0.421s] Level 1:colcon.colcon_core.package_identification:_identify(__MACOSX/relbot_simulator) by extensions ['cmake', 'python']
[0.421s] Level 1:colcon.colcon_core.package_identification:_identify(__MACOSX/relbot_simulator) by extension 'cmake'
[0.421s] Level 1:colcon.colcon_core.package_identification:_identify(__MACOSX/relbot_simulator) by extension 'python'
[0.421s] Level 1:colcon.colcon_core.package_identification:_identify(__MACOSX/relbot_simulator) by extensions ['python_setup_py']
[0.421s] Level 1:colcon.colcon_core.package_identification:_identify(__MACOSX/relbot_simulator) by extension 'python_setup_py'
[0.421s] Level 1:colcon.colcon_core.package_identification:_identify(build) by extensions ['ignore', 'ignore_ament_install']
[0.421s] Level 1:colcon.colcon_core.package_identification:_identify(build) by extension 'ignore'
[0.421s] Level 1:colcon.colcon_core.package_identification:_identify(build) ignored
[0.422s] Level 1:colcon.colcon_core.package_identification:_identify(install) by extensions ['ignore', 'ignore_ament_install']
[0.422s] Level 1:colcon.colcon_core.package_identification:_identify(install) by extension 'ignore'
[0.422s] Level 1:colcon.colcon_core.package_identification:_identify(install) ignored
[0.422s] Level 1:colcon.colcon_core.package_identification:_identify(log) by extensions ['ignore', 'ignore_ament_install']
[0.422s] Level 1:colcon.colcon_core.package_identification:_identify(log) by extension 'ignore'
[0.422s] Level 1:colcon.colcon_core.package_identification:_identify(log) ignored
[0.422s] Level 1:colcon.colcon_core.package_identification:_identify(relbot2turtlesim) by extensions ['ignore', 'ignore_ament_install']
[0.422s] Level 1:colcon.colcon_core.package_identification:_identify(relbot2turtlesim) by extension 'ignore'
[0.422s] Level 1:colcon.colcon_core.package_identification:_identify(relbot2turtlesim) by extension 'ignore_ament_install'
[0.422s] Level 1:colcon.colcon_core.package_identification:_identify(relbot2turtlesim) by extensions ['colcon_pkg']
[0.422s] Level 1:colcon.colcon_core.package_identification:_identify(relbot2turtlesim) by extension 'colcon_pkg'
[0.422s] Level 1:colcon.colcon_core.package_identification:_identify(relbot2turtlesim) by extensions ['colcon_meta']
[0.422s] Level 1:colcon.colcon_core.package_identification:_identify(relbot2turtlesim) by extension 'colcon_meta'
[0.422s] Level 1:colcon.colcon_core.package_identification:_identify(relbot2turtlesim) by extensions ['ros']
[0.423s] Level 1:colcon.colcon_core.package_identification:_identify(relbot2turtlesim) by extension 'ros'
[0.425s] DEBUG:colcon.colcon_core.package_identification:Package 'relbot2turtlesim' with type 'ros.ament_cmake' and name 'relbot2turtlesim'
[0.425s] Level 1:colcon.colcon_core.package_identification:_identify(relbot_launch) by extensions ['ignore', 'ignore_ament_install']
[0.425s] Level 1:colcon.colcon_core.package_identification:_identify(relbot_launch) by extension 'ignore'
[0.425s] Level 1:colcon.colcon_core.package_identification:_identify(relbot_launch) by extension 'ignore_ament_install'
[0.425s] Level 1:colcon.colcon_core.package_identification:_identify(relbot_launch) by extensions ['colcon_pkg']
[0.425s] Level 1:colcon.colcon_core.package_identification:_identify(relbot_launch) by extension 'colcon_pkg'
[0.425s] Level 1:colcon.colcon_core.package_identification:_identify(relbot_launch) by extensions ['colcon_meta']
[0.426s] Level 1:colcon.colcon_core.package_identification:_identify(relbot_launch) by extension 'colcon_meta'
[0.426s] Level 1:colcon.colcon_core.package_identification:_identify(relbot_launch) by extensions ['ros']
[0.426s] Level 1:colcon.colcon_core.package_identification:_identify(relbot_launch) by extension 'ros'
[0.426s] DEBUG:colcon.colcon_core.package_identification:Package 'relbot_launch' with type 'ros.ament_cmake' and name 'relbot_launch'
[0.426s] Level 1:colcon.colcon_core.package_identification:_identify(relbot_sequence_controller) by extensions ['ignore', 'ignore_ament_install']
[0.426s] Level 1:colcon.colcon_core.package_identification:_identify(relbot_sequence_controller) by extension 'ignore'
[0.426s] Level 1:colcon.colcon_core.package_identification:_identify(relbot_sequence_controller) by extension 'ignore_ament_install'
[0.426s] Level 1:colcon.colcon_core.package_identification:_identify(relbot_sequence_controller) by extensions ['colcon_pkg']
[0.426s] Level 1:colcon.colcon_core.package_identification:_identify(relbot_sequence_controller) by extension 'colcon_pkg'
[0.427s] Level 1:colcon.colcon_core.package_identification:_identify(relbot_sequence_controller) by extensions ['colcon_meta']
[0.427s] Level 1:colcon.colcon_core.package_identification:_identify(relbot_sequence_controller) by extension 'colcon_meta'
[0.427s] Level 1:colcon.colcon_core.package_identification:_identify(relbot_sequence_controller) by extensions ['ros']
[0.427s] Level 1:colcon.colcon_core.package_identification:_identify(relbot_sequence_controller) by extension 'ros'
[0.427s] DEBUG:colcon.colcon_core.package_identification:Package 'relbot_sequence_controller' with type 'ros.ament_cmake' and name 'relbot_sequence_controller'
[0.427s] Level 1:colcon.colcon_core.package_identification:_identify(relbot_simulator) by extensions ['ignore', 'ignore_ament_install']
[0.427s] Level 1:colcon.colcon_core.package_identification:_identify(relbot_simulator) by extension 'ignore'
[0.428s] Level 1:colcon.colcon_core.package_identification:_identify(relbot_simulator) by extension 'ignore_ament_install'
[0.428s] Level 1:colcon.colcon_core.package_identification:_identify(relbot_simulator) by extensions ['colcon_pkg']
[0.428s] Level 1:colcon.colcon_core.package_identification:_identify(relbot_simulator) by extension 'colcon_pkg'
[0.428s] Level 1:colcon.colcon_core.package_identification:_identify(relbot_simulator) by extensions ['colcon_meta']
[0.428s] Level 1:colcon.colcon_core.package_identification:_identify(relbot_simulator) by extension 'colcon_meta'
[0.428s] Level 1:colcon.colcon_core.package_identification:_identify(relbot_simulator) by extensions ['ros']
[0.428s] Level 1:colcon.colcon_core.package_identification:_identify(relbot_simulator) by extension 'ros'
[0.429s] DEBUG:colcon.colcon_core.package_identification:Package 'relbot_simulator' with type 'ros.ament_cmake' and name 'relbot_simulator'
[0.429s] Level 1:colcon.colcon_core.package_discovery:discover_packages(recursive) using defaults
[0.429s] Level 1:colcon.colcon_core.package_discovery:discover_packages(ignore) discover
[0.429s] Level 1:colcon.colcon_core.package_discovery:discover_packages(ignore) using defaults
[0.429s] Level 1:colcon.colcon_core.package_discovery:discover_packages(path) discover
[0.429s] Level 1:colcon.colcon_core.package_discovery:discover_packages(path) using defaults
[0.459s] Level 1:colcon.colcon_core.package_discovery:discover_packages(prefix_path) check parameters
[0.459s] Level 1:colcon.colcon_core.package_discovery:discover_packages(prefix_path) discover
[0.462s] DEBUG:colcon.colcon_installed_package_information.package_discovery:Found 274 installed packages in /opt/ros/humble
[0.463s] Level 1:colcon.colcon_core.package_discovery:discover_packages(prefix_path) using defaults
[0.501s] Level 5:colcon.colcon_core.verb:set package 'relbot2turtlesim' build argument 'cmake_args' from command line to 'None'
[0.501s] Level 5:colcon.colcon_core.verb:set package 'relbot2turtlesim' build argument 'cmake_target' from command line to 'None'
[0.502s] Level 5:colcon.colcon_core.verb:set package 'relbot2turtlesim' build argument 'cmake_target_skip_unavailable' from command line to 'False'
[0.502s] Level 5:colcon.colcon_core.verb:set package 'relbot2turtlesim' build argument 'cmake_clean_cache' from command line to 'False'
[0.502s] Level 5:colcon.colcon_core.verb:set package 'relbot2turtlesim' build argument 'cmake_clean_first' from command line to 'False'
[0.502s] Level 5:colcon.colcon_core.verb:set package 'relbot2turtlesim' build argument 'cmake_force_configure' from command line to 'False'
[0.502s] Level 5:colcon.colcon_core.verb:set package 'relbot2turtlesim' build argument 'ament_cmake_args' from command line to 'None'
[0.502s] Level 5:colcon.colcon_core.verb:set package 'relbot2turtlesim' build argument 'catkin_cmake_args' from command line to 'None'
[0.502s] Level 5:colcon.colcon_core.verb:set package 'relbot2turtlesim' build argument 'catkin_skip_building_tests' from command line to 'False'
[0.502s] DEBUG:colcon.colcon_core.verb:Building package 'relbot2turtlesim' with the following arguments: {'ament_cmake_args': None, 'build_base': '/home/jordan/SDfR/assignment5/build/relbot2turtlesim', 'catkin_cmake_args': None, 'catkin_skip_building_tests': False, 'cmake_args': None, 'cmake_clean_cache': False, 'cmake_clean_first': False, 'cmake_force_configure': False, 'cmake_target': None, 'cmake_target_skip_unavailable': False, 'install_base': '/home/jordan/SDfR/assignment5/install/relbot2turtlesim', 'merge_install': False, 'path': '/home/jordan/SDfR/assignment5/relbot2turtlesim', 'symlink_install': False, 'test_result_base': None}
[0.502s] Level 5:colcon.colcon_core.verb:set package 'relbot_launch' build argument 'cmake_args' from command line to 'None'
[0.502s] Level 5:colcon.colcon_core.verb:set package 'relbot_launch' build argument 'cmake_target' from command line to 'None'
[0.502s] Level 5:colcon.colcon_core.verb:set package 'relbot_launch' build argument 'cmake_target_skip_unavailable' from command line to 'False'
[0.502s] Level 5:colcon.colcon_core.verb:set package 'relbot_launch' build argument 'cmake_clean_cache' from command line to 'False'
[0.502s] Level 5:colcon.colcon_core.verb:set package 'relbot_launch' build argument 'cmake_clean_first' from command line to 'False'
[0.502s] Level 5:colcon.colcon_core.verb:set package 'relbot_launch' build argument 'cmake_force_configure' from command line to 'False'
[0.502s] Level 5:colcon.colcon_core.verb:set package 'relbot_launch' build argument 'ament_cmake_args' from command line to 'None'
[0.502s] Level 5:colcon.colcon_core.verb:set package 'relbot_launch' build argument 'catkin_cmake_args' from command line to 'None'
[0.502s] Level 5:colcon.colcon_core.verb:set package 'relbot_launch' build argument 'catkin_skip_building_tests' from command line to 'False'
[0.502s] DEBUG:colcon.colcon_core.verb:Building package 'relbot_launch' with the following arguments: {'ament_cmake_args': None, 'build_base': '/home/jordan/SDfR/assignment5/build/relbot_launch', 'catkin_cmake_args': None, 'catkin_skip_building_tests': False, 'cmake_args': None, 'cmake_clean_cache': False, 'cmake_clean_first': False, 'cmake_force_configure': False, 'cmake_target': None, 'cmake_target_skip_unavailable': False, 'install_base': '/home/jordan/SDfR/assignment5/install/relbot_launch', 'merge_install': False, 'path': '/home/jordan/SDfR/assignment5/relbot_launch', 'symlink_install': False, 'test_result_base': None}
[0.503s] Level 5:colcon.colcon_core.verb:set package 'relbot_sequence_controller' build argument 'cmake_args' from command line to 'None'
[0.503s] Level 5:colcon.colcon_core.verb:set package 'relbot_sequence_controller' build argument 'cmake_target' from command line to 'None'
[0.503s] Level 5:colcon.colcon_core.verb:set package 'relbot_sequence_controller' build argument 'cmake_target_skip_unavailable' from command line to 'False'
[0.503s] Level 5:colcon.colcon_core.verb:set package 'relbot_sequence_controller' build argument 'cmake_clean_cache' from command line to 'False'
[0.503s] Level 5:colcon.colcon_core.verb:set package 'relbot_sequence_controller' build argument 'cmake_clean_first' from command line to 'False'
[0.503s] Level 5:colcon.colcon_core.verb:set package 'relbot_sequence_controller' build argument 'cmake_force_configure' from command line to 'False'
[0.503s] Level 5:colcon.colcon_core.verb:set package 'relbot_sequence_controller' build argument 'ament_cmake_args' from command line to 'None'
[0.503s] Level 5:colcon.colcon_core.verb:set package 'relbot_sequence_controller' build argument 'catkin_cmake_args' from command line to 'None'
[0.503s] Level 5:colcon.colcon_core.verb:set package 'relbot_sequence_controller' build argument 'catkin_skip_building_tests' from command line to 'False'
[0.503s] DEBUG:colcon.colcon_core.verb:Building package 'relbot_sequence_controller' with the following arguments: {'ament_cmake_args': None, 'build_base': '/home/jordan/SDfR/assignment5/build/relbot_sequence_controller', 'catkin_cmake_args': None, 'catkin_skip_building_tests': False, 'cmake_args': None, 'cmake_clean_cache': False, 'cmake_clean_first': False, 'cmake_force_configure': False, 'cmake_target': None, 'cmake_target_skip_unavailable': False, 'install_base': '/home/jordan/SDfR/assignment5/install/relbot_sequence_controller', 'merge_install': False, 'path': '/home/jordan/SDfR/assignment5/relbot_sequence_controller', 'symlink_install': False, 'test_result_base': None}
[0.503s] Level 5:colcon.colcon_core.verb:set package 'relbot_simulator' build argument 'cmake_args' from command line to 'None'
[0.503s] Level 5:colcon.colcon_core.verb:set package 'relbot_simulator' build argument 'cmake_target' from command line to 'None'
[0.503s] Level 5:colcon.colcon_core.verb:set package 'relbot_simulator' build argument 'cmake_target_skip_unavailable' from command line to 'False'
[0.503s] Level 5:colcon.colcon_core.verb:set package 'relbot_simulator' build argument 'cmake_clean_cache' from command line to 'False'
[0.504s] Level 5:colcon.colcon_core.verb:set package 'relbot_simulator' build argument 'cmake_clean_first' from command line to 'False'
[0.504s] Level 5:colcon.colcon_core.verb:set package 'relbot_simulator' build argument 'cmake_force_configure' from command line to 'False'
[0.504s] Level 5:colcon.colcon_core.verb:set package 'relbot_simulator' build argument 'ament_cmake_args' from command line to 'None'
[0.504s] Level 5:colcon.colcon_core.verb:set package 'relbot_simulator' build argument 'catkin_cmake_args' from command line to 'None'
[0.504s] Level 5:colcon.colcon_core.verb:set package 'relbot_simulator' build argument 'catkin_skip_building_tests' from command line to 'False'
[0.504s] DEBUG:colcon.colcon_core.verb:Building package 'relbot_simulator' with the following arguments: {'ament_cmake_args': None, 'build_base': '/home/jordan/SDfR/assignment5/build/relbot_simulator', 'catkin_cmake_args': None, 'catkin_skip_building_tests': False, 'cmake_args': None, 'cmake_clean_cache': False, 'cmake_clean_first': False, 'cmake_force_configure': False, 'cmake_target': None, 'cmake_target_skip_unavailable': False, 'install_base': '/home/jordan/SDfR/assignment5/install/relbot_simulator', 'merge_install': False, 'path': '/home/jordan/SDfR/assignment5/relbot_simulator', 'symlink_install': False, 'test_result_base': None}
[0.504s] INFO:colcon.colcon_core.executor:Executing jobs using 'parallel' executor
[0.505s] DEBUG:colcon.colcon_parallel_executor.executor.parallel:run_until_complete
[0.505s] INFO:colcon.colcon_ros.task.ament_cmake.build:Building ROS package in '/home/jordan/SDfR/assignment5/relbot2turtlesim' with build type 'ament_cmake'
[0.506s] INFO:colcon.colcon_cmake.task.cmake.build:Building CMake package in '/home/jordan/SDfR/assignment5/relbot2turtlesim'
[0.508s] INFO:colcon.colcon_core.plugin_system:Skipping extension 'colcon_core.shell.bat': Not used on non-Windows systems
[0.508s] INFO:colcon.colcon_core.shell:Skip shell extension 'powershell' for command environment: Not usable outside of PowerShell
[0.508s] DEBUG:colcon.colcon_core.shell:Skip shell extension 'dsv' for command environment
[0.512s] INFO:colcon.colcon_ros.task.ament_cmake.build:Building ROS package in '/home/jordan/SDfR/assignment5/relbot_launch' with build type 'ament_cmake'
[0.512s] INFO:colcon.colcon_cmake.task.cmake.build:Building CMake package in '/home/jordan/SDfR/assignment5/relbot_launch'
[0.512s] INFO:colcon.colcon_core.shell:Skip shell extension 'powershell' for command environment: Not usable outside of PowerShell
[0.512s] DEBUG:colcon.colcon_core.shell:Skip shell extension 'dsv' for command environment
[0.515s] INFO:colcon.colcon_ros.task.ament_cmake.build:Building ROS package in '/home/jordan/SDfR/assignment5/relbot_sequence_controller' with build type 'ament_cmake'
[0.516s] INFO:colcon.colcon_cmake.task.cmake.build:Building CMake package in '/home/jordan/SDfR/assignment5/relbot_sequence_controller'
[0.516s] INFO:colcon.colcon_core.shell:Skip shell extension 'powershell' for command environment: Not usable outside of PowerShell
[0.516s] DEBUG:colcon.colcon_core.shell:Skip shell extension 'dsv' for command environment
[0.519s] INFO:colcon.colcon_ros.task.ament_cmake.build:Building ROS package in '/home/jordan/SDfR/assignment5/relbot_simulator' with build type 'ament_cmake'
[0.519s] INFO:colcon.colcon_cmake.task.cmake.build:Building CMake package in '/home/jordan/SDfR/assignment5/relbot_simulator'
[0.520s] INFO:colcon.colcon_core.shell:Skip shell extension 'powershell' for command environment: Not usable outside of PowerShell
[0.520s] DEBUG:colcon.colcon_core.shell:Skip shell extension 'dsv' for command environment
[0.531s] DEBUG:colcon.colcon_core.event_handler.log_command:Invoking command in '/home/jordan/SDfR/assignment5/build/relbot2turtlesim': CMAKE_PREFIX_PATH=/opt/ros/humble /usr/bin/cmake --build /home/jordan/SDfR/assignment5/build/relbot2turtlesim -- -j16 -l16
[0.536s] DEBUG:colcon.colcon_core.event_handler.log_command:Invoking command in '/home/jordan/SDfR/assignment5/build/relbot_launch': CMAKE_PREFIX_PATH=/opt/ros/humble /usr/bin/cmake --build /home/jordan/SDfR/assignment5/build/relbot_launch -- -j16 -l16
[0.542s] DEBUG:colcon.colcon_core.event_handler.log_command:Invoking command in '/home/jordan/SDfR/assignment5/build/relbot_sequence_controller': CMAKE_PREFIX_PATH=/opt/ros/humble /usr/bin/cmake --build /home/jordan/SDfR/assignment5/build/relbot_sequence_controller -- -j16 -l16
[0.546s] DEBUG:colcon.colcon_core.event_handler.log_command:Invoking command in '/home/jordan/SDfR/assignment5/build/relbot_simulator': CMAKE_PREFIX_PATH=/opt/ros/humble /usr/bin/cmake --build /home/jordan/SDfR/assignment5/build/relbot_simulator -- -j16 -l16
[0.587s] DEBUG:colcon.colcon_core.event_handler.log_command:Invoked command in '/home/jordan/SDfR/assignment5/build/relbot_launch' returned '0': CMAKE_PREFIX_PATH=/opt/ros/humble /usr/bin/cmake --build /home/jordan/SDfR/assignment5/build/relbot_launch -- -j16 -l16
[0.604s] DEBUG:colcon.colcon_core.event_handler.log_command:Invoking command in '/home/jordan/SDfR/assignment5/build/relbot_launch': CMAKE_PREFIX_PATH=/opt/ros/humble /usr/bin/cmake --install /home/jordan/SDfR/assignment5/build/relbot_launch
[0.618s] Level 1:colcon.colcon_core.environment:create_environment_scripts_only(relbot_launch)
[0.618s] DEBUG:colcon.colcon_core.event_handler.log_command:Invoked command in '/home/jordan/SDfR/assignment5/build/relbot_launch' returned '0': CMAKE_PREFIX_PATH=/opt/ros/humble /usr/bin/cmake --install /home/jordan/SDfR/assignment5/build/relbot_launch
[0.622s] Level 1:colcon.colcon_core.environment:checking '/home/jordan/SDfR/assignment5/install/relbot_launch' for CMake module files
[0.623s] Level 1:colcon.colcon_core.environment:checking '/home/jordan/SDfR/assignment5/install/relbot_launch' for CMake config files
[0.623s] Level 1:colcon.colcon_core.shell:create_environment_hook('relbot_launch', 'cmake_prefix_path')
[0.623s] INFO:colcon.colcon_core.shell:Creating environment hook '/home/jordan/SDfR/assignment5/install/relbot_launch/share/relbot_launch/hook/cmake_prefix_path.ps1'
[0.624s] INFO:colcon.colcon_core.shell:Creating environment descriptor '/home/jordan/SDfR/assignment5/install/relbot_launch/share/relbot_launch/hook/cmake_prefix_path.dsv'
[0.625s] INFO:colcon.colcon_core.shell:Creating environment hook '/home/jordan/SDfR/assignment5/install/relbot_launch/share/relbot_launch/hook/cmake_prefix_path.sh'
[0.626s] Level 1:colcon.colcon_core.environment:checking '/home/jordan/SDfR/assignment5/install/relbot_launch/bin'
[0.626s] Level 1:colcon.colcon_core.environment:checking '/home/jordan/SDfR/assignment5/install/relbot_launch/lib/pkgconfig/relbot_launch.pc'
[0.626s] Level 1:colcon.colcon_core.environment:checking '/home/jordan/SDfR/assignment5/install/relbot_launch/lib/python3.10/site-packages'
[0.627s] Level 1:colcon.colcon_core.environment:checking '/home/jordan/SDfR/assignment5/install/relbot_launch/bin'
[0.627s] INFO:colcon.colcon_core.shell:Creating package script '/home/jordan/SDfR/assignment5/install/relbot_launch/share/relbot_launch/package.ps1'
[0.629s] INFO:colcon.colcon_core.shell:Creating package descriptor '/home/jordan/SDfR/assignment5/install/relbot_launch/share/relbot_launch/package.dsv'
[0.630s] INFO:colcon.colcon_core.shell:Creating package script '/home/jordan/SDfR/assignment5/install/relbot_launch/share/relbot_launch/package.sh'
[0.630s] INFO:colcon.colcon_core.shell:Creating package script '/home/jordan/SDfR/assignment5/install/relbot_launch/share/relbot_launch/package.bash'
[0.632s] INFO:colcon.colcon_core.shell:Creating package script '/home/jordan/SDfR/assignment5/install/relbot_launch/share/relbot_launch/package.zsh'
[0.632s] Level 1:colcon.colcon_core.environment:create_file_with_runtime_dependencies(/home/jordan/SDfR/assignment5/install/relbot_launch/share/colcon-core/packages/relbot_launch)
[0.633s] Level 1:colcon.colcon_core.environment:create_environment_scripts_only(relbot_launch)
[0.633s] Level 1:colcon.colcon_core.environment:checking '/home/jordan/SDfR/assignment5/install/relbot_launch' for CMake module files
[0.634s] Level 1:colcon.colcon_core.environment:checking '/home/jordan/SDfR/assignment5/install/relbot_launch' for CMake config files
[0.634s] Level 1:colcon.colcon_core.shell:create_environment_hook('relbot_launch', 'cmake_prefix_path')
[0.634s] INFO:colcon.colcon_core.shell:Creating environment hook '/home/jordan/SDfR/assignment5/install/relbot_launch/share/relbot_launch/hook/cmake_prefix_path.ps1'
[0.635s] INFO:colcon.colcon_core.shell:Creating environment descriptor '/home/jordan/SDfR/assignment5/install/relbot_launch/share/relbot_launch/hook/cmake_prefix_path.dsv'
[0.635s] INFO:colcon.colcon_core.shell:Creating environment hook '/home/jordan/SDfR/assignment5/install/relbot_launch/share/relbot_launch/hook/cmake_prefix_path.sh'
[0.636s] Level 1:colcon.colcon_core.environment:checking '/home/jordan/SDfR/assignment5/install/relbot_launch/bin'
[0.636s] Level 1:colcon.colcon_core.environment:checking '/home/jordan/SDfR/assignment5/install/relbot_launch/lib/pkgconfig/relbot_launch.pc'
[0.636s] Level 1:colcon.colcon_core.environment:checking '/home/jordan/SDfR/assignment5/install/relbot_launch/lib/python3.10/site-packages'
[0.636s] Level 1:colcon.colcon_core.environment:checking '/home/jordan/SDfR/assignment5/install/relbot_launch/bin'
[0.637s] INFO:colcon.colcon_core.shell:Creating package script '/home/jordan/SDfR/assignment5/install/relbot_launch/share/relbot_launch/package.ps1'
[0.637s] INFO:colcon.colcon_core.shell:Creating package descriptor '/home/jordan/SDfR/assignment5/install/relbot_launch/share/relbot_launch/package.dsv'
[0.638s] INFO:colcon.colcon_core.shell:Creating package script '/home/jordan/SDfR/assignment5/install/relbot_launch/share/relbot_launch/package.sh'
[0.638s] INFO:colcon.colcon_core.shell:Creating package script '/home/jordan/SDfR/assignment5/install/relbot_launch/share/relbot_launch/package.bash'
[0.639s] INFO:colcon.colcon_core.shell:Creating package script '/home/jordan/SDfR/assignment5/install/relbot_launch/share/relbot_launch/package.zsh'
[0.639s] Level 1:colcon.colcon_core.environment:create_file_with_runtime_dependencies(/home/jordan/SDfR/assignment5/install/relbot_launch/share/colcon-core/packages/relbot_launch)
[0.641s] DEBUG:colcon.colcon_core.event_handler.log_command:Invoked command in '/home/jordan/SDfR/assignment5/build/relbot2turtlesim' returned '0': CMAKE_PREFIX_PATH=/opt/ros/humble /usr/bin/cmake --build /home/jordan/SDfR/assignment5/build/relbot2turtlesim -- -j16 -l16
[0.644s] DEBUG:colcon.colcon_core.event_handler.log_command:Invoking command in '/home/jordan/SDfR/assignment5/build/relbot2turtlesim': CMAKE_PREFIX_PATH=/opt/ros/humble /usr/bin/cmake --install /home/jordan/SDfR/assignment5/build/relbot2turtlesim
[0.646s] DEBUG:colcon.colcon_core.event_handler.log_command:Invoked command in '/home/jordan/SDfR/assignment5/build/relbot_simulator' returned '0': CMAKE_PREFIX_PATH=/opt/ros/humble /usr/bin/cmake --build /home/jordan/SDfR/assignment5/build/relbot_simulator -- -j16 -l16
[0.648s] DEBUG:colcon.colcon_core.event_handler.log_command:Invoking command in '/home/jordan/SDfR/assignment5/build/relbot_simulator': CMAKE_PREFIX_PATH=/opt/ros/humble /usr/bin/cmake --install /home/jordan/SDfR/assignment5/build/relbot_simulator
[0.660s] Level 1:colcon.colcon_core.environment:create_environment_scripts_only(relbot2turtlesim)
[0.661s] Level 1:colcon.colcon_core.environment:checking '/home/jordan/SDfR/assignment5/install/relbot2turtlesim' for CMake module files
[0.662s] DEBUG:colcon.colcon_core.event_handler.log_command:Invoked command in '/home/jordan/SDfR/assignment5/build/relbot2turtlesim' returned '0': CMAKE_PREFIX_PATH=/opt/ros/humble /usr/bin/cmake --install /home/jordan/SDfR/assignment5/build/relbot2turtlesim
[0.667s] Level 1:colcon.colcon_core.environment:checking '/home/jordan/SDfR/assignment5/install/relbot2turtlesim' for CMake config files
[0.667s] Level 1:colcon.colcon_core.shell:create_environment_hook('relbot2turtlesim', 'cmake_prefix_path')
[0.667s] INFO:colcon.colcon_core.shell:Creating environment hook '/home/jordan/SDfR/assignment5/install/relbot2turtlesim/share/relbot2turtlesim/hook/cmake_prefix_path.ps1'
[0.668s] INFO:colcon.colcon_core.shell:Creating environment descriptor '/home/jordan/SDfR/assignment5/install/relbot2turtlesim/share/relbot2turtlesim/hook/cmake_prefix_path.dsv'
[0.668s] INFO:colcon.colcon_core.shell:Creating environment hook '/home/jordan/SDfR/assignment5/install/relbot2turtlesim/share/relbot2turtlesim/hook/cmake_prefix_path.sh'
[0.669s] Level 1:colcon.colcon_core.environment:checking '/home/jordan/SDfR/assignment5/install/relbot2turtlesim/lib'
[0.669s] Level 1:colcon.colcon_core.environment:checking '/home/jordan/SDfR/assignment5/install/relbot2turtlesim/bin'
[0.669s] Level 1:colcon.colcon_core.environment:checking '/home/jordan/SDfR/assignment5/install/relbot2turtlesim/lib/pkgconfig/relbot2turtlesim.pc'
[0.669s] Level 1:colcon.colcon_core.environment:checking '/home/jordan/SDfR/assignment5/install/relbot2turtlesim/lib/python3.10/site-packages'
[0.670s] Level 1:colcon.colcon_core.environment:checking '/home/jordan/SDfR/assignment5/install/relbot2turtlesim/bin'
[0.670s] INFO:colcon.colcon_core.shell:Creating package script '/home/jordan/SDfR/assignment5/install/relbot2turtlesim/share/relbot2turtlesim/package.ps1'
[0.671s] INFO:colcon.colcon_core.shell:Creating package descriptor '/home/jordan/SDfR/assignment5/install/relbot2turtlesim/share/relbot2turtlesim/package.dsv'
[0.671s] INFO:colcon.colcon_core.shell:Creating package script '/home/jordan/SDfR/assignment5/install/relbot2turtlesim/share/relbot2turtlesim/package.sh'
[0.672s] INFO:colcon.colcon_core.shell:Creating package script '/home/jordan/SDfR/assignment5/install/relbot2turtlesim/share/relbot2turtlesim/package.bash'
[0.672s] INFO:colcon.colcon_core.shell:Creating package script '/home/jordan/SDfR/assignment5/install/relbot2turtlesim/share/relbot2turtlesim/package.zsh'
[0.672s] Level 1:colcon.colcon_core.environment:create_file_with_runtime_dependencies(/home/jordan/SDfR/assignment5/install/relbot2turtlesim/share/colcon-core/packages/relbot2turtlesim)
[0.673s] Level 1:colcon.colcon_core.environment:create_environment_scripts_only(relbot2turtlesim)
[0.673s] Level 1:colcon.colcon_core.environment:checking '/home/jordan/SDfR/assignment5/install/relbot2turtlesim' for CMake module files
[0.674s] Level 1:colcon.colcon_core.environment:checking '/home/jordan/SDfR/assignment5/install/relbot2turtlesim' for CMake config files
[0.674s] Level 1:colcon.colcon_core.shell:create_environment_hook('relbot2turtlesim', 'cmake_prefix_path')
[0.674s] INFO:colcon.colcon_core.shell:Creating environment hook '/home/jordan/SDfR/assignment5/install/relbot2turtlesim/share/relbot2turtlesim/hook/cmake_prefix_path.ps1'
[0.675s] INFO:colcon.colcon_core.shell:Creating environment descriptor '/home/jordan/SDfR/assignment5/install/relbot2turtlesim/share/relbot2turtlesim/hook/cmake_prefix_path.dsv'
[0.675s] INFO:colcon.colcon_core.shell:Creating environment hook '/home/jordan/SDfR/assignment5/install/relbot2turtlesim/share/relbot2turtlesim/hook/cmake_prefix_path.sh'
[0.676s] Level 1:colcon.colcon_core.environment:checking '/home/jordan/SDfR/assignment5/install/relbot2turtlesim/lib'
[0.676s] Level 1:colcon.colcon_core.environment:checking '/home/jordan/SDfR/assignment5/install/relbot2turtlesim/bin'
[0.676s] Level 1:colcon.colcon_core.environment:checking '/home/jordan/SDfR/assignment5/install/relbot2turtlesim/lib/pkgconfig/relbot2turtlesim.pc'
[0.677s] Level 1:colcon.colcon_core.environment:checking '/home/jordan/SDfR/assignment5/install/relbot2turtlesim/lib/python3.10/site-packages'
[0.677s] Level 1:colcon.colcon_core.environment:checking '/home/jordan/SDfR/assignment5/install/relbot2turtlesim/bin'
[0.677s] INFO:colcon.colcon_core.shell:Creating package script '/home/jordan/SDfR/assignment5/install/relbot2turtlesim/share/relbot2turtlesim/package.ps1'
[0.678s] INFO:colcon.colcon_core.shell:Creating package descriptor '/home/jordan/SDfR/assignment5/install/relbot2turtlesim/share/relbot2turtlesim/package.dsv'
[0.678s] INFO:colcon.colcon_core.shell:Creating package script '/home/jordan/SDfR/assignment5/install/relbot2turtlesim/share/relbot2turtlesim/package.sh'
[0.679s] INFO:colcon.colcon_core.shell:Creating package script '/home/jordan/SDfR/assignment5/install/relbot2turtlesim/share/relbot2turtlesim/package.bash'
[0.680s] INFO:colcon.colcon_core.shell:Creating package script '/home/jordan/SDfR/assignment5/install/relbot2turtlesim/share/relbot2turtlesim/package.zsh'
[0.680s] Level 1:colcon.colcon_core.environment:create_file_with_runtime_dependencies(/home/jordan/SDfR/assignment5/install/relbot2turtlesim/share/colcon-core/packages/relbot2turtlesim)
[0.682s] Level 1:colcon.colcon_core.environment:create_environment_scripts_only(relbot_simulator)
[0.682s] Level 1:colcon.colcon_core.environment:checking '/home/jordan/SDfR/assignment5/install/relbot_simulator' for CMake module files
[0.683s] DEBUG:colcon.colcon_core.event_handler.log_command:Invoked command in '/home/jordan/SDfR/assignment5/build/relbot_simulator' returned '0': CMAKE_PREFIX_PATH=/opt/ros/humble /usr/bin/cmake --install /home/jordan/SDfR/assignment5/build/relbot_simulator
[0.683s] Level 1:colcon.colcon_core.environment:checking '/home/jordan/SDfR/assignment5/install/relbot_simulator' for CMake config files
[0.683s] Level 1:colcon.colcon_core.shell:create_environment_hook('relbot_simulator', 'cmake_prefix_path')
[0.683s] INFO:colcon.colcon_core.shell:Creating environment hook '/home/jordan/SDfR/assignment5/install/relbot_simulator/share/relbot_simulator/hook/cmake_prefix_path.ps1'
[0.684s] INFO:colcon.colcon_core.shell:Creating environment descriptor '/home/jordan/SDfR/assignment5/install/relbot_simulator/share/relbot_simulator/hook/cmake_prefix_path.dsv'
[0.684s] INFO:colcon.colcon_core.shell:Creating environment hook '/home/jordan/SDfR/assignment5/install/relbot_simulator/share/relbot_simulator/hook/cmake_prefix_path.sh'
[0.685s] Level 1:colcon.colcon_core.environment:checking '/home/jordan/SDfR/assignment5/install/relbot_simulator/lib'
[0.685s] Level 1:colcon.colcon_core.environment:checking '/home/jordan/SDfR/assignment5/install/relbot_simulator/bin'
[0.685s] Level 1:colcon.colcon_core.environment:checking '/home/jordan/SDfR/assignment5/install/relbot_simulator/lib/pkgconfig/relbot_simulator.pc'
[0.685s] Level 1:colcon.colcon_core.environment:checking '/home/jordan/SDfR/assignment5/install/relbot_simulator/lib/python3.10/site-packages'
[0.686s] Level 1:colcon.colcon_core.environment:checking '/home/jordan/SDfR/assignment5/install/relbot_simulator/bin'
[0.686s] INFO:colcon.colcon_core.shell:Creating package script '/home/jordan/SDfR/assignment5/install/relbot_simulator/share/relbot_simulator/package.ps1'
[0.687s] INFO:colcon.colcon_core.shell:Creating package descriptor '/home/jordan/SDfR/assignment5/install/relbot_simulator/share/relbot_simulator/package.dsv'
[0.687s] INFO:colcon.colcon_core.shell:Creating package script '/home/jordan/SDfR/assignment5/install/relbot_simulator/share/relbot_simulator/package.sh'
[0.688s] INFO:colcon.colcon_core.shell:Creating package script '/home/jordan/SDfR/assignment5/install/relbot_simulator/share/relbot_simulator/package.bash'
[0.688s] INFO:colcon.colcon_core.shell:Creating package script '/home/jordan/SDfR/assignment5/install/relbot_simulator/share/relbot_simulator/package.zsh'
[0.689s] Level 1:colcon.colcon_core.environment:create_file_with_runtime_dependencies(/home/jordan/SDfR/assignment5/install/relbot_simulator/share/colcon-core/packages/relbot_simulator)
[0.689s] Level 1:colcon.colcon_core.environment:create_environment_scripts_only(relbot_simulator)
[0.690s] Level 1:colcon.colcon_core.environment:checking '/home/jordan/SDfR/assignment5/install/relbot_simulator' for CMake module files
[0.690s] Level 1:colcon.colcon_core.environment:checking '/home/jordan/SDfR/assignment5/install/relbot_simulator' for CMake config files
[0.690s] Level 1:colcon.colcon_core.shell:create_environment_hook('relbot_simulator', 'cmake_prefix_path')
[0.691s] INFO:colcon.colcon_core.shell:Creating environment hook '/home/jordan/SDfR/assignment5/install/relbot_simulator/share/relbot_simulator/hook/cmake_prefix_path.ps1'
[0.691s] INFO:colcon.colcon_core.shell:Creating environment descriptor '/home/jordan/SDfR/assignment5/install/relbot_simulator/share/relbot_simulator/hook/cmake_prefix_path.dsv'
[0.692s] INFO:colcon.colcon_core.shell:Creating environment hook '/home/jordan/SDfR/assignment5/install/relbot_simulator/share/relbot_simulator/hook/cmake_prefix_path.sh'
[0.692s] Level 1:colcon.colcon_core.environment:checking '/home/jordan/SDfR/assignment5/install/relbot_simulator/lib'
[0.692s] Level 1:colcon.colcon_core.environment:checking '/home/jordan/SDfR/assignment5/install/relbot_simulator/bin'
[0.692s] Level 1:colcon.colcon_core.environment:checking '/home/jordan/SDfR/assignment5/install/relbot_simulator/lib/pkgconfig/relbot_simulator.pc'
[0.693s] Level 1:colcon.colcon_core.environment:checking '/home/jordan/SDfR/assignment5/install/relbot_simulator/lib/python3.10/site-packages'
[0.693s] Level 1:colcon.colcon_core.environment:checking '/home/jordan/SDfR/assignment5/install/relbot_simulator/bin'
[0.693s] INFO:colcon.colcon_core.shell:Creating package script '/home/jordan/SDfR/assignment5/install/relbot_simulator/share/relbot_simulator/package.ps1'
[0.694s] INFO:colcon.colcon_core.shell:Creating package descriptor '/home/jordan/SDfR/assignment5/install/relbot_simulator/share/relbot_simulator/package.dsv'
[0.694s] INFO:colcon.colcon_core.shell:Creating package script '/home/jordan/SDfR/assignment5/install/relbot_simulator/share/relbot_simulator/package.sh'
[0.695s] INFO:colcon.colcon_core.shell:Creating package script '/home/jordan/SDfR/assignment5/install/relbot_simulator/share/relbot_simulator/package.bash'
[0.696s] INFO:colcon.colcon_core.shell:Creating package script '/home/jordan/SDfR/assignment5/install/relbot_simulator/share/relbot_simulator/package.zsh'
[0.696s] Level 1:colcon.colcon_core.environment:create_file_with_runtime_dependencies(/home/jordan/SDfR/assignment5/install/relbot_simulator/share/colcon-core/packages/relbot_simulator)
[13.125s] DEBUG:colcon.colcon_core.event_handler.log_command:Invoked command in '/home/jordan/SDfR/assignment5/build/relbot_sequence_controller' returned '0': CMAKE_PREFIX_PATH=/opt/ros/humble /usr/bin/cmake --build /home/jordan/SDfR/assignment5/build/relbot_sequence_controller -- -j16 -l16
[13.127s] DEBUG:colcon.colcon_core.event_handler.log_command:Invoking command in '/home/jordan/SDfR/assignment5/build/relbot_sequence_controller': CMAKE_PREFIX_PATH=/opt/ros/humble /usr/bin/cmake --install /home/jordan/SDfR/assignment5/build/relbot_sequence_controller
[13.148s] Level 1:colcon.colcon_core.environment:create_environment_scripts_only(relbot_sequence_controller)
[13.149s] Level 1:colcon.colcon_core.environment:checking '/home/jordan/SDfR/assignment5/install/relbot_sequence_controller' for CMake module files
[13.149s] DEBUG:colcon.colcon_core.event_handler.log_command:Invoked command in '/home/jordan/SDfR/assignment5/build/relbot_sequence_controller' returned '0': CMAKE_PREFIX_PATH=/opt/ros/humble /usr/bin/cmake --install /home/jordan/SDfR/assignment5/build/relbot_sequence_controller
[13.150s] Level 1:colcon.colcon_core.environment:checking '/home/jordan/SDfR/assignment5/install/relbot_sequence_controller' for CMake config files
[13.150s] Level 1:colcon.colcon_core.shell:create_environment_hook('relbot_sequence_controller', 'cmake_prefix_path')
[13.150s] INFO:colcon.colcon_core.shell:Creating environment hook '/home/jordan/SDfR/assignment5/install/relbot_sequence_controller/share/relbot_sequence_controller/hook/cmake_prefix_path.ps1'
[13.151s] INFO:colcon.colcon_core.shell:Creating environment descriptor '/home/jordan/SDfR/assignment5/install/relbot_sequence_controller/share/relbot_sequence_controller/hook/cmake_prefix_path.dsv'
[13.151s] INFO:colcon.colcon_core.shell:Creating environment hook '/home/jordan/SDfR/assignment5/install/relbot_sequence_controller/share/relbot_sequence_controller/hook/cmake_prefix_path.sh'
[13.152s] Level 1:colcon.colcon_core.environment:checking '/home/jordan/SDfR/assignment5/install/relbot_sequence_controller/lib'
[13.152s] Level 1:colcon.colcon_core.environment:checking '/home/jordan/SDfR/assignment5/install/relbot_sequence_controller/bin'
[13.152s] Level 1:colcon.colcon_core.environment:checking '/home/jordan/SDfR/assignment5/install/relbot_sequence_controller/lib/pkgconfig/relbot_sequence_controller.pc'
[13.152s] Level 1:colcon.colcon_core.environment:checking '/home/jordan/SDfR/assignment5/install/relbot_sequence_controller/lib/python3.10/site-packages'
[13.153s] Level 1:colcon.colcon_core.environment:checking '/home/jordan/SDfR/assignment5/install/relbot_sequence_controller/bin'
[13.153s] INFO:colcon.colcon_core.shell:Creating package script '/home/jordan/SDfR/assignment5/install/relbot_sequence_controller/share/relbot_sequence_controller/package.ps1'
[13.153s] INFO:colcon.colcon_core.shell:Creating package descriptor '/home/jordan/SDfR/assignment5/install/relbot_sequence_controller/share/relbot_sequence_controller/package.dsv'
[13.154s] INFO:colcon.colcon_core.shell:Creating package script '/home/jordan/SDfR/assignment5/install/relbot_sequence_controller/share/relbot_sequence_controller/package.sh'
[13.154s] INFO:colcon.colcon_core.shell:Creating package script '/home/jordan/SDfR/assignment5/install/relbot_sequence_controller/share/relbot_sequence_controller/package.bash'
[13.155s] INFO:colcon.colcon_core.shell:Creating package script '/home/jordan/SDfR/assignment5/install/relbot_sequence_controller/share/relbot_sequence_controller/package.zsh'
[13.155s] Level 1:colcon.colcon_core.environment:create_file_with_runtime_dependencies(/home/jordan/SDfR/assignment5/install/relbot_sequence_controller/share/colcon-core/packages/relbot_sequence_controller)
[13.156s] Level 1:colcon.colcon_core.environment:create_environment_scripts_only(relbot_sequence_controller)
[13.156s] Level 1:colcon.colcon_core.environment:checking '/home/jordan/SDfR/assignment5/install/relbot_sequence_controller' for CMake module files
[13.156s] Level 1:colcon.colcon_core.environment:checking '/home/jordan/SDfR/assignment5/install/relbot_sequence_controller' for CMake config files
[13.157s] Level 1:colcon.colcon_core.shell:create_environment_hook('relbot_sequence_controller', 'cmake_prefix_path')
[13.157s] INFO:colcon.colcon_core.shell:Creating environment hook '/home/jordan/SDfR/assignment5/install/relbot_sequence_controller/share/relbot_sequence_controller/hook/cmake_prefix_path.ps1'
[13.157s] INFO:colcon.colcon_core.shell:Creating environment descriptor '/home/jordan/SDfR/assignment5/install/relbot_sequence_controller/share/relbot_sequence_controller/hook/cmake_prefix_path.dsv'
[13.158s] INFO:colcon.colcon_core.shell:Creating environment hook '/home/jordan/SDfR/assignment5/install/relbot_sequence_controller/share/relbot_sequence_controller/hook/cmake_prefix_path.sh'
[13.158s] Level 1:colcon.colcon_core.environment:checking '/home/jordan/SDfR/assignment5/install/relbot_sequence_controller/lib'
[13.159s] Level 1:colcon.colcon_core.environment:checking '/home/jordan/SDfR/assignment5/install/relbot_sequence_controller/bin'
[13.159s] Level 1:colcon.colcon_core.environment:checking '/home/jordan/SDfR/assignment5/install/relbot_sequence_controller/lib/pkgconfig/relbot_sequence_controller.pc'
[13.159s] Level 1:colcon.colcon_core.environment:checking '/home/jordan/SDfR/assignment5/install/relbot_sequence_controller/lib/python3.10/site-packages'
[13.159s] Level 1:colcon.colcon_core.environment:checking '/home/jordan/SDfR/assignment5/install/relbot_sequence_controller/bin'
[13.159s] INFO:colcon.colcon_core.shell:Creating package script '/home/jordan/SDfR/assignment5/install/relbot_sequence_controller/share/relbot_sequence_controller/package.ps1'
[13.160s] INFO:colcon.colcon_core.shell:Creating package descriptor '/home/jordan/SDfR/assignment5/install/relbot_sequence_controller/share/relbot_sequence_controller/package.dsv'
[13.160s] INFO:colcon.colcon_core.shell:Creating package script '/home/jordan/SDfR/assignment5/install/relbot_sequence_controller/share/relbot_sequence_controller/package.sh'
[13.161s] INFO:colcon.colcon_core.shell:Creating package script '/home/jordan/SDfR/assignment5/install/relbot_sequence_controller/share/relbot_sequence_controller/package.bash'
[13.161s] INFO:colcon.colcon_core.shell:Creating package script '/home/jordan/SDfR/assignment5/install/relbot_sequence_controller/share/relbot_sequence_controller/package.zsh'
[13.162s] Level 1:colcon.colcon_core.environment:create_file_with_runtime_dependencies(/home/jordan/SDfR/assignment5/install/relbot_sequence_controller/share/colcon-core/packages/relbot_sequence_controller)
[13.162s] DEBUG:colcon.colcon_parallel_executor.executor.parallel:closing loop
[13.163s] DEBUG:colcon.colcon_parallel_executor.executor.parallel:loop closed
[13.163s] DEBUG:colcon.colcon_parallel_executor.executor.parallel:run_until_complete finished with '0'
[13.163s] DEBUG:colcon.colcon_core.event_reactor:joining thread
[13.233s] INFO:colcon.colcon_core.plugin_system:Skipping extension 'colcon_notification.desktop_notification.notify_send': Could not find 'notify-send'
[13.233s] INFO:colcon.colcon_core.plugin_system:Skipping extension 'colcon_notification.desktop_notification.terminal_notifier': Not used on non-Darwin systems
[13.233s] INFO:colcon.colcon_core.plugin_system:Skipping extension 'colcon_notification.desktop_notification.win32': Not used on non-Windows systems
[13.234s] INFO:colcon.colcon_notification.desktop_notification:Sending desktop notification using 'notify2'
[13.234s] DEBUG:colcon.colcon_notification.desktop_notification.notify2:Failed to initialize notify2: org.freedesktop.DBus.Error.FileNotFound: Failed to connect to socket /run/user/1000/bus: No such file or directory
[13.234s] DEBUG:colcon.colcon_core.event_reactor:joined thread
[13.234s] INFO:colcon.colcon_core.shell:Creating prefix script '/home/jordan/SDfR/assignment5/install/local_setup.ps1'
[13.235s] INFO:colcon.colcon_core.shell:Creating prefix util module '/home/jordan/SDfR/assignment5/install/_local_setup_util_ps1.py'
[13.237s] INFO:colcon.colcon_core.shell:Creating prefix chain script '/home/jordan/SDfR/assignment5/install/setup.ps1'
[13.237s] INFO:colcon.colcon_core.shell:Creating prefix script '/home/jordan/SDfR/assignment5/install/local_setup.sh'
[13.238s] INFO:colcon.colcon_core.shell:Creating prefix util module '/home/jordan/SDfR/assignment5/install/_local_setup_util_sh.py'
[13.239s] INFO:colcon.colcon_core.shell:Creating prefix chain script '/home/jordan/SDfR/assignment5/install/setup.sh'
[13.240s] INFO:colcon.colcon_core.shell:Creating prefix script '/home/jordan/SDfR/assignment5/install/local_setup.bash'
[13.240s] INFO:colcon.colcon_core.shell:Creating prefix chain script '/home/jordan/SDfR/assignment5/install/setup.bash'
[13.241s] INFO:colcon.colcon_core.shell:Creating prefix script '/home/jordan/SDfR/assignment5/install/local_setup.zsh'
[13.242s] INFO:colcon.colcon_core.shell:Creating prefix chain script '/home/jordan/SDfR/assignment5/install/setup.zsh'
