[0.379s] Invoking command in '/home/sdfr-ppd-01/SDfR/assignment6/build/relbot2turtlesim': CMAKE_PREFIX_PATH=${CMAKE_PREFIX_PATH}:/opt/ros/humble /usr/bin/cmake --build /home/sdfr-ppd-01/SDfR/assignment6/build/relbot2turtlesim -- -j3 -l3
[0.716s] [100%] Built target relbot2turtlesim
[0.841s] Invoked command in '/home/sdfr-ppd-01/SDfR/assignment6/build/relbot2turtlesim' returned '0': CMAKE_PREFIX_PATH=${CMAKE_PREFIX_PATH}:/opt/ros/humble /usr/bin/cmake --build /home/sdfr-ppd-01/SDfR/assignment6/build/relbot2turtlesim -- -j3 -l3
[0.844s] Invoking command in '/home/sdfr-ppd-01/SDfR/assignment6/build/relbot2turtlesim': CMAKE_PREFIX_PATH=${CMAKE_PREFIX_PATH}:/opt/ros/humble /usr/bin/cmake --install /home/sdfr-ppd-01/SDfR/assignment6/build/relbot2turtlesim
[0.893s] -- Install configuration: ""
[0.897s] -- Up-to-date: /home/sdfr-ppd-01/SDfR/assignment6/install/relbot2turtlesim/lib/relbot2turtlesim/relbot2turtlesim
[0.901s] -- Up-to-date: /home/sdfr-ppd-01/SDfR/assignment6/install/relbot2turtlesim/share/ament_index/resource_index/package_run_dependencies/relbot2turtlesim
[0.904s] -- Up-to-date: /home/sdfr-ppd-01/SDfR/assignment6/install/relbot2turtlesim/share/ament_index/resource_index/parent_prefix_path/relbot2turtlesim
[0.907s] -- Up-to-date: /home/sdfr-ppd-01/SDfR/assignment6/install/relbot2turtlesim/share/relbot2turtlesim/environment/ament_prefix_path.sh
[0.911s] -- Up-to-date: /home/sdfr-ppd-01/SDfR/assignment6/install/relbot2turtlesim/share/relbot2turtlesim/environment/ament_prefix_path.dsv
[0.915s] -- Up-to-date: /home/sdfr-ppd-01/SDfR/assignment6/install/relbot2turtlesim/share/relbot2turtlesim/environment/path.sh
[0.923s] -- Up-to-date: /home/sdfr-ppd-01/SDfR/assignment6/install/relbot2turtlesim/share/relbot2turtlesim/environment/path.dsv
[0.930s] -- Up-to-date: /home/sdfr-ppd-01/SDfR/assignment6/install/relbot2turtlesim/share/relbot2turtlesim/local_setup.bash
[0.953s] -- Up-to-date: /home/sdfr-ppd-01/SDfR/assignment6/install/relbot2turtlesim/share/relbot2turtlesim/local_setup.sh
[0.958s] -- Up-to-date: /home/sdfr-ppd-01/SDfR/assignment6/install/relbot2turtlesim/share/relbot2turtlesim/local_setup.zsh
[0.963s] -- Up-to-date: /home/sdfr-ppd-01/SDfR/assignment6/install/relbot2turtlesim/share/relbot2turtlesim/local_setup.dsv
[0.967s] -- Installing: /home/sdfr-ppd-01/SDfR/assignment6/install/relbot2turtlesim/share/relbot2turtlesim/package.dsv
[0.972s] -- Up-to-date: /home/sdfr-ppd-01/SDfR/assignment6/install/relbot2turtlesim/share/ament_index/resource_index/packages/relbot2turtlesim
[0.974s] -- Up-to-date: /home/sdfr-ppd-01/SDfR/assignment6/install/relbot2turtlesim/share/relbot2turtlesim/cmake/relbot2turtlesimConfig.cmake
[0.978s] -- Up-to-date: /home/sdfr-ppd-01/SDfR/assignment6/install/relbot2turtlesim/share/relbot2turtlesim/cmake/relbot2turtlesimConfig-version.cmake
[0.983s] -- Up-to-date: /home/sdfr-ppd-01/SDfR/assignment6/install/relbot2turtlesim/share/relbot2turtlesim/package.xml
[1.068s] Invoked command in '/home/sdfr-ppd-01/SDfR/assignment6/build/relbot2turtlesim' returned '0': CMAKE_PREFIX_PATH=${CMAKE_PREFIX_PATH}:/opt/ros/humble /usr/bin/cmake --install /home/sdfr-ppd-01/SDfR/assignment6/build/relbot2turtlesim
