[0.050s] Invoking command in '/home/jordan/SDfR/assignment6/build/relbot_sequence_controller': CMAKE_PREFIX_PATH=/opt/ros/humble /usr/bin/cmake /home/jordan/SDfR/assignment6/src/relbot_sequence_controller -DCMAKE_INSTALL_PREFIX=/home/jordan/SDfR/assignment6/install/relbot_sequence_controller
[0.226s] -- The C compiler identification is GNU 11.4.0
[1.107s] -- The CXX compiler identification is GNU 11.4.0
[1.783s] -- Detecting C compiler ABI info
[1.988s] -- Detecting C compiler ABI info - done
[1.996s] -- Check for working C compiler: /usr/bin/cc - skipped
[1.996s] -- Detecting C compile features
[1.997s] -- Detecting C compile features - done
[2.000s] -- Detecting CXX compiler ABI info
[2.222s] -- Detecting CXX compiler ABI info - done
[2.229s] -- Check for working CXX compiler: /usr/bin/c++ - skipped
[2.229s] -- Detecting CXX compile features
[2.230s] -- Detecting CXX compile features - done
[2.232s] -- Found ament_cmake: 1.3.13 (/opt/ros/humble/share/ament_cmake/cmake)
[2.417s] -- Found Python3: /usr/bin/python3 (found version "3.10.12") found components: Interpreter 
[2.548s] -- Found rclcpp: 16.0.18 (/opt/ros/humble/share/rclcpp/cmake)
[2.767s] -- Found rosidl_generator_c: 3.1.8 (/opt/ros/humble/share/rosidl_generator_c/cmake)
[2.773s] -- Found rosidl_adapter: 3.1.8 (/opt/ros/humble/share/rosidl_adapter/cmake)
[2.784s] -- Found rosidl_generator_cpp: 3.1.8 (/opt/ros/humble/share/rosidl_generator_cpp/cmake)
[2.801s] -- Using all available rosidl_typesupport_c: rosidl_typesupport_fastrtps_c;rosidl_typesupport_introspection_c
[2.821s] -- Using all available rosidl_typesupport_cpp: rosidl_typesupport_fastrtps_cpp;rosidl_typesupport_introspection_cpp
[2.870s] -- Found rmw_implementation_cmake: 6.1.2 (/opt/ros/humble/share/rmw_implementation_cmake/cmake)
[2.872s] -- Found rmw_fastrtps_cpp: 6.2.10 (/opt/ros/humble/share/rmw_fastrtps_cpp/cmake)
[4.888s] -- Found OpenSSL: /usr/lib/x86_64-linux-gnu/libcrypto.so (found version "3.0.2")  
[6.486s] -- Found FastRTPS: /opt/ros/humble/include  
[8.933s] -- Using RMW implementation 'rmw_fastrtps_cpp' as default
[8.940s] -- Looking for pthread.h
[9.097s] -- Looking for pthread.h - found
[9.098s] -- Performing Test CMAKE_HAVE_LIBC_PTHREAD
[9.251s] -- Performing Test CMAKE_HAVE_LIBC_PTHREAD - Success
[9.252s] -- Found Threads: TRUE  
[9.303s] -- Found example_interfaces: 0.9.3 (/opt/ros/humble/share/example_interfaces/cmake)
[9.338s] -- Found geometry_msgs: 4.9.1 (/opt/ros/humble/share/geometry_msgs/cmake)
[9.350s] -- Found ament_lint_auto: 0.12.15 (/opt/ros/humble/share/ament_lint_auto/cmake)
[9.420s] -- Added test 'cppcheck' to perform static code analysis on C / C++ code
[9.420s] -- Configured cppcheck include dirs: /home/jordan/SDfR/assignment6/src/relbot_sequence_controller/include
[9.421s] -- Configured cppcheck exclude dirs and/or files: 
[9.422s] -- Added test 'lint_cmake' to check CMake code style
[9.423s] -- Added test 'uncrustify' to check C / C++ code style
[9.423s] -- Configured uncrustify additional arguments: 
[9.424s] -- Added test 'xmllint' to check XML markup files
[9.426s] -- Configuring done
[9.445s] -- Generating done
[9.450s] -- Build files have been written to: /home/jordan/SDfR/assignment6/build/relbot_sequence_controller
