[0.025s] Invoking command in '/home/jordan/SDfR/assignment5/build/relbot_sequence_controller': CMAKE_PREFIX_PATH=/opt/ros/humble /usr/bin/cmake --build /home/jordan/SDfR/assignment5/build/relbot_sequence_controller -- -j16 -l16
[0.079s] [35m[1mConsolidate compiler generated dependencies of target relbot_sequence_controller[0m
[0.106s] [ 50%] [32mBuilding CXX object CMakeFiles/relbot_sequence_controller.dir/src/relbot_sequence_controller.cpp.o[0m
[9.165s] [100%] [32m[1mLinking CXX executable relbot_sequence_controller[0m
[9.717s] [100%] Built target relbot_sequence_controller
[9.733s] Invoked command in '/home/jordan/SDfR/assignment5/build/relbot_sequence_controller' returned '0': CMAKE_PREFIX_PATH=/opt/ros/humble /usr/bin/cmake --build /home/jordan/SDfR/assignment5/build/relbot_sequence_controller -- -j16 -l16
[9.736s] Invoking command in '/home/jordan/SDfR/assignment5/build/relbot_sequence_controller': CMAKE_PREFIX_PATH=/opt/ros/humble /usr/bin/cmake --install /home/jordan/SDfR/assignment5/build/relbot_sequence_controller
[9.745s] -- Install configuration: ""
[9.745s] -- Installing: /home/jordan/SDfR/assignment5/install/relbot_sequence_controller/lib/relbot_sequence_controller/relbot_sequence_controller
[9.755s] -- Set runtime path of "/home/jordan/SDfR/assignment5/install/relbot_sequence_controller/lib/relbot_sequence_controller/relbot_sequence_controller" to ""
[9.755s] -- Up-to-date: /home/jordan/SDfR/assignment5/install/relbot_sequence_controller/share/ament_index/resource_index/package_run_dependencies/relbot_sequence_controller
[9.755s] -- Up-to-date: /home/jordan/SDfR/assignment5/install/relbot_sequence_controller/share/ament_index/resource_index/parent_prefix_path/relbot_sequence_controller
[9.755s] -- Up-to-date: /home/jordan/SDfR/assignment5/install/relbot_sequence_controller/share/relbot_sequence_controller/environment/ament_prefix_path.sh
[9.755s] -- Up-to-date: /home/jordan/SDfR/assignment5/install/relbot_sequence_controller/share/relbot_sequence_controller/environment/ament_prefix_path.dsv
[9.756s] -- Up-to-date: /home/jordan/SDfR/assignment5/install/relbot_sequence_controller/share/relbot_sequence_controller/environment/path.sh
[9.756s] -- Up-to-date: /home/jordan/SDfR/assignment5/install/relbot_sequence_controller/share/relbot_sequence_controller/environment/path.dsv
[9.756s] -- Up-to-date: /home/jordan/SDfR/assignment5/install/relbot_sequence_controller/share/relbot_sequence_controller/local_setup.bash
[9.756s] -- Up-to-date: /home/jordan/SDfR/assignment5/install/relbot_sequence_controller/share/relbot_sequence_controller/local_setup.sh
[9.756s] -- Up-to-date: /home/jordan/SDfR/assignment5/install/relbot_sequence_controller/share/relbot_sequence_controller/local_setup.zsh
[9.756s] -- Up-to-date: /home/jordan/SDfR/assignment5/install/relbot_sequence_controller/share/relbot_sequence_controller/local_setup.dsv
[9.756s] -- Installing: /home/jordan/SDfR/assignment5/install/relbot_sequence_controller/share/relbot_sequence_controller/package.dsv
[9.756s] -- Up-to-date: /home/jordan/SDfR/assignment5/install/relbot_sequence_controller/share/ament_index/resource_index/packages/relbot_sequence_controller
[9.757s] -- Up-to-date: /home/jordan/SDfR/assignment5/install/relbot_sequence_controller/share/relbot_sequence_controller/cmake/relbot_sequence_controllerConfig.cmake
[9.757s] -- Up-to-date: /home/jordan/SDfR/assignment5/install/relbot_sequence_controller/share/relbot_sequence_controller/cmake/relbot_sequence_controllerConfig-version.cmake
[9.757s] -- Up-to-date: /home/jordan/SDfR/assignment5/install/relbot_sequence_controller/share/relbot_sequence_controller/package.xml
[9.759s] Invoked command in '/home/jordan/SDfR/assignment5/build/relbot_sequence_controller' returned '0': CMAKE_PREFIX_PATH=/opt/ros/humble /usr/bin/cmake --install /home/jordan/SDfR/assignment5/build/relbot_sequence_controller
