[0.092s] Invoking command in '/home/sdfr-ppd-01/SDfR/assignment6/build/green_object_detector': CMAKE_PREFIX_PATH=${CMAKE_PREFIX_PATH}:/opt/ros/humble /usr/bin/cmake --build /home/sdfr-ppd-01/SDfR/assignment6/build/green_object_detector -- -j3 -l3
[0.474s] [100%] Built target green_object_detector
[0.550s] Invoked command in '/home/sdfr-ppd-01/SDfR/assignment6/build/green_object_detector' returned '0': CMAKE_PREFIX_PATH=${CMAKE_PREFIX_PATH}:/opt/ros/humble /usr/bin/cmake --build /home/sdfr-ppd-01/SDfR/assignment6/build/green_object_detector -- -j3 -l3
[0.615s] Invoking command in '/home/sdfr-ppd-01/SDfR/assignment6/build/green_object_detector': CMAKE_PREFIX_PATH=${CMAKE_PREFIX_PATH}:/opt/ros/humble /usr/bin/cmake --install /home/sdfr-ppd-01/SDfR/assignment6/build/green_object_detector
[0.661s] -- Install configuration: ""
[0.672s] -- Up-to-date: /home/sdfr-ppd-01/SDfR/assignment6/install/green_object_detector/lib/green_object_detector/green_object_detector
[0.674s] -- Up-to-date: /home/sdfr-ppd-01/SDfR/assignment6/install/green_object_detector/share/ament_index/resource_index/package_run_dependencies/green_object_detector
[0.675s] -- Up-to-date: /home/sdfr-ppd-01/SDfR/assignment6/install/green_object_detector/share/ament_index/resource_index/parent_prefix_path/green_object_detector
[0.677s] -- Up-to-date: /home/sdfr-ppd-01/SDfR/assignment6/install/green_object_detector/share/green_object_detector/environment/ament_prefix_path.sh
[0.679s] -- Up-to-date: /home/sdfr-ppd-01/SDfR/assignment6/install/green_object_detector/share/green_object_detector/environment/ament_prefix_path.dsv
[0.680s] -- Up-to-date: /home/sdfr-ppd-01/SDfR/assignment6/install/green_object_detector/share/green_object_detector/environment/path.sh
[0.681s] -- Up-to-date: /home/sdfr-ppd-01/SDfR/assignment6/install/green_object_detector/share/green_object_detector/environment/path.dsv
[0.684s] -- Up-to-date: /home/sdfr-ppd-01/SDfR/assignment6/install/green_object_detector/share/green_object_detector/local_setup.bash
[0.685s] -- Up-to-date: /home/sdfr-ppd-01/SDfR/assignment6/install/green_object_detector/share/green_object_detector/local_setup.sh
[0.686s] -- Up-to-date: /home/sdfr-ppd-01/SDfR/assignment6/install/green_object_detector/share/green_object_detector/local_setup.zsh
[0.712s] -- Up-to-date: /home/sdfr-ppd-01/SDfR/assignment6/install/green_object_detector/share/green_object_detector/local_setup.dsv
[0.713s] -- Installing: /home/sdfr-ppd-01/SDfR/assignment6/install/green_object_detector/share/green_object_detector/package.dsv
[0.715s] -- Up-to-date: /home/sdfr-ppd-01/SDfR/assignment6/install/green_object_detector/share/ament_index/resource_index/packages/green_object_detector
[0.716s] -- Up-to-date: /home/sdfr-ppd-01/SDfR/assignment6/install/green_object_detector/share/green_object_detector/cmake/green_object_detectorConfig.cmake
[0.725s] -- Up-to-date: /home/sdfr-ppd-01/SDfR/assignment6/install/green_object_detector/share/green_object_detector/cmake/green_object_detectorConfig-version.cmake
[0.726s] -- Up-to-date: /home/sdfr-ppd-01/SDfR/assignment6/install/green_object_detector/share/green_object_detector/package.xml
[0.728s] Invoked command in '/home/sdfr-ppd-01/SDfR/assignment6/build/green_object_detector' returned '0': CMAKE_PREFIX_PATH=${CMAKE_PREFIX_PATH}:/opt/ros/humble /usr/bin/cmake --install /home/sdfr-ppd-01/SDfR/assignment6/build/green_object_detector
