[0.022s] Invoking command in '/home/jordan/SDfR/assignment5/build/relbot_sequence_controller': CMAKE_PREFIX_PATH=/opt/ros/humble /usr/bin/cmake --build /home/jordan/SDfR/assignment5/build/relbot_sequence_controller -- -j16 -l16
[0.067s] [35m[1mConsolidate compiler generated dependencies of target relbot_sequence_controller[0m
[0.090s] [ 50%] [32mBuilding CXX object CMakeFiles/relbot_sequence_controller.dir/src/relbot_sequence_controller.cpp.o[0m
[4.267s] [100%] [32m[1mLinking CXX executable relbot_sequence_controller[0m
[4.554s] [100%] Built target relbot_sequence_controller
[4.568s] Invoked command in '/home/jordan/SDfR/assignment5/build/relbot_sequence_controller' returned '0': CMAKE_PREFIX_PATH=/opt/ros/humble /usr/bin/cmake --build /home/jordan/SDfR/assignment5/build/relbot_sequence_controller -- -j16 -l16
[4.569s] Invoking command in '/home/jordan/SDfR/assignment5/build/relbot_sequence_controller': CMAKE_PREFIX_PATH=/opt/ros/humble /usr/bin/cmake --install /home/jordan/SDfR/assignment5/build/relbot_sequence_controller
[4.577s] -- Install configuration: ""
[4.577s] -- Installing: /home/jordan/SDfR/assignment5/install/relbot_sequence_controller/lib/relbot_sequence_controller/relbot_sequence_controller
[4.580s] -- Set runtime path of "/home/jordan/SDfR/assignment5/install/relbot_sequence_controller/lib/relbot_sequence_controller/relbot_sequence_controller" to ""
[4.580s] -- Up-to-date: /home/jordan/SDfR/assignment5/install/relbot_sequence_controller/share/ament_index/resource_index/package_run_dependencies/relbot_sequence_controller
[4.580s] -- Up-to-date: /home/jordan/SDfR/assignment5/install/relbot_sequence_controller/share/ament_index/resource_index/parent_prefix_path/relbot_sequence_controller
[4.580s] -- Up-to-date: /home/jordan/SDfR/assignment5/install/relbot_sequence_controller/share/relbot_sequence_controller/environment/ament_prefix_path.sh
[4.580s] -- Up-to-date: /home/jordan/SDfR/assignment5/install/relbot_sequence_controller/share/relbot_sequence_controller/environment/ament_prefix_path.dsv
[4.581s] -- Up-to-date: /home/jordan/SDfR/assignment5/install/relbot_sequence_controller/share/relbot_sequence_controller/environment/path.sh
[4.581s] -- Up-to-date: /home/jordan/SDfR/assignment5/install/relbot_sequence_controller/share/relbot_sequence_controller/environment/path.dsv
[4.581s] -- Up-to-date: /home/jordan/SDfR/assignment5/install/relbot_sequence_controller/share/relbot_sequence_controller/local_setup.bash
[4.581s] -- Up-to-date: /home/jordan/SDfR/assignment5/install/relbot_sequence_controller/share/relbot_sequence_controller/local_setup.sh
[4.581s] -- Up-to-date: /home/jordan/SDfR/assignment5/install/relbot_sequence_controller/share/relbot_sequence_controller/local_setup.zsh
[4.581s] -- Up-to-date: /home/jordan/SDfR/assignment5/install/relbot_sequence_controller/share/relbot_sequence_controller/local_setup.dsv
[4.581s] -- Installing: /home/jordan/SDfR/assignment5/install/relbot_sequence_controller/share/relbot_sequence_controller/package.dsv
[4.581s] -- Up-to-date: /home/jordan/SDfR/assignment5/install/relbot_sequence_controller/share/ament_index/resource_index/packages/relbot_sequence_controller
[4.582s] -- Up-to-date: /home/jordan/SDfR/assignment5/install/relbot_sequence_controller/share/relbot_sequence_controller/cmake/relbot_sequence_controllerConfig.cmake
[4.582s] -- Up-to-date: /home/jordan/SDfR/assignment5/install/relbot_sequence_controller/share/relbot_sequence_controller/cmake/relbot_sequence_controllerConfig-version.cmake
[4.582s] -- Up-to-date: /home/jordan/SDfR/assignment5/install/relbot_sequence_controller/share/relbot_sequence_controller/package.xml
[4.583s] Invoked command in '/home/jordan/SDfR/assignment5/build/relbot_sequence_controller' returned '0': CMAKE_PREFIX_PATH=/opt/ros/humble /usr/bin/cmake --install /home/jordan/SDfR/assignment5/build/relbot_sequence_controller
