[0.264s] Invoking command in '/home/sdfr-ppd-01/SDfR/assignment6/build/relbot_simulator': CMAKE_PREFIX_PATH=${CMAKE_PREFIX_PATH}:/opt/ros/humble /usr/bin/cmake --build /home/sdfr-ppd-01/SDfR/assignment6/build/relbot_simulator -- -j3 -l3
[0.393s] [35m[1mConsolidate compiler generated dependencies of target relbot_simulator[0m
[1.192s] [100%] Built target relbot_simulator
[1.232s] Invoked command in '/home/sdfr-ppd-01/SDfR/assignment6/build/relbot_simulator' returned '0': CMAKE_PREFIX_PATH=${CMAKE_PREFIX_PATH}:/opt/ros/humble /usr/bin/cmake --build /home/sdfr-ppd-01/SDfR/assignment6/build/relbot_simulator -- -j3 -l3
[1.235s] Invoking command in '/home/sdfr-ppd-01/SDfR/assignment6/build/relbot_simulator': CMAKE_PREFIX_PATH=${CMAKE_PREFIX_PATH}:/opt/ros/humble /usr/bin/cmake --install /home/sdfr-ppd-01/SDfR/assignment6/build/relbot_simulator
[1.263s] -- Install configuration: ""
[1.265s] -- Installing: /home/sdfr-ppd-01/SDfR/assignment6/install/relbot_simulator/lib/relbot_simulator/relbot_simulator
[1.690s] -- Set runtime path of "/home/sdfr-ppd-01/SDfR/assignment6/install/relbot_simulator/lib/relbot_simulator/relbot_simulator" to ""
[1.692s] -- Installing: /home/sdfr-ppd-01/SDfR/assignment6/install/relbot_simulator/include
[1.695s] -- Installing: /home/sdfr-ppd-01/SDfR/assignment6/install/relbot_simulator/include/xxtypes.h
[1.698s] -- Installing: /home/sdfr-ppd-01/SDfR/assignment6/install/relbot_simulator/include/xxmodel.h
[1.700s] -- Installing: /home/sdfr-ppd-01/SDfR/assignment6/install/relbot_simulator/include/EulerAngles.h
[1.703s] -- Installing: /home/sdfr-ppd-01/SDfR/assignment6/install/relbot_simulator/include/xxmatrix.h
[1.711s] -- Installing: /home/sdfr-ppd-01/SDfR/assignment6/install/relbot_simulator/include/xxfuncs.h
[1.714s] -- Installing: /home/sdfr-ppd-01/SDfR/assignment6/install/relbot_simulator/include/xxmatrix.cpp
[1.724s] -- Installing: /home/sdfr-ppd-01/SDfR/assignment6/install/relbot_simulator/include/MotionProfiles.cpp
[1.732s] -- Installing: /home/sdfr-ppd-01/SDfR/assignment6/install/relbot_simulator/include/xxinteg.h
[1.743s] -- Installing: /home/sdfr-ppd-01/SDfR/assignment6/install/relbot_simulator/include/xxinteg.cpp
[1.749s] -- Installing: /home/sdfr-ppd-01/SDfR/assignment6/install/relbot_simulator/include/xxinverse.cpp
[1.757s] -- Installing: /home/sdfr-ppd-01/SDfR/assignment6/install/relbot_simulator/include/xxfuncs.cpp
[1.765s] -- Installing: /home/sdfr-ppd-01/SDfR/assignment6/install/relbot_simulator/include/xxinverse.h
[1.788s] -- Installing: /home/sdfr-ppd-01/SDfR/assignment6/install/relbot_simulator/include/MotionProfiles.h
[1.794s] -- Installing: /home/sdfr-ppd-01/SDfR/assignment6/install/relbot_simulator/include/EulerAngles.cpp
[1.798s] -- Installing: /home/sdfr-ppd-01/SDfR/assignment6/install/relbot_simulator/share/ament_index/resource_index/package_run_dependencies/relbot_simulator
[1.802s] -- Installing: /home/sdfr-ppd-01/SDfR/assignment6/install/relbot_simulator/share/ament_index/resource_index/parent_prefix_path/relbot_simulator
[1.806s] -- Installing: /home/sdfr-ppd-01/SDfR/assignment6/install/relbot_simulator/share/relbot_simulator/environment/ament_prefix_path.sh
[1.810s] -- Installing: /home/sdfr-ppd-01/SDfR/assignment6/install/relbot_simulator/share/relbot_simulator/environment/ament_prefix_path.dsv
[1.814s] -- Installing: /home/sdfr-ppd-01/SDfR/assignment6/install/relbot_simulator/share/relbot_simulator/environment/path.sh
[1.819s] -- Installing: /home/sdfr-ppd-01/SDfR/assignment6/install/relbot_simulator/share/relbot_simulator/environment/path.dsv
[1.823s] -- Installing: /home/sdfr-ppd-01/SDfR/assignment6/install/relbot_simulator/share/relbot_simulator/local_setup.bash
[1.829s] -- Installing: /home/sdfr-ppd-01/SDfR/assignment6/install/relbot_simulator/share/relbot_simulator/local_setup.sh
[1.831s] -- Installing: /home/sdfr-ppd-01/SDfR/assignment6/install/relbot_simulator/share/relbot_simulator/local_setup.zsh
[1.836s] -- Installing: /home/sdfr-ppd-01/SDfR/assignment6/install/relbot_simulator/share/relbot_simulator/local_setup.dsv
[1.842s] -- Installing: /home/sdfr-ppd-01/SDfR/assignment6/install/relbot_simulator/share/relbot_simulator/package.dsv
[1.847s] -- Installing: /home/sdfr-ppd-01/SDfR/assignment6/install/relbot_simulator/share/ament_index/resource_index/packages/relbot_simulator
[1.849s] -- Installing: /home/sdfr-ppd-01/SDfR/assignment6/install/relbot_simulator/share/relbot_simulator/cmake/relbot_simulatorConfig.cmake
[1.853s] -- Installing: /home/sdfr-ppd-01/SDfR/assignment6/install/relbot_simulator/share/relbot_simulator/cmake/relbot_simulatorConfig-version.cmake
[1.858s] -- Installing: /home/sdfr-ppd-01/SDfR/assignment6/install/relbot_simulator/share/relbot_simulator/package.xml
[1.861s] Invoked command in '/home/sdfr-ppd-01/SDfR/assignment6/build/relbot_simulator' returned '0': CMAKE_PREFIX_PATH=${CMAKE_PREFIX_PATH}:/opt/ros/humble /usr/bin/cmake --install /home/sdfr-ppd-01/SDfR/assignment6/build/relbot_simulator
