[0.049s] Invoking command in '/home/jordan/SDfR/assignment5/build/relbot_launch': CMAKE_PREFIX_PATH=/opt/ros/humble /usr/bin/cmake --build /home/jordan/SDfR/assignment5/build/relbot_launch -- -j16 -l16
[0.155s] Invoked command in '/home/jordan/SDfR/assignment5/build/relbot_launch' returned '0': CMAKE_PREFIX_PATH=/opt/ros/humble /usr/bin/cmake --build /home/jordan/SDfR/assignment5/build/relbot_launch -- -j16 -l16
[0.181s] Invoking command in '/home/jordan/SDfR/assignment5/build/relbot_launch': CMAKE_PREFIX_PATH=/opt/ros/humble /usr/bin/cmake --install /home/jordan/SDfR/assignment5/build/relbot_launch
[0.202s] -- Install configuration: ""
[0.203s] -- Up-to-date: /home/jordan/SDfR/assignment5/install/relbot_launch/share/relbot_launch//launch
[0.203s] -- Up-to-date: /home/jordan/SDfR/assignment5/install/relbot_launch/share/relbot_launch//launch/relbot_system.launch.py
[0.203s] -- Up-to-date: /home/jordan/SDfR/assignment5/install/relbot_launch/share/relbot_launch//launch/relbot_to_turtle.launch.py
[0.204s] -- Up-to-date: /home/jordan/SDfR/assignment5/install/relbot_launch/share/relbot_launch//launch/relbot_sequence_controller.launch.py
[0.204s] -- Up-to-date: /home/jordan/SDfR/assignment5/install/relbot_launch/share/relbot_launch//launch/relbot_system_joystick.launch.py
[0.205s] -- Up-to-date: /home/jordan/SDfR/assignment5/install/relbot_launch/share/ament_index/resource_index/package_run_dependencies/relbot_launch
[0.205s] -- Up-to-date: /home/jordan/SDfR/assignment5/install/relbot_launch/share/ament_index/resource_index/parent_prefix_path/relbot_launch
[0.205s] -- Up-to-date: /home/jordan/SDfR/assignment5/install/relbot_launch/share/relbot_launch/environment/ament_prefix_path.sh
[0.205s] -- Up-to-date: /home/jordan/SDfR/assignment5/install/relbot_launch/share/relbot_launch/environment/ament_prefix_path.dsv
[0.206s] -- Up-to-date: /home/jordan/SDfR/assignment5/install/relbot_launch/share/relbot_launch/environment/path.sh
[0.206s] -- Up-to-date: /home/jordan/SDfR/assignment5/install/relbot_launch/share/relbot_launch/environment/path.dsv
[0.206s] -- Up-to-date: /home/jordan/SDfR/assignment5/install/relbot_launch/share/relbot_launch/local_setup.bash
[0.207s] -- Up-to-date: /home/jordan/SDfR/assignment5/install/relbot_launch/share/relbot_launch/local_setup.sh
[0.207s] -- Up-to-date: /home/jordan/SDfR/assignment5/install/relbot_launch/share/relbot_launch/local_setup.zsh
[0.207s] -- Up-to-date: /home/jordan/SDfR/assignment5/install/relbot_launch/share/relbot_launch/local_setup.dsv
[0.207s] -- Installing: /home/jordan/SDfR/assignment5/install/relbot_launch/share/relbot_launch/package.dsv
[0.207s] -- Up-to-date: /home/jordan/SDfR/assignment5/install/relbot_launch/share/ament_index/resource_index/packages/relbot_launch
[0.207s] -- Up-to-date: /home/jordan/SDfR/assignment5/install/relbot_launch/share/relbot_launch/cmake/relbot_launchConfig.cmake
[0.208s] -- Up-to-date: /home/jordan/SDfR/assignment5/install/relbot_launch/share/relbot_launch/cmake/relbot_launchConfig-version.cmake
[0.208s] -- Up-to-date: /home/jordan/SDfR/assignment5/install/relbot_launch/share/relbot_launch/package.xml
[0.212s] Invoked command in '/home/jordan/SDfR/assignment5/build/relbot_launch' returned '0': CMAKE_PREFIX_PATH=/opt/ros/humble /usr/bin/cmake --install /home/jordan/SDfR/assignment5/build/relbot_launch
