[0.225s] Invoking command in '/home/sdfr-ppd-01/SDfR/assignment6/build/ros_xeno_bridge': CMAKE_PREFIX_PATH=/home/sdfr-ppd-01/SDfR/assignment6/install/xrf2_msgs:/home/sdfr-ppd-01/SDfR/assignment6/install/ros_xeno_bridge:/home/sdfr-ppd-01/SDfR/assignment6/install/relbot_launch:/home/sdfr-ppd-01/SDfR/assignment6/install/relbot_simulator:/home/sdfr-ppd-01/SDfR/assignment6/install/relbot_sequence_controller:/home/sdfr-ppd-01/SDfR/assignment6/install/relbot_adapter:/home/sdfr-ppd-01/SDfR/assignment6/install/relbot_msgs:/home/sdfr-ppd-01/SDfR/assignment6/install/relbot2turtlesim:/home/sdfr-ppd-01/SDfR/assignment6/install/image_functions_sdfr:/home/sdfr-ppd-01/SDfR/assignment6/install/green_object_detector:/home/sdfr-ppd-01/SDfR/assignment6/install/cam2image_vm2ros:/opt/ros/humble /usr/bin/cmake --build /home/sdfr-ppd-01/SDfR/assignment6/build/ros_xeno_bridge -- -j3 -l3
[0.374s] [100%] Built target RosXenoBridge
[0.428s] Invoked command in '/home/sdfr-ppd-01/SDfR/assignment6/build/ros_xeno_bridge' returned '0': CMAKE_PREFIX_PATH=/home/sdfr-ppd-01/SDfR/assignment6/install/xrf2_msgs:/home/sdfr-ppd-01/SDfR/assignment6/install/ros_xeno_bridge:/home/sdfr-ppd-01/SDfR/assignment6/install/relbot_launch:/home/sdfr-ppd-01/SDfR/assignment6/install/relbot_simulator:/home/sdfr-ppd-01/SDfR/assignment6/install/relbot_sequence_controller:/home/sdfr-ppd-01/SDfR/assignment6/install/relbot_adapter:/home/sdfr-ppd-01/SDfR/assignment6/install/relbot_msgs:/home/sdfr-ppd-01/SDfR/assignment6/install/relbot2turtlesim:/home/sdfr-ppd-01/SDfR/assignment6/install/image_functions_sdfr:/home/sdfr-ppd-01/SDfR/assignment6/install/green_object_detector:/home/sdfr-ppd-01/SDfR/assignment6/install/cam2image_vm2ros:/opt/ros/humble /usr/bin/cmake --build /home/sdfr-ppd-01/SDfR/assignment6/build/ros_xeno_bridge -- -j3 -l3
[0.440s] Invoking command in '/home/sdfr-ppd-01/SDfR/assignment6/build/ros_xeno_bridge': CMAKE_PREFIX_PATH=/home/sdfr-ppd-01/SDfR/assignment6/install/xrf2_msgs:/home/sdfr-ppd-01/SDfR/assignment6/install/ros_xeno_bridge:/home/sdfr-ppd-01/SDfR/assignment6/install/relbot_launch:/home/sdfr-ppd-01/SDfR/assignment6/install/relbot_simulator:/home/sdfr-ppd-01/SDfR/assignment6/install/relbot_sequence_controller:/home/sdfr-ppd-01/SDfR/assignment6/install/relbot_adapter:/home/sdfr-ppd-01/SDfR/assignment6/install/relbot_msgs:/home/sdfr-ppd-01/SDfR/assignment6/install/relbot2turtlesim:/home/sdfr-ppd-01/SDfR/assignment6/install/image_functions_sdfr:/home/sdfr-ppd-01/SDfR/assignment6/install/green_object_detector:/home/sdfr-ppd-01/SDfR/assignment6/install/cam2image_vm2ros:/opt/ros/humble /usr/bin/cmake --install /home/sdfr-ppd-01/SDfR/assignment6/build/ros_xeno_bridge
[0.477s] -- Install configuration: ""
[0.480s] -- Up-to-date: /home/sdfr-ppd-01/SDfR/assignment6/install/ros_xeno_bridge/lib/ros_xeno_bridge/RosXenoBridge
[0.487s] -- Up-to-date: /home/sdfr-ppd-01/SDfR/assignment6/install/ros_xeno_bridge/share/ament_index/resource_index/package_run_dependencies/ros_xeno_bridge
[0.502s] -- Up-to-date: /home/sdfr-ppd-01/SDfR/assignment6/install/ros_xeno_bridge/share/ament_index/resource_index/parent_prefix_path/ros_xeno_bridge
[0.509s] -- Up-to-date: /home/sdfr-ppd-01/SDfR/assignment6/install/ros_xeno_bridge/share/ros_xeno_bridge/environment/ament_prefix_path.sh
[0.516s] -- Up-to-date: /home/sdfr-ppd-01/SDfR/assignment6/install/ros_xeno_bridge/share/ros_xeno_bridge/environment/ament_prefix_path.dsv
[0.518s] -- Up-to-date: /home/sdfr-ppd-01/SDfR/assignment6/install/ros_xeno_bridge/share/ros_xeno_bridge/environment/path.sh
[0.520s] -- Up-to-date: /home/sdfr-ppd-01/SDfR/assignment6/install/ros_xeno_bridge/share/ros_xeno_bridge/environment/path.dsv
[0.522s] -- Up-to-date: /home/sdfr-ppd-01/SDfR/assignment6/install/ros_xeno_bridge/share/ros_xeno_bridge/local_setup.bash
[0.525s] -- Up-to-date: /home/sdfr-ppd-01/SDfR/assignment6/install/ros_xeno_bridge/share/ros_xeno_bridge/local_setup.sh
[0.527s] -- Up-to-date: /home/sdfr-ppd-01/SDfR/assignment6/install/ros_xeno_bridge/share/ros_xeno_bridge/local_setup.zsh
[0.530s] -- Up-to-date: /home/sdfr-ppd-01/SDfR/assignment6/install/ros_xeno_bridge/share/ros_xeno_bridge/local_setup.dsv
[0.541s] -- Installing: /home/sdfr-ppd-01/SDfR/assignment6/install/ros_xeno_bridge/share/ros_xeno_bridge/package.dsv
[0.546s] -- Up-to-date: /home/sdfr-ppd-01/SDfR/assignment6/install/ros_xeno_bridge/share/ament_index/resource_index/packages/ros_xeno_bridge
[0.550s] -- Up-to-date: /home/sdfr-ppd-01/SDfR/assignment6/install/ros_xeno_bridge/share/ros_xeno_bridge/cmake/ros_xeno_bridgeConfig.cmake
[0.554s] -- Up-to-date: /home/sdfr-ppd-01/SDfR/assignment6/install/ros_xeno_bridge/share/ros_xeno_bridge/cmake/ros_xeno_bridgeConfig-version.cmake
[0.575s] -- Up-to-date: /home/sdfr-ppd-01/SDfR/assignment6/install/ros_xeno_bridge/share/ros_xeno_bridge/package.xml
[0.577s] Invoked command in '/home/sdfr-ppd-01/SDfR/assignment6/build/ros_xeno_bridge' returned '0': CMAKE_PREFIX_PATH=/home/sdfr-ppd-01/SDfR/assignment6/install/xrf2_msgs:/home/sdfr-ppd-01/SDfR/assignment6/install/ros_xeno_bridge:/home/sdfr-ppd-01/SDfR/assignment6/install/relbot_launch:/home/sdfr-ppd-01/SDfR/assignment6/install/relbot_simulator:/home/sdfr-ppd-01/SDfR/assignment6/install/relbot_sequence_controller:/home/sdfr-ppd-01/SDfR/assignment6/install/relbot_adapter:/home/sdfr-ppd-01/SDfR/assignment6/install/relbot_msgs:/home/sdfr-ppd-01/SDfR/assignment6/install/relbot2turtlesim:/home/sdfr-ppd-01/SDfR/assignment6/install/image_functions_sdfr:/home/sdfr-ppd-01/SDfR/assignment6/install/green_object_detector:/home/sdfr-ppd-01/SDfR/assignment6/install/cam2image_vm2ros:/opt/ros/humble /usr/bin/cmake --install /home/sdfr-ppd-01/SDfR/assignment6/build/ros_xeno_bridge
