[30.038s] Invoking command in '/home/jordan/SDfR/assignment6/build/green_object_detector': AMENT_PREFIX_PATH=/home/jordan/SDfR/assignment6/install/image_functions_sdfr:${AMENT_PREFIX_PATH} CMAKE_PREFIX_PATH=/home/jordan/SDfR/assignment6/install/image_functions_sdfr:/opt/ros/humble LD_LIBRARY_PATH=/home/jordan/SDfR/assignment6/install/image_functions_sdfr/lib:${LD_LIBRARY_PATH} /usr/bin/cmake /home/jordan/SDfR/assignment6/src/green_object_detector -DCMAKE_INSTALL_PREFIX=/home/jordan/SDfR/assignment6/install/green_object_detector
[30.346s] -- The C compiler identification is GNU 11.4.0
[31.238s] -- The CXX compiler identification is GNU 11.4.0
[31.916s] -- Detecting C compiler ABI info
[32.180s] -- Detecting C compiler ABI info - done
[32.188s] -- Check for working C compiler: /usr/bin/cc - skipped
[32.188s] -- Detecting C compile features
[32.189s] -- Detecting C compile features - done
[32.196s] -- Detecting CXX compiler ABI info
[32.496s] -- Detecting CXX compiler ABI info - done
[32.506s] -- Check for working CXX compiler: /usr/bin/c++ - skipped
[32.507s] -- Detecting CXX compile features
[32.507s] -- Detecting CXX compile features - done
[32.519s] -- Found ament_cmake: 1.3.13 (/opt/ros/humble/share/ament_cmake/cmake)
[32.737s] -- Found Python3: /usr/bin/python3 (found version "3.10.12") found components: Interpreter 
[32.885s] -- Found rclcpp: 16.0.18 (/opt/ros/humble/share/rclcpp/cmake)
[33.227s] -- Found rosidl_generator_c: 3.1.8 (/opt/ros/humble/share/rosidl_generator_c/cmake)
[33.236s] -- Found rosidl_adapter: 3.1.8 (/opt/ros/humble/share/rosidl_adapter/cmake)
[33.252s] -- Found rosidl_generator_cpp: 3.1.8 (/opt/ros/humble/share/rosidl_generator_cpp/cmake)
[33.274s] -- Using all available rosidl_typesupport_c: rosidl_typesupport_fastrtps_c;rosidl_typesupport_introspection_c
[33.300s] -- Using all available rosidl_typesupport_cpp: rosidl_typesupport_fastrtps_cpp;rosidl_typesupport_introspection_cpp
[33.377s] -- Found rmw_implementation_cmake: 6.1.2 (/opt/ros/humble/share/rmw_implementation_cmake/cmake)
[33.382s] -- Found rmw_fastrtps_cpp: 6.2.10 (/opt/ros/humble/share/rmw_fastrtps_cpp/cmake)
[36.071s] -- Found OpenSSL: /usr/lib/x86_64-linux-gnu/libcrypto.so (found version "3.0.2")  
[38.950s] -- Found FastRTPS: /opt/ros/humble/include  
[43.966s] -- Using RMW implementation 'rmw_fastrtps_cpp' as default
[43.983s] -- Looking for pthread.h
[44.285s] -- Looking for pthread.h - found
[44.286s] -- Performing Test CMAKE_HAVE_LIBC_PTHREAD
[44.581s] -- Performing Test CMAKE_HAVE_LIBC_PTHREAD - Success
[44.583s] -- Found Threads: TRUE  
[44.675s] -- Found sensor_msgs: 4.9.1 (/opt/ros/humble/share/sensor_msgs/cmake)
[44.733s] -- Found cv_bridge: 3.2.1 (/opt/ros/humble/share/cv_bridge/cmake)
[44.755s] -- Found OpenCV: /usr (found version "4.5.4") 
[44.757s] -- Found image_functions_sdfr: 2.1.0 (/home/jordan/SDfR/assignment6/install/image_functions_sdfr/share/image_functions_sdfr/cmake)
[44.767s] -- Found ament_lint_auto: 0.12.15 (/opt/ros/humble/share/ament_lint_auto/cmake)
[44.892s] -- Added test 'cppcheck' to perform static code analysis on C / C++ code
[44.892s] -- Configured cppcheck include dirs: $<BUILD_INTERFACE:/home/jordan/SDfR/assignment6/src/green_object_detector/include>
[44.892s] -- Configured cppcheck exclude dirs and/or files: 
[44.895s] -- Added test 'flake8' to check Python code syntax and style conventions
[44.897s] -- Added test 'lint_cmake' to check CMake code style
[44.898s] -- Added test 'pep257' to check Python code against some of the docstring style conventions in PEP 257
[44.902s] -- Added test 'uncrustify' to check C / C++ code style
[44.902s] -- Configured uncrustify additional arguments: 
[44.904s] -- Added test 'xmllint' to check XML markup files
[44.908s] -- Configuring done
[44.941s] -- Generating done
[44.949s] -- Build files have been written to: /home/jordan/SDfR/assignment6/build/green_object_detector
[90.091s] Invoked command in '/home/jordan/SDfR/assignment6/build/green_object_detector' returned '0': AMENT_PREFIX_PATH=/home/jordan/SDfR/assignment6/install/image_functions_sdfr:${AMENT_PREFIX_PATH} CMAKE_PREFIX_PATH=/home/jordan/SDfR/assignment6/install/image_functions_sdfr:/opt/ros/humble LD_LIBRARY_PATH=/home/jordan/SDfR/assignment6/install/image_functions_sdfr/lib:${LD_LIBRARY_PATH} /usr/bin/cmake /home/jordan/SDfR/assignment6/src/green_object_detector -DCMAKE_INSTALL_PREFIX=/home/jordan/SDfR/assignment6/install/green_object_detector
[90.096s] Invoking command in '/home/jordan/SDfR/assignment6/build/green_object_detector': AMENT_PREFIX_PATH=/home/jordan/SDfR/assignment6/install/image_functions_sdfr:${AMENT_PREFIX_PATH} CMAKE_PREFIX_PATH=/home/jordan/SDfR/assignment6/install/image_functions_sdfr:/opt/ros/humble LD_LIBRARY_PATH=/home/jordan/SDfR/assignment6/install/image_functions_sdfr/lib:${LD_LIBRARY_PATH} /usr/bin/cmake --build /home/jordan/SDfR/assignment6/build/green_object_detector -- -j16 -l16
[90.160s] [35m[1mConsolidate compiler generated dependencies of target green_object_detector_node[0m
[90.195s] [100%] Built target green_object_detector_node
[150.153s] Invoked command in '/home/jordan/SDfR/assignment6/build/green_object_detector' returned '0': AMENT_PREFIX_PATH=/home/jordan/SDfR/assignment6/install/image_functions_sdfr:${AMENT_PREFIX_PATH} CMAKE_PREFIX_PATH=/home/jordan/SDfR/assignment6/install/image_functions_sdfr:/opt/ros/humble LD_LIBRARY_PATH=/home/jordan/SDfR/assignment6/install/image_functions_sdfr/lib:${LD_LIBRARY_PATH} /usr/bin/cmake --build /home/jordan/SDfR/assignment6/build/green_object_detector -- -j16 -l16
[150.170s] Invoking command in '/home/jordan/SDfR/assignment6/build/green_object_detector': AMENT_PREFIX_PATH=/home/jordan/SDfR/assignment6/install/image_functions_sdfr:${AMENT_PREFIX_PATH} CMAKE_PREFIX_PATH=/home/jordan/SDfR/assignment6/install/image_functions_sdfr:/opt/ros/humble LD_LIBRARY_PATH=/home/jordan/SDfR/assignment6/install/image_functions_sdfr/lib:${LD_LIBRARY_PATH} /usr/bin/cmake --install /home/jordan/SDfR/assignment6/build/green_object_detector
[150.183s] -- Install configuration: ""
[150.183s] -- Up-to-date: /home/jordan/SDfR/assignment6/install/green_object_detector/lib/green_object_detector/green_object_detector_node
[150.183s] -- Up-to-date: /home/jordan/SDfR/assignment6/install/green_object_detector/share/green_object_detector/include
[150.184s] -- Up-to-date: /home/jordan/SDfR/assignment6/install/green_object_detector/share/green_object_detector/include/green_object_detector
[150.184s] -- Up-to-date: /home/jordan/SDfR/assignment6/install/green_object_detector/share/green_object_detector/include/green_object_detector/green_object_detector.hpp
[150.184s] -- Up-to-date: /home/jordan/SDfR/assignment6/install/green_object_detector/share/green_object_detector/config
[150.184s] -- Up-to-date: /home/jordan/SDfR/assignment6/install/green_object_detector/share/green_object_detector/config/detector.yaml
[150.184s] -- Up-to-date: /home/jordan/SDfR/assignment6/install/green_object_detector/share/green_object_detector/launch
[150.185s] -- Up-to-date: /home/jordan/SDfR/assignment6/install/green_object_detector/share/green_object_detector/launch/green_detector_test.launch.py
[150.185s] -- Up-to-date: /home/jordan/SDfR/assignment6/install/green_object_detector/share/ament_index/resource_index/package_run_dependencies/green_object_detector
[150.185s] -- Up-to-date: /home/jordan/SDfR/assignment6/install/green_object_detector/share/ament_index/resource_index/parent_prefix_path/green_object_detector
[150.185s] -- Up-to-date: /home/jordan/SDfR/assignment6/install/green_object_detector/share/green_object_detector/environment/ament_prefix_path.sh
[150.185s] -- Up-to-date: /home/jordan/SDfR/assignment6/install/green_object_detector/share/green_object_detector/environment/ament_prefix_path.dsv
[150.185s] -- Up-to-date: /home/jordan/SDfR/assignment6/install/green_object_detector/share/green_object_detector/environment/path.sh
[150.186s] -- Up-to-date: /home/jordan/SDfR/assignment6/install/green_object_detector/share/green_object_detector/environment/path.dsv
[150.186s] -- Up-to-date: /home/jordan/SDfR/assignment6/install/green_object_detector/share/green_object_detector/local_setup.bash
[150.186s] -- Up-to-date: /home/jordan/SDfR/assignment6/install/green_object_detector/share/green_object_detector/local_setup.sh
[150.186s] -- Up-to-date: /home/jordan/SDfR/assignment6/install/green_object_detector/share/green_object_detector/local_setup.zsh
[150.186s] -- Up-to-date: /home/jordan/SDfR/assignment6/install/green_object_detector/share/green_object_detector/local_setup.dsv
[150.186s] -- Up-to-date: /home/jordan/SDfR/assignment6/install/green_object_detector/share/green_object_detector/package.dsv
[150.186s] -- Up-to-date: /home/jordan/SDfR/assignment6/install/green_object_detector/share/ament_index/resource_index/packages/green_object_detector
[150.186s] -- Up-to-date: /home/jordan/SDfR/assignment6/install/green_object_detector/share/green_object_detector/cmake/green_object_detectorConfig.cmake
[150.186s] -- Up-to-date: /home/jordan/SDfR/assignment6/install/green_object_detector/share/green_object_detector/cmake/green_object_detectorConfig-version.cmake
[150.186s] -- Up-to-date: /home/jordan/SDfR/assignment6/install/green_object_detector/share/green_object_detector/package.xml
[210.214s] Invoked command in '/home/jordan/SDfR/assignment6/build/green_object_detector' returned '0': AMENT_PREFIX_PATH=/home/jordan/SDfR/assignment6/install/image_functions_sdfr:${AMENT_PREFIX_PATH} CMAKE_PREFIX_PATH=/home/jordan/SDfR/assignment6/install/image_functions_sdfr:/opt/ros/humble LD_LIBRARY_PATH=/home/jordan/SDfR/assignment6/install/image_functions_sdfr/lib:${LD_LIBRARY_PATH} /usr/bin/cmake --install /home/jordan/SDfR/assignment6/build/green_object_detector
