[0.078s] Invoking command in '/home/sdfr-ppd-01/SDfR/assignment6/build/green_object_detector': CMAKE_PREFIX_PATH=${CMAKE_PREFIX_PATH}:/opt/ros/humble /usr/bin/cmake --build /home/sdfr-ppd-01/SDfR/assignment6/build/green_object_detector -- -j3 -l3
[0.407s] [100%] Built target green_object_detector
[0.528s] Invoked command in '/home/sdfr-ppd-01/SDfR/assignment6/build/green_object_detector' returned '0': CMAKE_PREFIX_PATH=${CMAKE_PREFIX_PATH}:/opt/ros/humble /usr/bin/cmake --build /home/sdfr-ppd-01/SDfR/assignment6/build/green_object_detector -- -j3 -l3
[0.535s] Invoking command in '/home/sdfr-ppd-01/SDfR/assignment6/build/green_object_detector': CMAKE_PREFIX_PATH=${CMAKE_PREFIX_PATH}:/opt/ros/humble /usr/bin/cmake --install /home/sdfr-ppd-01/SDfR/assignment6/build/green_object_detector
[0.709s] -- Install configuration: ""
[0.711s] -- Up-to-date: /home/sdfr-ppd-01/SDfR/assignment6/install/green_object_detector/lib/green_object_detector/green_object_detector
[0.712s] -- Up-to-date: /home/sdfr-ppd-01/SDfR/assignment6/install/green_object_detector/share/ament_index/resource_index/package_run_dependencies/green_object_detector
[0.714s] -- Up-to-date: /home/sdfr-ppd-01/SDfR/assignment6/install/green_object_detector/share/ament_index/resource_index/parent_prefix_path/green_object_detector
[0.730s] -- Up-to-date: /home/sdfr-ppd-01/SDfR/assignment6/install/green_object_detector/share/green_object_detector/environment/ament_prefix_path.sh
[0.731s] -- Up-to-date: /home/sdfr-ppd-01/SDfR/assignment6/install/green_object_detector/share/green_object_detector/environment/ament_prefix_path.dsv
[0.733s] -- Up-to-date: /home/sdfr-ppd-01/SDfR/assignment6/install/green_object_detector/share/green_object_detector/environment/path.sh
[0.734s] -- Up-to-date: /home/sdfr-ppd-01/SDfR/assignment6/install/green_object_detector/share/green_object_detector/environment/path.dsv
[0.736s] -- Up-to-date: /home/sdfr-ppd-01/SDfR/assignment6/install/green_object_detector/share/green_object_detector/local_setup.bash
[0.738s] -- Up-to-date: /home/sdfr-ppd-01/SDfR/assignment6/install/green_object_detector/share/green_object_detector/local_setup.sh
[0.739s] -- Up-to-date: /home/sdfr-ppd-01/SDfR/assignment6/install/green_object_detector/share/green_object_detector/local_setup.zsh
[0.740s] -- Up-to-date: /home/sdfr-ppd-01/SDfR/assignment6/install/green_object_detector/share/green_object_detector/local_setup.dsv
[0.742s] -- Installing: /home/sdfr-ppd-01/SDfR/assignment6/install/green_object_detector/share/green_object_detector/package.dsv
[0.743s] -- Up-to-date: /home/sdfr-ppd-01/SDfR/assignment6/install/green_object_detector/share/ament_index/resource_index/packages/green_object_detector
[0.745s] -- Up-to-date: /home/sdfr-ppd-01/SDfR/assignment6/install/green_object_detector/share/green_object_detector/cmake/green_object_detectorConfig.cmake
[0.759s] -- Up-to-date: /home/sdfr-ppd-01/SDfR/assignment6/install/green_object_detector/share/green_object_detector/cmake/green_object_detectorConfig-version.cmake
[0.761s] -- Up-to-date: /home/sdfr-ppd-01/SDfR/assignment6/install/green_object_detector/share/green_object_detector/package.xml
[0.855s] Invoked command in '/home/sdfr-ppd-01/SDfR/assignment6/build/green_object_detector' returned '0': CMAKE_PREFIX_PATH=${CMAKE_PREFIX_PATH}:/opt/ros/humble /usr/bin/cmake --install /home/sdfr-ppd-01/SDfR/assignment6/build/green_object_detector
