-- Found ament_cmake: 1.3.13 (/opt/ros/humble/share/ament_cmake/cmake)
-- Found rclcpp: 16.0.18 (/opt/ros/humble/share/rclcpp/cmake)
-- Found rosidl_generator_c: 3.1.8 (/opt/ros/humble/share/rosidl_generator_c/cmake)
-- Found rosidl_adapter: 3.1.8 (/opt/ros/humble/share/rosidl_adapter/cmake)
-- Found rosidl_generator_cpp: 3.1.8 (/opt/ros/humble/share/rosidl_generator_cpp/cmake)
-- Using all available rosidl_typesupport_c: rosidl_typesupport_fastrtps_c;rosidl_typesupport_introspection_c
-- Using all available rosidl_typesupport_cpp: rosidl_typesupport_fastrtps_cpp;rosidl_typesupport_introspection_cpp
-- Found rmw_implementation_cmake: 6.1.2 (/opt/ros/humble/share/rmw_implementation_cmake/cmake)
-- Found rmw_fastrtps_cpp: 6.2.10 (/opt/ros/humble/share/rmw_fastrtps_cpp/cmake)
-- Using RMW implementation 'rmw_fastrtps_cpp' as default
-- Found sensor_msgs: 4.9.1 (/opt/ros/humble/share/sensor_msgs/cmake)
-- Found cv_bridge: 3.2.1 (/opt/ros/humble/share/cv_bridge/cmake)
-- Found ament_lint_auto: 0.12.15 (/opt/ros/humble/share/ament_lint_auto/cmake)
-- Added test 'cppcheck' to perform static code analysis on C / C++ code
-- Configured cppcheck include dirs: 
-- Configured cppcheck exclude dirs and/or files: 
-- Added test 'lint_cmake' to check CMake code style
-- Added test 'uncrustify' to check C / C++ code style
-- Configured uncrustify additional arguments: 
-- Added test 'xmllint' to check XML markup files
-- Configuring done
-- Generating done
-- Build files have been written to: /home/jordan/SDfR/assignment6/build/green_object_detector
[ 50%] [32mBuilding CXX object CMakeFiles/green_object_detector.dir/src/green_object_detector.cpp.o[0m
[100%] [32m[1mLinking CXX executable green_object_detector[0m
[100%] Built target green_object_detector
-- Install configuration: ""
-- Installing: /home/jordan/SDfR/assignment6/install/green_object_detector/lib/green_object_detector/green_object_detector
-- Set runtime path of "/home/jordan/SDfR/assignment6/install/green_object_detector/lib/green_object_detector/green_object_detector" to ""
-- Installing: /home/jordan/SDfR/assignment6/install/green_object_detector/share/ament_index/resource_index/package_run_dependencies/green_object_detector
-- Installing: /home/jordan/SDfR/assignment6/install/green_object_detector/share/ament_index/resource_index/parent_prefix_path/green_object_detector
-- Up-to-date: /home/jordan/SDfR/assignment6/install/green_object_detector/share/green_object_detector/environment/ament_prefix_path.sh
-- Installing: /home/jordan/SDfR/assignment6/install/green_object_detector/share/green_object_detector/environment/ament_prefix_path.dsv
-- Up-to-date: /home/jordan/SDfR/assignment6/install/green_object_detector/share/green_object_detector/environment/path.sh
-- Installing: /home/jordan/SDfR/assignment6/install/green_object_detector/share/green_object_detector/environment/path.dsv
-- Up-to-date: /home/jordan/SDfR/assignment6/install/green_object_detector/share/green_object_detector/local_setup.bash
-- Up-to-date: /home/jordan/SDfR/assignment6/install/green_object_detector/share/green_object_detector/local_setup.sh
-- Up-to-date: /home/jordan/SDfR/assignment6/install/green_object_detector/share/green_object_detector/local_setup.zsh
-- Installing: /home/jordan/SDfR/assignment6/install/green_object_detector/share/green_object_detector/local_setup.dsv
-- Installing: /home/jordan/SDfR/assignment6/install/green_object_detector/share/green_object_detector/package.dsv
-- Up-to-date: /home/jordan/SDfR/assignment6/install/green_object_detector/share/ament_index/resource_index/packages/green_object_detector
-- Up-to-date: /home/jordan/SDfR/assignment6/install/green_object_detector/share/green_object_detector/cmake/green_object_detectorConfig.cmake
-- Up-to-date: /home/jordan/SDfR/assignment6/install/green_object_detector/share/green_object_detector/cmake/green_object_detectorConfig-version.cmake
-- Installing: /home/jordan/SDfR/assignment6/install/green_object_detector/share/green_object_detector/package.xml
