[0.040s] Invoking command in '/home/sdfr-ppd-01/SDfR/assignment6/build/relbot_msgs': CMAKE_PREFIX_PATH=/opt/ros/humble /usr/bin/cmake --build /home/sdfr-ppd-01/SDfR/assignment6/build/relbot_msgs -- -j3 -l3
[0.308s] [35m[1mConsolidate compiler generated dependencies of target relbot_msgs__rosidl_generator_c[0m
[0.405s] [  2%] Built target relbot_msgs__cpp
[0.466s] [  2%] Built target ament_cmake_python_copy_relbot_msgs
[0.486s] [35m[1mConsolidate compiler generated dependencies of target relbot_msgs__rosidl_typesupport_cpp[0m
[0.493s] [ 12%] Built target relbot_msgs__rosidl_generator_c
[0.556s] [35m[1mConsolidate compiler generated dependencies of target relbot_msgs__rosidl_typesupport_fastrtps_cpp[0m
[0.685s] [35m[1mConsolidate compiler generated dependencies of target relbot_msgs__rosidl_typesupport_introspection_cpp[0m
[0.933s] [ 23%] Built target relbot_msgs__rosidl_typesupport_cpp
[1.001s] [ 33%] Built target relbot_msgs__rosidl_typesupport_fastrtps_cpp
[1.029s] [ 43%] Built target relbot_msgs__rosidl_typesupport_introspection_cpp
[1.058s] [35m[1mConsolidate compiler generated dependencies of target relbot_msgs__rosidl_typesupport_fastrtps_c[0m
[1.080s] [35m[1mConsolidate compiler generated dependencies of target relbot_msgs__rosidl_typesupport_introspection_c[0m
[1.397s] [ 53%] Built target relbot_msgs__rosidl_typesupport_introspection_c
[1.500s] [35m[1mConsolidate compiler generated dependencies of target relbot_msgs__rosidl_typesupport_c[0m
[1.651s] [ 64%] Built target relbot_msgs__rosidl_typesupport_fastrtps_c
[1.689s] [ 74%] Built target relbot_msgs__rosidl_typesupport_c
[1.771s] [ 74%] Built target relbot_msgs
[1.932s] [ 76%] Built target relbot_msgs__py
[1.999s] [35m[1mConsolidate compiler generated dependencies of target relbot_msgs__rosidl_generator_py[0m
[2.395s] [ 84%] Built target relbot_msgs__rosidl_generator_py
[2.431s] [35m[1mConsolidate compiler generated dependencies of target relbot_msgs__rosidl_typesupport_introspection_c__pyext[0m
[2.485s] [35m[1mConsolidate compiler generated dependencies of target relbot_msgs__rosidl_typesupport_fastrtps_c__pyext[0m
[2.914s] [ 89%] Built target relbot_msgs__rosidl_typesupport_introspection_c__pyext
[2.930s] [ 94%] Built target relbot_msgs__rosidl_typesupport_fastrtps_c__pyext
[3.016s] [35m[1mConsolidate compiler generated dependencies of target relbot_msgs__rosidl_typesupport_c__pyext[0m
[3.475s] [100%] Built target relbot_msgs__rosidl_typesupport_c__pyext
[4.235s] running egg_info
[4.249s] writing relbot_msgs.egg-info/PKG-INFO
[4.261s] writing dependency_links to relbot_msgs.egg-info/dependency_links.txt
[4.268s] writing top-level names to relbot_msgs.egg-info/top_level.txt
[4.284s] reading manifest file 'relbot_msgs.egg-info/SOURCES.txt'
[4.308s] writing manifest file 'relbot_msgs.egg-info/SOURCES.txt'
[4.672s] [100%] Built target ament_cmake_python_build_relbot_msgs_egg
[4.781s] Invoked command in '/home/sdfr-ppd-01/SDfR/assignment6/build/relbot_msgs' returned '0': CMAKE_PREFIX_PATH=/opt/ros/humble /usr/bin/cmake --build /home/sdfr-ppd-01/SDfR/assignment6/build/relbot_msgs -- -j3 -l3
[4.797s] Invoking command in '/home/sdfr-ppd-01/SDfR/assignment6/build/relbot_msgs': CMAKE_PREFIX_PATH=/opt/ros/humble /usr/bin/cmake --install /home/sdfr-ppd-01/SDfR/assignment6/build/relbot_msgs
[4.886s] -- Install configuration: ""
[4.897s] -- Up-to-date: /home/sdfr-ppd-01/SDfR/assignment6/install/relbot_msgs/share/ament_index/resource_index/rosidl_interfaces/relbot_msgs
[4.901s] -- Up-to-date: /home/sdfr-ppd-01/SDfR/assignment6/install/relbot_msgs/include/relbot_msgs/relbot_msgs
[4.905s] -- Up-to-date: /home/sdfr-ppd-01/SDfR/assignment6/install/relbot_msgs/include/relbot_msgs/relbot_msgs/msg
[4.909s] -- Up-to-date: /home/sdfr-ppd-01/SDfR/assignment6/install/relbot_msgs/include/relbot_msgs/relbot_msgs/msg/rosidl_generator_c__visibility_control.h
[4.913s] -- Up-to-date: /home/sdfr-ppd-01/SDfR/assignment6/install/relbot_msgs/include/relbot_msgs/relbot_msgs/msg/detail
[4.919s] -- Up-to-date: /home/sdfr-ppd-01/SDfR/assignment6/install/relbot_msgs/include/relbot_msgs/relbot_msgs/msg/detail/relbot_motors_stamped__struct.h
[4.927s] -- Up-to-date: /home/sdfr-ppd-01/SDfR/assignment6/install/relbot_msgs/include/relbot_msgs/relbot_msgs/msg/detail/relbot_motors__type_support.h
[4.942s] -- Up-to-date: /home/sdfr-ppd-01/SDfR/assignment6/install/relbot_msgs/include/relbot_msgs/relbot_msgs/msg/detail/relbot_motors__struct.h
[4.952s] -- Up-to-date: /home/sdfr-ppd-01/SDfR/assignment6/install/relbot_msgs/include/relbot_msgs/relbot_msgs/msg/detail/relbot_motors__functions.h
[4.960s] -- Up-to-date: /home/sdfr-ppd-01/SDfR/assignment6/install/relbot_msgs/include/relbot_msgs/relbot_msgs/msg/detail/relbot_motors__functions.c
[4.966s] -- Up-to-date: /home/sdfr-ppd-01/SDfR/assignment6/install/relbot_msgs/include/relbot_msgs/relbot_msgs/msg/detail/relbot_motors_stamped__functions.c
[4.981s] -- Up-to-date: /home/sdfr-ppd-01/SDfR/assignment6/install/relbot_msgs/include/relbot_msgs/relbot_msgs/msg/detail/relbot_motors_stamped__type_support.h
[4.989s] -- Up-to-date: /home/sdfr-ppd-01/SDfR/assignment6/install/relbot_msgs/include/relbot_msgs/relbot_msgs/msg/detail/relbot_motors_stamped__functions.h
[4.997s] -- Up-to-date: /home/sdfr-ppd-01/SDfR/assignment6/install/relbot_msgs/include/relbot_msgs/relbot_msgs/msg/relbot_motors.h
[5.012s] -- Up-to-date: /home/sdfr-ppd-01/SDfR/assignment6/install/relbot_msgs/include/relbot_msgs/relbot_msgs/msg/relbot_motors_stamped.h
[5.019s] -- Up-to-date: /home/sdfr-ppd-01/SDfR/assignment6/install/relbot_msgs/share/relbot_msgs/environment/library_path.sh
[5.024s] -- Up-to-date: /home/sdfr-ppd-01/SDfR/assignment6/install/relbot_msgs/share/relbot_msgs/environment/library_path.dsv
[5.031s] -- Up-to-date: /home/sdfr-ppd-01/SDfR/assignment6/install/relbot_msgs/lib/librelbot_msgs__rosidl_generator_c.so
[5.037s] -- Up-to-date: /home/sdfr-ppd-01/SDfR/assignment6/install/relbot_msgs/include/relbot_msgs/relbot_msgs
[5.043s] -- Up-to-date: /home/sdfr-ppd-01/SDfR/assignment6/install/relbot_msgs/include/relbot_msgs/relbot_msgs/msg
[5.055s] -- Up-to-date: /home/sdfr-ppd-01/SDfR/assignment6/install/relbot_msgs/include/relbot_msgs/relbot_msgs/msg/detail
[5.062s] -- Up-to-date: /home/sdfr-ppd-01/SDfR/assignment6/install/relbot_msgs/include/relbot_msgs/relbot_msgs/msg/detail/relbot_motors__rosidl_typesupport_fastrtps_c.h
[5.069s] -- Up-to-date: /home/sdfr-ppd-01/SDfR/assignment6/install/relbot_msgs/include/relbot_msgs/relbot_msgs/msg/detail/relbot_motors_stamped__rosidl_typesupport_fastrtps_c.h
[5.076s] -- Up-to-date: /home/sdfr-ppd-01/SDfR/assignment6/install/relbot_msgs/include/relbot_msgs/relbot_msgs/msg/rosidl_typesupport_fastrtps_c__visibility_control.h
[5.078s] -- Up-to-date: /home/sdfr-ppd-01/SDfR/assignment6/install/relbot_msgs/lib/librelbot_msgs__rosidl_typesupport_fastrtps_c.so
[5.080s] -- Up-to-date: /home/sdfr-ppd-01/SDfR/assignment6/install/relbot_msgs/include/relbot_msgs/relbot_msgs
[5.081s] -- Up-to-date: /home/sdfr-ppd-01/SDfR/assignment6/install/relbot_msgs/include/relbot_msgs/relbot_msgs/msg
[5.082s] -- Up-to-date: /home/sdfr-ppd-01/SDfR/assignment6/install/relbot_msgs/include/relbot_msgs/relbot_msgs/msg/detail
[5.084s] -- Up-to-date: /home/sdfr-ppd-01/SDfR/assignment6/install/relbot_msgs/include/relbot_msgs/relbot_msgs/msg/detail/relbot_motors_stamped__type_support.c
[5.086s] -- Up-to-date: /home/sdfr-ppd-01/SDfR/assignment6/install/relbot_msgs/include/relbot_msgs/relbot_msgs/msg/detail/relbot_motors_stamped__rosidl_typesupport_introspection_c.h
[5.103s] -- Up-to-date: /home/sdfr-ppd-01/SDfR/assignment6/install/relbot_msgs/include/relbot_msgs/relbot_msgs/msg/detail/relbot_motors__type_support.c
[5.105s] -- Up-to-date: /home/sdfr-ppd-01/SDfR/assignment6/install/relbot_msgs/include/relbot_msgs/relbot_msgs/msg/detail/relbot_motors__rosidl_typesupport_introspection_c.h
[5.106s] -- Up-to-date: /home/sdfr-ppd-01/SDfR/assignment6/install/relbot_msgs/include/relbot_msgs/relbot_msgs/msg/rosidl_typesupport_introspection_c__visibility_control.h
[5.108s] -- Up-to-date: /home/sdfr-ppd-01/SDfR/assignment6/install/relbot_msgs/lib/librelbot_msgs__rosidl_typesupport_introspection_c.so
[5.110s] -- Up-to-date: /home/sdfr-ppd-01/SDfR/assignment6/install/relbot_msgs/lib/librelbot_msgs__rosidl_typesupport_c.so
[5.111s] -- Up-to-date: /home/sdfr-ppd-01/SDfR/assignment6/install/relbot_msgs/include/relbot_msgs/relbot_msgs
[5.113s] -- Up-to-date: /home/sdfr-ppd-01/SDfR/assignment6/install/relbot_msgs/include/relbot_msgs/relbot_msgs/msg
[5.114s] -- Up-to-date: /home/sdfr-ppd-01/SDfR/assignment6/install/relbot_msgs/include/relbot_msgs/relbot_msgs/msg/rosidl_generator_cpp__visibility_control.hpp
[5.116s] -- Up-to-date: /home/sdfr-ppd-01/SDfR/assignment6/install/relbot_msgs/include/relbot_msgs/relbot_msgs/msg/detail
[5.117s] -- Up-to-date: /home/sdfr-ppd-01/SDfR/assignment6/install/relbot_msgs/include/relbot_msgs/relbot_msgs/msg/detail/relbot_motors_stamped__traits.hpp
[5.129s] -- Up-to-date: /home/sdfr-ppd-01/SDfR/assignment6/install/relbot_msgs/include/relbot_msgs/relbot_msgs/msg/detail/relbot_motors__builder.hpp
[5.130s] -- Up-to-date: /home/sdfr-ppd-01/SDfR/assignment6/install/relbot_msgs/include/relbot_msgs/relbot_msgs/msg/detail/relbot_motors_stamped__struct.hpp
[5.143s] -- Up-to-date: /home/sdfr-ppd-01/SDfR/assignment6/install/relbot_msgs/include/relbot_msgs/relbot_msgs/msg/detail/relbot_motors__struct.hpp
[5.145s] -- Up-to-date: /home/sdfr-ppd-01/SDfR/assignment6/install/relbot_msgs/include/relbot_msgs/relbot_msgs/msg/detail/relbot_motors_stamped__type_support.hpp
[5.148s] -- Up-to-date: /home/sdfr-ppd-01/SDfR/assignment6/install/relbot_msgs/include/relbot_msgs/relbot_msgs/msg/detail/relbot_motors_stamped__builder.hpp
[5.150s] -- Up-to-date: /home/sdfr-ppd-01/SDfR/assignment6/install/relbot_msgs/include/relbot_msgs/relbot_msgs/msg/detail/relbot_motors__traits.hpp
[5.152s] -- Up-to-date: /home/sdfr-ppd-01/SDfR/assignment6/install/relbot_msgs/include/relbot_msgs/relbot_msgs/msg/detail/relbot_motors__type_support.hpp
[5.154s] -- Up-to-date: /home/sdfr-ppd-01/SDfR/assignment6/install/relbot_msgs/include/relbot_msgs/relbot_msgs/msg/relbot_motors_stamped.hpp
[5.164s] -- Up-to-date: /home/sdfr-ppd-01/SDfR/assignment6/install/relbot_msgs/include/relbot_msgs/relbot_msgs/msg/relbot_motors.hpp
[5.166s] -- Up-to-date: /home/sdfr-ppd-01/SDfR/assignment6/install/relbot_msgs/include/relbot_msgs/relbot_msgs
[5.168s] -- Up-to-date: /home/sdfr-ppd-01/SDfR/assignment6/install/relbot_msgs/include/relbot_msgs/relbot_msgs/msg
[5.169s] -- Up-to-date: /home/sdfr-ppd-01/SDfR/assignment6/install/relbot_msgs/include/relbot_msgs/relbot_msgs/msg/detail
[5.175s] -- Up-to-date: /home/sdfr-ppd-01/SDfR/assignment6/install/relbot_msgs/include/relbot_msgs/relbot_msgs/msg/detail/relbot_motors__rosidl_typesupport_fastrtps_cpp.hpp
[5.176s] -- Up-to-date: /home/sdfr-ppd-01/SDfR/assignment6/install/relbot_msgs/include/relbot_msgs/relbot_msgs/msg/detail/relbot_motors_stamped__rosidl_typesupport_fastrtps_cpp.hpp
[5.177s] -- Up-to-date: /home/sdfr-ppd-01/SDfR/assignment6/install/relbot_msgs/include/relbot_msgs/relbot_msgs/msg/detail/dds_fastrtps
[5.179s] -- Up-to-date: /home/sdfr-ppd-01/SDfR/assignment6/install/relbot_msgs/include/relbot_msgs/relbot_msgs/msg/rosidl_typesupport_fastrtps_cpp__visibility_control.h
[5.180s] -- Up-to-date: /home/sdfr-ppd-01/SDfR/assignment6/install/relbot_msgs/lib/librelbot_msgs__rosidl_typesupport_fastrtps_cpp.so
[5.182s] -- Up-to-date: /home/sdfr-ppd-01/SDfR/assignment6/install/relbot_msgs/include/relbot_msgs/relbot_msgs
[5.183s] -- Up-to-date: /home/sdfr-ppd-01/SDfR/assignment6/install/relbot_msgs/include/relbot_msgs/relbot_msgs/msg
[5.185s] -- Up-to-date: /home/sdfr-ppd-01/SDfR/assignment6/install/relbot_msgs/include/relbot_msgs/relbot_msgs/msg/detail
[5.186s] -- Up-to-date: /home/sdfr-ppd-01/SDfR/assignment6/install/relbot_msgs/include/relbot_msgs/relbot_msgs/msg/detail/relbot_motors_stamped__type_support.cpp
[5.200s] -- Up-to-date: /home/sdfr-ppd-01/SDfR/assignment6/install/relbot_msgs/include/relbot_msgs/relbot_msgs/msg/detail/relbot_motors_stamped__rosidl_typesupport_introspection_cpp.hpp
[5.201s] -- Up-to-date: /home/sdfr-ppd-01/SDfR/assignment6/install/relbot_msgs/include/relbot_msgs/relbot_msgs/msg/detail/relbot_motors__type_support.cpp
[5.215s] -- Up-to-date: /home/sdfr-ppd-01/SDfR/assignment6/install/relbot_msgs/include/relbot_msgs/relbot_msgs/msg/detail/relbot_motors__rosidl_typesupport_introspection_cpp.hpp
[5.217s] -- Up-to-date: /home/sdfr-ppd-01/SDfR/assignment6/install/relbot_msgs/lib/librelbot_msgs__rosidl_typesupport_introspection_cpp.so
[5.219s] -- Up-to-date: /home/sdfr-ppd-01/SDfR/assignment6/install/relbot_msgs/lib/librelbot_msgs__rosidl_typesupport_cpp.so
[5.221s] -- Up-to-date: /home/sdfr-ppd-01/SDfR/assignment6/install/relbot_msgs/share/relbot_msgs/environment/pythonpath.sh
[5.222s] -- Up-to-date: /home/sdfr-ppd-01/SDfR/assignment6/install/relbot_msgs/share/relbot_msgs/environment/pythonpath.dsv
[5.224s] -- Up-to-date: /home/sdfr-ppd-01/SDfR/assignment6/install/relbot_msgs/local/lib/python3.10/dist-packages/relbot_msgs-2025.2.0-py3.10.egg-info
[5.225s] -- Installing: /home/sdfr-ppd-01/SDfR/assignment6/install/relbot_msgs/local/lib/python3.10/dist-packages/relbot_msgs-2025.2.0-py3.10.egg-info/SOURCES.txt
[5.227s] -- Installing: /home/sdfr-ppd-01/SDfR/assignment6/install/relbot_msgs/local/lib/python3.10/dist-packages/relbot_msgs-2025.2.0-py3.10.egg-info/top_level.txt
[5.228s] -- Installing: /home/sdfr-ppd-01/SDfR/assignment6/install/relbot_msgs/local/lib/python3.10/dist-packages/relbot_msgs-2025.2.0-py3.10.egg-info/dependency_links.txt
[5.230s] -- Installing: /home/sdfr-ppd-01/SDfR/assignment6/install/relbot_msgs/local/lib/python3.10/dist-packages/relbot_msgs-2025.2.0-py3.10.egg-info/PKG-INFO
[5.232s] -- Up-to-date: /home/sdfr-ppd-01/SDfR/assignment6/install/relbot_msgs/local/lib/python3.10/dist-packages/relbot_msgs
[5.234s] -- Up-to-date: /home/sdfr-ppd-01/SDfR/assignment6/install/relbot_msgs/local/lib/python3.10/dist-packages/relbot_msgs/msg
[5.236s] -- Up-to-date: /home/sdfr-ppd-01/SDfR/assignment6/install/relbot_msgs/local/lib/python3.10/dist-packages/relbot_msgs/msg/_relbot_motors_s.c
[5.238s] -- Up-to-date: /home/sdfr-ppd-01/SDfR/assignment6/install/relbot_msgs/local/lib/python3.10/dist-packages/relbot_msgs/msg/_relbot_motors_stamped_s.c
[5.239s] -- Up-to-date: /home/sdfr-ppd-01/SDfR/assignment6/install/relbot_msgs/local/lib/python3.10/dist-packages/relbot_msgs/msg/__init__.py
[5.241s] -- Up-to-date: /home/sdfr-ppd-01/SDfR/assignment6/install/relbot_msgs/local/lib/python3.10/dist-packages/relbot_msgs/msg/_relbot_motors.py
[5.242s] -- Up-to-date: /home/sdfr-ppd-01/SDfR/assignment6/install/relbot_msgs/local/lib/python3.10/dist-packages/relbot_msgs/msg/_relbot_motors_stamped.py
[5.244s] -- Up-to-date: /home/sdfr-ppd-01/SDfR/assignment6/install/relbot_msgs/local/lib/python3.10/dist-packages/relbot_msgs/relbot_msgs_s__rosidl_typesupport_introspection_c.cpython-310-aarch64-linux-gnu.so
[5.245s] -- Up-to-date: /home/sdfr-ppd-01/SDfR/assignment6/install/relbot_msgs/local/lib/python3.10/dist-packages/relbot_msgs/_relbot_msgs_s.ep.rosidl_typesupport_fastrtps_c.c
[5.248s] -- Up-to-date: /home/sdfr-ppd-01/SDfR/assignment6/install/relbot_msgs/local/lib/python3.10/dist-packages/relbot_msgs/relbot_msgs_s__rosidl_typesupport_fastrtps_c.cpython-310-aarch64-linux-gnu.so
[5.249s] -- Up-to-date: /home/sdfr-ppd-01/SDfR/assignment6/install/relbot_msgs/local/lib/python3.10/dist-packages/relbot_msgs/__init__.py
[5.251s] -- Up-to-date: /home/sdfr-ppd-01/SDfR/assignment6/install/relbot_msgs/local/lib/python3.10/dist-packages/relbot_msgs/_relbot_msgs_s.ep.rosidl_typesupport_introspection_c.c
[5.252s] -- Up-to-date: /home/sdfr-ppd-01/SDfR/assignment6/install/relbot_msgs/local/lib/python3.10/dist-packages/relbot_msgs/_relbot_msgs_s.ep.rosidl_typesupport_c.c
[5.254s] -- Up-to-date: /home/sdfr-ppd-01/SDfR/assignment6/install/relbot_msgs/local/lib/python3.10/dist-packages/relbot_msgs/librelbot_msgs__rosidl_generator_py.so
[5.256s] -- Up-to-date: /home/sdfr-ppd-01/SDfR/assignment6/install/relbot_msgs/local/lib/python3.10/dist-packages/relbot_msgs/relbot_msgs_s__rosidl_typesupport_c.cpython-310-aarch64-linux-gnu.so
[5.296s] Listing '/home/sdfr-ppd-01/SDfR/assignment6/install/relbot_msgs/local/lib/python3.10/dist-packages/relbot_msgs'...
[5.299s] Listing '/home/sdfr-ppd-01/SDfR/assignment6/install/relbot_msgs/local/lib/python3.10/dist-packages/relbot_msgs/msg'...
[5.379s] -- Up-to-date: /home/sdfr-ppd-01/SDfR/assignment6/install/relbot_msgs/local/lib/python3.10/dist-packages/relbot_msgs/relbot_msgs_s__rosidl_typesupport_fastrtps_c.cpython-310-aarch64-linux-gnu.so
[5.382s] -- Up-to-date: /home/sdfr-ppd-01/SDfR/assignment6/install/relbot_msgs/local/lib/python3.10/dist-packages/relbot_msgs/relbot_msgs_s__rosidl_typesupport_introspection_c.cpython-310-aarch64-linux-gnu.so
[5.387s] -- Up-to-date: /home/sdfr-ppd-01/SDfR/assignment6/install/relbot_msgs/local/lib/python3.10/dist-packages/relbot_msgs/relbot_msgs_s__rosidl_typesupport_c.cpython-310-aarch64-linux-gnu.so
[5.389s] -- Up-to-date: /home/sdfr-ppd-01/SDfR/assignment6/install/relbot_msgs/lib/librelbot_msgs__rosidl_generator_py.so
[5.391s] -- Up-to-date: /home/sdfr-ppd-01/SDfR/assignment6/install/relbot_msgs/share/relbot_msgs/msg/RelbotMotors.idl
[5.393s] -- Up-to-date: /home/sdfr-ppd-01/SDfR/assignment6/install/relbot_msgs/share/relbot_msgs/msg/RelbotMotorsStamped.idl
[5.395s] -- Up-to-date: /home/sdfr-ppd-01/SDfR/assignment6/install/relbot_msgs/share/relbot_msgs/msg/RelbotMotors.msg
[5.400s] -- Up-to-date: /home/sdfr-ppd-01/SDfR/assignment6/install/relbot_msgs/share/relbot_msgs/msg/RelbotMotorsStamped.msg
[5.402s] -- Up-to-date: /home/sdfr-ppd-01/SDfR/assignment6/install/relbot_msgs/share/ament_index/resource_index/package_run_dependencies/relbot_msgs
[5.403s] -- Up-to-date: /home/sdfr-ppd-01/SDfR/assignment6/install/relbot_msgs/share/ament_index/resource_index/parent_prefix_path/relbot_msgs
[5.405s] -- Up-to-date: /home/sdfr-ppd-01/SDfR/assignment6/install/relbot_msgs/share/relbot_msgs/environment/ament_prefix_path.sh
[5.415s] -- Up-to-date: /home/sdfr-ppd-01/SDfR/assignment6/install/relbot_msgs/share/relbot_msgs/environment/ament_prefix_path.dsv
[5.416s] -- Up-to-date: /home/sdfr-ppd-01/SDfR/assignment6/install/relbot_msgs/share/relbot_msgs/environment/path.sh
[5.418s] -- Up-to-date: /home/sdfr-ppd-01/SDfR/assignment6/install/relbot_msgs/share/relbot_msgs/environment/path.dsv
[5.419s] -- Up-to-date: /home/sdfr-ppd-01/SDfR/assignment6/install/relbot_msgs/share/relbot_msgs/local_setup.bash
[5.431s] -- Up-to-date: /home/sdfr-ppd-01/SDfR/assignment6/install/relbot_msgs/share/relbot_msgs/local_setup.sh
[5.433s] -- Up-to-date: /home/sdfr-ppd-01/SDfR/assignment6/install/relbot_msgs/share/relbot_msgs/local_setup.zsh
[5.434s] -- Up-to-date: /home/sdfr-ppd-01/SDfR/assignment6/install/relbot_msgs/share/relbot_msgs/local_setup.dsv
[5.436s] -- Installing: /home/sdfr-ppd-01/SDfR/assignment6/install/relbot_msgs/share/relbot_msgs/package.dsv
[5.437s] -- Up-to-date: /home/sdfr-ppd-01/SDfR/assignment6/install/relbot_msgs/share/ament_index/resource_index/packages/relbot_msgs
[5.439s] -- Up-to-date: /home/sdfr-ppd-01/SDfR/assignment6/install/relbot_msgs/share/relbot_msgs/cmake/export_relbot_msgs__rosidl_generator_cExport.cmake
[5.441s] -- Up-to-date: /home/sdfr-ppd-01/SDfR/assignment6/install/relbot_msgs/share/relbot_msgs/cmake/export_relbot_msgs__rosidl_generator_cExport-noconfig.cmake
[5.446s] -- Up-to-date: /home/sdfr-ppd-01/SDfR/assignment6/install/relbot_msgs/share/relbot_msgs/cmake/export_relbot_msgs__rosidl_typesupport_fastrtps_cExport.cmake
[5.463s] -- Up-to-date: /home/sdfr-ppd-01/SDfR/assignment6/install/relbot_msgs/share/relbot_msgs/cmake/export_relbot_msgs__rosidl_typesupport_fastrtps_cExport-noconfig.cmake
[5.467s] -- Up-to-date: /home/sdfr-ppd-01/SDfR/assignment6/install/relbot_msgs/share/relbot_msgs/cmake/relbot_msgs__rosidl_typesupport_introspection_cExport.cmake
[5.470s] -- Up-to-date: /home/sdfr-ppd-01/SDfR/assignment6/install/relbot_msgs/share/relbot_msgs/cmake/relbot_msgs__rosidl_typesupport_introspection_cExport-noconfig.cmake
[5.473s] -- Up-to-date: /home/sdfr-ppd-01/SDfR/assignment6/install/relbot_msgs/share/relbot_msgs/cmake/relbot_msgs__rosidl_typesupport_cExport.cmake
[5.476s] -- Up-to-date: /home/sdfr-ppd-01/SDfR/assignment6/install/relbot_msgs/share/relbot_msgs/cmake/relbot_msgs__rosidl_typesupport_cExport-noconfig.cmake
[5.480s] -- Up-to-date: /home/sdfr-ppd-01/SDfR/assignment6/install/relbot_msgs/share/relbot_msgs/cmake/export_relbot_msgs__rosidl_generator_cppExport.cmake
[5.484s] -- Up-to-date: /home/sdfr-ppd-01/SDfR/assignment6/install/relbot_msgs/share/relbot_msgs/cmake/export_relbot_msgs__rosidl_typesupport_fastrtps_cppExport.cmake
[5.487s] -- Up-to-date: /home/sdfr-ppd-01/SDfR/assignment6/install/relbot_msgs/share/relbot_msgs/cmake/export_relbot_msgs__rosidl_typesupport_fastrtps_cppExport-noconfig.cmake
[5.490s] -- Up-to-date: /home/sdfr-ppd-01/SDfR/assignment6/install/relbot_msgs/share/relbot_msgs/cmake/relbot_msgs__rosidl_typesupport_introspection_cppExport.cmake
[5.493s] -- Up-to-date: /home/sdfr-ppd-01/SDfR/assignment6/install/relbot_msgs/share/relbot_msgs/cmake/relbot_msgs__rosidl_typesupport_introspection_cppExport-noconfig.cmake
[5.496s] -- Up-to-date: /home/sdfr-ppd-01/SDfR/assignment6/install/relbot_msgs/share/relbot_msgs/cmake/relbot_msgs__rosidl_typesupport_cppExport.cmake
[5.498s] -- Up-to-date: /home/sdfr-ppd-01/SDfR/assignment6/install/relbot_msgs/share/relbot_msgs/cmake/relbot_msgs__rosidl_typesupport_cppExport-noconfig.cmake
[5.501s] -- Up-to-date: /home/sdfr-ppd-01/SDfR/assignment6/install/relbot_msgs/share/relbot_msgs/cmake/export_relbot_msgs__rosidl_generator_pyExport.cmake
[5.504s] -- Up-to-date: /home/sdfr-ppd-01/SDfR/assignment6/install/relbot_msgs/share/relbot_msgs/cmake/export_relbot_msgs__rosidl_generator_pyExport-noconfig.cmake
[5.508s] -- Up-to-date: /home/sdfr-ppd-01/SDfR/assignment6/install/relbot_msgs/share/relbot_msgs/cmake/rosidl_cmake-extras.cmake
[5.511s] -- Up-to-date: /home/sdfr-ppd-01/SDfR/assignment6/install/relbot_msgs/share/relbot_msgs/cmake/ament_cmake_export_dependencies-extras.cmake
[5.514s] -- Up-to-date: /home/sdfr-ppd-01/SDfR/assignment6/install/relbot_msgs/share/relbot_msgs/cmake/ament_cmake_export_include_directories-extras.cmake
[5.517s] -- Up-to-date: /home/sdfr-ppd-01/SDfR/assignment6/install/relbot_msgs/share/relbot_msgs/cmake/ament_cmake_export_libraries-extras.cmake
[5.520s] -- Up-to-date: /home/sdfr-ppd-01/SDfR/assignment6/install/relbot_msgs/share/relbot_msgs/cmake/ament_cmake_export_targets-extras.cmake
[5.524s] -- Up-to-date: /home/sdfr-ppd-01/SDfR/assignment6/install/relbot_msgs/share/relbot_msgs/cmake/rosidl_cmake_export_typesupport_targets-extras.cmake
[5.528s] -- Up-to-date: /home/sdfr-ppd-01/SDfR/assignment6/install/relbot_msgs/share/relbot_msgs/cmake/rosidl_cmake_export_typesupport_libraries-extras.cmake
[5.531s] -- Up-to-date: /home/sdfr-ppd-01/SDfR/assignment6/install/relbot_msgs/share/relbot_msgs/cmake/relbot_msgsConfig.cmake
[5.534s] -- Up-to-date: /home/sdfr-ppd-01/SDfR/assignment6/install/relbot_msgs/share/relbot_msgs/cmake/relbot_msgsConfig-version.cmake
[5.537s] -- Up-to-date: /home/sdfr-ppd-01/SDfR/assignment6/install/relbot_msgs/share/relbot_msgs/package.xml
[5.541s] Invoked command in '/home/sdfr-ppd-01/SDfR/assignment6/build/relbot_msgs' returned '0': CMAKE_PREFIX_PATH=/opt/ros/humble /usr/bin/cmake --install /home/sdfr-ppd-01/SDfR/assignment6/build/relbot_msgs
