[0.028s] Invoking command in '/home/jordan/git_repos/SDfR/assignment6/build/cam2image_vm2ros': CMAKE_PREFIX_PATH=${CMAKE_PREFIX_PATH}:/opt/ros/jazzy DEBUGINFOD_URLS=https://debuginfod.ubuntu.com /usr/bin/cmake /home/jordan/git_repos/SDfR/assignment6/src/cam2image_vm2ros -DCMAKE_INSTALL_PREFIX=/home/jordan/git_repos/SDfR/assignment6/install/cam2image_vm2ros
[0.090s] -- The C compiler identification is GNU 13.3.0
[0.160s] -- The CXX compiler identification is GNU 13.3.0
[0.180s] -- Detecting C compiler ABI info
[0.296s] -- Detecting C compiler ABI info - done
[0.306s] -- Check for working C compiler: /usr/bin/cc - skipped
[0.306s] -- Detecting C compile features
[0.307s] -- Detecting C compile features - done
[0.320s] -- Detecting CXX compiler ABI info
[0.440s] -- Detecting CXX compiler ABI info - done
[0.451s] -- Check for working CXX compiler: /usr/bin/c++ - skipped
[0.452s] -- Detecting CXX compile features
[0.452s] -- Detecting CXX compile features - done
[0.457s] -- Found ament_cmake: 2.5.6 (/opt/ros/jazzy/share/ament_cmake/cmake)
[0.645s] -- Found Python3: /usr/bin/python3 (found version "3.12.3") found components: Interpreter 
[0.815s] -- Found rclcpp: 28.1.18 (/opt/ros/jazzy/share/rclcpp/cmake)
[0.874s] -- Found rosidl_generator_c: 4.6.7 (/opt/ros/jazzy/share/rosidl_generator_c/cmake)
[0.893s] -- Found rosidl_generator_cpp: 4.6.7 (/opt/ros/jazzy/share/rosidl_generator_cpp/cmake)
[0.916s] -- Using all available rosidl_typesupport_c: rosidl_typesupport_fastrtps_c;rosidl_typesupport_introspection_c
[0.940s] -- Using all available rosidl_typesupport_cpp: rosidl_typesupport_fastrtps_cpp;rosidl_typesupport_introspection_cpp
[1.046s] -- Found rmw_implementation_cmake: 7.3.3 (/opt/ros/jazzy/share/rmw_implementation_cmake/cmake)
[1.051s] -- Found rmw_fastrtps_cpp: 8.4.3 (/opt/ros/jazzy/share/rmw_fastrtps_cpp/cmake)
[1.172s] -- Found OpenSSL: /usr/lib/x86_64-linux-gnu/libcrypto.so (found version "3.0.13")  
[1.200s] -- Found FastRTPS: /opt/ros/jazzy/include (Required is at least version "2.13") 
[1.234s] -- Using RMW implementation 'rmw_fastrtps_cpp' as default
[1.333s] -- Found rclcpp_components: 28.1.18 (/opt/ros/jazzy/share/rclcpp_components/cmake)
[1.381s] -- Found sensor_msgs: 5.3.7 (/opt/ros/jazzy/share/sensor_msgs/cmake)
[1.451s] -- Found cv_bridge: 4.1.0 (/opt/ros/jazzy/share/cv_bridge/cmake)
[1.469s] -- Found OpenCV: /usr (found version "4.6.0") found components: core highgui imgcodecs imgproc videoio 
[1.583s] -- Configuring done (1.5s)
[1.612s] -- Generating done (0.0s)
[1.618s] -- Build files have been written to: /home/jordan/git_repos/SDfR/assignment6/build/cam2image_vm2ros
[1.636s] Invoked command in '/home/jordan/git_repos/SDfR/assignment6/build/cam2image_vm2ros' returned '0': CMAKE_PREFIX_PATH=${CMAKE_PREFIX_PATH}:/opt/ros/jazzy DEBUGINFOD_URLS=https://debuginfod.ubuntu.com /usr/bin/cmake /home/jordan/git_repos/SDfR/assignment6/src/cam2image_vm2ros -DCMAKE_INSTALL_PREFIX=/home/jordan/git_repos/SDfR/assignment6/install/cam2image_vm2ros
[1.637s] Invoking command in '/home/jordan/git_repos/SDfR/assignment6/build/cam2image_vm2ros': CMAKE_PREFIX_PATH=${CMAKE_PREFIX_PATH}:/opt/ros/jazzy DEBUGINFOD_URLS=https://debuginfod.ubuntu.com /usr/bin/cmake --build /home/jordan/git_repos/SDfR/assignment6/build/cam2image_vm2ros -- -j16 -l16
[1.702s] [ 20%] [32mBuilding CXX object CMakeFiles/cam2image_vm2ros.dir/src/cam2image.cpp.o[0m
[1.702s] [ 40%] [32mBuilding CXX object CMakeFiles/cam2image.dir/rclcpp_components/node_main_cam2image.cpp.o[0m
[1.702s] [ 60%] [32mBuilding CXX object CMakeFiles/cam2image_vm2ros.dir/src/remote_capture.cpp.o[0m
[6.184s] [ 80%] [32m[1mLinking CXX executable cam2image[0m
[6.516s] [ 80%] Built target cam2image
[16.076s] [100%] [32m[1mLinking CXX shared library libcam2image_vm2ros.so[0m
[16.509s] [100%] Built target cam2image_vm2ros
[16.522s] Invoked command in '/home/jordan/git_repos/SDfR/assignment6/build/cam2image_vm2ros' returned '0': CMAKE_PREFIX_PATH=${CMAKE_PREFIX_PATH}:/opt/ros/jazzy DEBUGINFOD_URLS=https://debuginfod.ubuntu.com /usr/bin/cmake --build /home/jordan/git_repos/SDfR/assignment6/build/cam2image_vm2ros -- -j16 -l16
[16.523s] Invoking command in '/home/jordan/git_repos/SDfR/assignment6/build/cam2image_vm2ros': CMAKE_PREFIX_PATH=${CMAKE_PREFIX_PATH}:/opt/ros/jazzy DEBUGINFOD_URLS=https://debuginfod.ubuntu.com /usr/bin/cmake --install /home/jordan/git_repos/SDfR/assignment6/build/cam2image_vm2ros
[16.532s] -- Install configuration: ""
[16.532s] -- Installing: /home/jordan/git_repos/SDfR/assignment6/install/cam2image_vm2ros/lib/cam2image_vm2ros/cam2image
[16.533s] -- Set non-toolchain portion of runtime path of "/home/jordan/git_repos/SDfR/assignment6/install/cam2image_vm2ros/lib/cam2image_vm2ros/cam2image" to ""
[16.533s] -- Installing: /home/jordan/git_repos/SDfR/assignment6/install/cam2image_vm2ros/lib/libcam2image_vm2ros.so
[16.539s] -- Set non-toolchain portion of runtime path of "/home/jordan/git_repos/SDfR/assignment6/install/cam2image_vm2ros/lib/libcam2image_vm2ros.so" to ""
[16.539s] -- Installing: /home/jordan/git_repos/SDfR/assignment6/install/cam2image_vm2ros/include/cam2image_vm2ros
[16.539s] -- Installing: /home/jordan/git_repos/SDfR/assignment6/install/cam2image_vm2ros/include/cam2image_vm2ros/visibility_control.h
[16.539s] -- Installing: /home/jordan/git_repos/SDfR/assignment6/install/cam2image_vm2ros/include/cam2image_vm2ros/base64.hpp
[16.539s] -- Installing: /home/jordan/git_repos/SDfR/assignment6/install/cam2image_vm2ros/include/cam2image_vm2ros/remote_capture.hpp
[16.539s] -- Installing: /home/jordan/git_repos/SDfR/assignment6/install/cam2image_vm2ros/include/cam2image_vm2ros/cam2image.hpp
[16.540s] -- Installing: /home/jordan/git_repos/SDfR/assignment6/install/cam2image_vm2ros/share/cam2image_vm2ros/config
[16.540s] -- Installing: /home/jordan/git_repos/SDfR/assignment6/install/cam2image_vm2ros/share/cam2image_vm2ros/config/cam2image_relbot.yaml
[16.540s] -- Installing: /home/jordan/git_repos/SDfR/assignment6/install/cam2image_vm2ros/share/cam2image_vm2ros/config/cam2image.yaml
[16.540s] -- Installing: /home/jordan/git_repos/SDfR/assignment6/install/cam2image_vm2ros/share/cam2image_vm2ros/launch
[16.540s] -- Installing: /home/jordan/git_repos/SDfR/assignment6/install/cam2image_vm2ros/share/cam2image_vm2ros/launch/vm_camera_test.launch.py
[16.540s] -- Installing: /home/jordan/git_repos/SDfR/assignment6/install/cam2image_vm2ros/share/cam2image_vm2ros/environment/library_path.sh
[16.540s] -- Installing: /home/jordan/git_repos/SDfR/assignment6/install/cam2image_vm2ros/share/cam2image_vm2ros/environment/library_path.dsv
[16.540s] -- Installing: /home/jordan/git_repos/SDfR/assignment6/install/cam2image_vm2ros/share/ament_index/resource_index/package_run_dependencies/cam2image_vm2ros
[16.540s] -- Installing: /home/jordan/git_repos/SDfR/assignment6/install/cam2image_vm2ros/share/ament_index/resource_index/parent_prefix_path/cam2image_vm2ros
[16.541s] -- Installing: /home/jordan/git_repos/SDfR/assignment6/install/cam2image_vm2ros/share/cam2image_vm2ros/environment/ament_prefix_path.sh
[16.541s] -- Installing: /home/jordan/git_repos/SDfR/assignment6/install/cam2image_vm2ros/share/cam2image_vm2ros/environment/ament_prefix_path.dsv
[16.541s] -- Installing: /home/jordan/git_repos/SDfR/assignment6/install/cam2image_vm2ros/share/cam2image_vm2ros/environment/path.sh
[16.541s] -- Installing: /home/jordan/git_repos/SDfR/assignment6/install/cam2image_vm2ros/share/cam2image_vm2ros/environment/path.dsv
[16.541s] -- Installing: /home/jordan/git_repos/SDfR/assignment6/install/cam2image_vm2ros/share/cam2image_vm2ros/local_setup.bash
[16.541s] -- Installing: /home/jordan/git_repos/SDfR/assignment6/install/cam2image_vm2ros/share/cam2image_vm2ros/local_setup.sh
[16.541s] -- Installing: /home/jordan/git_repos/SDfR/assignment6/install/cam2image_vm2ros/share/cam2image_vm2ros/local_setup.zsh
[16.542s] -- Installing: /home/jordan/git_repos/SDfR/assignment6/install/cam2image_vm2ros/share/cam2image_vm2ros/local_setup.dsv
[16.542s] -- Installing: /home/jordan/git_repos/SDfR/assignment6/install/cam2image_vm2ros/share/cam2image_vm2ros/package.dsv
[16.542s] -- Installing: /home/jordan/git_repos/SDfR/assignment6/install/cam2image_vm2ros/share/ament_index/resource_index/packages/cam2image_vm2ros
[16.542s] -- Installing: /home/jordan/git_repos/SDfR/assignment6/install/cam2image_vm2ros/share/ament_index/resource_index/rclcpp_components/cam2image_vm2ros
[16.542s] -- Installing: /home/jordan/git_repos/SDfR/assignment6/install/cam2image_vm2ros/share/cam2image_vm2ros/cmake/cam2image_vm2rosExport.cmake
[16.543s] -- Installing: /home/jordan/git_repos/SDfR/assignment6/install/cam2image_vm2ros/share/cam2image_vm2ros/cmake/cam2image_vm2rosExport-noconfig.cmake
[16.543s] -- Installing: /home/jordan/git_repos/SDfR/assignment6/install/cam2image_vm2ros/share/cam2image_vm2ros/cmake/ament_cmake_export_libraries-extras.cmake
[16.543s] -- Installing: /home/jordan/git_repos/SDfR/assignment6/install/cam2image_vm2ros/share/cam2image_vm2ros/cmake/ament_cmake_export_targets-extras.cmake
[16.543s] -- Installing: /home/jordan/git_repos/SDfR/assignment6/install/cam2image_vm2ros/share/cam2image_vm2ros/cmake/ament_cmake_export_dependencies-extras.cmake
[16.543s] -- Installing: /home/jordan/git_repos/SDfR/assignment6/install/cam2image_vm2ros/share/cam2image_vm2ros/cmake/cam2image_vm2rosConfig.cmake
[16.543s] -- Installing: /home/jordan/git_repos/SDfR/assignment6/install/cam2image_vm2ros/share/cam2image_vm2ros/cmake/cam2image_vm2rosConfig-version.cmake
[16.544s] -- Installing: /home/jordan/git_repos/SDfR/assignment6/install/cam2image_vm2ros/share/cam2image_vm2ros/package.xml
[16.546s] Invoked command in '/home/jordan/git_repos/SDfR/assignment6/build/cam2image_vm2ros' returned '0': CMAKE_PREFIX_PATH=${CMAKE_PREFIX_PATH}:/opt/ros/jazzy DEBUGINFOD_URLS=https://debuginfod.ubuntu.com /usr/bin/cmake --install /home/jordan/git_repos/SDfR/assignment6/build/cam2image_vm2ros
