[0.036s] Invoking command in '/home/jordan/SDfR/assignment5/build/relbot_simulator': CMAKE_PREFIX_PATH=/opt/ros/humble /usr/bin/cmake /home/jordan/SDfR/assignment5/relbot_simulator -DCMAKE_INSTALL_PREFIX=/home/jordan/SDfR/assignment5/install/relbot_simulator
[0.299s] -- The C compiler identification is GNU 11.4.0
[0.972s] -- The CXX compiler identification is GNU 11.4.0
[1.440s] -- Detecting C compiler ABI info
[1.616s] -- Detecting C compiler ABI info - done
[1.623s] -- Check for working C compiler: /usr/bin/cc - skipped
[1.623s] -- Detecting C compile features
[1.623s] -- Detecting C compile features - done
[1.626s] -- Detecting CXX compiler ABI info
[1.811s] -- Detecting CXX compiler ABI info - done
[1.818s] -- Check for working CXX compiler: /usr/bin/c++ - skipped
[1.818s] -- Detecting CXX compile features
[1.819s] -- Detecting CXX compile features - done
[1.822s] -- Found ament_cmake: 1.3.13 (/opt/ros/humble/share/ament_cmake/cmake)
[1.983s] -- Found Python3: /usr/bin/python3 (found version "3.10.12") found components: Interpreter 
[2.088s] -- Found rclcpp: 16.0.18 (/opt/ros/humble/share/rclcpp/cmake)
[2.330s] -- Found rosidl_generator_c: 3.1.8 (/opt/ros/humble/share/rosidl_generator_c/cmake)
[2.337s] -- Found rosidl_adapter: 3.1.8 (/opt/ros/humble/share/rosidl_adapter/cmake)
[2.349s] -- Found rosidl_generator_cpp: 3.1.8 (/opt/ros/humble/share/rosidl_generator_cpp/cmake)
[2.366s] -- Using all available rosidl_typesupport_c: rosidl_typesupport_fastrtps_c;rosidl_typesupport_introspection_c
[2.387s] -- Using all available rosidl_typesupport_cpp: rosidl_typesupport_fastrtps_cpp;rosidl_typesupport_introspection_cpp
[2.444s] -- Found rmw_implementation_cmake: 6.1.2 (/opt/ros/humble/share/rmw_implementation_cmake/cmake)
[2.448s] -- Found rmw_fastrtps_cpp: 6.2.10 (/opt/ros/humble/share/rmw_fastrtps_cpp/cmake)
[3.305s] -- Found OpenSSL: /usr/lib/x86_64-linux-gnu/libcrypto.so (found version "3.0.2")  
[4.231s] -- Found FastRTPS: /opt/ros/humble/include  
[5.845s] -- Using RMW implementation 'rmw_fastrtps_cpp' as default
[5.857s] -- Looking for pthread.h
[6.032s] -- Looking for pthread.h - found
[6.033s] -- Performing Test CMAKE_HAVE_LIBC_PTHREAD
[6.205s] -- Performing Test CMAKE_HAVE_LIBC_PTHREAD - Success
[6.206s] -- Found Threads: TRUE  
[6.275s] -- Found example_interfaces: 0.9.3 (/opt/ros/humble/share/example_interfaces/cmake)
[6.329s] -- Found geometry_msgs: 4.9.1 (/opt/ros/humble/share/geometry_msgs/cmake)
[6.348s] -- Found sensor_msgs: 4.9.1 (/opt/ros/humble/share/sensor_msgs/cmake)
[6.376s] -- Found OpenCV: /usr (found version "4.5.4") found components: core highgui imgcodecs imgproc videoio 
[6.379s] -- Found cv_bridge: 3.2.1 (/opt/ros/humble/share/cv_bridge/cmake)
[6.384s] -- Found ament_lint_auto: 0.12.15 (/opt/ros/humble/share/ament_lint_auto/cmake)
[6.470s] -- Added test 'copyright' to check source files copyright and LICENSE
[6.473s] -- Added test 'cppcheck' to perform static code analysis on C / C++ code
[6.473s] -- Configured cppcheck include dirs: /home/jordan/SDfR/assignment5/relbot_simulator/include;/home/jordan/SDfR/assignment5/relbot_simulator/common;$<BUILD_INTERFACE:/home/jordan/SDfR/assignment5/relbot_simulator/include>;$<BUILD_INTERFACE:/home/jordan/SDfR/assignment5/relbot_simulator/common>
[6.473s] -- Configured cppcheck exclude dirs and/or files: 
[6.476s] -- Added test 'cpplint' to check C / C++ code against the Google style
[6.476s] -- Configured cpplint exclude dirs and/or files: 
[6.477s] -- Added test 'lint_cmake' to check CMake code style
[6.480s] -- Added test 'uncrustify' to check C / C++ code style
[6.480s] -- Configured uncrustify additional arguments: 
[6.481s] -- Added test 'xmllint' to check XML markup files
[6.483s] -- Configuring done
[6.503s] -- Generating done
[6.509s] -- Build files have been written to: /home/jordan/SDfR/assignment5/build/relbot_simulator
[6.526s] Invoked command in '/home/jordan/SDfR/assignment5/build/relbot_simulator' returned '0': CMAKE_PREFIX_PATH=/opt/ros/humble /usr/bin/cmake /home/jordan/SDfR/assignment5/relbot_simulator -DCMAKE_INSTALL_PREFIX=/home/jordan/SDfR/assignment5/install/relbot_simulator
[6.528s] Invoking command in '/home/jordan/SDfR/assignment5/build/relbot_simulator': CMAKE_PREFIX_PATH=/opt/ros/humble /usr/bin/cmake --build /home/jordan/SDfR/assignment5/build/relbot_simulator -- -j16 -l16
[6.590s] [ 11%] [32mBuilding CXX object CMakeFiles/relbot_simulator.dir/common/EulerAngles.cpp.o[0m
[6.591s] [ 44%] [32mBuilding CXX object CMakeFiles/relbot_simulator.dir/src/Plant.cpp.o[0m
[6.591s] [ 44%] [32mBuilding CXX object CMakeFiles/relbot_simulator.dir/common/xxinverse.cpp.o[0m
[6.591s] [ 44%] [32mBuilding CXX object CMakeFiles/relbot_simulator.dir/src/relbot_simulator.cpp.o[0m
[6.591s] [ 55%] [32mBuilding CXX object CMakeFiles/relbot_simulator.dir/common/xxinteg.cpp.o[0m
[6.591s] [ 66%] [32mBuilding CXX object CMakeFiles/relbot_simulator.dir/common/MotionProfiles.cpp.o[0m
[6.591s] [ 77%] [32mBuilding CXX object CMakeFiles/relbot_simulator.dir/common/xxfuncs.cpp.o[0m
[6.593s] [ 88%] [32mBuilding CXX object CMakeFiles/relbot_simulator.dir/common/xxmatrix.cpp.o[0m
[21.317s] [100%] [32m[1mLinking CXX executable relbot_simulator[0m
[22.664s] [100%] Built target relbot_simulator
[22.679s] Invoked command in '/home/jordan/SDfR/assignment5/build/relbot_simulator' returned '0': CMAKE_PREFIX_PATH=/opt/ros/humble /usr/bin/cmake --build /home/jordan/SDfR/assignment5/build/relbot_simulator -- -j16 -l16
[22.681s] Invoking command in '/home/jordan/SDfR/assignment5/build/relbot_simulator': CMAKE_PREFIX_PATH=/opt/ros/humble /usr/bin/cmake --install /home/jordan/SDfR/assignment5/build/relbot_simulator
[22.690s] -- Install configuration: ""
[22.691s] -- Installing: /home/jordan/SDfR/assignment5/install/relbot_simulator/lib/relbot_simulator/relbot_simulator
[22.705s] -- Set runtime path of "/home/jordan/SDfR/assignment5/install/relbot_simulator/lib/relbot_simulator/relbot_simulator" to ""
[22.705s] -- Installing: /home/jordan/SDfR/assignment5/install/relbot_simulator/include
[22.705s] -- Installing: /home/jordan/SDfR/assignment5/install/relbot_simulator/include/xxtypes.h
[22.706s] -- Installing: /home/jordan/SDfR/assignment5/install/relbot_simulator/include/xxfuncs.h
[22.706s] -- Installing: /home/jordan/SDfR/assignment5/install/relbot_simulator/include/EulerAngles.h
[22.706s] -- Installing: /home/jordan/SDfR/assignment5/install/relbot_simulator/include/xxinteg.cpp
[22.706s] -- Installing: /home/jordan/SDfR/assignment5/install/relbot_simulator/include/MotionProfiles.h
[22.706s] -- Installing: /home/jordan/SDfR/assignment5/install/relbot_simulator/include/xxmatrix.cpp
[22.706s] -- Installing: /home/jordan/SDfR/assignment5/install/relbot_simulator/include/xxinverse.cpp
[22.707s] -- Installing: /home/jordan/SDfR/assignment5/install/relbot_simulator/include/xxmatrix.h
[22.707s] -- Installing: /home/jordan/SDfR/assignment5/install/relbot_simulator/include/EulerAngles.cpp
[22.707s] -- Installing: /home/jordan/SDfR/assignment5/install/relbot_simulator/include/xxinverse.h
[22.707s] -- Installing: /home/jordan/SDfR/assignment5/install/relbot_simulator/include/xxfuncs.cpp
[22.708s] -- Installing: /home/jordan/SDfR/assignment5/install/relbot_simulator/include/xxmodel.h
[22.708s] -- Installing: /home/jordan/SDfR/assignment5/install/relbot_simulator/include/MotionProfiles.cpp
[22.708s] -- Installing: /home/jordan/SDfR/assignment5/install/relbot_simulator/include/xxinteg.h
[22.710s] -- Installing: /home/jordan/SDfR/assignment5/install/relbot_simulator/share/ament_index/resource_index/package_run_dependencies/relbot_simulator
[22.711s] -- Installing: /home/jordan/SDfR/assignment5/install/relbot_simulator/share/ament_index/resource_index/parent_prefix_path/relbot_simulator
[22.712s] -- Installing: /home/jordan/SDfR/assignment5/install/relbot_simulator/share/relbot_simulator/environment/ament_prefix_path.sh
[22.712s] -- Installing: /home/jordan/SDfR/assignment5/install/relbot_simulator/share/relbot_simulator/environment/ament_prefix_path.dsv
[22.712s] -- Installing: /home/jordan/SDfR/assignment5/install/relbot_simulator/share/relbot_simulator/environment/path.sh
[22.712s] -- Installing: /home/jordan/SDfR/assignment5/install/relbot_simulator/share/relbot_simulator/environment/path.dsv
[22.713s] -- Installing: /home/jordan/SDfR/assignment5/install/relbot_simulator/share/relbot_simulator/local_setup.bash
[22.713s] -- Installing: /home/jordan/SDfR/assignment5/install/relbot_simulator/share/relbot_simulator/local_setup.sh
[22.713s] -- Installing: /home/jordan/SDfR/assignment5/install/relbot_simulator/share/relbot_simulator/local_setup.zsh
[22.713s] -- Installing: /home/jordan/SDfR/assignment5/install/relbot_simulator/share/relbot_simulator/local_setup.dsv
[22.714s] -- Installing: /home/jordan/SDfR/assignment5/install/relbot_simulator/share/relbot_simulator/package.dsv
[22.714s] -- Installing: /home/jordan/SDfR/assignment5/install/relbot_simulator/share/ament_index/resource_index/packages/relbot_simulator
[22.715s] -- Installing: /home/jordan/SDfR/assignment5/install/relbot_simulator/share/relbot_simulator/cmake/relbot_simulatorConfig.cmake
[22.715s] -- Installing: /home/jordan/SDfR/assignment5/install/relbot_simulator/share/relbot_simulator/cmake/relbot_simulatorConfig-version.cmake
[22.715s] -- Installing: /home/jordan/SDfR/assignment5/install/relbot_simulator/share/relbot_simulator/package.xml
[22.718s] Invoked command in '/home/jordan/SDfR/assignment5/build/relbot_simulator' returned '0': CMAKE_PREFIX_PATH=/opt/ros/humble /usr/bin/cmake --install /home/jordan/SDfR/assignment5/build/relbot_simulator
