[0.120s] Invoking command in '/home/jordan/SDfR/assignment6/build/relbot2turtlesim': CMAKE_PREFIX_PATH=/opt/ros/humble /usr/bin/cmake /home/jordan/SDfR/assignment6/src/relbot2turtlesim -DCMAKE_INSTALL_PREFIX=/home/jordan/SDfR/assignment6/install/relbot2turtlesim
[0.545s] -- The C compiler identification is GNU 11.4.0
[2.590s] -- The CXX compiler identification is GNU 11.4.0
[3.887s] -- Detecting C compiler ABI info
[4.497s] -- Detecting C compiler ABI info - done
[4.516s] -- Check for working C compiler: /usr/bin/cc - skipped
[4.516s] -- Detecting C compile features
[4.517s] -- Detecting C compile features - done
[4.526s] -- Detecting CXX compiler ABI info
[5.162s] -- Detecting CXX compiler ABI info - done
[5.178s] -- Check for working CXX compiler: /usr/bin/c++ - skipped
[5.178s] -- Detecting CXX compile features
[5.179s] -- Detecting CXX compile features - done
[5.185s] -- Found ament_cmake: 1.3.13 (/opt/ros/humble/share/ament_cmake/cmake)
[5.562s] -- Found Python3: /usr/bin/python3 (found version "3.10.12") found components: Interpreter 
[5.776s] -- Found rclcpp: 16.0.18 (/opt/ros/humble/share/rclcpp/cmake)
[6.329s] -- Found rosidl_generator_c: 3.1.8 (/opt/ros/humble/share/rosidl_generator_c/cmake)
[6.338s] -- Found rosidl_adapter: 3.1.8 (/opt/ros/humble/share/rosidl_adapter/cmake)
[6.356s] -- Found rosidl_generator_cpp: 3.1.8 (/opt/ros/humble/share/rosidl_generator_cpp/cmake)
[6.386s] -- Using all available rosidl_typesupport_c: rosidl_typesupport_fastrtps_c;rosidl_typesupport_introspection_c
[6.419s] -- Using all available rosidl_typesupport_cpp: rosidl_typesupport_fastrtps_cpp;rosidl_typesupport_introspection_cpp
[6.517s] -- Found rmw_implementation_cmake: 6.1.2 (/opt/ros/humble/share/rmw_implementation_cmake/cmake)
[6.523s] -- Found rmw_fastrtps_cpp: 6.2.10 (/opt/ros/humble/share/rmw_fastrtps_cpp/cmake)
[8.726s] -- Found OpenSSL: /usr/lib/x86_64-linux-gnu/libcrypto.so (found version "3.0.2")  
[11.457s] -- Found FastRTPS: /opt/ros/humble/include  
[20.135s] -- Using RMW implementation 'rmw_fastrtps_cpp' as default
[20.161s] -- Looking for pthread.h
[20.606s] -- Looking for pthread.h - found
[20.608s] -- Performing Test CMAKE_HAVE_LIBC_PTHREAD
[21.058s] -- Performing Test CMAKE_HAVE_LIBC_PTHREAD - Success
[21.061s] -- Found Threads: TRUE  
[21.181s] -- Found turtlesim: 1.4.3 (/opt/ros/humble/share/turtlesim/cmake)
[21.272s] -- Found geometry_msgs: 4.9.1 (/opt/ros/humble/share/geometry_msgs/cmake)
[21.306s] -- Found ament_lint_auto: 0.12.15 (/opt/ros/humble/share/ament_lint_auto/cmake)
[21.501s] -- Added test 'cppcheck' to perform static code analysis on C / C++ code
[21.502s] -- Configured cppcheck include dirs: /home/jordan/SDfR/assignment6/src/relbot2turtlesim/include
[21.502s] -- Configured cppcheck exclude dirs and/or files: 
[21.505s] -- Added test 'lint_cmake' to check CMake code style
[21.509s] -- Added test 'uncrustify' to check C / C++ code style
[21.509s] -- Configured uncrustify additional arguments: 
[21.511s] -- Added test 'xmllint' to check XML markup files
[21.516s] -- Configuring done
[21.560s] -- Generating done
[21.572s] -- Build files have been written to: /home/jordan/SDfR/assignment6/build/relbot2turtlesim
[21.601s] Invoked command in '/home/jordan/SDfR/assignment6/build/relbot2turtlesim' returned '0': CMAKE_PREFIX_PATH=/opt/ros/humble /usr/bin/cmake /home/jordan/SDfR/assignment6/src/relbot2turtlesim -DCMAKE_INSTALL_PREFIX=/home/jordan/SDfR/assignment6/install/relbot2turtlesim
[21.604s] Invoking command in '/home/jordan/SDfR/assignment6/build/relbot2turtlesim': CMAKE_PREFIX_PATH=/opt/ros/humble /usr/bin/cmake --build /home/jordan/SDfR/assignment6/build/relbot2turtlesim -- -j16 -l16
[21.743s] [ 50%] [32mBuilding CXX object CMakeFiles/relbot2turtlesim.dir/src/convert.cpp.o[0m
[44.928s] [100%] [32m[1mLinking CXX executable relbot2turtlesim[0m
[46.293s] [100%] Built target relbot2turtlesim
[46.337s] Invoked command in '/home/jordan/SDfR/assignment6/build/relbot2turtlesim' returned '0': CMAKE_PREFIX_PATH=/opt/ros/humble /usr/bin/cmake --build /home/jordan/SDfR/assignment6/build/relbot2turtlesim -- -j16 -l16
[46.342s] Invoking command in '/home/jordan/SDfR/assignment6/build/relbot2turtlesim': CMAKE_PREFIX_PATH=/opt/ros/humble /usr/bin/cmake --install /home/jordan/SDfR/assignment6/build/relbot2turtlesim
[46.379s] -- Install configuration: ""
[46.381s] -- Installing: /home/jordan/SDfR/assignment6/install/relbot2turtlesim/lib/relbot2turtlesim/relbot2turtlesim
[46.392s] -- Set runtime path of "/home/jordan/SDfR/assignment6/install/relbot2turtlesim/lib/relbot2turtlesim/relbot2turtlesim" to ""
[46.397s] -- Installing: /home/jordan/SDfR/assignment6/install/relbot2turtlesim/share/ament_index/resource_index/package_run_dependencies/relbot2turtlesim
[46.399s] -- Installing: /home/jordan/SDfR/assignment6/install/relbot2turtlesim/share/ament_index/resource_index/parent_prefix_path/relbot2turtlesim
[46.401s] -- Installing: /home/jordan/SDfR/assignment6/install/relbot2turtlesim/share/relbot2turtlesim/environment/ament_prefix_path.sh
[46.402s] -- Installing: /home/jordan/SDfR/assignment6/install/relbot2turtlesim/share/relbot2turtlesim/environment/ament_prefix_path.dsv
[46.403s] -- Installing: /home/jordan/SDfR/assignment6/install/relbot2turtlesim/share/relbot2turtlesim/environment/path.sh
[46.403s] -- Installing: /home/jordan/SDfR/assignment6/install/relbot2turtlesim/share/relbot2turtlesim/environment/path.dsv
[46.404s] -- Installing: /home/jordan/SDfR/assignment6/install/relbot2turtlesim/share/relbot2turtlesim/local_setup.bash
[46.405s] -- Installing: /home/jordan/SDfR/assignment6/install/relbot2turtlesim/share/relbot2turtlesim/local_setup.sh
[46.405s] -- Installing: /home/jordan/SDfR/assignment6/install/relbot2turtlesim/share/relbot2turtlesim/local_setup.zsh
[46.406s] -- Installing: /home/jordan/SDfR/assignment6/install/relbot2turtlesim/share/relbot2turtlesim/local_setup.dsv
[46.407s] -- Installing: /home/jordan/SDfR/assignment6/install/relbot2turtlesim/share/relbot2turtlesim/package.dsv
[46.409s] -- Installing: /home/jordan/SDfR/assignment6/install/relbot2turtlesim/share/ament_index/resource_index/packages/relbot2turtlesim
[46.410s] -- Installing: /home/jordan/SDfR/assignment6/install/relbot2turtlesim/share/relbot2turtlesim/cmake/relbot2turtlesimConfig.cmake
[46.411s] -- Installing: /home/jordan/SDfR/assignment6/install/relbot2turtlesim/share/relbot2turtlesim/cmake/relbot2turtlesimConfig-version.cmake
[46.412s] -- Installing: /home/jordan/SDfR/assignment6/install/relbot2turtlesim/share/relbot2turtlesim/package.xml
[46.418s] Invoked command in '/home/jordan/SDfR/assignment6/build/relbot2turtlesim' returned '0': CMAKE_PREFIX_PATH=/opt/ros/humble /usr/bin/cmake --install /home/jordan/SDfR/assignment6/build/relbot2turtlesim
