[0.113s] Invoking command in '/home/jordan/SDfR/assignment6/build/relbot_msgs': CMAKE_PREFIX_PATH=/opt/ros/humble /usr/bin/cmake /home/jordan/SDfR/assignment6/src/relbot_msgs -DCMAKE_INSTALL_PREFIX=/home/jordan/SDfR/assignment6/install/relbot_msgs
[0.574s] -- The C compiler identification is GNU 11.4.0
[2.576s] -- The CXX compiler identification is GNU 11.4.0
[4.029s] -- Detecting C compiler ABI info
[4.575s] -- Detecting C compiler ABI info - done
[4.596s] -- Check for working C compiler: /usr/bin/cc - skipped
[4.597s] -- Detecting C compile features
[4.598s] -- Detecting C compile features - done
[4.606s] -- Detecting CXX compiler ABI info
[5.294s] -- Detecting CXX compiler ABI info - done
[5.311s] -- Check for working CXX compiler: /usr/bin/c++ - skipped
[5.311s] -- Detecting CXX compile features
[5.312s] -- Detecting CXX compile features - done
[5.317s] -- Found ament_cmake: 1.3.13 (/opt/ros/humble/share/ament_cmake/cmake)
[5.674s] -- Found Python3: /usr/bin/python3 (found version "3.10.12") found components: Interpreter 
[5.891s] -- Found rosidl_default_generators: 1.2.0 (/opt/ros/humble/share/rosidl_default_generators/cmake)
[5.897s] -- Using all available rosidl_typesupport_c: rosidl_typesupport_fastrtps_c;rosidl_typesupport_introspection_c
[5.913s] -- Found rosidl_adapter: 3.1.8 (/opt/ros/humble/share/rosidl_adapter/cmake)
[6.377s] -- Using all available rosidl_typesupport_cpp: rosidl_typesupport_fastrtps_cpp;rosidl_typesupport_introspection_cpp
[6.459s] -- Found std_msgs: 4.9.1 (/opt/ros/humble/share/std_msgs/cmake)
[7.170s] -- Found ament_cmake_cppcheck: 0.12.15 (/opt/ros/humble/share/ament_cmake_cppcheck/cmake)
[7.175s] -- Found ament_cmake_cpplint: 0.12.15 (/opt/ros/humble/share/ament_cmake_cpplint/cmake)
[7.180s] -- Found ament_cmake_uncrustify: 0.12.15 (/opt/ros/humble/share/ament_cmake_uncrustify/cmake)
[7.186s] -- Found ament_cmake_ros: 0.10.0 (/opt/ros/humble/share/ament_cmake_ros/cmake)
[7.712s] -- Using all available rosidl_typesupport_c: rosidl_typesupport_fastrtps_c;rosidl_typesupport_introspection_c
[8.413s] -- Using all available rosidl_typesupport_cpp: rosidl_typesupport_fastrtps_cpp;rosidl_typesupport_introspection_cpp
[9.053s] -- Found PythonInterp: /usr/bin/python3 (found suitable version "3.10.12", minimum required is "3.6") 
[9.056s] -- Found python_cmake_module: 0.10.0 (/opt/ros/humble/share/python_cmake_module/cmake)
[10.879s] -- Found PythonLibs: /usr/lib/x86_64-linux-gnu/libpython3.10.so (found suitable version "3.10.12", minimum required is "3.5") 
[10.879s] -- Using PYTHON_EXECUTABLE: /usr/bin/python3
[10.879s] -- Using PYTHON_INCLUDE_DIRS: /usr/include/python3.10
[10.879s] -- Using PYTHON_LIBRARIES: /usr/lib/x86_64-linux-gnu/libpython3.10.so
[10.928s] -- Found PythonExtra: .so  
[11.234s] -- Found ament_cmake_flake8: 0.12.15 (/opt/ros/humble/share/ament_cmake_flake8/cmake)
[11.240s] -- Found ament_cmake_pep257: 0.12.15 (/opt/ros/humble/share/ament_cmake_pep257/cmake)
[11.246s] -- Found ament_lint_auto: 0.12.15 (/opt/ros/humble/share/ament_lint_auto/cmake)
[11.283s] -- Added test 'lint_cmake' to check CMake code style
[11.285s] -- Added test 'xmllint' to check XML markup files
[11.296s] -- Configuring done
[11.471s] -- Generating done
[11.506s] -- Build files have been written to: /home/jordan/SDfR/assignment6/build/relbot_msgs
[11.532s] Invoked command in '/home/jordan/SDfR/assignment6/build/relbot_msgs' returned '0': CMAKE_PREFIX_PATH=/opt/ros/humble /usr/bin/cmake /home/jordan/SDfR/assignment6/src/relbot_msgs -DCMAKE_INSTALL_PREFIX=/home/jordan/SDfR/assignment6/install/relbot_msgs
[11.537s] Invoking command in '/home/jordan/SDfR/assignment6/build/relbot_msgs': CMAKE_PREFIX_PATH=/opt/ros/humble /usr/bin/cmake --build /home/jordan/SDfR/assignment6/build/relbot_msgs -- -j16 -l16
[11.652s] [  2%] [34m[1mGenerating C code for ROS interfaces[0m
[11.681s] [  5%] [34m[1mGenerating C++ code for ROS interfaces[0m
[11.705s] [  5%] Built target ament_cmake_python_copy_relbot_msgs
[12.486s] running egg_info
[12.488s] creating relbot_msgs.egg-info
[12.490s] writing relbot_msgs.egg-info/PKG-INFO
[12.491s] writing dependency_links to relbot_msgs.egg-info/dependency_links.txt
[12.491s] writing top-level names to relbot_msgs.egg-info/top_level.txt
[12.492s] writing manifest file 'relbot_msgs.egg-info/SOURCES.txt'
[12.506s] reading manifest file 'relbot_msgs.egg-info/SOURCES.txt'
[12.506s] writing manifest file 'relbot_msgs.egg-info/SOURCES.txt'
[12.619s] [  7%] [32mBuilding C object CMakeFiles/relbot_msgs__rosidl_generator_c.dir/rosidl_generator_c/relbot_msgs/msg/detail/relbot_motors__functions.c.o[0m
[12.625s] [ 10%] [32mBuilding C object CMakeFiles/relbot_msgs__rosidl_generator_c.dir/rosidl_generator_c/relbot_msgs/msg/detail/relbot_motors_stamped__functions.c.o[0m
[12.625s] [ 10%] Built target relbot_msgs__cpp
[12.628s] [ 10%] Built target ament_cmake_python_build_relbot_msgs_egg
[12.664s] [ 12%] [34m[1mGenerating C++ type support dispatch for ROS interfaces[0m
[12.674s] [ 15%] [34m[1mGenerating C++ type support for eProsima Fast-RTPS[0m
[12.678s] [ 17%] [34m[1mGenerating C++ introspection for ROS interfaces[0m
[12.894s] [ 20%] [32m[1mLinking C shared library librelbot_msgs__rosidl_generator_c.so[0m
[13.514s] [ 23%] [32mBuilding CXX object CMakeFiles/relbot_msgs__rosidl_typesupport_cpp.dir/rosidl_typesupport_cpp/relbot_msgs/msg/relbot_motors_stamped__type_support.cpp.o[0m
[13.518s] [ 25%] [32mBuilding CXX object CMakeFiles/relbot_msgs__rosidl_typesupport_cpp.dir/rosidl_typesupport_cpp/relbot_msgs/msg/relbot_motors__type_support.cpp.o[0m
[13.546s] [ 25%] Built target relbot_msgs__rosidl_generator_c
[13.585s] [ 28%] [34m[1mGenerating C introspection for ROS interfaces[0m
[13.587s] [ 30%] [34m[1mGenerating C type support for eProsima Fast-RTPS[0m
[13.597s] [ 33%] [34m[1mGenerating C type support dispatch for ROS interfaces[0m
[13.624s] [ 35%] [32mBuilding CXX object CMakeFiles/relbot_msgs__rosidl_typesupport_introspection_cpp.dir/rosidl_typesupport_introspection_cpp/relbot_msgs/msg/detail/relbot_motors_stamped__type_support.cpp.o[0m
[13.624s] [ 38%] [32mBuilding CXX object CMakeFiles/relbot_msgs__rosidl_typesupport_introspection_cpp.dir/rosidl_typesupport_introspection_cpp/relbot_msgs/msg/detail/relbot_motors__type_support.cpp.o[0m
[13.700s] [ 41%] [32mBuilding CXX object CMakeFiles/relbot_msgs__rosidl_typesupport_fastrtps_cpp.dir/rosidl_typesupport_fastrtps_cpp/relbot_msgs/msg/detail/dds_fastrtps/relbot_motors__type_support.cpp.o[0m
[13.703s] [ 43%] [32mBuilding CXX object CMakeFiles/relbot_msgs__rosidl_typesupport_fastrtps_cpp.dir/rosidl_typesupport_fastrtps_cpp/relbot_msgs/msg/detail/dds_fastrtps/relbot_motors_stamped__type_support.cpp.o[0m
[14.587s] [ 46%] [32mBuilding CXX object CMakeFiles/relbot_msgs__rosidl_typesupport_c.dir/rosidl_typesupport_c/relbot_msgs/msg/relbot_motors__type_support.cpp.o[0m
[14.588s] [ 48%] [32mBuilding CXX object CMakeFiles/relbot_msgs__rosidl_typesupport_c.dir/rosidl_typesupport_c/relbot_msgs/msg/relbot_motors_stamped__type_support.cpp.o[0m
[14.780s] [ 51%] [32mBuilding C object CMakeFiles/relbot_msgs__rosidl_typesupport_introspection_c.dir/rosidl_typesupport_introspection_c/relbot_msgs/msg/detail/relbot_motors__type_support.c.o[0m
[14.780s] [ 53%] [32m[1mLinking CXX shared library librelbot_msgs__rosidl_typesupport_c.so[0m
[14.780s] [ 56%] [32mBuilding C object CMakeFiles/relbot_msgs__rosidl_typesupport_introspection_c.dir/rosidl_typesupport_introspection_c/relbot_msgs/msg/detail/relbot_motors_stamped__type_support.c.o[0m
[14.829s] [ 58%] [32m[1mLinking CXX shared library librelbot_msgs__rosidl_typesupport_cpp.so[0m
[14.889s] [ 61%] [32mBuilding CXX object CMakeFiles/relbot_msgs__rosidl_typesupport_fastrtps_c.dir/rosidl_typesupport_fastrtps_c/relbot_msgs/msg/detail/relbot_motors_stamped__type_support_c.cpp.o[0m
[14.905s] [ 64%] [32mBuilding CXX object CMakeFiles/relbot_msgs__rosidl_typesupport_fastrtps_c.dir/rosidl_typesupport_fastrtps_c/relbot_msgs/msg/detail/relbot_motors__type_support_c.cpp.o[0m
[15.004s] [ 66%] [32m[1mLinking C shared library librelbot_msgs__rosidl_typesupport_introspection_c.so[0m
[15.635s] [ 69%] [32m[1mLinking CXX shared library librelbot_msgs__rosidl_typesupport_introspection_cpp.so[0m
[15.718s] [ 69%] Built target relbot_msgs__rosidl_typesupport_cpp
[15.725s] [ 69%] Built target relbot_msgs__rosidl_typesupport_c
[15.753s] [ 71%] [32m[1mLinking CXX shared library librelbot_msgs__rosidl_typesupport_fastrtps_cpp.so[0m
[15.785s] [ 71%] Built target relbot_msgs__rosidl_typesupport_introspection_c
[16.174s] [ 74%] [32m[1mLinking CXX shared library librelbot_msgs__rosidl_typesupport_fastrtps_c.so[0m
[16.350s] [ 74%] Built target relbot_msgs__rosidl_typesupport_introspection_cpp
[16.560s] [ 74%] Built target relbot_msgs__rosidl_typesupport_fastrtps_cpp
[16.806s] [ 74%] Built target relbot_msgs__rosidl_typesupport_fastrtps_c
[16.861s] [ 74%] Built target relbot_msgs
[16.913s] [ 76%] [34m[1mGenerating Python code for ROS interfaces[0m
[17.847s] [ 76%] Built target relbot_msgs__py
[17.904s] [ 79%] [32mBuilding C object CMakeFiles/relbot_msgs__rosidl_generator_py.dir/rosidl_generator_py/relbot_msgs/msg/_relbot_motors_s.c.o[0m
[17.907s] [ 82%] [32mBuilding C object CMakeFiles/relbot_msgs__rosidl_generator_py.dir/rosidl_generator_py/relbot_msgs/msg/_relbot_motors_stamped_s.c.o[0m
[18.187s] [ 84%] [32m[1mLinking C shared library rosidl_generator_py/relbot_msgs/librelbot_msgs__rosidl_generator_py.so[0m
[18.707s] [ 84%] Built target relbot_msgs__rosidl_generator_py
[18.763s] [ 87%] [32mBuilding C object CMakeFiles/relbot_msgs__rosidl_typesupport_fastrtps_c__pyext.dir/rosidl_generator_py/relbot_msgs/_relbot_msgs_s.ep.rosidl_typesupport_fastrtps_c.c.o[0m
[18.764s] [ 89%] [32mBuilding C object CMakeFiles/relbot_msgs__rosidl_typesupport_c__pyext.dir/rosidl_generator_py/relbot_msgs/_relbot_msgs_s.ep.rosidl_typesupport_c.c.o[0m
[18.764s] [ 92%] [32mBuilding C object CMakeFiles/relbot_msgs__rosidl_typesupport_introspection_c__pyext.dir/rosidl_generator_py/relbot_msgs/_relbot_msgs_s.ep.rosidl_typesupport_introspection_c.c.o[0m
[19.090s] [ 94%] [32m[1mLinking C shared library rosidl_generator_py/relbot_msgs/relbot_msgs_s__rosidl_typesupport_c.cpython-310-x86_64-linux-gnu.so[0m
[19.094s] [ 97%] [32m[1mLinking C shared library rosidl_generator_py/relbot_msgs/relbot_msgs_s__rosidl_typesupport_fastrtps_c.cpython-310-x86_64-linux-gnu.so[0m
[19.097s] [100%] [32m[1mLinking C shared library rosidl_generator_py/relbot_msgs/relbot_msgs_s__rosidl_typesupport_introspection_c.cpython-310-x86_64-linux-gnu.so[0m
[19.557s] [100%] Built target relbot_msgs__rosidl_typesupport_fastrtps_c__pyext
[19.558s] [100%] Built target relbot_msgs__rosidl_typesupport_c__pyext
[19.582s] [100%] Built target relbot_msgs__rosidl_typesupport_introspection_c__pyext
[19.621s] Invoked command in '/home/jordan/SDfR/assignment6/build/relbot_msgs' returned '0': CMAKE_PREFIX_PATH=/opt/ros/humble /usr/bin/cmake --build /home/jordan/SDfR/assignment6/build/relbot_msgs -- -j16 -l16
[19.657s] Invoking command in '/home/jordan/SDfR/assignment6/build/relbot_msgs': CMAKE_PREFIX_PATH=/opt/ros/humble /usr/bin/cmake --install /home/jordan/SDfR/assignment6/build/relbot_msgs
[19.680s] -- Install configuration: ""
[19.687s] -- Installing: /home/jordan/SDfR/assignment6/install/relbot_msgs/share/ament_index/resource_index/rosidl_interfaces/relbot_msgs
[19.688s] -- Installing: /home/jordan/SDfR/assignment6/install/relbot_msgs/include/relbot_msgs/relbot_msgs
[19.694s] -- Installing: /home/jordan/SDfR/assignment6/install/relbot_msgs/include/relbot_msgs/relbot_msgs/msg
[19.695s] -- Installing: /home/jordan/SDfR/assignment6/install/relbot_msgs/include/relbot_msgs/relbot_msgs/msg/rosidl_generator_c__visibility_control.h
[19.697s] -- Installing: /home/jordan/SDfR/assignment6/install/relbot_msgs/include/relbot_msgs/relbot_msgs/msg/detail
[19.699s] -- Installing: /home/jordan/SDfR/assignment6/install/relbot_msgs/include/relbot_msgs/relbot_msgs/msg/detail/relbot_motors_stamped__functions.h
[19.699s] -- Installing: /home/jordan/SDfR/assignment6/install/relbot_msgs/include/relbot_msgs/relbot_msgs/msg/detail/relbot_motors_stamped__functions.c
[19.701s] -- Installing: /home/jordan/SDfR/assignment6/install/relbot_msgs/include/relbot_msgs/relbot_msgs/msg/detail/relbot_motors_stamped__struct.h
[19.702s] -- Installing: /home/jordan/SDfR/assignment6/install/relbot_msgs/include/relbot_msgs/relbot_msgs/msg/detail/relbot_motors__type_support.h
[19.702s] -- Installing: /home/jordan/SDfR/assignment6/install/relbot_msgs/include/relbot_msgs/relbot_msgs/msg/detail/relbot_motors__functions.h
[19.703s] -- Installing: /home/jordan/SDfR/assignment6/install/relbot_msgs/include/relbot_msgs/relbot_msgs/msg/detail/relbot_motors_stamped__type_support.h
[19.704s] -- Installing: /home/jordan/SDfR/assignment6/install/relbot_msgs/include/relbot_msgs/relbot_msgs/msg/detail/relbot_motors__struct.h
[19.705s] -- Installing: /home/jordan/SDfR/assignment6/install/relbot_msgs/include/relbot_msgs/relbot_msgs/msg/detail/relbot_motors__functions.c
[19.705s] -- Installing: /home/jordan/SDfR/assignment6/install/relbot_msgs/include/relbot_msgs/relbot_msgs/msg/relbot_motors.h
[19.706s] -- Installing: /home/jordan/SDfR/assignment6/install/relbot_msgs/include/relbot_msgs/relbot_msgs/msg/relbot_motors_stamped.h
[19.709s] -- Installing: /home/jordan/SDfR/assignment6/install/relbot_msgs/share/relbot_msgs/environment/library_path.sh
[19.709s] -- Installing: /home/jordan/SDfR/assignment6/install/relbot_msgs/share/relbot_msgs/environment/library_path.dsv
[19.712s] -- Installing: /home/jordan/SDfR/assignment6/install/relbot_msgs/lib/librelbot_msgs__rosidl_generator_c.so
[19.713s] -- Set runtime path of "/home/jordan/SDfR/assignment6/install/relbot_msgs/lib/librelbot_msgs__rosidl_generator_c.so" to ""
[19.714s] -- Up-to-date: /home/jordan/SDfR/assignment6/install/relbot_msgs/include/relbot_msgs/relbot_msgs
[19.714s] -- Up-to-date: /home/jordan/SDfR/assignment6/install/relbot_msgs/include/relbot_msgs/relbot_msgs/msg
[19.714s] -- Up-to-date: /home/jordan/SDfR/assignment6/install/relbot_msgs/include/relbot_msgs/relbot_msgs/msg/detail
[19.715s] -- Installing: /home/jordan/SDfR/assignment6/install/relbot_msgs/include/relbot_msgs/relbot_msgs/msg/detail/relbot_motors_stamped__rosidl_typesupport_fastrtps_c.h
[19.715s] -- Installing: /home/jordan/SDfR/assignment6/install/relbot_msgs/include/relbot_msgs/relbot_msgs/msg/detail/relbot_motors__rosidl_typesupport_fastrtps_c.h
[19.716s] -- Installing: /home/jordan/SDfR/assignment6/install/relbot_msgs/include/relbot_msgs/relbot_msgs/msg/rosidl_typesupport_fastrtps_c__visibility_control.h
[19.717s] -- Installing: /home/jordan/SDfR/assignment6/install/relbot_msgs/lib/librelbot_msgs__rosidl_typesupport_fastrtps_c.so
[19.719s] -- Set runtime path of "/home/jordan/SDfR/assignment6/install/relbot_msgs/lib/librelbot_msgs__rosidl_typesupport_fastrtps_c.so" to ""
[19.720s] -- Up-to-date: /home/jordan/SDfR/assignment6/install/relbot_msgs/include/relbot_msgs/relbot_msgs
[19.720s] -- Up-to-date: /home/jordan/SDfR/assignment6/install/relbot_msgs/include/relbot_msgs/relbot_msgs/msg
[19.720s] -- Installing: /home/jordan/SDfR/assignment6/install/relbot_msgs/include/relbot_msgs/relbot_msgs/msg/rosidl_typesupport_introspection_c__visibility_control.h
[19.721s] -- Up-to-date: /home/jordan/SDfR/assignment6/install/relbot_msgs/include/relbot_msgs/relbot_msgs/msg/detail
[19.721s] -- Installing: /home/jordan/SDfR/assignment6/install/relbot_msgs/include/relbot_msgs/relbot_msgs/msg/detail/relbot_motors_stamped__rosidl_typesupport_introspection_c.h
[19.721s] -- Installing: /home/jordan/SDfR/assignment6/install/relbot_msgs/include/relbot_msgs/relbot_msgs/msg/detail/relbot_motors_stamped__type_support.c
[19.722s] -- Installing: /home/jordan/SDfR/assignment6/install/relbot_msgs/include/relbot_msgs/relbot_msgs/msg/detail/relbot_motors__rosidl_typesupport_introspection_c.h
[19.723s] -- Installing: /home/jordan/SDfR/assignment6/install/relbot_msgs/include/relbot_msgs/relbot_msgs/msg/detail/relbot_motors__type_support.c
[19.724s] -- Installing: /home/jordan/SDfR/assignment6/install/relbot_msgs/lib/librelbot_msgs__rosidl_typesupport_introspection_c.so
[19.725s] -- Set runtime path of "/home/jordan/SDfR/assignment6/install/relbot_msgs/lib/librelbot_msgs__rosidl_typesupport_introspection_c.so" to ""
[19.726s] -- Installing: /home/jordan/SDfR/assignment6/install/relbot_msgs/lib/librelbot_msgs__rosidl_typesupport_c.so
[19.727s] -- Set runtime path of "/home/jordan/SDfR/assignment6/install/relbot_msgs/lib/librelbot_msgs__rosidl_typesupport_c.so" to ""
[19.728s] -- Up-to-date: /home/jordan/SDfR/assignment6/install/relbot_msgs/include/relbot_msgs/relbot_msgs
[19.728s] -- Up-to-date: /home/jordan/SDfR/assignment6/install/relbot_msgs/include/relbot_msgs/relbot_msgs/msg
[19.729s] -- Installing: /home/jordan/SDfR/assignment6/install/relbot_msgs/include/relbot_msgs/relbot_msgs/msg/rosidl_generator_cpp__visibility_control.hpp
[19.729s] -- Up-to-date: /home/jordan/SDfR/assignment6/install/relbot_msgs/include/relbot_msgs/relbot_msgs/msg/detail
[19.729s] -- Installing: /home/jordan/SDfR/assignment6/install/relbot_msgs/include/relbot_msgs/relbot_msgs/msg/detail/relbot_motors__traits.hpp
[19.730s] -- Installing: /home/jordan/SDfR/assignment6/install/relbot_msgs/include/relbot_msgs/relbot_msgs/msg/detail/relbot_motors__type_support.hpp
[19.730s] -- Installing: /home/jordan/SDfR/assignment6/install/relbot_msgs/include/relbot_msgs/relbot_msgs/msg/detail/relbot_motors_stamped__struct.hpp
[19.731s] -- Installing: /home/jordan/SDfR/assignment6/install/relbot_msgs/include/relbot_msgs/relbot_msgs/msg/detail/relbot_motors_stamped__traits.hpp
[19.731s] -- Installing: /home/jordan/SDfR/assignment6/install/relbot_msgs/include/relbot_msgs/relbot_msgs/msg/detail/relbot_motors_stamped__type_support.hpp
[19.731s] -- Installing: /home/jordan/SDfR/assignment6/install/relbot_msgs/include/relbot_msgs/relbot_msgs/msg/detail/relbot_motors_stamped__builder.hpp
[19.732s] -- Installing: /home/jordan/SDfR/assignment6/install/relbot_msgs/include/relbot_msgs/relbot_msgs/msg/detail/relbot_motors__struct.hpp
[19.733s] -- Installing: /home/jordan/SDfR/assignment6/install/relbot_msgs/include/relbot_msgs/relbot_msgs/msg/detail/relbot_motors__builder.hpp
[19.733s] -- Installing: /home/jordan/SDfR/assignment6/install/relbot_msgs/include/relbot_msgs/relbot_msgs/msg/relbot_motors_stamped.hpp
[19.734s] -- Installing: /home/jordan/SDfR/assignment6/install/relbot_msgs/include/relbot_msgs/relbot_msgs/msg/relbot_motors.hpp
[19.735s] -- Up-to-date: /home/jordan/SDfR/assignment6/install/relbot_msgs/include/relbot_msgs/relbot_msgs
[19.735s] -- Up-to-date: /home/jordan/SDfR/assignment6/install/relbot_msgs/include/relbot_msgs/relbot_msgs/msg
[19.736s] -- Up-to-date: /home/jordan/SDfR/assignment6/install/relbot_msgs/include/relbot_msgs/relbot_msgs/msg/detail
[19.736s] -- Installing: /home/jordan/SDfR/assignment6/install/relbot_msgs/include/relbot_msgs/relbot_msgs/msg/detail/relbot_motors_stamped__rosidl_typesupport_fastrtps_cpp.hpp
[19.737s] -- Installing: /home/jordan/SDfR/assignment6/install/relbot_msgs/include/relbot_msgs/relbot_msgs/msg/detail/dds_fastrtps
[19.739s] -- Installing: /home/jordan/SDfR/assignment6/install/relbot_msgs/include/relbot_msgs/relbot_msgs/msg/detail/relbot_motors__rosidl_typesupport_fastrtps_cpp.hpp
[19.740s] -- Installing: /home/jordan/SDfR/assignment6/install/relbot_msgs/include/relbot_msgs/relbot_msgs/msg/rosidl_typesupport_fastrtps_cpp__visibility_control.h
[19.740s] -- Installing: /home/jordan/SDfR/assignment6/install/relbot_msgs/lib/librelbot_msgs__rosidl_typesupport_fastrtps_cpp.so
[19.742s] -- Set runtime path of "/home/jordan/SDfR/assignment6/install/relbot_msgs/lib/librelbot_msgs__rosidl_typesupport_fastrtps_cpp.so" to ""
[19.742s] -- Up-to-date: /home/jordan/SDfR/assignment6/install/relbot_msgs/include/relbot_msgs/relbot_msgs
[19.743s] -- Up-to-date: /home/jordan/SDfR/assignment6/install/relbot_msgs/include/relbot_msgs/relbot_msgs/msg
[19.743s] -- Up-to-date: /home/jordan/SDfR/assignment6/install/relbot_msgs/include/relbot_msgs/relbot_msgs/msg/detail
[19.744s] -- Installing: /home/jordan/SDfR/assignment6/install/relbot_msgs/include/relbot_msgs/relbot_msgs/msg/detail/relbot_motors_stamped__rosidl_typesupport_introspection_cpp.hpp
[19.744s] -- Installing: /home/jordan/SDfR/assignment6/install/relbot_msgs/include/relbot_msgs/relbot_msgs/msg/detail/relbot_motors_stamped__type_support.cpp
[19.744s] -- Installing: /home/jordan/SDfR/assignment6/install/relbot_msgs/include/relbot_msgs/relbot_msgs/msg/detail/relbot_motors__type_support.cpp
[19.745s] -- Installing: /home/jordan/SDfR/assignment6/install/relbot_msgs/include/relbot_msgs/relbot_msgs/msg/detail/relbot_motors__rosidl_typesupport_introspection_cpp.hpp
[19.745s] -- Installing: /home/jordan/SDfR/assignment6/install/relbot_msgs/lib/librelbot_msgs__rosidl_typesupport_introspection_cpp.so
[19.747s] -- Set runtime path of "/home/jordan/SDfR/assignment6/install/relbot_msgs/lib/librelbot_msgs__rosidl_typesupport_introspection_cpp.so" to ""
[19.747s] -- Installing: /home/jordan/SDfR/assignment6/install/relbot_msgs/lib/librelbot_msgs__rosidl_typesupport_cpp.so
[19.753s] -- Set runtime path of "/home/jordan/SDfR/assignment6/install/relbot_msgs/lib/librelbot_msgs__rosidl_typesupport_cpp.so" to ""
[19.753s] -- Installing: /home/jordan/SDfR/assignment6/install/relbot_msgs/share/relbot_msgs/environment/pythonpath.sh
[19.754s] -- Installing: /home/jordan/SDfR/assignment6/install/relbot_msgs/share/relbot_msgs/environment/pythonpath.dsv
[19.755s] -- Installing: /home/jordan/SDfR/assignment6/install/relbot_msgs/local/lib/python3.10/dist-packages/relbot_msgs-2025.2.0-py3.10.egg-info
[19.761s] -- Installing: /home/jordan/SDfR/assignment6/install/relbot_msgs/local/lib/python3.10/dist-packages/relbot_msgs-2025.2.0-py3.10.egg-info/top_level.txt
[19.761s] -- Installing: /home/jordan/SDfR/assignment6/install/relbot_msgs/local/lib/python3.10/dist-packages/relbot_msgs-2025.2.0-py3.10.egg-info/SOURCES.txt
[19.762s] -- Installing: /home/jordan/SDfR/assignment6/install/relbot_msgs/local/lib/python3.10/dist-packages/relbot_msgs-2025.2.0-py3.10.egg-info/PKG-INFO
[19.762s] -- Installing: /home/jordan/SDfR/assignment6/install/relbot_msgs/local/lib/python3.10/dist-packages/relbot_msgs-2025.2.0-py3.10.egg-info/dependency_links.txt
[19.763s] -- Installing: /home/jordan/SDfR/assignment6/install/relbot_msgs/local/lib/python3.10/dist-packages/relbot_msgs
[19.765s] -- Installing: /home/jordan/SDfR/assignment6/install/relbot_msgs/local/lib/python3.10/dist-packages/relbot_msgs/msg
[19.766s] -- Installing: /home/jordan/SDfR/assignment6/install/relbot_msgs/local/lib/python3.10/dist-packages/relbot_msgs/msg/_relbot_motors_s.c
[19.766s] -- Installing: /home/jordan/SDfR/assignment6/install/relbot_msgs/local/lib/python3.10/dist-packages/relbot_msgs/msg/_relbot_motors.py
[19.767s] -- Installing: /home/jordan/SDfR/assignment6/install/relbot_msgs/local/lib/python3.10/dist-packages/relbot_msgs/msg/_relbot_motors_stamped_s.c
[19.767s] -- Installing: /home/jordan/SDfR/assignment6/install/relbot_msgs/local/lib/python3.10/dist-packages/relbot_msgs/msg/__init__.py
[19.768s] -- Installing: /home/jordan/SDfR/assignment6/install/relbot_msgs/local/lib/python3.10/dist-packages/relbot_msgs/msg/_relbot_motors_stamped.py
[19.769s] -- Installing: /home/jordan/SDfR/assignment6/install/relbot_msgs/local/lib/python3.10/dist-packages/relbot_msgs/librelbot_msgs__rosidl_generator_py.so
[19.769s] -- Installing: /home/jordan/SDfR/assignment6/install/relbot_msgs/local/lib/python3.10/dist-packages/relbot_msgs/relbot_msgs_s__rosidl_typesupport_c.cpython-310-x86_64-linux-gnu.so
[19.770s] -- Installing: /home/jordan/SDfR/assignment6/install/relbot_msgs/local/lib/python3.10/dist-packages/relbot_msgs/_relbot_msgs_s.ep.rosidl_typesupport_fastrtps_c.c
[19.770s] -- Installing: /home/jordan/SDfR/assignment6/install/relbot_msgs/local/lib/python3.10/dist-packages/relbot_msgs/_relbot_msgs_s.ep.rosidl_typesupport_introspection_c.c
[19.771s] -- Installing: /home/jordan/SDfR/assignment6/install/relbot_msgs/local/lib/python3.10/dist-packages/relbot_msgs/relbot_msgs_s__rosidl_typesupport_introspection_c.cpython-310-x86_64-linux-gnu.so
[19.772s] -- Installing: /home/jordan/SDfR/assignment6/install/relbot_msgs/local/lib/python3.10/dist-packages/relbot_msgs/_relbot_msgs_s.ep.rosidl_typesupport_c.c
[19.772s] -- Installing: /home/jordan/SDfR/assignment6/install/relbot_msgs/local/lib/python3.10/dist-packages/relbot_msgs/__init__.py
[19.773s] -- Installing: /home/jordan/SDfR/assignment6/install/relbot_msgs/local/lib/python3.10/dist-packages/relbot_msgs/relbot_msgs_s__rosidl_typesupport_fastrtps_c.cpython-310-x86_64-linux-gnu.so
[19.862s] Listing '/home/jordan/SDfR/assignment6/install/relbot_msgs/local/lib/python3.10/dist-packages/relbot_msgs'...
[19.862s] Compiling '/home/jordan/SDfR/assignment6/install/relbot_msgs/local/lib/python3.10/dist-packages/relbot_msgs/__init__.py'...
[19.862s] Listing '/home/jordan/SDfR/assignment6/install/relbot_msgs/local/lib/python3.10/dist-packages/relbot_msgs/msg'...
[19.863s] Compiling '/home/jordan/SDfR/assignment6/install/relbot_msgs/local/lib/python3.10/dist-packages/relbot_msgs/msg/__init__.py'...
[19.863s] Compiling '/home/jordan/SDfR/assignment6/install/relbot_msgs/local/lib/python3.10/dist-packages/relbot_msgs/msg/_relbot_motors.py'...
[19.863s] Compiling '/home/jordan/SDfR/assignment6/install/relbot_msgs/local/lib/python3.10/dist-packages/relbot_msgs/msg/_relbot_motors_stamped.py'...
[19.876s] -- Installing: /home/jordan/SDfR/assignment6/install/relbot_msgs/local/lib/python3.10/dist-packages/relbot_msgs/relbot_msgs_s__rosidl_typesupport_fastrtps_c.cpython-310-x86_64-linux-gnu.so
[19.877s] -- Set runtime path of "/home/jordan/SDfR/assignment6/install/relbot_msgs/local/lib/python3.10/dist-packages/relbot_msgs/relbot_msgs_s__rosidl_typesupport_fastrtps_c.cpython-310-x86_64-linux-gnu.so" to ""
[19.878s] -- Installing: /home/jordan/SDfR/assignment6/install/relbot_msgs/local/lib/python3.10/dist-packages/relbot_msgs/relbot_msgs_s__rosidl_typesupport_introspection_c.cpython-310-x86_64-linux-gnu.so
[19.879s] -- Set runtime path of "/home/jordan/SDfR/assignment6/install/relbot_msgs/local/lib/python3.10/dist-packages/relbot_msgs/relbot_msgs_s__rosidl_typesupport_introspection_c.cpython-310-x86_64-linux-gnu.so" to ""
[19.880s] -- Installing: /home/jordan/SDfR/assignment6/install/relbot_msgs/local/lib/python3.10/dist-packages/relbot_msgs/relbot_msgs_s__rosidl_typesupport_c.cpython-310-x86_64-linux-gnu.so
[19.882s] -- Set runtime path of "/home/jordan/SDfR/assignment6/install/relbot_msgs/local/lib/python3.10/dist-packages/relbot_msgs/relbot_msgs_s__rosidl_typesupport_c.cpython-310-x86_64-linux-gnu.so" to ""
[19.883s] -- Installing: /home/jordan/SDfR/assignment6/install/relbot_msgs/lib/librelbot_msgs__rosidl_generator_py.so
[19.883s] -- Set runtime path of "/home/jordan/SDfR/assignment6/install/relbot_msgs/lib/librelbot_msgs__rosidl_generator_py.so" to ""
[19.886s] -- Installing: /home/jordan/SDfR/assignment6/install/relbot_msgs/share/relbot_msgs/msg/RelbotMotors.idl
[19.887s] -- Installing: /home/jordan/SDfR/assignment6/install/relbot_msgs/share/relbot_msgs/msg/RelbotMotorsStamped.idl
[19.887s] -- Installing: /home/jordan/SDfR/assignment6/install/relbot_msgs/share/relbot_msgs/msg/RelbotMotors.msg
[19.888s] -- Installing: /home/jordan/SDfR/assignment6/install/relbot_msgs/share/relbot_msgs/msg/RelbotMotorsStamped.msg
[19.890s] -- Installing: /home/jordan/SDfR/assignment6/install/relbot_msgs/share/ament_index/resource_index/package_run_dependencies/relbot_msgs
[19.892s] -- Installing: /home/jordan/SDfR/assignment6/install/relbot_msgs/share/ament_index/resource_index/parent_prefix_path/relbot_msgs
[19.892s] -- Installing: /home/jordan/SDfR/assignment6/install/relbot_msgs/share/relbot_msgs/environment/ament_prefix_path.sh
[19.893s] -- Installing: /home/jordan/SDfR/assignment6/install/relbot_msgs/share/relbot_msgs/environment/ament_prefix_path.dsv
[19.895s] -- Installing: /home/jordan/SDfR/assignment6/install/relbot_msgs/share/relbot_msgs/environment/path.sh
[19.895s] -- Installing: /home/jordan/SDfR/assignment6/install/relbot_msgs/share/relbot_msgs/environment/path.dsv
[19.897s] -- Installing: /home/jordan/SDfR/assignment6/install/relbot_msgs/share/relbot_msgs/local_setup.bash
[19.897s] -- Installing: /home/jordan/SDfR/assignment6/install/relbot_msgs/share/relbot_msgs/local_setup.sh
[19.898s] -- Installing: /home/jordan/SDfR/assignment6/install/relbot_msgs/share/relbot_msgs/local_setup.zsh
[19.899s] -- Installing: /home/jordan/SDfR/assignment6/install/relbot_msgs/share/relbot_msgs/local_setup.dsv
[19.900s] -- Installing: /home/jordan/SDfR/assignment6/install/relbot_msgs/share/relbot_msgs/package.dsv
[19.901s] -- Installing: /home/jordan/SDfR/assignment6/install/relbot_msgs/share/ament_index/resource_index/packages/relbot_msgs
[19.902s] -- Installing: /home/jordan/SDfR/assignment6/install/relbot_msgs/share/relbot_msgs/cmake/export_relbot_msgs__rosidl_generator_cExport.cmake
[19.903s] -- Installing: /home/jordan/SDfR/assignment6/install/relbot_msgs/share/relbot_msgs/cmake/export_relbot_msgs__rosidl_generator_cExport-noconfig.cmake
[19.904s] -- Installing: /home/jordan/SDfR/assignment6/install/relbot_msgs/share/relbot_msgs/cmake/export_relbot_msgs__rosidl_typesupport_fastrtps_cExport.cmake
[19.904s] -- Installing: /home/jordan/SDfR/assignment6/install/relbot_msgs/share/relbot_msgs/cmake/export_relbot_msgs__rosidl_typesupport_fastrtps_cExport-noconfig.cmake
[19.905s] -- Installing: /home/jordan/SDfR/assignment6/install/relbot_msgs/share/relbot_msgs/cmake/relbot_msgs__rosidl_typesupport_introspection_cExport.cmake
[19.906s] -- Installing: /home/jordan/SDfR/assignment6/install/relbot_msgs/share/relbot_msgs/cmake/relbot_msgs__rosidl_typesupport_introspection_cExport-noconfig.cmake
[19.907s] -- Installing: /home/jordan/SDfR/assignment6/install/relbot_msgs/share/relbot_msgs/cmake/relbot_msgs__rosidl_typesupport_cExport.cmake
[19.907s] -- Installing: /home/jordan/SDfR/assignment6/install/relbot_msgs/share/relbot_msgs/cmake/relbot_msgs__rosidl_typesupport_cExport-noconfig.cmake
[19.909s] -- Installing: /home/jordan/SDfR/assignment6/install/relbot_msgs/share/relbot_msgs/cmake/export_relbot_msgs__rosidl_generator_cppExport.cmake
[19.909s] -- Installing: /home/jordan/SDfR/assignment6/install/relbot_msgs/share/relbot_msgs/cmake/export_relbot_msgs__rosidl_typesupport_fastrtps_cppExport.cmake
[19.912s] -- Installing: /home/jordan/SDfR/assignment6/install/relbot_msgs/share/relbot_msgs/cmake/export_relbot_msgs__rosidl_typesupport_fastrtps_cppExport-noconfig.cmake
[19.913s] -- Installing: /home/jordan/SDfR/assignment6/install/relbot_msgs/share/relbot_msgs/cmake/relbot_msgs__rosidl_typesupport_introspection_cppExport.cmake
[19.913s] -- Installing: /home/jordan/SDfR/assignment6/install/relbot_msgs/share/relbot_msgs/cmake/relbot_msgs__rosidl_typesupport_introspection_cppExport-noconfig.cmake
[19.918s] -- Installing: /home/jordan/SDfR/assignment6/install/relbot_msgs/share/relbot_msgs/cmake/relbot_msgs__rosidl_typesupport_cppExport.cmake
[19.919s] -- Installing: /home/jordan/SDfR/assignment6/install/relbot_msgs/share/relbot_msgs/cmake/relbot_msgs__rosidl_typesupport_cppExport-noconfig.cmake
[19.920s] -- Installing: /home/jordan/SDfR/assignment6/install/relbot_msgs/share/relbot_msgs/cmake/export_relbot_msgs__rosidl_generator_pyExport.cmake
[19.921s] -- Installing: /home/jordan/SDfR/assignment6/install/relbot_msgs/share/relbot_msgs/cmake/export_relbot_msgs__rosidl_generator_pyExport-noconfig.cmake
[19.922s] -- Installing: /home/jordan/SDfR/assignment6/install/relbot_msgs/share/relbot_msgs/cmake/rosidl_cmake-extras.cmake
[19.922s] -- Installing: /home/jordan/SDfR/assignment6/install/relbot_msgs/share/relbot_msgs/cmake/ament_cmake_export_dependencies-extras.cmake
[19.924s] -- Installing: /home/jordan/SDfR/assignment6/install/relbot_msgs/share/relbot_msgs/cmake/ament_cmake_export_include_directories-extras.cmake
[19.924s] -- Installing: /home/jordan/SDfR/assignment6/install/relbot_msgs/share/relbot_msgs/cmake/ament_cmake_export_libraries-extras.cmake
[19.925s] -- Installing: /home/jordan/SDfR/assignment6/install/relbot_msgs/share/relbot_msgs/cmake/ament_cmake_export_targets-extras.cmake
[19.926s] -- Installing: /home/jordan/SDfR/assignment6/install/relbot_msgs/share/relbot_msgs/cmake/rosidl_cmake_export_typesupport_targets-extras.cmake
[19.926s] -- Installing: /home/jordan/SDfR/assignment6/install/relbot_msgs/share/relbot_msgs/cmake/rosidl_cmake_export_typesupport_libraries-extras.cmake
[19.928s] -- Installing: /home/jordan/SDfR/assignment6/install/relbot_msgs/share/relbot_msgs/cmake/relbot_msgsConfig.cmake
[19.930s] -- Installing: /home/jordan/SDfR/assignment6/install/relbot_msgs/share/relbot_msgs/cmake/relbot_msgsConfig-version.cmake
[19.936s] -- Installing: /home/jordan/SDfR/assignment6/install/relbot_msgs/share/relbot_msgs/package.xml
[19.958s] Invoked command in '/home/jordan/SDfR/assignment6/build/relbot_msgs' returned '0': CMAKE_PREFIX_PATH=/opt/ros/humble /usr/bin/cmake --install /home/jordan/SDfR/assignment6/build/relbot_msgs
