[30.030s] Invoking command in '/home/jordan/SDfR/assignment6/build/green_object_detector': AMENT_PREFIX_PATH=/home/jordan/SDfR/assignment6/install/image_functions_sdfr:${AMENT_PREFIX_PATH} CMAKE_PREFIX_PATH=/home/jordan/SDfR/assignment6/install/image_functions_sdfr:/opt/ros/humble LD_LIBRARY_PATH=/home/jordan/SDfR/assignment6/install/image_functions_sdfr/lib:${LD_LIBRARY_PATH} /usr/bin/cmake --build /home/jordan/SDfR/assignment6/build/green_object_detector -- -j16 -l16
[30.108s] [ 50%] [32mBuilding CXX object CMakeFiles/green_object_detector_node.dir/src/green_object_detector.cpp.o[0m
[41.781s] [100%] [32m[1mLinking CXX executable green_object_detector_node[0m
[43.071s] [100%] Built target green_object_detector_node
[90.071s] Invoked command in '/home/jordan/SDfR/assignment6/build/green_object_detector' returned '0': AMENT_PREFIX_PATH=/home/jordan/SDfR/assignment6/install/image_functions_sdfr:${AMENT_PREFIX_PATH} CMAKE_PREFIX_PATH=/home/jordan/SDfR/assignment6/install/image_functions_sdfr:/opt/ros/humble LD_LIBRARY_PATH=/home/jordan/SDfR/assignment6/install/image_functions_sdfr/lib:${LD_LIBRARY_PATH} /usr/bin/cmake --build /home/jordan/SDfR/assignment6/build/green_object_detector -- -j16 -l16
[90.087s] Invoking command in '/home/jordan/SDfR/assignment6/build/green_object_detector': AMENT_PREFIX_PATH=/home/jordan/SDfR/assignment6/install/image_functions_sdfr:${AMENT_PREFIX_PATH} CMAKE_PREFIX_PATH=/home/jordan/SDfR/assignment6/install/image_functions_sdfr:/opt/ros/humble LD_LIBRARY_PATH=/home/jordan/SDfR/assignment6/install/image_functions_sdfr/lib:${LD_LIBRARY_PATH} /usr/bin/cmake --install /home/jordan/SDfR/assignment6/build/green_object_detector
[90.099s] -- Install configuration: ""
[90.100s] -- Installing: /home/jordan/SDfR/assignment6/install/green_object_detector/lib/green_object_detector/green_object_detector_node
[90.110s] -- Set runtime path of "/home/jordan/SDfR/assignment6/install/green_object_detector/lib/green_object_detector/green_object_detector_node" to ""
[90.110s] -- Installing: /home/jordan/SDfR/assignment6/install/green_object_detector/share/green_object_detector/include
[90.112s] -- Installing: /home/jordan/SDfR/assignment6/install/green_object_detector/share/green_object_detector/include/green_object_detector
[90.112s] -- Installing: /home/jordan/SDfR/assignment6/install/green_object_detector/share/green_object_detector/include/green_object_detector/green_object_detector.hpp
[90.113s] -- Installing: /home/jordan/SDfR/assignment6/install/green_object_detector/share/green_object_detector/config
[90.114s] -- Installing: /home/jordan/SDfR/assignment6/install/green_object_detector/share/green_object_detector/config/detector.yaml
[90.114s] -- Installing: /home/jordan/SDfR/assignment6/install/green_object_detector/share/green_object_detector/launch
[90.115s] -- Installing: /home/jordan/SDfR/assignment6/install/green_object_detector/share/green_object_detector/launch/green_detector_test.launch.py
[90.117s] -- Installing: /home/jordan/SDfR/assignment6/install/green_object_detector/share/ament_index/resource_index/package_run_dependencies/green_object_detector
[90.118s] -- Installing: /home/jordan/SDfR/assignment6/install/green_object_detector/share/ament_index/resource_index/parent_prefix_path/green_object_detector
[90.119s] -- Installing: /home/jordan/SDfR/assignment6/install/green_object_detector/share/green_object_detector/environment/ament_prefix_path.sh
[90.120s] -- Installing: /home/jordan/SDfR/assignment6/install/green_object_detector/share/green_object_detector/environment/ament_prefix_path.dsv
[90.120s] -- Installing: /home/jordan/SDfR/assignment6/install/green_object_detector/share/green_object_detector/environment/path.sh
[90.121s] -- Installing: /home/jordan/SDfR/assignment6/install/green_object_detector/share/green_object_detector/environment/path.dsv
[90.121s] -- Installing: /home/jordan/SDfR/assignment6/install/green_object_detector/share/green_object_detector/local_setup.bash
[90.121s] -- Installing: /home/jordan/SDfR/assignment6/install/green_object_detector/share/green_object_detector/local_setup.sh
[90.122s] -- Installing: /home/jordan/SDfR/assignment6/install/green_object_detector/share/green_object_detector/local_setup.zsh
[90.122s] -- Installing: /home/jordan/SDfR/assignment6/install/green_object_detector/share/green_object_detector/local_setup.dsv
[90.123s] -- Installing: /home/jordan/SDfR/assignment6/install/green_object_detector/share/green_object_detector/package.dsv
[90.124s] -- Installing: /home/jordan/SDfR/assignment6/install/green_object_detector/share/ament_index/resource_index/packages/green_object_detector
[90.125s] -- Installing: /home/jordan/SDfR/assignment6/install/green_object_detector/share/green_object_detector/cmake/green_object_detectorConfig.cmake
[90.125s] -- Installing: /home/jordan/SDfR/assignment6/install/green_object_detector/share/green_object_detector/cmake/green_object_detectorConfig-version.cmake
[90.126s] -- Installing: /home/jordan/SDfR/assignment6/install/green_object_detector/share/green_object_detector/package.xml
[150.109s] Invoked command in '/home/jordan/SDfR/assignment6/build/green_object_detector' returned '0': AMENT_PREFIX_PATH=/home/jordan/SDfR/assignment6/install/image_functions_sdfr:${AMENT_PREFIX_PATH} CMAKE_PREFIX_PATH=/home/jordan/SDfR/assignment6/install/image_functions_sdfr:/opt/ros/humble LD_LIBRARY_PATH=/home/jordan/SDfR/assignment6/install/image_functions_sdfr/lib:${LD_LIBRARY_PATH} /usr/bin/cmake --install /home/jordan/SDfR/assignment6/build/green_object_detector
