[0.086s] Invoking command in '/home/sdfr-ppd-01/SDfR/assignment6/build/green_object_detector': CMAKE_PREFIX_PATH=${CMAKE_PREFIX_PATH}:/opt/ros/humble /usr/bin/cmake --build /home/sdfr-ppd-01/SDfR/assignment6/build/green_object_detector -- -j3 -l3
[0.359s] [100%] Built target green_object_detector
[0.423s] Invoked command in '/home/sdfr-ppd-01/SDfR/assignment6/build/green_object_detector' returned '0': CMAKE_PREFIX_PATH=${CMAKE_PREFIX_PATH}:/opt/ros/humble /usr/bin/cmake --build /home/sdfr-ppd-01/SDfR/assignment6/build/green_object_detector -- -j3 -l3
[0.511s] Invoking command in '/home/sdfr-ppd-01/SDfR/assignment6/build/green_object_detector': CMAKE_PREFIX_PATH=${CMAKE_PREFIX_PATH}:/opt/ros/humble /usr/bin/cmake --install /home/sdfr-ppd-01/SDfR/assignment6/build/green_object_detector
[0.586s] -- Install configuration: ""
[0.591s] -- Up-to-date: /home/sdfr-ppd-01/SDfR/assignment6/install/green_object_detector/lib/green_object_detector/green_object_detector
[0.598s] -- Up-to-date: /home/sdfr-ppd-01/SDfR/assignment6/install/green_object_detector/share/ament_index/resource_index/package_run_dependencies/green_object_detector
[0.600s] -- Up-to-date: /home/sdfr-ppd-01/SDfR/assignment6/install/green_object_detector/share/ament_index/resource_index/parent_prefix_path/green_object_detector
[0.601s] -- Up-to-date: /home/sdfr-ppd-01/SDfR/assignment6/install/green_object_detector/share/green_object_detector/environment/ament_prefix_path.sh
[0.603s] -- Up-to-date: /home/sdfr-ppd-01/SDfR/assignment6/install/green_object_detector/share/green_object_detector/environment/ament_prefix_path.dsv
[0.605s] -- Up-to-date: /home/sdfr-ppd-01/SDfR/assignment6/install/green_object_detector/share/green_object_detector/environment/path.sh
[0.606s] -- Up-to-date: /home/sdfr-ppd-01/SDfR/assignment6/install/green_object_detector/share/green_object_detector/environment/path.dsv
[0.608s] -- Up-to-date: /home/sdfr-ppd-01/SDfR/assignment6/install/green_object_detector/share/green_object_detector/local_setup.bash
[0.609s] -- Up-to-date: /home/sdfr-ppd-01/SDfR/assignment6/install/green_object_detector/share/green_object_detector/local_setup.sh
[0.616s] -- Up-to-date: /home/sdfr-ppd-01/SDfR/assignment6/install/green_object_detector/share/green_object_detector/local_setup.zsh
[0.622s] -- Up-to-date: /home/sdfr-ppd-01/SDfR/assignment6/install/green_object_detector/share/green_object_detector/local_setup.dsv
[0.629s] -- Installing: /home/sdfr-ppd-01/SDfR/assignment6/install/green_object_detector/share/green_object_detector/package.dsv
[0.650s] -- Up-to-date: /home/sdfr-ppd-01/SDfR/assignment6/install/green_object_detector/share/ament_index/resource_index/packages/green_object_detector
[0.652s] -- Up-to-date: /home/sdfr-ppd-01/SDfR/assignment6/install/green_object_detector/share/green_object_detector/cmake/green_object_detectorConfig.cmake
[0.654s] -- Up-to-date: /home/sdfr-ppd-01/SDfR/assignment6/install/green_object_detector/share/green_object_detector/cmake/green_object_detectorConfig-version.cmake
[0.655s] -- Up-to-date: /home/sdfr-ppd-01/SDfR/assignment6/install/green_object_detector/share/green_object_detector/package.xml
[0.657s] Invoked command in '/home/sdfr-ppd-01/SDfR/assignment6/build/green_object_detector' returned '0': CMAKE_PREFIX_PATH=${CMAKE_PREFIX_PATH}:/opt/ros/humble /usr/bin/cmake --install /home/sdfr-ppd-01/SDfR/assignment6/build/green_object_detector
