[0.812s] DEBUG:colcon:Command line arguments: ['/usr/bin/colcon', 'build']
[0.812s] DEBUG:colcon:Parsed command line arguments: Namespace(log_base=None, log_level=None, verb_name='build', build_base='build', install_base='install', merge_install=False, symlink_install=False, test_result_base=None, continue_on_error=False, executor='parallel', parallel_workers=16, event_handlers=None, ignore_user_meta=False, metas=['./colcon.meta'], base_paths=['.'], packages_ignore=None, packages_ignore_regex=None, paths=None, packages_up_to=None, packages_up_to_regex=None, packages_above=None, packages_above_and_dependencies=None, packages_above_depth=None, packages_select_by_dep=None, packages_skip_by_dep=None, packages_skip_up_to=None, packages_select_build_failed=False, packages_skip_build_finished=False, packages_select_test_failures=False, packages_skip_test_passed=False, packages_select=None, packages_skip=None, packages_select_regex=None, packages_skip_regex=None, packages_start=None, packages_end=None, allow_overriding=[], cmake_args=None, cmake_target=None, cmake_target_skip_unavailable=False, cmake_clean_cache=False, cmake_clean_first=False, cmake_force_configure=False, ament_cmake_args=None, catkin_cmake_args=None, catkin_skip_building_tests=False, mixin_files=None, mixin=None, verb_parser=<colcon_mixin.mixin.mixin_argument.MixinArgumentDecorator object at 0x7fabacfcd180>, verb_extension=<colcon_core.verb.build.BuildVerb object at 0x7fabad1bab30>, main=<bound method BuildVerb.main of <colcon_core.verb.build.BuildVerb object at 0x7fabad1bab30>>, mixin_verb=('build',))
[1.197s] Level 1:colcon.colcon_core.package_discovery:discover_packages(colcon_meta) check parameters
[1.197s] Level 1:colcon.colcon_core.package_discovery:discover_packages(recursive) check parameters
[1.197s] Level 1:colcon.colcon_core.package_discovery:discover_packages(ignore) check parameters
[1.197s] Level 1:colcon.colcon_core.package_discovery:discover_packages(path) check parameters
[1.197s] Level 1:colcon.colcon_core.package_discovery:discover_packages(colcon_meta) discover
[1.197s] Level 1:colcon.colcon_core.package_discovery:discover_packages(recursive) discover
[1.197s] INFO:colcon.colcon_core.package_discovery:Crawling recursively for packages in '/home/jordan/SDfR/assignment5'
[1.197s] Level 1:colcon.colcon_core.package_identification:_identify(.) by extensions ['ignore', 'ignore_ament_install']
[1.198s] Level 1:colcon.colcon_core.package_identification:_identify(.) by extension 'ignore'
[1.198s] Level 1:colcon.colcon_core.package_identification:_identify(.) by extension 'ignore_ament_install'
[1.198s] Level 1:colcon.colcon_core.package_identification:_identify(.) by extensions ['colcon_pkg']
[1.198s] Level 1:colcon.colcon_core.package_identification:_identify(.) by extension 'colcon_pkg'
[1.198s] Level 1:colcon.colcon_core.package_identification:_identify(.) by extensions ['colcon_meta']
[1.198s] Level 1:colcon.colcon_core.package_identification:_identify(.) by extension 'colcon_meta'
[1.198s] Level 1:colcon.colcon_core.package_identification:_identify(.) by extensions ['ros']
[1.198s] Level 1:colcon.colcon_core.package_identification:_identify(.) by extension 'ros'
[1.220s] Level 1:colcon.colcon_core.package_identification:_identify(.) by extensions ['cmake', 'python']
[1.220s] Level 1:colcon.colcon_core.package_identification:_identify(.) by extension 'cmake'
[1.220s] Level 1:colcon.colcon_core.package_identification:_identify(.) by extension 'python'
[1.220s] Level 1:colcon.colcon_core.package_identification:_identify(.) by extensions ['python_setup_py']
[1.220s] Level 1:colcon.colcon_core.package_identification:_identify(.) by extension 'python_setup_py'
[1.221s] Level 1:colcon.colcon_core.package_identification:_identify(__MACOSX) by extensions ['ignore', 'ignore_ament_install']
[1.221s] Level 1:colcon.colcon_core.package_identification:_identify(__MACOSX) by extension 'ignore'
[1.221s] Level 1:colcon.colcon_core.package_identification:_identify(__MACOSX) by extension 'ignore_ament_install'
[1.221s] Level 1:colcon.colcon_core.package_identification:_identify(__MACOSX) by extensions ['colcon_pkg']
[1.221s] Level 1:colcon.colcon_core.package_identification:_identify(__MACOSX) by extension 'colcon_pkg'
[1.222s] Level 1:colcon.colcon_core.package_identification:_identify(__MACOSX) by extensions ['colcon_meta']
[1.222s] Level 1:colcon.colcon_core.package_identification:_identify(__MACOSX) by extension 'colcon_meta'
[1.222s] Level 1:colcon.colcon_core.package_identification:_identify(__MACOSX) by extensions ['ros']
[1.222s] Level 1:colcon.colcon_core.package_identification:_identify(__MACOSX) by extension 'ros'
[1.222s] Level 1:colcon.colcon_core.package_identification:_identify(__MACOSX) by extensions ['cmake', 'python']
[1.222s] Level 1:colcon.colcon_core.package_identification:_identify(__MACOSX) by extension 'cmake'
[1.222s] Level 1:colcon.colcon_core.package_identification:_identify(__MACOSX) by extension 'python'
[1.222s] Level 1:colcon.colcon_core.package_identification:_identify(__MACOSX) by extensions ['python_setup_py']
[1.223s] Level 1:colcon.colcon_core.package_identification:_identify(__MACOSX) by extension 'python_setup_py'
[1.223s] Level 1:colcon.colcon_core.package_identification:_identify(__MACOSX/relbot2turtlesim) by extensions ['ignore', 'ignore_ament_install']
[1.223s] Level 1:colcon.colcon_core.package_identification:_identify(__MACOSX/relbot2turtlesim) by extension 'ignore'
[1.223s] Level 1:colcon.colcon_core.package_identification:_identify(__MACOSX/relbot2turtlesim) by extension 'ignore_ament_install'
[1.223s] Level 1:colcon.colcon_core.package_identification:_identify(__MACOSX/relbot2turtlesim) by extensions ['colcon_pkg']
[1.223s] Level 1:colcon.colcon_core.package_identification:_identify(__MACOSX/relbot2turtlesim) by extension 'colcon_pkg'
[1.223s] Level 1:colcon.colcon_core.package_identification:_identify(__MACOSX/relbot2turtlesim) by extensions ['colcon_meta']
[1.223s] Level 1:colcon.colcon_core.package_identification:_identify(__MACOSX/relbot2turtlesim) by extension 'colcon_meta'
[1.224s] Level 1:colcon.colcon_core.package_identification:_identify(__MACOSX/relbot2turtlesim) by extensions ['ros']
[1.224s] Level 1:colcon.colcon_core.package_identification:_identify(__MACOSX/relbot2turtlesim) by extension 'ros'
[1.224s] Level 1:colcon.colcon_core.package_identification:_identify(__MACOSX/relbot2turtlesim) by extensions ['cmake', 'python']
[1.224s] Level 1:colcon.colcon_core.package_identification:_identify(__MACOSX/relbot2turtlesim) by extension 'cmake'
[1.224s] Level 1:colcon.colcon_core.package_identification:_identify(__MACOSX/relbot2turtlesim) by extension 'python'
[1.224s] Level 1:colcon.colcon_core.package_identification:_identify(__MACOSX/relbot2turtlesim) by extensions ['python_setup_py']
[1.224s] Level 1:colcon.colcon_core.package_identification:_identify(__MACOSX/relbot2turtlesim) by extension 'python_setup_py'
[1.225s] Level 1:colcon.colcon_core.package_identification:_identify(__MACOSX/relbot2turtlesim/include) by extensions ['ignore', 'ignore_ament_install']
[1.225s] Level 1:colcon.colcon_core.package_identification:_identify(__MACOSX/relbot2turtlesim/include) by extension 'ignore'
[1.225s] Level 1:colcon.colcon_core.package_identification:_identify(__MACOSX/relbot2turtlesim/include) by extension 'ignore_ament_install'
[1.225s] Level 1:colcon.colcon_core.package_identification:_identify(__MACOSX/relbot2turtlesim/include) by extensions ['colcon_pkg']
[1.225s] Level 1:colcon.colcon_core.package_identification:_identify(__MACOSX/relbot2turtlesim/include) by extension 'colcon_pkg'
[1.225s] Level 1:colcon.colcon_core.package_identification:_identify(__MACOSX/relbot2turtlesim/include) by extensions ['colcon_meta']
[1.225s] Level 1:colcon.colcon_core.package_identification:_identify(__MACOSX/relbot2turtlesim/include) by extension 'colcon_meta'
[1.225s] Level 1:colcon.colcon_core.package_identification:_identify(__MACOSX/relbot2turtlesim/include) by extensions ['ros']
[1.225s] Level 1:colcon.colcon_core.package_identification:_identify(__MACOSX/relbot2turtlesim/include) by extension 'ros'
[1.226s] Level 1:colcon.colcon_core.package_identification:_identify(__MACOSX/relbot2turtlesim/include) by extensions ['cmake', 'python']
[1.226s] Level 1:colcon.colcon_core.package_identification:_identify(__MACOSX/relbot2turtlesim/include) by extension 'cmake'
[1.226s] Level 1:colcon.colcon_core.package_identification:_identify(__MACOSX/relbot2turtlesim/include) by extension 'python'
[1.226s] Level 1:colcon.colcon_core.package_identification:_identify(__MACOSX/relbot2turtlesim/include) by extensions ['python_setup_py']
[1.226s] Level 1:colcon.colcon_core.package_identification:_identify(__MACOSX/relbot2turtlesim/include) by extension 'python_setup_py'
[1.226s] Level 1:colcon.colcon_core.package_identification:_identify(__MACOSX/relbot_launch) by extensions ['ignore', 'ignore_ament_install']
[1.226s] Level 1:colcon.colcon_core.package_identification:_identify(__MACOSX/relbot_launch) by extension 'ignore'
[1.227s] Level 1:colcon.colcon_core.package_identification:_identify(__MACOSX/relbot_launch) by extension 'ignore_ament_install'
[1.227s] Level 1:colcon.colcon_core.package_identification:_identify(__MACOSX/relbot_launch) by extensions ['colcon_pkg']
[1.227s] Level 1:colcon.colcon_core.package_identification:_identify(__MACOSX/relbot_launch) by extension 'colcon_pkg'
[1.227s] Level 1:colcon.colcon_core.package_identification:_identify(__MACOSX/relbot_launch) by extensions ['colcon_meta']
[1.227s] Level 1:colcon.colcon_core.package_identification:_identify(__MACOSX/relbot_launch) by extension 'colcon_meta'
[1.227s] Level 1:colcon.colcon_core.package_identification:_identify(__MACOSX/relbot_launch) by extensions ['ros']
[1.227s] Level 1:colcon.colcon_core.package_identification:_identify(__MACOSX/relbot_launch) by extension 'ros'
[1.227s] Level 1:colcon.colcon_core.package_identification:_identify(__MACOSX/relbot_launch) by extensions ['cmake', 'python']
[1.227s] Level 1:colcon.colcon_core.package_identification:_identify(__MACOSX/relbot_launch) by extension 'cmake'
[1.227s] Level 1:colcon.colcon_core.package_identification:_identify(__MACOSX/relbot_launch) by extension 'python'
[1.227s] Level 1:colcon.colcon_core.package_identification:_identify(__MACOSX/relbot_launch) by extensions ['python_setup_py']
[1.227s] Level 1:colcon.colcon_core.package_identification:_identify(__MACOSX/relbot_launch) by extension 'python_setup_py'
[1.228s] Level 1:colcon.colcon_core.package_identification:_identify(__MACOSX/relbot_launch/launch) by extensions ['ignore', 'ignore_ament_install']
[1.228s] Level 1:colcon.colcon_core.package_identification:_identify(__MACOSX/relbot_launch/launch) by extension 'ignore'
[1.228s] Level 1:colcon.colcon_core.package_identification:_identify(__MACOSX/relbot_launch/launch) by extension 'ignore_ament_install'
[1.228s] Level 1:colcon.colcon_core.package_identification:_identify(__MACOSX/relbot_launch/launch) by extensions ['colcon_pkg']
[1.228s] Level 1:colcon.colcon_core.package_identification:_identify(__MACOSX/relbot_launch/launch) by extension 'colcon_pkg'
[1.228s] Level 1:colcon.colcon_core.package_identification:_identify(__MACOSX/relbot_launch/launch) by extensions ['colcon_meta']
[1.228s] Level 1:colcon.colcon_core.package_identification:_identify(__MACOSX/relbot_launch/launch) by extension 'colcon_meta'
[1.229s] Level 1:colcon.colcon_core.package_identification:_identify(__MACOSX/relbot_launch/launch) by extensions ['ros']
[1.229s] Level 1:colcon.colcon_core.package_identification:_identify(__MACOSX/relbot_launch/launch) by extension 'ros'
[1.229s] Level 1:colcon.colcon_core.package_identification:_identify(__MACOSX/relbot_launch/launch) by extensions ['cmake', 'python']
[1.229s] Level 1:colcon.colcon_core.package_identification:_identify(__MACOSX/relbot_launch/launch) by extension 'cmake'
[1.229s] Level 1:colcon.colcon_core.package_identification:_identify(__MACOSX/relbot_launch/launch) by extension 'python'
[1.229s] Level 1:colcon.colcon_core.package_identification:_identify(__MACOSX/relbot_launch/launch) by extensions ['python_setup_py']
[1.229s] Level 1:colcon.colcon_core.package_identification:_identify(__MACOSX/relbot_launch/launch) by extension 'python_setup_py'
[1.229s] Level 1:colcon.colcon_core.package_identification:_identify(__MACOSX/relbot_sequence_controller) by extensions ['ignore', 'ignore_ament_install']
[1.229s] Level 1:colcon.colcon_core.package_identification:_identify(__MACOSX/relbot_sequence_controller) by extension 'ignore'
[1.230s] Level 1:colcon.colcon_core.package_identification:_identify(__MACOSX/relbot_sequence_controller) by extension 'ignore_ament_install'
[1.230s] Level 1:colcon.colcon_core.package_identification:_identify(__MACOSX/relbot_sequence_controller) by extensions ['colcon_pkg']
[1.230s] Level 1:colcon.colcon_core.package_identification:_identify(__MACOSX/relbot_sequence_controller) by extension 'colcon_pkg'
[1.230s] Level 1:colcon.colcon_core.package_identification:_identify(__MACOSX/relbot_sequence_controller) by extensions ['colcon_meta']
[1.230s] Level 1:colcon.colcon_core.package_identification:_identify(__MACOSX/relbot_sequence_controller) by extension 'colcon_meta'
[1.230s] Level 1:colcon.colcon_core.package_identification:_identify(__MACOSX/relbot_sequence_controller) by extensions ['ros']
[1.230s] Level 1:colcon.colcon_core.package_identification:_identify(__MACOSX/relbot_sequence_controller) by extension 'ros'
[1.230s] Level 1:colcon.colcon_core.package_identification:_identify(__MACOSX/relbot_sequence_controller) by extensions ['cmake', 'python']
[1.230s] Level 1:colcon.colcon_core.package_identification:_identify(__MACOSX/relbot_sequence_controller) by extension 'cmake'
[1.230s] Level 1:colcon.colcon_core.package_identification:_identify(__MACOSX/relbot_sequence_controller) by extension 'python'
[1.230s] Level 1:colcon.colcon_core.package_identification:_identify(__MACOSX/relbot_sequence_controller) by extensions ['python_setup_py']
[1.231s] Level 1:colcon.colcon_core.package_identification:_identify(__MACOSX/relbot_sequence_controller) by extension 'python_setup_py'
[1.231s] Level 1:colcon.colcon_core.package_identification:_identify(__MACOSX/relbot_sequence_controller/include) by extensions ['ignore', 'ignore_ament_install']
[1.231s] Level 1:colcon.colcon_core.package_identification:_identify(__MACOSX/relbot_sequence_controller/include) by extension 'ignore'
[1.231s] Level 1:colcon.colcon_core.package_identification:_identify(__MACOSX/relbot_sequence_controller/include) by extension 'ignore_ament_install'
[1.231s] Level 1:colcon.colcon_core.package_identification:_identify(__MACOSX/relbot_sequence_controller/include) by extensions ['colcon_pkg']
[1.231s] Level 1:colcon.colcon_core.package_identification:_identify(__MACOSX/relbot_sequence_controller/include) by extension 'colcon_pkg'
[1.231s] Level 1:colcon.colcon_core.package_identification:_identify(__MACOSX/relbot_sequence_controller/include) by extensions ['colcon_meta']
[1.231s] Level 1:colcon.colcon_core.package_identification:_identify(__MACOSX/relbot_sequence_controller/include) by extension 'colcon_meta'
[1.231s] Level 1:colcon.colcon_core.package_identification:_identify(__MACOSX/relbot_sequence_controller/include) by extensions ['ros']
[1.231s] Level 1:colcon.colcon_core.package_identification:_identify(__MACOSX/relbot_sequence_controller/include) by extension 'ros'
[1.232s] Level 1:colcon.colcon_core.package_identification:_identify(__MACOSX/relbot_sequence_controller/include) by extensions ['cmake', 'python']
[1.232s] Level 1:colcon.colcon_core.package_identification:_identify(__MACOSX/relbot_sequence_controller/include) by extension 'cmake'
[1.232s] Level 1:colcon.colcon_core.package_identification:_identify(__MACOSX/relbot_sequence_controller/include) by extension 'python'
[1.232s] Level 1:colcon.colcon_core.package_identification:_identify(__MACOSX/relbot_sequence_controller/include) by extensions ['python_setup_py']
[1.232s] Level 1:colcon.colcon_core.package_identification:_identify(__MACOSX/relbot_sequence_controller/include) by extension 'python_setup_py'
[1.232s] Level 1:colcon.colcon_core.package_identification:_identify(__MACOSX/relbot_simulator) by extensions ['ignore', 'ignore_ament_install']
[1.233s] Level 1:colcon.colcon_core.package_identification:_identify(__MACOSX/relbot_simulator) by extension 'ignore'
[1.233s] Level 1:colcon.colcon_core.package_identification:_identify(__MACOSX/relbot_simulator) by extension 'ignore_ament_install'
[1.233s] Level 1:colcon.colcon_core.package_identification:_identify(__MACOSX/relbot_simulator) by extensions ['colcon_pkg']
[1.233s] Level 1:colcon.colcon_core.package_identification:_identify(__MACOSX/relbot_simulator) by extension 'colcon_pkg'
[1.233s] Level 1:colcon.colcon_core.package_identification:_identify(__MACOSX/relbot_simulator) by extensions ['colcon_meta']
[1.233s] Level 1:colcon.colcon_core.package_identification:_identify(__MACOSX/relbot_simulator) by extension 'colcon_meta'
[1.233s] Level 1:colcon.colcon_core.package_identification:_identify(__MACOSX/relbot_simulator) by extensions ['ros']
[1.233s] Level 1:colcon.colcon_core.package_identification:_identify(__MACOSX/relbot_simulator) by extension 'ros'
[1.233s] Level 1:colcon.colcon_core.package_identification:_identify(__MACOSX/relbot_simulator) by extensions ['cmake', 'python']
[1.233s] Level 1:colcon.colcon_core.package_identification:_identify(__MACOSX/relbot_simulator) by extension 'cmake'
[1.233s] Level 1:colcon.colcon_core.package_identification:_identify(__MACOSX/relbot_simulator) by extension 'python'
[1.233s] Level 1:colcon.colcon_core.package_identification:_identify(__MACOSX/relbot_simulator) by extensions ['python_setup_py']
[1.234s] Level 1:colcon.colcon_core.package_identification:_identify(__MACOSX/relbot_simulator) by extension 'python_setup_py'
[1.234s] Level 1:colcon.colcon_core.package_identification:_identify(build) by extensions ['ignore', 'ignore_ament_install']
[1.234s] Level 1:colcon.colcon_core.package_identification:_identify(build) by extension 'ignore'
[1.234s] Level 1:colcon.colcon_core.package_identification:_identify(build) ignored
[1.235s] Level 1:colcon.colcon_core.package_identification:_identify(install) by extensions ['ignore', 'ignore_ament_install']
[1.235s] Level 1:colcon.colcon_core.package_identification:_identify(install) by extension 'ignore'
[1.235s] Level 1:colcon.colcon_core.package_identification:_identify(install) ignored
[1.235s] Level 1:colcon.colcon_core.package_identification:_identify(log) by extensions ['ignore', 'ignore_ament_install']
[1.235s] Level 1:colcon.colcon_core.package_identification:_identify(log) by extension 'ignore'
[1.236s] Level 1:colcon.colcon_core.package_identification:_identify(log) ignored
[1.236s] Level 1:colcon.colcon_core.package_identification:_identify(relbot2turtlesim) by extensions ['ignore', 'ignore_ament_install']
[1.236s] Level 1:colcon.colcon_core.package_identification:_identify(relbot2turtlesim) by extension 'ignore'
[1.236s] Level 1:colcon.colcon_core.package_identification:_identify(relbot2turtlesim) by extension 'ignore_ament_install'
[1.236s] Level 1:colcon.colcon_core.package_identification:_identify(relbot2turtlesim) by extensions ['colcon_pkg']
[1.236s] Level 1:colcon.colcon_core.package_identification:_identify(relbot2turtlesim) by extension 'colcon_pkg'
[1.236s] Level 1:colcon.colcon_core.package_identification:_identify(relbot2turtlesim) by extensions ['colcon_meta']
[1.237s] Level 1:colcon.colcon_core.package_identification:_identify(relbot2turtlesim) by extension 'colcon_meta'
[1.237s] Level 1:colcon.colcon_core.package_identification:_identify(relbot2turtlesim) by extensions ['ros']
[1.237s] Level 1:colcon.colcon_core.package_identification:_identify(relbot2turtlesim) by extension 'ros'
[1.242s] DEBUG:colcon.colcon_core.package_identification:Package 'relbot2turtlesim' with type 'ros.ament_cmake' and name 'relbot2turtlesim'
[1.242s] Level 1:colcon.colcon_core.package_identification:_identify(relbot_launch) by extensions ['ignore', 'ignore_ament_install']
[1.242s] Level 1:colcon.colcon_core.package_identification:_identify(relbot_launch) by extension 'ignore'
[1.243s] Level 1:colcon.colcon_core.package_identification:_identify(relbot_launch) by extension 'ignore_ament_install'
[1.243s] Level 1:colcon.colcon_core.package_identification:_identify(relbot_launch) by extensions ['colcon_pkg']
[1.243s] Level 1:colcon.colcon_core.package_identification:_identify(relbot_launch) by extension 'colcon_pkg'
[1.243s] Level 1:colcon.colcon_core.package_identification:_identify(relbot_launch) by extensions ['colcon_meta']
[1.243s] Level 1:colcon.colcon_core.package_identification:_identify(relbot_launch) by extension 'colcon_meta'
[1.243s] Level 1:colcon.colcon_core.package_identification:_identify(relbot_launch) by extensions ['ros']
[1.243s] Level 1:colcon.colcon_core.package_identification:_identify(relbot_launch) by extension 'ros'
[1.244s] DEBUG:colcon.colcon_core.package_identification:Package 'relbot_launch' with type 'ros.ament_cmake' and name 'relbot_launch'
[1.244s] Level 1:colcon.colcon_core.package_identification:_identify(relbot_sequence_controller) by extensions ['ignore', 'ignore_ament_install']
[1.245s] Level 1:colcon.colcon_core.package_identification:_identify(relbot_sequence_controller) by extension 'ignore'
[1.245s] Level 1:colcon.colcon_core.package_identification:_identify(relbot_sequence_controller) by extension 'ignore_ament_install'
[1.245s] Level 1:colcon.colcon_core.package_identification:_identify(relbot_sequence_controller) by extensions ['colcon_pkg']
[1.245s] Level 1:colcon.colcon_core.package_identification:_identify(relbot_sequence_controller) by extension 'colcon_pkg'
[1.245s] Level 1:colcon.colcon_core.package_identification:_identify(relbot_sequence_controller) by extensions ['colcon_meta']
[1.245s] Level 1:colcon.colcon_core.package_identification:_identify(relbot_sequence_controller) by extension 'colcon_meta'
[1.245s] Level 1:colcon.colcon_core.package_identification:_identify(relbot_sequence_controller) by extensions ['ros']
[1.245s] Level 1:colcon.colcon_core.package_identification:_identify(relbot_sequence_controller) by extension 'ros'
[1.246s] DEBUG:colcon.colcon_core.package_identification:Package 'relbot_sequence_controller' with type 'ros.ament_cmake' and name 'relbot_sequence_controller'
[1.247s] Level 1:colcon.colcon_core.package_identification:_identify(relbot_simulator) by extensions ['ignore', 'ignore_ament_install']
[1.247s] Level 1:colcon.colcon_core.package_identification:_identify(relbot_simulator) by extension 'ignore'
[1.247s] Level 1:colcon.colcon_core.package_identification:_identify(relbot_simulator) by extension 'ignore_ament_install'
[1.247s] Level 1:colcon.colcon_core.package_identification:_identify(relbot_simulator) by extensions ['colcon_pkg']
[1.247s] Level 1:colcon.colcon_core.package_identification:_identify(relbot_simulator) by extension 'colcon_pkg'
[1.247s] Level 1:colcon.colcon_core.package_identification:_identify(relbot_simulator) by extensions ['colcon_meta']
[1.247s] Level 1:colcon.colcon_core.package_identification:_identify(relbot_simulator) by extension 'colcon_meta'
[1.247s] Level 1:colcon.colcon_core.package_identification:_identify(relbot_simulator) by extensions ['ros']
[1.247s] Level 1:colcon.colcon_core.package_identification:_identify(relbot_simulator) by extension 'ros'
[1.249s] DEBUG:colcon.colcon_core.package_identification:Package 'relbot_simulator' with type 'ros.ament_cmake' and name 'relbot_simulator'
[1.249s] Level 1:colcon.colcon_core.package_discovery:discover_packages(recursive) using defaults
[1.249s] Level 1:colcon.colcon_core.package_discovery:discover_packages(ignore) discover
[1.249s] Level 1:colcon.colcon_core.package_discovery:discover_packages(ignore) using defaults
[1.249s] Level 1:colcon.colcon_core.package_discovery:discover_packages(path) discover
[1.249s] Level 1:colcon.colcon_core.package_discovery:discover_packages(path) using defaults
[1.311s] Level 1:colcon.colcon_core.package_discovery:discover_packages(prefix_path) check parameters
[1.311s] Level 1:colcon.colcon_core.package_discovery:discover_packages(prefix_path) discover
[1.316s] DEBUG:colcon.colcon_installed_package_information.package_discovery:Found 4 installed packages in /home/jordan/SDfR/assignment5/install
[1.319s] DEBUG:colcon.colcon_installed_package_information.package_discovery:Found 274 installed packages in /opt/ros/humble
[1.322s] Level 1:colcon.colcon_core.package_discovery:discover_packages(prefix_path) using defaults
[1.403s] Level 5:colcon.colcon_core.verb:set package 'relbot2turtlesim' build argument 'cmake_args' from command line to 'None'
[1.403s] Level 5:colcon.colcon_core.verb:set package 'relbot2turtlesim' build argument 'cmake_target' from command line to 'None'
[1.403s] Level 5:colcon.colcon_core.verb:set package 'relbot2turtlesim' build argument 'cmake_target_skip_unavailable' from command line to 'False'
[1.403s] Level 5:colcon.colcon_core.verb:set package 'relbot2turtlesim' build argument 'cmake_clean_cache' from command line to 'False'
[1.403s] Level 5:colcon.colcon_core.verb:set package 'relbot2turtlesim' build argument 'cmake_clean_first' from command line to 'False'
[1.403s] Level 5:colcon.colcon_core.verb:set package 'relbot2turtlesim' build argument 'cmake_force_configure' from command line to 'False'
[1.403s] Level 5:colcon.colcon_core.verb:set package 'relbot2turtlesim' build argument 'ament_cmake_args' from command line to 'None'
[1.403s] Level 5:colcon.colcon_core.verb:set package 'relbot2turtlesim' build argument 'catkin_cmake_args' from command line to 'None'
[1.403s] Level 5:colcon.colcon_core.verb:set package 'relbot2turtlesim' build argument 'catkin_skip_building_tests' from command line to 'False'
[1.404s] DEBUG:colcon.colcon_core.verb:Building package 'relbot2turtlesim' with the following arguments: {'ament_cmake_args': None, 'build_base': '/home/jordan/SDfR/assignment5/build/relbot2turtlesim', 'catkin_cmake_args': None, 'catkin_skip_building_tests': False, 'cmake_args': None, 'cmake_clean_cache': False, 'cmake_clean_first': False, 'cmake_force_configure': False, 'cmake_target': None, 'cmake_target_skip_unavailable': False, 'install_base': '/home/jordan/SDfR/assignment5/install/relbot2turtlesim', 'merge_install': False, 'path': '/home/jordan/SDfR/assignment5/relbot2turtlesim', 'symlink_install': False, 'test_result_base': None}
[1.404s] Level 5:colcon.colcon_core.verb:set package 'relbot_launch' build argument 'cmake_args' from command line to 'None'
[1.404s] Level 5:colcon.colcon_core.verb:set package 'relbot_launch' build argument 'cmake_target' from command line to 'None'
[1.404s] Level 5:colcon.colcon_core.verb:set package 'relbot_launch' build argument 'cmake_target_skip_unavailable' from command line to 'False'
[1.404s] Level 5:colcon.colcon_core.verb:set package 'relbot_launch' build argument 'cmake_clean_cache' from command line to 'False'
[1.405s] Level 5:colcon.colcon_core.verb:set package 'relbot_launch' build argument 'cmake_clean_first' from command line to 'False'
[1.405s] Level 5:colcon.colcon_core.verb:set package 'relbot_launch' build argument 'cmake_force_configure' from command line to 'False'
[1.405s] Level 5:colcon.colcon_core.verb:set package 'relbot_launch' build argument 'ament_cmake_args' from command line to 'None'
[1.405s] Level 5:colcon.colcon_core.verb:set package 'relbot_launch' build argument 'catkin_cmake_args' from command line to 'None'
[1.405s] Level 5:colcon.colcon_core.verb:set package 'relbot_launch' build argument 'catkin_skip_building_tests' from command line to 'False'
[1.405s] DEBUG:colcon.colcon_core.verb:Building package 'relbot_launch' with the following arguments: {'ament_cmake_args': None, 'build_base': '/home/jordan/SDfR/assignment5/build/relbot_launch', 'catkin_cmake_args': None, 'catkin_skip_building_tests': False, 'cmake_args': None, 'cmake_clean_cache': False, 'cmake_clean_first': False, 'cmake_force_configure': False, 'cmake_target': None, 'cmake_target_skip_unavailable': False, 'install_base': '/home/jordan/SDfR/assignment5/install/relbot_launch', 'merge_install': False, 'path': '/home/jordan/SDfR/assignment5/relbot_launch', 'symlink_install': False, 'test_result_base': None}
[1.405s] Level 5:colcon.colcon_core.verb:set package 'relbot_sequence_controller' build argument 'cmake_args' from command line to 'None'
[1.405s] Level 5:colcon.colcon_core.verb:set package 'relbot_sequence_controller' build argument 'cmake_target' from command line to 'None'
[1.406s] Level 5:colcon.colcon_core.verb:set package 'relbot_sequence_controller' build argument 'cmake_target_skip_unavailable' from command line to 'False'
[1.406s] Level 5:colcon.colcon_core.verb:set package 'relbot_sequence_controller' build argument 'cmake_clean_cache' from command line to 'False'
[1.406s] Level 5:colcon.colcon_core.verb:set package 'relbot_sequence_controller' build argument 'cmake_clean_first' from command line to 'False'
[1.406s] Level 5:colcon.colcon_core.verb:set package 'relbot_sequence_controller' build argument 'cmake_force_configure' from command line to 'False'
[1.406s] Level 5:colcon.colcon_core.verb:set package 'relbot_sequence_controller' build argument 'ament_cmake_args' from command line to 'None'
[1.406s] Level 5:colcon.colcon_core.verb:set package 'relbot_sequence_controller' build argument 'catkin_cmake_args' from command line to 'None'
[1.406s] Level 5:colcon.colcon_core.verb:set package 'relbot_sequence_controller' build argument 'catkin_skip_building_tests' from command line to 'False'
[1.406s] DEBUG:colcon.colcon_core.verb:Building package 'relbot_sequence_controller' with the following arguments: {'ament_cmake_args': None, 'build_base': '/home/jordan/SDfR/assignment5/build/relbot_sequence_controller', 'catkin_cmake_args': None, 'catkin_skip_building_tests': False, 'cmake_args': None, 'cmake_clean_cache': False, 'cmake_clean_first': False, 'cmake_force_configure': False, 'cmake_target': None, 'cmake_target_skip_unavailable': False, 'install_base': '/home/jordan/SDfR/assignment5/install/relbot_sequence_controller', 'merge_install': False, 'path': '/home/jordan/SDfR/assignment5/relbot_sequence_controller', 'symlink_install': False, 'test_result_base': None}
[1.407s] Level 5:colcon.colcon_core.verb:set package 'relbot_simulator' build argument 'cmake_args' from command line to 'None'
[1.407s] Level 5:colcon.colcon_core.verb:set package 'relbot_simulator' build argument 'cmake_target' from command line to 'None'
[1.407s] Level 5:colcon.colcon_core.verb:set package 'relbot_simulator' build argument 'cmake_target_skip_unavailable' from command line to 'False'
[1.407s] Level 5:colcon.colcon_core.verb:set package 'relbot_simulator' build argument 'cmake_clean_cache' from command line to 'False'
[1.407s] Level 5:colcon.colcon_core.verb:set package 'relbot_simulator' build argument 'cmake_clean_first' from command line to 'False'
[1.407s] Level 5:colcon.colcon_core.verb:set package 'relbot_simulator' build argument 'cmake_force_configure' from command line to 'False'
[1.407s] Level 5:colcon.colcon_core.verb:set package 'relbot_simulator' build argument 'ament_cmake_args' from command line to 'None'
[1.407s] Level 5:colcon.colcon_core.verb:set package 'relbot_simulator' build argument 'catkin_cmake_args' from command line to 'None'
[1.407s] Level 5:colcon.colcon_core.verb:set package 'relbot_simulator' build argument 'catkin_skip_building_tests' from command line to 'False'
[1.407s] DEBUG:colcon.colcon_core.verb:Building package 'relbot_simulator' with the following arguments: {'ament_cmake_args': None, 'build_base': '/home/jordan/SDfR/assignment5/build/relbot_simulator', 'catkin_cmake_args': None, 'catkin_skip_building_tests': False, 'cmake_args': None, 'cmake_clean_cache': False, 'cmake_clean_first': False, 'cmake_force_configure': False, 'cmake_target': None, 'cmake_target_skip_unavailable': False, 'install_base': '/home/jordan/SDfR/assignment5/install/relbot_simulator', 'merge_install': False, 'path': '/home/jordan/SDfR/assignment5/relbot_simulator', 'symlink_install': False, 'test_result_base': None}
[1.407s] INFO:colcon.colcon_core.executor:Executing jobs using 'parallel' executor
[1.410s] DEBUG:colcon.colcon_parallel_executor.executor.parallel:run_until_complete
[1.410s] INFO:colcon.colcon_ros.task.ament_cmake.build:Building ROS package in '/home/jordan/SDfR/assignment5/relbot2turtlesim' with build type 'ament_cmake'
[1.411s] INFO:colcon.colcon_cmake.task.cmake.build:Building CMake package in '/home/jordan/SDfR/assignment5/relbot2turtlesim'
[1.416s] INFO:colcon.colcon_core.plugin_system:Skipping extension 'colcon_core.shell.bat': Not used on non-Windows systems
[1.417s] INFO:colcon.colcon_core.shell:Skip shell extension 'powershell' for command environment: Not usable outside of PowerShell
[1.417s] DEBUG:colcon.colcon_core.shell:Skip shell extension 'dsv' for command environment
[1.426s] INFO:colcon.colcon_ros.task.ament_cmake.build:Building ROS package in '/home/jordan/SDfR/assignment5/relbot_launch' with build type 'ament_cmake'
[1.426s] INFO:colcon.colcon_cmake.task.cmake.build:Building CMake package in '/home/jordan/SDfR/assignment5/relbot_launch'
[1.427s] INFO:colcon.colcon_core.shell:Skip shell extension 'powershell' for command environment: Not usable outside of PowerShell
[1.427s] DEBUG:colcon.colcon_core.shell:Skip shell extension 'dsv' for command environment
[1.436s] INFO:colcon.colcon_ros.task.ament_cmake.build:Building ROS package in '/home/jordan/SDfR/assignment5/relbot_sequence_controller' with build type 'ament_cmake'
[1.436s] INFO:colcon.colcon_cmake.task.cmake.build:Building CMake package in '/home/jordan/SDfR/assignment5/relbot_sequence_controller'
[1.437s] INFO:colcon.colcon_core.shell:Skip shell extension 'powershell' for command environment: Not usable outside of PowerShell
[1.437s] DEBUG:colcon.colcon_core.shell:Skip shell extension 'dsv' for command environment
[1.447s] INFO:colcon.colcon_ros.task.ament_cmake.build:Building ROS package in '/home/jordan/SDfR/assignment5/relbot_simulator' with build type 'ament_cmake'
[1.448s] INFO:colcon.colcon_cmake.task.cmake.build:Building CMake package in '/home/jordan/SDfR/assignment5/relbot_simulator'
[1.449s] INFO:colcon.colcon_core.shell:Skip shell extension 'powershell' for command environment: Not usable outside of PowerShell
[1.449s] DEBUG:colcon.colcon_core.shell:Skip shell extension 'dsv' for command environment
[1.474s] DEBUG:colcon.colcon_core.event_handler.log_command:Invoking command in '/home/jordan/SDfR/assignment5/build/relbot2turtlesim': CMAKE_PREFIX_PATH=${CMAKE_PREFIX_PATH}:/opt/ros/humble /usr/bin/cmake --build /home/jordan/SDfR/assignment5/build/relbot2turtlesim -- -j16 -l16
[1.492s] DEBUG:colcon.colcon_core.event_handler.log_command:Invoking command in '/home/jordan/SDfR/assignment5/build/relbot_launch': CMAKE_PREFIX_PATH=${CMAKE_PREFIX_PATH}:/opt/ros/humble /usr/bin/cmake --build /home/jordan/SDfR/assignment5/build/relbot_launch -- -j16 -l16
[1.498s] DEBUG:colcon.colcon_core.event_handler.log_command:Invoking command in '/home/jordan/SDfR/assignment5/build/relbot_sequence_controller': CMAKE_PREFIX_PATH=${CMAKE_PREFIX_PATH}:/opt/ros/humble /usr/bin/cmake --build /home/jordan/SDfR/assignment5/build/relbot_sequence_controller -- -j16 -l16
[1.506s] DEBUG:colcon.colcon_core.event_handler.log_command:Invoking command in '/home/jordan/SDfR/assignment5/build/relbot_simulator': CMAKE_PREFIX_PATH=${CMAKE_PREFIX_PATH}:/opt/ros/humble /usr/bin/cmake --build /home/jordan/SDfR/assignment5/build/relbot_simulator -- -j16 -l16
[1.595s] DEBUG:colcon.colcon_core.event_handler.log_command:Invoked command in '/home/jordan/SDfR/assignment5/build/relbot_launch' returned '0': CMAKE_PREFIX_PATH=${CMAKE_PREFIX_PATH}:/opt/ros/humble /usr/bin/cmake --build /home/jordan/SDfR/assignment5/build/relbot_launch -- -j16 -l16
[1.625s] DEBUG:colcon.colcon_core.event_handler.log_command:Invoking command in '/home/jordan/SDfR/assignment5/build/relbot_launch': CMAKE_PREFIX_PATH=${CMAKE_PREFIX_PATH}:/opt/ros/humble /usr/bin/cmake --install /home/jordan/SDfR/assignment5/build/relbot_launch
[1.659s] Level 1:colcon.colcon_core.environment:create_environment_scripts_only(relbot_launch)
[1.660s] DEBUG:colcon.colcon_core.event_handler.log_command:Invoked command in '/home/jordan/SDfR/assignment5/build/relbot_launch' returned '0': CMAKE_PREFIX_PATH=${CMAKE_PREFIX_PATH}:/opt/ros/humble /usr/bin/cmake --install /home/jordan/SDfR/assignment5/build/relbot_launch
[1.665s] Level 1:colcon.colcon_core.environment:checking '/home/jordan/SDfR/assignment5/install/relbot_launch' for CMake module files
[1.667s] Level 1:colcon.colcon_core.environment:checking '/home/jordan/SDfR/assignment5/install/relbot_launch' for CMake config files
[1.667s] Level 1:colcon.colcon_core.shell:create_environment_hook('relbot_launch', 'cmake_prefix_path')
[1.668s] INFO:colcon.colcon_core.shell:Creating environment hook '/home/jordan/SDfR/assignment5/install/relbot_launch/share/relbot_launch/hook/cmake_prefix_path.ps1'
[1.670s] INFO:colcon.colcon_core.shell:Creating environment descriptor '/home/jordan/SDfR/assignment5/install/relbot_launch/share/relbot_launch/hook/cmake_prefix_path.dsv'
[1.672s] INFO:colcon.colcon_core.shell:Creating environment hook '/home/jordan/SDfR/assignment5/install/relbot_launch/share/relbot_launch/hook/cmake_prefix_path.sh'
[1.675s] Level 1:colcon.colcon_core.environment:checking '/home/jordan/SDfR/assignment5/install/relbot_launch/bin'
[1.675s] Level 1:colcon.colcon_core.environment:checking '/home/jordan/SDfR/assignment5/install/relbot_launch/lib/pkgconfig/relbot_launch.pc'
[1.676s] Level 1:colcon.colcon_core.environment:checking '/home/jordan/SDfR/assignment5/install/relbot_launch/lib/python3.10/site-packages'
[1.676s] Level 1:colcon.colcon_core.environment:checking '/home/jordan/SDfR/assignment5/install/relbot_launch/bin'
[1.677s] INFO:colcon.colcon_core.shell:Creating package script '/home/jordan/SDfR/assignment5/install/relbot_launch/share/relbot_launch/package.ps1'
[1.680s] INFO:colcon.colcon_core.shell:Creating package descriptor '/home/jordan/SDfR/assignment5/install/relbot_launch/share/relbot_launch/package.dsv'
[1.682s] INFO:colcon.colcon_core.shell:Creating package script '/home/jordan/SDfR/assignment5/install/relbot_launch/share/relbot_launch/package.sh'
[1.684s] INFO:colcon.colcon_core.shell:Creating package script '/home/jordan/SDfR/assignment5/install/relbot_launch/share/relbot_launch/package.bash'
[1.687s] INFO:colcon.colcon_core.shell:Creating package script '/home/jordan/SDfR/assignment5/install/relbot_launch/share/relbot_launch/package.zsh'
[1.690s] Level 1:colcon.colcon_core.environment:create_file_with_runtime_dependencies(/home/jordan/SDfR/assignment5/install/relbot_launch/share/colcon-core/packages/relbot_launch)
[1.691s] Level 1:colcon.colcon_core.environment:create_environment_scripts_only(relbot_launch)
[1.692s] Level 1:colcon.colcon_core.environment:checking '/home/jordan/SDfR/assignment5/install/relbot_launch' for CMake module files
[1.693s] Level 1:colcon.colcon_core.environment:checking '/home/jordan/SDfR/assignment5/install/relbot_launch' for CMake config files
[1.693s] Level 1:colcon.colcon_core.shell:create_environment_hook('relbot_launch', 'cmake_prefix_path')
[1.694s] INFO:colcon.colcon_core.shell:Creating environment hook '/home/jordan/SDfR/assignment5/install/relbot_launch/share/relbot_launch/hook/cmake_prefix_path.ps1'
[1.695s] INFO:colcon.colcon_core.shell:Creating environment descriptor '/home/jordan/SDfR/assignment5/install/relbot_launch/share/relbot_launch/hook/cmake_prefix_path.dsv'
[1.697s] INFO:colcon.colcon_core.shell:Creating environment hook '/home/jordan/SDfR/assignment5/install/relbot_launch/share/relbot_launch/hook/cmake_prefix_path.sh'
[1.699s] Level 1:colcon.colcon_core.environment:checking '/home/jordan/SDfR/assignment5/install/relbot_launch/bin'
[1.699s] Level 1:colcon.colcon_core.environment:checking '/home/jordan/SDfR/assignment5/install/relbot_launch/lib/pkgconfig/relbot_launch.pc'
[1.700s] Level 1:colcon.colcon_core.environment:checking '/home/jordan/SDfR/assignment5/install/relbot_launch/lib/python3.10/site-packages'
[1.701s] Level 1:colcon.colcon_core.environment:checking '/home/jordan/SDfR/assignment5/install/relbot_launch/bin'
[1.702s] INFO:colcon.colcon_core.shell:Creating package script '/home/jordan/SDfR/assignment5/install/relbot_launch/share/relbot_launch/package.ps1'
[1.704s] INFO:colcon.colcon_core.shell:Creating package descriptor '/home/jordan/SDfR/assignment5/install/relbot_launch/share/relbot_launch/package.dsv'
[1.706s] INFO:colcon.colcon_core.shell:Creating package script '/home/jordan/SDfR/assignment5/install/relbot_launch/share/relbot_launch/package.sh'
[1.707s] INFO:colcon.colcon_core.shell:Creating package script '/home/jordan/SDfR/assignment5/install/relbot_launch/share/relbot_launch/package.bash'
[1.708s] INFO:colcon.colcon_core.shell:Creating package script '/home/jordan/SDfR/assignment5/install/relbot_launch/share/relbot_launch/package.zsh'
[1.711s] Level 1:colcon.colcon_core.environment:create_file_with_runtime_dependencies(/home/jordan/SDfR/assignment5/install/relbot_launch/share/colcon-core/packages/relbot_launch)
[1.715s] DEBUG:colcon.colcon_core.event_handler.log_command:Invoked command in '/home/jordan/SDfR/assignment5/build/relbot2turtlesim' returned '0': CMAKE_PREFIX_PATH=${CMAKE_PREFIX_PATH}:/opt/ros/humble /usr/bin/cmake --build /home/jordan/SDfR/assignment5/build/relbot2turtlesim -- -j16 -l16
[1.721s] DEBUG:colcon.colcon_core.event_handler.log_command:Invoking command in '/home/jordan/SDfR/assignment5/build/relbot2turtlesim': CMAKE_PREFIX_PATH=${CMAKE_PREFIX_PATH}:/opt/ros/humble /usr/bin/cmake --install /home/jordan/SDfR/assignment5/build/relbot2turtlesim
[1.730s] DEBUG:colcon.colcon_core.event_handler.log_command:Invoked command in '/home/jordan/SDfR/assignment5/build/relbot_simulator' returned '0': CMAKE_PREFIX_PATH=${CMAKE_PREFIX_PATH}:/opt/ros/humble /usr/bin/cmake --build /home/jordan/SDfR/assignment5/build/relbot_simulator -- -j16 -l16
[1.731s] DEBUG:colcon.colcon_core.event_handler.log_command:Invoking command in '/home/jordan/SDfR/assignment5/build/relbot_simulator': CMAKE_PREFIX_PATH=${CMAKE_PREFIX_PATH}:/opt/ros/humble /usr/bin/cmake --install /home/jordan/SDfR/assignment5/build/relbot_simulator
[1.756s] Level 1:colcon.colcon_core.environment:create_environment_scripts_only(relbot2turtlesim)
[1.756s] Level 1:colcon.colcon_core.environment:checking '/home/jordan/SDfR/assignment5/install/relbot2turtlesim' for CMake module files
[1.766s] Level 1:colcon.colcon_core.environment:checking '/home/jordan/SDfR/assignment5/install/relbot2turtlesim' for CMake config files
[1.767s] DEBUG:colcon.colcon_core.event_handler.log_command:Invoked command in '/home/jordan/SDfR/assignment5/build/relbot2turtlesim' returned '0': CMAKE_PREFIX_PATH=${CMAKE_PREFIX_PATH}:/opt/ros/humble /usr/bin/cmake --install /home/jordan/SDfR/assignment5/build/relbot2turtlesim
[1.769s] Level 1:colcon.colcon_core.shell:create_environment_hook('relbot2turtlesim', 'cmake_prefix_path')
[1.769s] INFO:colcon.colcon_core.shell:Creating environment hook '/home/jordan/SDfR/assignment5/install/relbot2turtlesim/share/relbot2turtlesim/hook/cmake_prefix_path.ps1'
[1.770s] INFO:colcon.colcon_core.shell:Creating environment descriptor '/home/jordan/SDfR/assignment5/install/relbot2turtlesim/share/relbot2turtlesim/hook/cmake_prefix_path.dsv'
[1.771s] INFO:colcon.colcon_core.shell:Creating environment hook '/home/jordan/SDfR/assignment5/install/relbot2turtlesim/share/relbot2turtlesim/hook/cmake_prefix_path.sh'
[1.772s] Level 1:colcon.colcon_core.environment:checking '/home/jordan/SDfR/assignment5/install/relbot2turtlesim/lib'
[1.773s] Level 1:colcon.colcon_core.environment:checking '/home/jordan/SDfR/assignment5/install/relbot2turtlesim/bin'
[1.773s] Level 1:colcon.colcon_core.environment:checking '/home/jordan/SDfR/assignment5/install/relbot2turtlesim/lib/pkgconfig/relbot2turtlesim.pc'
[1.773s] Level 1:colcon.colcon_core.environment:checking '/home/jordan/SDfR/assignment5/install/relbot2turtlesim/lib/python3.10/site-packages'
[1.774s] Level 1:colcon.colcon_core.environment:checking '/home/jordan/SDfR/assignment5/install/relbot2turtlesim/bin'
[1.774s] INFO:colcon.colcon_core.shell:Creating package script '/home/jordan/SDfR/assignment5/install/relbot2turtlesim/share/relbot2turtlesim/package.ps1'
[1.776s] INFO:colcon.colcon_core.shell:Creating package descriptor '/home/jordan/SDfR/assignment5/install/relbot2turtlesim/share/relbot2turtlesim/package.dsv'
[1.776s] INFO:colcon.colcon_core.shell:Creating package script '/home/jordan/SDfR/assignment5/install/relbot2turtlesim/share/relbot2turtlesim/package.sh'
[1.777s] INFO:colcon.colcon_core.shell:Creating package script '/home/jordan/SDfR/assignment5/install/relbot2turtlesim/share/relbot2turtlesim/package.bash'
[1.778s] INFO:colcon.colcon_core.shell:Creating package script '/home/jordan/SDfR/assignment5/install/relbot2turtlesim/share/relbot2turtlesim/package.zsh'
[1.779s] Level 1:colcon.colcon_core.environment:create_file_with_runtime_dependencies(/home/jordan/SDfR/assignment5/install/relbot2turtlesim/share/colcon-core/packages/relbot2turtlesim)
[1.781s] Level 1:colcon.colcon_core.environment:create_environment_scripts_only(relbot2turtlesim)
[1.781s] Level 1:colcon.colcon_core.environment:checking '/home/jordan/SDfR/assignment5/install/relbot2turtlesim' for CMake module files
[1.782s] Level 1:colcon.colcon_core.environment:checking '/home/jordan/SDfR/assignment5/install/relbot2turtlesim' for CMake config files
[1.783s] Level 1:colcon.colcon_core.shell:create_environment_hook('relbot2turtlesim', 'cmake_prefix_path')
[1.783s] INFO:colcon.colcon_core.shell:Creating environment hook '/home/jordan/SDfR/assignment5/install/relbot2turtlesim/share/relbot2turtlesim/hook/cmake_prefix_path.ps1'
[1.785s] INFO:colcon.colcon_core.shell:Creating environment descriptor '/home/jordan/SDfR/assignment5/install/relbot2turtlesim/share/relbot2turtlesim/hook/cmake_prefix_path.dsv'
[1.786s] INFO:colcon.colcon_core.shell:Creating environment hook '/home/jordan/SDfR/assignment5/install/relbot2turtlesim/share/relbot2turtlesim/hook/cmake_prefix_path.sh'
[1.787s] Level 1:colcon.colcon_core.environment:checking '/home/jordan/SDfR/assignment5/install/relbot2turtlesim/lib'
[1.787s] Level 1:colcon.colcon_core.environment:checking '/home/jordan/SDfR/assignment5/install/relbot2turtlesim/bin'
[1.788s] Level 1:colcon.colcon_core.environment:checking '/home/jordan/SDfR/assignment5/install/relbot2turtlesim/lib/pkgconfig/relbot2turtlesim.pc'
[1.788s] Level 1:colcon.colcon_core.environment:checking '/home/jordan/SDfR/assignment5/install/relbot2turtlesim/lib/python3.10/site-packages'
[1.789s] Level 1:colcon.colcon_core.environment:checking '/home/jordan/SDfR/assignment5/install/relbot2turtlesim/bin'
[1.790s] INFO:colcon.colcon_core.shell:Creating package script '/home/jordan/SDfR/assignment5/install/relbot2turtlesim/share/relbot2turtlesim/package.ps1'
[1.791s] INFO:colcon.colcon_core.shell:Creating package descriptor '/home/jordan/SDfR/assignment5/install/relbot2turtlesim/share/relbot2turtlesim/package.dsv'
[1.792s] INFO:colcon.colcon_core.shell:Creating package script '/home/jordan/SDfR/assignment5/install/relbot2turtlesim/share/relbot2turtlesim/package.sh'
[1.793s] INFO:colcon.colcon_core.shell:Creating package script '/home/jordan/SDfR/assignment5/install/relbot2turtlesim/share/relbot2turtlesim/package.bash'
[1.794s] INFO:colcon.colcon_core.shell:Creating package script '/home/jordan/SDfR/assignment5/install/relbot2turtlesim/share/relbot2turtlesim/package.zsh'
[1.795s] Level 1:colcon.colcon_core.environment:create_file_with_runtime_dependencies(/home/jordan/SDfR/assignment5/install/relbot2turtlesim/share/colcon-core/packages/relbot2turtlesim)
[1.799s] Level 1:colcon.colcon_core.environment:create_environment_scripts_only(relbot_simulator)
[1.799s] Level 1:colcon.colcon_core.environment:checking '/home/jordan/SDfR/assignment5/install/relbot_simulator' for CMake module files
[1.801s] DEBUG:colcon.colcon_core.event_handler.log_command:Invoked command in '/home/jordan/SDfR/assignment5/build/relbot_simulator' returned '0': CMAKE_PREFIX_PATH=${CMAKE_PREFIX_PATH}:/opt/ros/humble /usr/bin/cmake --install /home/jordan/SDfR/assignment5/build/relbot_simulator
[1.802s] Level 1:colcon.colcon_core.environment:checking '/home/jordan/SDfR/assignment5/install/relbot_simulator' for CMake config files
[1.802s] Level 1:colcon.colcon_core.shell:create_environment_hook('relbot_simulator', 'cmake_prefix_path')
[1.803s] INFO:colcon.colcon_core.shell:Creating environment hook '/home/jordan/SDfR/assignment5/install/relbot_simulator/share/relbot_simulator/hook/cmake_prefix_path.ps1'
[1.804s] INFO:colcon.colcon_core.shell:Creating environment descriptor '/home/jordan/SDfR/assignment5/install/relbot_simulator/share/relbot_simulator/hook/cmake_prefix_path.dsv'
[1.805s] INFO:colcon.colcon_core.shell:Creating environment hook '/home/jordan/SDfR/assignment5/install/relbot_simulator/share/relbot_simulator/hook/cmake_prefix_path.sh'
[1.806s] Level 1:colcon.colcon_core.environment:checking '/home/jordan/SDfR/assignment5/install/relbot_simulator/lib'
[1.806s] Level 1:colcon.colcon_core.environment:checking '/home/jordan/SDfR/assignment5/install/relbot_simulator/bin'
[1.807s] Level 1:colcon.colcon_core.environment:checking '/home/jordan/SDfR/assignment5/install/relbot_simulator/lib/pkgconfig/relbot_simulator.pc'
[1.807s] Level 1:colcon.colcon_core.environment:checking '/home/jordan/SDfR/assignment5/install/relbot_simulator/lib/python3.10/site-packages'
[1.808s] Level 1:colcon.colcon_core.environment:checking '/home/jordan/SDfR/assignment5/install/relbot_simulator/bin'
[1.809s] INFO:colcon.colcon_core.shell:Creating package script '/home/jordan/SDfR/assignment5/install/relbot_simulator/share/relbot_simulator/package.ps1'
[1.811s] INFO:colcon.colcon_core.shell:Creating package descriptor '/home/jordan/SDfR/assignment5/install/relbot_simulator/share/relbot_simulator/package.dsv'
[1.812s] INFO:colcon.colcon_core.shell:Creating package script '/home/jordan/SDfR/assignment5/install/relbot_simulator/share/relbot_simulator/package.sh'
[1.813s] INFO:colcon.colcon_core.shell:Creating package script '/home/jordan/SDfR/assignment5/install/relbot_simulator/share/relbot_simulator/package.bash'
[1.814s] INFO:colcon.colcon_core.shell:Creating package script '/home/jordan/SDfR/assignment5/install/relbot_simulator/share/relbot_simulator/package.zsh'
[1.815s] Level 1:colcon.colcon_core.environment:create_file_with_runtime_dependencies(/home/jordan/SDfR/assignment5/install/relbot_simulator/share/colcon-core/packages/relbot_simulator)
[1.816s] Level 1:colcon.colcon_core.environment:create_environment_scripts_only(relbot_simulator)
[1.816s] Level 1:colcon.colcon_core.environment:checking '/home/jordan/SDfR/assignment5/install/relbot_simulator' for CMake module files
[1.817s] Level 1:colcon.colcon_core.environment:checking '/home/jordan/SDfR/assignment5/install/relbot_simulator' for CMake config files
[1.818s] Level 1:colcon.colcon_core.shell:create_environment_hook('relbot_simulator', 'cmake_prefix_path')
[1.818s] INFO:colcon.colcon_core.shell:Creating environment hook '/home/jordan/SDfR/assignment5/install/relbot_simulator/share/relbot_simulator/hook/cmake_prefix_path.ps1'
[1.820s] INFO:colcon.colcon_core.shell:Creating environment descriptor '/home/jordan/SDfR/assignment5/install/relbot_simulator/share/relbot_simulator/hook/cmake_prefix_path.dsv'
[1.821s] INFO:colcon.colcon_core.shell:Creating environment hook '/home/jordan/SDfR/assignment5/install/relbot_simulator/share/relbot_simulator/hook/cmake_prefix_path.sh'
[1.822s] Level 1:colcon.colcon_core.environment:checking '/home/jordan/SDfR/assignment5/install/relbot_simulator/lib'
[1.822s] Level 1:colcon.colcon_core.environment:checking '/home/jordan/SDfR/assignment5/install/relbot_simulator/bin'
[1.822s] Level 1:colcon.colcon_core.environment:checking '/home/jordan/SDfR/assignment5/install/relbot_simulator/lib/pkgconfig/relbot_simulator.pc'
[1.823s] Level 1:colcon.colcon_core.environment:checking '/home/jordan/SDfR/assignment5/install/relbot_simulator/lib/python3.10/site-packages'
[1.824s] Level 1:colcon.colcon_core.environment:checking '/home/jordan/SDfR/assignment5/install/relbot_simulator/bin'
[1.825s] INFO:colcon.colcon_core.shell:Creating package script '/home/jordan/SDfR/assignment5/install/relbot_simulator/share/relbot_simulator/package.ps1'
[1.826s] INFO:colcon.colcon_core.shell:Creating package descriptor '/home/jordan/SDfR/assignment5/install/relbot_simulator/share/relbot_simulator/package.dsv'
[1.827s] INFO:colcon.colcon_core.shell:Creating package script '/home/jordan/SDfR/assignment5/install/relbot_simulator/share/relbot_simulator/package.sh'
[1.828s] INFO:colcon.colcon_core.shell:Creating package script '/home/jordan/SDfR/assignment5/install/relbot_simulator/share/relbot_simulator/package.bash'
[1.830s] INFO:colcon.colcon_core.shell:Creating package script '/home/jordan/SDfR/assignment5/install/relbot_simulator/share/relbot_simulator/package.zsh'
[1.832s] Level 1:colcon.colcon_core.environment:create_file_with_runtime_dependencies(/home/jordan/SDfR/assignment5/install/relbot_simulator/share/colcon-core/packages/relbot_simulator)
[12.967s] DEBUG:colcon.colcon_core.event_handler.log_command:Invoked command in '/home/jordan/SDfR/assignment5/build/relbot_sequence_controller' returned '0': CMAKE_PREFIX_PATH=${CMAKE_PREFIX_PATH}:/opt/ros/humble /usr/bin/cmake --build /home/jordan/SDfR/assignment5/build/relbot_sequence_controller -- -j16 -l16
[12.972s] DEBUG:colcon.colcon_core.event_handler.log_command:Invoking command in '/home/jordan/SDfR/assignment5/build/relbot_sequence_controller': CMAKE_PREFIX_PATH=${CMAKE_PREFIX_PATH}:/opt/ros/humble /usr/bin/cmake --install /home/jordan/SDfR/assignment5/build/relbot_sequence_controller
[13.005s] Level 1:colcon.colcon_core.environment:create_environment_scripts_only(relbot_sequence_controller)
[13.006s] Level 1:colcon.colcon_core.environment:checking '/home/jordan/SDfR/assignment5/install/relbot_sequence_controller' for CMake module files
[13.007s] DEBUG:colcon.colcon_core.event_handler.log_command:Invoked command in '/home/jordan/SDfR/assignment5/build/relbot_sequence_controller' returned '0': CMAKE_PREFIX_PATH=${CMAKE_PREFIX_PATH}:/opt/ros/humble /usr/bin/cmake --install /home/jordan/SDfR/assignment5/build/relbot_sequence_controller
[13.008s] Level 1:colcon.colcon_core.environment:checking '/home/jordan/SDfR/assignment5/install/relbot_sequence_controller' for CMake config files
[13.009s] Level 1:colcon.colcon_core.shell:create_environment_hook('relbot_sequence_controller', 'cmake_prefix_path')
[13.010s] INFO:colcon.colcon_core.shell:Creating environment hook '/home/jordan/SDfR/assignment5/install/relbot_sequence_controller/share/relbot_sequence_controller/hook/cmake_prefix_path.ps1'
[13.011s] INFO:colcon.colcon_core.shell:Creating environment descriptor '/home/jordan/SDfR/assignment5/install/relbot_sequence_controller/share/relbot_sequence_controller/hook/cmake_prefix_path.dsv'
[13.012s] INFO:colcon.colcon_core.shell:Creating environment hook '/home/jordan/SDfR/assignment5/install/relbot_sequence_controller/share/relbot_sequence_controller/hook/cmake_prefix_path.sh'
[13.013s] Level 1:colcon.colcon_core.environment:checking '/home/jordan/SDfR/assignment5/install/relbot_sequence_controller/lib'
[13.013s] Level 1:colcon.colcon_core.environment:checking '/home/jordan/SDfR/assignment5/install/relbot_sequence_controller/bin'
[13.014s] Level 1:colcon.colcon_core.environment:checking '/home/jordan/SDfR/assignment5/install/relbot_sequence_controller/lib/pkgconfig/relbot_sequence_controller.pc'
[13.014s] Level 1:colcon.colcon_core.environment:checking '/home/jordan/SDfR/assignment5/install/relbot_sequence_controller/lib/python3.10/site-packages'
[13.015s] Level 1:colcon.colcon_core.environment:checking '/home/jordan/SDfR/assignment5/install/relbot_sequence_controller/bin'
[13.015s] INFO:colcon.colcon_core.shell:Creating package script '/home/jordan/SDfR/assignment5/install/relbot_sequence_controller/share/relbot_sequence_controller/package.ps1'
[13.016s] INFO:colcon.colcon_core.shell:Creating package descriptor '/home/jordan/SDfR/assignment5/install/relbot_sequence_controller/share/relbot_sequence_controller/package.dsv'
[13.018s] INFO:colcon.colcon_core.shell:Creating package script '/home/jordan/SDfR/assignment5/install/relbot_sequence_controller/share/relbot_sequence_controller/package.sh'
[13.019s] INFO:colcon.colcon_core.shell:Creating package script '/home/jordan/SDfR/assignment5/install/relbot_sequence_controller/share/relbot_sequence_controller/package.bash'
[13.020s] INFO:colcon.colcon_core.shell:Creating package script '/home/jordan/SDfR/assignment5/install/relbot_sequence_controller/share/relbot_sequence_controller/package.zsh'
[13.021s] Level 1:colcon.colcon_core.environment:create_file_with_runtime_dependencies(/home/jordan/SDfR/assignment5/install/relbot_sequence_controller/share/colcon-core/packages/relbot_sequence_controller)
[13.022s] Level 1:colcon.colcon_core.environment:create_environment_scripts_only(relbot_sequence_controller)
[13.023s] Level 1:colcon.colcon_core.environment:checking '/home/jordan/SDfR/assignment5/install/relbot_sequence_controller' for CMake module files
[13.024s] Level 1:colcon.colcon_core.environment:checking '/home/jordan/SDfR/assignment5/install/relbot_sequence_controller' for CMake config files
[13.025s] Level 1:colcon.colcon_core.shell:create_environment_hook('relbot_sequence_controller', 'cmake_prefix_path')
[13.025s] INFO:colcon.colcon_core.shell:Creating environment hook '/home/jordan/SDfR/assignment5/install/relbot_sequence_controller/share/relbot_sequence_controller/hook/cmake_prefix_path.ps1'
[13.027s] INFO:colcon.colcon_core.shell:Creating environment descriptor '/home/jordan/SDfR/assignment5/install/relbot_sequence_controller/share/relbot_sequence_controller/hook/cmake_prefix_path.dsv'
[13.028s] INFO:colcon.colcon_core.shell:Creating environment hook '/home/jordan/SDfR/assignment5/install/relbot_sequence_controller/share/relbot_sequence_controller/hook/cmake_prefix_path.sh'
[13.029s] Level 1:colcon.colcon_core.environment:checking '/home/jordan/SDfR/assignment5/install/relbot_sequence_controller/lib'
[13.030s] Level 1:colcon.colcon_core.environment:checking '/home/jordan/SDfR/assignment5/install/relbot_sequence_controller/bin'
[13.030s] Level 1:colcon.colcon_core.environment:checking '/home/jordan/SDfR/assignment5/install/relbot_sequence_controller/lib/pkgconfig/relbot_sequence_controller.pc'
[13.030s] Level 1:colcon.colcon_core.environment:checking '/home/jordan/SDfR/assignment5/install/relbot_sequence_controller/lib/python3.10/site-packages'
[13.031s] Level 1:colcon.colcon_core.environment:checking '/home/jordan/SDfR/assignment5/install/relbot_sequence_controller/bin'
[13.031s] INFO:colcon.colcon_core.shell:Creating package script '/home/jordan/SDfR/assignment5/install/relbot_sequence_controller/share/relbot_sequence_controller/package.ps1'
[13.033s] INFO:colcon.colcon_core.shell:Creating package descriptor '/home/jordan/SDfR/assignment5/install/relbot_sequence_controller/share/relbot_sequence_controller/package.dsv'
[13.034s] INFO:colcon.colcon_core.shell:Creating package script '/home/jordan/SDfR/assignment5/install/relbot_sequence_controller/share/relbot_sequence_controller/package.sh'
[13.035s] INFO:colcon.colcon_core.shell:Creating package script '/home/jordan/SDfR/assignment5/install/relbot_sequence_controller/share/relbot_sequence_controller/package.bash'
[13.036s] INFO:colcon.colcon_core.shell:Creating package script '/home/jordan/SDfR/assignment5/install/relbot_sequence_controller/share/relbot_sequence_controller/package.zsh'
[13.037s] Level 1:colcon.colcon_core.environment:create_file_with_runtime_dependencies(/home/jordan/SDfR/assignment5/install/relbot_sequence_controller/share/colcon-core/packages/relbot_sequence_controller)
[13.038s] DEBUG:colcon.colcon_parallel_executor.executor.parallel:closing loop
[13.039s] DEBUG:colcon.colcon_parallel_executor.executor.parallel:loop closed
[13.040s] DEBUG:colcon.colcon_parallel_executor.executor.parallel:run_until_complete finished with '0'
[13.040s] DEBUG:colcon.colcon_core.event_reactor:joining thread
[13.328s] INFO:colcon.colcon_core.plugin_system:Skipping extension 'colcon_notification.desktop_notification.notify_send': Could not find 'notify-send'
[13.328s] INFO:colcon.colcon_core.plugin_system:Skipping extension 'colcon_notification.desktop_notification.terminal_notifier': Not used on non-Darwin systems
[13.328s] INFO:colcon.colcon_core.plugin_system:Skipping extension 'colcon_notification.desktop_notification.win32': Not used on non-Windows systems
[13.329s] INFO:colcon.colcon_notification.desktop_notification:Sending desktop notification using 'notify2'
[13.329s] DEBUG:colcon.colcon_notification.desktop_notification.notify2:Failed to initialize notify2: org.freedesktop.DBus.Error.FileNotFound: Failed to connect to socket /run/user/1000/bus: No such file or directory
[13.329s] DEBUG:colcon.colcon_core.event_reactor:joined thread
[13.330s] INFO:colcon.colcon_core.shell:Creating prefix script '/home/jordan/SDfR/assignment5/install/local_setup.ps1'
[13.332s] INFO:colcon.colcon_core.shell:Creating prefix util module '/home/jordan/SDfR/assignment5/install/_local_setup_util_ps1.py'
[13.335s] INFO:colcon.colcon_core.shell:Creating prefix chain script '/home/jordan/SDfR/assignment5/install/setup.ps1'
[13.337s] INFO:colcon.colcon_core.shell:Creating prefix script '/home/jordan/SDfR/assignment5/install/local_setup.sh'
[13.338s] INFO:colcon.colcon_core.shell:Creating prefix util module '/home/jordan/SDfR/assignment5/install/_local_setup_util_sh.py'
[13.339s] INFO:colcon.colcon_core.shell:Creating prefix chain script '/home/jordan/SDfR/assignment5/install/setup.sh'
[13.342s] INFO:colcon.colcon_core.shell:Creating prefix script '/home/jordan/SDfR/assignment5/install/local_setup.bash'
[13.343s] INFO:colcon.colcon_core.shell:Creating prefix chain script '/home/jordan/SDfR/assignment5/install/setup.bash'
[13.345s] INFO:colcon.colcon_core.shell:Creating prefix script '/home/jordan/SDfR/assignment5/install/local_setup.zsh'
[13.346s] INFO:colcon.colcon_core.shell:Creating prefix chain script '/home/jordan/SDfR/assignment5/install/setup.zsh'
