[35m[1mConsolidate compiler generated dependencies of target cam2image[0m
[35m[1mConsolidate compiler generated dependencies of target cam2image_vm2ros[0m
[ 40%] Built target cam2image
[100%] Built target cam2image_vm2ros
-- Install configuration: ""
-- Installing: /home/jordan/SDfR/assignment6/install/cam2image_vm2ros/lib/cam2image_vm2ros/cam2image
-- Set runtime path of "/home/jordan/SDfR/assignment6/install/cam2image_vm2ros/lib/cam2image_vm2ros/cam2image" to ""
-- Installing: /home/jordan/SDfR/assignment6/install/cam2image_vm2ros/lib/libcam2image_vm2ros.so
-- Set runtime path of "/home/jordan/SDfR/assignment6/install/cam2image_vm2ros/lib/libcam2image_vm2ros.so" to ""
-- Installing: /home/jordan/SDfR/assignment6/install/cam2image_vm2ros/include/cam2image_vm2ros
-- Installing: /home/jordan/SDfR/assignment6/install/cam2image_vm2ros/include/cam2image_vm2ros/cam2image.hpp
-- Installing: /home/jordan/SDfR/assignment6/install/cam2image_vm2ros/include/cam2image_vm2ros/visibility_control.h
-- Installing: /home/jordan/SDfR/assignment6/install/cam2image_vm2ros/include/cam2image_vm2ros/base64.hpp
-- Installing: /home/jordan/SDfR/assignment6/install/cam2image_vm2ros/include/cam2image_vm2ros/remote_capture.hpp
-- Installing: /home/jordan/SDfR/assignment6/install/cam2image_vm2ros/share/cam2image_vm2ros/config
-- Installing: /home/jordan/SDfR/assignment6/install/cam2image_vm2ros/share/cam2image_vm2ros/config/cam2image_relbot.yaml
-- Installing: /home/jordan/SDfR/assignment6/install/cam2image_vm2ros/share/cam2image_vm2ros/config/cam2image.yaml
-- Installing: /home/jordan/SDfR/assignment6/install/cam2image_vm2ros/share/cam2image_vm2ros/launch
-- Installing: /home/jordan/SDfR/assignment6/install/cam2image_vm2ros/share/cam2image_vm2ros/launch/vm_camera_test.launch.py
-- Installing: /home/jordan/SDfR/assignment6/install/cam2image_vm2ros/share/cam2image_vm2ros/environment/library_path.sh
-- Installing: /home/jordan/SDfR/assignment6/install/cam2image_vm2ros/share/cam2image_vm2ros/environment/library_path.dsv
-- Installing: /home/jordan/SDfR/assignment6/install/cam2image_vm2ros/share/ament_index/resource_index/package_run_dependencies/cam2image_vm2ros
-- Installing: /home/jordan/SDfR/assignment6/install/cam2image_vm2ros/share/ament_index/resource_index/parent_prefix_path/cam2image_vm2ros
-- Installing: /home/jordan/SDfR/assignment6/install/cam2image_vm2ros/share/cam2image_vm2ros/environment/ament_prefix_path.sh
-- Installing: /home/jordan/SDfR/assignment6/install/cam2image_vm2ros/share/cam2image_vm2ros/environment/ament_prefix_path.dsv
-- Installing: /home/jordan/SDfR/assignment6/install/cam2image_vm2ros/share/cam2image_vm2ros/environment/path.sh
-- Installing: /home/jordan/SDfR/assignment6/install/cam2image_vm2ros/share/cam2image_vm2ros/environment/path.dsv
-- Installing: /home/jordan/SDfR/assignment6/install/cam2image_vm2ros/share/cam2image_vm2ros/local_setup.bash
-- Installing: /home/jordan/SDfR/assignment6/install/cam2image_vm2ros/share/cam2image_vm2ros/local_setup.sh
-- Installing: /home/jordan/SDfR/assignment6/install/cam2image_vm2ros/share/cam2image_vm2ros/local_setup.zsh
-- Installing: /home/jordan/SDfR/assignment6/install/cam2image_vm2ros/share/cam2image_vm2ros/local_setup.dsv
-- Installing: /home/jordan/SDfR/assignment6/install/cam2image_vm2ros/share/cam2image_vm2ros/package.dsv
-- Installing: /home/jordan/SDfR/assignment6/install/cam2image_vm2ros/share/ament_index/resource_index/packages/cam2image_vm2ros
-- Installing: /home/jordan/SDfR/assignment6/install/cam2image_vm2ros/share/ament_index/resource_index/rclcpp_components/cam2image_vm2ros
-- Installing: /home/jordan/SDfR/assignment6/install/cam2image_vm2ros/share/cam2image_vm2ros/cmake/cam2image_vm2rosExport.cmake
-- Installing: /home/jordan/SDfR/assignment6/install/cam2image_vm2ros/share/cam2image_vm2ros/cmake/cam2image_vm2rosExport-noconfig.cmake
-- Installing: /home/jordan/SDfR/assignment6/install/cam2image_vm2ros/share/cam2image_vm2ros/cmake/ament_cmake_export_libraries-extras.cmake
-- Installing: /home/jordan/SDfR/assignment6/install/cam2image_vm2ros/share/cam2image_vm2ros/cmake/ament_cmake_export_targets-extras.cmake
-- Installing: /home/jordan/SDfR/assignment6/install/cam2image_vm2ros/share/cam2image_vm2ros/cmake/ament_cmake_export_dependencies-extras.cmake
-- Installing: /home/jordan/SDfR/assignment6/install/cam2image_vm2ros/share/cam2image_vm2ros/cmake/cam2image_vm2rosConfig.cmake
-- Installing: /home/jordan/SDfR/assignment6/install/cam2image_vm2ros/share/cam2image_vm2ros/cmake/cam2image_vm2rosConfig-version.cmake
-- Installing: /home/jordan/SDfR/assignment6/install/cam2image_vm2ros/share/cam2image_vm2ros/package.xml
