[0.120s] Invoking command in '/home/jordan/SDfR/assignment6/build/cam2image_vm2ros': CMAKE_PREFIX_PATH=${CMAKE_PREFIX_PATH}:/opt/ros/humble /usr/bin/cmake --build /home/jordan/SDfR/assignment6/build/cam2image_vm2ros -- -j16 -l16
[0.272s] [35m[1mConsolidate compiler generated dependencies of target cam2image[0m
[0.273s] [35m[1mConsolidate compiler generated dependencies of target cam2image_vm2ros[0m
[0.385s] [ 40%] Built target cam2image
[0.492s] [100%] Built target cam2image_vm2ros
[0.591s] Invoked command in '/home/jordan/SDfR/assignment6/build/cam2image_vm2ros' returned '0': CMAKE_PREFIX_PATH=${CMAKE_PREFIX_PATH}:/opt/ros/humble /usr/bin/cmake --build /home/jordan/SDfR/assignment6/build/cam2image_vm2ros -- -j16 -l16
[0.601s] Invoking command in '/home/jordan/SDfR/assignment6/build/cam2image_vm2ros': CMAKE_PREFIX_PATH=${CMAKE_PREFIX_PATH}:/opt/ros/humble /usr/bin/cmake --install /home/jordan/SDfR/assignment6/build/cam2image_vm2ros
[0.643s] -- Install configuration: ""
[0.647s] -- Installing: /home/jordan/SDfR/assignment6/install/cam2image_vm2ros/lib/cam2image_vm2ros/cam2image
[0.651s] -- Set runtime path of "/home/jordan/SDfR/assignment6/install/cam2image_vm2ros/lib/cam2image_vm2ros/cam2image" to ""
[0.652s] -- Installing: /home/jordan/SDfR/assignment6/install/cam2image_vm2ros/lib/libcam2image_vm2ros.so
[0.734s] -- Set runtime path of "/home/jordan/SDfR/assignment6/install/cam2image_vm2ros/lib/libcam2image_vm2ros.so" to ""
[0.734s] -- Installing: /home/jordan/SDfR/assignment6/install/cam2image_vm2ros/include/cam2image_vm2ros
[0.736s] -- Installing: /home/jordan/SDfR/assignment6/install/cam2image_vm2ros/include/cam2image_vm2ros/cam2image.hpp
[0.737s] -- Installing: /home/jordan/SDfR/assignment6/install/cam2image_vm2ros/include/cam2image_vm2ros/visibility_control.h
[0.738s] -- Installing: /home/jordan/SDfR/assignment6/install/cam2image_vm2ros/include/cam2image_vm2ros/base64.hpp
[0.738s] -- Installing: /home/jordan/SDfR/assignment6/install/cam2image_vm2ros/include/cam2image_vm2ros/remote_capture.hpp
[0.739s] -- Installing: /home/jordan/SDfR/assignment6/install/cam2image_vm2ros/share/cam2image_vm2ros/config
[0.741s] -- Installing: /home/jordan/SDfR/assignment6/install/cam2image_vm2ros/share/cam2image_vm2ros/config/cam2image_relbot.yaml
[0.743s] -- Installing: /home/jordan/SDfR/assignment6/install/cam2image_vm2ros/share/cam2image_vm2ros/config/cam2image.yaml
[0.744s] -- Installing: /home/jordan/SDfR/assignment6/install/cam2image_vm2ros/share/cam2image_vm2ros/launch
[0.747s] -- Installing: /home/jordan/SDfR/assignment6/install/cam2image_vm2ros/share/cam2image_vm2ros/launch/vm_camera_test.launch.py
[0.750s] -- Installing: /home/jordan/SDfR/assignment6/install/cam2image_vm2ros/share/cam2image_vm2ros/environment/library_path.sh
[0.751s] -- Installing: /home/jordan/SDfR/assignment6/install/cam2image_vm2ros/share/cam2image_vm2ros/environment/library_path.dsv
[0.754s] -- Installing: /home/jordan/SDfR/assignment6/install/cam2image_vm2ros/share/ament_index/resource_index/package_run_dependencies/cam2image_vm2ros
[0.759s] -- Installing: /home/jordan/SDfR/assignment6/install/cam2image_vm2ros/share/ament_index/resource_index/parent_prefix_path/cam2image_vm2ros
[0.759s] -- Installing: /home/jordan/SDfR/assignment6/install/cam2image_vm2ros/share/cam2image_vm2ros/environment/ament_prefix_path.sh
[0.762s] -- Installing: /home/jordan/SDfR/assignment6/install/cam2image_vm2ros/share/cam2image_vm2ros/environment/ament_prefix_path.dsv
[0.771s] -- Installing: /home/jordan/SDfR/assignment6/install/cam2image_vm2ros/share/cam2image_vm2ros/environment/path.sh
[0.772s] -- Installing: /home/jordan/SDfR/assignment6/install/cam2image_vm2ros/share/cam2image_vm2ros/environment/path.dsv
[0.773s] -- Installing: /home/jordan/SDfR/assignment6/install/cam2image_vm2ros/share/cam2image_vm2ros/local_setup.bash
[0.774s] -- Installing: /home/jordan/SDfR/assignment6/install/cam2image_vm2ros/share/cam2image_vm2ros/local_setup.sh
[0.775s] -- Installing: /home/jordan/SDfR/assignment6/install/cam2image_vm2ros/share/cam2image_vm2ros/local_setup.zsh
[0.776s] -- Installing: /home/jordan/SDfR/assignment6/install/cam2image_vm2ros/share/cam2image_vm2ros/local_setup.dsv
[0.777s] -- Installing: /home/jordan/SDfR/assignment6/install/cam2image_vm2ros/share/cam2image_vm2ros/package.dsv
[0.780s] -- Installing: /home/jordan/SDfR/assignment6/install/cam2image_vm2ros/share/ament_index/resource_index/packages/cam2image_vm2ros
[0.782s] -- Installing: /home/jordan/SDfR/assignment6/install/cam2image_vm2ros/share/ament_index/resource_index/rclcpp_components/cam2image_vm2ros
[0.783s] -- Installing: /home/jordan/SDfR/assignment6/install/cam2image_vm2ros/share/cam2image_vm2ros/cmake/cam2image_vm2rosExport.cmake
[0.784s] -- Installing: /home/jordan/SDfR/assignment6/install/cam2image_vm2ros/share/cam2image_vm2ros/cmake/cam2image_vm2rosExport-noconfig.cmake
[0.784s] -- Installing: /home/jordan/SDfR/assignment6/install/cam2image_vm2ros/share/cam2image_vm2ros/cmake/ament_cmake_export_libraries-extras.cmake
[0.787s] -- Installing: /home/jordan/SDfR/assignment6/install/cam2image_vm2ros/share/cam2image_vm2ros/cmake/ament_cmake_export_targets-extras.cmake
[0.788s] -- Installing: /home/jordan/SDfR/assignment6/install/cam2image_vm2ros/share/cam2image_vm2ros/cmake/ament_cmake_export_dependencies-extras.cmake
[0.789s] -- Installing: /home/jordan/SDfR/assignment6/install/cam2image_vm2ros/share/cam2image_vm2ros/cmake/cam2image_vm2rosConfig.cmake
[0.790s] -- Installing: /home/jordan/SDfR/assignment6/install/cam2image_vm2ros/share/cam2image_vm2ros/cmake/cam2image_vm2rosConfig-version.cmake
[0.790s] -- Installing: /home/jordan/SDfR/assignment6/install/cam2image_vm2ros/share/cam2image_vm2ros/package.xml
[0.947s] Invoked command in '/home/jordan/SDfR/assignment6/build/cam2image_vm2ros' returned '0': CMAKE_PREFIX_PATH=${CMAKE_PREFIX_PATH}:/opt/ros/humble /usr/bin/cmake --install /home/jordan/SDfR/assignment6/build/cam2image_vm2ros
