[0.082s] Invoking command in '/home/sdfr-ppd-01/SDfR/assignment6/build/cam2image_vm2ros': CMAKE_PREFIX_PATH=${CMAKE_PREFIX_PATH}:/opt/ros/humble /usr/bin/cmake --build /home/sdfr-ppd-01/SDfR/assignment6/build/cam2image_vm2ros -- -j3 -l3
[0.517s] [ 40%] Built target cam2image
[0.532s] [100%] Built target cam2image_vm2ros
[0.660s] Invoked command in '/home/sdfr-ppd-01/SDfR/assignment6/build/cam2image_vm2ros' returned '0': CMAKE_PREFIX_PATH=${CMAKE_PREFIX_PATH}:/opt/ros/humble /usr/bin/cmake --build /home/sdfr-ppd-01/SDfR/assignment6/build/cam2image_vm2ros -- -j3 -l3
[0.673s] Invoking command in '/home/sdfr-ppd-01/SDfR/assignment6/build/cam2image_vm2ros': CMAKE_PREFIX_PATH=${CMAKE_PREFIX_PATH}:/opt/ros/humble /usr/bin/cmake --install /home/sdfr-ppd-01/SDfR/assignment6/build/cam2image_vm2ros
[0.754s] -- Install configuration: ""
[0.767s] -- Up-to-date: /home/sdfr-ppd-01/SDfR/assignment6/install/cam2image_vm2ros/lib/cam2image_vm2ros/cam2image
[0.769s] -- Up-to-date: /home/sdfr-ppd-01/SDfR/assignment6/install/cam2image_vm2ros/lib/libcam2image_vm2ros.so
[0.774s] -- Up-to-date: /home/sdfr-ppd-01/SDfR/assignment6/install/cam2image_vm2ros/include/cam2image_vm2ros
[0.781s] -- Up-to-date: /home/sdfr-ppd-01/SDfR/assignment6/install/cam2image_vm2ros/include/cam2image_vm2ros/base64.hpp
[0.789s] -- Up-to-date: /home/sdfr-ppd-01/SDfR/assignment6/install/cam2image_vm2ros/include/cam2image_vm2ros/cam2image.hpp
[0.790s] -- Up-to-date: /home/sdfr-ppd-01/SDfR/assignment6/install/cam2image_vm2ros/include/cam2image_vm2ros/remote_capture.hpp
[0.792s] -- Up-to-date: /home/sdfr-ppd-01/SDfR/assignment6/install/cam2image_vm2ros/include/cam2image_vm2ros/visibility_control.h
[0.793s] -- Up-to-date: /home/sdfr-ppd-01/SDfR/assignment6/install/cam2image_vm2ros/share/cam2image_vm2ros/config
[0.795s] -- Up-to-date: /home/sdfr-ppd-01/SDfR/assignment6/install/cam2image_vm2ros/share/cam2image_vm2ros/config/cam2image_relbot.yaml
[0.796s] -- Up-to-date: /home/sdfr-ppd-01/SDfR/assignment6/install/cam2image_vm2ros/share/cam2image_vm2ros/config/cam2image.yaml
[0.797s] -- Up-to-date: /home/sdfr-ppd-01/SDfR/assignment6/install/cam2image_vm2ros/share/cam2image_vm2ros/launch
[0.799s] -- Up-to-date: /home/sdfr-ppd-01/SDfR/assignment6/install/cam2image_vm2ros/share/cam2image_vm2ros/launch/vm_camera_test.launch.py
[0.812s] -- Up-to-date: /home/sdfr-ppd-01/SDfR/assignment6/install/cam2image_vm2ros/share/cam2image_vm2ros/environment/library_path.sh
[0.814s] -- Up-to-date: /home/sdfr-ppd-01/SDfR/assignment6/install/cam2image_vm2ros/share/cam2image_vm2ros/environment/library_path.dsv
[0.816s] -- Up-to-date: /home/sdfr-ppd-01/SDfR/assignment6/install/cam2image_vm2ros/share/ament_index/resource_index/package_run_dependencies/cam2image_vm2ros
[0.818s] -- Up-to-date: /home/sdfr-ppd-01/SDfR/assignment6/install/cam2image_vm2ros/share/ament_index/resource_index/parent_prefix_path/cam2image_vm2ros
[0.833s] -- Up-to-date: /home/sdfr-ppd-01/SDfR/assignment6/install/cam2image_vm2ros/share/cam2image_vm2ros/environment/ament_prefix_path.sh
[0.835s] -- Up-to-date: /home/sdfr-ppd-01/SDfR/assignment6/install/cam2image_vm2ros/share/cam2image_vm2ros/environment/ament_prefix_path.dsv
[0.836s] -- Up-to-date: /home/sdfr-ppd-01/SDfR/assignment6/install/cam2image_vm2ros/share/cam2image_vm2ros/environment/path.sh
[0.837s] -- Up-to-date: /home/sdfr-ppd-01/SDfR/assignment6/install/cam2image_vm2ros/share/cam2image_vm2ros/environment/path.dsv
[0.839s] -- Up-to-date: /home/sdfr-ppd-01/SDfR/assignment6/install/cam2image_vm2ros/share/cam2image_vm2ros/local_setup.bash
[0.840s] -- Up-to-date: /home/sdfr-ppd-01/SDfR/assignment6/install/cam2image_vm2ros/share/cam2image_vm2ros/local_setup.sh
[0.842s] -- Up-to-date: /home/sdfr-ppd-01/SDfR/assignment6/install/cam2image_vm2ros/share/cam2image_vm2ros/local_setup.zsh
[0.851s] -- Up-to-date: /home/sdfr-ppd-01/SDfR/assignment6/install/cam2image_vm2ros/share/cam2image_vm2ros/local_setup.dsv
[0.853s] -- Installing: /home/sdfr-ppd-01/SDfR/assignment6/install/cam2image_vm2ros/share/cam2image_vm2ros/package.dsv
[0.855s] -- Up-to-date: /home/sdfr-ppd-01/SDfR/assignment6/install/cam2image_vm2ros/share/ament_index/resource_index/packages/cam2image_vm2ros
[0.856s] -- Up-to-date: /home/sdfr-ppd-01/SDfR/assignment6/install/cam2image_vm2ros/share/ament_index/resource_index/rclcpp_components/cam2image_vm2ros
[0.858s] -- Up-to-date: /home/sdfr-ppd-01/SDfR/assignment6/install/cam2image_vm2ros/share/cam2image_vm2ros/cmake/cam2image_vm2rosExport.cmake
[0.863s] -- Up-to-date: /home/sdfr-ppd-01/SDfR/assignment6/install/cam2image_vm2ros/share/cam2image_vm2ros/cmake/cam2image_vm2rosExport-noconfig.cmake
[0.865s] -- Up-to-date: /home/sdfr-ppd-01/SDfR/assignment6/install/cam2image_vm2ros/share/cam2image_vm2ros/cmake/ament_cmake_export_libraries-extras.cmake
[0.866s] -- Up-to-date: /home/sdfr-ppd-01/SDfR/assignment6/install/cam2image_vm2ros/share/cam2image_vm2ros/cmake/ament_cmake_export_targets-extras.cmake
[0.873s] -- Up-to-date: /home/sdfr-ppd-01/SDfR/assignment6/install/cam2image_vm2ros/share/cam2image_vm2ros/cmake/ament_cmake_export_dependencies-extras.cmake
[0.875s] -- Up-to-date: /home/sdfr-ppd-01/SDfR/assignment6/install/cam2image_vm2ros/share/cam2image_vm2ros/cmake/cam2image_vm2rosConfig.cmake
[0.881s] -- Up-to-date: /home/sdfr-ppd-01/SDfR/assignment6/install/cam2image_vm2ros/share/cam2image_vm2ros/cmake/cam2image_vm2rosConfig-version.cmake
[0.884s] -- Up-to-date: /home/sdfr-ppd-01/SDfR/assignment6/install/cam2image_vm2ros/share/cam2image_vm2ros/package.xml
[0.960s] Invoked command in '/home/sdfr-ppd-01/SDfR/assignment6/build/cam2image_vm2ros' returned '0': CMAKE_PREFIX_PATH=${CMAKE_PREFIX_PATH}:/opt/ros/humble /usr/bin/cmake --install /home/sdfr-ppd-01/SDfR/assignment6/build/cam2image_vm2ros
