[0.031s] Invoking command in '/home/jordan/git_repos/SDfR/assignment6/build/relbot2turtlesim': CMAKE_PREFIX_PATH=${CMAKE_PREFIX_PATH}:/opt/ros/jazzy DEBUGINFOD_URLS=https://debuginfod.ubuntu.com /usr/bin/cmake --build /home/jordan/git_repos/SDfR/assignment6/build/relbot2turtlesim -- -j16 -l16
[0.108s] [100%] Built target relbot2turtlesim
[0.143s] Invoked command in '/home/jordan/git_repos/SDfR/assignment6/build/relbot2turtlesim' returned '0': CMAKE_PREFIX_PATH=${CMAKE_PREFIX_PATH}:/opt/ros/jazzy DEBUGINFOD_URLS=https://debuginfod.ubuntu.com /usr/bin/cmake --build /home/jordan/git_repos/SDfR/assignment6/build/relbot2turtlesim -- -j16 -l16
[0.146s] Invoking command in '/home/jordan/git_repos/SDfR/assignment6/build/relbot2turtlesim': CMAKE_PREFIX_PATH=${CMAKE_PREFIX_PATH}:/opt/ros/jazzy DEBUGINFOD_URLS=https://debuginfod.ubuntu.com /usr/bin/cmake --install /home/jordan/git_repos/SDfR/assignment6/build/relbot2turtlesim
[0.170s] -- Install configuration: ""
[0.170s] -- Up-to-date: /home/jordan/git_repos/SDfR/assignment6/install/relbot2turtlesim/lib/relbot2turtlesim/relbot2turtlesim
[0.171s] -- Up-to-date: /home/jordan/git_repos/SDfR/assignment6/install/relbot2turtlesim/share/ament_index/resource_index/package_run_dependencies/relbot2turtlesim
[0.171s] -- Up-to-date: /home/jordan/git_repos/SDfR/assignment6/install/relbot2turtlesim/share/ament_index/resource_index/parent_prefix_path/relbot2turtlesim
[0.171s] -- Up-to-date: /home/jordan/git_repos/SDfR/assignment6/install/relbot2turtlesim/share/relbot2turtlesim/environment/ament_prefix_path.sh
[0.171s] -- Up-to-date: /home/jordan/git_repos/SDfR/assignment6/install/relbot2turtlesim/share/relbot2turtlesim/environment/ament_prefix_path.dsv
[0.171s] -- Up-to-date: /home/jordan/git_repos/SDfR/assignment6/install/relbot2turtlesim/share/relbot2turtlesim/environment/path.sh
[0.171s] -- Up-to-date: /home/jordan/git_repos/SDfR/assignment6/install/relbot2turtlesim/share/relbot2turtlesim/environment/path.dsv
[0.171s] -- Up-to-date: /home/jordan/git_repos/SDfR/assignment6/install/relbot2turtlesim/share/relbot2turtlesim/local_setup.bash
[0.172s] -- Up-to-date: /home/jordan/git_repos/SDfR/assignment6/install/relbot2turtlesim/share/relbot2turtlesim/local_setup.sh
[0.172s] -- Up-to-date: /home/jordan/git_repos/SDfR/assignment6/install/relbot2turtlesim/share/relbot2turtlesim/local_setup.zsh
[0.172s] -- Up-to-date: /home/jordan/git_repos/SDfR/assignment6/install/relbot2turtlesim/share/relbot2turtlesim/local_setup.dsv
[0.173s] -- Installing: /home/jordan/git_repos/SDfR/assignment6/install/relbot2turtlesim/share/relbot2turtlesim/package.dsv
[0.173s] -- Up-to-date: /home/jordan/git_repos/SDfR/assignment6/install/relbot2turtlesim/share/ament_index/resource_index/packages/relbot2turtlesim
[0.173s] -- Up-to-date: /home/jordan/git_repos/SDfR/assignment6/install/relbot2turtlesim/share/relbot2turtlesim/cmake/relbot2turtlesimConfig.cmake
[0.173s] -- Up-to-date: /home/jordan/git_repos/SDfR/assignment6/install/relbot2turtlesim/share/relbot2turtlesim/cmake/relbot2turtlesimConfig-version.cmake
[0.173s] -- Up-to-date: /home/jordan/git_repos/SDfR/assignment6/install/relbot2turtlesim/share/relbot2turtlesim/package.xml
[0.177s] Invoked command in '/home/jordan/git_repos/SDfR/assignment6/build/relbot2turtlesim' returned '0': CMAKE_PREFIX_PATH=${CMAKE_PREFIX_PATH}:/opt/ros/jazzy DEBUGINFOD_URLS=https://debuginfod.ubuntu.com /usr/bin/cmake --install /home/jordan/git_repos/SDfR/assignment6/build/relbot2turtlesim
