-- The C compiler identification is GNU 13.3.0
-- The CXX compiler identification is GNU 13.3.0
-- Detecting C compiler ABI info
-- Detecting C compiler ABI info - done
-- Check for working C compiler: /usr/bin/cc - skipped
-- Detecting C compile features
-- Detecting C compile features - done
-- Detecting CXX compiler ABI info
-- Detecting CXX compiler ABI info - done
-- Check for working CXX compiler: /usr/bin/c++ - skipped
-- Detecting CXX compile features
-- Detecting CXX compile features - done
-- Found ament_cmake: 2.5.6 (/opt/ros/jazzy/share/ament_cmake/cmake)
-- Found Python3: /usr/bin/python3 (found version "3.12.3") found components: Interpreter 
-- Found rclcpp: 28.1.18 (/opt/ros/jazzy/share/rclcpp/cmake)
-- Found rosidl_generator_c: 4.6.7 (/opt/ros/jazzy/share/rosidl_generator_c/cmake)
-- Found rosidl_generator_cpp: 4.6.7 (/opt/ros/jazzy/share/rosidl_generator_cpp/cmake)
-- Using all available rosidl_typesupport_c: rosidl_typesupport_fastrtps_c;rosidl_typesupport_introspection_c
-- Using all available rosidl_typesupport_cpp: rosidl_typesupport_fastrtps_cpp;rosidl_typesupport_introspection_cpp
-- Found rmw_implementation_cmake: 7.3.3 (/opt/ros/jazzy/share/rmw_implementation_cmake/cmake)
-- Found rmw_fastrtps_cpp: 8.4.3 (/opt/ros/jazzy/share/rmw_fastrtps_cpp/cmake)
-- Found OpenSSL: /usr/lib/x86_64-linux-gnu/libcrypto.so (found version "3.0.13")  
-- Found FastRTPS: /opt/ros/jazzy/include (Required is at least version "2.13") 
-- Using RMW implementation 'rmw_fastrtps_cpp' as default
-- Found example_interfaces: 0.12.0 (/opt/ros/jazzy/share/example_interfaces/cmake)
-- Found geometry_msgs: 5.3.7 (/opt/ros/jazzy/share/geometry_msgs/cmake)
-- Found relbot_msgs: 2025.2.0 (/home/jordan/git_repos/SDfR/assignment6/install/relbot_msgs/share/relbot_msgs/cmake)
-- xrf2_msgs found, enabling related features
-- Found ament_lint_auto: 0.17.5 (/opt/ros/jazzy/share/ament_lint_auto/cmake)
-- Added test 'cppcheck' to perform static code analysis on C / C++ code
-- Configured cppcheck include dirs: /home/jordan/git_repos/SDfR/assignment6/src/relbot_adapter/include;$<BUILD_INTERFACE:/home/jordan/git_repos/SDfR/assignment6/src/relbot_adapter/include>
-- Configured cppcheck exclude dirs and/or files: 
-- Added test 'lint_cmake' to check CMake code style
-- Added test 'uncrustify' to check C / C++ code style
-- Configured uncrustify additional arguments: 
-- Added test 'xmllint' to check XML markup files
-- Configuring done (1.7s)
-- Generating done (0.0s)
-- Build files have been written to: /home/jordan/git_repos/SDfR/assignment6/build/relbot_adapter
[ 50%] [32mBuilding CXX object CMakeFiles/relbot_adapter.dir/src/relbot_adapter.cpp.o[0m
[100%] [32m[1mLinking CXX executable relbot_adapter[0m
[100%] Built target relbot_adapter
-- Install configuration: ""
-- Installing: /home/jordan/git_repos/SDfR/assignment6/install/relbot_adapter/lib/relbot_adapter/relbot_adapter
-- Set non-toolchain portion of runtime path of "/home/jordan/git_repos/SDfR/assignment6/install/relbot_adapter/lib/relbot_adapter/relbot_adapter" to ""
-- Installing: /home/jordan/git_repos/SDfR/assignment6/install/relbot_adapter/share/ament_index/resource_index/package_run_dependencies/relbot_adapter
-- Installing: /home/jordan/git_repos/SDfR/assignment6/install/relbot_adapter/share/ament_index/resource_index/parent_prefix_path/relbot_adapter
-- Installing: /home/jordan/git_repos/SDfR/assignment6/install/relbot_adapter/share/relbot_adapter/environment/ament_prefix_path.sh
-- Installing: /home/jordan/git_repos/SDfR/assignment6/install/relbot_adapter/share/relbot_adapter/environment/ament_prefix_path.dsv
-- Installing: /home/jordan/git_repos/SDfR/assignment6/install/relbot_adapter/share/relbot_adapter/environment/path.sh
-- Installing: /home/jordan/git_repos/SDfR/assignment6/install/relbot_adapter/share/relbot_adapter/environment/path.dsv
-- Installing: /home/jordan/git_repos/SDfR/assignment6/install/relbot_adapter/share/relbot_adapter/local_setup.bash
-- Installing: /home/jordan/git_repos/SDfR/assignment6/install/relbot_adapter/share/relbot_adapter/local_setup.sh
-- Installing: /home/jordan/git_repos/SDfR/assignment6/install/relbot_adapter/share/relbot_adapter/local_setup.zsh
-- Installing: /home/jordan/git_repos/SDfR/assignment6/install/relbot_adapter/share/relbot_adapter/local_setup.dsv
-- Installing: /home/jordan/git_repos/SDfR/assignment6/install/relbot_adapter/share/relbot_adapter/package.dsv
-- Installing: /home/jordan/git_repos/SDfR/assignment6/install/relbot_adapter/share/ament_index/resource_index/packages/relbot_adapter
-- Installing: /home/jordan/git_repos/SDfR/assignment6/install/relbot_adapter/share/relbot_adapter/cmake/relbot_adapterConfig.cmake
-- Installing: /home/jordan/git_repos/SDfR/assignment6/install/relbot_adapter/share/relbot_adapter/cmake/relbot_adapterConfig-version.cmake
-- Installing: /home/jordan/git_repos/SDfR/assignment6/install/relbot_adapter/share/relbot_adapter/package.xml
