[  2%] Built target xrf2_msgs__rosidl_generator_type_description
[  4%] Built target xrf2_msgs__rs
[  4%] Built target ament_cmake_python_copy_xrf2_msgs
[  6%] Built target xrf2_msgs__cpp
[ 24%] Built target xrf2_msgs__rosidl_generator_c
[ 33%] Built target xrf2_msgs__rosidl_typesupport_introspection_c
[ 60%] Built target xrf2_msgs__rosidl_typesupport_c
[ 60%] Built target xrf2_msgs__rosidl_typesupport_cpp
[ 60%] Built target xrf2_msgs__rosidl_typesupport_fastrtps_c
[ 68%] Built target xrf2_msgs__rosidl_typesupport_introspection_cpp
[ 77%] Built target xrf2_msgs__rosidl_typesupport_fastrtps_cpp
[ 77%] Built target xrf2_msgs
[ 80%] Built target xrf2_msgs__py
[ 86%] Built target xrf2_msgs__rosidl_generator_py
[ 95%] Built target xrf2_msgs_s__rosidl_typesupport_fastrtps_c
[ 95%] Built target xrf2_msgs_s__rosidl_typesupport_introspection_c
[100%] Built target xrf2_msgs_s__rosidl_typesupport_c
running egg_info
writing xrf2_msgs.egg-info/PKG-INFO
writing dependency_links to xrf2_msgs.egg-info/dependency_links.txt
writing top-level names to xrf2_msgs.egg-info/top_level.txt
reading manifest file 'xrf2_msgs.egg-info/SOURCES.txt'
writing manifest file 'xrf2_msgs.egg-info/SOURCES.txt'
[100%] Built target ament_cmake_python_build_xrf2_msgs_egg
-- Install configuration: ""
-- Up-to-date: /home/jordan/git_repos/SDfR/assignment6/install/xrf2_msgs/share/ament_index/resource_index/rosidl_interfaces/xrf2_msgs
-- Up-to-date: /home/jordan/git_repos/SDfR/assignment6/install/xrf2_msgs/share/xrf2_msgs/msg/Ros2Xeno.json
-- Up-to-date: /home/jordan/git_repos/SDfR/assignment6/install/xrf2_msgs/share/xrf2_msgs/msg/Xeno2Ros.json
-- Up-to-date: /home/jordan/git_repos/SDfR/assignment6/install/xrf2_msgs/include/xrf2_msgs/xrf2_msgs
-- Up-to-date: /home/jordan/git_repos/SDfR/assignment6/install/xrf2_msgs/include/xrf2_msgs/xrf2_msgs/msg
-- Up-to-date: /home/jordan/git_repos/SDfR/assignment6/install/xrf2_msgs/include/xrf2_msgs/xrf2_msgs/msg/ros2_xeno.h
-- Up-to-date: /home/jordan/git_repos/SDfR/assignment6/install/xrf2_msgs/include/xrf2_msgs/xrf2_msgs/msg/rosidl_generator_c__visibility_control.h
-- Up-to-date: /home/jordan/git_repos/SDfR/assignment6/install/xrf2_msgs/include/xrf2_msgs/xrf2_msgs/msg/detail
-- Up-to-date: /home/jordan/git_repos/SDfR/assignment6/install/xrf2_msgs/include/xrf2_msgs/xrf2_msgs/msg/detail/ros2_xeno__type_support.c
-- Up-to-date: /home/jordan/git_repos/SDfR/assignment6/install/xrf2_msgs/include/xrf2_msgs/xrf2_msgs/msg/detail/ros2_xeno__functions.c
-- Up-to-date: /home/jordan/git_repos/SDfR/assignment6/install/xrf2_msgs/include/xrf2_msgs/xrf2_msgs/msg/detail/ros2_xeno__struct.h
-- Up-to-date: /home/jordan/git_repos/SDfR/assignment6/install/xrf2_msgs/include/xrf2_msgs/xrf2_msgs/msg/detail/xeno2_ros__functions.c
-- Up-to-date: /home/jordan/git_repos/SDfR/assignment6/install/xrf2_msgs/include/xrf2_msgs/xrf2_msgs/msg/detail/xeno2_ros__struct.h
-- Up-to-date: /home/jordan/git_repos/SDfR/assignment6/install/xrf2_msgs/include/xrf2_msgs/xrf2_msgs/msg/detail/xeno2_ros__type_support.h
-- Up-to-date: /home/jordan/git_repos/SDfR/assignment6/install/xrf2_msgs/include/xrf2_msgs/xrf2_msgs/msg/detail/ros2_xeno__functions.h
-- Up-to-date: /home/jordan/git_repos/SDfR/assignment6/install/xrf2_msgs/include/xrf2_msgs/xrf2_msgs/msg/detail/ros2_xeno__description.c
-- Up-to-date: /home/jordan/git_repos/SDfR/assignment6/install/xrf2_msgs/include/xrf2_msgs/xrf2_msgs/msg/detail/xeno2_ros__type_support.c
-- Up-to-date: /home/jordan/git_repos/SDfR/assignment6/install/xrf2_msgs/include/xrf2_msgs/xrf2_msgs/msg/detail/xeno2_ros__description.c
-- Up-to-date: /home/jordan/git_repos/SDfR/assignment6/install/xrf2_msgs/include/xrf2_msgs/xrf2_msgs/msg/detail/ros2_xeno__type_support.h
-- Up-to-date: /home/jordan/git_repos/SDfR/assignment6/install/xrf2_msgs/include/xrf2_msgs/xrf2_msgs/msg/detail/xeno2_ros__functions.h
-- Up-to-date: /home/jordan/git_repos/SDfR/assignment6/install/xrf2_msgs/include/xrf2_msgs/xrf2_msgs/msg/xeno2_ros.h
-- Up-to-date: /home/jordan/git_repos/SDfR/assignment6/install/xrf2_msgs/share/xrf2_msgs/environment/library_path.sh
-- Up-to-date: /home/jordan/git_repos/SDfR/assignment6/install/xrf2_msgs/share/xrf2_msgs/environment/library_path.dsv
-- Up-to-date: /home/jordan/git_repos/SDfR/assignment6/install/xrf2_msgs/lib/libxrf2_msgs__rosidl_generator_c.so
-- Up-to-date: /home/jordan/git_repos/SDfR/assignment6/install/xrf2_msgs/include/xrf2_msgs/xrf2_msgs
-- Up-to-date: /home/jordan/git_repos/SDfR/assignment6/install/xrf2_msgs/include/xrf2_msgs/xrf2_msgs/msg
-- Up-to-date: /home/jordan/git_repos/SDfR/assignment6/install/xrf2_msgs/include/xrf2_msgs/xrf2_msgs/msg/rosidl_typesupport_fastrtps_c__visibility_control.h
-- Up-to-date: /home/jordan/git_repos/SDfR/assignment6/install/xrf2_msgs/include/xrf2_msgs/xrf2_msgs/msg/detail
-- Up-to-date: /home/jordan/git_repos/SDfR/assignment6/install/xrf2_msgs/include/xrf2_msgs/xrf2_msgs/msg/detail/ros2_xeno__rosidl_typesupport_fastrtps_c.h
-- Up-to-date: /home/jordan/git_repos/SDfR/assignment6/install/xrf2_msgs/include/xrf2_msgs/xrf2_msgs/msg/detail/xeno2_ros__rosidl_typesupport_fastrtps_c.h
-- Up-to-date: /home/jordan/git_repos/SDfR/assignment6/install/xrf2_msgs/lib/libxrf2_msgs__rosidl_typesupport_fastrtps_c.so
-- Up-to-date: /home/jordan/git_repos/SDfR/assignment6/install/xrf2_msgs/include/xrf2_msgs/xrf2_msgs
-- Up-to-date: /home/jordan/git_repos/SDfR/assignment6/install/xrf2_msgs/include/xrf2_msgs/xrf2_msgs/msg
-- Up-to-date: /home/jordan/git_repos/SDfR/assignment6/install/xrf2_msgs/include/xrf2_msgs/xrf2_msgs/msg/rosidl_typesupport_introspection_c__visibility_control.h
-- Up-to-date: /home/jordan/git_repos/SDfR/assignment6/install/xrf2_msgs/include/xrf2_msgs/xrf2_msgs/msg/detail
-- Up-to-date: /home/jordan/git_repos/SDfR/assignment6/install/xrf2_msgs/include/xrf2_msgs/xrf2_msgs/msg/detail/ros2_xeno__type_support.c
-- Up-to-date: /home/jordan/git_repos/SDfR/assignment6/install/xrf2_msgs/include/xrf2_msgs/xrf2_msgs/msg/detail/ros2_xeno__rosidl_typesupport_introspection_c.h
-- Up-to-date: /home/jordan/git_repos/SDfR/assignment6/install/xrf2_msgs/include/xrf2_msgs/xrf2_msgs/msg/detail/xeno2_ros__type_support.c
-- Up-to-date: /home/jordan/git_repos/SDfR/assignment6/install/xrf2_msgs/include/xrf2_msgs/xrf2_msgs/msg/detail/xeno2_ros__rosidl_typesupport_introspection_c.h
-- Up-to-date: /home/jordan/git_repos/SDfR/assignment6/install/xrf2_msgs/lib/libxrf2_msgs__rosidl_typesupport_introspection_c.so
-- Up-to-date: /home/jordan/git_repos/SDfR/assignment6/install/xrf2_msgs/lib/libxrf2_msgs__rosidl_typesupport_c.so
-- Up-to-date: /home/jordan/git_repos/SDfR/assignment6/install/xrf2_msgs/include/xrf2_msgs/xrf2_msgs
-- Up-to-date: /home/jordan/git_repos/SDfR/assignment6/install/xrf2_msgs/include/xrf2_msgs/xrf2_msgs/msg
-- Up-to-date: /home/jordan/git_repos/SDfR/assignment6/install/xrf2_msgs/include/xrf2_msgs/xrf2_msgs/msg/rosidl_generator_cpp__visibility_control.hpp
-- Up-to-date: /home/jordan/git_repos/SDfR/assignment6/install/xrf2_msgs/include/xrf2_msgs/xrf2_msgs/msg/xeno2_ros.hpp
-- Up-to-date: /home/jordan/git_repos/SDfR/assignment6/install/xrf2_msgs/include/xrf2_msgs/xrf2_msgs/msg/ros2_xeno.hpp
-- Up-to-date: /home/jordan/git_repos/SDfR/assignment6/install/xrf2_msgs/include/xrf2_msgs/xrf2_msgs/msg/detail
-- Up-to-date: /home/jordan/git_repos/SDfR/assignment6/install/xrf2_msgs/include/xrf2_msgs/xrf2_msgs/msg/detail/ros2_xeno__struct.hpp
-- Up-to-date: /home/jordan/git_repos/SDfR/assignment6/install/xrf2_msgs/include/xrf2_msgs/xrf2_msgs/msg/detail/xeno2_ros__builder.hpp
-- Up-to-date: /home/jordan/git_repos/SDfR/assignment6/install/xrf2_msgs/include/xrf2_msgs/xrf2_msgs/msg/detail/xeno2_ros__traits.hpp
-- Up-to-date: /home/jordan/git_repos/SDfR/assignment6/install/xrf2_msgs/include/xrf2_msgs/xrf2_msgs/msg/detail/ros2_xeno__traits.hpp
-- Up-to-date: /home/jordan/git_repos/SDfR/assignment6/install/xrf2_msgs/include/xrf2_msgs/xrf2_msgs/msg/detail/xeno2_ros__type_support.hpp
-- Up-to-date: /home/jordan/git_repos/SDfR/assignment6/install/xrf2_msgs/include/xrf2_msgs/xrf2_msgs/msg/detail/xeno2_ros__struct.hpp
-- Up-to-date: /home/jordan/git_repos/SDfR/assignment6/install/xrf2_msgs/include/xrf2_msgs/xrf2_msgs/msg/detail/ros2_xeno__type_support.hpp
-- Up-to-date: /home/jordan/git_repos/SDfR/assignment6/install/xrf2_msgs/include/xrf2_msgs/xrf2_msgs/msg/detail/ros2_xeno__builder.hpp
-- Up-to-date: /home/jordan/git_repos/SDfR/assignment6/install/xrf2_msgs/include/xrf2_msgs/xrf2_msgs
-- Up-to-date: /home/jordan/git_repos/SDfR/assignment6/install/xrf2_msgs/include/xrf2_msgs/xrf2_msgs/msg
-- Up-to-date: /home/jordan/git_repos/SDfR/assignment6/install/xrf2_msgs/include/xrf2_msgs/xrf2_msgs/msg/rosidl_typesupport_fastrtps_cpp__visibility_control.h
-- Up-to-date: /home/jordan/git_repos/SDfR/assignment6/install/xrf2_msgs/include/xrf2_msgs/xrf2_msgs/msg/detail
-- Up-to-date: /home/jordan/git_repos/SDfR/assignment6/install/xrf2_msgs/include/xrf2_msgs/xrf2_msgs/msg/detail/ros2_xeno__rosidl_typesupport_fastrtps_cpp.hpp
-- Up-to-date: /home/jordan/git_repos/SDfR/assignment6/install/xrf2_msgs/include/xrf2_msgs/xrf2_msgs/msg/detail/xeno2_ros__rosidl_typesupport_fastrtps_cpp.hpp
-- Up-to-date: /home/jordan/git_repos/SDfR/assignment6/install/xrf2_msgs/include/xrf2_msgs/xrf2_msgs/msg/detail/dds_fastrtps
-- Up-to-date: /home/jordan/git_repos/SDfR/assignment6/install/xrf2_msgs/lib/libxrf2_msgs__rosidl_typesupport_fastrtps_cpp.so
-- Up-to-date: /home/jordan/git_repos/SDfR/assignment6/install/xrf2_msgs/include/xrf2_msgs/xrf2_msgs
-- Up-to-date: /home/jordan/git_repos/SDfR/assignment6/install/xrf2_msgs/include/xrf2_msgs/xrf2_msgs/msg
-- Up-to-date: /home/jordan/git_repos/SDfR/assignment6/install/xrf2_msgs/include/xrf2_msgs/xrf2_msgs/msg/detail
-- Up-to-date: /home/jordan/git_repos/SDfR/assignment6/install/xrf2_msgs/include/xrf2_msgs/xrf2_msgs/msg/detail/ros2_xeno__rosidl_typesupport_introspection_cpp.hpp
-- Up-to-date: /home/jordan/git_repos/SDfR/assignment6/install/xrf2_msgs/include/xrf2_msgs/xrf2_msgs/msg/detail/ros2_xeno__type_support.cpp
-- Up-to-date: /home/jordan/git_repos/SDfR/assignment6/install/xrf2_msgs/include/xrf2_msgs/xrf2_msgs/msg/detail/xeno2_ros__rosidl_typesupport_introspection_cpp.hpp
-- Up-to-date: /home/jordan/git_repos/SDfR/assignment6/install/xrf2_msgs/include/xrf2_msgs/xrf2_msgs/msg/detail/xeno2_ros__type_support.cpp
-- Up-to-date: /home/jordan/git_repos/SDfR/assignment6/install/xrf2_msgs/lib/libxrf2_msgs__rosidl_typesupport_introspection_cpp.so
-- Up-to-date: /home/jordan/git_repos/SDfR/assignment6/install/xrf2_msgs/lib/libxrf2_msgs__rosidl_typesupport_cpp.so
-- Up-to-date: /home/jordan/git_repos/SDfR/assignment6/install/xrf2_msgs/share/xrf2_msgs/environment/pythonpath.sh
-- Up-to-date: /home/jordan/git_repos/SDfR/assignment6/install/xrf2_msgs/share/xrf2_msgs/environment/pythonpath.dsv
-- Up-to-date: /home/jordan/git_repos/SDfR/assignment6/install/xrf2_msgs/lib/python3.12/site-packages/xrf2_msgs-0.0.0-py3.12.egg-info
-- Installing: /home/jordan/git_repos/SDfR/assignment6/install/xrf2_msgs/lib/python3.12/site-packages/xrf2_msgs-0.0.0-py3.12.egg-info/dependency_links.txt
-- Installing: /home/jordan/git_repos/SDfR/assignment6/install/xrf2_msgs/lib/python3.12/site-packages/xrf2_msgs-0.0.0-py3.12.egg-info/SOURCES.txt
-- Installing: /home/jordan/git_repos/SDfR/assignment6/install/xrf2_msgs/lib/python3.12/site-packages/xrf2_msgs-0.0.0-py3.12.egg-info/top_level.txt
-- Installing: /home/jordan/git_repos/SDfR/assignment6/install/xrf2_msgs/lib/python3.12/site-packages/xrf2_msgs-0.0.0-py3.12.egg-info/PKG-INFO
-- Up-to-date: /home/jordan/git_repos/SDfR/assignment6/install/xrf2_msgs/lib/python3.12/site-packages/xrf2_msgs
-- Up-to-date: /home/jordan/git_repos/SDfR/assignment6/install/xrf2_msgs/lib/python3.12/site-packages/xrf2_msgs/__init__.py
-- Up-to-date: /home/jordan/git_repos/SDfR/assignment6/install/xrf2_msgs/lib/python3.12/site-packages/xrf2_msgs/_xrf2_msgs_s.ep.rosidl_typesupport_c.c
-- Up-to-date: /home/jordan/git_repos/SDfR/assignment6/install/xrf2_msgs/lib/python3.12/site-packages/xrf2_msgs/xrf2_msgs_s__rosidl_typesupport_c.so
-- Up-to-date: /home/jordan/git_repos/SDfR/assignment6/install/xrf2_msgs/lib/python3.12/site-packages/xrf2_msgs/msg
-- Up-to-date: /home/jordan/git_repos/SDfR/assignment6/install/xrf2_msgs/lib/python3.12/site-packages/xrf2_msgs/msg/_xeno2_ros.py
-- Up-to-date: /home/jordan/git_repos/SDfR/assignment6/install/xrf2_msgs/lib/python3.12/site-packages/xrf2_msgs/msg/__init__.py
-- Up-to-date: /home/jordan/git_repos/SDfR/assignment6/install/xrf2_msgs/lib/python3.12/site-packages/xrf2_msgs/msg/_ros2_xeno_s.c
-- Up-to-date: /home/jordan/git_repos/SDfR/assignment6/install/xrf2_msgs/lib/python3.12/site-packages/xrf2_msgs/msg/_xeno2_ros_s.c
-- Up-to-date: /home/jordan/git_repos/SDfR/assignment6/install/xrf2_msgs/lib/python3.12/site-packages/xrf2_msgs/msg/_ros2_xeno.py
-- Up-to-date: /home/jordan/git_repos/SDfR/assignment6/install/xrf2_msgs/lib/python3.12/site-packages/xrf2_msgs/_xrf2_msgs_s.ep.rosidl_typesupport_fastrtps_c.c
-- Up-to-date: /home/jordan/git_repos/SDfR/assignment6/install/xrf2_msgs/lib/python3.12/site-packages/xrf2_msgs/_xrf2_msgs_s.ep.rosidl_typesupport_introspection_c.c
-- Up-to-date: /home/jordan/git_repos/SDfR/assignment6/install/xrf2_msgs/lib/python3.12/site-packages/xrf2_msgs/xrf2_msgs_s__rosidl_typesupport_introspection_c.so
-- Up-to-date: /home/jordan/git_repos/SDfR/assignment6/install/xrf2_msgs/lib/python3.12/site-packages/xrf2_msgs/xrf2_msgs_s__rosidl_typesupport_fastrtps_c.so
Listing '/home/jordan/git_repos/SDfR/assignment6/install/xrf2_msgs/lib/python3.12/site-packages/xrf2_msgs'...
Listing '/home/jordan/git_repos/SDfR/assignment6/install/xrf2_msgs/lib/python3.12/site-packages/xrf2_msgs/msg'...
-- Up-to-date: /home/jordan/git_repos/SDfR/assignment6/install/xrf2_msgs/lib/python3.12/site-packages/xrf2_msgs/xrf2_msgs_s__rosidl_typesupport_fastrtps_c.so
-- Up-to-date: /home/jordan/git_repos/SDfR/assignment6/install/xrf2_msgs/lib/python3.12/site-packages/xrf2_msgs/xrf2_msgs_s__rosidl_typesupport_introspection_c.so
-- Up-to-date: /home/jordan/git_repos/SDfR/assignment6/install/xrf2_msgs/lib/python3.12/site-packages/xrf2_msgs/xrf2_msgs_s__rosidl_typesupport_c.so
-- Up-to-date: /home/jordan/git_repos/SDfR/assignment6/install/xrf2_msgs/lib/libxrf2_msgs__rosidl_generator_py.so
-- Up-to-date: /home/jordan/git_repos/SDfR/assignment6/install/xrf2_msgs/share/ament_index/resource_index/rust_packages/xrf2_msgs
-- Up-to-date: /home/jordan/git_repos/SDfR/assignment6/install/xrf2_msgs/share/xrf2_msgs/rust
-- Up-to-date: /home/jordan/git_repos/SDfR/assignment6/install/xrf2_msgs/share/xrf2_msgs/rust/build.rs
-- Up-to-date: /home/jordan/git_repos/SDfR/assignment6/install/xrf2_msgs/share/xrf2_msgs/rust/src
-- Up-to-date: /home/jordan/git_repos/SDfR/assignment6/install/xrf2_msgs/share/xrf2_msgs/rust/src/msg.rs
-- Up-to-date: /home/jordan/git_repos/SDfR/assignment6/install/xrf2_msgs/share/xrf2_msgs/rust/src/lib.rs
-- Up-to-date: /home/jordan/git_repos/SDfR/assignment6/install/xrf2_msgs/share/xrf2_msgs/rust/src/msg
-- Up-to-date: /home/jordan/git_repos/SDfR/assignment6/install/xrf2_msgs/share/xrf2_msgs/rust/src/msg/rmw.rs
-- Up-to-date: /home/jordan/git_repos/SDfR/assignment6/install/xrf2_msgs/share/xrf2_msgs/rust/Cargo.toml
-- Up-to-date: /home/jordan/git_repos/SDfR/assignment6/install/xrf2_msgs/share/xrf2_msgs/msg/Ros2Xeno.idl
-- Up-to-date: /home/jordan/git_repos/SDfR/assignment6/install/xrf2_msgs/share/xrf2_msgs/msg/Xeno2Ros.idl
-- Up-to-date: /home/jordan/git_repos/SDfR/assignment6/install/xrf2_msgs/share/xrf2_msgs/msg/Ros2Xeno.msg
-- Up-to-date: /home/jordan/git_repos/SDfR/assignment6/install/xrf2_msgs/share/xrf2_msgs/msg/Xeno2Ros.msg
-- Up-to-date: /home/jordan/git_repos/SDfR/assignment6/install/xrf2_msgs/share/ament_index/resource_index/package_run_dependencies/xrf2_msgs
-- Up-to-date: /home/jordan/git_repos/SDfR/assignment6/install/xrf2_msgs/share/ament_index/resource_index/parent_prefix_path/xrf2_msgs
-- Up-to-date: /home/jordan/git_repos/SDfR/assignment6/install/xrf2_msgs/share/xrf2_msgs/environment/ament_prefix_path.sh
-- Up-to-date: /home/jordan/git_repos/SDfR/assignment6/install/xrf2_msgs/share/xrf2_msgs/environment/ament_prefix_path.dsv
-- Up-to-date: /home/jordan/git_repos/SDfR/assignment6/install/xrf2_msgs/share/xrf2_msgs/environment/path.sh
-- Up-to-date: /home/jordan/git_repos/SDfR/assignment6/install/xrf2_msgs/share/xrf2_msgs/environment/path.dsv
-- Up-to-date: /home/jordan/git_repos/SDfR/assignment6/install/xrf2_msgs/share/xrf2_msgs/local_setup.bash
-- Up-to-date: /home/jordan/git_repos/SDfR/assignment6/install/xrf2_msgs/share/xrf2_msgs/local_setup.sh
-- Up-to-date: /home/jordan/git_repos/SDfR/assignment6/install/xrf2_msgs/share/xrf2_msgs/local_setup.zsh
-- Up-to-date: /home/jordan/git_repos/SDfR/assignment6/install/xrf2_msgs/share/xrf2_msgs/local_setup.dsv
-- Installing: /home/jordan/git_repos/SDfR/assignment6/install/xrf2_msgs/share/xrf2_msgs/package.dsv
-- Up-to-date: /home/jordan/git_repos/SDfR/assignment6/install/xrf2_msgs/share/ament_index/resource_index/packages/xrf2_msgs
-- Up-to-date: /home/jordan/git_repos/SDfR/assignment6/install/xrf2_msgs/share/xrf2_msgs/cmake/export_xrf2_msgs__rosidl_generator_cExport.cmake
-- Up-to-date: /home/jordan/git_repos/SDfR/assignment6/install/xrf2_msgs/share/xrf2_msgs/cmake/export_xrf2_msgs__rosidl_generator_cExport-noconfig.cmake
-- Up-to-date: /home/jordan/git_repos/SDfR/assignment6/install/xrf2_msgs/share/xrf2_msgs/cmake/export_xrf2_msgs__rosidl_typesupport_fastrtps_cExport.cmake
-- Up-to-date: /home/jordan/git_repos/SDfR/assignment6/install/xrf2_msgs/share/xrf2_msgs/cmake/export_xrf2_msgs__rosidl_typesupport_fastrtps_cExport-noconfig.cmake
-- Up-to-date: /home/jordan/git_repos/SDfR/assignment6/install/xrf2_msgs/share/xrf2_msgs/cmake/xrf2_msgs__rosidl_typesupport_introspection_cExport.cmake
-- Up-to-date: /home/jordan/git_repos/SDfR/assignment6/install/xrf2_msgs/share/xrf2_msgs/cmake/xrf2_msgs__rosidl_typesupport_introspection_cExport-noconfig.cmake
-- Up-to-date: /home/jordan/git_repos/SDfR/assignment6/install/xrf2_msgs/share/xrf2_msgs/cmake/xrf2_msgs__rosidl_typesupport_cExport.cmake
-- Up-to-date: /home/jordan/git_repos/SDfR/assignment6/install/xrf2_msgs/share/xrf2_msgs/cmake/xrf2_msgs__rosidl_typesupport_cExport-noconfig.cmake
-- Up-to-date: /home/jordan/git_repos/SDfR/assignment6/install/xrf2_msgs/share/xrf2_msgs/cmake/export_xrf2_msgs__rosidl_generator_cppExport.cmake
-- Up-to-date: /home/jordan/git_repos/SDfR/assignment6/install/xrf2_msgs/share/xrf2_msgs/cmake/export_xrf2_msgs__rosidl_typesupport_fastrtps_cppExport.cmake
-- Up-to-date: /home/jordan/git_repos/SDfR/assignment6/install/xrf2_msgs/share/xrf2_msgs/cmake/export_xrf2_msgs__rosidl_typesupport_fastrtps_cppExport-noconfig.cmake
-- Up-to-date: /home/jordan/git_repos/SDfR/assignment6/install/xrf2_msgs/share/xrf2_msgs/cmake/xrf2_msgs__rosidl_typesupport_introspection_cppExport.cmake
-- Up-to-date: /home/jordan/git_repos/SDfR/assignment6/install/xrf2_msgs/share/xrf2_msgs/cmake/xrf2_msgs__rosidl_typesupport_introspection_cppExport-noconfig.cmake
-- Up-to-date: /home/jordan/git_repos/SDfR/assignment6/install/xrf2_msgs/share/xrf2_msgs/cmake/xrf2_msgs__rosidl_typesupport_cppExport.cmake
-- Up-to-date: /home/jordan/git_repos/SDfR/assignment6/install/xrf2_msgs/share/xrf2_msgs/cmake/xrf2_msgs__rosidl_typesupport_cppExport-noconfig.cmake
-- Up-to-date: /home/jordan/git_repos/SDfR/assignment6/install/xrf2_msgs/share/xrf2_msgs/cmake/export_xrf2_msgs__rosidl_generator_pyExport.cmake
-- Up-to-date: /home/jordan/git_repos/SDfR/assignment6/install/xrf2_msgs/share/xrf2_msgs/cmake/export_xrf2_msgs__rosidl_generator_pyExport-noconfig.cmake
-- Up-to-date: /home/jordan/git_repos/SDfR/assignment6/install/xrf2_msgs/share/xrf2_msgs/cmake/rosidl_cmake-extras.cmake
-- Up-to-date: /home/jordan/git_repos/SDfR/assignment6/install/xrf2_msgs/share/xrf2_msgs/cmake/ament_cmake_export_include_directories-extras.cmake
-- Up-to-date: /home/jordan/git_repos/SDfR/assignment6/install/xrf2_msgs/share/xrf2_msgs/cmake/ament_cmake_export_libraries-extras.cmake
-- Up-to-date: /home/jordan/git_repos/SDfR/assignment6/install/xrf2_msgs/share/xrf2_msgs/cmake/ament_cmake_export_targets-extras.cmake
-- Up-to-date: /home/jordan/git_repos/SDfR/assignment6/install/xrf2_msgs/share/xrf2_msgs/cmake/rosidl_cmake_export_typesupport_targets-extras.cmake
-- Up-to-date: /home/jordan/git_repos/SDfR/assignment6/install/xrf2_msgs/share/xrf2_msgs/cmake/ament_cmake_export_dependencies-extras.cmake
-- Up-to-date: /home/jordan/git_repos/SDfR/assignment6/install/xrf2_msgs/share/xrf2_msgs/cmake/rosidl_cmake_export_typesupport_libraries-extras.cmake
-- Up-to-date: /home/jordan/git_repos/SDfR/assignment6/install/xrf2_msgs/share/xrf2_msgs/cmake/xrf2_msgsConfig.cmake
-- Up-to-date: /home/jordan/git_repos/SDfR/assignment6/install/xrf2_msgs/share/xrf2_msgs/cmake/xrf2_msgsConfig-version.cmake
-- Up-to-date: /home/jordan/git_repos/SDfR/assignment6/install/xrf2_msgs/share/xrf2_msgs/package.xml
