[0.030s] Invoking command in '/home/jordan/git_repos/SDfR/assignment6/build/xrf2_msgs': CMAKE_PREFIX_PATH=${CMAKE_PREFIX_PATH}:/opt/ros/jazzy DEBUGINFOD_URLS=https://debuginfod.ubuntu.com /usr/bin/cmake --build /home/jordan/git_repos/SDfR/assignment6/build/xrf2_msgs -- -j16 -l16
[0.097s] [  2%] Built target xrf2_msgs__rosidl_generator_type_description
[0.106s] [  4%] Built target xrf2_msgs__rs
[0.113s] [  4%] Built target ament_cmake_python_copy_xrf2_msgs
[0.129s] [  6%] Built target xrf2_msgs__cpp
[0.137s] [ 24%] Built target xrf2_msgs__rosidl_generator_c
[0.184s] [ 33%] Built target xrf2_msgs__rosidl_typesupport_introspection_c
[0.186s] [ 60%] Built target xrf2_msgs__rosidl_typesupport_c
[0.186s] [ 60%] Built target xrf2_msgs__rosidl_typesupport_cpp
[0.186s] [ 60%] Built target xrf2_msgs__rosidl_typesupport_fastrtps_c
[0.190s] [ 68%] Built target xrf2_msgs__rosidl_typesupport_introspection_cpp
[0.196s] [ 77%] Built target xrf2_msgs__rosidl_typesupport_fastrtps_cpp
[0.226s] [ 77%] Built target xrf2_msgs
[0.257s] [ 80%] Built target xrf2_msgs__py
[0.297s] [ 86%] Built target xrf2_msgs__rosidl_generator_py
[0.328s] [ 95%] Built target xrf2_msgs_s__rosidl_typesupport_fastrtps_c
[0.329s] [ 95%] Built target xrf2_msgs_s__rosidl_typesupport_introspection_c
[0.331s] [100%] Built target xrf2_msgs_s__rosidl_typesupport_c
[0.377s] running egg_info
[0.399s] writing xrf2_msgs.egg-info/PKG-INFO
[0.399s] writing dependency_links to xrf2_msgs.egg-info/dependency_links.txt
[0.399s] writing top-level names to xrf2_msgs.egg-info/top_level.txt
[0.463s] reading manifest file 'xrf2_msgs.egg-info/SOURCES.txt'
[0.463s] writing manifest file 'xrf2_msgs.egg-info/SOURCES.txt'
[0.496s] [100%] Built target ament_cmake_python_build_xrf2_msgs_egg
[0.517s] Invoked command in '/home/jordan/git_repos/SDfR/assignment6/build/xrf2_msgs' returned '0': CMAKE_PREFIX_PATH=${CMAKE_PREFIX_PATH}:/opt/ros/jazzy DEBUGINFOD_URLS=https://debuginfod.ubuntu.com /usr/bin/cmake --build /home/jordan/git_repos/SDfR/assignment6/build/xrf2_msgs -- -j16 -l16
[0.519s] Invoking command in '/home/jordan/git_repos/SDfR/assignment6/build/xrf2_msgs': CMAKE_PREFIX_PATH=${CMAKE_PREFIX_PATH}:/opt/ros/jazzy DEBUGINFOD_URLS=https://debuginfod.ubuntu.com /usr/bin/cmake --install /home/jordan/git_repos/SDfR/assignment6/build/xrf2_msgs
[0.523s] -- Install configuration: ""
[0.523s] -- Up-to-date: /home/jordan/git_repos/SDfR/assignment6/install/xrf2_msgs/share/ament_index/resource_index/rosidl_interfaces/xrf2_msgs
[0.524s] -- Up-to-date: /home/jordan/git_repos/SDfR/assignment6/install/xrf2_msgs/share/xrf2_msgs/msg/Ros2Xeno.json
[0.524s] -- Up-to-date: /home/jordan/git_repos/SDfR/assignment6/install/xrf2_msgs/share/xrf2_msgs/msg/Xeno2Ros.json
[0.524s] -- Up-to-date: /home/jordan/git_repos/SDfR/assignment6/install/xrf2_msgs/include/xrf2_msgs/xrf2_msgs
[0.524s] -- Up-to-date: /home/jordan/git_repos/SDfR/assignment6/install/xrf2_msgs/include/xrf2_msgs/xrf2_msgs/msg
[0.524s] -- Up-to-date: /home/jordan/git_repos/SDfR/assignment6/install/xrf2_msgs/include/xrf2_msgs/xrf2_msgs/msg/ros2_xeno.h
[0.525s] -- Up-to-date: /home/jordan/git_repos/SDfR/assignment6/install/xrf2_msgs/include/xrf2_msgs/xrf2_msgs/msg/rosidl_generator_c__visibility_control.h
[0.525s] -- Up-to-date: /home/jordan/git_repos/SDfR/assignment6/install/xrf2_msgs/include/xrf2_msgs/xrf2_msgs/msg/detail
[0.525s] -- Up-to-date: /home/jordan/git_repos/SDfR/assignment6/install/xrf2_msgs/include/xrf2_msgs/xrf2_msgs/msg/detail/ros2_xeno__type_support.c
[0.525s] -- Up-to-date: /home/jordan/git_repos/SDfR/assignment6/install/xrf2_msgs/include/xrf2_msgs/xrf2_msgs/msg/detail/ros2_xeno__functions.c
[0.525s] -- Up-to-date: /home/jordan/git_repos/SDfR/assignment6/install/xrf2_msgs/include/xrf2_msgs/xrf2_msgs/msg/detail/ros2_xeno__struct.h
[0.525s] -- Up-to-date: /home/jordan/git_repos/SDfR/assignment6/install/xrf2_msgs/include/xrf2_msgs/xrf2_msgs/msg/detail/xeno2_ros__functions.c
[0.526s] -- Up-to-date: /home/jordan/git_repos/SDfR/assignment6/install/xrf2_msgs/include/xrf2_msgs/xrf2_msgs/msg/detail/xeno2_ros__struct.h
[0.526s] -- Up-to-date: /home/jordan/git_repos/SDfR/assignment6/install/xrf2_msgs/include/xrf2_msgs/xrf2_msgs/msg/detail/xeno2_ros__type_support.h
[0.526s] -- Up-to-date: /home/jordan/git_repos/SDfR/assignment6/install/xrf2_msgs/include/xrf2_msgs/xrf2_msgs/msg/detail/ros2_xeno__functions.h
[0.526s] -- Up-to-date: /home/jordan/git_repos/SDfR/assignment6/install/xrf2_msgs/include/xrf2_msgs/xrf2_msgs/msg/detail/ros2_xeno__description.c
[0.526s] -- Up-to-date: /home/jordan/git_repos/SDfR/assignment6/install/xrf2_msgs/include/xrf2_msgs/xrf2_msgs/msg/detail/xeno2_ros__type_support.c
[0.526s] -- Up-to-date: /home/jordan/git_repos/SDfR/assignment6/install/xrf2_msgs/include/xrf2_msgs/xrf2_msgs/msg/detail/xeno2_ros__description.c
[0.527s] -- Up-to-date: /home/jordan/git_repos/SDfR/assignment6/install/xrf2_msgs/include/xrf2_msgs/xrf2_msgs/msg/detail/ros2_xeno__type_support.h
[0.527s] -- Up-to-date: /home/jordan/git_repos/SDfR/assignment6/install/xrf2_msgs/include/xrf2_msgs/xrf2_msgs/msg/detail/xeno2_ros__functions.h
[0.527s] -- Up-to-date: /home/jordan/git_repos/SDfR/assignment6/install/xrf2_msgs/include/xrf2_msgs/xrf2_msgs/msg/xeno2_ros.h
[0.527s] -- Up-to-date: /home/jordan/git_repos/SDfR/assignment6/install/xrf2_msgs/share/xrf2_msgs/environment/library_path.sh
[0.527s] -- Up-to-date: /home/jordan/git_repos/SDfR/assignment6/install/xrf2_msgs/share/xrf2_msgs/environment/library_path.dsv
[0.527s] -- Up-to-date: /home/jordan/git_repos/SDfR/assignment6/install/xrf2_msgs/lib/libxrf2_msgs__rosidl_generator_c.so
[0.527s] -- Up-to-date: /home/jordan/git_repos/SDfR/assignment6/install/xrf2_msgs/include/xrf2_msgs/xrf2_msgs
[0.527s] -- Up-to-date: /home/jordan/git_repos/SDfR/assignment6/install/xrf2_msgs/include/xrf2_msgs/xrf2_msgs/msg
[0.527s] -- Up-to-date: /home/jordan/git_repos/SDfR/assignment6/install/xrf2_msgs/include/xrf2_msgs/xrf2_msgs/msg/rosidl_typesupport_fastrtps_c__visibility_control.h
[0.528s] -- Up-to-date: /home/jordan/git_repos/SDfR/assignment6/install/xrf2_msgs/include/xrf2_msgs/xrf2_msgs/msg/detail
[0.528s] -- Up-to-date: /home/jordan/git_repos/SDfR/assignment6/install/xrf2_msgs/include/xrf2_msgs/xrf2_msgs/msg/detail/ros2_xeno__rosidl_typesupport_fastrtps_c.h
[0.528s] -- Up-to-date: /home/jordan/git_repos/SDfR/assignment6/install/xrf2_msgs/include/xrf2_msgs/xrf2_msgs/msg/detail/xeno2_ros__rosidl_typesupport_fastrtps_c.h
[0.528s] -- Up-to-date: /home/jordan/git_repos/SDfR/assignment6/install/xrf2_msgs/lib/libxrf2_msgs__rosidl_typesupport_fastrtps_c.so
[0.528s] -- Up-to-date: /home/jordan/git_repos/SDfR/assignment6/install/xrf2_msgs/include/xrf2_msgs/xrf2_msgs
[0.528s] -- Up-to-date: /home/jordan/git_repos/SDfR/assignment6/install/xrf2_msgs/include/xrf2_msgs/xrf2_msgs/msg
[0.528s] -- Up-to-date: /home/jordan/git_repos/SDfR/assignment6/install/xrf2_msgs/include/xrf2_msgs/xrf2_msgs/msg/rosidl_typesupport_introspection_c__visibility_control.h
[0.528s] -- Up-to-date: /home/jordan/git_repos/SDfR/assignment6/install/xrf2_msgs/include/xrf2_msgs/xrf2_msgs/msg/detail
[0.529s] -- Up-to-date: /home/jordan/git_repos/SDfR/assignment6/install/xrf2_msgs/include/xrf2_msgs/xrf2_msgs/msg/detail/ros2_xeno__type_support.c
[0.529s] -- Up-to-date: /home/jordan/git_repos/SDfR/assignment6/install/xrf2_msgs/include/xrf2_msgs/xrf2_msgs/msg/detail/ros2_xeno__rosidl_typesupport_introspection_c.h
[0.529s] -- Up-to-date: /home/jordan/git_repos/SDfR/assignment6/install/xrf2_msgs/include/xrf2_msgs/xrf2_msgs/msg/detail/xeno2_ros__type_support.c
[0.529s] -- Up-to-date: /home/jordan/git_repos/SDfR/assignment6/install/xrf2_msgs/include/xrf2_msgs/xrf2_msgs/msg/detail/xeno2_ros__rosidl_typesupport_introspection_c.h
[0.529s] -- Up-to-date: /home/jordan/git_repos/SDfR/assignment6/install/xrf2_msgs/lib/libxrf2_msgs__rosidl_typesupport_introspection_c.so
[0.529s] -- Up-to-date: /home/jordan/git_repos/SDfR/assignment6/install/xrf2_msgs/lib/libxrf2_msgs__rosidl_typesupport_c.so
[0.529s] -- Up-to-date: /home/jordan/git_repos/SDfR/assignment6/install/xrf2_msgs/include/xrf2_msgs/xrf2_msgs
[0.529s] -- Up-to-date: /home/jordan/git_repos/SDfR/assignment6/install/xrf2_msgs/include/xrf2_msgs/xrf2_msgs/msg
[0.530s] -- Up-to-date: /home/jordan/git_repos/SDfR/assignment6/install/xrf2_msgs/include/xrf2_msgs/xrf2_msgs/msg/rosidl_generator_cpp__visibility_control.hpp
[0.530s] -- Up-to-date: /home/jordan/git_repos/SDfR/assignment6/install/xrf2_msgs/include/xrf2_msgs/xrf2_msgs/msg/xeno2_ros.hpp
[0.530s] -- Up-to-date: /home/jordan/git_repos/SDfR/assignment6/install/xrf2_msgs/include/xrf2_msgs/xrf2_msgs/msg/ros2_xeno.hpp
[0.530s] -- Up-to-date: /home/jordan/git_repos/SDfR/assignment6/install/xrf2_msgs/include/xrf2_msgs/xrf2_msgs/msg/detail
[0.530s] -- Up-to-date: /home/jordan/git_repos/SDfR/assignment6/install/xrf2_msgs/include/xrf2_msgs/xrf2_msgs/msg/detail/ros2_xeno__struct.hpp
[0.530s] -- Up-to-date: /home/jordan/git_repos/SDfR/assignment6/install/xrf2_msgs/include/xrf2_msgs/xrf2_msgs/msg/detail/xeno2_ros__builder.hpp
[0.530s] -- Up-to-date: /home/jordan/git_repos/SDfR/assignment6/install/xrf2_msgs/include/xrf2_msgs/xrf2_msgs/msg/detail/xeno2_ros__traits.hpp
[0.530s] -- Up-to-date: /home/jordan/git_repos/SDfR/assignment6/install/xrf2_msgs/include/xrf2_msgs/xrf2_msgs/msg/detail/ros2_xeno__traits.hpp
[0.531s] -- Up-to-date: /home/jordan/git_repos/SDfR/assignment6/install/xrf2_msgs/include/xrf2_msgs/xrf2_msgs/msg/detail/xeno2_ros__type_support.hpp
[0.531s] -- Up-to-date: /home/jordan/git_repos/SDfR/assignment6/install/xrf2_msgs/include/xrf2_msgs/xrf2_msgs/msg/detail/xeno2_ros__struct.hpp
[0.531s] -- Up-to-date: /home/jordan/git_repos/SDfR/assignment6/install/xrf2_msgs/include/xrf2_msgs/xrf2_msgs/msg/detail/ros2_xeno__type_support.hpp
[0.531s] -- Up-to-date: /home/jordan/git_repos/SDfR/assignment6/install/xrf2_msgs/include/xrf2_msgs/xrf2_msgs/msg/detail/ros2_xeno__builder.hpp
[0.531s] -- Up-to-date: /home/jordan/git_repos/SDfR/assignment6/install/xrf2_msgs/include/xrf2_msgs/xrf2_msgs
[0.531s] -- Up-to-date: /home/jordan/git_repos/SDfR/assignment6/install/xrf2_msgs/include/xrf2_msgs/xrf2_msgs/msg
[0.531s] -- Up-to-date: /home/jordan/git_repos/SDfR/assignment6/install/xrf2_msgs/include/xrf2_msgs/xrf2_msgs/msg/rosidl_typesupport_fastrtps_cpp__visibility_control.h
[0.532s] -- Up-to-date: /home/jordan/git_repos/SDfR/assignment6/install/xrf2_msgs/include/xrf2_msgs/xrf2_msgs/msg/detail
[0.532s] -- Up-to-date: /home/jordan/git_repos/SDfR/assignment6/install/xrf2_msgs/include/xrf2_msgs/xrf2_msgs/msg/detail/ros2_xeno__rosidl_typesupport_fastrtps_cpp.hpp
[0.532s] -- Up-to-date: /home/jordan/git_repos/SDfR/assignment6/install/xrf2_msgs/include/xrf2_msgs/xrf2_msgs/msg/detail/xeno2_ros__rosidl_typesupport_fastrtps_cpp.hpp
[0.532s] -- Up-to-date: /home/jordan/git_repos/SDfR/assignment6/install/xrf2_msgs/include/xrf2_msgs/xrf2_msgs/msg/detail/dds_fastrtps
[0.532s] -- Up-to-date: /home/jordan/git_repos/SDfR/assignment6/install/xrf2_msgs/lib/libxrf2_msgs__rosidl_typesupport_fastrtps_cpp.so
[0.532s] -- Up-to-date: /home/jordan/git_repos/SDfR/assignment6/install/xrf2_msgs/include/xrf2_msgs/xrf2_msgs
[0.532s] -- Up-to-date: /home/jordan/git_repos/SDfR/assignment6/install/xrf2_msgs/include/xrf2_msgs/xrf2_msgs/msg
[0.532s] -- Up-to-date: /home/jordan/git_repos/SDfR/assignment6/install/xrf2_msgs/include/xrf2_msgs/xrf2_msgs/msg/detail
[0.532s] -- Up-to-date: /home/jordan/git_repos/SDfR/assignment6/install/xrf2_msgs/include/xrf2_msgs/xrf2_msgs/msg/detail/ros2_xeno__rosidl_typesupport_introspection_cpp.hpp
[0.532s] -- Up-to-date: /home/jordan/git_repos/SDfR/assignment6/install/xrf2_msgs/include/xrf2_msgs/xrf2_msgs/msg/detail/ros2_xeno__type_support.cpp
[0.533s] -- Up-to-date: /home/jordan/git_repos/SDfR/assignment6/install/xrf2_msgs/include/xrf2_msgs/xrf2_msgs/msg/detail/xeno2_ros__rosidl_typesupport_introspection_cpp.hpp
[0.533s] -- Up-to-date: /home/jordan/git_repos/SDfR/assignment6/install/xrf2_msgs/include/xrf2_msgs/xrf2_msgs/msg/detail/xeno2_ros__type_support.cpp
[0.533s] -- Up-to-date: /home/jordan/git_repos/SDfR/assignment6/install/xrf2_msgs/lib/libxrf2_msgs__rosidl_typesupport_introspection_cpp.so
[0.533s] -- Up-to-date: /home/jordan/git_repos/SDfR/assignment6/install/xrf2_msgs/lib/libxrf2_msgs__rosidl_typesupport_cpp.so
[0.533s] -- Up-to-date: /home/jordan/git_repos/SDfR/assignment6/install/xrf2_msgs/share/xrf2_msgs/environment/pythonpath.sh
[0.533s] -- Up-to-date: /home/jordan/git_repos/SDfR/assignment6/install/xrf2_msgs/share/xrf2_msgs/environment/pythonpath.dsv
[0.533s] -- Up-to-date: /home/jordan/git_repos/SDfR/assignment6/install/xrf2_msgs/lib/python3.12/site-packages/xrf2_msgs-0.0.0-py3.12.egg-info
[0.533s] -- Installing: /home/jordan/git_repos/SDfR/assignment6/install/xrf2_msgs/lib/python3.12/site-packages/xrf2_msgs-0.0.0-py3.12.egg-info/dependency_links.txt
[0.533s] -- Installing: /home/jordan/git_repos/SDfR/assignment6/install/xrf2_msgs/lib/python3.12/site-packages/xrf2_msgs-0.0.0-py3.12.egg-info/SOURCES.txt
[0.533s] -- Installing: /home/jordan/git_repos/SDfR/assignment6/install/xrf2_msgs/lib/python3.12/site-packages/xrf2_msgs-0.0.0-py3.12.egg-info/top_level.txt
[0.533s] -- Installing: /home/jordan/git_repos/SDfR/assignment6/install/xrf2_msgs/lib/python3.12/site-packages/xrf2_msgs-0.0.0-py3.12.egg-info/PKG-INFO
[0.533s] -- Up-to-date: /home/jordan/git_repos/SDfR/assignment6/install/xrf2_msgs/lib/python3.12/site-packages/xrf2_msgs
[0.534s] -- Up-to-date: /home/jordan/git_repos/SDfR/assignment6/install/xrf2_msgs/lib/python3.12/site-packages/xrf2_msgs/__init__.py
[0.534s] -- Up-to-date: /home/jordan/git_repos/SDfR/assignment6/install/xrf2_msgs/lib/python3.12/site-packages/xrf2_msgs/_xrf2_msgs_s.ep.rosidl_typesupport_c.c
[0.534s] -- Up-to-date: /home/jordan/git_repos/SDfR/assignment6/install/xrf2_msgs/lib/python3.12/site-packages/xrf2_msgs/xrf2_msgs_s__rosidl_typesupport_c.so
[0.534s] -- Up-to-date: /home/jordan/git_repos/SDfR/assignment6/install/xrf2_msgs/lib/python3.12/site-packages/xrf2_msgs/msg
[0.534s] -- Up-to-date: /home/jordan/git_repos/SDfR/assignment6/install/xrf2_msgs/lib/python3.12/site-packages/xrf2_msgs/msg/_xeno2_ros.py
[0.534s] -- Up-to-date: /home/jordan/git_repos/SDfR/assignment6/install/xrf2_msgs/lib/python3.12/site-packages/xrf2_msgs/msg/__init__.py
[0.534s] -- Up-to-date: /home/jordan/git_repos/SDfR/assignment6/install/xrf2_msgs/lib/python3.12/site-packages/xrf2_msgs/msg/_ros2_xeno_s.c
[0.534s] -- Up-to-date: /home/jordan/git_repos/SDfR/assignment6/install/xrf2_msgs/lib/python3.12/site-packages/xrf2_msgs/msg/_xeno2_ros_s.c
[0.534s] -- Up-to-date: /home/jordan/git_repos/SDfR/assignment6/install/xrf2_msgs/lib/python3.12/site-packages/xrf2_msgs/msg/_ros2_xeno.py
[0.534s] -- Up-to-date: /home/jordan/git_repos/SDfR/assignment6/install/xrf2_msgs/lib/python3.12/site-packages/xrf2_msgs/_xrf2_msgs_s.ep.rosidl_typesupport_fastrtps_c.c
[0.534s] -- Up-to-date: /home/jordan/git_repos/SDfR/assignment6/install/xrf2_msgs/lib/python3.12/site-packages/xrf2_msgs/_xrf2_msgs_s.ep.rosidl_typesupport_introspection_c.c
[0.535s] -- Up-to-date: /home/jordan/git_repos/SDfR/assignment6/install/xrf2_msgs/lib/python3.12/site-packages/xrf2_msgs/xrf2_msgs_s__rosidl_typesupport_introspection_c.so
[0.535s] -- Up-to-date: /home/jordan/git_repos/SDfR/assignment6/install/xrf2_msgs/lib/python3.12/site-packages/xrf2_msgs/xrf2_msgs_s__rosidl_typesupport_fastrtps_c.so
[0.565s] Listing '/home/jordan/git_repos/SDfR/assignment6/install/xrf2_msgs/lib/python3.12/site-packages/xrf2_msgs'...
[0.565s] Listing '/home/jordan/git_repos/SDfR/assignment6/install/xrf2_msgs/lib/python3.12/site-packages/xrf2_msgs/msg'...
[0.569s] -- Up-to-date: /home/jordan/git_repos/SDfR/assignment6/install/xrf2_msgs/lib/python3.12/site-packages/xrf2_msgs/xrf2_msgs_s__rosidl_typesupport_fastrtps_c.so
[0.569s] -- Up-to-date: /home/jordan/git_repos/SDfR/assignment6/install/xrf2_msgs/lib/python3.12/site-packages/xrf2_msgs/xrf2_msgs_s__rosidl_typesupport_introspection_c.so
[0.570s] -- Up-to-date: /home/jordan/git_repos/SDfR/assignment6/install/xrf2_msgs/lib/python3.12/site-packages/xrf2_msgs/xrf2_msgs_s__rosidl_typesupport_c.so
[0.570s] -- Up-to-date: /home/jordan/git_repos/SDfR/assignment6/install/xrf2_msgs/lib/libxrf2_msgs__rosidl_generator_py.so
[0.570s] -- Up-to-date: /home/jordan/git_repos/SDfR/assignment6/install/xrf2_msgs/share/ament_index/resource_index/rust_packages/xrf2_msgs
[0.570s] -- Up-to-date: /home/jordan/git_repos/SDfR/assignment6/install/xrf2_msgs/share/xrf2_msgs/rust
[0.571s] -- Up-to-date: /home/jordan/git_repos/SDfR/assignment6/install/xrf2_msgs/share/xrf2_msgs/rust/build.rs
[0.571s] -- Up-to-date: /home/jordan/git_repos/SDfR/assignment6/install/xrf2_msgs/share/xrf2_msgs/rust/src
[0.571s] -- Up-to-date: /home/jordan/git_repos/SDfR/assignment6/install/xrf2_msgs/share/xrf2_msgs/rust/src/msg.rs
[0.571s] -- Up-to-date: /home/jordan/git_repos/SDfR/assignment6/install/xrf2_msgs/share/xrf2_msgs/rust/src/lib.rs
[0.572s] -- Up-to-date: /home/jordan/git_repos/SDfR/assignment6/install/xrf2_msgs/share/xrf2_msgs/rust/src/msg
[0.572s] -- Up-to-date: /home/jordan/git_repos/SDfR/assignment6/install/xrf2_msgs/share/xrf2_msgs/rust/src/msg/rmw.rs
[0.572s] -- Up-to-date: /home/jordan/git_repos/SDfR/assignment6/install/xrf2_msgs/share/xrf2_msgs/rust/Cargo.toml
[0.572s] -- Up-to-date: /home/jordan/git_repos/SDfR/assignment6/install/xrf2_msgs/share/xrf2_msgs/msg/Ros2Xeno.idl
[0.572s] -- Up-to-date: /home/jordan/git_repos/SDfR/assignment6/install/xrf2_msgs/share/xrf2_msgs/msg/Xeno2Ros.idl
[0.573s] -- Up-to-date: /home/jordan/git_repos/SDfR/assignment6/install/xrf2_msgs/share/xrf2_msgs/msg/Ros2Xeno.msg
[0.573s] -- Up-to-date: /home/jordan/git_repos/SDfR/assignment6/install/xrf2_msgs/share/xrf2_msgs/msg/Xeno2Ros.msg
[0.573s] -- Up-to-date: /home/jordan/git_repos/SDfR/assignment6/install/xrf2_msgs/share/ament_index/resource_index/package_run_dependencies/xrf2_msgs
[0.573s] -- Up-to-date: /home/jordan/git_repos/SDfR/assignment6/install/xrf2_msgs/share/ament_index/resource_index/parent_prefix_path/xrf2_msgs
[0.573s] -- Up-to-date: /home/jordan/git_repos/SDfR/assignment6/install/xrf2_msgs/share/xrf2_msgs/environment/ament_prefix_path.sh
[0.573s] -- Up-to-date: /home/jordan/git_repos/SDfR/assignment6/install/xrf2_msgs/share/xrf2_msgs/environment/ament_prefix_path.dsv
[0.574s] -- Up-to-date: /home/jordan/git_repos/SDfR/assignment6/install/xrf2_msgs/share/xrf2_msgs/environment/path.sh
[0.574s] -- Up-to-date: /home/jordan/git_repos/SDfR/assignment6/install/xrf2_msgs/share/xrf2_msgs/environment/path.dsv
[0.574s] -- Up-to-date: /home/jordan/git_repos/SDfR/assignment6/install/xrf2_msgs/share/xrf2_msgs/local_setup.bash
[0.574s] -- Up-to-date: /home/jordan/git_repos/SDfR/assignment6/install/xrf2_msgs/share/xrf2_msgs/local_setup.sh
[0.574s] -- Up-to-date: /home/jordan/git_repos/SDfR/assignment6/install/xrf2_msgs/share/xrf2_msgs/local_setup.zsh
[0.574s] -- Up-to-date: /home/jordan/git_repos/SDfR/assignment6/install/xrf2_msgs/share/xrf2_msgs/local_setup.dsv
[0.575s] -- Installing: /home/jordan/git_repos/SDfR/assignment6/install/xrf2_msgs/share/xrf2_msgs/package.dsv
[0.575s] -- Up-to-date: /home/jordan/git_repos/SDfR/assignment6/install/xrf2_msgs/share/ament_index/resource_index/packages/xrf2_msgs
[0.575s] -- Up-to-date: /home/jordan/git_repos/SDfR/assignment6/install/xrf2_msgs/share/xrf2_msgs/cmake/export_xrf2_msgs__rosidl_generator_cExport.cmake
[0.575s] -- Up-to-date: /home/jordan/git_repos/SDfR/assignment6/install/xrf2_msgs/share/xrf2_msgs/cmake/export_xrf2_msgs__rosidl_generator_cExport-noconfig.cmake
[0.576s] -- Up-to-date: /home/jordan/git_repos/SDfR/assignment6/install/xrf2_msgs/share/xrf2_msgs/cmake/export_xrf2_msgs__rosidl_typesupport_fastrtps_cExport.cmake
[0.576s] -- Up-to-date: /home/jordan/git_repos/SDfR/assignment6/install/xrf2_msgs/share/xrf2_msgs/cmake/export_xrf2_msgs__rosidl_typesupport_fastrtps_cExport-noconfig.cmake
[0.576s] -- Up-to-date: /home/jordan/git_repos/SDfR/assignment6/install/xrf2_msgs/share/xrf2_msgs/cmake/xrf2_msgs__rosidl_typesupport_introspection_cExport.cmake
[0.576s] -- Up-to-date: /home/jordan/git_repos/SDfR/assignment6/install/xrf2_msgs/share/xrf2_msgs/cmake/xrf2_msgs__rosidl_typesupport_introspection_cExport-noconfig.cmake
[0.576s] -- Up-to-date: /home/jordan/git_repos/SDfR/assignment6/install/xrf2_msgs/share/xrf2_msgs/cmake/xrf2_msgs__rosidl_typesupport_cExport.cmake
[0.576s] -- Up-to-date: /home/jordan/git_repos/SDfR/assignment6/install/xrf2_msgs/share/xrf2_msgs/cmake/xrf2_msgs__rosidl_typesupport_cExport-noconfig.cmake
[0.576s] -- Up-to-date: /home/jordan/git_repos/SDfR/assignment6/install/xrf2_msgs/share/xrf2_msgs/cmake/export_xrf2_msgs__rosidl_generator_cppExport.cmake
[0.577s] -- Up-to-date: /home/jordan/git_repos/SDfR/assignment6/install/xrf2_msgs/share/xrf2_msgs/cmake/export_xrf2_msgs__rosidl_typesupport_fastrtps_cppExport.cmake
[0.577s] -- Up-to-date: /home/jordan/git_repos/SDfR/assignment6/install/xrf2_msgs/share/xrf2_msgs/cmake/export_xrf2_msgs__rosidl_typesupport_fastrtps_cppExport-noconfig.cmake
[0.577s] -- Up-to-date: /home/jordan/git_repos/SDfR/assignment6/install/xrf2_msgs/share/xrf2_msgs/cmake/xrf2_msgs__rosidl_typesupport_introspection_cppExport.cmake
[0.577s] -- Up-to-date: /home/jordan/git_repos/SDfR/assignment6/install/xrf2_msgs/share/xrf2_msgs/cmake/xrf2_msgs__rosidl_typesupport_introspection_cppExport-noconfig.cmake
[0.577s] -- Up-to-date: /home/jordan/git_repos/SDfR/assignment6/install/xrf2_msgs/share/xrf2_msgs/cmake/xrf2_msgs__rosidl_typesupport_cppExport.cmake
[0.577s] -- Up-to-date: /home/jordan/git_repos/SDfR/assignment6/install/xrf2_msgs/share/xrf2_msgs/cmake/xrf2_msgs__rosidl_typesupport_cppExport-noconfig.cmake
[0.578s] -- Up-to-date: /home/jordan/git_repos/SDfR/assignment6/install/xrf2_msgs/share/xrf2_msgs/cmake/export_xrf2_msgs__rosidl_generator_pyExport.cmake
[0.578s] -- Up-to-date: /home/jordan/git_repos/SDfR/assignment6/install/xrf2_msgs/share/xrf2_msgs/cmake/export_xrf2_msgs__rosidl_generator_pyExport-noconfig.cmake
[0.578s] -- Up-to-date: /home/jordan/git_repos/SDfR/assignment6/install/xrf2_msgs/share/xrf2_msgs/cmake/rosidl_cmake-extras.cmake
[0.578s] -- Up-to-date: /home/jordan/git_repos/SDfR/assignment6/install/xrf2_msgs/share/xrf2_msgs/cmake/ament_cmake_export_include_directories-extras.cmake
[0.578s] -- Up-to-date: /home/jordan/git_repos/SDfR/assignment6/install/xrf2_msgs/share/xrf2_msgs/cmake/ament_cmake_export_libraries-extras.cmake
[0.578s] -- Up-to-date: /home/jordan/git_repos/SDfR/assignment6/install/xrf2_msgs/share/xrf2_msgs/cmake/ament_cmake_export_targets-extras.cmake
[0.578s] -- Up-to-date: /home/jordan/git_repos/SDfR/assignment6/install/xrf2_msgs/share/xrf2_msgs/cmake/rosidl_cmake_export_typesupport_targets-extras.cmake
[0.579s] -- Up-to-date: /home/jordan/git_repos/SDfR/assignment6/install/xrf2_msgs/share/xrf2_msgs/cmake/ament_cmake_export_dependencies-extras.cmake
[0.579s] -- Up-to-date: /home/jordan/git_repos/SDfR/assignment6/install/xrf2_msgs/share/xrf2_msgs/cmake/rosidl_cmake_export_typesupport_libraries-extras.cmake
[0.579s] -- Up-to-date: /home/jordan/git_repos/SDfR/assignment6/install/xrf2_msgs/share/xrf2_msgs/cmake/xrf2_msgsConfig.cmake
[0.579s] -- Up-to-date: /home/jordan/git_repos/SDfR/assignment6/install/xrf2_msgs/share/xrf2_msgs/cmake/xrf2_msgsConfig-version.cmake
[0.579s] -- Up-to-date: /home/jordan/git_repos/SDfR/assignment6/install/xrf2_msgs/share/xrf2_msgs/package.xml
[0.594s] Invoked command in '/home/jordan/git_repos/SDfR/assignment6/build/xrf2_msgs' returned '0': CMAKE_PREFIX_PATH=${CMAKE_PREFIX_PATH}:/opt/ros/jazzy DEBUGINFOD_URLS=https://debuginfod.ubuntu.com /usr/bin/cmake --install /home/jordan/git_repos/SDfR/assignment6/build/xrf2_msgs
