-- The C compiler identification is GNU 11.4.0
-- The CXX compiler identification is GNU 11.4.0
-- Detecting C compiler ABI info
-- Detecting C compiler ABI info - done
-- Check for working C compiler: /usr/bin/cc - skipped
-- Detecting C compile features
-- Detecting C compile features - done
-- Detecting CXX compiler ABI info
-- Detecting CXX compiler ABI info - done
-- Check for working CXX compiler: /usr/bin/c++ - skipped
-- Detecting CXX compile features
-- Detecting CXX compile features - done
python3: can't open file '/home/jordan/SDfR/assignment6/src/Xenomai/../../XRF2/XenoRosFramework/Common/python_script/extracte_token_time_step.py': [Errno 2] No such file or directory
[0mTIME_STEP_SIZE_VALUE = [0m
-- Looking for pthread.h
-- Looking for pthread.h - found
-- Performing Test CMAKE_HAVE_LIBC_PTHREAD
-- Performing Test CMAKE_HAVE_LIBC_PTHREAD - Success
-- Found Threads: TRUE  
[31mCMake Error at CMakeLists.txt:27 (find_package):
  By not providing "Findxrf2_msgs.cmake" in CMAKE_MODULE_PATH this project
  has asked CMake to find a package configuration file provided by
  "xrf2_msgs", but CMake did not find one.

  Could not find a package configuration file provided by "xrf2_msgs" with
  any of the following names:

    xrf2_msgsConfig.cmake
    xrf2_msgs-config.cmake

  Add the installation prefix of "xrf2_msgs" to CMAKE_PREFIX_PATH or set
  "xrf2_msgs_DIR" to a directory containing one of the above files.  If
  "xrf2_msgs" provides a separate development package or SDK, be sure it has
  been installed.

[0m
-- Configuring incomplete, errors occurred!
See also "/home/jordan/SDfR/assignment6/build/demo/CMakeFiles/CMakeOutput.log".
