[0.234s] DEBUG:colcon:Command line arguments: ['/usr/bin/colcon', 'build']
[0.234s] DEBUG:colcon:Parsed command line arguments: Namespace(log_base=None, log_level=None, verb_name='build', build_base='build', install_base='install', merge_install=False, symlink_install=False, test_result_base=None, continue_on_error=False, executor='parallel', parallel_workers=16, event_handlers=None, ignore_user_meta=False, metas=['./colcon.meta'], base_paths=['.'], packages_ignore=None, packages_ignore_regex=None, paths=None, packages_up_to=None, packages_up_to_regex=None, packages_above=None, packages_above_and_dependencies=None, packages_above_depth=None, packages_select_by_dep=None, packages_skip_by_dep=None, packages_skip_up_to=None, packages_select_build_failed=False, packages_skip_build_finished=False, packages_select_test_failures=False, packages_skip_test_passed=False, packages_select=None, packages_skip=None, packages_select_regex=None, packages_skip_regex=None, packages_start=None, packages_end=None, allow_overriding=[], cmake_args=None, cmake_target=None, cmake_target_skip_unavailable=False, cmake_clean_cache=False, cmake_clean_first=False, cmake_force_configure=False, ament_cmake_args=None, catkin_cmake_args=None, catkin_skip_building_tests=False, mixin_files=None, mixin=None, verb_parser=<colcon_mixin.mixin.mixin_argument.MixinArgumentDecorator object at 0x7c7c2fcd1300>, verb_extension=<colcon_core.verb.build.BuildVerb object at 0x7c7c2febacb0>, main=<bound method BuildVerb.main of <colcon_core.verb.build.BuildVerb object at 0x7c7c2febacb0>>, mixin_verb=('build',))
[0.386s] Level 1:colcon.colcon_core.package_discovery:discover_packages(colcon_meta) check parameters
[0.386s] Level 1:colcon.colcon_core.package_discovery:discover_packages(recursive) check parameters
[0.386s] Level 1:colcon.colcon_core.package_discovery:discover_packages(ignore) check parameters
[0.386s] Level 1:colcon.colcon_core.package_discovery:discover_packages(path) check parameters
[0.386s] Level 1:colcon.colcon_core.package_discovery:discover_packages(colcon_meta) discover
[0.386s] Level 1:colcon.colcon_core.package_discovery:discover_packages(recursive) discover
[0.386s] INFO:colcon.colcon_core.package_discovery:Crawling recursively for packages in '/home/jordan/SDfR/assignment6'
[0.386s] Level 1:colcon.colcon_core.package_identification:_identify(.) by extensions ['ignore', 'ignore_ament_install']
[0.386s] Level 1:colcon.colcon_core.package_identification:_identify(.) by extension 'ignore'
[0.386s] Level 1:colcon.colcon_core.package_identification:_identify(.) by extension 'ignore_ament_install'
[0.386s] Level 1:colcon.colcon_core.package_identification:_identify(.) by extensions ['colcon_pkg']
[0.386s] Level 1:colcon.colcon_core.package_identification:_identify(.) by extension 'colcon_pkg'
[0.386s] Level 1:colcon.colcon_core.package_identification:_identify(.) by extensions ['colcon_meta']
[0.386s] Level 1:colcon.colcon_core.package_identification:_identify(.) by extension 'colcon_meta'
[0.386s] Level 1:colcon.colcon_core.package_identification:_identify(.) by extensions ['ros']
[0.387s] Level 1:colcon.colcon_core.package_identification:_identify(.) by extension 'ros'
[0.397s] Level 1:colcon.colcon_core.package_identification:_identify(.) by extensions ['cmake', 'python']
[0.397s] Level 1:colcon.colcon_core.package_identification:_identify(.) by extension 'cmake'
[0.397s] Level 1:colcon.colcon_core.package_identification:_identify(.) by extension 'python'
[0.397s] Level 1:colcon.colcon_core.package_identification:_identify(.) by extensions ['python_setup_py']
[0.397s] Level 1:colcon.colcon_core.package_identification:_identify(.) by extension 'python_setup_py'
[0.397s] Level 1:colcon.colcon_core.package_identification:_identify(build) by extensions ['ignore', 'ignore_ament_install']
[0.397s] Level 1:colcon.colcon_core.package_identification:_identify(build) by extension 'ignore'
[0.397s] Level 1:colcon.colcon_core.package_identification:_identify(build) ignored
[0.397s] Level 1:colcon.colcon_core.package_identification:_identify(install) by extensions ['ignore', 'ignore_ament_install']
[0.397s] Level 1:colcon.colcon_core.package_identification:_identify(install) by extension 'ignore'
[0.397s] Level 1:colcon.colcon_core.package_identification:_identify(install) ignored
[0.397s] Level 1:colcon.colcon_core.package_identification:_identify(log) by extensions ['ignore', 'ignore_ament_install']
[0.398s] Level 1:colcon.colcon_core.package_identification:_identify(log) by extension 'ignore'
[0.398s] Level 1:colcon.colcon_core.package_identification:_identify(log) ignored
[0.398s] Level 1:colcon.colcon_core.package_identification:_identify(src) by extensions ['ignore', 'ignore_ament_install']
[0.398s] Level 1:colcon.colcon_core.package_identification:_identify(src) by extension 'ignore'
[0.398s] Level 1:colcon.colcon_core.package_identification:_identify(src) by extension 'ignore_ament_install'
[0.398s] Level 1:colcon.colcon_core.package_identification:_identify(src) by extensions ['colcon_pkg']
[0.398s] Level 1:colcon.colcon_core.package_identification:_identify(src) by extension 'colcon_pkg'
[0.398s] Level 1:colcon.colcon_core.package_identification:_identify(src) by extensions ['colcon_meta']
[0.398s] Level 1:colcon.colcon_core.package_identification:_identify(src) by extension 'colcon_meta'
[0.398s] Level 1:colcon.colcon_core.package_identification:_identify(src) by extensions ['ros']
[0.398s] Level 1:colcon.colcon_core.package_identification:_identify(src) by extension 'ros'
[0.398s] Level 1:colcon.colcon_core.package_identification:_identify(src) by extensions ['cmake', 'python']
[0.398s] Level 1:colcon.colcon_core.package_identification:_identify(src) by extension 'cmake'
[0.398s] Level 1:colcon.colcon_core.package_identification:_identify(src) by extension 'python'
[0.398s] Level 1:colcon.colcon_core.package_identification:_identify(src) by extensions ['python_setup_py']
[0.398s] Level 1:colcon.colcon_core.package_identification:_identify(src) by extension 'python_setup_py'
[0.398s] Level 1:colcon.colcon_core.package_identification:_identify(src/cam2image_host2vm) by extensions ['ignore', 'ignore_ament_install']
[0.398s] Level 1:colcon.colcon_core.package_identification:_identify(src/cam2image_host2vm) by extension 'ignore'
[0.399s] Level 1:colcon.colcon_core.package_identification:_identify(src/cam2image_host2vm) by extension 'ignore_ament_install'
[0.399s] Level 1:colcon.colcon_core.package_identification:_identify(src/cam2image_host2vm) by extensions ['colcon_pkg']
[0.399s] Level 1:colcon.colcon_core.package_identification:_identify(src/cam2image_host2vm) by extension 'colcon_pkg'
[0.399s] Level 1:colcon.colcon_core.package_identification:_identify(src/cam2image_host2vm) by extensions ['colcon_meta']
[0.399s] Level 1:colcon.colcon_core.package_identification:_identify(src/cam2image_host2vm) by extension 'colcon_meta'
[0.399s] Level 1:colcon.colcon_core.package_identification:_identify(src/cam2image_host2vm) by extensions ['ros']
[0.399s] Level 1:colcon.colcon_core.package_identification:_identify(src/cam2image_host2vm) by extension 'ros'
[0.399s] Level 1:colcon.colcon_core.package_identification:_identify(src/cam2image_host2vm) by extensions ['cmake', 'python']
[0.399s] Level 1:colcon.colcon_core.package_identification:_identify(src/cam2image_host2vm) by extension 'cmake'
[0.399s] Level 1:colcon.colcon_core.package_identification:_identify(src/cam2image_host2vm) by extension 'python'
[0.399s] Level 1:colcon.colcon_core.package_identification:_identify(src/cam2image_host2vm) by extensions ['python_setup_py']
[0.399s] Level 1:colcon.colcon_core.package_identification:_identify(src/cam2image_host2vm) by extension 'python_setup_py'
[0.399s] Level 1:colcon.colcon_core.package_identification:_identify(src/cam2image_vm2ros) by extensions ['ignore', 'ignore_ament_install']
[0.399s] Level 1:colcon.colcon_core.package_identification:_identify(src/cam2image_vm2ros) by extension 'ignore'
[0.399s] Level 1:colcon.colcon_core.package_identification:_identify(src/cam2image_vm2ros) by extension 'ignore_ament_install'
[0.399s] Level 1:colcon.colcon_core.package_identification:_identify(src/cam2image_vm2ros) by extensions ['colcon_pkg']
[0.399s] Level 1:colcon.colcon_core.package_identification:_identify(src/cam2image_vm2ros) by extension 'colcon_pkg'
[0.399s] Level 1:colcon.colcon_core.package_identification:_identify(src/cam2image_vm2ros) by extensions ['colcon_meta']
[0.399s] Level 1:colcon.colcon_core.package_identification:_identify(src/cam2image_vm2ros) by extension 'colcon_meta'
[0.399s] Level 1:colcon.colcon_core.package_identification:_identify(src/cam2image_vm2ros) by extensions ['ros']
[0.399s] Level 1:colcon.colcon_core.package_identification:_identify(src/cam2image_vm2ros) by extension 'ros'
[0.402s] DEBUG:colcon.colcon_core.package_identification:Package 'src/cam2image_vm2ros' with type 'ros.ament_cmake' and name 'cam2image_vm2ros'
[0.402s] Level 1:colcon.colcon_core.package_identification:_identify(src/green_object_detector) by extensions ['ignore', 'ignore_ament_install']
[0.402s] Level 1:colcon.colcon_core.package_identification:_identify(src/green_object_detector) by extension 'ignore'
[0.402s] Level 1:colcon.colcon_core.package_identification:_identify(src/green_object_detector) by extension 'ignore_ament_install'
[0.402s] Level 1:colcon.colcon_core.package_identification:_identify(src/green_object_detector) by extensions ['colcon_pkg']
[0.402s] Level 1:colcon.colcon_core.package_identification:_identify(src/green_object_detector) by extension 'colcon_pkg'
[0.402s] Level 1:colcon.colcon_core.package_identification:_identify(src/green_object_detector) by extensions ['colcon_meta']
[0.402s] Level 1:colcon.colcon_core.package_identification:_identify(src/green_object_detector) by extension 'colcon_meta'
[0.402s] Level 1:colcon.colcon_core.package_identification:_identify(src/green_object_detector) by extensions ['ros']
[0.402s] Level 1:colcon.colcon_core.package_identification:_identify(src/green_object_detector) by extension 'ros'
[0.403s] DEBUG:colcon.colcon_core.package_identification:Package 'src/green_object_detector' with type 'ros.ament_cmake' and name 'green_object_detector'
[0.403s] Level 1:colcon.colcon_core.package_identification:_identify(src/image_functions_sdfr) by extensions ['ignore', 'ignore_ament_install']
[0.403s] Level 1:colcon.colcon_core.package_identification:_identify(src/image_functions_sdfr) by extension 'ignore'
[0.403s] Level 1:colcon.colcon_core.package_identification:_identify(src/image_functions_sdfr) by extension 'ignore_ament_install'
[0.403s] Level 1:colcon.colcon_core.package_identification:_identify(src/image_functions_sdfr) by extensions ['colcon_pkg']
[0.403s] Level 1:colcon.colcon_core.package_identification:_identify(src/image_functions_sdfr) by extension 'colcon_pkg'
[0.403s] Level 1:colcon.colcon_core.package_identification:_identify(src/image_functions_sdfr) by extensions ['colcon_meta']
[0.403s] Level 1:colcon.colcon_core.package_identification:_identify(src/image_functions_sdfr) by extension 'colcon_meta'
[0.403s] Level 1:colcon.colcon_core.package_identification:_identify(src/image_functions_sdfr) by extensions ['ros']
[0.403s] Level 1:colcon.colcon_core.package_identification:_identify(src/image_functions_sdfr) by extension 'ros'
[0.404s] DEBUG:colcon.colcon_core.package_identification:Package 'src/image_functions_sdfr' with type 'ros.ament_cmake' and name 'image_functions_sdfr'
[0.404s] Level 1:colcon.colcon_core.package_identification:_identify(src/relbot2turtlesim) by extensions ['ignore', 'ignore_ament_install']
[0.404s] Level 1:colcon.colcon_core.package_identification:_identify(src/relbot2turtlesim) by extension 'ignore'
[0.404s] Level 1:colcon.colcon_core.package_identification:_identify(src/relbot2turtlesim) by extension 'ignore_ament_install'
[0.404s] Level 1:colcon.colcon_core.package_identification:_identify(src/relbot2turtlesim) by extensions ['colcon_pkg']
[0.404s] Level 1:colcon.colcon_core.package_identification:_identify(src/relbot2turtlesim) by extension 'colcon_pkg'
[0.404s] Level 1:colcon.colcon_core.package_identification:_identify(src/relbot2turtlesim) by extensions ['colcon_meta']
[0.404s] Level 1:colcon.colcon_core.package_identification:_identify(src/relbot2turtlesim) by extension 'colcon_meta'
[0.404s] Level 1:colcon.colcon_core.package_identification:_identify(src/relbot2turtlesim) by extensions ['ros']
[0.404s] Level 1:colcon.colcon_core.package_identification:_identify(src/relbot2turtlesim) by extension 'ros'
[0.405s] DEBUG:colcon.colcon_core.package_identification:Package 'src/relbot2turtlesim' with type 'ros.ament_cmake' and name 'relbot2turtlesim'
[0.405s] Level 1:colcon.colcon_core.package_identification:_identify(src/relbot_launch) by extensions ['ignore', 'ignore_ament_install']
[0.405s] Level 1:colcon.colcon_core.package_identification:_identify(src/relbot_launch) by extension 'ignore'
[0.405s] Level 1:colcon.colcon_core.package_identification:_identify(src/relbot_launch) by extension 'ignore_ament_install'
[0.405s] Level 1:colcon.colcon_core.package_identification:_identify(src/relbot_launch) by extensions ['colcon_pkg']
[0.405s] Level 1:colcon.colcon_core.package_identification:_identify(src/relbot_launch) by extension 'colcon_pkg'
[0.405s] Level 1:colcon.colcon_core.package_identification:_identify(src/relbot_launch) by extensions ['colcon_meta']
[0.405s] Level 1:colcon.colcon_core.package_identification:_identify(src/relbot_launch) by extension 'colcon_meta'
[0.405s] Level 1:colcon.colcon_core.package_identification:_identify(src/relbot_launch) by extensions ['ros']
[0.405s] Level 1:colcon.colcon_core.package_identification:_identify(src/relbot_launch) by extension 'ros'
[0.406s] DEBUG:colcon.colcon_core.package_identification:Package 'src/relbot_launch' with type 'ros.ament_cmake' and name 'relbot_launch'
[0.406s] Level 1:colcon.colcon_core.package_identification:_identify(src/relbot_sequence_controller) by extensions ['ignore', 'ignore_ament_install']
[0.406s] Level 1:colcon.colcon_core.package_identification:_identify(src/relbot_sequence_controller) by extension 'ignore'
[0.406s] Level 1:colcon.colcon_core.package_identification:_identify(src/relbot_sequence_controller) by extension 'ignore_ament_install'
[0.406s] Level 1:colcon.colcon_core.package_identification:_identify(src/relbot_sequence_controller) by extensions ['colcon_pkg']
[0.406s] Level 1:colcon.colcon_core.package_identification:_identify(src/relbot_sequence_controller) by extension 'colcon_pkg'
[0.406s] Level 1:colcon.colcon_core.package_identification:_identify(src/relbot_sequence_controller) by extensions ['colcon_meta']
[0.406s] Level 1:colcon.colcon_core.package_identification:_identify(src/relbot_sequence_controller) by extension 'colcon_meta'
[0.406s] Level 1:colcon.colcon_core.package_identification:_identify(src/relbot_sequence_controller) by extensions ['ros']
[0.406s] Level 1:colcon.colcon_core.package_identification:_identify(src/relbot_sequence_controller) by extension 'ros'
[0.407s] DEBUG:colcon.colcon_core.package_identification:Package 'src/relbot_sequence_controller' with type 'ros.ament_cmake' and name 'relbot_sequence_controller'
[0.407s] Level 1:colcon.colcon_core.package_identification:_identify(src/relbot_simulator) by extensions ['ignore', 'ignore_ament_install']
[0.407s] Level 1:colcon.colcon_core.package_identification:_identify(src/relbot_simulator) by extension 'ignore'
[0.407s] Level 1:colcon.colcon_core.package_identification:_identify(src/relbot_simulator) by extension 'ignore_ament_install'
[0.407s] Level 1:colcon.colcon_core.package_identification:_identify(src/relbot_simulator) by extensions ['colcon_pkg']
[0.407s] Level 1:colcon.colcon_core.package_identification:_identify(src/relbot_simulator) by extension 'colcon_pkg'
[0.407s] Level 1:colcon.colcon_core.package_identification:_identify(src/relbot_simulator) by extensions ['colcon_meta']
[0.407s] Level 1:colcon.colcon_core.package_identification:_identify(src/relbot_simulator) by extension 'colcon_meta'
[0.407s] Level 1:colcon.colcon_core.package_identification:_identify(src/relbot_simulator) by extensions ['ros']
[0.407s] Level 1:colcon.colcon_core.package_identification:_identify(src/relbot_simulator) by extension 'ros'
[0.408s] DEBUG:colcon.colcon_core.package_identification:Package 'src/relbot_simulator' with type 'ros.ament_cmake' and name 'relbot_simulator'
[0.408s] Level 1:colcon.colcon_core.package_discovery:discover_packages(recursive) using defaults
[0.408s] Level 1:colcon.colcon_core.package_discovery:discover_packages(ignore) discover
[0.408s] Level 1:colcon.colcon_core.package_discovery:discover_packages(ignore) using defaults
[0.408s] Level 1:colcon.colcon_core.package_discovery:discover_packages(path) discover
[0.408s] Level 1:colcon.colcon_core.package_discovery:discover_packages(path) using defaults
[0.437s] Level 1:colcon.colcon_core.package_discovery:discover_packages(prefix_path) check parameters
[0.437s] Level 1:colcon.colcon_core.package_discovery:discover_packages(prefix_path) discover
[0.439s] DEBUG:colcon.colcon_installed_package_information.package_discovery:Found 274 installed packages in /opt/ros/humble
[0.440s] Level 1:colcon.colcon_core.package_discovery:discover_packages(prefix_path) using defaults
[0.473s] Level 5:colcon.colcon_core.verb:set package 'cam2image_vm2ros' build argument 'cmake_args' from command line to 'None'
[0.473s] Level 5:colcon.colcon_core.verb:set package 'cam2image_vm2ros' build argument 'cmake_target' from command line to 'None'
[0.473s] Level 5:colcon.colcon_core.verb:set package 'cam2image_vm2ros' build argument 'cmake_target_skip_unavailable' from command line to 'False'
[0.474s] Level 5:colcon.colcon_core.verb:set package 'cam2image_vm2ros' build argument 'cmake_clean_cache' from command line to 'False'
[0.474s] Level 5:colcon.colcon_core.verb:set package 'cam2image_vm2ros' build argument 'cmake_clean_first' from command line to 'False'
[0.474s] Level 5:colcon.colcon_core.verb:set package 'cam2image_vm2ros' build argument 'cmake_force_configure' from command line to 'False'
[0.474s] Level 5:colcon.colcon_core.verb:set package 'cam2image_vm2ros' build argument 'ament_cmake_args' from command line to 'None'
[0.474s] Level 5:colcon.colcon_core.verb:set package 'cam2image_vm2ros' build argument 'catkin_cmake_args' from command line to 'None'
[0.474s] Level 5:colcon.colcon_core.verb:set package 'cam2image_vm2ros' build argument 'catkin_skip_building_tests' from command line to 'False'
[0.474s] DEBUG:colcon.colcon_core.verb:Building package 'cam2image_vm2ros' with the following arguments: {'ament_cmake_args': None, 'build_base': '/home/jordan/SDfR/assignment6/build/cam2image_vm2ros', 'catkin_cmake_args': None, 'catkin_skip_building_tests': False, 'cmake_args': None, 'cmake_clean_cache': False, 'cmake_clean_first': False, 'cmake_force_configure': False, 'cmake_target': None, 'cmake_target_skip_unavailable': False, 'install_base': '/home/jordan/SDfR/assignment6/install/cam2image_vm2ros', 'merge_install': False, 'path': '/home/jordan/SDfR/assignment6/src/cam2image_vm2ros', 'symlink_install': False, 'test_result_base': None}
[0.474s] Level 5:colcon.colcon_core.verb:set package 'green_object_detector' build argument 'cmake_args' from command line to 'None'
[0.474s] Level 5:colcon.colcon_core.verb:set package 'green_object_detector' build argument 'cmake_target' from command line to 'None'
[0.474s] Level 5:colcon.colcon_core.verb:set package 'green_object_detector' build argument 'cmake_target_skip_unavailable' from command line to 'False'
[0.474s] Level 5:colcon.colcon_core.verb:set package 'green_object_detector' build argument 'cmake_clean_cache' from command line to 'False'
[0.474s] Level 5:colcon.colcon_core.verb:set package 'green_object_detector' build argument 'cmake_clean_first' from command line to 'False'
[0.474s] Level 5:colcon.colcon_core.verb:set package 'green_object_detector' build argument 'cmake_force_configure' from command line to 'False'
[0.474s] Level 5:colcon.colcon_core.verb:set package 'green_object_detector' build argument 'ament_cmake_args' from command line to 'None'
[0.474s] Level 5:colcon.colcon_core.verb:set package 'green_object_detector' build argument 'catkin_cmake_args' from command line to 'None'
[0.474s] Level 5:colcon.colcon_core.verb:set package 'green_object_detector' build argument 'catkin_skip_building_tests' from command line to 'False'
[0.474s] DEBUG:colcon.colcon_core.verb:Building package 'green_object_detector' with the following arguments: {'ament_cmake_args': None, 'build_base': '/home/jordan/SDfR/assignment6/build/green_object_detector', 'catkin_cmake_args': None, 'catkin_skip_building_tests': False, 'cmake_args': None, 'cmake_clean_cache': False, 'cmake_clean_first': False, 'cmake_force_configure': False, 'cmake_target': None, 'cmake_target_skip_unavailable': False, 'install_base': '/home/jordan/SDfR/assignment6/install/green_object_detector', 'merge_install': False, 'path': '/home/jordan/SDfR/assignment6/src/green_object_detector', 'symlink_install': False, 'test_result_base': None}
[0.475s] Level 5:colcon.colcon_core.verb:set package 'image_functions_sdfr' build argument 'cmake_args' from command line to 'None'
[0.475s] Level 5:colcon.colcon_core.verb:set package 'image_functions_sdfr' build argument 'cmake_target' from command line to 'None'
[0.475s] Level 5:colcon.colcon_core.verb:set package 'image_functions_sdfr' build argument 'cmake_target_skip_unavailable' from command line to 'False'
[0.475s] Level 5:colcon.colcon_core.verb:set package 'image_functions_sdfr' build argument 'cmake_clean_cache' from command line to 'False'
[0.475s] Level 5:colcon.colcon_core.verb:set package 'image_functions_sdfr' build argument 'cmake_clean_first' from command line to 'False'
[0.475s] Level 5:colcon.colcon_core.verb:set package 'image_functions_sdfr' build argument 'cmake_force_configure' from command line to 'False'
[0.475s] Level 5:colcon.colcon_core.verb:set package 'image_functions_sdfr' build argument 'ament_cmake_args' from command line to 'None'
[0.475s] Level 5:colcon.colcon_core.verb:set package 'image_functions_sdfr' build argument 'catkin_cmake_args' from command line to 'None'
[0.475s] Level 5:colcon.colcon_core.verb:set package 'image_functions_sdfr' build argument 'catkin_skip_building_tests' from command line to 'False'
[0.475s] DEBUG:colcon.colcon_core.verb:Building package 'image_functions_sdfr' with the following arguments: {'ament_cmake_args': None, 'build_base': '/home/jordan/SDfR/assignment6/build/image_functions_sdfr', 'catkin_cmake_args': None, 'catkin_skip_building_tests': False, 'cmake_args': None, 'cmake_clean_cache': False, 'cmake_clean_first': False, 'cmake_force_configure': False, 'cmake_target': None, 'cmake_target_skip_unavailable': False, 'install_base': '/home/jordan/SDfR/assignment6/install/image_functions_sdfr', 'merge_install': False, 'path': '/home/jordan/SDfR/assignment6/src/image_functions_sdfr', 'symlink_install': False, 'test_result_base': None}
[0.475s] Level 5:colcon.colcon_core.verb:set package 'relbot2turtlesim' build argument 'cmake_args' from command line to 'None'
[0.475s] Level 5:colcon.colcon_core.verb:set package 'relbot2turtlesim' build argument 'cmake_target' from command line to 'None'
[0.475s] Level 5:colcon.colcon_core.verb:set package 'relbot2turtlesim' build argument 'cmake_target_skip_unavailable' from command line to 'False'
[0.475s] Level 5:colcon.colcon_core.verb:set package 'relbot2turtlesim' build argument 'cmake_clean_cache' from command line to 'False'
[0.475s] Level 5:colcon.colcon_core.verb:set package 'relbot2turtlesim' build argument 'cmake_clean_first' from command line to 'False'
[0.475s] Level 5:colcon.colcon_core.verb:set package 'relbot2turtlesim' build argument 'cmake_force_configure' from command line to 'False'
[0.475s] Level 5:colcon.colcon_core.verb:set package 'relbot2turtlesim' build argument 'ament_cmake_args' from command line to 'None'
[0.476s] Level 5:colcon.colcon_core.verb:set package 'relbot2turtlesim' build argument 'catkin_cmake_args' from command line to 'None'
[0.476s] Level 5:colcon.colcon_core.verb:set package 'relbot2turtlesim' build argument 'catkin_skip_building_tests' from command line to 'False'
[0.476s] DEBUG:colcon.colcon_core.verb:Building package 'relbot2turtlesim' with the following arguments: {'ament_cmake_args': None, 'build_base': '/home/jordan/SDfR/assignment6/build/relbot2turtlesim', 'catkin_cmake_args': None, 'catkin_skip_building_tests': False, 'cmake_args': None, 'cmake_clean_cache': False, 'cmake_clean_first': False, 'cmake_force_configure': False, 'cmake_target': None, 'cmake_target_skip_unavailable': False, 'install_base': '/home/jordan/SDfR/assignment6/install/relbot2turtlesim', 'merge_install': False, 'path': '/home/jordan/SDfR/assignment6/src/relbot2turtlesim', 'symlink_install': False, 'test_result_base': None}
[0.476s] Level 5:colcon.colcon_core.verb:set package 'relbot_launch' build argument 'cmake_args' from command line to 'None'
[0.476s] Level 5:colcon.colcon_core.verb:set package 'relbot_launch' build argument 'cmake_target' from command line to 'None'
[0.476s] Level 5:colcon.colcon_core.verb:set package 'relbot_launch' build argument 'cmake_target_skip_unavailable' from command line to 'False'
[0.476s] Level 5:colcon.colcon_core.verb:set package 'relbot_launch' build argument 'cmake_clean_cache' from command line to 'False'
[0.476s] Level 5:colcon.colcon_core.verb:set package 'relbot_launch' build argument 'cmake_clean_first' from command line to 'False'
[0.476s] Level 5:colcon.colcon_core.verb:set package 'relbot_launch' build argument 'cmake_force_configure' from command line to 'False'
[0.476s] Level 5:colcon.colcon_core.verb:set package 'relbot_launch' build argument 'ament_cmake_args' from command line to 'None'
[0.476s] Level 5:colcon.colcon_core.verb:set package 'relbot_launch' build argument 'catkin_cmake_args' from command line to 'None'
[0.476s] Level 5:colcon.colcon_core.verb:set package 'relbot_launch' build argument 'catkin_skip_building_tests' from command line to 'False'
[0.476s] DEBUG:colcon.colcon_core.verb:Building package 'relbot_launch' with the following arguments: {'ament_cmake_args': None, 'build_base': '/home/jordan/SDfR/assignment6/build/relbot_launch', 'catkin_cmake_args': None, 'catkin_skip_building_tests': False, 'cmake_args': None, 'cmake_clean_cache': False, 'cmake_clean_first': False, 'cmake_force_configure': False, 'cmake_target': None, 'cmake_target_skip_unavailable': False, 'install_base': '/home/jordan/SDfR/assignment6/install/relbot_launch', 'merge_install': False, 'path': '/home/jordan/SDfR/assignment6/src/relbot_launch', 'symlink_install': False, 'test_result_base': None}
[0.476s] Level 5:colcon.colcon_core.verb:set package 'relbot_sequence_controller' build argument 'cmake_args' from command line to 'None'
[0.476s] Level 5:colcon.colcon_core.verb:set package 'relbot_sequence_controller' build argument 'cmake_target' from command line to 'None'
[0.476s] Level 5:colcon.colcon_core.verb:set package 'relbot_sequence_controller' build argument 'cmake_target_skip_unavailable' from command line to 'False'
[0.476s] Level 5:colcon.colcon_core.verb:set package 'relbot_sequence_controller' build argument 'cmake_clean_cache' from command line to 'False'
[0.476s] Level 5:colcon.colcon_core.verb:set package 'relbot_sequence_controller' build argument 'cmake_clean_first' from command line to 'False'
[0.476s] Level 5:colcon.colcon_core.verb:set package 'relbot_sequence_controller' build argument 'cmake_force_configure' from command line to 'False'
[0.476s] Level 5:colcon.colcon_core.verb:set package 'relbot_sequence_controller' build argument 'ament_cmake_args' from command line to 'None'
[0.476s] Level 5:colcon.colcon_core.verb:set package 'relbot_sequence_controller' build argument 'catkin_cmake_args' from command line to 'None'
[0.476s] Level 5:colcon.colcon_core.verb:set package 'relbot_sequence_controller' build argument 'catkin_skip_building_tests' from command line to 'False'
[0.477s] DEBUG:colcon.colcon_core.verb:Building package 'relbot_sequence_controller' with the following arguments: {'ament_cmake_args': None, 'build_base': '/home/jordan/SDfR/assignment6/build/relbot_sequence_controller', 'catkin_cmake_args': None, 'catkin_skip_building_tests': False, 'cmake_args': None, 'cmake_clean_cache': False, 'cmake_clean_first': False, 'cmake_force_configure': False, 'cmake_target': None, 'cmake_target_skip_unavailable': False, 'install_base': '/home/jordan/SDfR/assignment6/install/relbot_sequence_controller', 'merge_install': False, 'path': '/home/jordan/SDfR/assignment6/src/relbot_sequence_controller', 'symlink_install': False, 'test_result_base': None}
[0.477s] Level 5:colcon.colcon_core.verb:set package 'relbot_simulator' build argument 'cmake_args' from command line to 'None'
[0.477s] Level 5:colcon.colcon_core.verb:set package 'relbot_simulator' build argument 'cmake_target' from command line to 'None'
[0.477s] Level 5:colcon.colcon_core.verb:set package 'relbot_simulator' build argument 'cmake_target_skip_unavailable' from command line to 'False'
[0.477s] Level 5:colcon.colcon_core.verb:set package 'relbot_simulator' build argument 'cmake_clean_cache' from command line to 'False'
[0.477s] Level 5:colcon.colcon_core.verb:set package 'relbot_simulator' build argument 'cmake_clean_first' from command line to 'False'
[0.477s] Level 5:colcon.colcon_core.verb:set package 'relbot_simulator' build argument 'cmake_force_configure' from command line to 'False'
[0.477s] Level 5:colcon.colcon_core.verb:set package 'relbot_simulator' build argument 'ament_cmake_args' from command line to 'None'
[0.477s] Level 5:colcon.colcon_core.verb:set package 'relbot_simulator' build argument 'catkin_cmake_args' from command line to 'None'
[0.477s] Level 5:colcon.colcon_core.verb:set package 'relbot_simulator' build argument 'catkin_skip_building_tests' from command line to 'False'
[0.477s] DEBUG:colcon.colcon_core.verb:Building package 'relbot_simulator' with the following arguments: {'ament_cmake_args': None, 'build_base': '/home/jordan/SDfR/assignment6/build/relbot_simulator', 'catkin_cmake_args': None, 'catkin_skip_building_tests': False, 'cmake_args': None, 'cmake_clean_cache': False, 'cmake_clean_first': False, 'cmake_force_configure': False, 'cmake_target': None, 'cmake_target_skip_unavailable': False, 'install_base': '/home/jordan/SDfR/assignment6/install/relbot_simulator', 'merge_install': False, 'path': '/home/jordan/SDfR/assignment6/src/relbot_simulator', 'symlink_install': False, 'test_result_base': None}
[0.477s] INFO:colcon.colcon_core.executor:Executing jobs using 'parallel' executor
[0.478s] DEBUG:colcon.colcon_parallel_executor.executor.parallel:run_until_complete
[0.478s] INFO:colcon.colcon_ros.task.ament_cmake.build:Building ROS package in '/home/jordan/SDfR/assignment6/src/cam2image_vm2ros' with build type 'ament_cmake'
[0.479s] INFO:colcon.colcon_cmake.task.cmake.build:Building CMake package in '/home/jordan/SDfR/assignment6/src/cam2image_vm2ros'
[0.481s] INFO:colcon.colcon_core.plugin_system:Skipping extension 'colcon_core.shell.bat': Not used on non-Windows systems
[0.481s] INFO:colcon.colcon_core.shell:Skip shell extension 'powershell' for command environment: Not usable outside of PowerShell
[0.481s] DEBUG:colcon.colcon_core.shell:Skip shell extension 'dsv' for command environment
[0.484s] INFO:colcon.colcon_ros.task.ament_cmake.build:Building ROS package in '/home/jordan/SDfR/assignment6/src/green_object_detector' with build type 'ament_cmake'
[0.485s] INFO:colcon.colcon_cmake.task.cmake.build:Building CMake package in '/home/jordan/SDfR/assignment6/src/green_object_detector'
[0.485s] INFO:colcon.colcon_core.shell:Skip shell extension 'powershell' for command environment: Not usable outside of PowerShell
[0.485s] DEBUG:colcon.colcon_core.shell:Skip shell extension 'dsv' for command environment
[0.488s] INFO:colcon.colcon_ros.task.ament_cmake.build:Building ROS package in '/home/jordan/SDfR/assignment6/src/image_functions_sdfr' with build type 'ament_cmake'
[0.488s] INFO:colcon.colcon_cmake.task.cmake.build:Building CMake package in '/home/jordan/SDfR/assignment6/src/image_functions_sdfr'
[0.488s] INFO:colcon.colcon_core.shell:Skip shell extension 'powershell' for command environment: Not usable outside of PowerShell
[0.489s] DEBUG:colcon.colcon_core.shell:Skip shell extension 'dsv' for command environment
[0.492s] INFO:colcon.colcon_ros.task.ament_cmake.build:Building ROS package in '/home/jordan/SDfR/assignment6/src/relbot2turtlesim' with build type 'ament_cmake'
[0.492s] INFO:colcon.colcon_cmake.task.cmake.build:Building CMake package in '/home/jordan/SDfR/assignment6/src/relbot2turtlesim'
[0.492s] INFO:colcon.colcon_core.shell:Skip shell extension 'powershell' for command environment: Not usable outside of PowerShell
[0.492s] DEBUG:colcon.colcon_core.shell:Skip shell extension 'dsv' for command environment
[0.496s] INFO:colcon.colcon_ros.task.ament_cmake.build:Building ROS package in '/home/jordan/SDfR/assignment6/src/relbot_launch' with build type 'ament_cmake'
[0.496s] INFO:colcon.colcon_cmake.task.cmake.build:Building CMake package in '/home/jordan/SDfR/assignment6/src/relbot_launch'
[0.496s] INFO:colcon.colcon_core.shell:Skip shell extension 'powershell' for command environment: Not usable outside of PowerShell
[0.496s] DEBUG:colcon.colcon_core.shell:Skip shell extension 'dsv' for command environment
[0.499s] INFO:colcon.colcon_ros.task.ament_cmake.build:Building ROS package in '/home/jordan/SDfR/assignment6/src/relbot_sequence_controller' with build type 'ament_cmake'
[0.499s] INFO:colcon.colcon_cmake.task.cmake.build:Building CMake package in '/home/jordan/SDfR/assignment6/src/relbot_sequence_controller'
[0.500s] INFO:colcon.colcon_core.shell:Skip shell extension 'powershell' for command environment: Not usable outside of PowerShell
[0.500s] DEBUG:colcon.colcon_core.shell:Skip shell extension 'dsv' for command environment
[0.503s] INFO:colcon.colcon_ros.task.ament_cmake.build:Building ROS package in '/home/jordan/SDfR/assignment6/src/relbot_simulator' with build type 'ament_cmake'
[0.503s] INFO:colcon.colcon_cmake.task.cmake.build:Building CMake package in '/home/jordan/SDfR/assignment6/src/relbot_simulator'
[0.503s] INFO:colcon.colcon_core.shell:Skip shell extension 'powershell' for command environment: Not usable outside of PowerShell
[0.503s] DEBUG:colcon.colcon_core.shell:Skip shell extension 'dsv' for command environment
[0.513s] DEBUG:colcon.colcon_core.event_handler.log_command:Invoking command in '/home/jordan/SDfR/assignment6/build/cam2image_vm2ros': CMAKE_PREFIX_PATH=/opt/ros/humble /usr/bin/cmake --build /home/jordan/SDfR/assignment6/build/cam2image_vm2ros -- -j16 -l16
[0.518s] DEBUG:colcon.colcon_core.event_handler.log_command:Invoking command in '/home/jordan/SDfR/assignment6/build/green_object_detector': CMAKE_PREFIX_PATH=/opt/ros/humble /usr/bin/cmake --build /home/jordan/SDfR/assignment6/build/green_object_detector -- -j16 -l16
[0.521s] DEBUG:colcon.colcon_core.event_handler.log_command:Invoking command in '/home/jordan/SDfR/assignment6/build/image_functions_sdfr': CMAKE_PREFIX_PATH=/opt/ros/humble /usr/bin/cmake --build /home/jordan/SDfR/assignment6/build/image_functions_sdfr -- -j16 -l16
[0.525s] DEBUG:colcon.colcon_core.event_handler.log_command:Invoking command in '/home/jordan/SDfR/assignment6/build/relbot2turtlesim': CMAKE_PREFIX_PATH=/opt/ros/humble /usr/bin/cmake --build /home/jordan/SDfR/assignment6/build/relbot2turtlesim -- -j16 -l16
[0.529s] DEBUG:colcon.colcon_core.event_handler.log_command:Invoking command in '/home/jordan/SDfR/assignment6/build/relbot_launch': CMAKE_PREFIX_PATH=/opt/ros/humble /usr/bin/cmake --build /home/jordan/SDfR/assignment6/build/relbot_launch -- -j16 -l16
[0.535s] DEBUG:colcon.colcon_core.event_handler.log_command:Invoking command in '/home/jordan/SDfR/assignment6/build/relbot_sequence_controller': CMAKE_PREFIX_PATH=/opt/ros/humble /usr/bin/cmake --build /home/jordan/SDfR/assignment6/build/relbot_sequence_controller -- -j16 -l16
[0.540s] DEBUG:colcon.colcon_core.event_handler.log_command:Invoking command in '/home/jordan/SDfR/assignment6/build/relbot_simulator': CMAKE_PREFIX_PATH=/opt/ros/humble /usr/bin/cmake --build /home/jordan/SDfR/assignment6/build/relbot_simulator -- -j16 -l16
[0.575s] DEBUG:colcon.colcon_core.event_handler.log_command:Invoked command in '/home/jordan/SDfR/assignment6/build/relbot_launch' returned '0': CMAKE_PREFIX_PATH=/opt/ros/humble /usr/bin/cmake --build /home/jordan/SDfR/assignment6/build/relbot_launch -- -j16 -l16
[0.590s] DEBUG:colcon.colcon_core.event_handler.log_command:Invoking command in '/home/jordan/SDfR/assignment6/build/relbot_launch': CMAKE_PREFIX_PATH=/opt/ros/humble /usr/bin/cmake --install /home/jordan/SDfR/assignment6/build/relbot_launch
[0.604s] Level 1:colcon.colcon_core.environment:create_environment_scripts_only(relbot_launch)
[0.605s] DEBUG:colcon.colcon_core.event_handler.log_command:Invoked command in '/home/jordan/SDfR/assignment6/build/relbot_launch' returned '0': CMAKE_PREFIX_PATH=/opt/ros/humble /usr/bin/cmake --install /home/jordan/SDfR/assignment6/build/relbot_launch
[0.608s] Level 1:colcon.colcon_core.environment:checking '/home/jordan/SDfR/assignment6/install/relbot_launch' for CMake module files
[0.609s] Level 1:colcon.colcon_core.environment:checking '/home/jordan/SDfR/assignment6/install/relbot_launch' for CMake config files
[0.609s] Level 1:colcon.colcon_core.shell:create_environment_hook('relbot_launch', 'cmake_prefix_path')
[0.609s] INFO:colcon.colcon_core.shell:Creating environment hook '/home/jordan/SDfR/assignment6/install/relbot_launch/share/relbot_launch/hook/cmake_prefix_path.ps1'
[0.610s] INFO:colcon.colcon_core.shell:Creating environment descriptor '/home/jordan/SDfR/assignment6/install/relbot_launch/share/relbot_launch/hook/cmake_prefix_path.dsv'
[0.610s] INFO:colcon.colcon_core.shell:Creating environment hook '/home/jordan/SDfR/assignment6/install/relbot_launch/share/relbot_launch/hook/cmake_prefix_path.sh'
[0.611s] Level 1:colcon.colcon_core.environment:checking '/home/jordan/SDfR/assignment6/install/relbot_launch/bin'
[0.611s] Level 1:colcon.colcon_core.environment:checking '/home/jordan/SDfR/assignment6/install/relbot_launch/lib/pkgconfig/relbot_launch.pc'
[0.612s] Level 1:colcon.colcon_core.environment:checking '/home/jordan/SDfR/assignment6/install/relbot_launch/lib/python3.10/site-packages'
[0.612s] Level 1:colcon.colcon_core.environment:checking '/home/jordan/SDfR/assignment6/install/relbot_launch/bin'
[0.612s] INFO:colcon.colcon_core.shell:Creating package script '/home/jordan/SDfR/assignment6/install/relbot_launch/share/relbot_launch/package.ps1'
[0.613s] INFO:colcon.colcon_core.shell:Creating package descriptor '/home/jordan/SDfR/assignment6/install/relbot_launch/share/relbot_launch/package.dsv'
[0.614s] INFO:colcon.colcon_core.shell:Creating package script '/home/jordan/SDfR/assignment6/install/relbot_launch/share/relbot_launch/package.sh'
[0.615s] INFO:colcon.colcon_core.shell:Creating package script '/home/jordan/SDfR/assignment6/install/relbot_launch/share/relbot_launch/package.bash'
[0.616s] INFO:colcon.colcon_core.shell:Creating package script '/home/jordan/SDfR/assignment6/install/relbot_launch/share/relbot_launch/package.zsh'
[0.617s] Level 1:colcon.colcon_core.environment:create_file_with_runtime_dependencies(/home/jordan/SDfR/assignment6/install/relbot_launch/share/colcon-core/packages/relbot_launch)
[0.617s] Level 1:colcon.colcon_core.environment:create_environment_scripts_only(relbot_launch)
[0.618s] Level 1:colcon.colcon_core.environment:checking '/home/jordan/SDfR/assignment6/install/relbot_launch' for CMake module files
[0.618s] Level 1:colcon.colcon_core.environment:checking '/home/jordan/SDfR/assignment6/install/relbot_launch' for CMake config files
[0.618s] Level 1:colcon.colcon_core.shell:create_environment_hook('relbot_launch', 'cmake_prefix_path')
[0.619s] INFO:colcon.colcon_core.shell:Creating environment hook '/home/jordan/SDfR/assignment6/install/relbot_launch/share/relbot_launch/hook/cmake_prefix_path.ps1'
[0.619s] INFO:colcon.colcon_core.shell:Creating environment descriptor '/home/jordan/SDfR/assignment6/install/relbot_launch/share/relbot_launch/hook/cmake_prefix_path.dsv'
[0.620s] INFO:colcon.colcon_core.shell:Creating environment hook '/home/jordan/SDfR/assignment6/install/relbot_launch/share/relbot_launch/hook/cmake_prefix_path.sh'
[0.620s] Level 1:colcon.colcon_core.environment:checking '/home/jordan/SDfR/assignment6/install/relbot_launch/bin'
[0.620s] Level 1:colcon.colcon_core.environment:checking '/home/jordan/SDfR/assignment6/install/relbot_launch/lib/pkgconfig/relbot_launch.pc'
[0.620s] Level 1:colcon.colcon_core.environment:checking '/home/jordan/SDfR/assignment6/install/relbot_launch/lib/python3.10/site-packages'
[0.621s] Level 1:colcon.colcon_core.environment:checking '/home/jordan/SDfR/assignment6/install/relbot_launch/bin'
[0.621s] INFO:colcon.colcon_core.shell:Creating package script '/home/jordan/SDfR/assignment6/install/relbot_launch/share/relbot_launch/package.ps1'
[0.622s] INFO:colcon.colcon_core.shell:Creating package descriptor '/home/jordan/SDfR/assignment6/install/relbot_launch/share/relbot_launch/package.dsv'
[0.622s] INFO:colcon.colcon_core.shell:Creating package script '/home/jordan/SDfR/assignment6/install/relbot_launch/share/relbot_launch/package.sh'
[0.622s] INFO:colcon.colcon_core.shell:Creating package script '/home/jordan/SDfR/assignment6/install/relbot_launch/share/relbot_launch/package.bash'
[0.623s] INFO:colcon.colcon_core.shell:Creating package script '/home/jordan/SDfR/assignment6/install/relbot_launch/share/relbot_launch/package.zsh'
[0.623s] Level 1:colcon.colcon_core.environment:create_file_with_runtime_dependencies(/home/jordan/SDfR/assignment6/install/relbot_launch/share/colcon-core/packages/relbot_launch)
[0.627s] DEBUG:colcon.colcon_core.event_handler.log_command:Invoked command in '/home/jordan/SDfR/assignment6/build/image_functions_sdfr' returned '0': CMAKE_PREFIX_PATH=/opt/ros/humble /usr/bin/cmake --build /home/jordan/SDfR/assignment6/build/image_functions_sdfr -- -j16 -l16
[0.628s] DEBUG:colcon.colcon_core.event_handler.log_command:Invoking command in '/home/jordan/SDfR/assignment6/build/image_functions_sdfr': CMAKE_PREFIX_PATH=/opt/ros/humble /usr/bin/cmake --install /home/jordan/SDfR/assignment6/build/image_functions_sdfr
[0.629s] DEBUG:colcon.colcon_core.event_handler.log_command:Invoked command in '/home/jordan/SDfR/assignment6/build/green_object_detector' returned '0': CMAKE_PREFIX_PATH=/opt/ros/humble /usr/bin/cmake --build /home/jordan/SDfR/assignment6/build/green_object_detector -- -j16 -l16
[0.631s] DEBUG:colcon.colcon_core.event_handler.log_command:Invoking command in '/home/jordan/SDfR/assignment6/build/green_object_detector': CMAKE_PREFIX_PATH=/opt/ros/humble /usr/bin/cmake --install /home/jordan/SDfR/assignment6/build/green_object_detector
[0.631s] DEBUG:colcon.colcon_core.event_handler.log_command:Invoked command in '/home/jordan/SDfR/assignment6/build/cam2image_vm2ros' returned '0': CMAKE_PREFIX_PATH=/opt/ros/humble /usr/bin/cmake --build /home/jordan/SDfR/assignment6/build/cam2image_vm2ros -- -j16 -l16
[0.634s] DEBUG:colcon.colcon_core.event_handler.log_command:Invoking command in '/home/jordan/SDfR/assignment6/build/cam2image_vm2ros': CMAKE_PREFIX_PATH=/opt/ros/humble /usr/bin/cmake --install /home/jordan/SDfR/assignment6/build/cam2image_vm2ros
[0.635s] DEBUG:colcon.colcon_core.event_handler.log_command:Invoked command in '/home/jordan/SDfR/assignment6/build/relbot2turtlesim' returned '0': CMAKE_PREFIX_PATH=/opt/ros/humble /usr/bin/cmake --build /home/jordan/SDfR/assignment6/build/relbot2turtlesim -- -j16 -l16
[0.637s] DEBUG:colcon.colcon_core.event_handler.log_command:Invoking command in '/home/jordan/SDfR/assignment6/build/relbot2turtlesim': CMAKE_PREFIX_PATH=/opt/ros/humble /usr/bin/cmake --install /home/jordan/SDfR/assignment6/build/relbot2turtlesim
[0.648s] DEBUG:colcon.colcon_core.event_handler.log_command:Invoked command in '/home/jordan/SDfR/assignment6/build/relbot_simulator' returned '0': CMAKE_PREFIX_PATH=/opt/ros/humble /usr/bin/cmake --build /home/jordan/SDfR/assignment6/build/relbot_simulator -- -j16 -l16
[0.653s] Level 1:colcon.colcon_core.environment:create_environment_scripts_only(image_functions_sdfr)
[0.653s] Level 1:colcon.colcon_core.environment:checking '/home/jordan/SDfR/assignment6/install/image_functions_sdfr' for CMake module files
[0.660s] DEBUG:colcon.colcon_core.event_handler.log_command:Invoking command in '/home/jordan/SDfR/assignment6/build/relbot_simulator': CMAKE_PREFIX_PATH=/opt/ros/humble /usr/bin/cmake --install /home/jordan/SDfR/assignment6/build/relbot_simulator
[0.660s] Level 1:colcon.colcon_core.environment:checking '/home/jordan/SDfR/assignment6/install/image_functions_sdfr' for CMake config files
[0.663s] DEBUG:colcon.colcon_core.event_handler.log_command:Invoked command in '/home/jordan/SDfR/assignment6/build/image_functions_sdfr' returned '0': CMAKE_PREFIX_PATH=/opt/ros/humble /usr/bin/cmake --install /home/jordan/SDfR/assignment6/build/image_functions_sdfr
[0.667s] Level 1:colcon.colcon_core.shell:create_environment_hook('image_functions_sdfr', 'cmake_prefix_path')
[0.668s] INFO:colcon.colcon_core.shell:Creating environment hook '/home/jordan/SDfR/assignment6/install/image_functions_sdfr/share/image_functions_sdfr/hook/cmake_prefix_path.ps1'
[0.668s] INFO:colcon.colcon_core.shell:Creating environment descriptor '/home/jordan/SDfR/assignment6/install/image_functions_sdfr/share/image_functions_sdfr/hook/cmake_prefix_path.dsv'
[0.669s] INFO:colcon.colcon_core.shell:Creating environment hook '/home/jordan/SDfR/assignment6/install/image_functions_sdfr/share/image_functions_sdfr/hook/cmake_prefix_path.sh'
[0.669s] Level 1:colcon.colcon_core.environment:checking '/home/jordan/SDfR/assignment6/install/image_functions_sdfr/lib'
[0.669s] Level 1:colcon.colcon_core.shell:create_environment_hook('image_functions_sdfr', 'ld_library_path_lib')
[0.670s] INFO:colcon.colcon_core.shell:Creating environment hook '/home/jordan/SDfR/assignment6/install/image_functions_sdfr/share/image_functions_sdfr/hook/ld_library_path_lib.ps1'
[0.670s] INFO:colcon.colcon_core.shell:Creating environment descriptor '/home/jordan/SDfR/assignment6/install/image_functions_sdfr/share/image_functions_sdfr/hook/ld_library_path_lib.dsv'
[0.670s] INFO:colcon.colcon_core.shell:Creating environment hook '/home/jordan/SDfR/assignment6/install/image_functions_sdfr/share/image_functions_sdfr/hook/ld_library_path_lib.sh'
[0.671s] Level 1:colcon.colcon_core.environment:checking '/home/jordan/SDfR/assignment6/install/image_functions_sdfr/bin'
[0.671s] Level 1:colcon.colcon_core.environment:checking '/home/jordan/SDfR/assignment6/install/image_functions_sdfr/lib/pkgconfig/image_functions_sdfr.pc'
[0.671s] Level 1:colcon.colcon_core.environment:checking '/home/jordan/SDfR/assignment6/install/image_functions_sdfr/lib/python3.10/site-packages'
[0.671s] Level 1:colcon.colcon_core.environment:checking '/home/jordan/SDfR/assignment6/install/image_functions_sdfr/bin'
[0.672s] INFO:colcon.colcon_core.shell:Creating package script '/home/jordan/SDfR/assignment6/install/image_functions_sdfr/share/image_functions_sdfr/package.ps1'
[0.672s] INFO:colcon.colcon_core.shell:Creating package descriptor '/home/jordan/SDfR/assignment6/install/image_functions_sdfr/share/image_functions_sdfr/package.dsv'
[0.672s] INFO:colcon.colcon_core.shell:Creating package script '/home/jordan/SDfR/assignment6/install/image_functions_sdfr/share/image_functions_sdfr/package.sh'
[0.673s] INFO:colcon.colcon_core.shell:Creating package script '/home/jordan/SDfR/assignment6/install/image_functions_sdfr/share/image_functions_sdfr/package.bash'
[0.673s] INFO:colcon.colcon_core.shell:Creating package script '/home/jordan/SDfR/assignment6/install/image_functions_sdfr/share/image_functions_sdfr/package.zsh'
[0.674s] Level 1:colcon.colcon_core.environment:create_file_with_runtime_dependencies(/home/jordan/SDfR/assignment6/install/image_functions_sdfr/share/colcon-core/packages/image_functions_sdfr)
[0.674s] Level 1:colcon.colcon_core.environment:create_environment_scripts_only(image_functions_sdfr)
[0.674s] Level 1:colcon.colcon_core.environment:checking '/home/jordan/SDfR/assignment6/install/image_functions_sdfr' for CMake module files
[0.675s] Level 1:colcon.colcon_core.environment:checking '/home/jordan/SDfR/assignment6/install/image_functions_sdfr' for CMake config files
[0.675s] Level 1:colcon.colcon_core.shell:create_environment_hook('image_functions_sdfr', 'cmake_prefix_path')
[0.675s] INFO:colcon.colcon_core.shell:Creating environment hook '/home/jordan/SDfR/assignment6/install/image_functions_sdfr/share/image_functions_sdfr/hook/cmake_prefix_path.ps1'
[0.676s] INFO:colcon.colcon_core.shell:Creating environment descriptor '/home/jordan/SDfR/assignment6/install/image_functions_sdfr/share/image_functions_sdfr/hook/cmake_prefix_path.dsv'
[0.676s] INFO:colcon.colcon_core.shell:Creating environment hook '/home/jordan/SDfR/assignment6/install/image_functions_sdfr/share/image_functions_sdfr/hook/cmake_prefix_path.sh'
[0.677s] Level 1:colcon.colcon_core.environment:checking '/home/jordan/SDfR/assignment6/install/image_functions_sdfr/lib'
[0.677s] Level 1:colcon.colcon_core.shell:create_environment_hook('image_functions_sdfr', 'ld_library_path_lib')
[0.677s] INFO:colcon.colcon_core.shell:Creating environment hook '/home/jordan/SDfR/assignment6/install/image_functions_sdfr/share/image_functions_sdfr/hook/ld_library_path_lib.ps1'
[0.677s] INFO:colcon.colcon_core.shell:Creating environment descriptor '/home/jordan/SDfR/assignment6/install/image_functions_sdfr/share/image_functions_sdfr/hook/ld_library_path_lib.dsv'
[0.678s] INFO:colcon.colcon_core.shell:Creating environment hook '/home/jordan/SDfR/assignment6/install/image_functions_sdfr/share/image_functions_sdfr/hook/ld_library_path_lib.sh'
[0.678s] Level 1:colcon.colcon_core.environment:checking '/home/jordan/SDfR/assignment6/install/image_functions_sdfr/bin'
[0.678s] Level 1:colcon.colcon_core.environment:checking '/home/jordan/SDfR/assignment6/install/image_functions_sdfr/lib/pkgconfig/image_functions_sdfr.pc'
[0.678s] Level 1:colcon.colcon_core.environment:checking '/home/jordan/SDfR/assignment6/install/image_functions_sdfr/lib/python3.10/site-packages'
[0.679s] Level 1:colcon.colcon_core.environment:checking '/home/jordan/SDfR/assignment6/install/image_functions_sdfr/bin'
[0.679s] INFO:colcon.colcon_core.shell:Creating package script '/home/jordan/SDfR/assignment6/install/image_functions_sdfr/share/image_functions_sdfr/package.ps1'
[0.680s] INFO:colcon.colcon_core.shell:Creating package descriptor '/home/jordan/SDfR/assignment6/install/image_functions_sdfr/share/image_functions_sdfr/package.dsv'
[0.680s] INFO:colcon.colcon_core.shell:Creating package script '/home/jordan/SDfR/assignment6/install/image_functions_sdfr/share/image_functions_sdfr/package.sh'
[0.680s] INFO:colcon.colcon_core.shell:Creating package script '/home/jordan/SDfR/assignment6/install/image_functions_sdfr/share/image_functions_sdfr/package.bash'
[0.681s] INFO:colcon.colcon_core.shell:Creating package script '/home/jordan/SDfR/assignment6/install/image_functions_sdfr/share/image_functions_sdfr/package.zsh'
[0.681s] Level 1:colcon.colcon_core.environment:create_file_with_runtime_dependencies(/home/jordan/SDfR/assignment6/install/image_functions_sdfr/share/colcon-core/packages/image_functions_sdfr)
[0.682s] Level 1:colcon.colcon_core.environment:create_environment_scripts_only(green_object_detector)
[0.682s] Level 1:colcon.colcon_core.environment:checking '/home/jordan/SDfR/assignment6/install/green_object_detector' for CMake module files
[0.683s] DEBUG:colcon.colcon_core.event_handler.log_command:Invoked command in '/home/jordan/SDfR/assignment6/build/green_object_detector' returned '0': CMAKE_PREFIX_PATH=/opt/ros/humble /usr/bin/cmake --install /home/jordan/SDfR/assignment6/build/green_object_detector
[0.683s] Level 1:colcon.colcon_core.environment:checking '/home/jordan/SDfR/assignment6/install/green_object_detector' for CMake config files
[0.684s] Level 1:colcon.colcon_core.shell:create_environment_hook('green_object_detector', 'cmake_prefix_path')
[0.684s] INFO:colcon.colcon_core.shell:Creating environment hook '/home/jordan/SDfR/assignment6/install/green_object_detector/share/green_object_detector/hook/cmake_prefix_path.ps1'
[0.684s] INFO:colcon.colcon_core.shell:Creating environment descriptor '/home/jordan/SDfR/assignment6/install/green_object_detector/share/green_object_detector/hook/cmake_prefix_path.dsv'
[0.685s] INFO:colcon.colcon_core.shell:Creating environment hook '/home/jordan/SDfR/assignment6/install/green_object_detector/share/green_object_detector/hook/cmake_prefix_path.sh'
[0.685s] Level 1:colcon.colcon_core.environment:checking '/home/jordan/SDfR/assignment6/install/green_object_detector/lib'
[0.686s] Level 1:colcon.colcon_core.environment:checking '/home/jordan/SDfR/assignment6/install/green_object_detector/bin'
[0.686s] Level 1:colcon.colcon_core.environment:checking '/home/jordan/SDfR/assignment6/install/green_object_detector/lib/pkgconfig/green_object_detector.pc'
[0.686s] Level 1:colcon.colcon_core.environment:checking '/home/jordan/SDfR/assignment6/install/green_object_detector/lib/python3.10/site-packages'
[0.686s] Level 1:colcon.colcon_core.environment:checking '/home/jordan/SDfR/assignment6/install/green_object_detector/bin'
[0.686s] INFO:colcon.colcon_core.shell:Creating package script '/home/jordan/SDfR/assignment6/install/green_object_detector/share/green_object_detector/package.ps1'
[0.687s] INFO:colcon.colcon_core.shell:Creating package descriptor '/home/jordan/SDfR/assignment6/install/green_object_detector/share/green_object_detector/package.dsv'
[0.687s] INFO:colcon.colcon_core.shell:Creating package script '/home/jordan/SDfR/assignment6/install/green_object_detector/share/green_object_detector/package.sh'
[0.688s] INFO:colcon.colcon_core.shell:Creating package script '/home/jordan/SDfR/assignment6/install/green_object_detector/share/green_object_detector/package.bash'
[0.688s] INFO:colcon.colcon_core.shell:Creating package script '/home/jordan/SDfR/assignment6/install/green_object_detector/share/green_object_detector/package.zsh'
[0.688s] Level 1:colcon.colcon_core.environment:create_file_with_runtime_dependencies(/home/jordan/SDfR/assignment6/install/green_object_detector/share/colcon-core/packages/green_object_detector)
[0.689s] Level 1:colcon.colcon_core.environment:create_environment_scripts_only(green_object_detector)
[0.689s] Level 1:colcon.colcon_core.environment:checking '/home/jordan/SDfR/assignment6/install/green_object_detector' for CMake module files
[0.690s] Level 1:colcon.colcon_core.environment:checking '/home/jordan/SDfR/assignment6/install/green_object_detector' for CMake config files
[0.690s] Level 1:colcon.colcon_core.shell:create_environment_hook('green_object_detector', 'cmake_prefix_path')
[0.690s] INFO:colcon.colcon_core.shell:Creating environment hook '/home/jordan/SDfR/assignment6/install/green_object_detector/share/green_object_detector/hook/cmake_prefix_path.ps1'
[0.691s] INFO:colcon.colcon_core.shell:Creating environment descriptor '/home/jordan/SDfR/assignment6/install/green_object_detector/share/green_object_detector/hook/cmake_prefix_path.dsv'
[0.691s] INFO:colcon.colcon_core.shell:Creating environment hook '/home/jordan/SDfR/assignment6/install/green_object_detector/share/green_object_detector/hook/cmake_prefix_path.sh'
[0.691s] Level 1:colcon.colcon_core.environment:checking '/home/jordan/SDfR/assignment6/install/green_object_detector/lib'
[0.692s] Level 1:colcon.colcon_core.environment:checking '/home/jordan/SDfR/assignment6/install/green_object_detector/bin'
[0.692s] Level 1:colcon.colcon_core.environment:checking '/home/jordan/SDfR/assignment6/install/green_object_detector/lib/pkgconfig/green_object_detector.pc'
[0.692s] Level 1:colcon.colcon_core.environment:checking '/home/jordan/SDfR/assignment6/install/green_object_detector/lib/python3.10/site-packages'
[0.692s] Level 1:colcon.colcon_core.environment:checking '/home/jordan/SDfR/assignment6/install/green_object_detector/bin'
[0.692s] INFO:colcon.colcon_core.shell:Creating package script '/home/jordan/SDfR/assignment6/install/green_object_detector/share/green_object_detector/package.ps1'
[0.693s] INFO:colcon.colcon_core.shell:Creating package descriptor '/home/jordan/SDfR/assignment6/install/green_object_detector/share/green_object_detector/package.dsv'
[0.693s] INFO:colcon.colcon_core.shell:Creating package script '/home/jordan/SDfR/assignment6/install/green_object_detector/share/green_object_detector/package.sh'
[0.694s] INFO:colcon.colcon_core.shell:Creating package script '/home/jordan/SDfR/assignment6/install/green_object_detector/share/green_object_detector/package.bash'
[0.694s] INFO:colcon.colcon_core.shell:Creating package script '/home/jordan/SDfR/assignment6/install/green_object_detector/share/green_object_detector/package.zsh'
[0.695s] Level 1:colcon.colcon_core.environment:create_file_with_runtime_dependencies(/home/jordan/SDfR/assignment6/install/green_object_detector/share/colcon-core/packages/green_object_detector)
[0.695s] Level 1:colcon.colcon_core.environment:create_environment_scripts_only(cam2image_vm2ros)
[0.696s] Level 1:colcon.colcon_core.environment:checking '/home/jordan/SDfR/assignment6/install/cam2image_vm2ros' for CMake module files
[0.696s] DEBUG:colcon.colcon_core.event_handler.log_command:Invoked command in '/home/jordan/SDfR/assignment6/build/cam2image_vm2ros' returned '0': CMAKE_PREFIX_PATH=/opt/ros/humble /usr/bin/cmake --install /home/jordan/SDfR/assignment6/build/cam2image_vm2ros
[0.697s] Level 1:colcon.colcon_core.environment:checking '/home/jordan/SDfR/assignment6/install/cam2image_vm2ros' for CMake config files
[0.697s] Level 1:colcon.colcon_core.shell:create_environment_hook('cam2image_vm2ros', 'cmake_prefix_path')
[0.697s] INFO:colcon.colcon_core.shell:Creating environment hook '/home/jordan/SDfR/assignment6/install/cam2image_vm2ros/share/cam2image_vm2ros/hook/cmake_prefix_path.ps1'
[0.698s] INFO:colcon.colcon_core.shell:Creating environment descriptor '/home/jordan/SDfR/assignment6/install/cam2image_vm2ros/share/cam2image_vm2ros/hook/cmake_prefix_path.dsv'
[0.698s] INFO:colcon.colcon_core.shell:Creating environment hook '/home/jordan/SDfR/assignment6/install/cam2image_vm2ros/share/cam2image_vm2ros/hook/cmake_prefix_path.sh'
[0.699s] Level 1:colcon.colcon_core.environment:checking '/home/jordan/SDfR/assignment6/install/cam2image_vm2ros/lib'
[0.699s] Level 1:colcon.colcon_core.shell:create_environment_hook('cam2image_vm2ros', 'ld_library_path_lib')
[0.699s] INFO:colcon.colcon_core.shell:Creating environment hook '/home/jordan/SDfR/assignment6/install/cam2image_vm2ros/share/cam2image_vm2ros/hook/ld_library_path_lib.ps1'
[0.699s] INFO:colcon.colcon_core.shell:Creating environment descriptor '/home/jordan/SDfR/assignment6/install/cam2image_vm2ros/share/cam2image_vm2ros/hook/ld_library_path_lib.dsv'
[0.700s] INFO:colcon.colcon_core.shell:Creating environment hook '/home/jordan/SDfR/assignment6/install/cam2image_vm2ros/share/cam2image_vm2ros/hook/ld_library_path_lib.sh'
[0.700s] Level 1:colcon.colcon_core.environment:checking '/home/jordan/SDfR/assignment6/install/cam2image_vm2ros/bin'
[0.700s] Level 1:colcon.colcon_core.environment:checking '/home/jordan/SDfR/assignment6/install/cam2image_vm2ros/lib/pkgconfig/cam2image_vm2ros.pc'
[0.700s] Level 1:colcon.colcon_core.environment:checking '/home/jordan/SDfR/assignment6/install/cam2image_vm2ros/lib/python3.10/site-packages'
[0.700s] Level 1:colcon.colcon_core.environment:checking '/home/jordan/SDfR/assignment6/install/cam2image_vm2ros/bin'
[0.701s] INFO:colcon.colcon_core.shell:Creating package script '/home/jordan/SDfR/assignment6/install/cam2image_vm2ros/share/cam2image_vm2ros/package.ps1'
[0.701s] INFO:colcon.colcon_core.shell:Creating package descriptor '/home/jordan/SDfR/assignment6/install/cam2image_vm2ros/share/cam2image_vm2ros/package.dsv'
[0.702s] INFO:colcon.colcon_core.shell:Creating package script '/home/jordan/SDfR/assignment6/install/cam2image_vm2ros/share/cam2image_vm2ros/package.sh'
[0.702s] INFO:colcon.colcon_core.shell:Creating package script '/home/jordan/SDfR/assignment6/install/cam2image_vm2ros/share/cam2image_vm2ros/package.bash'
[0.703s] INFO:colcon.colcon_core.shell:Creating package script '/home/jordan/SDfR/assignment6/install/cam2image_vm2ros/share/cam2image_vm2ros/package.zsh'
[0.703s] Level 1:colcon.colcon_core.environment:create_file_with_runtime_dependencies(/home/jordan/SDfR/assignment6/install/cam2image_vm2ros/share/colcon-core/packages/cam2image_vm2ros)
[0.703s] Level 1:colcon.colcon_core.environment:create_environment_scripts_only(cam2image_vm2ros)
[0.704s] Level 1:colcon.colcon_core.environment:checking '/home/jordan/SDfR/assignment6/install/cam2image_vm2ros' for CMake module files
[0.704s] Level 1:colcon.colcon_core.environment:checking '/home/jordan/SDfR/assignment6/install/cam2image_vm2ros' for CMake config files
[0.704s] Level 1:colcon.colcon_core.shell:create_environment_hook('cam2image_vm2ros', 'cmake_prefix_path')
[0.704s] INFO:colcon.colcon_core.shell:Creating environment hook '/home/jordan/SDfR/assignment6/install/cam2image_vm2ros/share/cam2image_vm2ros/hook/cmake_prefix_path.ps1'
[0.705s] INFO:colcon.colcon_core.shell:Creating environment descriptor '/home/jordan/SDfR/assignment6/install/cam2image_vm2ros/share/cam2image_vm2ros/hook/cmake_prefix_path.dsv'
[0.705s] INFO:colcon.colcon_core.shell:Creating environment hook '/home/jordan/SDfR/assignment6/install/cam2image_vm2ros/share/cam2image_vm2ros/hook/cmake_prefix_path.sh'
[0.706s] Level 1:colcon.colcon_core.environment:checking '/home/jordan/SDfR/assignment6/install/cam2image_vm2ros/lib'
[0.706s] Level 1:colcon.colcon_core.shell:create_environment_hook('cam2image_vm2ros', 'ld_library_path_lib')
[0.706s] INFO:colcon.colcon_core.shell:Creating environment hook '/home/jordan/SDfR/assignment6/install/cam2image_vm2ros/share/cam2image_vm2ros/hook/ld_library_path_lib.ps1'
[0.707s] INFO:colcon.colcon_core.shell:Creating environment descriptor '/home/jordan/SDfR/assignment6/install/cam2image_vm2ros/share/cam2image_vm2ros/hook/ld_library_path_lib.dsv'
[0.707s] INFO:colcon.colcon_core.shell:Creating environment hook '/home/jordan/SDfR/assignment6/install/cam2image_vm2ros/share/cam2image_vm2ros/hook/ld_library_path_lib.sh'
[0.708s] Level 1:colcon.colcon_core.environment:checking '/home/jordan/SDfR/assignment6/install/cam2image_vm2ros/bin'
[0.708s] Level 1:colcon.colcon_core.environment:checking '/home/jordan/SDfR/assignment6/install/cam2image_vm2ros/lib/pkgconfig/cam2image_vm2ros.pc'
[0.708s] Level 1:colcon.colcon_core.environment:checking '/home/jordan/SDfR/assignment6/install/cam2image_vm2ros/lib/python3.10/site-packages'
[0.708s] Level 1:colcon.colcon_core.environment:checking '/home/jordan/SDfR/assignment6/install/cam2image_vm2ros/bin'
[0.709s] INFO:colcon.colcon_core.shell:Creating package script '/home/jordan/SDfR/assignment6/install/cam2image_vm2ros/share/cam2image_vm2ros/package.ps1'
[0.709s] INFO:colcon.colcon_core.shell:Creating package descriptor '/home/jordan/SDfR/assignment6/install/cam2image_vm2ros/share/cam2image_vm2ros/package.dsv'
[0.710s] INFO:colcon.colcon_core.shell:Creating package script '/home/jordan/SDfR/assignment6/install/cam2image_vm2ros/share/cam2image_vm2ros/package.sh'
[0.710s] INFO:colcon.colcon_core.shell:Creating package script '/home/jordan/SDfR/assignment6/install/cam2image_vm2ros/share/cam2image_vm2ros/package.bash'
[0.711s] INFO:colcon.colcon_core.shell:Creating package script '/home/jordan/SDfR/assignment6/install/cam2image_vm2ros/share/cam2image_vm2ros/package.zsh'
[0.711s] Level 1:colcon.colcon_core.environment:create_file_with_runtime_dependencies(/home/jordan/SDfR/assignment6/install/cam2image_vm2ros/share/colcon-core/packages/cam2image_vm2ros)
[0.711s] Level 1:colcon.colcon_core.environment:create_environment_scripts_only(relbot2turtlesim)
[0.712s] Level 1:colcon.colcon_core.environment:checking '/home/jordan/SDfR/assignment6/install/relbot2turtlesim' for CMake module files
[0.713s] DEBUG:colcon.colcon_core.event_handler.log_command:Invoked command in '/home/jordan/SDfR/assignment6/build/relbot2turtlesim' returned '0': CMAKE_PREFIX_PATH=/opt/ros/humble /usr/bin/cmake --install /home/jordan/SDfR/assignment6/build/relbot2turtlesim
[0.713s] Level 1:colcon.colcon_core.environment:checking '/home/jordan/SDfR/assignment6/install/relbot2turtlesim' for CMake config files
[0.713s] Level 1:colcon.colcon_core.shell:create_environment_hook('relbot2turtlesim', 'cmake_prefix_path')
[0.714s] INFO:colcon.colcon_core.shell:Creating environment hook '/home/jordan/SDfR/assignment6/install/relbot2turtlesim/share/relbot2turtlesim/hook/cmake_prefix_path.ps1'
[0.714s] INFO:colcon.colcon_core.shell:Creating environment descriptor '/home/jordan/SDfR/assignment6/install/relbot2turtlesim/share/relbot2turtlesim/hook/cmake_prefix_path.dsv'
[0.714s] INFO:colcon.colcon_core.shell:Creating environment hook '/home/jordan/SDfR/assignment6/install/relbot2turtlesim/share/relbot2turtlesim/hook/cmake_prefix_path.sh'
[0.715s] Level 1:colcon.colcon_core.environment:checking '/home/jordan/SDfR/assignment6/install/relbot2turtlesim/lib'
[0.715s] Level 1:colcon.colcon_core.environment:checking '/home/jordan/SDfR/assignment6/install/relbot2turtlesim/bin'
[0.715s] Level 1:colcon.colcon_core.environment:checking '/home/jordan/SDfR/assignment6/install/relbot2turtlesim/lib/pkgconfig/relbot2turtlesim.pc'
[0.715s] Level 1:colcon.colcon_core.environment:checking '/home/jordan/SDfR/assignment6/install/relbot2turtlesim/lib/python3.10/site-packages'
[0.715s] Level 1:colcon.colcon_core.environment:checking '/home/jordan/SDfR/assignment6/install/relbot2turtlesim/bin'
[0.716s] INFO:colcon.colcon_core.shell:Creating package script '/home/jordan/SDfR/assignment6/install/relbot2turtlesim/share/relbot2turtlesim/package.ps1'
[0.716s] INFO:colcon.colcon_core.shell:Creating package descriptor '/home/jordan/SDfR/assignment6/install/relbot2turtlesim/share/relbot2turtlesim/package.dsv'
[0.716s] INFO:colcon.colcon_core.shell:Creating package script '/home/jordan/SDfR/assignment6/install/relbot2turtlesim/share/relbot2turtlesim/package.sh'
[0.717s] INFO:colcon.colcon_core.shell:Creating package script '/home/jordan/SDfR/assignment6/install/relbot2turtlesim/share/relbot2turtlesim/package.bash'
[0.717s] INFO:colcon.colcon_core.shell:Creating package script '/home/jordan/SDfR/assignment6/install/relbot2turtlesim/share/relbot2turtlesim/package.zsh'
[0.718s] Level 1:colcon.colcon_core.environment:create_file_with_runtime_dependencies(/home/jordan/SDfR/assignment6/install/relbot2turtlesim/share/colcon-core/packages/relbot2turtlesim)
[0.718s] Level 1:colcon.colcon_core.environment:create_environment_scripts_only(relbot2turtlesim)
[0.718s] Level 1:colcon.colcon_core.environment:checking '/home/jordan/SDfR/assignment6/install/relbot2turtlesim' for CMake module files
[0.719s] Level 1:colcon.colcon_core.environment:checking '/home/jordan/SDfR/assignment6/install/relbot2turtlesim' for CMake config files
[0.719s] Level 1:colcon.colcon_core.shell:create_environment_hook('relbot2turtlesim', 'cmake_prefix_path')
[0.719s] INFO:colcon.colcon_core.shell:Creating environment hook '/home/jordan/SDfR/assignment6/install/relbot2turtlesim/share/relbot2turtlesim/hook/cmake_prefix_path.ps1'
[0.720s] INFO:colcon.colcon_core.shell:Creating environment descriptor '/home/jordan/SDfR/assignment6/install/relbot2turtlesim/share/relbot2turtlesim/hook/cmake_prefix_path.dsv'
[0.720s] INFO:colcon.colcon_core.shell:Creating environment hook '/home/jordan/SDfR/assignment6/install/relbot2turtlesim/share/relbot2turtlesim/hook/cmake_prefix_path.sh'
[0.720s] Level 1:colcon.colcon_core.environment:checking '/home/jordan/SDfR/assignment6/install/relbot2turtlesim/lib'
[0.720s] Level 1:colcon.colcon_core.environment:checking '/home/jordan/SDfR/assignment6/install/relbot2turtlesim/bin'
[0.721s] Level 1:colcon.colcon_core.environment:checking '/home/jordan/SDfR/assignment6/install/relbot2turtlesim/lib/pkgconfig/relbot2turtlesim.pc'
[0.721s] Level 1:colcon.colcon_core.environment:checking '/home/jordan/SDfR/assignment6/install/relbot2turtlesim/lib/python3.10/site-packages'
[0.721s] Level 1:colcon.colcon_core.environment:checking '/home/jordan/SDfR/assignment6/install/relbot2turtlesim/bin'
[0.721s] INFO:colcon.colcon_core.shell:Creating package script '/home/jordan/SDfR/assignment6/install/relbot2turtlesim/share/relbot2turtlesim/package.ps1'
[0.722s] INFO:colcon.colcon_core.shell:Creating package descriptor '/home/jordan/SDfR/assignment6/install/relbot2turtlesim/share/relbot2turtlesim/package.dsv'
[0.722s] INFO:colcon.colcon_core.shell:Creating package script '/home/jordan/SDfR/assignment6/install/relbot2turtlesim/share/relbot2turtlesim/package.sh'
[0.723s] INFO:colcon.colcon_core.shell:Creating package script '/home/jordan/SDfR/assignment6/install/relbot2turtlesim/share/relbot2turtlesim/package.bash'
[0.723s] INFO:colcon.colcon_core.shell:Creating package script '/home/jordan/SDfR/assignment6/install/relbot2turtlesim/share/relbot2turtlesim/package.zsh'
[0.723s] Level 1:colcon.colcon_core.environment:create_file_with_runtime_dependencies(/home/jordan/SDfR/assignment6/install/relbot2turtlesim/share/colcon-core/packages/relbot2turtlesim)
[0.725s] Level 1:colcon.colcon_core.environment:create_environment_scripts_only(relbot_simulator)
[0.725s] Level 1:colcon.colcon_core.environment:checking '/home/jordan/SDfR/assignment6/install/relbot_simulator' for CMake module files
[0.726s] DEBUG:colcon.colcon_core.event_handler.log_command:Invoked command in '/home/jordan/SDfR/assignment6/build/relbot_simulator' returned '0': CMAKE_PREFIX_PATH=/opt/ros/humble /usr/bin/cmake --install /home/jordan/SDfR/assignment6/build/relbot_simulator
[0.727s] Level 1:colcon.colcon_core.environment:checking '/home/jordan/SDfR/assignment6/install/relbot_simulator' for CMake config files
[0.727s] Level 1:colcon.colcon_core.shell:create_environment_hook('relbot_simulator', 'cmake_prefix_path')
[0.727s] INFO:colcon.colcon_core.shell:Creating environment hook '/home/jordan/SDfR/assignment6/install/relbot_simulator/share/relbot_simulator/hook/cmake_prefix_path.ps1'
[0.728s] INFO:colcon.colcon_core.shell:Creating environment descriptor '/home/jordan/SDfR/assignment6/install/relbot_simulator/share/relbot_simulator/hook/cmake_prefix_path.dsv'
[0.728s] INFO:colcon.colcon_core.shell:Creating environment hook '/home/jordan/SDfR/assignment6/install/relbot_simulator/share/relbot_simulator/hook/cmake_prefix_path.sh'
[0.729s] Level 1:colcon.colcon_core.environment:checking '/home/jordan/SDfR/assignment6/install/relbot_simulator/lib'
[0.729s] Level 1:colcon.colcon_core.environment:checking '/home/jordan/SDfR/assignment6/install/relbot_simulator/bin'
[0.729s] Level 1:colcon.colcon_core.environment:checking '/home/jordan/SDfR/assignment6/install/relbot_simulator/lib/pkgconfig/relbot_simulator.pc'
[0.729s] Level 1:colcon.colcon_core.environment:checking '/home/jordan/SDfR/assignment6/install/relbot_simulator/lib/python3.10/site-packages'
[0.729s] Level 1:colcon.colcon_core.environment:checking '/home/jordan/SDfR/assignment6/install/relbot_simulator/bin'
[0.730s] INFO:colcon.colcon_core.shell:Creating package script '/home/jordan/SDfR/assignment6/install/relbot_simulator/share/relbot_simulator/package.ps1'
[0.730s] INFO:colcon.colcon_core.shell:Creating package descriptor '/home/jordan/SDfR/assignment6/install/relbot_simulator/share/relbot_simulator/package.dsv'
[0.730s] INFO:colcon.colcon_core.shell:Creating package script '/home/jordan/SDfR/assignment6/install/relbot_simulator/share/relbot_simulator/package.sh'
[0.731s] INFO:colcon.colcon_core.shell:Creating package script '/home/jordan/SDfR/assignment6/install/relbot_simulator/share/relbot_simulator/package.bash'
[0.731s] INFO:colcon.colcon_core.shell:Creating package script '/home/jordan/SDfR/assignment6/install/relbot_simulator/share/relbot_simulator/package.zsh'
[0.732s] Level 1:colcon.colcon_core.environment:create_file_with_runtime_dependencies(/home/jordan/SDfR/assignment6/install/relbot_simulator/share/colcon-core/packages/relbot_simulator)
[0.732s] Level 1:colcon.colcon_core.environment:create_environment_scripts_only(relbot_simulator)
[0.732s] Level 1:colcon.colcon_core.environment:checking '/home/jordan/SDfR/assignment6/install/relbot_simulator' for CMake module files
[0.733s] Level 1:colcon.colcon_core.environment:checking '/home/jordan/SDfR/assignment6/install/relbot_simulator' for CMake config files
[0.733s] Level 1:colcon.colcon_core.shell:create_environment_hook('relbot_simulator', 'cmake_prefix_path')
[0.733s] INFO:colcon.colcon_core.shell:Creating environment hook '/home/jordan/SDfR/assignment6/install/relbot_simulator/share/relbot_simulator/hook/cmake_prefix_path.ps1'
[0.734s] INFO:colcon.colcon_core.shell:Creating environment descriptor '/home/jordan/SDfR/assignment6/install/relbot_simulator/share/relbot_simulator/hook/cmake_prefix_path.dsv'
[0.734s] INFO:colcon.colcon_core.shell:Creating environment hook '/home/jordan/SDfR/assignment6/install/relbot_simulator/share/relbot_simulator/hook/cmake_prefix_path.sh'
[0.735s] Level 1:colcon.colcon_core.environment:checking '/home/jordan/SDfR/assignment6/install/relbot_simulator/lib'
[0.735s] Level 1:colcon.colcon_core.environment:checking '/home/jordan/SDfR/assignment6/install/relbot_simulator/bin'
[0.735s] Level 1:colcon.colcon_core.environment:checking '/home/jordan/SDfR/assignment6/install/relbot_simulator/lib/pkgconfig/relbot_simulator.pc'
[0.735s] Level 1:colcon.colcon_core.environment:checking '/home/jordan/SDfR/assignment6/install/relbot_simulator/lib/python3.10/site-packages'
[0.735s] Level 1:colcon.colcon_core.environment:checking '/home/jordan/SDfR/assignment6/install/relbot_simulator/bin'
[0.735s] INFO:colcon.colcon_core.shell:Creating package script '/home/jordan/SDfR/assignment6/install/relbot_simulator/share/relbot_simulator/package.ps1'
[0.736s] INFO:colcon.colcon_core.shell:Creating package descriptor '/home/jordan/SDfR/assignment6/install/relbot_simulator/share/relbot_simulator/package.dsv'
[0.736s] INFO:colcon.colcon_core.shell:Creating package script '/home/jordan/SDfR/assignment6/install/relbot_simulator/share/relbot_simulator/package.sh'
[0.737s] INFO:colcon.colcon_core.shell:Creating package script '/home/jordan/SDfR/assignment6/install/relbot_simulator/share/relbot_simulator/package.bash'
[0.737s] INFO:colcon.colcon_core.shell:Creating package script '/home/jordan/SDfR/assignment6/install/relbot_simulator/share/relbot_simulator/package.zsh'
[0.738s] Level 1:colcon.colcon_core.environment:create_file_with_runtime_dependencies(/home/jordan/SDfR/assignment6/install/relbot_simulator/share/colcon-core/packages/relbot_simulator)
[11.342s] DEBUG:colcon.colcon_core.event_handler.log_command:Invoked command in '/home/jordan/SDfR/assignment6/build/relbot_sequence_controller' returned '0': CMAKE_PREFIX_PATH=/opt/ros/humble /usr/bin/cmake --build /home/jordan/SDfR/assignment6/build/relbot_sequence_controller -- -j16 -l16
[11.344s] DEBUG:colcon.colcon_core.event_handler.log_command:Invoking command in '/home/jordan/SDfR/assignment6/build/relbot_sequence_controller': CMAKE_PREFIX_PATH=/opt/ros/humble /usr/bin/cmake --install /home/jordan/SDfR/assignment6/build/relbot_sequence_controller
[11.369s] Level 1:colcon.colcon_core.environment:create_environment_scripts_only(relbot_sequence_controller)
[11.370s] Level 1:colcon.colcon_core.environment:checking '/home/jordan/SDfR/assignment6/install/relbot_sequence_controller' for CMake module files
[11.370s] DEBUG:colcon.colcon_core.event_handler.log_command:Invoked command in '/home/jordan/SDfR/assignment6/build/relbot_sequence_controller' returned '0': CMAKE_PREFIX_PATH=/opt/ros/humble /usr/bin/cmake --install /home/jordan/SDfR/assignment6/build/relbot_sequence_controller
[11.371s] Level 1:colcon.colcon_core.environment:checking '/home/jordan/SDfR/assignment6/install/relbot_sequence_controller' for CMake config files
[11.371s] Level 1:colcon.colcon_core.shell:create_environment_hook('relbot_sequence_controller', 'cmake_prefix_path')
[11.371s] INFO:colcon.colcon_core.shell:Creating environment hook '/home/jordan/SDfR/assignment6/install/relbot_sequence_controller/share/relbot_sequence_controller/hook/cmake_prefix_path.ps1'
[11.372s] INFO:colcon.colcon_core.shell:Creating environment descriptor '/home/jordan/SDfR/assignment6/install/relbot_sequence_controller/share/relbot_sequence_controller/hook/cmake_prefix_path.dsv'
[11.372s] INFO:colcon.colcon_core.shell:Creating environment hook '/home/jordan/SDfR/assignment6/install/relbot_sequence_controller/share/relbot_sequence_controller/hook/cmake_prefix_path.sh'
[11.372s] Level 1:colcon.colcon_core.environment:checking '/home/jordan/SDfR/assignment6/install/relbot_sequence_controller/lib'
[11.373s] Level 1:colcon.colcon_core.environment:checking '/home/jordan/SDfR/assignment6/install/relbot_sequence_controller/bin'
[11.373s] Level 1:colcon.colcon_core.environment:checking '/home/jordan/SDfR/assignment6/install/relbot_sequence_controller/lib/pkgconfig/relbot_sequence_controller.pc'
[11.373s] Level 1:colcon.colcon_core.environment:checking '/home/jordan/SDfR/assignment6/install/relbot_sequence_controller/lib/python3.10/site-packages'
[11.373s] Level 1:colcon.colcon_core.environment:checking '/home/jordan/SDfR/assignment6/install/relbot_sequence_controller/bin'
[11.373s] INFO:colcon.colcon_core.shell:Creating package script '/home/jordan/SDfR/assignment6/install/relbot_sequence_controller/share/relbot_sequence_controller/package.ps1'
[11.374s] INFO:colcon.colcon_core.shell:Creating package descriptor '/home/jordan/SDfR/assignment6/install/relbot_sequence_controller/share/relbot_sequence_controller/package.dsv'
[11.374s] INFO:colcon.colcon_core.shell:Creating package script '/home/jordan/SDfR/assignment6/install/relbot_sequence_controller/share/relbot_sequence_controller/package.sh'
[11.374s] INFO:colcon.colcon_core.shell:Creating package script '/home/jordan/SDfR/assignment6/install/relbot_sequence_controller/share/relbot_sequence_controller/package.bash'
[11.375s] INFO:colcon.colcon_core.shell:Creating package script '/home/jordan/SDfR/assignment6/install/relbot_sequence_controller/share/relbot_sequence_controller/package.zsh'
[11.375s] Level 1:colcon.colcon_core.environment:create_file_with_runtime_dependencies(/home/jordan/SDfR/assignment6/install/relbot_sequence_controller/share/colcon-core/packages/relbot_sequence_controller)
[11.376s] Level 1:colcon.colcon_core.environment:create_environment_scripts_only(relbot_sequence_controller)
[11.376s] Level 1:colcon.colcon_core.environment:checking '/home/jordan/SDfR/assignment6/install/relbot_sequence_controller' for CMake module files
[11.376s] Level 1:colcon.colcon_core.environment:checking '/home/jordan/SDfR/assignment6/install/relbot_sequence_controller' for CMake config files
[11.377s] Level 1:colcon.colcon_core.shell:create_environment_hook('relbot_sequence_controller', 'cmake_prefix_path')
[11.377s] INFO:colcon.colcon_core.shell:Creating environment hook '/home/jordan/SDfR/assignment6/install/relbot_sequence_controller/share/relbot_sequence_controller/hook/cmake_prefix_path.ps1'
[11.377s] INFO:colcon.colcon_core.shell:Creating environment descriptor '/home/jordan/SDfR/assignment6/install/relbot_sequence_controller/share/relbot_sequence_controller/hook/cmake_prefix_path.dsv'
[11.377s] INFO:colcon.colcon_core.shell:Creating environment hook '/home/jordan/SDfR/assignment6/install/relbot_sequence_controller/share/relbot_sequence_controller/hook/cmake_prefix_path.sh'
[11.378s] Level 1:colcon.colcon_core.environment:checking '/home/jordan/SDfR/assignment6/install/relbot_sequence_controller/lib'
[11.378s] Level 1:colcon.colcon_core.environment:checking '/home/jordan/SDfR/assignment6/install/relbot_sequence_controller/bin'
[11.378s] Level 1:colcon.colcon_core.environment:checking '/home/jordan/SDfR/assignment6/install/relbot_sequence_controller/lib/pkgconfig/relbot_sequence_controller.pc'
[11.378s] Level 1:colcon.colcon_core.environment:checking '/home/jordan/SDfR/assignment6/install/relbot_sequence_controller/lib/python3.10/site-packages'
[11.379s] Level 1:colcon.colcon_core.environment:checking '/home/jordan/SDfR/assignment6/install/relbot_sequence_controller/bin'
[11.379s] INFO:colcon.colcon_core.shell:Creating package script '/home/jordan/SDfR/assignment6/install/relbot_sequence_controller/share/relbot_sequence_controller/package.ps1'
[11.379s] INFO:colcon.colcon_core.shell:Creating package descriptor '/home/jordan/SDfR/assignment6/install/relbot_sequence_controller/share/relbot_sequence_controller/package.dsv'
[11.380s] INFO:colcon.colcon_core.shell:Creating package script '/home/jordan/SDfR/assignment6/install/relbot_sequence_controller/share/relbot_sequence_controller/package.sh'
[11.380s] INFO:colcon.colcon_core.shell:Creating package script '/home/jordan/SDfR/assignment6/install/relbot_sequence_controller/share/relbot_sequence_controller/package.bash'
[11.380s] INFO:colcon.colcon_core.shell:Creating package script '/home/jordan/SDfR/assignment6/install/relbot_sequence_controller/share/relbot_sequence_controller/package.zsh'
[11.381s] Level 1:colcon.colcon_core.environment:create_file_with_runtime_dependencies(/home/jordan/SDfR/assignment6/install/relbot_sequence_controller/share/colcon-core/packages/relbot_sequence_controller)
[11.381s] DEBUG:colcon.colcon_parallel_executor.executor.parallel:closing loop
[11.382s] DEBUG:colcon.colcon_parallel_executor.executor.parallel:loop closed
[11.382s] DEBUG:colcon.colcon_parallel_executor.executor.parallel:run_until_complete finished with '0'
[11.382s] DEBUG:colcon.colcon_core.event_reactor:joining thread
[11.387s] INFO:colcon.colcon_core.plugin_system:Skipping extension 'colcon_notification.desktop_notification.terminal_notifier': Not used on non-Darwin systems
[11.388s] INFO:colcon.colcon_core.plugin_system:Skipping extension 'colcon_notification.desktop_notification.win32': Not used on non-Windows systems
[11.388s] INFO:colcon.colcon_notification.desktop_notification:Sending desktop notification using 'notify2'
[11.388s] DEBUG:colcon.colcon_notification.desktop_notification.notify2:Failed to initialize notify2: org.freedesktop.DBus.Error.FileNotFound: Failed to connect to socket /run/user/1000/bus: No such file or directory
[11.388s] DEBUG:colcon.colcon_core.event_reactor:joined thread
[11.388s] INFO:colcon.colcon_core.shell:Creating prefix script '/home/jordan/SDfR/assignment6/install/local_setup.ps1'
[11.389s] INFO:colcon.colcon_core.shell:Creating prefix util module '/home/jordan/SDfR/assignment6/install/_local_setup_util_ps1.py'
[11.390s] INFO:colcon.colcon_core.shell:Creating prefix chain script '/home/jordan/SDfR/assignment6/install/setup.ps1'
[11.391s] INFO:colcon.colcon_core.shell:Creating prefix script '/home/jordan/SDfR/assignment6/install/local_setup.sh'
[11.391s] INFO:colcon.colcon_core.shell:Creating prefix util module '/home/jordan/SDfR/assignment6/install/_local_setup_util_sh.py'
[11.392s] INFO:colcon.colcon_core.shell:Creating prefix chain script '/home/jordan/SDfR/assignment6/install/setup.sh'
[11.393s] INFO:colcon.colcon_core.shell:Creating prefix script '/home/jordan/SDfR/assignment6/install/local_setup.bash'
[11.393s] INFO:colcon.colcon_core.shell:Creating prefix chain script '/home/jordan/SDfR/assignment6/install/setup.bash'
[11.394s] INFO:colcon.colcon_core.shell:Creating prefix script '/home/jordan/SDfR/assignment6/install/local_setup.zsh'
[11.394s] INFO:colcon.colcon_core.shell:Creating prefix chain script '/home/jordan/SDfR/assignment6/install/setup.zsh'
