[0.090s] Invoking command in '/home/sdfr-ppd-01/SDfR/assignment6/build/relbot_msgs': CMAKE_PREFIX_PATH=${CMAKE_PREFIX_PATH}:/opt/ros/humble /usr/bin/cmake --build /home/sdfr-ppd-01/SDfR/assignment6/build/relbot_msgs -- -j3 -l3
[0.443s] [  2%] Built target relbot_msgs__cpp
[0.494s] [ 12%] Built target relbot_msgs__rosidl_generator_c
[0.668s] [ 12%] Built target ament_cmake_python_copy_relbot_msgs
[0.763s] [ 25%] Built target relbot_msgs__rosidl_typesupport_fastrtps_cpp
[0.765s] [ 33%] Built target relbot_msgs__rosidl_typesupport_cpp
[0.804s] [ 43%] Built target relbot_msgs__rosidl_typesupport_introspection_cpp
[1.055s] [ 53%] Built target relbot_msgs__rosidl_typesupport_fastrtps_c
[1.181s] [ 64%] Built target relbot_msgs__rosidl_typesupport_introspection_c
[1.289s] [ 74%] Built target relbot_msgs__rosidl_typesupport_c
[1.482s] [ 74%] Built target relbot_msgs
[1.586s] [ 76%] Built target relbot_msgs__py
[1.664s] [ 84%] Built target relbot_msgs__rosidl_generator_py
[1.758s] [ 89%] Built target relbot_msgs__rosidl_typesupport_introspection_c__pyext
[1.845s] [ 94%] Built target relbot_msgs__rosidl_typesupport_fastrtps_c__pyext
[1.920s] [100%] Built target relbot_msgs__rosidl_typesupport_c__pyext
[2.600s] running egg_info
[2.821s] writing relbot_msgs.egg-info/PKG-INFO
[2.823s] writing dependency_links to relbot_msgs.egg-info/dependency_links.txt
[2.834s] writing top-level names to relbot_msgs.egg-info/top_level.txt
[2.835s] reading manifest file 'relbot_msgs.egg-info/SOURCES.txt'
[2.849s] writing manifest file 'relbot_msgs.egg-info/SOURCES.txt'
[2.851s] [100%] Built target ament_cmake_python_build_relbot_msgs_egg
[2.906s] Invoked command in '/home/sdfr-ppd-01/SDfR/assignment6/build/relbot_msgs' returned '0': CMAKE_PREFIX_PATH=${CMAKE_PREFIX_PATH}:/opt/ros/humble /usr/bin/cmake --build /home/sdfr-ppd-01/SDfR/assignment6/build/relbot_msgs -- -j3 -l3
[2.912s] Invoking command in '/home/sdfr-ppd-01/SDfR/assignment6/build/relbot_msgs': CMAKE_PREFIX_PATH=${CMAKE_PREFIX_PATH}:/opt/ros/humble /usr/bin/cmake --install /home/sdfr-ppd-01/SDfR/assignment6/build/relbot_msgs
[2.941s] -- Install configuration: ""
[2.943s] -- Up-to-date: /home/sdfr-ppd-01/SDfR/assignment6/install/relbot_msgs/share/ament_index/resource_index/rosidl_interfaces/relbot_msgs
[2.945s] -- Up-to-date: /home/sdfr-ppd-01/SDfR/assignment6/install/relbot_msgs/include/relbot_msgs/relbot_msgs
[2.946s] -- Up-to-date: /home/sdfr-ppd-01/SDfR/assignment6/install/relbot_msgs/include/relbot_msgs/relbot_msgs/msg
[2.947s] -- Up-to-date: /home/sdfr-ppd-01/SDfR/assignment6/install/relbot_msgs/include/relbot_msgs/relbot_msgs/msg/rosidl_generator_c__visibility_control.h
[2.949s] -- Up-to-date: /home/sdfr-ppd-01/SDfR/assignment6/install/relbot_msgs/include/relbot_msgs/relbot_msgs/msg/detail
[2.952s] -- Up-to-date: /home/sdfr-ppd-01/SDfR/assignment6/install/relbot_msgs/include/relbot_msgs/relbot_msgs/msg/detail/relbot_motors_stamped__struct.h
[2.955s] -- Up-to-date: /home/sdfr-ppd-01/SDfR/assignment6/install/relbot_msgs/include/relbot_msgs/relbot_msgs/msg/detail/relbot_motors__type_support.h
[2.957s] -- Up-to-date: /home/sdfr-ppd-01/SDfR/assignment6/install/relbot_msgs/include/relbot_msgs/relbot_msgs/msg/detail/relbot_motors__struct.h
[2.960s] -- Up-to-date: /home/sdfr-ppd-01/SDfR/assignment6/install/relbot_msgs/include/relbot_msgs/relbot_msgs/msg/detail/relbot_motors__functions.h
[2.961s] -- Up-to-date: /home/sdfr-ppd-01/SDfR/assignment6/install/relbot_msgs/include/relbot_msgs/relbot_msgs/msg/detail/relbot_motors__functions.c
[2.963s] -- Up-to-date: /home/sdfr-ppd-01/SDfR/assignment6/install/relbot_msgs/include/relbot_msgs/relbot_msgs/msg/detail/relbot_motors_stamped__functions.c
[2.965s] -- Up-to-date: /home/sdfr-ppd-01/SDfR/assignment6/install/relbot_msgs/include/relbot_msgs/relbot_msgs/msg/detail/relbot_motors_stamped__type_support.h
[2.967s] -- Up-to-date: /home/sdfr-ppd-01/SDfR/assignment6/install/relbot_msgs/include/relbot_msgs/relbot_msgs/msg/detail/relbot_motors_stamped__functions.h
[2.969s] -- Up-to-date: /home/sdfr-ppd-01/SDfR/assignment6/install/relbot_msgs/include/relbot_msgs/relbot_msgs/msg/relbot_motors.h
[2.971s] -- Up-to-date: /home/sdfr-ppd-01/SDfR/assignment6/install/relbot_msgs/include/relbot_msgs/relbot_msgs/msg/relbot_motors_stamped.h
[2.973s] -- Up-to-date: /home/sdfr-ppd-01/SDfR/assignment6/install/relbot_msgs/share/relbot_msgs/environment/library_path.sh
[2.974s] -- Up-to-date: /home/sdfr-ppd-01/SDfR/assignment6/install/relbot_msgs/share/relbot_msgs/environment/library_path.dsv
[2.976s] -- Up-to-date: /home/sdfr-ppd-01/SDfR/assignment6/install/relbot_msgs/lib/librelbot_msgs__rosidl_generator_c.so
[2.980s] -- Up-to-date: /home/sdfr-ppd-01/SDfR/assignment6/install/relbot_msgs/include/relbot_msgs/relbot_msgs
[2.984s] -- Up-to-date: /home/sdfr-ppd-01/SDfR/assignment6/install/relbot_msgs/include/relbot_msgs/relbot_msgs/msg
[2.994s] -- Up-to-date: /home/sdfr-ppd-01/SDfR/assignment6/install/relbot_msgs/include/relbot_msgs/relbot_msgs/msg/detail
[2.997s] -- Up-to-date: /home/sdfr-ppd-01/SDfR/assignment6/install/relbot_msgs/include/relbot_msgs/relbot_msgs/msg/detail/relbot_motors__rosidl_typesupport_fastrtps_c.h
[2.999s] -- Up-to-date: /home/sdfr-ppd-01/SDfR/assignment6/install/relbot_msgs/include/relbot_msgs/relbot_msgs/msg/detail/relbot_motors_stamped__rosidl_typesupport_fastrtps_c.h
[3.004s] -- Up-to-date: /home/sdfr-ppd-01/SDfR/assignment6/install/relbot_msgs/include/relbot_msgs/relbot_msgs/msg/rosidl_typesupport_fastrtps_c__visibility_control.h
[3.005s] -- Up-to-date: /home/sdfr-ppd-01/SDfR/assignment6/install/relbot_msgs/lib/librelbot_msgs__rosidl_typesupport_fastrtps_c.so
[3.010s] -- Up-to-date: /home/sdfr-ppd-01/SDfR/assignment6/install/relbot_msgs/include/relbot_msgs/relbot_msgs
[3.028s] -- Up-to-date: /home/sdfr-ppd-01/SDfR/assignment6/install/relbot_msgs/include/relbot_msgs/relbot_msgs/msg
[3.035s] -- Up-to-date: /home/sdfr-ppd-01/SDfR/assignment6/install/relbot_msgs/include/relbot_msgs/relbot_msgs/msg/detail
[3.037s] -- Up-to-date: /home/sdfr-ppd-01/SDfR/assignment6/install/relbot_msgs/include/relbot_msgs/relbot_msgs/msg/detail/relbot_motors_stamped__type_support.c
[3.038s] -- Up-to-date: /home/sdfr-ppd-01/SDfR/assignment6/install/relbot_msgs/include/relbot_msgs/relbot_msgs/msg/detail/relbot_motors_stamped__rosidl_typesupport_introspection_c.h
[3.043s] -- Up-to-date: /home/sdfr-ppd-01/SDfR/assignment6/install/relbot_msgs/include/relbot_msgs/relbot_msgs/msg/detail/relbot_motors__type_support.c
[3.056s] -- Up-to-date: /home/sdfr-ppd-01/SDfR/assignment6/install/relbot_msgs/include/relbot_msgs/relbot_msgs/msg/detail/relbot_motors__rosidl_typesupport_introspection_c.h
[3.058s] -- Up-to-date: /home/sdfr-ppd-01/SDfR/assignment6/install/relbot_msgs/include/relbot_msgs/relbot_msgs/msg/rosidl_typesupport_introspection_c__visibility_control.h
[3.059s] -- Up-to-date: /home/sdfr-ppd-01/SDfR/assignment6/install/relbot_msgs/lib/librelbot_msgs__rosidl_typesupport_introspection_c.so
[3.060s] -- Up-to-date: /home/sdfr-ppd-01/SDfR/assignment6/install/relbot_msgs/lib/librelbot_msgs__rosidl_typesupport_c.so
[3.062s] -- Up-to-date: /home/sdfr-ppd-01/SDfR/assignment6/install/relbot_msgs/include/relbot_msgs/relbot_msgs
[3.063s] -- Up-to-date: /home/sdfr-ppd-01/SDfR/assignment6/install/relbot_msgs/include/relbot_msgs/relbot_msgs/msg
[3.064s] -- Up-to-date: /home/sdfr-ppd-01/SDfR/assignment6/install/relbot_msgs/include/relbot_msgs/relbot_msgs/msg/rosidl_generator_cpp__visibility_control.hpp
[3.078s] -- Up-to-date: /home/sdfr-ppd-01/SDfR/assignment6/install/relbot_msgs/include/relbot_msgs/relbot_msgs/msg/detail
[3.079s] -- Up-to-date: /home/sdfr-ppd-01/SDfR/assignment6/install/relbot_msgs/include/relbot_msgs/relbot_msgs/msg/detail/relbot_motors_stamped__traits.hpp
[3.081s] -- Up-to-date: /home/sdfr-ppd-01/SDfR/assignment6/install/relbot_msgs/include/relbot_msgs/relbot_msgs/msg/detail/relbot_motors__builder.hpp
[3.082s] -- Up-to-date: /home/sdfr-ppd-01/SDfR/assignment6/install/relbot_msgs/include/relbot_msgs/relbot_msgs/msg/detail/relbot_motors_stamped__struct.hpp
[3.084s] -- Up-to-date: /home/sdfr-ppd-01/SDfR/assignment6/install/relbot_msgs/include/relbot_msgs/relbot_msgs/msg/detail/relbot_motors__struct.hpp
[3.086s] -- Up-to-date: /home/sdfr-ppd-01/SDfR/assignment6/install/relbot_msgs/include/relbot_msgs/relbot_msgs/msg/detail/relbot_motors_stamped__type_support.hpp
[3.095s] -- Up-to-date: /home/sdfr-ppd-01/SDfR/assignment6/install/relbot_msgs/include/relbot_msgs/relbot_msgs/msg/detail/relbot_motors_stamped__builder.hpp
[3.097s] -- Up-to-date: /home/sdfr-ppd-01/SDfR/assignment6/install/relbot_msgs/include/relbot_msgs/relbot_msgs/msg/detail/relbot_motors__traits.hpp
[3.110s] -- Up-to-date: /home/sdfr-ppd-01/SDfR/assignment6/install/relbot_msgs/include/relbot_msgs/relbot_msgs/msg/detail/relbot_motors__type_support.hpp
[3.114s] -- Up-to-date: /home/sdfr-ppd-01/SDfR/assignment6/install/relbot_msgs/include/relbot_msgs/relbot_msgs/msg/relbot_motors_stamped.hpp
[3.115s] -- Up-to-date: /home/sdfr-ppd-01/SDfR/assignment6/install/relbot_msgs/include/relbot_msgs/relbot_msgs/msg/relbot_motors.hpp
[3.117s] -- Up-to-date: /home/sdfr-ppd-01/SDfR/assignment6/install/relbot_msgs/include/relbot_msgs/relbot_msgs
[3.118s] -- Up-to-date: /home/sdfr-ppd-01/SDfR/assignment6/install/relbot_msgs/include/relbot_msgs/relbot_msgs/msg
[3.120s] -- Up-to-date: /home/sdfr-ppd-01/SDfR/assignment6/install/relbot_msgs/include/relbot_msgs/relbot_msgs/msg/detail
[3.130s] -- Up-to-date: /home/sdfr-ppd-01/SDfR/assignment6/install/relbot_msgs/include/relbot_msgs/relbot_msgs/msg/detail/relbot_motors__rosidl_typesupport_fastrtps_cpp.hpp
[3.132s] -- Up-to-date: /home/sdfr-ppd-01/SDfR/assignment6/install/relbot_msgs/include/relbot_msgs/relbot_msgs/msg/detail/relbot_motors_stamped__rosidl_typesupport_fastrtps_cpp.hpp
[3.134s] -- Up-to-date: /home/sdfr-ppd-01/SDfR/assignment6/install/relbot_msgs/include/relbot_msgs/relbot_msgs/msg/detail/dds_fastrtps
[3.135s] -- Up-to-date: /home/sdfr-ppd-01/SDfR/assignment6/install/relbot_msgs/include/relbot_msgs/relbot_msgs/msg/rosidl_typesupport_fastrtps_cpp__visibility_control.h
[3.150s] -- Up-to-date: /home/sdfr-ppd-01/SDfR/assignment6/install/relbot_msgs/lib/librelbot_msgs__rosidl_typesupport_fastrtps_cpp.so
[3.152s] -- Up-to-date: /home/sdfr-ppd-01/SDfR/assignment6/install/relbot_msgs/include/relbot_msgs/relbot_msgs
[3.159s] -- Up-to-date: /home/sdfr-ppd-01/SDfR/assignment6/install/relbot_msgs/include/relbot_msgs/relbot_msgs/msg
[3.164s] -- Up-to-date: /home/sdfr-ppd-01/SDfR/assignment6/install/relbot_msgs/include/relbot_msgs/relbot_msgs/msg/detail
[3.165s] -- Up-to-date: /home/sdfr-ppd-01/SDfR/assignment6/install/relbot_msgs/include/relbot_msgs/relbot_msgs/msg/detail/relbot_motors_stamped__type_support.cpp
[3.167s] -- Up-to-date: /home/sdfr-ppd-01/SDfR/assignment6/install/relbot_msgs/include/relbot_msgs/relbot_msgs/msg/detail/relbot_motors_stamped__rosidl_typesupport_introspection_cpp.hpp
[3.168s] -- Up-to-date: /home/sdfr-ppd-01/SDfR/assignment6/install/relbot_msgs/include/relbot_msgs/relbot_msgs/msg/detail/relbot_motors__type_support.cpp
[3.177s] -- Up-to-date: /home/sdfr-ppd-01/SDfR/assignment6/install/relbot_msgs/include/relbot_msgs/relbot_msgs/msg/detail/relbot_motors__rosidl_typesupport_introspection_cpp.hpp
[3.179s] -- Up-to-date: /home/sdfr-ppd-01/SDfR/assignment6/install/relbot_msgs/lib/librelbot_msgs__rosidl_typesupport_introspection_cpp.so
[3.182s] -- Up-to-date: /home/sdfr-ppd-01/SDfR/assignment6/install/relbot_msgs/lib/librelbot_msgs__rosidl_typesupport_cpp.so
[3.184s] -- Up-to-date: /home/sdfr-ppd-01/SDfR/assignment6/install/relbot_msgs/share/relbot_msgs/environment/pythonpath.sh
[3.198s] -- Up-to-date: /home/sdfr-ppd-01/SDfR/assignment6/install/relbot_msgs/share/relbot_msgs/environment/pythonpath.dsv
[3.201s] -- Up-to-date: /home/sdfr-ppd-01/SDfR/assignment6/install/relbot_msgs/local/lib/python3.10/dist-packages/relbot_msgs-2025.2.0-py3.10.egg-info
[3.202s] -- Installing: /home/sdfr-ppd-01/SDfR/assignment6/install/relbot_msgs/local/lib/python3.10/dist-packages/relbot_msgs-2025.2.0-py3.10.egg-info/SOURCES.txt
[3.210s] -- Installing: /home/sdfr-ppd-01/SDfR/assignment6/install/relbot_msgs/local/lib/python3.10/dist-packages/relbot_msgs-2025.2.0-py3.10.egg-info/top_level.txt
[3.214s] -- Installing: /home/sdfr-ppd-01/SDfR/assignment6/install/relbot_msgs/local/lib/python3.10/dist-packages/relbot_msgs-2025.2.0-py3.10.egg-info/dependency_links.txt
[3.218s] -- Installing: /home/sdfr-ppd-01/SDfR/assignment6/install/relbot_msgs/local/lib/python3.10/dist-packages/relbot_msgs-2025.2.0-py3.10.egg-info/PKG-INFO
[3.222s] -- Up-to-date: /home/sdfr-ppd-01/SDfR/assignment6/install/relbot_msgs/local/lib/python3.10/dist-packages/relbot_msgs
[3.224s] -- Up-to-date: /home/sdfr-ppd-01/SDfR/assignment6/install/relbot_msgs/local/lib/python3.10/dist-packages/relbot_msgs/msg
[3.227s] -- Up-to-date: /home/sdfr-ppd-01/SDfR/assignment6/install/relbot_msgs/local/lib/python3.10/dist-packages/relbot_msgs/msg/_relbot_motors_s.c
[3.228s] -- Up-to-date: /home/sdfr-ppd-01/SDfR/assignment6/install/relbot_msgs/local/lib/python3.10/dist-packages/relbot_msgs/msg/_relbot_motors_stamped_s.c
[3.229s] -- Up-to-date: /home/sdfr-ppd-01/SDfR/assignment6/install/relbot_msgs/local/lib/python3.10/dist-packages/relbot_msgs/msg/__init__.py
[3.231s] -- Up-to-date: /home/sdfr-ppd-01/SDfR/assignment6/install/relbot_msgs/local/lib/python3.10/dist-packages/relbot_msgs/msg/_relbot_motors.py
[3.232s] -- Up-to-date: /home/sdfr-ppd-01/SDfR/assignment6/install/relbot_msgs/local/lib/python3.10/dist-packages/relbot_msgs/msg/_relbot_motors_stamped.py
[3.234s] -- Up-to-date: /home/sdfr-ppd-01/SDfR/assignment6/install/relbot_msgs/local/lib/python3.10/dist-packages/relbot_msgs/relbot_msgs_s__rosidl_typesupport_introspection_c.cpython-310-aarch64-linux-gnu.so
[3.236s] -- Up-to-date: /home/sdfr-ppd-01/SDfR/assignment6/install/relbot_msgs/local/lib/python3.10/dist-packages/relbot_msgs/_relbot_msgs_s.ep.rosidl_typesupport_fastrtps_c.c
[3.242s] -- Up-to-date: /home/sdfr-ppd-01/SDfR/assignment6/install/relbot_msgs/local/lib/python3.10/dist-packages/relbot_msgs/relbot_msgs_s__rosidl_typesupport_fastrtps_c.cpython-310-aarch64-linux-gnu.so
[3.243s] -- Up-to-date: /home/sdfr-ppd-01/SDfR/assignment6/install/relbot_msgs/local/lib/python3.10/dist-packages/relbot_msgs/__init__.py
[3.244s] -- Up-to-date: /home/sdfr-ppd-01/SDfR/assignment6/install/relbot_msgs/local/lib/python3.10/dist-packages/relbot_msgs/_relbot_msgs_s.ep.rosidl_typesupport_introspection_c.c
[3.246s] -- Up-to-date: /home/sdfr-ppd-01/SDfR/assignment6/install/relbot_msgs/local/lib/python3.10/dist-packages/relbot_msgs/_relbot_msgs_s.ep.rosidl_typesupport_c.c
[3.247s] -- Up-to-date: /home/sdfr-ppd-01/SDfR/assignment6/install/relbot_msgs/local/lib/python3.10/dist-packages/relbot_msgs/librelbot_msgs__rosidl_generator_py.so
[3.248s] -- Up-to-date: /home/sdfr-ppd-01/SDfR/assignment6/install/relbot_msgs/local/lib/python3.10/dist-packages/relbot_msgs/relbot_msgs_s__rosidl_typesupport_c.cpython-310-aarch64-linux-gnu.so
[3.279s] Listing '/home/sdfr-ppd-01/SDfR/assignment6/install/relbot_msgs/local/lib/python3.10/dist-packages/relbot_msgs'...
[3.281s] Listing '/home/sdfr-ppd-01/SDfR/assignment6/install/relbot_msgs/local/lib/python3.10/dist-packages/relbot_msgs/msg'...
[3.286s] -- Up-to-date: /home/sdfr-ppd-01/SDfR/assignment6/install/relbot_msgs/local/lib/python3.10/dist-packages/relbot_msgs/relbot_msgs_s__rosidl_typesupport_fastrtps_c.cpython-310-aarch64-linux-gnu.so
[3.287s] -- Up-to-date: /home/sdfr-ppd-01/SDfR/assignment6/install/relbot_msgs/local/lib/python3.10/dist-packages/relbot_msgs/relbot_msgs_s__rosidl_typesupport_introspection_c.cpython-310-aarch64-linux-gnu.so
[3.288s] -- Up-to-date: /home/sdfr-ppd-01/SDfR/assignment6/install/relbot_msgs/local/lib/python3.10/dist-packages/relbot_msgs/relbot_msgs_s__rosidl_typesupport_c.cpython-310-aarch64-linux-gnu.so
[3.297s] -- Up-to-date: /home/sdfr-ppd-01/SDfR/assignment6/install/relbot_msgs/lib/librelbot_msgs__rosidl_generator_py.so
[3.299s] -- Up-to-date: /home/sdfr-ppd-01/SDfR/assignment6/install/relbot_msgs/share/relbot_msgs/msg/RelbotMotors.idl
[3.302s] -- Up-to-date: /home/sdfr-ppd-01/SDfR/assignment6/install/relbot_msgs/share/relbot_msgs/msg/RelbotMotorsStamped.idl
[3.303s] -- Up-to-date: /home/sdfr-ppd-01/SDfR/assignment6/install/relbot_msgs/share/relbot_msgs/msg/RelbotMotors.msg
[3.304s] -- Up-to-date: /home/sdfr-ppd-01/SDfR/assignment6/install/relbot_msgs/share/relbot_msgs/msg/RelbotMotorsStamped.msg
[3.316s] -- Up-to-date: /home/sdfr-ppd-01/SDfR/assignment6/install/relbot_msgs/share/ament_index/resource_index/package_run_dependencies/relbot_msgs
[3.318s] -- Up-to-date: /home/sdfr-ppd-01/SDfR/assignment6/install/relbot_msgs/share/ament_index/resource_index/parent_prefix_path/relbot_msgs
[3.319s] -- Up-to-date: /home/sdfr-ppd-01/SDfR/assignment6/install/relbot_msgs/share/relbot_msgs/environment/ament_prefix_path.sh
[3.320s] -- Up-to-date: /home/sdfr-ppd-01/SDfR/assignment6/install/relbot_msgs/share/relbot_msgs/environment/ament_prefix_path.dsv
[3.321s] -- Up-to-date: /home/sdfr-ppd-01/SDfR/assignment6/install/relbot_msgs/share/relbot_msgs/environment/path.sh
[3.323s] -- Up-to-date: /home/sdfr-ppd-01/SDfR/assignment6/install/relbot_msgs/share/relbot_msgs/environment/path.dsv
[3.329s] -- Up-to-date: /home/sdfr-ppd-01/SDfR/assignment6/install/relbot_msgs/share/relbot_msgs/local_setup.bash
[3.330s] -- Up-to-date: /home/sdfr-ppd-01/SDfR/assignment6/install/relbot_msgs/share/relbot_msgs/local_setup.sh
[3.331s] -- Up-to-date: /home/sdfr-ppd-01/SDfR/assignment6/install/relbot_msgs/share/relbot_msgs/local_setup.zsh
[3.332s] -- Up-to-date: /home/sdfr-ppd-01/SDfR/assignment6/install/relbot_msgs/share/relbot_msgs/local_setup.dsv
[3.333s] -- Installing: /home/sdfr-ppd-01/SDfR/assignment6/install/relbot_msgs/share/relbot_msgs/package.dsv
[3.335s] -- Up-to-date: /home/sdfr-ppd-01/SDfR/assignment6/install/relbot_msgs/share/ament_index/resource_index/packages/relbot_msgs
[3.337s] -- Up-to-date: /home/sdfr-ppd-01/SDfR/assignment6/install/relbot_msgs/share/relbot_msgs/cmake/export_relbot_msgs__rosidl_generator_cExport.cmake
[3.341s] -- Up-to-date: /home/sdfr-ppd-01/SDfR/assignment6/install/relbot_msgs/share/relbot_msgs/cmake/export_relbot_msgs__rosidl_generator_cExport-noconfig.cmake
[3.343s] -- Up-to-date: /home/sdfr-ppd-01/SDfR/assignment6/install/relbot_msgs/share/relbot_msgs/cmake/export_relbot_msgs__rosidl_typesupport_fastrtps_cExport.cmake
[3.346s] -- Up-to-date: /home/sdfr-ppd-01/SDfR/assignment6/install/relbot_msgs/share/relbot_msgs/cmake/export_relbot_msgs__rosidl_typesupport_fastrtps_cExport-noconfig.cmake
[3.347s] -- Up-to-date: /home/sdfr-ppd-01/SDfR/assignment6/install/relbot_msgs/share/relbot_msgs/cmake/relbot_msgs__rosidl_typesupport_introspection_cExport.cmake
[3.348s] -- Up-to-date: /home/sdfr-ppd-01/SDfR/assignment6/install/relbot_msgs/share/relbot_msgs/cmake/relbot_msgs__rosidl_typesupport_introspection_cExport-noconfig.cmake
[3.349s] -- Up-to-date: /home/sdfr-ppd-01/SDfR/assignment6/install/relbot_msgs/share/relbot_msgs/cmake/relbot_msgs__rosidl_typesupport_cExport.cmake
[3.350s] -- Up-to-date: /home/sdfr-ppd-01/SDfR/assignment6/install/relbot_msgs/share/relbot_msgs/cmake/relbot_msgs__rosidl_typesupport_cExport-noconfig.cmake
[3.352s] -- Up-to-date: /home/sdfr-ppd-01/SDfR/assignment6/install/relbot_msgs/share/relbot_msgs/cmake/export_relbot_msgs__rosidl_generator_cppExport.cmake
[3.354s] -- Up-to-date: /home/sdfr-ppd-01/SDfR/assignment6/install/relbot_msgs/share/relbot_msgs/cmake/export_relbot_msgs__rosidl_typesupport_fastrtps_cppExport.cmake
[3.356s] -- Up-to-date: /home/sdfr-ppd-01/SDfR/assignment6/install/relbot_msgs/share/relbot_msgs/cmake/export_relbot_msgs__rosidl_typesupport_fastrtps_cppExport-noconfig.cmake
[3.357s] -- Up-to-date: /home/sdfr-ppd-01/SDfR/assignment6/install/relbot_msgs/share/relbot_msgs/cmake/relbot_msgs__rosidl_typesupport_introspection_cppExport.cmake
[3.359s] -- Up-to-date: /home/sdfr-ppd-01/SDfR/assignment6/install/relbot_msgs/share/relbot_msgs/cmake/relbot_msgs__rosidl_typesupport_introspection_cppExport-noconfig.cmake
[3.361s] -- Up-to-date: /home/sdfr-ppd-01/SDfR/assignment6/install/relbot_msgs/share/relbot_msgs/cmake/relbot_msgs__rosidl_typesupport_cppExport.cmake
[3.364s] -- Up-to-date: /home/sdfr-ppd-01/SDfR/assignment6/install/relbot_msgs/share/relbot_msgs/cmake/relbot_msgs__rosidl_typesupport_cppExport-noconfig.cmake
[3.366s] -- Up-to-date: /home/sdfr-ppd-01/SDfR/assignment6/install/relbot_msgs/share/relbot_msgs/cmake/export_relbot_msgs__rosidl_generator_pyExport.cmake
[3.368s] -- Up-to-date: /home/sdfr-ppd-01/SDfR/assignment6/install/relbot_msgs/share/relbot_msgs/cmake/export_relbot_msgs__rosidl_generator_pyExport-noconfig.cmake
[3.369s] -- Up-to-date: /home/sdfr-ppd-01/SDfR/assignment6/install/relbot_msgs/share/relbot_msgs/cmake/rosidl_cmake-extras.cmake
[3.371s] -- Up-to-date: /home/sdfr-ppd-01/SDfR/assignment6/install/relbot_msgs/share/relbot_msgs/cmake/ament_cmake_export_dependencies-extras.cmake
[3.376s] -- Up-to-date: /home/sdfr-ppd-01/SDfR/assignment6/install/relbot_msgs/share/relbot_msgs/cmake/ament_cmake_export_include_directories-extras.cmake
[3.378s] -- Up-to-date: /home/sdfr-ppd-01/SDfR/assignment6/install/relbot_msgs/share/relbot_msgs/cmake/ament_cmake_export_libraries-extras.cmake
[3.381s] -- Up-to-date: /home/sdfr-ppd-01/SDfR/assignment6/install/relbot_msgs/share/relbot_msgs/cmake/ament_cmake_export_targets-extras.cmake
[3.382s] -- Up-to-date: /home/sdfr-ppd-01/SDfR/assignment6/install/relbot_msgs/share/relbot_msgs/cmake/rosidl_cmake_export_typesupport_targets-extras.cmake
[3.384s] -- Up-to-date: /home/sdfr-ppd-01/SDfR/assignment6/install/relbot_msgs/share/relbot_msgs/cmake/rosidl_cmake_export_typesupport_libraries-extras.cmake
[3.387s] -- Up-to-date: /home/sdfr-ppd-01/SDfR/assignment6/install/relbot_msgs/share/relbot_msgs/cmake/relbot_msgsConfig.cmake
[3.389s] -- Up-to-date: /home/sdfr-ppd-01/SDfR/assignment6/install/relbot_msgs/share/relbot_msgs/cmake/relbot_msgsConfig-version.cmake
[3.393s] -- Up-to-date: /home/sdfr-ppd-01/SDfR/assignment6/install/relbot_msgs/share/relbot_msgs/package.xml
[3.400s] Invoked command in '/home/sdfr-ppd-01/SDfR/assignment6/build/relbot_msgs' returned '0': CMAKE_PREFIX_PATH=${CMAKE_PREFIX_PATH}:/opt/ros/humble /usr/bin/cmake --install /home/sdfr-ppd-01/SDfR/assignment6/build/relbot_msgs
