[0.029s] Invoking command in '/home/sdfr-ppd-01/SDfR/assignment6/build/xrf2_msgs': CMAKE_PREFIX_PATH=/opt/ros/humble /usr/bin/cmake /home/sdfr-ppd-01/SDfR/assignment6/XRF2/XenoRosFramework/Common/XRF2_msgs -DCMAKE_INSTALL_PREFIX=/home/sdfr-ppd-01/SDfR/assignment6/install/xrf2_msgs
[0.217s] -- The C compiler identification is GNU 11.4.0
[0.430s] -- The CXX compiler identification is GNU 11.4.0
[0.462s] -- Detecting C compiler ABI info
[0.713s] -- Detecting C compiler ABI info - done
[0.740s] -- Check for working C compiler: /usr/bin/cc - skipped
[0.741s] -- Detecting C compile features
[0.742s] -- Detecting C compile features - done
[0.751s] -- Detecting CXX compiler ABI info
[1.219s] -- Detecting CXX compiler ABI info - done
[1.255s] -- Check for working CXX compiler: /usr/bin/c++ - skipped
[1.256s] -- Detecting CXX compile features
[1.257s] -- Detecting CXX compile features - done
[1.265s] -- Found ament_cmake: 1.3.11 (/opt/ros/humble/share/ament_cmake/cmake)
[1.828s] -- Found Python3: /usr/bin/python3 (found version "3.10.12") found components: Interpreter 
[2.180s] -- Found rosidl_default_generators: 1.2.0 (/opt/ros/humble/share/rosidl_default_generators/cmake)
[2.193s] -- Using all available rosidl_typesupport_c: rosidl_typesupport_fastrtps_c;rosidl_typesupport_introspection_c
[2.218s] -- Found rosidl_adapter: 3.1.6 (/opt/ros/humble/share/rosidl_adapter/cmake)
[2.324s] -- Using all available rosidl_typesupport_cpp: rosidl_typesupport_fastrtps_cpp;rosidl_typesupport_introspection_cpp
[3.405s] -- Found ament_cmake_ros: 0.10.0 (/opt/ros/humble/share/ament_cmake_ros/cmake)
[4.183s] -- Using all available rosidl_typesupport_c: rosidl_typesupport_fastrtps_c;rosidl_typesupport_introspection_c
[5.222s] -- Using all available rosidl_typesupport_cpp: rosidl_typesupport_fastrtps_cpp;rosidl_typesupport_introspection_cpp
[5.317s] -- Found PythonInterp: /usr/bin/python3 (found suitable version "3.10.12", minimum required is "3.6") 
[5.324s] -- Found python_cmake_module: 0.10.0 (/opt/ros/humble/share/python_cmake_module/cmake)
[5.445s] -- Found PythonLibs: /usr/lib/aarch64-linux-gnu/libpython3.10.so (found suitable version "3.10.12", minimum required is "3.5") 
[5.448s] -- Using PYTHON_EXECUTABLE: /usr/bin/python3
[5.452s] -- Using PYTHON_INCLUDE_DIRS: /usr/include/python3.10
[5.455s] -- Using PYTHON_LIBRARIES: /usr/lib/aarch64-linux-gnu/libpython3.10.so
[5.538s] -- Found PythonExtra: .so  
[5.714s] -- Found ament_lint_auto: 0.12.11 (/opt/ros/humble/share/ament_lint_auto/cmake)
[5.785s] -- Added test 'lint_cmake' to check CMake code style
[5.788s] -- Added test 'xmllint' to check XML markup files
[5.803s] -- Configuring done
[5.965s] -- Generating done
[6.027s] -- Build files have been written to: /home/sdfr-ppd-01/SDfR/assignment6/build/xrf2_msgs
[6.045s] Invoked command in '/home/sdfr-ppd-01/SDfR/assignment6/build/xrf2_msgs' returned '0': CMAKE_PREFIX_PATH=/opt/ros/humble /usr/bin/cmake /home/sdfr-ppd-01/SDfR/assignment6/XRF2/XenoRosFramework/Common/XRF2_msgs -DCMAKE_INSTALL_PREFIX=/home/sdfr-ppd-01/SDfR/assignment6/install/xrf2_msgs
[6.057s] Invoking command in '/home/sdfr-ppd-01/SDfR/assignment6/build/xrf2_msgs': CMAKE_PREFIX_PATH=/opt/ros/humble /usr/bin/cmake --build /home/sdfr-ppd-01/SDfR/assignment6/build/xrf2_msgs -- -j3 -l3
[6.183s] [  2%] Generating C code for ROS interfaces
[6.230s] [  5%] Generating C++ code for ROS interfaces
[6.233s] [  5%] Built target ament_cmake_python_copy_xrf2_msgs
[7.589s] running egg_info
[7.592s] creating xrf2_msgs.egg-info
[7.595s] writing xrf2_msgs.egg-info/PKG-INFO
[7.597s] writing dependency_links to xrf2_msgs.egg-info/dependency_links.txt
[7.599s] writing top-level names to xrf2_msgs.egg-info/top_level.txt
[7.601s] writing manifest file 'xrf2_msgs.egg-info/SOURCES.txt'
[7.605s] reading manifest file 'xrf2_msgs.egg-info/SOURCES.txt'
[7.618s] writing manifest file 'xrf2_msgs.egg-info/SOURCES.txt'
[7.862s] [  5%] Built target ament_cmake_python_build_xrf2_msgs_egg
[8.103s] [ 10%] Building C object CMakeFiles/xrf2_msgs__rosidl_generator_c.dir/rosidl_generator_c/xrf2_msgs/msg/detail/xeno2_ros__functions.c.o
[8.105s] [ 10%] Building C object CMakeFiles/xrf2_msgs__rosidl_generator_c.dir/rosidl_generator_c/xrf2_msgs/msg/detail/ros2_xeno__functions.c.o
[8.125s] [ 10%] Built target xrf2_msgs__cpp
[8.162s] [ 12%] Generating C++ type support for eProsima Fast-RTPS
[8.286s] [ 15%] Generating C++ introspection for ROS interfaces
[8.310s] [ 17%] Linking C shared library libxrf2_msgs__rosidl_generator_c.so
[8.479s] [ 17%] Built target xrf2_msgs__rosidl_generator_c
[8.515s] [ 20%] Generating C++ type support dispatch for ROS interfaces
[9.569s] [ 23%] Building CXX object CMakeFiles/xrf2_msgs__rosidl_typesupport_introspection_cpp.dir/rosidl_typesupport_introspection_cpp/xrf2_msgs/msg/detail/ros2_xeno__type_support.cpp.o
[9.627s] [ 25%] Building CXX object CMakeFiles/xrf2_msgs__rosidl_typesupport_fastrtps_cpp.dir/rosidl_typesupport_fastrtps_cpp/xrf2_msgs/msg/detail/dds_fastrtps/ros2_xeno__type_support.cpp.o
[9.801s] [ 28%] Building CXX object CMakeFiles/xrf2_msgs__rosidl_typesupport_cpp.dir/rosidl_typesupport_cpp/xrf2_msgs/msg/ros2_xeno__type_support.cpp.o
[11.097s] [ 30%] Building CXX object CMakeFiles/xrf2_msgs__rosidl_typesupport_cpp.dir/rosidl_typesupport_cpp/xrf2_msgs/msg/xeno2_ros__type_support.cpp.o
[11.402s] [ 33%] Building CXX object CMakeFiles/xrf2_msgs__rosidl_typesupport_introspection_cpp.dir/rosidl_typesupport_introspection_cpp/xrf2_msgs/msg/detail/xeno2_ros__type_support.cpp.o
[11.499s] [ 35%] Building CXX object CMakeFiles/xrf2_msgs__rosidl_typesupport_fastrtps_cpp.dir/rosidl_typesupport_fastrtps_cpp/xrf2_msgs/msg/detail/dds_fastrtps/xeno2_ros__type_support.cpp.o
[12.394s] [ 38%] Linking CXX shared library libxrf2_msgs__rosidl_typesupport_cpp.so
[12.556s] [ 38%] Built target xrf2_msgs__rosidl_typesupport_cpp
[12.591s] [ 41%] Generating C type support for eProsima Fast-RTPS
[13.266s] [ 43%] Linking CXX shared library libxrf2_msgs__rosidl_typesupport_introspection_cpp.so
[13.407s] [ 43%] Built target xrf2_msgs__rosidl_typesupport_introspection_cpp
[13.446s] [ 46%] Generating C introspection for ROS interfaces
[13.550s] [ 48%] Linking CXX shared library libxrf2_msgs__rosidl_typesupport_fastrtps_cpp.so
[13.867s] [ 48%] Built target xrf2_msgs__rosidl_typesupport_fastrtps_cpp
[13.914s] [ 51%] Generating C type support dispatch for ROS interfaces
[14.101s] [ 53%] Building CXX object CMakeFiles/xrf2_msgs__rosidl_typesupport_fastrtps_c.dir/rosidl_typesupport_fastrtps_c/xrf2_msgs/msg/detail/ros2_xeno__type_support_c.cpp.o
[14.965s] [ 56%] Building C object CMakeFiles/xrf2_msgs__rosidl_typesupport_introspection_c.dir/rosidl_typesupport_introspection_c/xrf2_msgs/msg/detail/ros2_xeno__type_support.c.o
[15.109s] [ 58%] Building C object CMakeFiles/xrf2_msgs__rosidl_typesupport_introspection_c.dir/rosidl_typesupport_introspection_c/xrf2_msgs/msg/detail/xeno2_ros__type_support.c.o
[15.133s] [ 61%] Building CXX object CMakeFiles/xrf2_msgs__rosidl_typesupport_c.dir/rosidl_typesupport_c/xrf2_msgs/msg/ros2_xeno__type_support.cpp.o
[15.238s] [ 64%] Linking C shared library libxrf2_msgs__rosidl_typesupport_introspection_c.so
[15.246s] [ 66%] Building CXX object CMakeFiles/xrf2_msgs__rosidl_typesupport_c.dir/rosidl_typesupport_c/xrf2_msgs/msg/xeno2_ros__type_support.cpp.o
[15.354s] [ 69%] Linking CXX shared library libxrf2_msgs__rosidl_typesupport_c.so
[15.364s] [ 69%] Built target xrf2_msgs__rosidl_typesupport_introspection_c
[15.395s] [ 71%] Building CXX object CMakeFiles/xrf2_msgs__rosidl_typesupport_fastrtps_c.dir/rosidl_typesupport_fastrtps_c/xrf2_msgs/msg/detail/xeno2_ros__type_support_c.cpp.o
[15.496s] [ 71%] Built target xrf2_msgs__rosidl_typesupport_c
[16.646s] [ 74%] Linking CXX shared library libxrf2_msgs__rosidl_typesupport_fastrtps_c.so
[16.917s] [ 74%] Built target xrf2_msgs__rosidl_typesupport_fastrtps_c
[16.983s] [ 74%] Built target xrf2_msgs
[17.038s] [ 76%] Generating Python code for ROS interfaces
[18.456s] [ 76%] Built target xrf2_msgs__py
[18.516s] [ 82%] Building C object CMakeFiles/xrf2_msgs__rosidl_generator_py.dir/rosidl_generator_py/xrf2_msgs/msg/_xeno2_ros_s.c.o
[18.518s] [ 82%] Building C object CMakeFiles/xrf2_msgs__rosidl_generator_py.dir/rosidl_generator_py/xrf2_msgs/msg/_ros2_xeno_s.c.o
[18.885s] [ 84%] Linking C shared library rosidl_generator_py/xrf2_msgs/libxrf2_msgs__rosidl_generator_py.so
[19.026s] [ 84%] Built target xrf2_msgs__rosidl_generator_py
[19.089s] [ 89%] Building C object CMakeFiles/xrf2_msgs__rosidl_typesupport_fastrtps_c__pyext.dir/rosidl_generator_py/xrf2_msgs/_xrf2_msgs_s.ep.rosidl_typesupport_fastrtps_c.c.o
[19.091s] [ 92%] Building C object CMakeFiles/xrf2_msgs__rosidl_typesupport_introspection_c__pyext.dir/rosidl_generator_py/xrf2_msgs/_xrf2_msgs_s.ep.rosidl_typesupport_introspection_c.c.o
[19.093s] [ 92%] Building C object CMakeFiles/xrf2_msgs__rosidl_typesupport_c__pyext.dir/rosidl_generator_py/xrf2_msgs/_xrf2_msgs_s.ep.rosidl_typesupport_c.c.o
[19.440s] [ 94%] Linking C shared library rosidl_generator_py/xrf2_msgs/xrf2_msgs_s__rosidl_typesupport_c.cpython-310-aarch64-linux-gnu.so
[19.455s] [ 97%] Linking C shared library rosidl_generator_py/xrf2_msgs/xrf2_msgs_s__rosidl_typesupport_introspection_c.cpython-310-aarch64-linux-gnu.so
[19.474s] [100%] Linking C shared library rosidl_generator_py/xrf2_msgs/xrf2_msgs_s__rosidl_typesupport_fastrtps_c.cpython-310-aarch64-linux-gnu.so
[19.592s] [100%] Built target xrf2_msgs__rosidl_typesupport_c__pyext
[19.605s] [100%] Built target xrf2_msgs__rosidl_typesupport_introspection_c__pyext
[19.634s] [100%] Built target xrf2_msgs__rosidl_typesupport_fastrtps_c__pyext
[19.666s] Invoked command in '/home/sdfr-ppd-01/SDfR/assignment6/build/xrf2_msgs' returned '0': CMAKE_PREFIX_PATH=/opt/ros/humble /usr/bin/cmake --build /home/sdfr-ppd-01/SDfR/assignment6/build/xrf2_msgs -- -j3 -l3
[19.700s] Invoking command in '/home/sdfr-ppd-01/SDfR/assignment6/build/xrf2_msgs': CMAKE_PREFIX_PATH=/opt/ros/humble /usr/bin/cmake --install /home/sdfr-ppd-01/SDfR/assignment6/build/xrf2_msgs
[19.723s] -- Install configuration: ""
[19.726s] -- Installing: /home/sdfr-ppd-01/SDfR/assignment6/install/xrf2_msgs/share/ament_index/resource_index/rosidl_interfaces/xrf2_msgs
[19.729s] -- Installing: /home/sdfr-ppd-01/SDfR/assignment6/install/xrf2_msgs/include/xrf2_msgs/xrf2_msgs
[19.731s] -- Installing: /home/sdfr-ppd-01/SDfR/assignment6/install/xrf2_msgs/include/xrf2_msgs/xrf2_msgs/msg
[19.733s] -- Installing: /home/sdfr-ppd-01/SDfR/assignment6/install/xrf2_msgs/include/xrf2_msgs/xrf2_msgs/msg/rosidl_generator_c__visibility_control.h
[19.735s] -- Installing: /home/sdfr-ppd-01/SDfR/assignment6/install/xrf2_msgs/include/xrf2_msgs/xrf2_msgs/msg/detail
[19.736s] -- Installing: /home/sdfr-ppd-01/SDfR/assignment6/install/xrf2_msgs/include/xrf2_msgs/xrf2_msgs/msg/detail/ros2_xeno__functions.c
[19.739s] -- Installing: /home/sdfr-ppd-01/SDfR/assignment6/install/xrf2_msgs/include/xrf2_msgs/xrf2_msgs/msg/detail/ros2_xeno__struct.h
[19.741s] -- Installing: /home/sdfr-ppd-01/SDfR/assignment6/install/xrf2_msgs/include/xrf2_msgs/xrf2_msgs/msg/detail/ros2_xeno__functions.h
[19.743s] -- Installing: /home/sdfr-ppd-01/SDfR/assignment6/install/xrf2_msgs/include/xrf2_msgs/xrf2_msgs/msg/detail/xeno2_ros__struct.h
[19.744s] -- Installing: /home/sdfr-ppd-01/SDfR/assignment6/install/xrf2_msgs/include/xrf2_msgs/xrf2_msgs/msg/detail/xeno2_ros__functions.c
[19.747s] -- Installing: /home/sdfr-ppd-01/SDfR/assignment6/install/xrf2_msgs/include/xrf2_msgs/xrf2_msgs/msg/detail/xeno2_ros__functions.h
[19.749s] -- Installing: /home/sdfr-ppd-01/SDfR/assignment6/install/xrf2_msgs/include/xrf2_msgs/xrf2_msgs/msg/detail/ros2_xeno__type_support.h
[19.751s] -- Installing: /home/sdfr-ppd-01/SDfR/assignment6/install/xrf2_msgs/include/xrf2_msgs/xrf2_msgs/msg/detail/xeno2_ros__type_support.h
[19.752s] -- Installing: /home/sdfr-ppd-01/SDfR/assignment6/install/xrf2_msgs/include/xrf2_msgs/xrf2_msgs/msg/xeno2_ros.h
[19.755s] -- Installing: /home/sdfr-ppd-01/SDfR/assignment6/install/xrf2_msgs/include/xrf2_msgs/xrf2_msgs/msg/ros2_xeno.h
[19.757s] -- Installing: /home/sdfr-ppd-01/SDfR/assignment6/install/xrf2_msgs/share/xrf2_msgs/environment/library_path.sh
[19.759s] -- Installing: /home/sdfr-ppd-01/SDfR/assignment6/install/xrf2_msgs/share/xrf2_msgs/environment/library_path.dsv
[19.761s] -- Installing: /home/sdfr-ppd-01/SDfR/assignment6/install/xrf2_msgs/lib/libxrf2_msgs__rosidl_generator_c.so
[19.763s] -- Set runtime path of "/home/sdfr-ppd-01/SDfR/assignment6/install/xrf2_msgs/lib/libxrf2_msgs__rosidl_generator_c.so" to ""
[19.765s] -- Up-to-date: /home/sdfr-ppd-01/SDfR/assignment6/install/xrf2_msgs/include/xrf2_msgs/xrf2_msgs
[19.768s] -- Up-to-date: /home/sdfr-ppd-01/SDfR/assignment6/install/xrf2_msgs/include/xrf2_msgs/xrf2_msgs/msg
[19.771s] -- Up-to-date: /home/sdfr-ppd-01/SDfR/assignment6/install/xrf2_msgs/include/xrf2_msgs/xrf2_msgs/msg/detail
[19.773s] -- Installing: /home/sdfr-ppd-01/SDfR/assignment6/install/xrf2_msgs/include/xrf2_msgs/xrf2_msgs/msg/detail/xeno2_ros__rosidl_typesupport_fastrtps_c.h
[19.775s] -- Installing: /home/sdfr-ppd-01/SDfR/assignment6/install/xrf2_msgs/include/xrf2_msgs/xrf2_msgs/msg/detail/ros2_xeno__rosidl_typesupport_fastrtps_c.h
[19.777s] -- Installing: /home/sdfr-ppd-01/SDfR/assignment6/install/xrf2_msgs/include/xrf2_msgs/xrf2_msgs/msg/rosidl_typesupport_fastrtps_c__visibility_control.h
[19.780s] -- Installing: /home/sdfr-ppd-01/SDfR/assignment6/install/xrf2_msgs/lib/libxrf2_msgs__rosidl_typesupport_fastrtps_c.so
[19.782s] -- Set runtime path of "/home/sdfr-ppd-01/SDfR/assignment6/install/xrf2_msgs/lib/libxrf2_msgs__rosidl_typesupport_fastrtps_c.so" to ""
[19.783s] -- Up-to-date: /home/sdfr-ppd-01/SDfR/assignment6/install/xrf2_msgs/include/xrf2_msgs/xrf2_msgs
[19.785s] -- Up-to-date: /home/sdfr-ppd-01/SDfR/assignment6/install/xrf2_msgs/include/xrf2_msgs/xrf2_msgs/msg
[19.787s] -- Up-to-date: /home/sdfr-ppd-01/SDfR/assignment6/install/xrf2_msgs/include/xrf2_msgs/xrf2_msgs/msg/detail
[19.789s] -- Installing: /home/sdfr-ppd-01/SDfR/assignment6/install/xrf2_msgs/include/xrf2_msgs/xrf2_msgs/msg/detail/ros2_xeno__type_support.c
[19.793s] -- Installing: /home/sdfr-ppd-01/SDfR/assignment6/install/xrf2_msgs/include/xrf2_msgs/xrf2_msgs/msg/detail/xeno2_ros__type_support.c
[19.794s] -- Installing: /home/sdfr-ppd-01/SDfR/assignment6/install/xrf2_msgs/include/xrf2_msgs/xrf2_msgs/msg/detail/xeno2_ros__rosidl_typesupport_introspection_c.h
[19.797s] -- Installing: /home/sdfr-ppd-01/SDfR/assignment6/install/xrf2_msgs/include/xrf2_msgs/xrf2_msgs/msg/detail/ros2_xeno__rosidl_typesupport_introspection_c.h
[19.799s] -- Installing: /home/sdfr-ppd-01/SDfR/assignment6/install/xrf2_msgs/include/xrf2_msgs/xrf2_msgs/msg/rosidl_typesupport_introspection_c__visibility_control.h
[19.801s] -- Installing: /home/sdfr-ppd-01/SDfR/assignment6/install/xrf2_msgs/lib/libxrf2_msgs__rosidl_typesupport_introspection_c.so
[19.803s] -- Set runtime path of "/home/sdfr-ppd-01/SDfR/assignment6/install/xrf2_msgs/lib/libxrf2_msgs__rosidl_typesupport_introspection_c.so" to ""
[19.805s] -- Installing: /home/sdfr-ppd-01/SDfR/assignment6/install/xrf2_msgs/lib/libxrf2_msgs__rosidl_typesupport_c.so
[19.807s] -- Set runtime path of "/home/sdfr-ppd-01/SDfR/assignment6/install/xrf2_msgs/lib/libxrf2_msgs__rosidl_typesupport_c.so" to ""
[19.809s] -- Up-to-date: /home/sdfr-ppd-01/SDfR/assignment6/install/xrf2_msgs/include/xrf2_msgs/xrf2_msgs
[19.811s] -- Up-to-date: /home/sdfr-ppd-01/SDfR/assignment6/install/xrf2_msgs/include/xrf2_msgs/xrf2_msgs/msg
[19.813s] -- Installing: /home/sdfr-ppd-01/SDfR/assignment6/install/xrf2_msgs/include/xrf2_msgs/xrf2_msgs/msg/rosidl_generator_cpp__visibility_control.hpp
[19.815s] -- Installing: /home/sdfr-ppd-01/SDfR/assignment6/install/xrf2_msgs/include/xrf2_msgs/xrf2_msgs/msg/xeno2_ros.hpp
[19.816s] -- Up-to-date: /home/sdfr-ppd-01/SDfR/assignment6/install/xrf2_msgs/include/xrf2_msgs/xrf2_msgs/msg/detail
[19.818s] -- Installing: /home/sdfr-ppd-01/SDfR/assignment6/install/xrf2_msgs/include/xrf2_msgs/xrf2_msgs/msg/detail/ros2_xeno__builder.hpp
[19.819s] -- Installing: /home/sdfr-ppd-01/SDfR/assignment6/install/xrf2_msgs/include/xrf2_msgs/xrf2_msgs/msg/detail/xeno2_ros__struct.hpp
[19.821s] -- Installing: /home/sdfr-ppd-01/SDfR/assignment6/install/xrf2_msgs/include/xrf2_msgs/xrf2_msgs/msg/detail/ros2_xeno__traits.hpp
[19.822s] -- Installing: /home/sdfr-ppd-01/SDfR/assignment6/install/xrf2_msgs/include/xrf2_msgs/xrf2_msgs/msg/detail/xeno2_ros__type_support.hpp
[19.824s] -- Installing: /home/sdfr-ppd-01/SDfR/assignment6/install/xrf2_msgs/include/xrf2_msgs/xrf2_msgs/msg/detail/ros2_xeno__type_support.hpp
[19.825s] -- Installing: /home/sdfr-ppd-01/SDfR/assignment6/install/xrf2_msgs/include/xrf2_msgs/xrf2_msgs/msg/detail/ros2_xeno__struct.hpp
[19.827s] -- Installing: /home/sdfr-ppd-01/SDfR/assignment6/install/xrf2_msgs/include/xrf2_msgs/xrf2_msgs/msg/detail/xeno2_ros__builder.hpp
[19.828s] -- Installing: /home/sdfr-ppd-01/SDfR/assignment6/install/xrf2_msgs/include/xrf2_msgs/xrf2_msgs/msg/detail/xeno2_ros__traits.hpp
[19.829s] -- Installing: /home/sdfr-ppd-01/SDfR/assignment6/install/xrf2_msgs/include/xrf2_msgs/xrf2_msgs/msg/ros2_xeno.hpp
[19.830s] -- Up-to-date: /home/sdfr-ppd-01/SDfR/assignment6/install/xrf2_msgs/include/xrf2_msgs/xrf2_msgs
[19.832s] -- Up-to-date: /home/sdfr-ppd-01/SDfR/assignment6/install/xrf2_msgs/include/xrf2_msgs/xrf2_msgs/msg
[19.833s] -- Up-to-date: /home/sdfr-ppd-01/SDfR/assignment6/install/xrf2_msgs/include/xrf2_msgs/xrf2_msgs/msg/detail
[19.834s] -- Installing: /home/sdfr-ppd-01/SDfR/assignment6/install/xrf2_msgs/include/xrf2_msgs/xrf2_msgs/msg/detail/ros2_xeno__rosidl_typesupport_fastrtps_cpp.hpp
[19.835s] -- Installing: /home/sdfr-ppd-01/SDfR/assignment6/install/xrf2_msgs/include/xrf2_msgs/xrf2_msgs/msg/detail/xeno2_ros__rosidl_typesupport_fastrtps_cpp.hpp
[19.837s] -- Installing: /home/sdfr-ppd-01/SDfR/assignment6/install/xrf2_msgs/include/xrf2_msgs/xrf2_msgs/msg/detail/dds_fastrtps
[19.838s] -- Installing: /home/sdfr-ppd-01/SDfR/assignment6/install/xrf2_msgs/include/xrf2_msgs/xrf2_msgs/msg/rosidl_typesupport_fastrtps_cpp__visibility_control.h
[19.839s] -- Installing: /home/sdfr-ppd-01/SDfR/assignment6/install/xrf2_msgs/lib/libxrf2_msgs__rosidl_typesupport_fastrtps_cpp.so
[19.840s] -- Set runtime path of "/home/sdfr-ppd-01/SDfR/assignment6/install/xrf2_msgs/lib/libxrf2_msgs__rosidl_typesupport_fastrtps_cpp.so" to ""
[19.841s] -- Up-to-date: /home/sdfr-ppd-01/SDfR/assignment6/install/xrf2_msgs/include/xrf2_msgs/xrf2_msgs
[19.843s] -- Up-to-date: /home/sdfr-ppd-01/SDfR/assignment6/install/xrf2_msgs/include/xrf2_msgs/xrf2_msgs/msg
[19.844s] -- Up-to-date: /home/sdfr-ppd-01/SDfR/assignment6/install/xrf2_msgs/include/xrf2_msgs/xrf2_msgs/msg/detail
[19.846s] -- Installing: /home/sdfr-ppd-01/SDfR/assignment6/install/xrf2_msgs/include/xrf2_msgs/xrf2_msgs/msg/detail/xeno2_ros__type_support.cpp
[19.847s] -- Installing: /home/sdfr-ppd-01/SDfR/assignment6/install/xrf2_msgs/include/xrf2_msgs/xrf2_msgs/msg/detail/xeno2_ros__rosidl_typesupport_introspection_cpp.hpp
[19.849s] -- Installing: /home/sdfr-ppd-01/SDfR/assignment6/install/xrf2_msgs/include/xrf2_msgs/xrf2_msgs/msg/detail/ros2_xeno__type_support.cpp
[19.850s] -- Installing: /home/sdfr-ppd-01/SDfR/assignment6/install/xrf2_msgs/include/xrf2_msgs/xrf2_msgs/msg/detail/ros2_xeno__rosidl_typesupport_introspection_cpp.hpp
[19.851s] -- Installing: /home/sdfr-ppd-01/SDfR/assignment6/install/xrf2_msgs/lib/libxrf2_msgs__rosidl_typesupport_introspection_cpp.so
[19.852s] -- Set runtime path of "/home/sdfr-ppd-01/SDfR/assignment6/install/xrf2_msgs/lib/libxrf2_msgs__rosidl_typesupport_introspection_cpp.so" to ""
[19.854s] -- Installing: /home/sdfr-ppd-01/SDfR/assignment6/install/xrf2_msgs/lib/libxrf2_msgs__rosidl_typesupport_cpp.so
[19.855s] -- Set runtime path of "/home/sdfr-ppd-01/SDfR/assignment6/install/xrf2_msgs/lib/libxrf2_msgs__rosidl_typesupport_cpp.so" to ""
[19.856s] -- Installing: /home/sdfr-ppd-01/SDfR/assignment6/install/xrf2_msgs/share/xrf2_msgs/environment/pythonpath.sh
[19.857s] -- Installing: /home/sdfr-ppd-01/SDfR/assignment6/install/xrf2_msgs/share/xrf2_msgs/environment/pythonpath.dsv
[19.859s] -- Installing: /home/sdfr-ppd-01/SDfR/assignment6/install/xrf2_msgs/local/lib/python3.10/dist-packages/xrf2_msgs-0.0.0-py3.10.egg-info
[19.860s] -- Installing: /home/sdfr-ppd-01/SDfR/assignment6/install/xrf2_msgs/local/lib/python3.10/dist-packages/xrf2_msgs-0.0.0-py3.10.egg-info/SOURCES.txt
[19.861s] -- Installing: /home/sdfr-ppd-01/SDfR/assignment6/install/xrf2_msgs/local/lib/python3.10/dist-packages/xrf2_msgs-0.0.0-py3.10.egg-info/top_level.txt
[19.863s] -- Installing: /home/sdfr-ppd-01/SDfR/assignment6/install/xrf2_msgs/local/lib/python3.10/dist-packages/xrf2_msgs-0.0.0-py3.10.egg-info/dependency_links.txt
[19.864s] -- Installing: /home/sdfr-ppd-01/SDfR/assignment6/install/xrf2_msgs/local/lib/python3.10/dist-packages/xrf2_msgs-0.0.0-py3.10.egg-info/PKG-INFO
[19.865s] -- Installing: /home/sdfr-ppd-01/SDfR/assignment6/install/xrf2_msgs/local/lib/python3.10/dist-packages/xrf2_msgs
[19.866s] -- Installing: /home/sdfr-ppd-01/SDfR/assignment6/install/xrf2_msgs/local/lib/python3.10/dist-packages/xrf2_msgs/xrf2_msgs_s__rosidl_typesupport_c.cpython-310-aarch64-linux-gnu.so
[19.869s] -- Installing: /home/sdfr-ppd-01/SDfR/assignment6/install/xrf2_msgs/local/lib/python3.10/dist-packages/xrf2_msgs/msg
[19.871s] -- Installing: /home/sdfr-ppd-01/SDfR/assignment6/install/xrf2_msgs/local/lib/python3.10/dist-packages/xrf2_msgs/msg/_ros2_xeno.py
[19.873s] -- Installing: /home/sdfr-ppd-01/SDfR/assignment6/install/xrf2_msgs/local/lib/python3.10/dist-packages/xrf2_msgs/msg/__init__.py
[19.874s] -- Installing: /home/sdfr-ppd-01/SDfR/assignment6/install/xrf2_msgs/local/lib/python3.10/dist-packages/xrf2_msgs/msg/_xeno2_ros.py
[19.875s] -- Installing: /home/sdfr-ppd-01/SDfR/assignment6/install/xrf2_msgs/local/lib/python3.10/dist-packages/xrf2_msgs/msg/_ros2_xeno_s.c
[19.876s] -- Installing: /home/sdfr-ppd-01/SDfR/assignment6/install/xrf2_msgs/local/lib/python3.10/dist-packages/xrf2_msgs/msg/_xeno2_ros_s.c
[19.878s] -- Installing: /home/sdfr-ppd-01/SDfR/assignment6/install/xrf2_msgs/local/lib/python3.10/dist-packages/xrf2_msgs/_xrf2_msgs_s.ep.rosidl_typesupport_introspection_c.c
[19.879s] -- Installing: /home/sdfr-ppd-01/SDfR/assignment6/install/xrf2_msgs/local/lib/python3.10/dist-packages/xrf2_msgs/__init__.py
[19.880s] -- Installing: /home/sdfr-ppd-01/SDfR/assignment6/install/xrf2_msgs/local/lib/python3.10/dist-packages/xrf2_msgs/libxrf2_msgs__rosidl_generator_py.so
[19.882s] -- Installing: /home/sdfr-ppd-01/SDfR/assignment6/install/xrf2_msgs/local/lib/python3.10/dist-packages/xrf2_msgs/_xrf2_msgs_s.ep.rosidl_typesupport_c.c
[19.883s] -- Installing: /home/sdfr-ppd-01/SDfR/assignment6/install/xrf2_msgs/local/lib/python3.10/dist-packages/xrf2_msgs/xrf2_msgs_s__rosidl_typesupport_introspection_c.cpython-310-aarch64-linux-gnu.so
[19.884s] -- Installing: /home/sdfr-ppd-01/SDfR/assignment6/install/xrf2_msgs/local/lib/python3.10/dist-packages/xrf2_msgs/_xrf2_msgs_s.ep.rosidl_typesupport_fastrtps_c.c
[19.886s] -- Installing: /home/sdfr-ppd-01/SDfR/assignment6/install/xrf2_msgs/local/lib/python3.10/dist-packages/xrf2_msgs/xrf2_msgs_s__rosidl_typesupport_fastrtps_c.cpython-310-aarch64-linux-gnu.so
[19.971s] Listing '/home/sdfr-ppd-01/SDfR/assignment6/install/xrf2_msgs/local/lib/python3.10/dist-packages/xrf2_msgs'...
[19.974s] Compiling '/home/sdfr-ppd-01/SDfR/assignment6/install/xrf2_msgs/local/lib/python3.10/dist-packages/xrf2_msgs/__init__.py'...
[19.976s] Listing '/home/sdfr-ppd-01/SDfR/assignment6/install/xrf2_msgs/local/lib/python3.10/dist-packages/xrf2_msgs/msg'...
[19.978s] Compiling '/home/sdfr-ppd-01/SDfR/assignment6/install/xrf2_msgs/local/lib/python3.10/dist-packages/xrf2_msgs/msg/__init__.py'...
[19.980s] Compiling '/home/sdfr-ppd-01/SDfR/assignment6/install/xrf2_msgs/local/lib/python3.10/dist-packages/xrf2_msgs/msg/_ros2_xeno.py'...
[19.982s] Compiling '/home/sdfr-ppd-01/SDfR/assignment6/install/xrf2_msgs/local/lib/python3.10/dist-packages/xrf2_msgs/msg/_xeno2_ros.py'...
[19.997s] -- Installing: /home/sdfr-ppd-01/SDfR/assignment6/install/xrf2_msgs/local/lib/python3.10/dist-packages/xrf2_msgs/xrf2_msgs_s__rosidl_typesupport_fastrtps_c.cpython-310-aarch64-linux-gnu.so
[20.001s] -- Set runtime path of "/home/sdfr-ppd-01/SDfR/assignment6/install/xrf2_msgs/local/lib/python3.10/dist-packages/xrf2_msgs/xrf2_msgs_s__rosidl_typesupport_fastrtps_c.cpython-310-aarch64-linux-gnu.so" to ""
[20.002s] -- Installing: /home/sdfr-ppd-01/SDfR/assignment6/install/xrf2_msgs/local/lib/python3.10/dist-packages/xrf2_msgs/xrf2_msgs_s__rosidl_typesupport_introspection_c.cpython-310-aarch64-linux-gnu.so
[20.004s] -- Set runtime path of "/home/sdfr-ppd-01/SDfR/assignment6/install/xrf2_msgs/local/lib/python3.10/dist-packages/xrf2_msgs/xrf2_msgs_s__rosidl_typesupport_introspection_c.cpython-310-aarch64-linux-gnu.so" to ""
[20.006s] -- Installing: /home/sdfr-ppd-01/SDfR/assignment6/install/xrf2_msgs/local/lib/python3.10/dist-packages/xrf2_msgs/xrf2_msgs_s__rosidl_typesupport_c.cpython-310-aarch64-linux-gnu.so
[20.008s] -- Set runtime path of "/home/sdfr-ppd-01/SDfR/assignment6/install/xrf2_msgs/local/lib/python3.10/dist-packages/xrf2_msgs/xrf2_msgs_s__rosidl_typesupport_c.cpython-310-aarch64-linux-gnu.so" to ""
[20.009s] -- Installing: /home/sdfr-ppd-01/SDfR/assignment6/install/xrf2_msgs/lib/libxrf2_msgs__rosidl_generator_py.so
[20.011s] -- Set runtime path of "/home/sdfr-ppd-01/SDfR/assignment6/install/xrf2_msgs/lib/libxrf2_msgs__rosidl_generator_py.so" to ""
[20.014s] -- Installing: /home/sdfr-ppd-01/SDfR/assignment6/install/xrf2_msgs/share/xrf2_msgs/msg/Ros2Xeno.idl
[20.015s] -- Installing: /home/sdfr-ppd-01/SDfR/assignment6/install/xrf2_msgs/share/xrf2_msgs/msg/Xeno2Ros.idl
[20.017s] -- Installing: /home/sdfr-ppd-01/SDfR/assignment6/install/xrf2_msgs/share/xrf2_msgs/msg/Ros2Xeno.msg
[20.019s] -- Installing: /home/sdfr-ppd-01/SDfR/assignment6/install/xrf2_msgs/share/xrf2_msgs/msg/Xeno2Ros.msg
[20.021s] -- Installing: /home/sdfr-ppd-01/SDfR/assignment6/install/xrf2_msgs/share/ament_index/resource_index/package_run_dependencies/xrf2_msgs
[20.023s] -- Installing: /home/sdfr-ppd-01/SDfR/assignment6/install/xrf2_msgs/share/ament_index/resource_index/parent_prefix_path/xrf2_msgs
[20.025s] -- Installing: /home/sdfr-ppd-01/SDfR/assignment6/install/xrf2_msgs/share/xrf2_msgs/environment/ament_prefix_path.sh
[20.027s] -- Installing: /home/sdfr-ppd-01/SDfR/assignment6/install/xrf2_msgs/share/xrf2_msgs/environment/ament_prefix_path.dsv
[20.028s] -- Installing: /home/sdfr-ppd-01/SDfR/assignment6/install/xrf2_msgs/share/xrf2_msgs/environment/path.sh
[20.030s] -- Installing: /home/sdfr-ppd-01/SDfR/assignment6/install/xrf2_msgs/share/xrf2_msgs/environment/path.dsv
[20.031s] -- Installing: /home/sdfr-ppd-01/SDfR/assignment6/install/xrf2_msgs/share/xrf2_msgs/local_setup.bash
[20.039s] -- Installing: /home/sdfr-ppd-01/SDfR/assignment6/install/xrf2_msgs/share/xrf2_msgs/local_setup.sh
[20.040s] -- Installing: /home/sdfr-ppd-01/SDfR/assignment6/install/xrf2_msgs/share/xrf2_msgs/local_setup.zsh
[20.042s] -- Installing: /home/sdfr-ppd-01/SDfR/assignment6/install/xrf2_msgs/share/xrf2_msgs/local_setup.dsv
[20.043s] -- Installing: /home/sdfr-ppd-01/SDfR/assignment6/install/xrf2_msgs/share/xrf2_msgs/package.dsv
[20.045s] -- Installing: /home/sdfr-ppd-01/SDfR/assignment6/install/xrf2_msgs/share/ament_index/resource_index/packages/xrf2_msgs
[20.046s] -- Installing: /home/sdfr-ppd-01/SDfR/assignment6/install/xrf2_msgs/share/xrf2_msgs/cmake/export_xrf2_msgs__rosidl_generator_cExport.cmake
[20.048s] -- Installing: /home/sdfr-ppd-01/SDfR/assignment6/install/xrf2_msgs/share/xrf2_msgs/cmake/export_xrf2_msgs__rosidl_generator_cExport-noconfig.cmake
[20.049s] -- Installing: /home/sdfr-ppd-01/SDfR/assignment6/install/xrf2_msgs/share/xrf2_msgs/cmake/export_xrf2_msgs__rosidl_typesupport_fastrtps_cExport.cmake
[20.051s] -- Installing: /home/sdfr-ppd-01/SDfR/assignment6/install/xrf2_msgs/share/xrf2_msgs/cmake/export_xrf2_msgs__rosidl_typesupport_fastrtps_cExport-noconfig.cmake
[20.053s] -- Installing: /home/sdfr-ppd-01/SDfR/assignment6/install/xrf2_msgs/share/xrf2_msgs/cmake/xrf2_msgs__rosidl_typesupport_introspection_cExport.cmake
[20.054s] -- Installing: /home/sdfr-ppd-01/SDfR/assignment6/install/xrf2_msgs/share/xrf2_msgs/cmake/xrf2_msgs__rosidl_typesupport_introspection_cExport-noconfig.cmake
[20.056s] -- Installing: /home/sdfr-ppd-01/SDfR/assignment6/install/xrf2_msgs/share/xrf2_msgs/cmake/xrf2_msgs__rosidl_typesupport_cExport.cmake
[20.057s] -- Installing: /home/sdfr-ppd-01/SDfR/assignment6/install/xrf2_msgs/share/xrf2_msgs/cmake/xrf2_msgs__rosidl_typesupport_cExport-noconfig.cmake
[20.059s] -- Installing: /home/sdfr-ppd-01/SDfR/assignment6/install/xrf2_msgs/share/xrf2_msgs/cmake/export_xrf2_msgs__rosidl_generator_cppExport.cmake
[20.060s] -- Installing: /home/sdfr-ppd-01/SDfR/assignment6/install/xrf2_msgs/share/xrf2_msgs/cmake/export_xrf2_msgs__rosidl_typesupport_fastrtps_cppExport.cmake
[20.062s] -- Installing: /home/sdfr-ppd-01/SDfR/assignment6/install/xrf2_msgs/share/xrf2_msgs/cmake/export_xrf2_msgs__rosidl_typesupport_fastrtps_cppExport-noconfig.cmake
[20.064s] -- Installing: /home/sdfr-ppd-01/SDfR/assignment6/install/xrf2_msgs/share/xrf2_msgs/cmake/xrf2_msgs__rosidl_typesupport_introspection_cppExport.cmake
[20.065s] -- Installing: /home/sdfr-ppd-01/SDfR/assignment6/install/xrf2_msgs/share/xrf2_msgs/cmake/xrf2_msgs__rosidl_typesupport_introspection_cppExport-noconfig.cmake
[20.067s] -- Installing: /home/sdfr-ppd-01/SDfR/assignment6/install/xrf2_msgs/share/xrf2_msgs/cmake/xrf2_msgs__rosidl_typesupport_cppExport.cmake
[20.068s] -- Installing: /home/sdfr-ppd-01/SDfR/assignment6/install/xrf2_msgs/share/xrf2_msgs/cmake/xrf2_msgs__rosidl_typesupport_cppExport-noconfig.cmake
[20.070s] -- Installing: /home/sdfr-ppd-01/SDfR/assignment6/install/xrf2_msgs/share/xrf2_msgs/cmake/export_xrf2_msgs__rosidl_generator_pyExport.cmake
[20.071s] -- Installing: /home/sdfr-ppd-01/SDfR/assignment6/install/xrf2_msgs/share/xrf2_msgs/cmake/export_xrf2_msgs__rosidl_generator_pyExport-noconfig.cmake
[20.073s] -- Installing: /home/sdfr-ppd-01/SDfR/assignment6/install/xrf2_msgs/share/xrf2_msgs/cmake/rosidl_cmake-extras.cmake
[20.074s] -- Installing: /home/sdfr-ppd-01/SDfR/assignment6/install/xrf2_msgs/share/xrf2_msgs/cmake/ament_cmake_export_include_directories-extras.cmake
[20.075s] -- Installing: /home/sdfr-ppd-01/SDfR/assignment6/install/xrf2_msgs/share/xrf2_msgs/cmake/ament_cmake_export_libraries-extras.cmake
[20.076s] -- Installing: /home/sdfr-ppd-01/SDfR/assignment6/install/xrf2_msgs/share/xrf2_msgs/cmake/ament_cmake_export_targets-extras.cmake
[20.078s] -- Installing: /home/sdfr-ppd-01/SDfR/assignment6/install/xrf2_msgs/share/xrf2_msgs/cmake/rosidl_cmake_export_typesupport_targets-extras.cmake
[20.080s] -- Installing: /home/sdfr-ppd-01/SDfR/assignment6/install/xrf2_msgs/share/xrf2_msgs/cmake/ament_cmake_export_dependencies-extras.cmake
[20.083s] -- Installing: /home/sdfr-ppd-01/SDfR/assignment6/install/xrf2_msgs/share/xrf2_msgs/cmake/rosidl_cmake_export_typesupport_libraries-extras.cmake
[20.084s] -- Installing: /home/sdfr-ppd-01/SDfR/assignment6/install/xrf2_msgs/share/xrf2_msgs/cmake/xrf2_msgsConfig.cmake
[20.086s] -- Installing: /home/sdfr-ppd-01/SDfR/assignment6/install/xrf2_msgs/share/xrf2_msgs/cmake/xrf2_msgsConfig-version.cmake
[20.088s] -- Installing: /home/sdfr-ppd-01/SDfR/assignment6/install/xrf2_msgs/share/xrf2_msgs/package.xml
[20.090s] Invoked command in '/home/sdfr-ppd-01/SDfR/assignment6/build/xrf2_msgs' returned '0': CMAKE_PREFIX_PATH=/opt/ros/humble /usr/bin/cmake --install /home/sdfr-ppd-01/SDfR/assignment6/build/xrf2_msgs
