[0.051s] Invoking command in '/home/sdfr-ppd-01/SDfR/assignment6/build/ros_xeno_bridge': CMAKE_PREFIX_PATH=/home/sdfr-ppd-01/SDfR/assignment6/install/xrf2_msgs:/home/sdfr-ppd-01/SDfR/assignment6/install/ros_xeno_bridge:/home/sdfr-ppd-01/SDfR/assignment6/install/relbot_launch:/home/sdfr-ppd-01/SDfR/assignment6/install/relbot_simulator:/home/sdfr-ppd-01/SDfR/assignment6/install/relbot_sequence_controller:/home/sdfr-ppd-01/SDfR/assignment6/install/relbot_adapter:/home/sdfr-ppd-01/SDfR/assignment6/install/relbot_msgs:/home/sdfr-ppd-01/SDfR/assignment6/install/relbot2turtlesim:/home/sdfr-ppd-01/SDfR/assignment6/install/image_functions_sdfr:/home/sdfr-ppd-01/SDfR/assignment6/install/green_object_detector:/home/sdfr-ppd-01/SDfR/assignment6/install/cam2image_vm2ros:/opt/ros/humble /usr/bin/cmake --build /home/sdfr-ppd-01/SDfR/assignment6/build/ros_xeno_bridge -- -j3 -l3
[0.204s] [35m[1mConsolidate compiler generated dependencies of target RosXenoBridge[0m
[0.823s] [100%] Built target RosXenoBridge
[0.867s] Invoked command in '/home/sdfr-ppd-01/SDfR/assignment6/build/ros_xeno_bridge' returned '0': CMAKE_PREFIX_PATH=/home/sdfr-ppd-01/SDfR/assignment6/install/xrf2_msgs:/home/sdfr-ppd-01/SDfR/assignment6/install/ros_xeno_bridge:/home/sdfr-ppd-01/SDfR/assignment6/install/relbot_launch:/home/sdfr-ppd-01/SDfR/assignment6/install/relbot_simulator:/home/sdfr-ppd-01/SDfR/assignment6/install/relbot_sequence_controller:/home/sdfr-ppd-01/SDfR/assignment6/install/relbot_adapter:/home/sdfr-ppd-01/SDfR/assignment6/install/relbot_msgs:/home/sdfr-ppd-01/SDfR/assignment6/install/relbot2turtlesim:/home/sdfr-ppd-01/SDfR/assignment6/install/image_functions_sdfr:/home/sdfr-ppd-01/SDfR/assignment6/install/green_object_detector:/home/sdfr-ppd-01/SDfR/assignment6/install/cam2image_vm2ros:/opt/ros/humble /usr/bin/cmake --build /home/sdfr-ppd-01/SDfR/assignment6/build/ros_xeno_bridge -- -j3 -l3
[0.872s] Invoking command in '/home/sdfr-ppd-01/SDfR/assignment6/build/ros_xeno_bridge': CMAKE_PREFIX_PATH=/home/sdfr-ppd-01/SDfR/assignment6/install/xrf2_msgs:/home/sdfr-ppd-01/SDfR/assignment6/install/ros_xeno_bridge:/home/sdfr-ppd-01/SDfR/assignment6/install/relbot_launch:/home/sdfr-ppd-01/SDfR/assignment6/install/relbot_simulator:/home/sdfr-ppd-01/SDfR/assignment6/install/relbot_sequence_controller:/home/sdfr-ppd-01/SDfR/assignment6/install/relbot_adapter:/home/sdfr-ppd-01/SDfR/assignment6/install/relbot_msgs:/home/sdfr-ppd-01/SDfR/assignment6/install/relbot2turtlesim:/home/sdfr-ppd-01/SDfR/assignment6/install/image_functions_sdfr:/home/sdfr-ppd-01/SDfR/assignment6/install/green_object_detector:/home/sdfr-ppd-01/SDfR/assignment6/install/cam2image_vm2ros:/opt/ros/humble /usr/bin/cmake --install /home/sdfr-ppd-01/SDfR/assignment6/build/ros_xeno_bridge
[0.905s] -- Install configuration: ""
[0.910s] -- Up-to-date: /home/sdfr-ppd-01/SDfR/assignment6/install/ros_xeno_bridge/lib/ros_xeno_bridge/RosXenoBridge
[0.914s] -- Up-to-date: /home/sdfr-ppd-01/SDfR/assignment6/install/ros_xeno_bridge/share/ament_index/resource_index/package_run_dependencies/ros_xeno_bridge
[0.916s] -- Up-to-date: /home/sdfr-ppd-01/SDfR/assignment6/install/ros_xeno_bridge/share/ament_index/resource_index/parent_prefix_path/ros_xeno_bridge
[0.919s] -- Up-to-date: /home/sdfr-ppd-01/SDfR/assignment6/install/ros_xeno_bridge/share/ros_xeno_bridge/environment/ament_prefix_path.sh
[0.923s] -- Up-to-date: /home/sdfr-ppd-01/SDfR/assignment6/install/ros_xeno_bridge/share/ros_xeno_bridge/environment/ament_prefix_path.dsv
[0.926s] -- Up-to-date: /home/sdfr-ppd-01/SDfR/assignment6/install/ros_xeno_bridge/share/ros_xeno_bridge/environment/path.sh
[0.931s] -- Up-to-date: /home/sdfr-ppd-01/SDfR/assignment6/install/ros_xeno_bridge/share/ros_xeno_bridge/environment/path.dsv
[0.941s] -- Up-to-date: /home/sdfr-ppd-01/SDfR/assignment6/install/ros_xeno_bridge/share/ros_xeno_bridge/local_setup.bash
[0.946s] -- Up-to-date: /home/sdfr-ppd-01/SDfR/assignment6/install/ros_xeno_bridge/share/ros_xeno_bridge/local_setup.sh
[0.951s] -- Up-to-date: /home/sdfr-ppd-01/SDfR/assignment6/install/ros_xeno_bridge/share/ros_xeno_bridge/local_setup.zsh
[0.967s] -- Up-to-date: /home/sdfr-ppd-01/SDfR/assignment6/install/ros_xeno_bridge/share/ros_xeno_bridge/local_setup.dsv
[0.972s] -- Installing: /home/sdfr-ppd-01/SDfR/assignment6/install/ros_xeno_bridge/share/ros_xeno_bridge/package.dsv
[0.981s] -- Up-to-date: /home/sdfr-ppd-01/SDfR/assignment6/install/ros_xeno_bridge/share/ament_index/resource_index/packages/ros_xeno_bridge
[0.987s] -- Up-to-date: /home/sdfr-ppd-01/SDfR/assignment6/install/ros_xeno_bridge/share/ros_xeno_bridge/cmake/ros_xeno_bridgeConfig.cmake
[0.994s] -- Up-to-date: /home/sdfr-ppd-01/SDfR/assignment6/install/ros_xeno_bridge/share/ros_xeno_bridge/cmake/ros_xeno_bridgeConfig-version.cmake
[1.000s] -- Up-to-date: /home/sdfr-ppd-01/SDfR/assignment6/install/ros_xeno_bridge/share/ros_xeno_bridge/package.xml
[1.004s] Invoked command in '/home/sdfr-ppd-01/SDfR/assignment6/build/ros_xeno_bridge' returned '0': CMAKE_PREFIX_PATH=/home/sdfr-ppd-01/SDfR/assignment6/install/xrf2_msgs:/home/sdfr-ppd-01/SDfR/assignment6/install/ros_xeno_bridge:/home/sdfr-ppd-01/SDfR/assignment6/install/relbot_launch:/home/sdfr-ppd-01/SDfR/assignment6/install/relbot_simulator:/home/sdfr-ppd-01/SDfR/assignment6/install/relbot_sequence_controller:/home/sdfr-ppd-01/SDfR/assignment6/install/relbot_adapter:/home/sdfr-ppd-01/SDfR/assignment6/install/relbot_msgs:/home/sdfr-ppd-01/SDfR/assignment6/install/relbot2turtlesim:/home/sdfr-ppd-01/SDfR/assignment6/install/image_functions_sdfr:/home/sdfr-ppd-01/SDfR/assignment6/install/green_object_detector:/home/sdfr-ppd-01/SDfR/assignment6/install/cam2image_vm2ros:/opt/ros/humble /usr/bin/cmake --install /home/sdfr-ppd-01/SDfR/assignment6/build/ros_xeno_bridge
