[0.054s] Invoking command in '/home/jordan/SDfR/assignment5/build/relbot_simulator': CMAKE_PREFIX_PATH=${CMAKE_PREFIX_PATH}:/opt/ros/humble /usr/bin/cmake --build /home/jordan/SDfR/assignment5/build/relbot_simulator -- -j16 -l16
[0.222s] [100%] Built target relbot_simulator
[0.255s] Invoked command in '/home/jordan/SDfR/assignment5/build/relbot_simulator' returned '0': CMAKE_PREFIX_PATH=${CMAKE_PREFIX_PATH}:/opt/ros/humble /usr/bin/cmake --build /home/jordan/SDfR/assignment5/build/relbot_simulator -- -j16 -l16
[0.261s] Invoking command in '/home/jordan/SDfR/assignment5/build/relbot_simulator': CMAKE_PREFIX_PATH=${CMAKE_PREFIX_PATH}:/opt/ros/humble /usr/bin/cmake --install /home/jordan/SDfR/assignment5/build/relbot_simulator
[0.282s] -- Install configuration: ""
[0.284s] -- Up-to-date: /home/jordan/SDfR/assignment5/install/relbot_simulator/lib/relbot_simulator/relbot_simulator
[0.284s] -- Up-to-date: /home/jordan/SDfR/assignment5/install/relbot_simulator/include
[0.285s] -- Up-to-date: /home/jordan/SDfR/assignment5/install/relbot_simulator/include/xxtypes.h
[0.285s] -- Up-to-date: /home/jordan/SDfR/assignment5/install/relbot_simulator/include/xxfuncs.h
[0.286s] -- Up-to-date: /home/jordan/SDfR/assignment5/install/relbot_simulator/include/EulerAngles.h
[0.286s] -- Up-to-date: /home/jordan/SDfR/assignment5/install/relbot_simulator/include/xxinteg.cpp
[0.288s] -- Up-to-date: /home/jordan/SDfR/assignment5/install/relbot_simulator/include/MotionProfiles.h
[0.288s] -- Up-to-date: /home/jordan/SDfR/assignment5/install/relbot_simulator/include/xxmatrix.cpp
[0.289s] -- Up-to-date: /home/jordan/SDfR/assignment5/install/relbot_simulator/include/xxinverse.cpp
[0.289s] -- Up-to-date: /home/jordan/SDfR/assignment5/install/relbot_simulator/include/xxmatrix.h
[0.290s] -- Up-to-date: /home/jordan/SDfR/assignment5/install/relbot_simulator/include/EulerAngles.cpp
[0.290s] -- Up-to-date: /home/jordan/SDfR/assignment5/install/relbot_simulator/include/xxinverse.h
[0.291s] -- Up-to-date: /home/jordan/SDfR/assignment5/install/relbot_simulator/include/xxfuncs.cpp
[0.291s] -- Up-to-date: /home/jordan/SDfR/assignment5/install/relbot_simulator/include/xxmodel.h
[0.292s] -- Up-to-date: /home/jordan/SDfR/assignment5/install/relbot_simulator/include/MotionProfiles.cpp
[0.292s] -- Up-to-date: /home/jordan/SDfR/assignment5/install/relbot_simulator/include/xxinteg.h
[0.293s] -- Up-to-date: /home/jordan/SDfR/assignment5/install/relbot_simulator/share/ament_index/resource_index/package_run_dependencies/relbot_simulator
[0.293s] -- Up-to-date: /home/jordan/SDfR/assignment5/install/relbot_simulator/share/ament_index/resource_index/parent_prefix_path/relbot_simulator
[0.294s] -- Up-to-date: /home/jordan/SDfR/assignment5/install/relbot_simulator/share/relbot_simulator/environment/ament_prefix_path.sh
[0.295s] -- Up-to-date: /home/jordan/SDfR/assignment5/install/relbot_simulator/share/relbot_simulator/environment/ament_prefix_path.dsv
[0.296s] -- Up-to-date: /home/jordan/SDfR/assignment5/install/relbot_simulator/share/relbot_simulator/environment/path.sh
[0.296s] -- Up-to-date: /home/jordan/SDfR/assignment5/install/relbot_simulator/share/relbot_simulator/environment/path.dsv
[0.297s] -- Up-to-date: /home/jordan/SDfR/assignment5/install/relbot_simulator/share/relbot_simulator/local_setup.bash
[0.297s] -- Up-to-date: /home/jordan/SDfR/assignment5/install/relbot_simulator/share/relbot_simulator/local_setup.sh
[0.298s] -- Up-to-date: /home/jordan/SDfR/assignment5/install/relbot_simulator/share/relbot_simulator/local_setup.zsh
[0.298s] -- Up-to-date: /home/jordan/SDfR/assignment5/install/relbot_simulator/share/relbot_simulator/local_setup.dsv
[0.298s] -- Installing: /home/jordan/SDfR/assignment5/install/relbot_simulator/share/relbot_simulator/package.dsv
[0.299s] -- Up-to-date: /home/jordan/SDfR/assignment5/install/relbot_simulator/share/ament_index/resource_index/packages/relbot_simulator
[0.299s] -- Up-to-date: /home/jordan/SDfR/assignment5/install/relbot_simulator/share/relbot_simulator/cmake/relbot_simulatorConfig.cmake
[0.300s] -- Up-to-date: /home/jordan/SDfR/assignment5/install/relbot_simulator/share/relbot_simulator/cmake/relbot_simulatorConfig-version.cmake
[0.300s] -- Up-to-date: /home/jordan/SDfR/assignment5/install/relbot_simulator/share/relbot_simulator/package.xml
[0.333s] Invoked command in '/home/jordan/SDfR/assignment5/build/relbot_simulator' returned '0': CMAKE_PREFIX_PATH=${CMAKE_PREFIX_PATH}:/opt/ros/humble /usr/bin/cmake --install /home/jordan/SDfR/assignment5/build/relbot_simulator
