[0.044s] Invoking command in '/home/jordan/SDfR/assignment6/build/relbot2turtlesim': CMAKE_PREFIX_PATH=/opt/ros/humble /usr/bin/cmake --build /home/jordan/SDfR/assignment6/build/relbot2turtlesim -- -j16 -l16
[0.121s] [100%] Built target relbot2turtlesim
[0.164s] Invoked command in '/home/jordan/SDfR/assignment6/build/relbot2turtlesim' returned '0': CMAKE_PREFIX_PATH=/opt/ros/humble /usr/bin/cmake --build /home/jordan/SDfR/assignment6/build/relbot2turtlesim -- -j16 -l16
[0.166s] Invoking command in '/home/jordan/SDfR/assignment6/build/relbot2turtlesim': CMAKE_PREFIX_PATH=/opt/ros/humble /usr/bin/cmake --install /home/jordan/SDfR/assignment6/build/relbot2turtlesim
[0.200s] -- Install configuration: ""
[0.201s] -- Up-to-date: /home/jordan/SDfR/assignment6/install/relbot2turtlesim/lib/relbot2turtlesim/relbot2turtlesim
[0.202s] -- Up-to-date: /home/jordan/SDfR/assignment6/install/relbot2turtlesim/share/ament_index/resource_index/package_run_dependencies/relbot2turtlesim
[0.202s] -- Up-to-date: /home/jordan/SDfR/assignment6/install/relbot2turtlesim/share/ament_index/resource_index/parent_prefix_path/relbot2turtlesim
[0.203s] -- Up-to-date: /home/jordan/SDfR/assignment6/install/relbot2turtlesim/share/relbot2turtlesim/environment/ament_prefix_path.sh
[0.203s] -- Up-to-date: /home/jordan/SDfR/assignment6/install/relbot2turtlesim/share/relbot2turtlesim/environment/ament_prefix_path.dsv
[0.203s] -- Up-to-date: /home/jordan/SDfR/assignment6/install/relbot2turtlesim/share/relbot2turtlesim/environment/path.sh
[0.203s] -- Up-to-date: /home/jordan/SDfR/assignment6/install/relbot2turtlesim/share/relbot2turtlesim/environment/path.dsv
[0.203s] -- Up-to-date: /home/jordan/SDfR/assignment6/install/relbot2turtlesim/share/relbot2turtlesim/local_setup.bash
[0.203s] -- Up-to-date: /home/jordan/SDfR/assignment6/install/relbot2turtlesim/share/relbot2turtlesim/local_setup.sh
[0.204s] -- Up-to-date: /home/jordan/SDfR/assignment6/install/relbot2turtlesim/share/relbot2turtlesim/local_setup.zsh
[0.204s] -- Up-to-date: /home/jordan/SDfR/assignment6/install/relbot2turtlesim/share/relbot2turtlesim/local_setup.dsv
[0.204s] -- Installing: /home/jordan/SDfR/assignment6/install/relbot2turtlesim/share/relbot2turtlesim/package.dsv
[0.204s] -- Up-to-date: /home/jordan/SDfR/assignment6/install/relbot2turtlesim/share/ament_index/resource_index/packages/relbot2turtlesim
[0.204s] -- Up-to-date: /home/jordan/SDfR/assignment6/install/relbot2turtlesim/share/relbot2turtlesim/cmake/relbot2turtlesimConfig.cmake
[0.204s] -- Up-to-date: /home/jordan/SDfR/assignment6/install/relbot2turtlesim/share/relbot2turtlesim/cmake/relbot2turtlesimConfig-version.cmake
[0.205s] -- Up-to-date: /home/jordan/SDfR/assignment6/install/relbot2turtlesim/share/relbot2turtlesim/package.xml
[0.218s] Invoked command in '/home/jordan/SDfR/assignment6/build/relbot2turtlesim' returned '0': CMAKE_PREFIX_PATH=/opt/ros/humble /usr/bin/cmake --install /home/jordan/SDfR/assignment6/build/relbot2turtlesim
