[0.529s] Invoking command in '/home/jordan/SDfR/assignment6/build/relbot_adapter': AMENT_PREFIX_PATH=/home/jordan/SDfR/assignment6/install/relbot_msgs:${AMENT_PREFIX_PATH} CMAKE_PREFIX_PATH=/home/jordan/SDfR/assignment6/install/relbot_msgs:/opt/ros/humble LD_LIBRARY_PATH=/home/jordan/SDfR/assignment6/install/relbot_msgs/lib:${LD_LIBRARY_PATH} PYTHONPATH=/home/jordan/SDfR/assignment6/install/relbot_msgs/local/lib/python3.10/dist-packages:${PYTHONPATH} /usr/bin/cmake /home/jordan/SDfR/assignment6/src/relbot_adapter -DCMAKE_INSTALL_PREFIX=/home/jordan/SDfR/assignment6/install/relbot_adapter
[1.306s] -- The C compiler identification is GNU 11.4.0
[4.163s] -- The CXX compiler identification is GNU 11.4.0
[7.201s] -- Detecting C compiler ABI info
[8.255s] -- Detecting C compiler ABI info - done
[8.278s] -- Check for working C compiler: /usr/bin/cc - skipped
[8.279s] -- Detecting C compile features
[8.282s] -- Detecting C compile features - done
[8.290s] -- Detecting CXX compiler ABI info
[9.172s] -- Detecting CXX compiler ABI info - done
[9.193s] -- Check for working CXX compiler: /usr/bin/c++ - skipped
[9.194s] -- Detecting CXX compile features
[9.195s] -- Detecting CXX compile features - done
[9.204s] -- Found ament_cmake: 1.3.13 (/opt/ros/humble/share/ament_cmake/cmake)
[9.837s] -- Found Python3: /usr/bin/python3 (found version "3.10.12") found components: Interpreter 
[10.216s] -- Found rclcpp: 16.0.18 (/opt/ros/humble/share/rclcpp/cmake)
[11.165s] -- Found rosidl_generator_c: 3.1.8 (/opt/ros/humble/share/rosidl_generator_c/cmake)
[11.189s] -- Found rosidl_adapter: 3.1.8 (/opt/ros/humble/share/rosidl_adapter/cmake)
[11.247s] -- Found rosidl_generator_cpp: 3.1.8 (/opt/ros/humble/share/rosidl_generator_cpp/cmake)
[11.307s] -- Using all available rosidl_typesupport_c: rosidl_typesupport_fastrtps_c;rosidl_typesupport_introspection_c
[11.383s] -- Using all available rosidl_typesupport_cpp: rosidl_typesupport_fastrtps_cpp;rosidl_typesupport_introspection_cpp
[11.578s] -- Found rmw_implementation_cmake: 6.1.2 (/opt/ros/humble/share/rmw_implementation_cmake/cmake)
[11.587s] -- Found rmw_fastrtps_cpp: 6.2.10 (/opt/ros/humble/share/rmw_fastrtps_cpp/cmake)
[19.548s] -- Found OpenSSL: /usr/lib/x86_64-linux-gnu/libcrypto.so (found version "3.0.2")  
[27.292s] -- Found FastRTPS: /opt/ros/humble/include  
[39.946s] -- Using RMW implementation 'rmw_fastrtps_cpp' as default
[39.966s] -- Looking for pthread.h
[40.618s] -- Looking for pthread.h - found
[40.620s] -- Performing Test CMAKE_HAVE_LIBC_PTHREAD
[41.279s] -- Performing Test CMAKE_HAVE_LIBC_PTHREAD - Success
[41.282s] -- Found Threads: TRUE  
[41.393s] -- Found example_interfaces: 0.9.3 (/opt/ros/humble/share/example_interfaces/cmake)
[41.482s] -- Found geometry_msgs: 4.9.1 (/opt/ros/humble/share/geometry_msgs/cmake)
[41.511s] -- Found relbot_msgs: 2025.2.0 (/home/jordan/SDfR/assignment6/install/relbot_msgs/share/relbot_msgs/cmake)
[47.461s] -- xrf2_msgs not found, building without xrf2 support.
[47.470s] -- Found ament_lint_auto: 0.12.15 (/opt/ros/humble/share/ament_lint_auto/cmake)
[47.737s] -- Added test 'cppcheck' to perform static code analysis on C / C++ code
[47.737s] -- Configured cppcheck include dirs: /home/jordan/SDfR/assignment6/src/relbot_adapter/include;$<BUILD_INTERFACE:/home/jordan/SDfR/assignment6/src/relbot_adapter/include>
[47.737s] -- Configured cppcheck exclude dirs and/or files: 
[47.739s] -- Added test 'lint_cmake' to check CMake code style
[47.744s] -- Added test 'uncrustify' to check C / C++ code style
[47.744s] -- Configured uncrustify additional arguments: 
[47.746s] -- Added test 'xmllint' to check XML markup files
[47.752s] -- Configuring done
[47.809s] -- Generating done
[47.820s] -- Build files have been written to: /home/jordan/SDfR/assignment6/build/relbot_adapter
