[0.797s] DEBUG:colcon:Command line arguments: ['/usr/bin/colcon', 'list', '--base-paths', 'assignment6/src', '--topological-order']
[0.797s] DEBUG:colcon:Parsed command line arguments: Namespace(log_base=None, log_level=None, verb_name='list', build_base='build', ignore_user_meta=False, metas=['./colcon.meta'], base_paths=['assignment6/src'], packages_ignore=None, packages_ignore_regex=None, paths=None, packages_up_to=None, packages_up_to_regex=None, packages_above=None, packages_above_and_dependencies=None, packages_above_depth=None, packages_select_by_dep=None, packages_skip_by_dep=None, packages_skip_up_to=None, packages_select_build_failed=False, packages_skip_build_finished=False, packages_select_test_failures=False, packages_skip_test_passed=False, packages_select=None, packages_skip=None, packages_select_regex=None, packages_skip_regex=None, packages_start=None, packages_end=None, allow_overriding=[], topological_order=True, names_only=False, paths_only=False, topological_graph=False, topological_graph_dot=False, topological_graph_density=False, topological_graph_legend=False, topological_graph_dot_cluster=False, topological_graph_dot_include_skipped=False, mixin_files=None, mixin=None, verb_parser=<colcon_mixin.mixin.mixin_argument.MixinArgumentDecorator object at 0x794a03d46050>, verb_extension=<colcon_package_information.verb.list.ListVerb object at 0x794a03ebebf0>, main=<bound method ListVerb.main of <colcon_package_information.verb.list.ListVerb object at 0x794a03ebebf0>>, mixin_verb=('list',))
[1.236s] Level 1:colcon.colcon_core.package_discovery:discover_packages(colcon_meta) check parameters
[1.237s] Level 1:colcon.colcon_core.package_discovery:discover_packages(recursive) check parameters
[1.237s] Level 1:colcon.colcon_core.package_discovery:discover_packages(ignore) check parameters
[1.237s] Level 1:colcon.colcon_core.package_discovery:discover_packages(path) check parameters
[1.237s] Level 1:colcon.colcon_core.package_discovery:discover_packages(recursive) discover
[1.237s] INFO:colcon.colcon_core.package_discovery:Crawling recursively for packages in '/home/jordan/SDfR/assignment6/src'
[1.238s] Level 1:colcon.colcon_core.package_identification:_identify(assignment6/src) by extensions ['ignore', 'ignore_ament_install']
[1.239s] Level 1:colcon.colcon_core.package_identification:_identify(assignment6/src) by extension 'ignore'
[1.239s] Level 1:colcon.colcon_core.package_identification:_identify(assignment6/src) by extension 'ignore_ament_install'
[1.239s] Level 1:colcon.colcon_core.package_identification:_identify(assignment6/src) by extensions ['colcon_pkg']
[1.240s] Level 1:colcon.colcon_core.package_identification:_identify(assignment6/src) by extension 'colcon_pkg'
[1.240s] Level 1:colcon.colcon_core.package_identification:_identify(assignment6/src) by extensions ['colcon_meta']
[1.240s] Level 1:colcon.colcon_core.package_identification:_identify(assignment6/src) by extension 'colcon_meta'
[1.240s] Level 1:colcon.colcon_core.package_identification:_identify(assignment6/src) by extensions ['ros']
[1.240s] Level 1:colcon.colcon_core.package_identification:_identify(assignment6/src) by extension 'ros'
[1.268s] Level 1:colcon.colcon_core.package_identification:_identify(assignment6/src) by extensions ['cmake', 'python']
[1.268s] Level 1:colcon.colcon_core.package_identification:_identify(assignment6/src) by extension 'cmake'
[1.269s] Level 1:colcon.colcon_core.package_identification:_identify(assignment6/src) by extension 'python'
[1.269s] Level 1:colcon.colcon_core.package_identification:_identify(assignment6/src) by extensions ['python_setup_py']
[1.269s] Level 1:colcon.colcon_core.package_identification:_identify(assignment6/src) by extension 'python_setup_py'
[1.269s] Level 1:colcon.colcon_core.package_identification:_identify(assignment6/src/Template-20sim) by extensions ['ignore', 'ignore_ament_install']
[1.269s] Level 1:colcon.colcon_core.package_identification:_identify(assignment6/src/Template-20sim) by extension 'ignore'
[1.270s] Level 1:colcon.colcon_core.package_identification:_identify(assignment6/src/Template-20sim) by extension 'ignore_ament_install'
[1.270s] Level 1:colcon.colcon_core.package_identification:_identify(assignment6/src/Template-20sim) by extensions ['colcon_pkg']
[1.270s] Level 1:colcon.colcon_core.package_identification:_identify(assignment6/src/Template-20sim) by extension 'colcon_pkg'
[1.270s] Level 1:colcon.colcon_core.package_identification:_identify(assignment6/src/Template-20sim) by extensions ['colcon_meta']
[1.270s] Level 1:colcon.colcon_core.package_identification:_identify(assignment6/src/Template-20sim) by extension 'colcon_meta'
[1.270s] Level 1:colcon.colcon_core.package_identification:_identify(assignment6/src/Template-20sim) by extensions ['ros']
[1.271s] Level 1:colcon.colcon_core.package_identification:_identify(assignment6/src/Template-20sim) by extension 'ros'
[1.271s] Level 1:colcon.colcon_core.package_identification:_identify(assignment6/src/Template-20sim) by extensions ['cmake', 'python']
[1.271s] Level 1:colcon.colcon_core.package_identification:_identify(assignment6/src/Template-20sim) by extension 'cmake'
[1.274s] Level 1:colcon.colcon_core.package_identification:_identify(assignment6/src/Template-20sim) by extension 'python'
[1.274s] DEBUG:colcon.colcon_core.package_identification:Package 'assignment6/src/Template-20sim' with type 'cmake' and name 'template_20sim'
[1.274s] Level 1:colcon.colcon_core.package_identification:_identify(assignment6/src/XRF2) by extensions ['ignore', 'ignore_ament_install']
[1.275s] Level 1:colcon.colcon_core.package_identification:_identify(assignment6/src/XRF2) by extension 'ignore'
[1.275s] Level 1:colcon.colcon_core.package_identification:_identify(assignment6/src/XRF2) by extension 'ignore_ament_install'
[1.275s] Level 1:colcon.colcon_core.package_identification:_identify(assignment6/src/XRF2) by extensions ['colcon_pkg']
[1.275s] Level 1:colcon.colcon_core.package_identification:_identify(assignment6/src/XRF2) by extension 'colcon_pkg'
[1.275s] Level 1:colcon.colcon_core.package_identification:_identify(assignment6/src/XRF2) by extensions ['colcon_meta']
[1.275s] Level 1:colcon.colcon_core.package_identification:_identify(assignment6/src/XRF2) by extension 'colcon_meta'
[1.276s] Level 1:colcon.colcon_core.package_identification:_identify(assignment6/src/XRF2) by extensions ['ros']
[1.276s] Level 1:colcon.colcon_core.package_identification:_identify(assignment6/src/XRF2) by extension 'ros'
[1.276s] Level 1:colcon.colcon_core.package_identification:_identify(assignment6/src/XRF2) by extensions ['cmake', 'python']
[1.276s] Level 1:colcon.colcon_core.package_identification:_identify(assignment6/src/XRF2) by extension 'cmake'
[1.276s] Level 1:colcon.colcon_core.package_identification:_identify(assignment6/src/XRF2) by extension 'python'
[1.276s] Level 1:colcon.colcon_core.package_identification:_identify(assignment6/src/XRF2) by extensions ['python_setup_py']
[1.277s] Level 1:colcon.colcon_core.package_identification:_identify(assignment6/src/XRF2) by extension 'python_setup_py'
[1.277s] Level 1:colcon.colcon_core.package_identification:_identify(assignment6/src/XRF2/Template) by extensions ['ignore', 'ignore_ament_install']
[1.277s] Level 1:colcon.colcon_core.package_identification:_identify(assignment6/src/XRF2/Template) by extension 'ignore'
[1.277s] Level 1:colcon.colcon_core.package_identification:_identify(assignment6/src/XRF2/Template) ignored
[1.278s] Level 1:colcon.colcon_core.package_identification:_identify(assignment6/src/XRF2/XenoRosFramework) by extensions ['ignore', 'ignore_ament_install']
[1.278s] Level 1:colcon.colcon_core.package_identification:_identify(assignment6/src/XRF2/XenoRosFramework) by extension 'ignore'
[1.278s] Level 1:colcon.colcon_core.package_identification:_identify(assignment6/src/XRF2/XenoRosFramework) by extension 'ignore_ament_install'
[1.278s] Level 1:colcon.colcon_core.package_identification:_identify(assignment6/src/XRF2/XenoRosFramework) by extensions ['colcon_pkg']
[1.278s] Level 1:colcon.colcon_core.package_identification:_identify(assignment6/src/XRF2/XenoRosFramework) by extension 'colcon_pkg'
[1.278s] Level 1:colcon.colcon_core.package_identification:_identify(assignment6/src/XRF2/XenoRosFramework) by extensions ['colcon_meta']
[1.278s] Level 1:colcon.colcon_core.package_identification:_identify(assignment6/src/XRF2/XenoRosFramework) by extension 'colcon_meta'
[1.279s] Level 1:colcon.colcon_core.package_identification:_identify(assignment6/src/XRF2/XenoRosFramework) by extensions ['ros']
[1.279s] Level 1:colcon.colcon_core.package_identification:_identify(assignment6/src/XRF2/XenoRosFramework) by extension 'ros'
[1.279s] Level 1:colcon.colcon_core.package_identification:_identify(assignment6/src/XRF2/XenoRosFramework) by extensions ['cmake', 'python']
[1.279s] Level 1:colcon.colcon_core.package_identification:_identify(assignment6/src/XRF2/XenoRosFramework) by extension 'cmake'
[1.279s] Level 1:colcon.colcon_core.package_identification:_identify(assignment6/src/XRF2/XenoRosFramework) by extension 'python'
[1.279s] Level 1:colcon.colcon_core.package_identification:_identify(assignment6/src/XRF2/XenoRosFramework) by extensions ['python_setup_py']
[1.279s] Level 1:colcon.colcon_core.package_identification:_identify(assignment6/src/XRF2/XenoRosFramework) by extension 'python_setup_py'
[1.280s] Level 1:colcon.colcon_core.package_identification:_identify(assignment6/src/XRF2/XenoRosFramework/Common) by extensions ['ignore', 'ignore_ament_install']
[1.280s] Level 1:colcon.colcon_core.package_identification:_identify(assignment6/src/XRF2/XenoRosFramework/Common) by extension 'ignore'
[1.280s] Level 1:colcon.colcon_core.package_identification:_identify(assignment6/src/XRF2/XenoRosFramework/Common) by extension 'ignore_ament_install'
[1.280s] Level 1:colcon.colcon_core.package_identification:_identify(assignment6/src/XRF2/XenoRosFramework/Common) by extensions ['colcon_pkg']
[1.280s] Level 1:colcon.colcon_core.package_identification:_identify(assignment6/src/XRF2/XenoRosFramework/Common) by extension 'colcon_pkg'
[1.280s] Level 1:colcon.colcon_core.package_identification:_identify(assignment6/src/XRF2/XenoRosFramework/Common) by extensions ['colcon_meta']
[1.280s] Level 1:colcon.colcon_core.package_identification:_identify(assignment6/src/XRF2/XenoRosFramework/Common) by extension 'colcon_meta'
[1.280s] Level 1:colcon.colcon_core.package_identification:_identify(assignment6/src/XRF2/XenoRosFramework/Common) by extensions ['ros']
[1.281s] Level 1:colcon.colcon_core.package_identification:_identify(assignment6/src/XRF2/XenoRosFramework/Common) by extension 'ros'
[1.281s] Level 1:colcon.colcon_core.package_identification:_identify(assignment6/src/XRF2/XenoRosFramework/Common) by extensions ['cmake', 'python']
[1.281s] Level 1:colcon.colcon_core.package_identification:_identify(assignment6/src/XRF2/XenoRosFramework/Common) by extension 'cmake'
[1.281s] Level 1:colcon.colcon_core.package_identification:_identify(assignment6/src/XRF2/XenoRosFramework/Common) by extension 'python'
[1.281s] Level 1:colcon.colcon_core.package_identification:_identify(assignment6/src/XRF2/XenoRosFramework/Common) by extensions ['python_setup_py']
[1.281s] Level 1:colcon.colcon_core.package_identification:_identify(assignment6/src/XRF2/XenoRosFramework/Common) by extension 'python_setup_py'
[1.282s] Level 1:colcon.colcon_core.package_identification:_identify(assignment6/src/XRF2/XenoRosFramework/Common/XRF2_msgs) by extensions ['ignore', 'ignore_ament_install']
[1.282s] Level 1:colcon.colcon_core.package_identification:_identify(assignment6/src/XRF2/XenoRosFramework/Common/XRF2_msgs) by extension 'ignore'
[1.282s] Level 1:colcon.colcon_core.package_identification:_identify(assignment6/src/XRF2/XenoRosFramework/Common/XRF2_msgs) by extension 'ignore_ament_install'
[1.282s] Level 1:colcon.colcon_core.package_identification:_identify(assignment6/src/XRF2/XenoRosFramework/Common/XRF2_msgs) by extensions ['colcon_pkg']
[1.282s] Level 1:colcon.colcon_core.package_identification:_identify(assignment6/src/XRF2/XenoRosFramework/Common/XRF2_msgs) by extension 'colcon_pkg'
[1.282s] Level 1:colcon.colcon_core.package_identification:_identify(assignment6/src/XRF2/XenoRosFramework/Common/XRF2_msgs) by extensions ['colcon_meta']
[1.283s] Level 1:colcon.colcon_core.package_identification:_identify(assignment6/src/XRF2/XenoRosFramework/Common/XRF2_msgs) by extension 'colcon_meta'
[1.283s] Level 1:colcon.colcon_core.package_identification:_identify(assignment6/src/XRF2/XenoRosFramework/Common/XRF2_msgs) by extensions ['ros']
[1.283s] Level 1:colcon.colcon_core.package_identification:_identify(assignment6/src/XRF2/XenoRosFramework/Common/XRF2_msgs) by extension 'ros'
[1.289s] DEBUG:colcon.colcon_core.package_identification:Package 'assignment6/src/XRF2/XenoRosFramework/Common/XRF2_msgs' with type 'ros.ament_cmake' and name 'xrf2_msgs'
[1.289s] Level 1:colcon.colcon_core.package_identification:_identify(assignment6/src/XRF2/XenoRosFramework/Common/XenoFrtLogger_decoder) by extensions ['ignore', 'ignore_ament_install']
[1.289s] Level 1:colcon.colcon_core.package_identification:_identify(assignment6/src/XRF2/XenoRosFramework/Common/XenoFrtLogger_decoder) by extension 'ignore'
[1.290s] Level 1:colcon.colcon_core.package_identification:_identify(assignment6/src/XRF2/XenoRosFramework/Common/XenoFrtLogger_decoder) by extension 'ignore_ament_install'
[1.290s] Level 1:colcon.colcon_core.package_identification:_identify(assignment6/src/XRF2/XenoRosFramework/Common/XenoFrtLogger_decoder) by extensions ['colcon_pkg']
[1.290s] Level 1:colcon.colcon_core.package_identification:_identify(assignment6/src/XRF2/XenoRosFramework/Common/XenoFrtLogger_decoder) by extension 'colcon_pkg'
[1.290s] Level 1:colcon.colcon_core.package_identification:_identify(assignment6/src/XRF2/XenoRosFramework/Common/XenoFrtLogger_decoder) by extensions ['colcon_meta']
[1.290s] Level 1:colcon.colcon_core.package_identification:_identify(assignment6/src/XRF2/XenoRosFramework/Common/XenoFrtLogger_decoder) by extension 'colcon_meta'
[1.290s] Level 1:colcon.colcon_core.package_identification:_identify(assignment6/src/XRF2/XenoRosFramework/Common/XenoFrtLogger_decoder) by extensions ['ros']
[1.290s] Level 1:colcon.colcon_core.package_identification:_identify(assignment6/src/XRF2/XenoRosFramework/Common/XenoFrtLogger_decoder) by extension 'ros'
[1.291s] Level 1:colcon.colcon_core.package_identification:_identify(assignment6/src/XRF2/XenoRosFramework/Common/XenoFrtLogger_decoder) by extensions ['cmake', 'python']
[1.291s] Level 1:colcon.colcon_core.package_identification:_identify(assignment6/src/XRF2/XenoRosFramework/Common/XenoFrtLogger_decoder) by extension 'cmake'
[1.291s] Level 1:colcon.colcon_core.package_identification:_identify(assignment6/src/XRF2/XenoRosFramework/Common/XenoFrtLogger_decoder) by extension 'python'
[1.291s] Level 1:colcon.colcon_core.package_identification:_identify(assignment6/src/XRF2/XenoRosFramework/Common/XenoFrtLogger_decoder) by extensions ['python_setup_py']
[1.291s] Level 1:colcon.colcon_core.package_identification:_identify(assignment6/src/XRF2/XenoRosFramework/Common/XenoFrtLogger_decoder) by extension 'python_setup_py'
[1.291s] Level 1:colcon.colcon_core.package_identification:_identify(assignment6/src/XRF2/XenoRosFramework/Common/include) by extensions ['ignore', 'ignore_ament_install']
[1.292s] Level 1:colcon.colcon_core.package_identification:_identify(assignment6/src/XRF2/XenoRosFramework/Common/include) by extension 'ignore'
[1.292s] Level 1:colcon.colcon_core.package_identification:_identify(assignment6/src/XRF2/XenoRosFramework/Common/include) by extension 'ignore_ament_install'
[1.292s] Level 1:colcon.colcon_core.package_identification:_identify(assignment6/src/XRF2/XenoRosFramework/Common/include) by extensions ['colcon_pkg']
[1.292s] Level 1:colcon.colcon_core.package_identification:_identify(assignment6/src/XRF2/XenoRosFramework/Common/include) by extension 'colcon_pkg'
[1.292s] Level 1:colcon.colcon_core.package_identification:_identify(assignment6/src/XRF2/XenoRosFramework/Common/include) by extensions ['colcon_meta']
[1.292s] Level 1:colcon.colcon_core.package_identification:_identify(assignment6/src/XRF2/XenoRosFramework/Common/include) by extension 'colcon_meta'
[1.292s] Level 1:colcon.colcon_core.package_identification:_identify(assignment6/src/XRF2/XenoRosFramework/Common/include) by extensions ['ros']
[1.293s] Level 1:colcon.colcon_core.package_identification:_identify(assignment6/src/XRF2/XenoRosFramework/Common/include) by extension 'ros'
[1.293s] Level 1:colcon.colcon_core.package_identification:_identify(assignment6/src/XRF2/XenoRosFramework/Common/include) by extensions ['cmake', 'python']
[1.293s] Level 1:colcon.colcon_core.package_identification:_identify(assignment6/src/XRF2/XenoRosFramework/Common/include) by extension 'cmake'
[1.293s] Level 1:colcon.colcon_core.package_identification:_identify(assignment6/src/XRF2/XenoRosFramework/Common/include) by extension 'python'
[1.293s] Level 1:colcon.colcon_core.package_identification:_identify(assignment6/src/XRF2/XenoRosFramework/Common/include) by extensions ['python_setup_py']
[1.294s] Level 1:colcon.colcon_core.package_identification:_identify(assignment6/src/XRF2/XenoRosFramework/Common/include) by extension 'python_setup_py'
[1.294s] Level 1:colcon.colcon_core.package_identification:_identify(assignment6/src/XRF2/XenoRosFramework/Common/python_script) by extensions ['ignore', 'ignore_ament_install']
[1.294s] Level 1:colcon.colcon_core.package_identification:_identify(assignment6/src/XRF2/XenoRosFramework/Common/python_script) by extension 'ignore'
[1.294s] Level 1:colcon.colcon_core.package_identification:_identify(assignment6/src/XRF2/XenoRosFramework/Common/python_script) by extension 'ignore_ament_install'
[1.295s] Level 1:colcon.colcon_core.package_identification:_identify(assignment6/src/XRF2/XenoRosFramework/Common/python_script) by extensions ['colcon_pkg']
[1.295s] Level 1:colcon.colcon_core.package_identification:_identify(assignment6/src/XRF2/XenoRosFramework/Common/python_script) by extension 'colcon_pkg'
[1.295s] Level 1:colcon.colcon_core.package_identification:_identify(assignment6/src/XRF2/XenoRosFramework/Common/python_script) by extensions ['colcon_meta']
[1.295s] Level 1:colcon.colcon_core.package_identification:_identify(assignment6/src/XRF2/XenoRosFramework/Common/python_script) by extension 'colcon_meta'
[1.295s] Level 1:colcon.colcon_core.package_identification:_identify(assignment6/src/XRF2/XenoRosFramework/Common/python_script) by extensions ['ros']
[1.295s] Level 1:colcon.colcon_core.package_identification:_identify(assignment6/src/XRF2/XenoRosFramework/Common/python_script) by extension 'ros'
[1.295s] Level 1:colcon.colcon_core.package_identification:_identify(assignment6/src/XRF2/XenoRosFramework/Common/python_script) by extensions ['cmake', 'python']
[1.296s] Level 1:colcon.colcon_core.package_identification:_identify(assignment6/src/XRF2/XenoRosFramework/Common/python_script) by extension 'cmake'
[1.296s] Level 1:colcon.colcon_core.package_identification:_identify(assignment6/src/XRF2/XenoRosFramework/Common/python_script) by extension 'python'
[1.296s] Level 1:colcon.colcon_core.package_identification:_identify(assignment6/src/XRF2/XenoRosFramework/Common/python_script) by extensions ['python_setup_py']
[1.296s] Level 1:colcon.colcon_core.package_identification:_identify(assignment6/src/XRF2/XenoRosFramework/Common/python_script) by extension 'python_setup_py'
[1.296s] Level 1:colcon.colcon_core.package_identification:_identify(assignment6/src/XRF2/XenoRosFramework/Common/xbuf_dev_rule) by extensions ['ignore', 'ignore_ament_install']
[1.296s] Level 1:colcon.colcon_core.package_identification:_identify(assignment6/src/XRF2/XenoRosFramework/Common/xbuf_dev_rule) by extension 'ignore'
[1.297s] Level 1:colcon.colcon_core.package_identification:_identify(assignment6/src/XRF2/XenoRosFramework/Common/xbuf_dev_rule) by extension 'ignore_ament_install'
[1.297s] Level 1:colcon.colcon_core.package_identification:_identify(assignment6/src/XRF2/XenoRosFramework/Common/xbuf_dev_rule) by extensions ['colcon_pkg']
[1.297s] Level 1:colcon.colcon_core.package_identification:_identify(assignment6/src/XRF2/XenoRosFramework/Common/xbuf_dev_rule) by extension 'colcon_pkg'
[1.297s] Level 1:colcon.colcon_core.package_identification:_identify(assignment6/src/XRF2/XenoRosFramework/Common/xbuf_dev_rule) by extensions ['colcon_meta']
[1.297s] Level 1:colcon.colcon_core.package_identification:_identify(assignment6/src/XRF2/XenoRosFramework/Common/xbuf_dev_rule) by extension 'colcon_meta'
[1.298s] Level 1:colcon.colcon_core.package_identification:_identify(assignment6/src/XRF2/XenoRosFramework/Common/xbuf_dev_rule) by extensions ['ros']
[1.298s] Level 1:colcon.colcon_core.package_identification:_identify(assignment6/src/XRF2/XenoRosFramework/Common/xbuf_dev_rule) by extension 'ros'
[1.298s] Level 1:colcon.colcon_core.package_identification:_identify(assignment6/src/XRF2/XenoRosFramework/Common/xbuf_dev_rule) by extensions ['cmake', 'python']
[1.298s] Level 1:colcon.colcon_core.package_identification:_identify(assignment6/src/XRF2/XenoRosFramework/Common/xbuf_dev_rule) by extension 'cmake'
[1.298s] Level 1:colcon.colcon_core.package_identification:_identify(assignment6/src/XRF2/XenoRosFramework/Common/xbuf_dev_rule) by extension 'python'
[1.298s] Level 1:colcon.colcon_core.package_identification:_identify(assignment6/src/XRF2/XenoRosFramework/Common/xbuf_dev_rule) by extensions ['python_setup_py']
[1.299s] Level 1:colcon.colcon_core.package_identification:_identify(assignment6/src/XRF2/XenoRosFramework/Common/xbuf_dev_rule) by extension 'python_setup_py'
[1.299s] Level 1:colcon.colcon_core.package_identification:_identify(assignment6/src/XRF2/XenoRosFramework/Ros) by extensions ['ignore', 'ignore_ament_install']
[1.299s] Level 1:colcon.colcon_core.package_identification:_identify(assignment6/src/XRF2/XenoRosFramework/Ros) by extension 'ignore'
[1.299s] Level 1:colcon.colcon_core.package_identification:_identify(assignment6/src/XRF2/XenoRosFramework/Ros) by extension 'ignore_ament_install'
[1.299s] Level 1:colcon.colcon_core.package_identification:_identify(assignment6/src/XRF2/XenoRosFramework/Ros) by extensions ['colcon_pkg']
[1.300s] Level 1:colcon.colcon_core.package_identification:_identify(assignment6/src/XRF2/XenoRosFramework/Ros) by extension 'colcon_pkg'
[1.300s] Level 1:colcon.colcon_core.package_identification:_identify(assignment6/src/XRF2/XenoRosFramework/Ros) by extensions ['colcon_meta']
[1.300s] Level 1:colcon.colcon_core.package_identification:_identify(assignment6/src/XRF2/XenoRosFramework/Ros) by extension 'colcon_meta'
[1.300s] Level 1:colcon.colcon_core.package_identification:_identify(assignment6/src/XRF2/XenoRosFramework/Ros) by extensions ['ros']
[1.300s] Level 1:colcon.colcon_core.package_identification:_identify(assignment6/src/XRF2/XenoRosFramework/Ros) by extension 'ros'
[1.300s] Level 1:colcon.colcon_core.package_identification:_identify(assignment6/src/XRF2/XenoRosFramework/Ros) by extensions ['cmake', 'python']
[1.300s] Level 1:colcon.colcon_core.package_identification:_identify(assignment6/src/XRF2/XenoRosFramework/Ros) by extension 'cmake'
[1.300s] Level 1:colcon.colcon_core.package_identification:_identify(assignment6/src/XRF2/XenoRosFramework/Ros) by extension 'python'
[1.301s] Level 1:colcon.colcon_core.package_identification:_identify(assignment6/src/XRF2/XenoRosFramework/Ros) by extensions ['python_setup_py']
[1.301s] Level 1:colcon.colcon_core.package_identification:_identify(assignment6/src/XRF2/XenoRosFramework/Ros) by extension 'python_setup_py'
[1.301s] Level 1:colcon.colcon_core.package_identification:_identify(assignment6/src/XRF2/XenoRosFramework/Ros/ros_xeno_bridge) by extensions ['ignore', 'ignore_ament_install']
[1.301s] Level 1:colcon.colcon_core.package_identification:_identify(assignment6/src/XRF2/XenoRosFramework/Ros/ros_xeno_bridge) by extension 'ignore'
[1.301s] Level 1:colcon.colcon_core.package_identification:_identify(assignment6/src/XRF2/XenoRosFramework/Ros/ros_xeno_bridge) by extension 'ignore_ament_install'
[1.302s] Level 1:colcon.colcon_core.package_identification:_identify(assignment6/src/XRF2/XenoRosFramework/Ros/ros_xeno_bridge) by extensions ['colcon_pkg']
[1.302s] Level 1:colcon.colcon_core.package_identification:_identify(assignment6/src/XRF2/XenoRosFramework/Ros/ros_xeno_bridge) by extension 'colcon_pkg'
[1.302s] Level 1:colcon.colcon_core.package_identification:_identify(assignment6/src/XRF2/XenoRosFramework/Ros/ros_xeno_bridge) by extensions ['colcon_meta']
[1.302s] Level 1:colcon.colcon_core.package_identification:_identify(assignment6/src/XRF2/XenoRosFramework/Ros/ros_xeno_bridge) by extension 'colcon_meta'
[1.302s] Level 1:colcon.colcon_core.package_identification:_identify(assignment6/src/XRF2/XenoRosFramework/Ros/ros_xeno_bridge) by extensions ['ros']
[1.303s] Level 1:colcon.colcon_core.package_identification:_identify(assignment6/src/XRF2/XenoRosFramework/Ros/ros_xeno_bridge) by extension 'ros'
[1.305s] DEBUG:colcon.colcon_core.package_identification:Package 'assignment6/src/XRF2/XenoRosFramework/Ros/ros_xeno_bridge' with type 'ros.ament_cmake' and name 'ros_xeno_bridge'
[1.305s] Level 1:colcon.colcon_core.package_identification:_identify(assignment6/src/XRF2/XenoRosFramework/Unit-Tests) by extensions ['ignore', 'ignore_ament_install']
[1.305s] Level 1:colcon.colcon_core.package_identification:_identify(assignment6/src/XRF2/XenoRosFramework/Unit-Tests) by extension 'ignore'
[1.306s] Level 1:colcon.colcon_core.package_identification:_identify(assignment6/src/XRF2/XenoRosFramework/Unit-Tests) by extension 'ignore_ament_install'
[1.306s] Level 1:colcon.colcon_core.package_identification:_identify(assignment6/src/XRF2/XenoRosFramework/Unit-Tests) by extensions ['colcon_pkg']
[1.306s] Level 1:colcon.colcon_core.package_identification:_identify(assignment6/src/XRF2/XenoRosFramework/Unit-Tests) by extension 'colcon_pkg'
[1.306s] Level 1:colcon.colcon_core.package_identification:_identify(assignment6/src/XRF2/XenoRosFramework/Unit-Tests) by extensions ['colcon_meta']
[1.306s] Level 1:colcon.colcon_core.package_identification:_identify(assignment6/src/XRF2/XenoRosFramework/Unit-Tests) by extension 'colcon_meta'
[1.307s] Level 1:colcon.colcon_core.package_identification:_identify(assignment6/src/XRF2/XenoRosFramework/Unit-Tests) by extensions ['ros']
[1.307s] Level 1:colcon.colcon_core.package_identification:_identify(assignment6/src/XRF2/XenoRosFramework/Unit-Tests) by extension 'ros'
[1.307s] Level 1:colcon.colcon_core.package_identification:_identify(assignment6/src/XRF2/XenoRosFramework/Unit-Tests) by extensions ['cmake', 'python']
[1.307s] Level 1:colcon.colcon_core.package_identification:_identify(assignment6/src/XRF2/XenoRosFramework/Unit-Tests) by extension 'cmake'
[1.307s] Level 1:colcon.colcon_core.package_identification:_identify(assignment6/src/XRF2/XenoRosFramework/Unit-Tests) by extension 'python'
[1.308s] Level 1:colcon.colcon_core.package_identification:_identify(assignment6/src/XRF2/XenoRosFramework/Unit-Tests) by extensions ['python_setup_py']
[1.308s] Level 1:colcon.colcon_core.package_identification:_identify(assignment6/src/XRF2/XenoRosFramework/Unit-Tests) by extension 'python_setup_py'
[1.308s] Level 1:colcon.colcon_core.package_identification:_identify(assignment6/src/XRF2/XenoRosFramework/Unit-Tests/IcoIo) by extensions ['ignore', 'ignore_ament_install']
[1.308s] Level 1:colcon.colcon_core.package_identification:_identify(assignment6/src/XRF2/XenoRosFramework/Unit-Tests/IcoIo) by extension 'ignore'
[1.309s] Level 1:colcon.colcon_core.package_identification:_identify(assignment6/src/XRF2/XenoRosFramework/Unit-Tests/IcoIo) ignored
[1.309s] Level 1:colcon.colcon_core.package_identification:_identify(assignment6/src/XRF2/XenoRosFramework/Unit-Tests/Logger) by extensions ['ignore', 'ignore_ament_install']
[1.309s] Level 1:colcon.colcon_core.package_identification:_identify(assignment6/src/XRF2/XenoRosFramework/Unit-Tests/Logger) by extension 'ignore'
[1.310s] Level 1:colcon.colcon_core.package_identification:_identify(assignment6/src/XRF2/XenoRosFramework/Unit-Tests/Logger) ignored
[1.310s] Level 1:colcon.colcon_core.package_identification:_identify(assignment6/src/XRF2/XenoRosFramework/Unit-Tests/Monitor) by extensions ['ignore', 'ignore_ament_install']
[1.310s] Level 1:colcon.colcon_core.package_identification:_identify(assignment6/src/XRF2/XenoRosFramework/Unit-Tests/Monitor) by extension 'ignore'
[1.310s] Level 1:colcon.colcon_core.package_identification:_identify(assignment6/src/XRF2/XenoRosFramework/Unit-Tests/Monitor) ignored
[1.311s] Level 1:colcon.colcon_core.package_identification:_identify(assignment6/src/XRF2/XenoRosFramework/Xenomai) by extensions ['ignore', 'ignore_ament_install']
[1.311s] Level 1:colcon.colcon_core.package_identification:_identify(assignment6/src/XRF2/XenoRosFramework/Xenomai) by extension 'ignore'
[1.311s] Level 1:colcon.colcon_core.package_identification:_identify(assignment6/src/XRF2/XenoRosFramework/Xenomai) by extension 'ignore_ament_install'
[1.311s] Level 1:colcon.colcon_core.package_identification:_identify(assignment6/src/XRF2/XenoRosFramework/Xenomai) by extensions ['colcon_pkg']
[1.311s] Level 1:colcon.colcon_core.package_identification:_identify(assignment6/src/XRF2/XenoRosFramework/Xenomai) by extension 'colcon_pkg'
[1.311s] Level 1:colcon.colcon_core.package_identification:_identify(assignment6/src/XRF2/XenoRosFramework/Xenomai) by extensions ['colcon_meta']
[1.311s] Level 1:colcon.colcon_core.package_identification:_identify(assignment6/src/XRF2/XenoRosFramework/Xenomai) by extension 'colcon_meta'
[1.312s] Level 1:colcon.colcon_core.package_identification:_identify(assignment6/src/XRF2/XenoRosFramework/Xenomai) by extensions ['ros']
[1.312s] Level 1:colcon.colcon_core.package_identification:_identify(assignment6/src/XRF2/XenoRosFramework/Xenomai) by extension 'ros'
[1.312s] Level 1:colcon.colcon_core.package_identification:_identify(assignment6/src/XRF2/XenoRosFramework/Xenomai) by extensions ['cmake', 'python']
[1.312s] Level 1:colcon.colcon_core.package_identification:_identify(assignment6/src/XRF2/XenoRosFramework/Xenomai) by extension 'cmake'
[1.312s] Level 1:colcon.colcon_core.package_identification:_identify(assignment6/src/XRF2/XenoRosFramework/Xenomai) by extension 'python'
[1.312s] Level 1:colcon.colcon_core.package_identification:_identify(assignment6/src/XRF2/XenoRosFramework/Xenomai) by extensions ['python_setup_py']
[1.312s] Level 1:colcon.colcon_core.package_identification:_identify(assignment6/src/XRF2/XenoRosFramework/Xenomai) by extension 'python_setup_py'
[1.313s] Level 1:colcon.colcon_core.package_identification:_identify(assignment6/src/XRF2/XenoRosFramework/Xenomai/include) by extensions ['ignore', 'ignore_ament_install']
[1.313s] Level 1:colcon.colcon_core.package_identification:_identify(assignment6/src/XRF2/XenoRosFramework/Xenomai/include) by extension 'ignore'
[1.313s] Level 1:colcon.colcon_core.package_identification:_identify(assignment6/src/XRF2/XenoRosFramework/Xenomai/include) by extension 'ignore_ament_install'
[1.313s] Level 1:colcon.colcon_core.package_identification:_identify(assignment6/src/XRF2/XenoRosFramework/Xenomai/include) by extensions ['colcon_pkg']
[1.314s] Level 1:colcon.colcon_core.package_identification:_identify(assignment6/src/XRF2/XenoRosFramework/Xenomai/include) by extension 'colcon_pkg'
[1.314s] Level 1:colcon.colcon_core.package_identification:_identify(assignment6/src/XRF2/XenoRosFramework/Xenomai/include) by extensions ['colcon_meta']
[1.314s] Level 1:colcon.colcon_core.package_identification:_identify(assignment6/src/XRF2/XenoRosFramework/Xenomai/include) by extension 'colcon_meta'
[1.314s] Level 1:colcon.colcon_core.package_identification:_identify(assignment6/src/XRF2/XenoRosFramework/Xenomai/include) by extensions ['ros']
[1.314s] Level 1:colcon.colcon_core.package_identification:_identify(assignment6/src/XRF2/XenoRosFramework/Xenomai/include) by extension 'ros'
[1.314s] Level 1:colcon.colcon_core.package_identification:_identify(assignment6/src/XRF2/XenoRosFramework/Xenomai/include) by extensions ['cmake', 'python']
[1.314s] Level 1:colcon.colcon_core.package_identification:_identify(assignment6/src/XRF2/XenoRosFramework/Xenomai/include) by extension 'cmake'
[1.314s] Level 1:colcon.colcon_core.package_identification:_identify(assignment6/src/XRF2/XenoRosFramework/Xenomai/include) by extension 'python'
[1.315s] Level 1:colcon.colcon_core.package_identification:_identify(assignment6/src/XRF2/XenoRosFramework/Xenomai/include) by extensions ['python_setup_py']
[1.315s] Level 1:colcon.colcon_core.package_identification:_identify(assignment6/src/XRF2/XenoRosFramework/Xenomai/include) by extension 'python_setup_py'
[1.315s] Level 1:colcon.colcon_core.package_identification:_identify(assignment6/src/XRF2/XenoRosFramework/Xenomai/src) by extensions ['ignore', 'ignore_ament_install']
[1.315s] Level 1:colcon.colcon_core.package_identification:_identify(assignment6/src/XRF2/XenoRosFramework/Xenomai/src) by extension 'ignore'
[1.315s] Level 1:colcon.colcon_core.package_identification:_identify(assignment6/src/XRF2/XenoRosFramework/Xenomai/src) by extension 'ignore_ament_install'
[1.316s] Level 1:colcon.colcon_core.package_identification:_identify(assignment6/src/XRF2/XenoRosFramework/Xenomai/src) by extensions ['colcon_pkg']
[1.316s] Level 1:colcon.colcon_core.package_identification:_identify(assignment6/src/XRF2/XenoRosFramework/Xenomai/src) by extension 'colcon_pkg'
[1.316s] Level 1:colcon.colcon_core.package_identification:_identify(assignment6/src/XRF2/XenoRosFramework/Xenomai/src) by extensions ['colcon_meta']
[1.316s] Level 1:colcon.colcon_core.package_identification:_identify(assignment6/src/XRF2/XenoRosFramework/Xenomai/src) by extension 'colcon_meta'
[1.316s] Level 1:colcon.colcon_core.package_identification:_identify(assignment6/src/XRF2/XenoRosFramework/Xenomai/src) by extensions ['ros']
[1.316s] Level 1:colcon.colcon_core.package_identification:_identify(assignment6/src/XRF2/XenoRosFramework/Xenomai/src) by extension 'ros'
[1.316s] Level 1:colcon.colcon_core.package_identification:_identify(assignment6/src/XRF2/XenoRosFramework/Xenomai/src) by extensions ['cmake', 'python']
[1.316s] Level 1:colcon.colcon_core.package_identification:_identify(assignment6/src/XRF2/XenoRosFramework/Xenomai/src) by extension 'cmake'
[1.317s] Level 1:colcon.colcon_core.package_identification:_identify(assignment6/src/XRF2/XenoRosFramework/Xenomai/src) by extension 'python'
[1.317s] Level 1:colcon.colcon_core.package_identification:_identify(assignment6/src/XRF2/XenoRosFramework/Xenomai/src) by extensions ['python_setup_py']
[1.317s] Level 1:colcon.colcon_core.package_identification:_identify(assignment6/src/XRF2/XenoRosFramework/Xenomai/src) by extension 'python_setup_py'
[1.317s] Level 1:colcon.colcon_core.package_identification:_identify(assignment6/src/Xenomai) by extensions ['ignore', 'ignore_ament_install']
[1.317s] Level 1:colcon.colcon_core.package_identification:_identify(assignment6/src/Xenomai) by extension 'ignore'
[1.318s] Level 1:colcon.colcon_core.package_identification:_identify(assignment6/src/Xenomai) by extension 'ignore_ament_install'
[1.318s] Level 1:colcon.colcon_core.package_identification:_identify(assignment6/src/Xenomai) by extensions ['colcon_pkg']
[1.318s] Level 1:colcon.colcon_core.package_identification:_identify(assignment6/src/Xenomai) by extension 'colcon_pkg'
[1.318s] Level 1:colcon.colcon_core.package_identification:_identify(assignment6/src/Xenomai) by extensions ['colcon_meta']
[1.318s] Level 1:colcon.colcon_core.package_identification:_identify(assignment6/src/Xenomai) by extension 'colcon_meta'
[1.319s] Level 1:colcon.colcon_core.package_identification:_identify(assignment6/src/Xenomai) by extensions ['ros']
[1.319s] Level 1:colcon.colcon_core.package_identification:_identify(assignment6/src/Xenomai) by extension 'ros'
[1.319s] Level 1:colcon.colcon_core.package_identification:_identify(assignment6/src/Xenomai) by extensions ['cmake', 'python']
[1.319s] Level 1:colcon.colcon_core.package_identification:_identify(assignment6/src/Xenomai) by extension 'cmake'
[1.320s] Level 1:colcon.colcon_core.package_identification:_identify(assignment6/src/Xenomai) by extension 'python'
[1.320s] DEBUG:colcon.colcon_core.package_identification:Package 'assignment6/src/Xenomai' with type 'cmake' and name 'demo'
[1.321s] Level 1:colcon.colcon_core.package_identification:_identify(assignment6/src/cam2image_host2vm) by extensions ['ignore', 'ignore_ament_install']
[1.321s] Level 1:colcon.colcon_core.package_identification:_identify(assignment6/src/cam2image_host2vm) by extension 'ignore'
[1.321s] Level 1:colcon.colcon_core.package_identification:_identify(assignment6/src/cam2image_host2vm) by extension 'ignore_ament_install'
[1.321s] Level 1:colcon.colcon_core.package_identification:_identify(assignment6/src/cam2image_host2vm) by extensions ['colcon_pkg']
[1.322s] Level 1:colcon.colcon_core.package_identification:_identify(assignment6/src/cam2image_host2vm) by extension 'colcon_pkg'
[1.322s] Level 1:colcon.colcon_core.package_identification:_identify(assignment6/src/cam2image_host2vm) by extensions ['colcon_meta']
[1.322s] Level 1:colcon.colcon_core.package_identification:_identify(assignment6/src/cam2image_host2vm) by extension 'colcon_meta'
[1.322s] Level 1:colcon.colcon_core.package_identification:_identify(assignment6/src/cam2image_host2vm) by extensions ['ros']
[1.322s] Level 1:colcon.colcon_core.package_identification:_identify(assignment6/src/cam2image_host2vm) by extension 'ros'
[1.322s] Level 1:colcon.colcon_core.package_identification:_identify(assignment6/src/cam2image_host2vm) by extensions ['cmake', 'python']
[1.323s] Level 1:colcon.colcon_core.package_identification:_identify(assignment6/src/cam2image_host2vm) by extension 'cmake'
[1.323s] Level 1:colcon.colcon_core.package_identification:_identify(assignment6/src/cam2image_host2vm) by extension 'python'
[1.323s] Level 1:colcon.colcon_core.package_identification:_identify(assignment6/src/cam2image_host2vm) by extensions ['python_setup_py']
[1.323s] Level 1:colcon.colcon_core.package_identification:_identify(assignment6/src/cam2image_host2vm) by extension 'python_setup_py'
[1.323s] Level 1:colcon.colcon_core.package_identification:_identify(assignment6/src/cam2image_vm2ros) by extensions ['ignore', 'ignore_ament_install']
[1.324s] Level 1:colcon.colcon_core.package_identification:_identify(assignment6/src/cam2image_vm2ros) by extension 'ignore'
[1.324s] Level 1:colcon.colcon_core.package_identification:_identify(assignment6/src/cam2image_vm2ros) by extension 'ignore_ament_install'
[1.324s] Level 1:colcon.colcon_core.package_identification:_identify(assignment6/src/cam2image_vm2ros) by extensions ['colcon_pkg']
[1.324s] Level 1:colcon.colcon_core.package_identification:_identify(assignment6/src/cam2image_vm2ros) by extension 'colcon_pkg'
[1.324s] Level 1:colcon.colcon_core.package_identification:_identify(assignment6/src/cam2image_vm2ros) by extensions ['colcon_meta']
[1.324s] Level 1:colcon.colcon_core.package_identification:_identify(assignment6/src/cam2image_vm2ros) by extension 'colcon_meta'
[1.325s] Level 1:colcon.colcon_core.package_identification:_identify(assignment6/src/cam2image_vm2ros) by extensions ['ros']
[1.325s] Level 1:colcon.colcon_core.package_identification:_identify(assignment6/src/cam2image_vm2ros) by extension 'ros'
[1.327s] DEBUG:colcon.colcon_core.package_identification:Package 'assignment6/src/cam2image_vm2ros' with type 'ros.ament_cmake' and name 'cam2image_vm2ros'
[1.327s] Level 1:colcon.colcon_core.package_identification:_identify(assignment6/src/green_object_detector) by extensions ['ignore', 'ignore_ament_install']
[1.327s] Level 1:colcon.colcon_core.package_identification:_identify(assignment6/src/green_object_detector) by extension 'ignore'
[1.328s] Level 1:colcon.colcon_core.package_identification:_identify(assignment6/src/green_object_detector) by extension 'ignore_ament_install'
[1.328s] Level 1:colcon.colcon_core.package_identification:_identify(assignment6/src/green_object_detector) by extensions ['colcon_pkg']
[1.328s] Level 1:colcon.colcon_core.package_identification:_identify(assignment6/src/green_object_detector) by extension 'colcon_pkg'
[1.328s] Level 1:colcon.colcon_core.package_identification:_identify(assignment6/src/green_object_detector) by extensions ['colcon_meta']
[1.328s] Level 1:colcon.colcon_core.package_identification:_identify(assignment6/src/green_object_detector) by extension 'colcon_meta'
[1.328s] Level 1:colcon.colcon_core.package_identification:_identify(assignment6/src/green_object_detector) by extensions ['ros']
[1.328s] Level 1:colcon.colcon_core.package_identification:_identify(assignment6/src/green_object_detector) by extension 'ros'
[1.330s] DEBUG:colcon.colcon_core.package_identification:Package 'assignment6/src/green_object_detector' with type 'ros.ament_cmake' and name 'green_object_detector'
[1.330s] Level 1:colcon.colcon_core.package_identification:_identify(assignment6/src/image_functions_sdfr) by extensions ['ignore', 'ignore_ament_install']
[1.331s] Level 1:colcon.colcon_core.package_identification:_identify(assignment6/src/image_functions_sdfr) by extension 'ignore'
[1.331s] Level 1:colcon.colcon_core.package_identification:_identify(assignment6/src/image_functions_sdfr) by extension 'ignore_ament_install'
[1.331s] Level 1:colcon.colcon_core.package_identification:_identify(assignment6/src/image_functions_sdfr) by extensions ['colcon_pkg']
[1.331s] Level 1:colcon.colcon_core.package_identification:_identify(assignment6/src/image_functions_sdfr) by extension 'colcon_pkg'
[1.331s] Level 1:colcon.colcon_core.package_identification:_identify(assignment6/src/image_functions_sdfr) by extensions ['colcon_meta']
[1.331s] Level 1:colcon.colcon_core.package_identification:_identify(assignment6/src/image_functions_sdfr) by extension 'colcon_meta'
[1.331s] Level 1:colcon.colcon_core.package_identification:_identify(assignment6/src/image_functions_sdfr) by extensions ['ros']
[1.331s] Level 1:colcon.colcon_core.package_identification:_identify(assignment6/src/image_functions_sdfr) by extension 'ros'
[1.333s] DEBUG:colcon.colcon_core.package_identification:Package 'assignment6/src/image_functions_sdfr' with type 'ros.ament_cmake' and name 'image_functions_sdfr'
[1.333s] Level 1:colcon.colcon_core.package_identification:_identify(assignment6/src/relbot2turtlesim) by extensions ['ignore', 'ignore_ament_install']
[1.333s] Level 1:colcon.colcon_core.package_identification:_identify(assignment6/src/relbot2turtlesim) by extension 'ignore'
[1.333s] Level 1:colcon.colcon_core.package_identification:_identify(assignment6/src/relbot2turtlesim) by extension 'ignore_ament_install'
[1.334s] Level 1:colcon.colcon_core.package_identification:_identify(assignment6/src/relbot2turtlesim) by extensions ['colcon_pkg']
[1.334s] Level 1:colcon.colcon_core.package_identification:_identify(assignment6/src/relbot2turtlesim) by extension 'colcon_pkg'
[1.334s] Level 1:colcon.colcon_core.package_identification:_identify(assignment6/src/relbot2turtlesim) by extensions ['colcon_meta']
[1.334s] Level 1:colcon.colcon_core.package_identification:_identify(assignment6/src/relbot2turtlesim) by extension 'colcon_meta'
[1.334s] Level 1:colcon.colcon_core.package_identification:_identify(assignment6/src/relbot2turtlesim) by extensions ['ros']
[1.335s] Level 1:colcon.colcon_core.package_identification:_identify(assignment6/src/relbot2turtlesim) by extension 'ros'
[1.336s] DEBUG:colcon.colcon_core.package_identification:Package 'assignment6/src/relbot2turtlesim' with type 'ros.ament_cmake' and name 'relbot2turtlesim'
[1.337s] Level 1:colcon.colcon_core.package_identification:_identify(assignment6/src/relbot_adapter) by extensions ['ignore', 'ignore_ament_install']
[1.337s] Level 1:colcon.colcon_core.package_identification:_identify(assignment6/src/relbot_adapter) by extension 'ignore'
[1.337s] Level 1:colcon.colcon_core.package_identification:_identify(assignment6/src/relbot_adapter) by extension 'ignore_ament_install'
[1.338s] Level 1:colcon.colcon_core.package_identification:_identify(assignment6/src/relbot_adapter) by extensions ['colcon_pkg']
[1.338s] Level 1:colcon.colcon_core.package_identification:_identify(assignment6/src/relbot_adapter) by extension 'colcon_pkg'
[1.338s] Level 1:colcon.colcon_core.package_identification:_identify(assignment6/src/relbot_adapter) by extensions ['colcon_meta']
[1.338s] Level 1:colcon.colcon_core.package_identification:_identify(assignment6/src/relbot_adapter) by extension 'colcon_meta'
[1.338s] Level 1:colcon.colcon_core.package_identification:_identify(assignment6/src/relbot_adapter) by extensions ['ros']
[1.338s] Level 1:colcon.colcon_core.package_identification:_identify(assignment6/src/relbot_adapter) by extension 'ros'
[1.340s] DEBUG:colcon.colcon_core.package_identification:Package 'assignment6/src/relbot_adapter' with type 'ros.ament_cmake' and name 'relbot_adapter'
[1.341s] Level 1:colcon.colcon_core.package_identification:_identify(assignment6/src/relbot_launch) by extensions ['ignore', 'ignore_ament_install']
[1.341s] Level 1:colcon.colcon_core.package_identification:_identify(assignment6/src/relbot_launch) by extension 'ignore'
[1.341s] Level 1:colcon.colcon_core.package_identification:_identify(assignment6/src/relbot_launch) by extension 'ignore_ament_install'
[1.341s] Level 1:colcon.colcon_core.package_identification:_identify(assignment6/src/relbot_launch) by extensions ['colcon_pkg']
[1.341s] Level 1:colcon.colcon_core.package_identification:_identify(assignment6/src/relbot_launch) by extension 'colcon_pkg'
[1.341s] Level 1:colcon.colcon_core.package_identification:_identify(assignment6/src/relbot_launch) by extensions ['colcon_meta']
[1.342s] Level 1:colcon.colcon_core.package_identification:_identify(assignment6/src/relbot_launch) by extension 'colcon_meta'
[1.342s] Level 1:colcon.colcon_core.package_identification:_identify(assignment6/src/relbot_launch) by extensions ['ros']
[1.342s] Level 1:colcon.colcon_core.package_identification:_identify(assignment6/src/relbot_launch) by extension 'ros'
[1.343s] DEBUG:colcon.colcon_core.package_identification:Package 'assignment6/src/relbot_launch' with type 'ros.ament_cmake' and name 'relbot_launch'
[1.344s] Level 1:colcon.colcon_core.package_identification:_identify(assignment6/src/relbot_msgs) by extensions ['ignore', 'ignore_ament_install']
[1.344s] Level 1:colcon.colcon_core.package_identification:_identify(assignment6/src/relbot_msgs) by extension 'ignore'
[1.344s] Level 1:colcon.colcon_core.package_identification:_identify(assignment6/src/relbot_msgs) by extension 'ignore_ament_install'
[1.344s] Level 1:colcon.colcon_core.package_identification:_identify(assignment6/src/relbot_msgs) by extensions ['colcon_pkg']
[1.345s] Level 1:colcon.colcon_core.package_identification:_identify(assignment6/src/relbot_msgs) by extension 'colcon_pkg'
[1.345s] Level 1:colcon.colcon_core.package_identification:_identify(assignment6/src/relbot_msgs) by extensions ['colcon_meta']
[1.345s] Level 1:colcon.colcon_core.package_identification:_identify(assignment6/src/relbot_msgs) by extension 'colcon_meta'
[1.345s] Level 1:colcon.colcon_core.package_identification:_identify(assignment6/src/relbot_msgs) by extensions ['ros']
[1.345s] Level 1:colcon.colcon_core.package_identification:_identify(assignment6/src/relbot_msgs) by extension 'ros'
[1.347s] DEBUG:colcon.colcon_core.package_identification:Package 'assignment6/src/relbot_msgs' with type 'ros.ament_cmake' and name 'relbot_msgs'
[1.347s] Level 1:colcon.colcon_core.package_identification:_identify(assignment6/src/relbot_sequence_controller) by extensions ['ignore', 'ignore_ament_install']
[1.347s] Level 1:colcon.colcon_core.package_identification:_identify(assignment6/src/relbot_sequence_controller) by extension 'ignore'
[1.347s] Level 1:colcon.colcon_core.package_identification:_identify(assignment6/src/relbot_sequence_controller) by extension 'ignore_ament_install'
[1.347s] Level 1:colcon.colcon_core.package_identification:_identify(assignment6/src/relbot_sequence_controller) by extensions ['colcon_pkg']
[1.347s] Level 1:colcon.colcon_core.package_identification:_identify(assignment6/src/relbot_sequence_controller) by extension 'colcon_pkg'
[1.347s] Level 1:colcon.colcon_core.package_identification:_identify(assignment6/src/relbot_sequence_controller) by extensions ['colcon_meta']
[1.348s] Level 1:colcon.colcon_core.package_identification:_identify(assignment6/src/relbot_sequence_controller) by extension 'colcon_meta'
[1.348s] Level 1:colcon.colcon_core.package_identification:_identify(assignment6/src/relbot_sequence_controller) by extensions ['ros']
[1.348s] Level 1:colcon.colcon_core.package_identification:_identify(assignment6/src/relbot_sequence_controller) by extension 'ros'
[1.349s] DEBUG:colcon.colcon_core.package_identification:Package 'assignment6/src/relbot_sequence_controller' with type 'ros.ament_cmake' and name 'relbot_sequence_controller'
[1.350s] Level 1:colcon.colcon_core.package_identification:_identify(assignment6/src/relbot_simulator) by extensions ['ignore', 'ignore_ament_install']
[1.350s] Level 1:colcon.colcon_core.package_identification:_identify(assignment6/src/relbot_simulator) by extension 'ignore'
[1.350s] Level 1:colcon.colcon_core.package_identification:_identify(assignment6/src/relbot_simulator) by extension 'ignore_ament_install'
[1.350s] Level 1:colcon.colcon_core.package_identification:_identify(assignment6/src/relbot_simulator) by extensions ['colcon_pkg']
[1.350s] Level 1:colcon.colcon_core.package_identification:_identify(assignment6/src/relbot_simulator) by extension 'colcon_pkg'
[1.350s] Level 1:colcon.colcon_core.package_identification:_identify(assignment6/src/relbot_simulator) by extensions ['colcon_meta']
[1.350s] Level 1:colcon.colcon_core.package_identification:_identify(assignment6/src/relbot_simulator) by extension 'colcon_meta'
[1.351s] Level 1:colcon.colcon_core.package_identification:_identify(assignment6/src/relbot_simulator) by extensions ['ros']
[1.351s] Level 1:colcon.colcon_core.package_identification:_identify(assignment6/src/relbot_simulator) by extension 'ros'
[1.353s] DEBUG:colcon.colcon_core.package_identification:Package 'assignment6/src/relbot_simulator' with type 'ros.ament_cmake' and name 'relbot_simulator'
[1.353s] Level 1:colcon.colcon_core.package_discovery:discover_packages(recursive) using defaults
