[0.117s] Invoking command in '/home/sdfr-ppd-01/SDfR/assignment6/build/relbot_simulator': CMAKE_PREFIX_PATH=/opt/ros/humble /usr/bin/cmake --build /home/sdfr-ppd-01/SDfR/assignment6/build/relbot_simulator -- -j3 -l3
[0.239s] [35m[1mConsolidate compiler generated dependencies of target relbot_simulator[0m
[0.784s] [100%] Built target relbot_simulator
[0.814s] Invoked command in '/home/sdfr-ppd-01/SDfR/assignment6/build/relbot_simulator' returned '0': CMAKE_PREFIX_PATH=/opt/ros/humble /usr/bin/cmake --build /home/sdfr-ppd-01/SDfR/assignment6/build/relbot_simulator -- -j3 -l3
[0.822s] Invoking command in '/home/sdfr-ppd-01/SDfR/assignment6/build/relbot_simulator': CMAKE_PREFIX_PATH=/opt/ros/humble /usr/bin/cmake --install /home/sdfr-ppd-01/SDfR/assignment6/build/relbot_simulator
[0.844s] -- Install configuration: ""
[0.847s] -- Up-to-date: /home/sdfr-ppd-01/SDfR/assignment6/install/relbot_simulator/lib/relbot_simulator/relbot_simulator
[0.849s] -- Up-to-date: /home/sdfr-ppd-01/SDfR/assignment6/install/relbot_simulator/include
[0.850s] -- Up-to-date: /home/sdfr-ppd-01/SDfR/assignment6/install/relbot_simulator/include/xxtypes.h
[0.852s] -- Up-to-date: /home/sdfr-ppd-01/SDfR/assignment6/install/relbot_simulator/include/xxmodel.h
[0.854s] -- Up-to-date: /home/sdfr-ppd-01/SDfR/assignment6/install/relbot_simulator/include/EulerAngles.h
[0.858s] -- Up-to-date: /home/sdfr-ppd-01/SDfR/assignment6/install/relbot_simulator/include/xxmatrix.h
[0.863s] -- Up-to-date: /home/sdfr-ppd-01/SDfR/assignment6/install/relbot_simulator/include/xxfuncs.h
[0.867s] -- Up-to-date: /home/sdfr-ppd-01/SDfR/assignment6/install/relbot_simulator/include/xxmatrix.cpp
[0.869s] -- Up-to-date: /home/sdfr-ppd-01/SDfR/assignment6/install/relbot_simulator/include/MotionProfiles.cpp
[0.874s] -- Up-to-date: /home/sdfr-ppd-01/SDfR/assignment6/install/relbot_simulator/include/xxinteg.h
[0.878s] -- Up-to-date: /home/sdfr-ppd-01/SDfR/assignment6/install/relbot_simulator/include/xxinteg.cpp
[0.882s] -- Up-to-date: /home/sdfr-ppd-01/SDfR/assignment6/install/relbot_simulator/include/xxinverse.cpp
[0.886s] -- Up-to-date: /home/sdfr-ppd-01/SDfR/assignment6/install/relbot_simulator/include/xxfuncs.cpp
[0.890s] -- Up-to-date: /home/sdfr-ppd-01/SDfR/assignment6/install/relbot_simulator/include/xxinverse.h
[0.893s] -- Up-to-date: /home/sdfr-ppd-01/SDfR/assignment6/install/relbot_simulator/include/MotionProfiles.h
[0.896s] -- Up-to-date: /home/sdfr-ppd-01/SDfR/assignment6/install/relbot_simulator/include/EulerAngles.cpp
[0.903s] -- Up-to-date: /home/sdfr-ppd-01/SDfR/assignment6/install/relbot_simulator/share/ament_index/resource_index/package_run_dependencies/relbot_simulator
[0.910s] -- Up-to-date: /home/sdfr-ppd-01/SDfR/assignment6/install/relbot_simulator/share/ament_index/resource_index/parent_prefix_path/relbot_simulator
[0.914s] -- Up-to-date: /home/sdfr-ppd-01/SDfR/assignment6/install/relbot_simulator/share/relbot_simulator/environment/ament_prefix_path.sh
[0.918s] -- Up-to-date: /home/sdfr-ppd-01/SDfR/assignment6/install/relbot_simulator/share/relbot_simulator/environment/ament_prefix_path.dsv
[0.922s] -- Up-to-date: /home/sdfr-ppd-01/SDfR/assignment6/install/relbot_simulator/share/relbot_simulator/environment/path.sh
[0.926s] -- Up-to-date: /home/sdfr-ppd-01/SDfR/assignment6/install/relbot_simulator/share/relbot_simulator/environment/path.dsv
[0.931s] -- Up-to-date: /home/sdfr-ppd-01/SDfR/assignment6/install/relbot_simulator/share/relbot_simulator/local_setup.bash
[0.935s] -- Up-to-date: /home/sdfr-ppd-01/SDfR/assignment6/install/relbot_simulator/share/relbot_simulator/local_setup.sh
[0.942s] -- Up-to-date: /home/sdfr-ppd-01/SDfR/assignment6/install/relbot_simulator/share/relbot_simulator/local_setup.zsh
[0.945s] -- Up-to-date: /home/sdfr-ppd-01/SDfR/assignment6/install/relbot_simulator/share/relbot_simulator/local_setup.dsv
[0.948s] -- Installing: /home/sdfr-ppd-01/SDfR/assignment6/install/relbot_simulator/share/relbot_simulator/package.dsv
[0.950s] -- Up-to-date: /home/sdfr-ppd-01/SDfR/assignment6/install/relbot_simulator/share/ament_index/resource_index/packages/relbot_simulator
[0.958s] -- Up-to-date: /home/sdfr-ppd-01/SDfR/assignment6/install/relbot_simulator/share/relbot_simulator/cmake/relbot_simulatorConfig.cmake
[0.961s] -- Up-to-date: /home/sdfr-ppd-01/SDfR/assignment6/install/relbot_simulator/share/relbot_simulator/cmake/relbot_simulatorConfig-version.cmake
[0.964s] -- Up-to-date: /home/sdfr-ppd-01/SDfR/assignment6/install/relbot_simulator/share/relbot_simulator/package.xml
[0.968s] Invoked command in '/home/sdfr-ppd-01/SDfR/assignment6/build/relbot_simulator' returned '0': CMAKE_PREFIX_PATH=/opt/ros/humble /usr/bin/cmake --install /home/sdfr-ppd-01/SDfR/assignment6/build/relbot_simulator
