[0.098s] Invoking command in '/home/sdfr-ppd-01/SDfR/assignment6/build/relbot_msgs': CMAKE_PREFIX_PATH=${CMAKE_PREFIX_PATH}:/opt/ros/humble /usr/bin/cmake --build /home/sdfr-ppd-01/SDfR/assignment6/build/relbot_msgs -- -j3 -l3
[0.464s] [  2%] Built target relbot_msgs__cpp
[0.471s] [ 12%] Built target relbot_msgs__rosidl_generator_c
[0.615s] [ 23%] Built target relbot_msgs__rosidl_typesupport_cpp
[0.635s] [ 23%] Built target ament_cmake_python_copy_relbot_msgs
[0.702s] [ 33%] Built target relbot_msgs__rosidl_typesupport_introspection_cpp
[2.322s] running egg_info
[2.324s] writing relbot_msgs.egg-info/PKG-INFO
[2.331s] writing dependency_links to relbot_msgs.egg-info/dependency_links.txt
[2.334s] writing top-level names to relbot_msgs.egg-info/top_level.txt
[2.352s] reading manifest file 'relbot_msgs.egg-info/SOURCES.txt'
[2.356s] writing manifest file 'relbot_msgs.egg-info/SOURCES.txt'
[2.586s] [ 33%] Built target ament_cmake_python_build_relbot_msgs_egg
[2.702s] [ 43%] Built target relbot_msgs__rosidl_typesupport_fastrtps_c
[2.914s] [ 53%] Built target relbot_msgs__rosidl_typesupport_introspection_c
[3.036s] [ 64%] Built target relbot_msgs__rosidl_typesupport_c
[3.189s] [ 74%] Built target relbot_msgs__rosidl_typesupport_fastrtps_cpp
[3.406s] [ 74%] Built target relbot_msgs
[3.408s] [ 76%] Built target relbot_msgs__py
[3.480s] [ 84%] Built target relbot_msgs__rosidl_generator_py
[3.576s] [ 89%] Built target relbot_msgs__rosidl_typesupport_fastrtps_c__pyext
[3.708s] [ 94%] Built target relbot_msgs__rosidl_typesupport_c__pyext
[3.786s] [100%] Built target relbot_msgs__rosidl_typesupport_introspection_c__pyext
[3.827s] Invoked command in '/home/sdfr-ppd-01/SDfR/assignment6/build/relbot_msgs' returned '0': CMAKE_PREFIX_PATH=${CMAKE_PREFIX_PATH}:/opt/ros/humble /usr/bin/cmake --build /home/sdfr-ppd-01/SDfR/assignment6/build/relbot_msgs -- -j3 -l3
[3.861s] Invoking command in '/home/sdfr-ppd-01/SDfR/assignment6/build/relbot_msgs': CMAKE_PREFIX_PATH=${CMAKE_PREFIX_PATH}:/opt/ros/humble /usr/bin/cmake --install /home/sdfr-ppd-01/SDfR/assignment6/build/relbot_msgs
[3.876s] -- Install configuration: ""
[3.884s] -- Up-to-date: /home/sdfr-ppd-01/SDfR/assignment6/install/relbot_msgs/share/ament_index/resource_index/rosidl_interfaces/relbot_msgs
[3.915s] -- Up-to-date: /home/sdfr-ppd-01/SDfR/assignment6/install/relbot_msgs/include/relbot_msgs/relbot_msgs
[3.920s] -- Up-to-date: /home/sdfr-ppd-01/SDfR/assignment6/install/relbot_msgs/include/relbot_msgs/relbot_msgs/msg
[3.926s] -- Up-to-date: /home/sdfr-ppd-01/SDfR/assignment6/install/relbot_msgs/include/relbot_msgs/relbot_msgs/msg/rosidl_generator_c__visibility_control.h
[3.930s] -- Up-to-date: /home/sdfr-ppd-01/SDfR/assignment6/install/relbot_msgs/include/relbot_msgs/relbot_msgs/msg/detail
[3.934s] -- Up-to-date: /home/sdfr-ppd-01/SDfR/assignment6/install/relbot_msgs/include/relbot_msgs/relbot_msgs/msg/detail/relbot_motors_stamped__struct.h
[3.939s] -- Up-to-date: /home/sdfr-ppd-01/SDfR/assignment6/install/relbot_msgs/include/relbot_msgs/relbot_msgs/msg/detail/relbot_motors__type_support.h
[3.944s] -- Up-to-date: /home/sdfr-ppd-01/SDfR/assignment6/install/relbot_msgs/include/relbot_msgs/relbot_msgs/msg/detail/relbot_motors__struct.h
[3.950s] -- Up-to-date: /home/sdfr-ppd-01/SDfR/assignment6/install/relbot_msgs/include/relbot_msgs/relbot_msgs/msg/detail/relbot_motors__functions.h
[3.952s] -- Up-to-date: /home/sdfr-ppd-01/SDfR/assignment6/install/relbot_msgs/include/relbot_msgs/relbot_msgs/msg/detail/relbot_motors__functions.c
[3.954s] -- Up-to-date: /home/sdfr-ppd-01/SDfR/assignment6/install/relbot_msgs/include/relbot_msgs/relbot_msgs/msg/detail/relbot_motors_stamped__functions.c
[3.956s] -- Up-to-date: /home/sdfr-ppd-01/SDfR/assignment6/install/relbot_msgs/include/relbot_msgs/relbot_msgs/msg/detail/relbot_motors_stamped__type_support.h
[3.958s] -- Up-to-date: /home/sdfr-ppd-01/SDfR/assignment6/install/relbot_msgs/include/relbot_msgs/relbot_msgs/msg/detail/relbot_motors_stamped__functions.h
[3.959s] -- Up-to-date: /home/sdfr-ppd-01/SDfR/assignment6/install/relbot_msgs/include/relbot_msgs/relbot_msgs/msg/relbot_motors.h
[3.961s] -- Up-to-date: /home/sdfr-ppd-01/SDfR/assignment6/install/relbot_msgs/include/relbot_msgs/relbot_msgs/msg/relbot_motors_stamped.h
[3.963s] -- Up-to-date: /home/sdfr-ppd-01/SDfR/assignment6/install/relbot_msgs/share/relbot_msgs/environment/library_path.sh
[3.965s] -- Up-to-date: /home/sdfr-ppd-01/SDfR/assignment6/install/relbot_msgs/share/relbot_msgs/environment/library_path.dsv
[3.968s] -- Up-to-date: /home/sdfr-ppd-01/SDfR/assignment6/install/relbot_msgs/lib/librelbot_msgs__rosidl_generator_c.so
[3.970s] -- Up-to-date: /home/sdfr-ppd-01/SDfR/assignment6/install/relbot_msgs/include/relbot_msgs/relbot_msgs
[3.975s] -- Up-to-date: /home/sdfr-ppd-01/SDfR/assignment6/install/relbot_msgs/include/relbot_msgs/relbot_msgs/msg
[3.977s] -- Up-to-date: /home/sdfr-ppd-01/SDfR/assignment6/install/relbot_msgs/include/relbot_msgs/relbot_msgs/msg/detail
[3.980s] -- Up-to-date: /home/sdfr-ppd-01/SDfR/assignment6/install/relbot_msgs/include/relbot_msgs/relbot_msgs/msg/detail/relbot_motors__rosidl_typesupport_fastrtps_c.h
[3.983s] -- Up-to-date: /home/sdfr-ppd-01/SDfR/assignment6/install/relbot_msgs/include/relbot_msgs/relbot_msgs/msg/detail/relbot_motors_stamped__rosidl_typesupport_fastrtps_c.h
[3.989s] -- Up-to-date: /home/sdfr-ppd-01/SDfR/assignment6/install/relbot_msgs/include/relbot_msgs/relbot_msgs/msg/rosidl_typesupport_fastrtps_c__visibility_control.h
[3.991s] -- Up-to-date: /home/sdfr-ppd-01/SDfR/assignment6/install/relbot_msgs/lib/librelbot_msgs__rosidl_typesupport_fastrtps_c.so
[3.998s] -- Up-to-date: /home/sdfr-ppd-01/SDfR/assignment6/install/relbot_msgs/include/relbot_msgs/relbot_msgs
[4.007s] -- Up-to-date: /home/sdfr-ppd-01/SDfR/assignment6/install/relbot_msgs/include/relbot_msgs/relbot_msgs/msg
[4.009s] -- Up-to-date: /home/sdfr-ppd-01/SDfR/assignment6/install/relbot_msgs/include/relbot_msgs/relbot_msgs/msg/detail
[4.010s] -- Up-to-date: /home/sdfr-ppd-01/SDfR/assignment6/install/relbot_msgs/include/relbot_msgs/relbot_msgs/msg/detail/relbot_motors_stamped__type_support.c
[4.011s] -- Up-to-date: /home/sdfr-ppd-01/SDfR/assignment6/install/relbot_msgs/include/relbot_msgs/relbot_msgs/msg/detail/relbot_motors_stamped__rosidl_typesupport_introspection_c.h
[4.013s] -- Up-to-date: /home/sdfr-ppd-01/SDfR/assignment6/install/relbot_msgs/include/relbot_msgs/relbot_msgs/msg/detail/relbot_motors__type_support.c
[4.014s] -- Up-to-date: /home/sdfr-ppd-01/SDfR/assignment6/install/relbot_msgs/include/relbot_msgs/relbot_msgs/msg/detail/relbot_motors__rosidl_typesupport_introspection_c.h
[4.016s] -- Up-to-date: /home/sdfr-ppd-01/SDfR/assignment6/install/relbot_msgs/include/relbot_msgs/relbot_msgs/msg/rosidl_typesupport_introspection_c__visibility_control.h
[4.045s] -- Up-to-date: /home/sdfr-ppd-01/SDfR/assignment6/install/relbot_msgs/lib/librelbot_msgs__rosidl_typesupport_introspection_c.so
[4.050s] -- Up-to-date: /home/sdfr-ppd-01/SDfR/assignment6/install/relbot_msgs/lib/librelbot_msgs__rosidl_typesupport_c.so
[4.058s] -- Up-to-date: /home/sdfr-ppd-01/SDfR/assignment6/install/relbot_msgs/include/relbot_msgs/relbot_msgs
[4.063s] -- Up-to-date: /home/sdfr-ppd-01/SDfR/assignment6/install/relbot_msgs/include/relbot_msgs/relbot_msgs/msg
[4.069s] -- Up-to-date: /home/sdfr-ppd-01/SDfR/assignment6/install/relbot_msgs/include/relbot_msgs/relbot_msgs/msg/rosidl_generator_cpp__visibility_control.hpp
[4.074s] -- Up-to-date: /home/sdfr-ppd-01/SDfR/assignment6/install/relbot_msgs/include/relbot_msgs/relbot_msgs/msg/detail
[4.080s] -- Up-to-date: /home/sdfr-ppd-01/SDfR/assignment6/install/relbot_msgs/include/relbot_msgs/relbot_msgs/msg/detail/relbot_motors_stamped__traits.hpp
[4.085s] -- Up-to-date: /home/sdfr-ppd-01/SDfR/assignment6/install/relbot_msgs/include/relbot_msgs/relbot_msgs/msg/detail/relbot_motors__builder.hpp
[4.091s] -- Up-to-date: /home/sdfr-ppd-01/SDfR/assignment6/install/relbot_msgs/include/relbot_msgs/relbot_msgs/msg/detail/relbot_motors_stamped__struct.hpp
[4.100s] -- Up-to-date: /home/sdfr-ppd-01/SDfR/assignment6/install/relbot_msgs/include/relbot_msgs/relbot_msgs/msg/detail/relbot_motors__struct.hpp
[4.116s] -- Up-to-date: /home/sdfr-ppd-01/SDfR/assignment6/install/relbot_msgs/include/relbot_msgs/relbot_msgs/msg/detail/relbot_motors_stamped__type_support.hpp
[4.119s] -- Up-to-date: /home/sdfr-ppd-01/SDfR/assignment6/install/relbot_msgs/include/relbot_msgs/relbot_msgs/msg/detail/relbot_motors_stamped__builder.hpp
[4.121s] -- Up-to-date: /home/sdfr-ppd-01/SDfR/assignment6/install/relbot_msgs/include/relbot_msgs/relbot_msgs/msg/detail/relbot_motors__traits.hpp
[4.127s] -- Up-to-date: /home/sdfr-ppd-01/SDfR/assignment6/install/relbot_msgs/include/relbot_msgs/relbot_msgs/msg/detail/relbot_motors__type_support.hpp
[4.147s] -- Up-to-date: /home/sdfr-ppd-01/SDfR/assignment6/install/relbot_msgs/include/relbot_msgs/relbot_msgs/msg/relbot_motors_stamped.hpp
[4.152s] -- Up-to-date: /home/sdfr-ppd-01/SDfR/assignment6/install/relbot_msgs/include/relbot_msgs/relbot_msgs/msg/relbot_motors.hpp
[4.158s] -- Up-to-date: /home/sdfr-ppd-01/SDfR/assignment6/install/relbot_msgs/include/relbot_msgs/relbot_msgs
[4.160s] -- Up-to-date: /home/sdfr-ppd-01/SDfR/assignment6/install/relbot_msgs/include/relbot_msgs/relbot_msgs/msg
[4.165s] -- Up-to-date: /home/sdfr-ppd-01/SDfR/assignment6/install/relbot_msgs/include/relbot_msgs/relbot_msgs/msg/detail
[4.168s] -- Up-to-date: /home/sdfr-ppd-01/SDfR/assignment6/install/relbot_msgs/include/relbot_msgs/relbot_msgs/msg/detail/relbot_motors__rosidl_typesupport_fastrtps_cpp.hpp
[4.171s] -- Up-to-date: /home/sdfr-ppd-01/SDfR/assignment6/install/relbot_msgs/include/relbot_msgs/relbot_msgs/msg/detail/relbot_motors_stamped__rosidl_typesupport_fastrtps_cpp.hpp
[4.181s] -- Up-to-date: /home/sdfr-ppd-01/SDfR/assignment6/install/relbot_msgs/include/relbot_msgs/relbot_msgs/msg/detail/dds_fastrtps
[4.182s] -- Up-to-date: /home/sdfr-ppd-01/SDfR/assignment6/install/relbot_msgs/include/relbot_msgs/relbot_msgs/msg/rosidl_typesupport_fastrtps_cpp__visibility_control.h
[4.184s] -- Up-to-date: /home/sdfr-ppd-01/SDfR/assignment6/install/relbot_msgs/lib/librelbot_msgs__rosidl_typesupport_fastrtps_cpp.so
[4.192s] -- Up-to-date: /home/sdfr-ppd-01/SDfR/assignment6/install/relbot_msgs/include/relbot_msgs/relbot_msgs
[4.199s] -- Up-to-date: /home/sdfr-ppd-01/SDfR/assignment6/install/relbot_msgs/include/relbot_msgs/relbot_msgs/msg
[4.202s] -- Up-to-date: /home/sdfr-ppd-01/SDfR/assignment6/install/relbot_msgs/include/relbot_msgs/relbot_msgs/msg/detail
[4.205s] -- Up-to-date: /home/sdfr-ppd-01/SDfR/assignment6/install/relbot_msgs/include/relbot_msgs/relbot_msgs/msg/detail/relbot_motors_stamped__type_support.cpp
[4.208s] -- Up-to-date: /home/sdfr-ppd-01/SDfR/assignment6/install/relbot_msgs/include/relbot_msgs/relbot_msgs/msg/detail/relbot_motors_stamped__rosidl_typesupport_introspection_cpp.hpp
[4.210s] -- Up-to-date: /home/sdfr-ppd-01/SDfR/assignment6/install/relbot_msgs/include/relbot_msgs/relbot_msgs/msg/detail/relbot_motors__type_support.cpp
[4.213s] -- Up-to-date: /home/sdfr-ppd-01/SDfR/assignment6/install/relbot_msgs/include/relbot_msgs/relbot_msgs/msg/detail/relbot_motors__rosidl_typesupport_introspection_cpp.hpp
[4.216s] -- Up-to-date: /home/sdfr-ppd-01/SDfR/assignment6/install/relbot_msgs/lib/librelbot_msgs__rosidl_typesupport_introspection_cpp.so
[4.233s] -- Up-to-date: /home/sdfr-ppd-01/SDfR/assignment6/install/relbot_msgs/lib/librelbot_msgs__rosidl_typesupport_cpp.so
[4.235s] -- Up-to-date: /home/sdfr-ppd-01/SDfR/assignment6/install/relbot_msgs/share/relbot_msgs/environment/pythonpath.sh
[4.237s] -- Up-to-date: /home/sdfr-ppd-01/SDfR/assignment6/install/relbot_msgs/share/relbot_msgs/environment/pythonpath.dsv
[4.239s] -- Up-to-date: /home/sdfr-ppd-01/SDfR/assignment6/install/relbot_msgs/local/lib/python3.10/dist-packages/relbot_msgs-2025.2.0-py3.10.egg-info
[4.242s] -- Installing: /home/sdfr-ppd-01/SDfR/assignment6/install/relbot_msgs/local/lib/python3.10/dist-packages/relbot_msgs-2025.2.0-py3.10.egg-info/SOURCES.txt
[4.255s] -- Installing: /home/sdfr-ppd-01/SDfR/assignment6/install/relbot_msgs/local/lib/python3.10/dist-packages/relbot_msgs-2025.2.0-py3.10.egg-info/top_level.txt
[4.257s] -- Installing: /home/sdfr-ppd-01/SDfR/assignment6/install/relbot_msgs/local/lib/python3.10/dist-packages/relbot_msgs-2025.2.0-py3.10.egg-info/dependency_links.txt
[4.260s] -- Installing: /home/sdfr-ppd-01/SDfR/assignment6/install/relbot_msgs/local/lib/python3.10/dist-packages/relbot_msgs-2025.2.0-py3.10.egg-info/PKG-INFO
[4.262s] -- Up-to-date: /home/sdfr-ppd-01/SDfR/assignment6/install/relbot_msgs/local/lib/python3.10/dist-packages/relbot_msgs
[4.265s] -- Up-to-date: /home/sdfr-ppd-01/SDfR/assignment6/install/relbot_msgs/local/lib/python3.10/dist-packages/relbot_msgs/msg
[4.275s] -- Up-to-date: /home/sdfr-ppd-01/SDfR/assignment6/install/relbot_msgs/local/lib/python3.10/dist-packages/relbot_msgs/msg/_relbot_motors_s.c
[4.276s] -- Up-to-date: /home/sdfr-ppd-01/SDfR/assignment6/install/relbot_msgs/local/lib/python3.10/dist-packages/relbot_msgs/msg/_relbot_motors_stamped_s.c
[4.278s] -- Up-to-date: /home/sdfr-ppd-01/SDfR/assignment6/install/relbot_msgs/local/lib/python3.10/dist-packages/relbot_msgs/msg/__init__.py
[4.283s] -- Up-to-date: /home/sdfr-ppd-01/SDfR/assignment6/install/relbot_msgs/local/lib/python3.10/dist-packages/relbot_msgs/msg/_relbot_motors.py
[4.284s] -- Up-to-date: /home/sdfr-ppd-01/SDfR/assignment6/install/relbot_msgs/local/lib/python3.10/dist-packages/relbot_msgs/msg/_relbot_motors_stamped.py
[4.286s] -- Up-to-date: /home/sdfr-ppd-01/SDfR/assignment6/install/relbot_msgs/local/lib/python3.10/dist-packages/relbot_msgs/relbot_msgs_s__rosidl_typesupport_introspection_c.cpython-310-aarch64-linux-gnu.so
[4.288s] -- Up-to-date: /home/sdfr-ppd-01/SDfR/assignment6/install/relbot_msgs/local/lib/python3.10/dist-packages/relbot_msgs/_relbot_msgs_s.ep.rosidl_typesupport_fastrtps_c.c
[4.300s] -- Up-to-date: /home/sdfr-ppd-01/SDfR/assignment6/install/relbot_msgs/local/lib/python3.10/dist-packages/relbot_msgs/relbot_msgs_s__rosidl_typesupport_fastrtps_c.cpython-310-aarch64-linux-gnu.so
[4.319s] -- Up-to-date: /home/sdfr-ppd-01/SDfR/assignment6/install/relbot_msgs/local/lib/python3.10/dist-packages/relbot_msgs/__init__.py
[4.323s] -- Up-to-date: /home/sdfr-ppd-01/SDfR/assignment6/install/relbot_msgs/local/lib/python3.10/dist-packages/relbot_msgs/_relbot_msgs_s.ep.rosidl_typesupport_introspection_c.c
[4.342s] -- Up-to-date: /home/sdfr-ppd-01/SDfR/assignment6/install/relbot_msgs/local/lib/python3.10/dist-packages/relbot_msgs/_relbot_msgs_s.ep.rosidl_typesupport_c.c
[4.345s] -- Up-to-date: /home/sdfr-ppd-01/SDfR/assignment6/install/relbot_msgs/local/lib/python3.10/dist-packages/relbot_msgs/librelbot_msgs__rosidl_generator_py.so
[4.348s] -- Up-to-date: /home/sdfr-ppd-01/SDfR/assignment6/install/relbot_msgs/local/lib/python3.10/dist-packages/relbot_msgs/relbot_msgs_s__rosidl_typesupport_c.cpython-310-aarch64-linux-gnu.so
[4.378s] Listing '/home/sdfr-ppd-01/SDfR/assignment6/install/relbot_msgs/local/lib/python3.10/dist-packages/relbot_msgs'...
[4.381s] Listing '/home/sdfr-ppd-01/SDfR/assignment6/install/relbot_msgs/local/lib/python3.10/dist-packages/relbot_msgs/msg'...
[4.401s] -- Up-to-date: /home/sdfr-ppd-01/SDfR/assignment6/install/relbot_msgs/local/lib/python3.10/dist-packages/relbot_msgs/relbot_msgs_s__rosidl_typesupport_fastrtps_c.cpython-310-aarch64-linux-gnu.so
[4.403s] -- Up-to-date: /home/sdfr-ppd-01/SDfR/assignment6/install/relbot_msgs/local/lib/python3.10/dist-packages/relbot_msgs/relbot_msgs_s__rosidl_typesupport_introspection_c.cpython-310-aarch64-linux-gnu.so
[4.405s] -- Up-to-date: /home/sdfr-ppd-01/SDfR/assignment6/install/relbot_msgs/local/lib/python3.10/dist-packages/relbot_msgs/relbot_msgs_s__rosidl_typesupport_c.cpython-310-aarch64-linux-gnu.so
[4.416s] -- Up-to-date: /home/sdfr-ppd-01/SDfR/assignment6/install/relbot_msgs/lib/librelbot_msgs__rosidl_generator_py.so
[4.418s] -- Up-to-date: /home/sdfr-ppd-01/SDfR/assignment6/install/relbot_msgs/share/relbot_msgs/msg/RelbotMotors.idl
[4.420s] -- Up-to-date: /home/sdfr-ppd-01/SDfR/assignment6/install/relbot_msgs/share/relbot_msgs/msg/RelbotMotorsStamped.idl
[4.421s] -- Up-to-date: /home/sdfr-ppd-01/SDfR/assignment6/install/relbot_msgs/share/relbot_msgs/msg/RelbotMotors.msg
[4.433s] -- Up-to-date: /home/sdfr-ppd-01/SDfR/assignment6/install/relbot_msgs/share/relbot_msgs/msg/RelbotMotorsStamped.msg
[4.434s] -- Up-to-date: /home/sdfr-ppd-01/SDfR/assignment6/install/relbot_msgs/share/ament_index/resource_index/package_run_dependencies/relbot_msgs
[4.436s] -- Up-to-date: /home/sdfr-ppd-01/SDfR/assignment6/install/relbot_msgs/share/ament_index/resource_index/parent_prefix_path/relbot_msgs
[4.437s] -- Up-to-date: /home/sdfr-ppd-01/SDfR/assignment6/install/relbot_msgs/share/relbot_msgs/environment/ament_prefix_path.sh
[4.439s] -- Up-to-date: /home/sdfr-ppd-01/SDfR/assignment6/install/relbot_msgs/share/relbot_msgs/environment/ament_prefix_path.dsv
[4.440s] -- Up-to-date: /home/sdfr-ppd-01/SDfR/assignment6/install/relbot_msgs/share/relbot_msgs/environment/path.sh
[4.442s] -- Up-to-date: /home/sdfr-ppd-01/SDfR/assignment6/install/relbot_msgs/share/relbot_msgs/environment/path.dsv
[4.443s] -- Up-to-date: /home/sdfr-ppd-01/SDfR/assignment6/install/relbot_msgs/share/relbot_msgs/local_setup.bash
[4.445s] -- Up-to-date: /home/sdfr-ppd-01/SDfR/assignment6/install/relbot_msgs/share/relbot_msgs/local_setup.sh
[4.446s] -- Up-to-date: /home/sdfr-ppd-01/SDfR/assignment6/install/relbot_msgs/share/relbot_msgs/local_setup.zsh
[4.453s] -- Up-to-date: /home/sdfr-ppd-01/SDfR/assignment6/install/relbot_msgs/share/relbot_msgs/local_setup.dsv
[4.457s] -- Installing: /home/sdfr-ppd-01/SDfR/assignment6/install/relbot_msgs/share/relbot_msgs/package.dsv
[4.460s] -- Up-to-date: /home/sdfr-ppd-01/SDfR/assignment6/install/relbot_msgs/share/ament_index/resource_index/packages/relbot_msgs
[4.463s] -- Up-to-date: /home/sdfr-ppd-01/SDfR/assignment6/install/relbot_msgs/share/relbot_msgs/cmake/export_relbot_msgs__rosidl_generator_cExport.cmake
[4.467s] -- Up-to-date: /home/sdfr-ppd-01/SDfR/assignment6/install/relbot_msgs/share/relbot_msgs/cmake/export_relbot_msgs__rosidl_generator_cExport-noconfig.cmake
[4.471s] -- Up-to-date: /home/sdfr-ppd-01/SDfR/assignment6/install/relbot_msgs/share/relbot_msgs/cmake/export_relbot_msgs__rosidl_typesupport_fastrtps_cExport.cmake
[4.476s] -- Up-to-date: /home/sdfr-ppd-01/SDfR/assignment6/install/relbot_msgs/share/relbot_msgs/cmake/export_relbot_msgs__rosidl_typesupport_fastrtps_cExport-noconfig.cmake
[4.500s] -- Up-to-date: /home/sdfr-ppd-01/SDfR/assignment6/install/relbot_msgs/share/relbot_msgs/cmake/relbot_msgs__rosidl_typesupport_introspection_cExport.cmake
[4.506s] -- Up-to-date: /home/sdfr-ppd-01/SDfR/assignment6/install/relbot_msgs/share/relbot_msgs/cmake/relbot_msgs__rosidl_typesupport_introspection_cExport-noconfig.cmake
[4.512s] -- Up-to-date: /home/sdfr-ppd-01/SDfR/assignment6/install/relbot_msgs/share/relbot_msgs/cmake/relbot_msgs__rosidl_typesupport_cExport.cmake
[4.531s] -- Up-to-date: /home/sdfr-ppd-01/SDfR/assignment6/install/relbot_msgs/share/relbot_msgs/cmake/relbot_msgs__rosidl_typesupport_cExport-noconfig.cmake
[4.544s] -- Up-to-date: /home/sdfr-ppd-01/SDfR/assignment6/install/relbot_msgs/share/relbot_msgs/cmake/export_relbot_msgs__rosidl_generator_cppExport.cmake
[4.548s] -- Up-to-date: /home/sdfr-ppd-01/SDfR/assignment6/install/relbot_msgs/share/relbot_msgs/cmake/export_relbot_msgs__rosidl_typesupport_fastrtps_cppExport.cmake
[4.553s] -- Up-to-date: /home/sdfr-ppd-01/SDfR/assignment6/install/relbot_msgs/share/relbot_msgs/cmake/export_relbot_msgs__rosidl_typesupport_fastrtps_cppExport-noconfig.cmake
[4.558s] -- Up-to-date: /home/sdfr-ppd-01/SDfR/assignment6/install/relbot_msgs/share/relbot_msgs/cmake/relbot_msgs__rosidl_typesupport_introspection_cppExport.cmake
[4.560s] -- Up-to-date: /home/sdfr-ppd-01/SDfR/assignment6/install/relbot_msgs/share/relbot_msgs/cmake/relbot_msgs__rosidl_typesupport_introspection_cppExport-noconfig.cmake
[4.561s] -- Up-to-date: /home/sdfr-ppd-01/SDfR/assignment6/install/relbot_msgs/share/relbot_msgs/cmake/relbot_msgs__rosidl_typesupport_cppExport.cmake
[4.563s] -- Up-to-date: /home/sdfr-ppd-01/SDfR/assignment6/install/relbot_msgs/share/relbot_msgs/cmake/relbot_msgs__rosidl_typesupport_cppExport-noconfig.cmake
[4.564s] -- Up-to-date: /home/sdfr-ppd-01/SDfR/assignment6/install/relbot_msgs/share/relbot_msgs/cmake/export_relbot_msgs__rosidl_generator_pyExport.cmake
[4.576s] -- Up-to-date: /home/sdfr-ppd-01/SDfR/assignment6/install/relbot_msgs/share/relbot_msgs/cmake/export_relbot_msgs__rosidl_generator_pyExport-noconfig.cmake
[4.578s] -- Up-to-date: /home/sdfr-ppd-01/SDfR/assignment6/install/relbot_msgs/share/relbot_msgs/cmake/rosidl_cmake-extras.cmake
[4.581s] -- Up-to-date: /home/sdfr-ppd-01/SDfR/assignment6/install/relbot_msgs/share/relbot_msgs/cmake/ament_cmake_export_dependencies-extras.cmake
[4.582s] -- Up-to-date: /home/sdfr-ppd-01/SDfR/assignment6/install/relbot_msgs/share/relbot_msgs/cmake/ament_cmake_export_include_directories-extras.cmake
[4.583s] -- Up-to-date: /home/sdfr-ppd-01/SDfR/assignment6/install/relbot_msgs/share/relbot_msgs/cmake/ament_cmake_export_libraries-extras.cmake
[4.586s] -- Up-to-date: /home/sdfr-ppd-01/SDfR/assignment6/install/relbot_msgs/share/relbot_msgs/cmake/ament_cmake_export_targets-extras.cmake
[4.590s] -- Up-to-date: /home/sdfr-ppd-01/SDfR/assignment6/install/relbot_msgs/share/relbot_msgs/cmake/rosidl_cmake_export_typesupport_targets-extras.cmake
[4.599s] -- Up-to-date: /home/sdfr-ppd-01/SDfR/assignment6/install/relbot_msgs/share/relbot_msgs/cmake/rosidl_cmake_export_typesupport_libraries-extras.cmake
[4.600s] -- Up-to-date: /home/sdfr-ppd-01/SDfR/assignment6/install/relbot_msgs/share/relbot_msgs/cmake/relbot_msgsConfig.cmake
[4.602s] -- Up-to-date: /home/sdfr-ppd-01/SDfR/assignment6/install/relbot_msgs/share/relbot_msgs/cmake/relbot_msgsConfig-version.cmake
[4.603s] -- Up-to-date: /home/sdfr-ppd-01/SDfR/assignment6/install/relbot_msgs/share/relbot_msgs/package.xml
[4.605s] Invoked command in '/home/sdfr-ppd-01/SDfR/assignment6/build/relbot_msgs' returned '0': CMAKE_PREFIX_PATH=${CMAKE_PREFIX_PATH}:/opt/ros/humble /usr/bin/cmake --install /home/sdfr-ppd-01/SDfR/assignment6/build/relbot_msgs
