[0.011s] Invoking command in '/home/jordan/SDfR/assignment6/build/green_object_detector': CMAKE_PREFIX_PATH=/opt/ros/humble /usr/bin/cmake --build /home/jordan/SDfR/assignment6/build/green_object_detector -- -j16 -l16
[0.060s] Consolidate compiler generated dependencies of target green_object_detector
[0.075s] [ 50%] Building CXX object CMakeFiles/green_object_detector.dir/src/green_object_detector.cpp.o
[7.888s] [100%] Linking CXX executable green_object_detector
[8.603s] [100%] Built target green_object_detector
[8.616s] Invoked command in '/home/jordan/SDfR/assignment6/build/green_object_detector' returned '0': CMAKE_PREFIX_PATH=/opt/ros/humble /usr/bin/cmake --build /home/jordan/SDfR/assignment6/build/green_object_detector -- -j16 -l16
[8.628s] Invoking command in '/home/jordan/SDfR/assignment6/build/green_object_detector': CMAKE_PREFIX_PATH=/opt/ros/humble /usr/bin/cmake --install /home/jordan/SDfR/assignment6/build/green_object_detector
[8.637s] -- Install configuration: ""
[8.637s] -- Installing: /home/jordan/SDfR/assignment6/install/green_object_detector/lib/green_object_detector/green_object_detector
[8.645s] -- Set runtime path of "/home/jordan/SDfR/assignment6/install/green_object_detector/lib/green_object_detector/green_object_detector" to ""
[8.645s] -- Up-to-date: /home/jordan/SDfR/assignment6/install/green_object_detector/share/ament_index/resource_index/package_run_dependencies/green_object_detector
[8.646s] -- Up-to-date: /home/jordan/SDfR/assignment6/install/green_object_detector/share/ament_index/resource_index/parent_prefix_path/green_object_detector
[8.646s] -- Up-to-date: /home/jordan/SDfR/assignment6/install/green_object_detector/share/green_object_detector/environment/ament_prefix_path.sh
[8.646s] -- Up-to-date: /home/jordan/SDfR/assignment6/install/green_object_detector/share/green_object_detector/environment/ament_prefix_path.dsv
[8.646s] -- Up-to-date: /home/jordan/SDfR/assignment6/install/green_object_detector/share/green_object_detector/environment/path.sh
[8.646s] -- Up-to-date: /home/jordan/SDfR/assignment6/install/green_object_detector/share/green_object_detector/environment/path.dsv
[8.646s] -- Up-to-date: /home/jordan/SDfR/assignment6/install/green_object_detector/share/green_object_detector/local_setup.bash
[8.646s] -- Up-to-date: /home/jordan/SDfR/assignment6/install/green_object_detector/share/green_object_detector/local_setup.sh
[8.646s] -- Up-to-date: /home/jordan/SDfR/assignment6/install/green_object_detector/share/green_object_detector/local_setup.zsh
[8.646s] -- Up-to-date: /home/jordan/SDfR/assignment6/install/green_object_detector/share/green_object_detector/local_setup.dsv
[8.646s] -- Installing: /home/jordan/SDfR/assignment6/install/green_object_detector/share/green_object_detector/package.dsv
[8.646s] -- Up-to-date: /home/jordan/SDfR/assignment6/install/green_object_detector/share/ament_index/resource_index/packages/green_object_detector
[8.646s] -- Up-to-date: /home/jordan/SDfR/assignment6/install/green_object_detector/share/green_object_detector/cmake/green_object_detectorConfig.cmake
[8.646s] -- Up-to-date: /home/jordan/SDfR/assignment6/install/green_object_detector/share/green_object_detector/cmake/green_object_detectorConfig-version.cmake
[8.646s] -- Up-to-date: /home/jordan/SDfR/assignment6/install/green_object_detector/share/green_object_detector/package.xml
[8.648s] Invoked command in '/home/jordan/SDfR/assignment6/build/green_object_detector' returned '0': CMAKE_PREFIX_PATH=/opt/ros/humble /usr/bin/cmake --install /home/jordan/SDfR/assignment6/build/green_object_detector
