[0.646s] DEBUG:colcon:Command line arguments: ['/usr/bin/colcon', 'build']
[0.646s] DEBUG:colcon:Parsed command line arguments: Namespace(log_base=None, log_level=None, verb_name='build', build_base='build', install_base='install', merge_install=False, symlink_install=False, test_result_base=None, continue_on_error=False, executor='parallel', parallel_workers=16, event_handlers=None, ignore_user_meta=False, metas=['./colcon.meta'], base_paths=['.'], packages_ignore=None, packages_ignore_regex=None, paths=None, packages_up_to=None, packages_up_to_regex=None, packages_above=None, packages_above_and_dependencies=None, packages_above_depth=None, packages_select_by_dep=None, packages_skip_by_dep=None, packages_skip_up_to=None, packages_select_build_failed=False, packages_skip_build_finished=False, packages_select_test_failures=False, packages_skip_test_passed=False, packages_select=None, packages_skip=None, packages_select_regex=None, packages_skip_regex=None, packages_start=None, packages_end=None, allow_overriding=[], cmake_args=None, cmake_target=None, cmake_target_skip_unavailable=False, cmake_clean_cache=False, cmake_clean_first=False, cmake_force_configure=False, ament_cmake_args=None, catkin_cmake_args=None, catkin_skip_building_tests=False, mixin_files=None, mixin=None, verb_parser=<colcon_mixin.mixin.mixin_argument.MixinArgumentDecorator object at 0x7673fb7cd1b0>, verb_extension=<colcon_core.verb.build.BuildVerb object at 0x7673fb9bab60>, main=<bound method BuildVerb.main of <colcon_core.verb.build.BuildVerb object at 0x7673fb9bab60>>, mixin_verb=('build',))
[0.977s] Level 1:colcon.colcon_core.package_discovery:discover_packages(colcon_meta) check parameters
[0.977s] Level 1:colcon.colcon_core.package_discovery:discover_packages(recursive) check parameters
[0.978s] Level 1:colcon.colcon_core.package_discovery:discover_packages(ignore) check parameters
[0.978s] Level 1:colcon.colcon_core.package_discovery:discover_packages(path) check parameters
[0.978s] Level 1:colcon.colcon_core.package_discovery:discover_packages(colcon_meta) discover
[0.978s] Level 1:colcon.colcon_core.package_discovery:discover_packages(recursive) discover
[0.978s] INFO:colcon.colcon_core.package_discovery:Crawling recursively for packages in '/home/jordan/SDfR/assignment5'
[0.978s] Level 1:colcon.colcon_core.package_identification:_identify(.) by extensions ['ignore', 'ignore_ament_install']
[0.978s] Level 1:colcon.colcon_core.package_identification:_identify(.) by extension 'ignore'
[0.978s] Level 1:colcon.colcon_core.package_identification:_identify(.) by extension 'ignore_ament_install'
[0.979s] Level 1:colcon.colcon_core.package_identification:_identify(.) by extensions ['colcon_pkg']
[0.979s] Level 1:colcon.colcon_core.package_identification:_identify(.) by extension 'colcon_pkg'
[0.979s] Level 1:colcon.colcon_core.package_identification:_identify(.) by extensions ['colcon_meta']
[0.979s] Level 1:colcon.colcon_core.package_identification:_identify(.) by extension 'colcon_meta'
[0.979s] Level 1:colcon.colcon_core.package_identification:_identify(.) by extensions ['ros']
[0.979s] Level 1:colcon.colcon_core.package_identification:_identify(.) by extension 'ros'
[1.000s] Level 1:colcon.colcon_core.package_identification:_identify(.) by extensions ['cmake', 'python']
[1.000s] Level 1:colcon.colcon_core.package_identification:_identify(.) by extension 'cmake'
[1.000s] Level 1:colcon.colcon_core.package_identification:_identify(.) by extension 'python'
[1.000s] Level 1:colcon.colcon_core.package_identification:_identify(.) by extensions ['python_setup_py']
[1.000s] Level 1:colcon.colcon_core.package_identification:_identify(.) by extension 'python_setup_py'
[1.001s] Level 1:colcon.colcon_core.package_identification:_identify(__MACOSX) by extensions ['ignore', 'ignore_ament_install']
[1.001s] Level 1:colcon.colcon_core.package_identification:_identify(__MACOSX) by extension 'ignore'
[1.001s] Level 1:colcon.colcon_core.package_identification:_identify(__MACOSX) by extension 'ignore_ament_install'
[1.001s] Level 1:colcon.colcon_core.package_identification:_identify(__MACOSX) by extensions ['colcon_pkg']
[1.001s] Level 1:colcon.colcon_core.package_identification:_identify(__MACOSX) by extension 'colcon_pkg'
[1.001s] Level 1:colcon.colcon_core.package_identification:_identify(__MACOSX) by extensions ['colcon_meta']
[1.002s] Level 1:colcon.colcon_core.package_identification:_identify(__MACOSX) by extension 'colcon_meta'
[1.002s] Level 1:colcon.colcon_core.package_identification:_identify(__MACOSX) by extensions ['ros']
[1.002s] Level 1:colcon.colcon_core.package_identification:_identify(__MACOSX) by extension 'ros'
[1.002s] Level 1:colcon.colcon_core.package_identification:_identify(__MACOSX) by extensions ['cmake', 'python']
[1.002s] Level 1:colcon.colcon_core.package_identification:_identify(__MACOSX) by extension 'cmake'
[1.002s] Level 1:colcon.colcon_core.package_identification:_identify(__MACOSX) by extension 'python'
[1.002s] Level 1:colcon.colcon_core.package_identification:_identify(__MACOSX) by extensions ['python_setup_py']
[1.002s] Level 1:colcon.colcon_core.package_identification:_identify(__MACOSX) by extension 'python_setup_py'
[1.003s] Level 1:colcon.colcon_core.package_identification:_identify(__MACOSX/relbot2turtlesim) by extensions ['ignore', 'ignore_ament_install']
[1.003s] Level 1:colcon.colcon_core.package_identification:_identify(__MACOSX/relbot2turtlesim) by extension 'ignore'
[1.003s] Level 1:colcon.colcon_core.package_identification:_identify(__MACOSX/relbot2turtlesim) by extension 'ignore_ament_install'
[1.003s] Level 1:colcon.colcon_core.package_identification:_identify(__MACOSX/relbot2turtlesim) by extensions ['colcon_pkg']
[1.003s] Level 1:colcon.colcon_core.package_identification:_identify(__MACOSX/relbot2turtlesim) by extension 'colcon_pkg'
[1.003s] Level 1:colcon.colcon_core.package_identification:_identify(__MACOSX/relbot2turtlesim) by extensions ['colcon_meta']
[1.003s] Level 1:colcon.colcon_core.package_identification:_identify(__MACOSX/relbot2turtlesim) by extension 'colcon_meta'
[1.004s] Level 1:colcon.colcon_core.package_identification:_identify(__MACOSX/relbot2turtlesim) by extensions ['ros']
[1.004s] Level 1:colcon.colcon_core.package_identification:_identify(__MACOSX/relbot2turtlesim) by extension 'ros'
[1.004s] Level 1:colcon.colcon_core.package_identification:_identify(__MACOSX/relbot2turtlesim) by extensions ['cmake', 'python']
[1.004s] Level 1:colcon.colcon_core.package_identification:_identify(__MACOSX/relbot2turtlesim) by extension 'cmake'
[1.004s] Level 1:colcon.colcon_core.package_identification:_identify(__MACOSX/relbot2turtlesim) by extension 'python'
[1.004s] Level 1:colcon.colcon_core.package_identification:_identify(__MACOSX/relbot2turtlesim) by extensions ['python_setup_py']
[1.004s] Level 1:colcon.colcon_core.package_identification:_identify(__MACOSX/relbot2turtlesim) by extension 'python_setup_py'
[1.004s] Level 1:colcon.colcon_core.package_identification:_identify(__MACOSX/relbot2turtlesim/include) by extensions ['ignore', 'ignore_ament_install']
[1.005s] Level 1:colcon.colcon_core.package_identification:_identify(__MACOSX/relbot2turtlesim/include) by extension 'ignore'
[1.005s] Level 1:colcon.colcon_core.package_identification:_identify(__MACOSX/relbot2turtlesim/include) by extension 'ignore_ament_install'
[1.005s] Level 1:colcon.colcon_core.package_identification:_identify(__MACOSX/relbot2turtlesim/include) by extensions ['colcon_pkg']
[1.005s] Level 1:colcon.colcon_core.package_identification:_identify(__MACOSX/relbot2turtlesim/include) by extension 'colcon_pkg'
[1.005s] Level 1:colcon.colcon_core.package_identification:_identify(__MACOSX/relbot2turtlesim/include) by extensions ['colcon_meta']
[1.005s] Level 1:colcon.colcon_core.package_identification:_identify(__MACOSX/relbot2turtlesim/include) by extension 'colcon_meta'
[1.005s] Level 1:colcon.colcon_core.package_identification:_identify(__MACOSX/relbot2turtlesim/include) by extensions ['ros']
[1.005s] Level 1:colcon.colcon_core.package_identification:_identify(__MACOSX/relbot2turtlesim/include) by extension 'ros'
[1.006s] Level 1:colcon.colcon_core.package_identification:_identify(__MACOSX/relbot2turtlesim/include) by extensions ['cmake', 'python']
[1.006s] Level 1:colcon.colcon_core.package_identification:_identify(__MACOSX/relbot2turtlesim/include) by extension 'cmake'
[1.006s] Level 1:colcon.colcon_core.package_identification:_identify(__MACOSX/relbot2turtlesim/include) by extension 'python'
[1.006s] Level 1:colcon.colcon_core.package_identification:_identify(__MACOSX/relbot2turtlesim/include) by extensions ['python_setup_py']
[1.006s] Level 1:colcon.colcon_core.package_identification:_identify(__MACOSX/relbot2turtlesim/include) by extension 'python_setup_py'
[1.006s] Level 1:colcon.colcon_core.package_identification:_identify(__MACOSX/relbot_launch) by extensions ['ignore', 'ignore_ament_install']
[1.006s] Level 1:colcon.colcon_core.package_identification:_identify(__MACOSX/relbot_launch) by extension 'ignore'
[1.006s] Level 1:colcon.colcon_core.package_identification:_identify(__MACOSX/relbot_launch) by extension 'ignore_ament_install'
[1.007s] Level 1:colcon.colcon_core.package_identification:_identify(__MACOSX/relbot_launch) by extensions ['colcon_pkg']
[1.007s] Level 1:colcon.colcon_core.package_identification:_identify(__MACOSX/relbot_launch) by extension 'colcon_pkg'
[1.007s] Level 1:colcon.colcon_core.package_identification:_identify(__MACOSX/relbot_launch) by extensions ['colcon_meta']
[1.007s] Level 1:colcon.colcon_core.package_identification:_identify(__MACOSX/relbot_launch) by extension 'colcon_meta'
[1.007s] Level 1:colcon.colcon_core.package_identification:_identify(__MACOSX/relbot_launch) by extensions ['ros']
[1.007s] Level 1:colcon.colcon_core.package_identification:_identify(__MACOSX/relbot_launch) by extension 'ros'
[1.007s] Level 1:colcon.colcon_core.package_identification:_identify(__MACOSX/relbot_launch) by extensions ['cmake', 'python']
[1.007s] Level 1:colcon.colcon_core.package_identification:_identify(__MACOSX/relbot_launch) by extension 'cmake'
[1.008s] Level 1:colcon.colcon_core.package_identification:_identify(__MACOSX/relbot_launch) by extension 'python'
[1.008s] Level 1:colcon.colcon_core.package_identification:_identify(__MACOSX/relbot_launch) by extensions ['python_setup_py']
[1.008s] Level 1:colcon.colcon_core.package_identification:_identify(__MACOSX/relbot_launch) by extension 'python_setup_py'
[1.008s] Level 1:colcon.colcon_core.package_identification:_identify(__MACOSX/relbot_launch/launch) by extensions ['ignore', 'ignore_ament_install']
[1.008s] Level 1:colcon.colcon_core.package_identification:_identify(__MACOSX/relbot_launch/launch) by extension 'ignore'
[1.008s] Level 1:colcon.colcon_core.package_identification:_identify(__MACOSX/relbot_launch/launch) by extension 'ignore_ament_install'
[1.008s] Level 1:colcon.colcon_core.package_identification:_identify(__MACOSX/relbot_launch/launch) by extensions ['colcon_pkg']
[1.008s] Level 1:colcon.colcon_core.package_identification:_identify(__MACOSX/relbot_launch/launch) by extension 'colcon_pkg'
[1.009s] Level 1:colcon.colcon_core.package_identification:_identify(__MACOSX/relbot_launch/launch) by extensions ['colcon_meta']
[1.009s] Level 1:colcon.colcon_core.package_identification:_identify(__MACOSX/relbot_launch/launch) by extension 'colcon_meta'
[1.009s] Level 1:colcon.colcon_core.package_identification:_identify(__MACOSX/relbot_launch/launch) by extensions ['ros']
[1.009s] Level 1:colcon.colcon_core.package_identification:_identify(__MACOSX/relbot_launch/launch) by extension 'ros'
[1.009s] Level 1:colcon.colcon_core.package_identification:_identify(__MACOSX/relbot_launch/launch) by extensions ['cmake', 'python']
[1.009s] Level 1:colcon.colcon_core.package_identification:_identify(__MACOSX/relbot_launch/launch) by extension 'cmake'
[1.009s] Level 1:colcon.colcon_core.package_identification:_identify(__MACOSX/relbot_launch/launch) by extension 'python'
[1.009s] Level 1:colcon.colcon_core.package_identification:_identify(__MACOSX/relbot_launch/launch) by extensions ['python_setup_py']
[1.009s] Level 1:colcon.colcon_core.package_identification:_identify(__MACOSX/relbot_launch/launch) by extension 'python_setup_py'
[1.010s] Level 1:colcon.colcon_core.package_identification:_identify(__MACOSX/relbot_sequence_controller) by extensions ['ignore', 'ignore_ament_install']
[1.010s] Level 1:colcon.colcon_core.package_identification:_identify(__MACOSX/relbot_sequence_controller) by extension 'ignore'
[1.010s] Level 1:colcon.colcon_core.package_identification:_identify(__MACOSX/relbot_sequence_controller) by extension 'ignore_ament_install'
[1.010s] Level 1:colcon.colcon_core.package_identification:_identify(__MACOSX/relbot_sequence_controller) by extensions ['colcon_pkg']
[1.010s] Level 1:colcon.colcon_core.package_identification:_identify(__MACOSX/relbot_sequence_controller) by extension 'colcon_pkg'
[1.010s] Level 1:colcon.colcon_core.package_identification:_identify(__MACOSX/relbot_sequence_controller) by extensions ['colcon_meta']
[1.010s] Level 1:colcon.colcon_core.package_identification:_identify(__MACOSX/relbot_sequence_controller) by extension 'colcon_meta'
[1.010s] Level 1:colcon.colcon_core.package_identification:_identify(__MACOSX/relbot_sequence_controller) by extensions ['ros']
[1.010s] Level 1:colcon.colcon_core.package_identification:_identify(__MACOSX/relbot_sequence_controller) by extension 'ros'
[1.011s] Level 1:colcon.colcon_core.package_identification:_identify(__MACOSX/relbot_sequence_controller) by extensions ['cmake', 'python']
[1.011s] Level 1:colcon.colcon_core.package_identification:_identify(__MACOSX/relbot_sequence_controller) by extension 'cmake'
[1.011s] Level 1:colcon.colcon_core.package_identification:_identify(__MACOSX/relbot_sequence_controller) by extension 'python'
[1.011s] Level 1:colcon.colcon_core.package_identification:_identify(__MACOSX/relbot_sequence_controller) by extensions ['python_setup_py']
[1.011s] Level 1:colcon.colcon_core.package_identification:_identify(__MACOSX/relbot_sequence_controller) by extension 'python_setup_py'
[1.011s] Level 1:colcon.colcon_core.package_identification:_identify(__MACOSX/relbot_sequence_controller/include) by extensions ['ignore', 'ignore_ament_install']
[1.011s] Level 1:colcon.colcon_core.package_identification:_identify(__MACOSX/relbot_sequence_controller/include) by extension 'ignore'
[1.012s] Level 1:colcon.colcon_core.package_identification:_identify(__MACOSX/relbot_sequence_controller/include) by extension 'ignore_ament_install'
[1.012s] Level 1:colcon.colcon_core.package_identification:_identify(__MACOSX/relbot_sequence_controller/include) by extensions ['colcon_pkg']
[1.012s] Level 1:colcon.colcon_core.package_identification:_identify(__MACOSX/relbot_sequence_controller/include) by extension 'colcon_pkg'
[1.012s] Level 1:colcon.colcon_core.package_identification:_identify(__MACOSX/relbot_sequence_controller/include) by extensions ['colcon_meta']
[1.012s] Level 1:colcon.colcon_core.package_identification:_identify(__MACOSX/relbot_sequence_controller/include) by extension 'colcon_meta'
[1.012s] Level 1:colcon.colcon_core.package_identification:_identify(__MACOSX/relbot_sequence_controller/include) by extensions ['ros']
[1.012s] Level 1:colcon.colcon_core.package_identification:_identify(__MACOSX/relbot_sequence_controller/include) by extension 'ros'
[1.012s] Level 1:colcon.colcon_core.package_identification:_identify(__MACOSX/relbot_sequence_controller/include) by extensions ['cmake', 'python']
[1.012s] Level 1:colcon.colcon_core.package_identification:_identify(__MACOSX/relbot_sequence_controller/include) by extension 'cmake'
[1.012s] Level 1:colcon.colcon_core.package_identification:_identify(__MACOSX/relbot_sequence_controller/include) by extension 'python'
[1.013s] Level 1:colcon.colcon_core.package_identification:_identify(__MACOSX/relbot_sequence_controller/include) by extensions ['python_setup_py']
[1.013s] Level 1:colcon.colcon_core.package_identification:_identify(__MACOSX/relbot_sequence_controller/include) by extension 'python_setup_py'
[1.013s] Level 1:colcon.colcon_core.package_identification:_identify(__MACOSX/relbot_simulator) by extensions ['ignore', 'ignore_ament_install']
[1.013s] Level 1:colcon.colcon_core.package_identification:_identify(__MACOSX/relbot_simulator) by extension 'ignore'
[1.013s] Level 1:colcon.colcon_core.package_identification:_identify(__MACOSX/relbot_simulator) by extension 'ignore_ament_install'
[1.013s] Level 1:colcon.colcon_core.package_identification:_identify(__MACOSX/relbot_simulator) by extensions ['colcon_pkg']
[1.013s] Level 1:colcon.colcon_core.package_identification:_identify(__MACOSX/relbot_simulator) by extension 'colcon_pkg'
[1.013s] Level 1:colcon.colcon_core.package_identification:_identify(__MACOSX/relbot_simulator) by extensions ['colcon_meta']
[1.013s] Level 1:colcon.colcon_core.package_identification:_identify(__MACOSX/relbot_simulator) by extension 'colcon_meta'
[1.014s] Level 1:colcon.colcon_core.package_identification:_identify(__MACOSX/relbot_simulator) by extensions ['ros']
[1.014s] Level 1:colcon.colcon_core.package_identification:_identify(__MACOSX/relbot_simulator) by extension 'ros'
[1.014s] Level 1:colcon.colcon_core.package_identification:_identify(__MACOSX/relbot_simulator) by extensions ['cmake', 'python']
[1.014s] Level 1:colcon.colcon_core.package_identification:_identify(__MACOSX/relbot_simulator) by extension 'cmake'
[1.014s] Level 1:colcon.colcon_core.package_identification:_identify(__MACOSX/relbot_simulator) by extension 'python'
[1.014s] Level 1:colcon.colcon_core.package_identification:_identify(__MACOSX/relbot_simulator) by extensions ['python_setup_py']
[1.014s] Level 1:colcon.colcon_core.package_identification:_identify(__MACOSX/relbot_simulator) by extension 'python_setup_py'
[1.014s] Level 1:colcon.colcon_core.package_identification:_identify(build) by extensions ['ignore', 'ignore_ament_install']
[1.014s] Level 1:colcon.colcon_core.package_identification:_identify(build) by extension 'ignore'
[1.015s] Level 1:colcon.colcon_core.package_identification:_identify(build) ignored
[1.015s] Level 1:colcon.colcon_core.package_identification:_identify(install) by extensions ['ignore', 'ignore_ament_install']
[1.015s] Level 1:colcon.colcon_core.package_identification:_identify(install) by extension 'ignore'
[1.015s] Level 1:colcon.colcon_core.package_identification:_identify(install) ignored
[1.016s] Level 1:colcon.colcon_core.package_identification:_identify(log) by extensions ['ignore', 'ignore_ament_install']
[1.016s] Level 1:colcon.colcon_core.package_identification:_identify(log) by extension 'ignore'
[1.016s] Level 1:colcon.colcon_core.package_identification:_identify(log) ignored
[1.016s] Level 1:colcon.colcon_core.package_identification:_identify(relbot2turtlesim) by extensions ['ignore', 'ignore_ament_install']
[1.016s] Level 1:colcon.colcon_core.package_identification:_identify(relbot2turtlesim) by extension 'ignore'
[1.016s] Level 1:colcon.colcon_core.package_identification:_identify(relbot2turtlesim) by extension 'ignore_ament_install'
[1.016s] Level 1:colcon.colcon_core.package_identification:_identify(relbot2turtlesim) by extensions ['colcon_pkg']
[1.017s] Level 1:colcon.colcon_core.package_identification:_identify(relbot2turtlesim) by extension 'colcon_pkg'
[1.017s] Level 1:colcon.colcon_core.package_identification:_identify(relbot2turtlesim) by extensions ['colcon_meta']
[1.017s] Level 1:colcon.colcon_core.package_identification:_identify(relbot2turtlesim) by extension 'colcon_meta'
[1.017s] Level 1:colcon.colcon_core.package_identification:_identify(relbot2turtlesim) by extensions ['ros']
[1.017s] Level 1:colcon.colcon_core.package_identification:_identify(relbot2turtlesim) by extension 'ros'
[1.023s] DEBUG:colcon.colcon_core.package_identification:Package 'relbot2turtlesim' with type 'ros.ament_cmake' and name 'relbot2turtlesim'
[1.023s] Level 1:colcon.colcon_core.package_identification:_identify(relbot_launch) by extensions ['ignore', 'ignore_ament_install']
[1.024s] Level 1:colcon.colcon_core.package_identification:_identify(relbot_launch) by extension 'ignore'
[1.024s] Level 1:colcon.colcon_core.package_identification:_identify(relbot_launch) by extension 'ignore_ament_install'
[1.024s] Level 1:colcon.colcon_core.package_identification:_identify(relbot_launch) by extensions ['colcon_pkg']
[1.024s] Level 1:colcon.colcon_core.package_identification:_identify(relbot_launch) by extension 'colcon_pkg'
[1.024s] Level 1:colcon.colcon_core.package_identification:_identify(relbot_launch) by extensions ['colcon_meta']
[1.024s] Level 1:colcon.colcon_core.package_identification:_identify(relbot_launch) by extension 'colcon_meta'
[1.024s] Level 1:colcon.colcon_core.package_identification:_identify(relbot_launch) by extensions ['ros']
[1.024s] Level 1:colcon.colcon_core.package_identification:_identify(relbot_launch) by extension 'ros'
[1.025s] DEBUG:colcon.colcon_core.package_identification:Package 'relbot_launch' with type 'ros.ament_cmake' and name 'relbot_launch'
[1.025s] Level 1:colcon.colcon_core.package_identification:_identify(relbot_sequence_controller) by extensions ['ignore', 'ignore_ament_install']
[1.026s] Level 1:colcon.colcon_core.package_identification:_identify(relbot_sequence_controller) by extension 'ignore'
[1.026s] Level 1:colcon.colcon_core.package_identification:_identify(relbot_sequence_controller) by extension 'ignore_ament_install'
[1.026s] Level 1:colcon.colcon_core.package_identification:_identify(relbot_sequence_controller) by extensions ['colcon_pkg']
[1.026s] Level 1:colcon.colcon_core.package_identification:_identify(relbot_sequence_controller) by extension 'colcon_pkg'
[1.026s] Level 1:colcon.colcon_core.package_identification:_identify(relbot_sequence_controller) by extensions ['colcon_meta']
[1.026s] Level 1:colcon.colcon_core.package_identification:_identify(relbot_sequence_controller) by extension 'colcon_meta'
[1.026s] Level 1:colcon.colcon_core.package_identification:_identify(relbot_sequence_controller) by extensions ['ros']
[1.026s] Level 1:colcon.colcon_core.package_identification:_identify(relbot_sequence_controller) by extension 'ros'
[1.028s] DEBUG:colcon.colcon_core.package_identification:Package 'relbot_sequence_controller' with type 'ros.ament_cmake' and name 'relbot_sequence_controller'
[1.028s] Level 1:colcon.colcon_core.package_identification:_identify(relbot_simulator) by extensions ['ignore', 'ignore_ament_install']
[1.028s] Level 1:colcon.colcon_core.package_identification:_identify(relbot_simulator) by extension 'ignore'
[1.028s] Level 1:colcon.colcon_core.package_identification:_identify(relbot_simulator) by extension 'ignore_ament_install'
[1.028s] Level 1:colcon.colcon_core.package_identification:_identify(relbot_simulator) by extensions ['colcon_pkg']
[1.028s] Level 1:colcon.colcon_core.package_identification:_identify(relbot_simulator) by extension 'colcon_pkg'
[1.029s] Level 1:colcon.colcon_core.package_identification:_identify(relbot_simulator) by extensions ['colcon_meta']
[1.029s] Level 1:colcon.colcon_core.package_identification:_identify(relbot_simulator) by extension 'colcon_meta'
[1.029s] Level 1:colcon.colcon_core.package_identification:_identify(relbot_simulator) by extensions ['ros']
[1.029s] Level 1:colcon.colcon_core.package_identification:_identify(relbot_simulator) by extension 'ros'
[1.030s] DEBUG:colcon.colcon_core.package_identification:Package 'relbot_simulator' with type 'ros.ament_cmake' and name 'relbot_simulator'
[1.030s] Level 1:colcon.colcon_core.package_discovery:discover_packages(recursive) using defaults
[1.031s] Level 1:colcon.colcon_core.package_discovery:discover_packages(ignore) discover
[1.031s] Level 1:colcon.colcon_core.package_discovery:discover_packages(ignore) using defaults
[1.031s] Level 1:colcon.colcon_core.package_discovery:discover_packages(path) discover
[1.031s] Level 1:colcon.colcon_core.package_discovery:discover_packages(path) using defaults
[1.084s] Level 1:colcon.colcon_core.package_discovery:discover_packages(prefix_path) check parameters
[1.084s] Level 1:colcon.colcon_core.package_discovery:discover_packages(prefix_path) discover
[1.089s] DEBUG:colcon.colcon_installed_package_information.package_discovery:Found 274 installed packages in /opt/ros/humble
[1.091s] Level 1:colcon.colcon_core.package_discovery:discover_packages(prefix_path) using defaults
[1.168s] Level 5:colcon.colcon_core.verb:set package 'relbot2turtlesim' build argument 'cmake_args' from command line to 'None'
[1.168s] Level 5:colcon.colcon_core.verb:set package 'relbot2turtlesim' build argument 'cmake_target' from command line to 'None'
[1.168s] Level 5:colcon.colcon_core.verb:set package 'relbot2turtlesim' build argument 'cmake_target_skip_unavailable' from command line to 'False'
[1.168s] Level 5:colcon.colcon_core.verb:set package 'relbot2turtlesim' build argument 'cmake_clean_cache' from command line to 'False'
[1.169s] Level 5:colcon.colcon_core.verb:set package 'relbot2turtlesim' build argument 'cmake_clean_first' from command line to 'False'
[1.169s] Level 5:colcon.colcon_core.verb:set package 'relbot2turtlesim' build argument 'cmake_force_configure' from command line to 'False'
[1.169s] Level 5:colcon.colcon_core.verb:set package 'relbot2turtlesim' build argument 'ament_cmake_args' from command line to 'None'
[1.169s] Level 5:colcon.colcon_core.verb:set package 'relbot2turtlesim' build argument 'catkin_cmake_args' from command line to 'None'
[1.169s] Level 5:colcon.colcon_core.verb:set package 'relbot2turtlesim' build argument 'catkin_skip_building_tests' from command line to 'False'
[1.169s] DEBUG:colcon.colcon_core.verb:Building package 'relbot2turtlesim' with the following arguments: {'ament_cmake_args': None, 'build_base': '/home/jordan/SDfR/assignment5/build/relbot2turtlesim', 'catkin_cmake_args': None, 'catkin_skip_building_tests': False, 'cmake_args': None, 'cmake_clean_cache': False, 'cmake_clean_first': False, 'cmake_force_configure': False, 'cmake_target': None, 'cmake_target_skip_unavailable': False, 'install_base': '/home/jordan/SDfR/assignment5/install/relbot2turtlesim', 'merge_install': False, 'path': '/home/jordan/SDfR/assignment5/relbot2turtlesim', 'symlink_install': False, 'test_result_base': None}
[1.170s] Level 5:colcon.colcon_core.verb:set package 'relbot_launch' build argument 'cmake_args' from command line to 'None'
[1.170s] Level 5:colcon.colcon_core.verb:set package 'relbot_launch' build argument 'cmake_target' from command line to 'None'
[1.170s] Level 5:colcon.colcon_core.verb:set package 'relbot_launch' build argument 'cmake_target_skip_unavailable' from command line to 'False'
[1.170s] Level 5:colcon.colcon_core.verb:set package 'relbot_launch' build argument 'cmake_clean_cache' from command line to 'False'
[1.170s] Level 5:colcon.colcon_core.verb:set package 'relbot_launch' build argument 'cmake_clean_first' from command line to 'False'
[1.170s] Level 5:colcon.colcon_core.verb:set package 'relbot_launch' build argument 'cmake_force_configure' from command line to 'False'
[1.170s] Level 5:colcon.colcon_core.verb:set package 'relbot_launch' build argument 'ament_cmake_args' from command line to 'None'
[1.170s] Level 5:colcon.colcon_core.verb:set package 'relbot_launch' build argument 'catkin_cmake_args' from command line to 'None'
[1.171s] Level 5:colcon.colcon_core.verb:set package 'relbot_launch' build argument 'catkin_skip_building_tests' from command line to 'False'
[1.171s] DEBUG:colcon.colcon_core.verb:Building package 'relbot_launch' with the following arguments: {'ament_cmake_args': None, 'build_base': '/home/jordan/SDfR/assignment5/build/relbot_launch', 'catkin_cmake_args': None, 'catkin_skip_building_tests': False, 'cmake_args': None, 'cmake_clean_cache': False, 'cmake_clean_first': False, 'cmake_force_configure': False, 'cmake_target': None, 'cmake_target_skip_unavailable': False, 'install_base': '/home/jordan/SDfR/assignment5/install/relbot_launch', 'merge_install': False, 'path': '/home/jordan/SDfR/assignment5/relbot_launch', 'symlink_install': False, 'test_result_base': None}
[1.172s] Level 5:colcon.colcon_core.verb:set package 'relbot_sequence_controller' build argument 'cmake_args' from command line to 'None'
[1.172s] Level 5:colcon.colcon_core.verb:set package 'relbot_sequence_controller' build argument 'cmake_target' from command line to 'None'
[1.172s] Level 5:colcon.colcon_core.verb:set package 'relbot_sequence_controller' build argument 'cmake_target_skip_unavailable' from command line to 'False'
[1.172s] Level 5:colcon.colcon_core.verb:set package 'relbot_sequence_controller' build argument 'cmake_clean_cache' from command line to 'False'
[1.172s] Level 5:colcon.colcon_core.verb:set package 'relbot_sequence_controller' build argument 'cmake_clean_first' from command line to 'False'
[1.172s] Level 5:colcon.colcon_core.verb:set package 'relbot_sequence_controller' build argument 'cmake_force_configure' from command line to 'False'
[1.172s] Level 5:colcon.colcon_core.verb:set package 'relbot_sequence_controller' build argument 'ament_cmake_args' from command line to 'None'
[1.172s] Level 5:colcon.colcon_core.verb:set package 'relbot_sequence_controller' build argument 'catkin_cmake_args' from command line to 'None'
[1.172s] Level 5:colcon.colcon_core.verb:set package 'relbot_sequence_controller' build argument 'catkin_skip_building_tests' from command line to 'False'
[1.172s] DEBUG:colcon.colcon_core.verb:Building package 'relbot_sequence_controller' with the following arguments: {'ament_cmake_args': None, 'build_base': '/home/jordan/SDfR/assignment5/build/relbot_sequence_controller', 'catkin_cmake_args': None, 'catkin_skip_building_tests': False, 'cmake_args': None, 'cmake_clean_cache': False, 'cmake_clean_first': False, 'cmake_force_configure': False, 'cmake_target': None, 'cmake_target_skip_unavailable': False, 'install_base': '/home/jordan/SDfR/assignment5/install/relbot_sequence_controller', 'merge_install': False, 'path': '/home/jordan/SDfR/assignment5/relbot_sequence_controller', 'symlink_install': False, 'test_result_base': None}
[1.173s] Level 5:colcon.colcon_core.verb:set package 'relbot_simulator' build argument 'cmake_args' from command line to 'None'
[1.173s] Level 5:colcon.colcon_core.verb:set package 'relbot_simulator' build argument 'cmake_target' from command line to 'None'
[1.173s] Level 5:colcon.colcon_core.verb:set package 'relbot_simulator' build argument 'cmake_target_skip_unavailable' from command line to 'False'
[1.173s] Level 5:colcon.colcon_core.verb:set package 'relbot_simulator' build argument 'cmake_clean_cache' from command line to 'False'
[1.173s] Level 5:colcon.colcon_core.verb:set package 'relbot_simulator' build argument 'cmake_clean_first' from command line to 'False'
[1.173s] Level 5:colcon.colcon_core.verb:set package 'relbot_simulator' build argument 'cmake_force_configure' from command line to 'False'
[1.173s] Level 5:colcon.colcon_core.verb:set package 'relbot_simulator' build argument 'ament_cmake_args' from command line to 'None'
[1.173s] Level 5:colcon.colcon_core.verb:set package 'relbot_simulator' build argument 'catkin_cmake_args' from command line to 'None'
[1.174s] Level 5:colcon.colcon_core.verb:set package 'relbot_simulator' build argument 'catkin_skip_building_tests' from command line to 'False'
[1.174s] DEBUG:colcon.colcon_core.verb:Building package 'relbot_simulator' with the following arguments: {'ament_cmake_args': None, 'build_base': '/home/jordan/SDfR/assignment5/build/relbot_simulator', 'catkin_cmake_args': None, 'catkin_skip_building_tests': False, 'cmake_args': None, 'cmake_clean_cache': False, 'cmake_clean_first': False, 'cmake_force_configure': False, 'cmake_target': None, 'cmake_target_skip_unavailable': False, 'install_base': '/home/jordan/SDfR/assignment5/install/relbot_simulator', 'merge_install': False, 'path': '/home/jordan/SDfR/assignment5/relbot_simulator', 'symlink_install': False, 'test_result_base': None}
[1.174s] INFO:colcon.colcon_core.executor:Executing jobs using 'parallel' executor
[1.176s] DEBUG:colcon.colcon_parallel_executor.executor.parallel:run_until_complete
[1.177s] INFO:colcon.colcon_ros.task.ament_cmake.build:Building ROS package in '/home/jordan/SDfR/assignment5/relbot2turtlesim' with build type 'ament_cmake'
[1.177s] INFO:colcon.colcon_cmake.task.cmake.build:Building CMake package in '/home/jordan/SDfR/assignment5/relbot2turtlesim'
[1.182s] INFO:colcon.colcon_core.plugin_system:Skipping extension 'colcon_core.shell.bat': Not used on non-Windows systems
[1.182s] INFO:colcon.colcon_core.shell:Skip shell extension 'powershell' for command environment: Not usable outside of PowerShell
[1.182s] DEBUG:colcon.colcon_core.shell:Skip shell extension 'dsv' for command environment
[1.190s] INFO:colcon.colcon_ros.task.ament_cmake.build:Building ROS package in '/home/jordan/SDfR/assignment5/relbot_launch' with build type 'ament_cmake'
[1.190s] INFO:colcon.colcon_cmake.task.cmake.build:Building CMake package in '/home/jordan/SDfR/assignment5/relbot_launch'
[1.191s] INFO:colcon.colcon_core.shell:Skip shell extension 'powershell' for command environment: Not usable outside of PowerShell
[1.191s] DEBUG:colcon.colcon_core.shell:Skip shell extension 'dsv' for command environment
[1.200s] INFO:colcon.colcon_ros.task.ament_cmake.build:Building ROS package in '/home/jordan/SDfR/assignment5/relbot_sequence_controller' with build type 'ament_cmake'
[1.201s] INFO:colcon.colcon_cmake.task.cmake.build:Building CMake package in '/home/jordan/SDfR/assignment5/relbot_sequence_controller'
[1.203s] INFO:colcon.colcon_core.shell:Skip shell extension 'powershell' for command environment: Not usable outside of PowerShell
[1.203s] DEBUG:colcon.colcon_core.shell:Skip shell extension 'dsv' for command environment
[1.211s] INFO:colcon.colcon_ros.task.ament_cmake.build:Building ROS package in '/home/jordan/SDfR/assignment5/relbot_simulator' with build type 'ament_cmake'
[1.211s] INFO:colcon.colcon_cmake.task.cmake.build:Building CMake package in '/home/jordan/SDfR/assignment5/relbot_simulator'
[1.212s] INFO:colcon.colcon_core.shell:Skip shell extension 'powershell' for command environment: Not usable outside of PowerShell
[1.212s] DEBUG:colcon.colcon_core.shell:Skip shell extension 'dsv' for command environment
[1.232s] DEBUG:colcon.colcon_core.event_handler.log_command:Invoking command in '/home/jordan/SDfR/assignment5/build/relbot2turtlesim': CMAKE_PREFIX_PATH=/opt/ros/humble /usr/bin/cmake --build /home/jordan/SDfR/assignment5/build/relbot2turtlesim -- -j16 -l16
[1.239s] DEBUG:colcon.colcon_core.event_handler.log_command:Invoking command in '/home/jordan/SDfR/assignment5/build/relbot_launch': CMAKE_PREFIX_PATH=/opt/ros/humble /usr/bin/cmake --build /home/jordan/SDfR/assignment5/build/relbot_launch -- -j16 -l16
[1.251s] DEBUG:colcon.colcon_core.event_handler.log_command:Invoking command in '/home/jordan/SDfR/assignment5/build/relbot_sequence_controller': CMAKE_PREFIX_PATH=/opt/ros/humble /usr/bin/cmake --build /home/jordan/SDfR/assignment5/build/relbot_sequence_controller -- -j16 -l16
[1.260s] DEBUG:colcon.colcon_core.event_handler.log_command:Invoking command in '/home/jordan/SDfR/assignment5/build/relbot_simulator': CMAKE_PREFIX_PATH=/opt/ros/humble /usr/bin/cmake --build /home/jordan/SDfR/assignment5/build/relbot_simulator -- -j16 -l16
[1.345s] DEBUG:colcon.colcon_core.event_handler.log_command:Invoked command in '/home/jordan/SDfR/assignment5/build/relbot_launch' returned '0': CMAKE_PREFIX_PATH=/opt/ros/humble /usr/bin/cmake --build /home/jordan/SDfR/assignment5/build/relbot_launch -- -j16 -l16
[1.371s] DEBUG:colcon.colcon_core.event_handler.log_command:Invoking command in '/home/jordan/SDfR/assignment5/build/relbot_launch': CMAKE_PREFIX_PATH=/opt/ros/humble /usr/bin/cmake --install /home/jordan/SDfR/assignment5/build/relbot_launch
[1.401s] Level 1:colcon.colcon_core.environment:create_environment_scripts_only(relbot_launch)
[1.402s] DEBUG:colcon.colcon_core.event_handler.log_command:Invoked command in '/home/jordan/SDfR/assignment5/build/relbot_launch' returned '0': CMAKE_PREFIX_PATH=/opt/ros/humble /usr/bin/cmake --install /home/jordan/SDfR/assignment5/build/relbot_launch
[1.408s] Level 1:colcon.colcon_core.environment:checking '/home/jordan/SDfR/assignment5/install/relbot_launch' for CMake module files
[1.410s] Level 1:colcon.colcon_core.environment:checking '/home/jordan/SDfR/assignment5/install/relbot_launch' for CMake config files
[1.410s] Level 1:colcon.colcon_core.shell:create_environment_hook('relbot_launch', 'cmake_prefix_path')
[1.411s] INFO:colcon.colcon_core.shell:Creating environment hook '/home/jordan/SDfR/assignment5/install/relbot_launch/share/relbot_launch/hook/cmake_prefix_path.ps1'
[1.412s] INFO:colcon.colcon_core.shell:Creating environment descriptor '/home/jordan/SDfR/assignment5/install/relbot_launch/share/relbot_launch/hook/cmake_prefix_path.dsv'
[1.413s] INFO:colcon.colcon_core.shell:Creating environment hook '/home/jordan/SDfR/assignment5/install/relbot_launch/share/relbot_launch/hook/cmake_prefix_path.sh'
[1.415s] Level 1:colcon.colcon_core.environment:checking '/home/jordan/SDfR/assignment5/install/relbot_launch/bin'
[1.416s] Level 1:colcon.colcon_core.environment:checking '/home/jordan/SDfR/assignment5/install/relbot_launch/lib/pkgconfig/relbot_launch.pc'
[1.416s] Level 1:colcon.colcon_core.environment:checking '/home/jordan/SDfR/assignment5/install/relbot_launch/lib/python3.10/site-packages'
[1.417s] Level 1:colcon.colcon_core.environment:checking '/home/jordan/SDfR/assignment5/install/relbot_launch/bin'
[1.418s] INFO:colcon.colcon_core.shell:Creating package script '/home/jordan/SDfR/assignment5/install/relbot_launch/share/relbot_launch/package.ps1'
[1.420s] INFO:colcon.colcon_core.shell:Creating package descriptor '/home/jordan/SDfR/assignment5/install/relbot_launch/share/relbot_launch/package.dsv'
[1.422s] INFO:colcon.colcon_core.shell:Creating package script '/home/jordan/SDfR/assignment5/install/relbot_launch/share/relbot_launch/package.sh'
[1.424s] INFO:colcon.colcon_core.shell:Creating package script '/home/jordan/SDfR/assignment5/install/relbot_launch/share/relbot_launch/package.bash'
[1.425s] INFO:colcon.colcon_core.shell:Creating package script '/home/jordan/SDfR/assignment5/install/relbot_launch/share/relbot_launch/package.zsh'
[1.426s] Level 1:colcon.colcon_core.environment:create_file_with_runtime_dependencies(/home/jordan/SDfR/assignment5/install/relbot_launch/share/colcon-core/packages/relbot_launch)
[1.428s] Level 1:colcon.colcon_core.environment:create_environment_scripts_only(relbot_launch)
[1.428s] Level 1:colcon.colcon_core.environment:checking '/home/jordan/SDfR/assignment5/install/relbot_launch' for CMake module files
[1.429s] Level 1:colcon.colcon_core.environment:checking '/home/jordan/SDfR/assignment5/install/relbot_launch' for CMake config files
[1.429s] Level 1:colcon.colcon_core.shell:create_environment_hook('relbot_launch', 'cmake_prefix_path')
[1.429s] INFO:colcon.colcon_core.shell:Creating environment hook '/home/jordan/SDfR/assignment5/install/relbot_launch/share/relbot_launch/hook/cmake_prefix_path.ps1'
[1.430s] INFO:colcon.colcon_core.shell:Creating environment descriptor '/home/jordan/SDfR/assignment5/install/relbot_launch/share/relbot_launch/hook/cmake_prefix_path.dsv'
[1.432s] INFO:colcon.colcon_core.shell:Creating environment hook '/home/jordan/SDfR/assignment5/install/relbot_launch/share/relbot_launch/hook/cmake_prefix_path.sh'
[1.433s] Level 1:colcon.colcon_core.environment:checking '/home/jordan/SDfR/assignment5/install/relbot_launch/bin'
[1.433s] Level 1:colcon.colcon_core.environment:checking '/home/jordan/SDfR/assignment5/install/relbot_launch/lib/pkgconfig/relbot_launch.pc'
[1.434s] Level 1:colcon.colcon_core.environment:checking '/home/jordan/SDfR/assignment5/install/relbot_launch/lib/python3.10/site-packages'
[1.435s] Level 1:colcon.colcon_core.environment:checking '/home/jordan/SDfR/assignment5/install/relbot_launch/bin'
[1.436s] INFO:colcon.colcon_core.shell:Creating package script '/home/jordan/SDfR/assignment5/install/relbot_launch/share/relbot_launch/package.ps1'
[1.437s] INFO:colcon.colcon_core.shell:Creating package descriptor '/home/jordan/SDfR/assignment5/install/relbot_launch/share/relbot_launch/package.dsv'
[1.438s] INFO:colcon.colcon_core.shell:Creating package script '/home/jordan/SDfR/assignment5/install/relbot_launch/share/relbot_launch/package.sh'
[1.440s] INFO:colcon.colcon_core.shell:Creating package script '/home/jordan/SDfR/assignment5/install/relbot_launch/share/relbot_launch/package.bash'
[1.441s] INFO:colcon.colcon_core.shell:Creating package script '/home/jordan/SDfR/assignment5/install/relbot_launch/share/relbot_launch/package.zsh'
[1.442s] Level 1:colcon.colcon_core.environment:create_file_with_runtime_dependencies(/home/jordan/SDfR/assignment5/install/relbot_launch/share/colcon-core/packages/relbot_launch)
[1.449s] DEBUG:colcon.colcon_core.event_handler.log_command:Invoked command in '/home/jordan/SDfR/assignment5/build/relbot2turtlesim' returned '0': CMAKE_PREFIX_PATH=/opt/ros/humble /usr/bin/cmake --build /home/jordan/SDfR/assignment5/build/relbot2turtlesim -- -j16 -l16
[1.453s] DEBUG:colcon.colcon_core.event_handler.log_command:Invoking command in '/home/jordan/SDfR/assignment5/build/relbot2turtlesim': CMAKE_PREFIX_PATH=/opt/ros/humble /usr/bin/cmake --install /home/jordan/SDfR/assignment5/build/relbot2turtlesim
[1.455s] DEBUG:colcon.colcon_core.event_handler.log_command:Invoked command in '/home/jordan/SDfR/assignment5/build/relbot_simulator' returned '0': CMAKE_PREFIX_PATH=/opt/ros/humble /usr/bin/cmake --build /home/jordan/SDfR/assignment5/build/relbot_simulator -- -j16 -l16
[1.460s] DEBUG:colcon.colcon_core.event_handler.log_command:Invoking command in '/home/jordan/SDfR/assignment5/build/relbot_simulator': CMAKE_PREFIX_PATH=/opt/ros/humble /usr/bin/cmake --install /home/jordan/SDfR/assignment5/build/relbot_simulator
[1.462s] DEBUG:colcon.colcon_core.event_handler.log_command:Invoked command in '/home/jordan/SDfR/assignment5/build/relbot_sequence_controller' returned '0': CMAKE_PREFIX_PATH=/opt/ros/humble /usr/bin/cmake --build /home/jordan/SDfR/assignment5/build/relbot_sequence_controller -- -j16 -l16
[1.466s] DEBUG:colcon.colcon_core.event_handler.log_command:Invoking command in '/home/jordan/SDfR/assignment5/build/relbot_sequence_controller': CMAKE_PREFIX_PATH=/opt/ros/humble /usr/bin/cmake --install /home/jordan/SDfR/assignment5/build/relbot_sequence_controller
[1.485s] Level 1:colcon.colcon_core.environment:create_environment_scripts_only(relbot2turtlesim)
[1.485s] Level 1:colcon.colcon_core.environment:checking '/home/jordan/SDfR/assignment5/install/relbot2turtlesim' for CMake module files
[1.500s] DEBUG:colcon.colcon_core.event_handler.log_command:Invoked command in '/home/jordan/SDfR/assignment5/build/relbot2turtlesim' returned '0': CMAKE_PREFIX_PATH=/opt/ros/humble /usr/bin/cmake --install /home/jordan/SDfR/assignment5/build/relbot2turtlesim
[1.501s] Level 1:colcon.colcon_core.environment:checking '/home/jordan/SDfR/assignment5/install/relbot2turtlesim' for CMake config files
[1.506s] Level 1:colcon.colcon_core.shell:create_environment_hook('relbot2turtlesim', 'cmake_prefix_path')
[1.506s] INFO:colcon.colcon_core.shell:Creating environment hook '/home/jordan/SDfR/assignment5/install/relbot2turtlesim/share/relbot2turtlesim/hook/cmake_prefix_path.ps1'
[1.507s] INFO:colcon.colcon_core.shell:Creating environment descriptor '/home/jordan/SDfR/assignment5/install/relbot2turtlesim/share/relbot2turtlesim/hook/cmake_prefix_path.dsv'
[1.508s] INFO:colcon.colcon_core.shell:Creating environment hook '/home/jordan/SDfR/assignment5/install/relbot2turtlesim/share/relbot2turtlesim/hook/cmake_prefix_path.sh'
[1.510s] Level 1:colcon.colcon_core.environment:checking '/home/jordan/SDfR/assignment5/install/relbot2turtlesim/lib'
[1.510s] Level 1:colcon.colcon_core.environment:checking '/home/jordan/SDfR/assignment5/install/relbot2turtlesim/bin'
[1.510s] Level 1:colcon.colcon_core.environment:checking '/home/jordan/SDfR/assignment5/install/relbot2turtlesim/lib/pkgconfig/relbot2turtlesim.pc'
[1.511s] Level 1:colcon.colcon_core.environment:checking '/home/jordan/SDfR/assignment5/install/relbot2turtlesim/lib/python3.10/site-packages'
[1.511s] Level 1:colcon.colcon_core.environment:checking '/home/jordan/SDfR/assignment5/install/relbot2turtlesim/bin'
[1.512s] INFO:colcon.colcon_core.shell:Creating package script '/home/jordan/SDfR/assignment5/install/relbot2turtlesim/share/relbot2turtlesim/package.ps1'
[1.513s] INFO:colcon.colcon_core.shell:Creating package descriptor '/home/jordan/SDfR/assignment5/install/relbot2turtlesim/share/relbot2turtlesim/package.dsv'
[1.514s] INFO:colcon.colcon_core.shell:Creating package script '/home/jordan/SDfR/assignment5/install/relbot2turtlesim/share/relbot2turtlesim/package.sh'
[1.514s] INFO:colcon.colcon_core.shell:Creating package script '/home/jordan/SDfR/assignment5/install/relbot2turtlesim/share/relbot2turtlesim/package.bash'
[1.515s] INFO:colcon.colcon_core.shell:Creating package script '/home/jordan/SDfR/assignment5/install/relbot2turtlesim/share/relbot2turtlesim/package.zsh'
[1.516s] Level 1:colcon.colcon_core.environment:create_file_with_runtime_dependencies(/home/jordan/SDfR/assignment5/install/relbot2turtlesim/share/colcon-core/packages/relbot2turtlesim)
[1.517s] Level 1:colcon.colcon_core.environment:create_environment_scripts_only(relbot2turtlesim)
[1.518s] Level 1:colcon.colcon_core.environment:checking '/home/jordan/SDfR/assignment5/install/relbot2turtlesim' for CMake module files
[1.519s] Level 1:colcon.colcon_core.environment:checking '/home/jordan/SDfR/assignment5/install/relbot2turtlesim' for CMake config files
[1.519s] Level 1:colcon.colcon_core.shell:create_environment_hook('relbot2turtlesim', 'cmake_prefix_path')
[1.520s] INFO:colcon.colcon_core.shell:Creating environment hook '/home/jordan/SDfR/assignment5/install/relbot2turtlesim/share/relbot2turtlesim/hook/cmake_prefix_path.ps1'
[1.521s] INFO:colcon.colcon_core.shell:Creating environment descriptor '/home/jordan/SDfR/assignment5/install/relbot2turtlesim/share/relbot2turtlesim/hook/cmake_prefix_path.dsv'
[1.521s] INFO:colcon.colcon_core.shell:Creating environment hook '/home/jordan/SDfR/assignment5/install/relbot2turtlesim/share/relbot2turtlesim/hook/cmake_prefix_path.sh'
[1.522s] Level 1:colcon.colcon_core.environment:checking '/home/jordan/SDfR/assignment5/install/relbot2turtlesim/lib'
[1.523s] Level 1:colcon.colcon_core.environment:checking '/home/jordan/SDfR/assignment5/install/relbot2turtlesim/bin'
[1.523s] Level 1:colcon.colcon_core.environment:checking '/home/jordan/SDfR/assignment5/install/relbot2turtlesim/lib/pkgconfig/relbot2turtlesim.pc'
[1.523s] Level 1:colcon.colcon_core.environment:checking '/home/jordan/SDfR/assignment5/install/relbot2turtlesim/lib/python3.10/site-packages'
[1.524s] Level 1:colcon.colcon_core.environment:checking '/home/jordan/SDfR/assignment5/install/relbot2turtlesim/bin'
[1.525s] INFO:colcon.colcon_core.shell:Creating package script '/home/jordan/SDfR/assignment5/install/relbot2turtlesim/share/relbot2turtlesim/package.ps1'
[1.526s] INFO:colcon.colcon_core.shell:Creating package descriptor '/home/jordan/SDfR/assignment5/install/relbot2turtlesim/share/relbot2turtlesim/package.dsv'
[1.527s] INFO:colcon.colcon_core.shell:Creating package script '/home/jordan/SDfR/assignment5/install/relbot2turtlesim/share/relbot2turtlesim/package.sh'
[1.528s] INFO:colcon.colcon_core.shell:Creating package script '/home/jordan/SDfR/assignment5/install/relbot2turtlesim/share/relbot2turtlesim/package.bash'
[1.529s] INFO:colcon.colcon_core.shell:Creating package script '/home/jordan/SDfR/assignment5/install/relbot2turtlesim/share/relbot2turtlesim/package.zsh'
[1.529s] Level 1:colcon.colcon_core.environment:create_file_with_runtime_dependencies(/home/jordan/SDfR/assignment5/install/relbot2turtlesim/share/colcon-core/packages/relbot2turtlesim)
[1.533s] Level 1:colcon.colcon_core.environment:create_environment_scripts_only(relbot_simulator)
[1.534s] Level 1:colcon.colcon_core.environment:checking '/home/jordan/SDfR/assignment5/install/relbot_simulator' for CMake module files
[1.535s] DEBUG:colcon.colcon_core.event_handler.log_command:Invoked command in '/home/jordan/SDfR/assignment5/build/relbot_simulator' returned '0': CMAKE_PREFIX_PATH=/opt/ros/humble /usr/bin/cmake --install /home/jordan/SDfR/assignment5/build/relbot_simulator
[1.536s] Level 1:colcon.colcon_core.environment:checking '/home/jordan/SDfR/assignment5/install/relbot_simulator' for CMake config files
[1.536s] Level 1:colcon.colcon_core.shell:create_environment_hook('relbot_simulator', 'cmake_prefix_path')
[1.537s] INFO:colcon.colcon_core.shell:Creating environment hook '/home/jordan/SDfR/assignment5/install/relbot_simulator/share/relbot_simulator/hook/cmake_prefix_path.ps1'
[1.538s] INFO:colcon.colcon_core.shell:Creating environment descriptor '/home/jordan/SDfR/assignment5/install/relbot_simulator/share/relbot_simulator/hook/cmake_prefix_path.dsv'
[1.539s] INFO:colcon.colcon_core.shell:Creating environment hook '/home/jordan/SDfR/assignment5/install/relbot_simulator/share/relbot_simulator/hook/cmake_prefix_path.sh'
[1.540s] Level 1:colcon.colcon_core.environment:checking '/home/jordan/SDfR/assignment5/install/relbot_simulator/lib'
[1.540s] Level 1:colcon.colcon_core.environment:checking '/home/jordan/SDfR/assignment5/install/relbot_simulator/bin'
[1.540s] Level 1:colcon.colcon_core.environment:checking '/home/jordan/SDfR/assignment5/install/relbot_simulator/lib/pkgconfig/relbot_simulator.pc'
[1.541s] Level 1:colcon.colcon_core.environment:checking '/home/jordan/SDfR/assignment5/install/relbot_simulator/lib/python3.10/site-packages'
[1.542s] Level 1:colcon.colcon_core.environment:checking '/home/jordan/SDfR/assignment5/install/relbot_simulator/bin'
[1.542s] INFO:colcon.colcon_core.shell:Creating package script '/home/jordan/SDfR/assignment5/install/relbot_simulator/share/relbot_simulator/package.ps1'
[1.543s] INFO:colcon.colcon_core.shell:Creating package descriptor '/home/jordan/SDfR/assignment5/install/relbot_simulator/share/relbot_simulator/package.dsv'
[1.544s] INFO:colcon.colcon_core.shell:Creating package script '/home/jordan/SDfR/assignment5/install/relbot_simulator/share/relbot_simulator/package.sh'
[1.545s] INFO:colcon.colcon_core.shell:Creating package script '/home/jordan/SDfR/assignment5/install/relbot_simulator/share/relbot_simulator/package.bash'
[1.546s] INFO:colcon.colcon_core.shell:Creating package script '/home/jordan/SDfR/assignment5/install/relbot_simulator/share/relbot_simulator/package.zsh'
[1.547s] Level 1:colcon.colcon_core.environment:create_file_with_runtime_dependencies(/home/jordan/SDfR/assignment5/install/relbot_simulator/share/colcon-core/packages/relbot_simulator)
[1.548s] Level 1:colcon.colcon_core.environment:create_environment_scripts_only(relbot_simulator)
[1.548s] Level 1:colcon.colcon_core.environment:checking '/home/jordan/SDfR/assignment5/install/relbot_simulator' for CMake module files
[1.549s] Level 1:colcon.colcon_core.environment:checking '/home/jordan/SDfR/assignment5/install/relbot_simulator' for CMake config files
[1.550s] Level 1:colcon.colcon_core.shell:create_environment_hook('relbot_simulator', 'cmake_prefix_path')
[1.550s] INFO:colcon.colcon_core.shell:Creating environment hook '/home/jordan/SDfR/assignment5/install/relbot_simulator/share/relbot_simulator/hook/cmake_prefix_path.ps1'
[1.551s] INFO:colcon.colcon_core.shell:Creating environment descriptor '/home/jordan/SDfR/assignment5/install/relbot_simulator/share/relbot_simulator/hook/cmake_prefix_path.dsv'
[1.552s] INFO:colcon.colcon_core.shell:Creating environment hook '/home/jordan/SDfR/assignment5/install/relbot_simulator/share/relbot_simulator/hook/cmake_prefix_path.sh'
[1.553s] Level 1:colcon.colcon_core.environment:checking '/home/jordan/SDfR/assignment5/install/relbot_simulator/lib'
[1.553s] Level 1:colcon.colcon_core.environment:checking '/home/jordan/SDfR/assignment5/install/relbot_simulator/bin'
[1.553s] Level 1:colcon.colcon_core.environment:checking '/home/jordan/SDfR/assignment5/install/relbot_simulator/lib/pkgconfig/relbot_simulator.pc'
[1.554s] Level 1:colcon.colcon_core.environment:checking '/home/jordan/SDfR/assignment5/install/relbot_simulator/lib/python3.10/site-packages'
[1.554s] Level 1:colcon.colcon_core.environment:checking '/home/jordan/SDfR/assignment5/install/relbot_simulator/bin'
[1.555s] INFO:colcon.colcon_core.shell:Creating package script '/home/jordan/SDfR/assignment5/install/relbot_simulator/share/relbot_simulator/package.ps1'
[1.556s] INFO:colcon.colcon_core.shell:Creating package descriptor '/home/jordan/SDfR/assignment5/install/relbot_simulator/share/relbot_simulator/package.dsv'
[1.557s] INFO:colcon.colcon_core.shell:Creating package script '/home/jordan/SDfR/assignment5/install/relbot_simulator/share/relbot_simulator/package.sh'
[1.558s] INFO:colcon.colcon_core.shell:Creating package script '/home/jordan/SDfR/assignment5/install/relbot_simulator/share/relbot_simulator/package.bash'
[1.559s] INFO:colcon.colcon_core.shell:Creating package script '/home/jordan/SDfR/assignment5/install/relbot_simulator/share/relbot_simulator/package.zsh'
[1.560s] Level 1:colcon.colcon_core.environment:create_file_with_runtime_dependencies(/home/jordan/SDfR/assignment5/install/relbot_simulator/share/colcon-core/packages/relbot_simulator)
[1.560s] Level 1:colcon.colcon_core.environment:create_environment_scripts_only(relbot_sequence_controller)
[1.561s] Level 1:colcon.colcon_core.environment:checking '/home/jordan/SDfR/assignment5/install/relbot_sequence_controller' for CMake module files
[1.563s] DEBUG:colcon.colcon_core.event_handler.log_command:Invoked command in '/home/jordan/SDfR/assignment5/build/relbot_sequence_controller' returned '0': CMAKE_PREFIX_PATH=/opt/ros/humble /usr/bin/cmake --install /home/jordan/SDfR/assignment5/build/relbot_sequence_controller
[1.564s] Level 1:colcon.colcon_core.environment:checking '/home/jordan/SDfR/assignment5/install/relbot_sequence_controller' for CMake config files
[1.564s] Level 1:colcon.colcon_core.shell:create_environment_hook('relbot_sequence_controller', 'cmake_prefix_path')
[1.565s] INFO:colcon.colcon_core.shell:Creating environment hook '/home/jordan/SDfR/assignment5/install/relbot_sequence_controller/share/relbot_sequence_controller/hook/cmake_prefix_path.ps1'
[1.566s] INFO:colcon.colcon_core.shell:Creating environment descriptor '/home/jordan/SDfR/assignment5/install/relbot_sequence_controller/share/relbot_sequence_controller/hook/cmake_prefix_path.dsv'
[1.567s] INFO:colcon.colcon_core.shell:Creating environment hook '/home/jordan/SDfR/assignment5/install/relbot_sequence_controller/share/relbot_sequence_controller/hook/cmake_prefix_path.sh'
[1.569s] Level 1:colcon.colcon_core.environment:checking '/home/jordan/SDfR/assignment5/install/relbot_sequence_controller/lib'
[1.569s] Level 1:colcon.colcon_core.environment:checking '/home/jordan/SDfR/assignment5/install/relbot_sequence_controller/bin'
[1.569s] Level 1:colcon.colcon_core.environment:checking '/home/jordan/SDfR/assignment5/install/relbot_sequence_controller/lib/pkgconfig/relbot_sequence_controller.pc'
[1.570s] Level 1:colcon.colcon_core.environment:checking '/home/jordan/SDfR/assignment5/install/relbot_sequence_controller/lib/python3.10/site-packages'
[1.571s] Level 1:colcon.colcon_core.environment:checking '/home/jordan/SDfR/assignment5/install/relbot_sequence_controller/bin'
[1.572s] INFO:colcon.colcon_core.shell:Creating package script '/home/jordan/SDfR/assignment5/install/relbot_sequence_controller/share/relbot_sequence_controller/package.ps1'
[1.573s] INFO:colcon.colcon_core.shell:Creating package descriptor '/home/jordan/SDfR/assignment5/install/relbot_sequence_controller/share/relbot_sequence_controller/package.dsv'
[1.575s] INFO:colcon.colcon_core.shell:Creating package script '/home/jordan/SDfR/assignment5/install/relbot_sequence_controller/share/relbot_sequence_controller/package.sh'
[1.576s] INFO:colcon.colcon_core.shell:Creating package script '/home/jordan/SDfR/assignment5/install/relbot_sequence_controller/share/relbot_sequence_controller/package.bash'
[1.577s] INFO:colcon.colcon_core.shell:Creating package script '/home/jordan/SDfR/assignment5/install/relbot_sequence_controller/share/relbot_sequence_controller/package.zsh'
[1.578s] Level 1:colcon.colcon_core.environment:create_file_with_runtime_dependencies(/home/jordan/SDfR/assignment5/install/relbot_sequence_controller/share/colcon-core/packages/relbot_sequence_controller)
[1.580s] Level 1:colcon.colcon_core.environment:create_environment_scripts_only(relbot_sequence_controller)
[1.580s] Level 1:colcon.colcon_core.environment:checking '/home/jordan/SDfR/assignment5/install/relbot_sequence_controller' for CMake module files
[1.581s] Level 1:colcon.colcon_core.environment:checking '/home/jordan/SDfR/assignment5/install/relbot_sequence_controller' for CMake config files
[1.582s] Level 1:colcon.colcon_core.shell:create_environment_hook('relbot_sequence_controller', 'cmake_prefix_path')
[1.582s] INFO:colcon.colcon_core.shell:Creating environment hook '/home/jordan/SDfR/assignment5/install/relbot_sequence_controller/share/relbot_sequence_controller/hook/cmake_prefix_path.ps1'
[1.583s] INFO:colcon.colcon_core.shell:Creating environment descriptor '/home/jordan/SDfR/assignment5/install/relbot_sequence_controller/share/relbot_sequence_controller/hook/cmake_prefix_path.dsv'
[1.584s] INFO:colcon.colcon_core.shell:Creating environment hook '/home/jordan/SDfR/assignment5/install/relbot_sequence_controller/share/relbot_sequence_controller/hook/cmake_prefix_path.sh'
[1.585s] Level 1:colcon.colcon_core.environment:checking '/home/jordan/SDfR/assignment5/install/relbot_sequence_controller/lib'
[1.586s] Level 1:colcon.colcon_core.environment:checking '/home/jordan/SDfR/assignment5/install/relbot_sequence_controller/bin'
[1.586s] Level 1:colcon.colcon_core.environment:checking '/home/jordan/SDfR/assignment5/install/relbot_sequence_controller/lib/pkgconfig/relbot_sequence_controller.pc'
[1.587s] Level 1:colcon.colcon_core.environment:checking '/home/jordan/SDfR/assignment5/install/relbot_sequence_controller/lib/python3.10/site-packages'
[1.587s] Level 1:colcon.colcon_core.environment:checking '/home/jordan/SDfR/assignment5/install/relbot_sequence_controller/bin'
[1.588s] INFO:colcon.colcon_core.shell:Creating package script '/home/jordan/SDfR/assignment5/install/relbot_sequence_controller/share/relbot_sequence_controller/package.ps1'
[1.590s] INFO:colcon.colcon_core.shell:Creating package descriptor '/home/jordan/SDfR/assignment5/install/relbot_sequence_controller/share/relbot_sequence_controller/package.dsv'
[1.591s] INFO:colcon.colcon_core.shell:Creating package script '/home/jordan/SDfR/assignment5/install/relbot_sequence_controller/share/relbot_sequence_controller/package.sh'
[1.592s] INFO:colcon.colcon_core.shell:Creating package script '/home/jordan/SDfR/assignment5/install/relbot_sequence_controller/share/relbot_sequence_controller/package.bash'
[1.593s] INFO:colcon.colcon_core.shell:Creating package script '/home/jordan/SDfR/assignment5/install/relbot_sequence_controller/share/relbot_sequence_controller/package.zsh'
[1.594s] Level 1:colcon.colcon_core.environment:create_file_with_runtime_dependencies(/home/jordan/SDfR/assignment5/install/relbot_sequence_controller/share/colcon-core/packages/relbot_sequence_controller)
[1.595s] DEBUG:colcon.colcon_parallel_executor.executor.parallel:closing loop
[1.596s] DEBUG:colcon.colcon_parallel_executor.executor.parallel:loop closed
[1.596s] DEBUG:colcon.colcon_parallel_executor.executor.parallel:run_until_complete finished with '0'
[1.596s] DEBUG:colcon.colcon_core.event_reactor:joining thread
[1.865s] INFO:colcon.colcon_core.plugin_system:Skipping extension 'colcon_notification.desktop_notification.notify_send': Could not find 'notify-send'
[1.865s] INFO:colcon.colcon_core.plugin_system:Skipping extension 'colcon_notification.desktop_notification.terminal_notifier': Not used on non-Darwin systems
[1.866s] INFO:colcon.colcon_core.plugin_system:Skipping extension 'colcon_notification.desktop_notification.win32': Not used on non-Windows systems
[1.866s] INFO:colcon.colcon_notification.desktop_notification:Sending desktop notification using 'notify2'
[1.866s] DEBUG:colcon.colcon_notification.desktop_notification.notify2:Failed to initialize notify2: org.freedesktop.DBus.Error.FileNotFound: Failed to connect to socket /run/user/1000/bus: No such file or directory
[1.866s] DEBUG:colcon.colcon_core.event_reactor:joined thread
[1.867s] INFO:colcon.colcon_core.shell:Creating prefix script '/home/jordan/SDfR/assignment5/install/local_setup.ps1'
[1.869s] INFO:colcon.colcon_core.shell:Creating prefix util module '/home/jordan/SDfR/assignment5/install/_local_setup_util_ps1.py'
[1.872s] INFO:colcon.colcon_core.shell:Creating prefix chain script '/home/jordan/SDfR/assignment5/install/setup.ps1'
[1.873s] INFO:colcon.colcon_core.shell:Creating prefix script '/home/jordan/SDfR/assignment5/install/local_setup.sh'
[1.875s] INFO:colcon.colcon_core.shell:Creating prefix util module '/home/jordan/SDfR/assignment5/install/_local_setup_util_sh.py'
[1.877s] INFO:colcon.colcon_core.shell:Creating prefix chain script '/home/jordan/SDfR/assignment5/install/setup.sh'
[1.879s] INFO:colcon.colcon_core.shell:Creating prefix script '/home/jordan/SDfR/assignment5/install/local_setup.bash'
[1.881s] INFO:colcon.colcon_core.shell:Creating prefix chain script '/home/jordan/SDfR/assignment5/install/setup.bash'
[1.884s] INFO:colcon.colcon_core.shell:Creating prefix script '/home/jordan/SDfR/assignment5/install/local_setup.zsh'
[1.885s] INFO:colcon.colcon_core.shell:Creating prefix chain script '/home/jordan/SDfR/assignment5/install/setup.zsh'
