[0.030s] Invoking command in '/home/jordan/SDfR/assignment5/build/relbot2turtlesim': CMAKE_PREFIX_PATH=/opt/ros/humble /usr/bin/cmake --build /home/jordan/SDfR/assignment5/build/relbot2turtlesim -- -j16 -l16
[0.156s] [100%] Built target relbot2turtlesim
[0.196s] Invoked command in '/home/jordan/SDfR/assignment5/build/relbot2turtlesim' returned '0': CMAKE_PREFIX_PATH=/opt/ros/humble /usr/bin/cmake --build /home/jordan/SDfR/assignment5/build/relbot2turtlesim -- -j16 -l16
[0.198s] Invoking command in '/home/jordan/SDfR/assignment5/build/relbot2turtlesim': CMAKE_PREFIX_PATH=/opt/ros/humble /usr/bin/cmake --install /home/jordan/SDfR/assignment5/build/relbot2turtlesim
[0.209s] -- Install configuration: ""
[0.209s] -- Up-to-date: /home/jordan/SDfR/assignment5/install/relbot2turtlesim/lib/relbot2turtlesim/relbot2turtlesim
[0.210s] -- Up-to-date: /home/jordan/SDfR/assignment5/install/relbot2turtlesim/share/ament_index/resource_index/package_run_dependencies/relbot2turtlesim
[0.210s] -- Up-to-date: /home/jordan/SDfR/assignment5/install/relbot2turtlesim/share/ament_index/resource_index/parent_prefix_path/relbot2turtlesim
[0.210s] -- Up-to-date: /home/jordan/SDfR/assignment5/install/relbot2turtlesim/share/relbot2turtlesim/environment/ament_prefix_path.sh
[0.210s] -- Up-to-date: /home/jordan/SDfR/assignment5/install/relbot2turtlesim/share/relbot2turtlesim/environment/ament_prefix_path.dsv
[0.210s] -- Up-to-date: /home/jordan/SDfR/assignment5/install/relbot2turtlesim/share/relbot2turtlesim/environment/path.sh
[0.210s] -- Up-to-date: /home/jordan/SDfR/assignment5/install/relbot2turtlesim/share/relbot2turtlesim/environment/path.dsv
[0.211s] -- Up-to-date: /home/jordan/SDfR/assignment5/install/relbot2turtlesim/share/relbot2turtlesim/local_setup.bash
[0.211s] -- Up-to-date: /home/jordan/SDfR/assignment5/install/relbot2turtlesim/share/relbot2turtlesim/local_setup.sh
[0.211s] -- Up-to-date: /home/jordan/SDfR/assignment5/install/relbot2turtlesim/share/relbot2turtlesim/local_setup.zsh
[0.211s] -- Up-to-date: /home/jordan/SDfR/assignment5/install/relbot2turtlesim/share/relbot2turtlesim/local_setup.dsv
[0.211s] -- Installing: /home/jordan/SDfR/assignment5/install/relbot2turtlesim/share/relbot2turtlesim/package.dsv
[0.212s] -- Up-to-date: /home/jordan/SDfR/assignment5/install/relbot2turtlesim/share/ament_index/resource_index/packages/relbot2turtlesim
[0.212s] -- Up-to-date: /home/jordan/SDfR/assignment5/install/relbot2turtlesim/share/relbot2turtlesim/cmake/relbot2turtlesimConfig.cmake
[0.212s] -- Up-to-date: /home/jordan/SDfR/assignment5/install/relbot2turtlesim/share/relbot2turtlesim/cmake/relbot2turtlesimConfig-version.cmake
[0.212s] -- Up-to-date: /home/jordan/SDfR/assignment5/install/relbot2turtlesim/share/relbot2turtlesim/package.xml
[0.221s] Invoked command in '/home/jordan/SDfR/assignment5/build/relbot2turtlesim' returned '0': CMAKE_PREFIX_PATH=/opt/ros/humble /usr/bin/cmake --install /home/jordan/SDfR/assignment5/build/relbot2turtlesim
