[0.106s] Invoking command in '/home/jordan/SDfR/assignment6/build/relbot2turtlesim': CMAKE_PREFIX_PATH=/opt/ros/humble /usr/bin/cmake /home/jordan/SDfR/assignment6/src/relbot2turtlesim -DCMAKE_INSTALL_PREFIX=/home/jordan/SDfR/assignment6/install/relbot2turtlesim
[0.612s] -- The C compiler identification is GNU 11.4.0
[2.763s] -- The CXX compiler identification is GNU 11.4.0
[4.326s] -- Detecting C compiler ABI info
[4.999s] -- Detecting C compiler ABI info - done
[5.015s] -- Check for working C compiler: /usr/bin/cc - skipped
[5.016s] -- Detecting C compile features
[5.016s] -- Detecting C compile features - done
[5.024s] -- Detecting CXX compiler ABI info
[5.557s] -- Detecting CXX compiler ABI info - done
[5.575s] -- Check for working CXX compiler: /usr/bin/c++ - skipped
[5.575s] -- Detecting CXX compile features
[5.576s] -- Detecting CXX compile features - done
[5.583s] -- Found ament_cmake: 1.3.13 (/opt/ros/humble/share/ament_cmake/cmake)
[6.091s] -- Found Python3: /usr/bin/python3 (found version "3.10.12") found components: Interpreter 
[6.356s] -- Found rclcpp: 16.0.18 (/opt/ros/humble/share/rclcpp/cmake)
[6.988s] -- Found rosidl_generator_c: 3.1.8 (/opt/ros/humble/share/rosidl_generator_c/cmake)
[7.005s] -- Found rosidl_adapter: 3.1.8 (/opt/ros/humble/share/rosidl_adapter/cmake)
[7.037s] -- Found rosidl_generator_cpp: 3.1.8 (/opt/ros/humble/share/rosidl_generator_cpp/cmake)
[7.087s] -- Using all available rosidl_typesupport_c: rosidl_typesupport_fastrtps_c;rosidl_typesupport_introspection_c
[7.136s] -- Using all available rosidl_typesupport_cpp: rosidl_typesupport_fastrtps_cpp;rosidl_typesupport_introspection_cpp
[7.337s] -- Found rmw_implementation_cmake: 6.1.2 (/opt/ros/humble/share/rmw_implementation_cmake/cmake)
[7.349s] -- Found rmw_fastrtps_cpp: 6.2.10 (/opt/ros/humble/share/rmw_fastrtps_cpp/cmake)
[10.392s] -- Found OpenSSL: /usr/lib/x86_64-linux-gnu/libcrypto.so (found version "3.0.2")  
[13.774s] -- Found FastRTPS: /opt/ros/humble/include  
[21.914s] -- Using RMW implementation 'rmw_fastrtps_cpp' as default
[21.961s] -- Looking for pthread.h
[22.902s] -- Looking for pthread.h - found
[22.904s] -- Performing Test CMAKE_HAVE_LIBC_PTHREAD
[23.607s] -- Performing Test CMAKE_HAVE_LIBC_PTHREAD - Success
[23.610s] -- Found Threads: TRUE  
[23.807s] -- Found turtlesim: 1.4.3 (/opt/ros/humble/share/turtlesim/cmake)
[23.969s] -- Found geometry_msgs: 4.9.1 (/opt/ros/humble/share/geometry_msgs/cmake)
[24.032s] -- Found ament_lint_auto: 0.12.15 (/opt/ros/humble/share/ament_lint_auto/cmake)
[24.255s] -- Added test 'cppcheck' to perform static code analysis on C / C++ code
[24.255s] -- Configured cppcheck include dirs: /home/jordan/SDfR/assignment6/src/relbot2turtlesim/include
[24.256s] -- Configured cppcheck exclude dirs and/or files: 
[24.259s] -- Added test 'lint_cmake' to check CMake code style
[24.264s] -- Added test 'uncrustify' to check C / C++ code style
[24.264s] -- Configured uncrustify additional arguments: 
[24.267s] -- Added test 'xmllint' to check XML markup files
[24.274s] -- Configuring done
[24.326s] -- Generating done
[24.342s] -- Build files have been written to: /home/jordan/SDfR/assignment6/build/relbot2turtlesim
[24.377s] Invoked command in '/home/jordan/SDfR/assignment6/build/relbot2turtlesim' returned '0': CMAKE_PREFIX_PATH=/opt/ros/humble /usr/bin/cmake /home/jordan/SDfR/assignment6/src/relbot2turtlesim -DCMAKE_INSTALL_PREFIX=/home/jordan/SDfR/assignment6/install/relbot2turtlesim
[24.379s] Invoking command in '/home/jordan/SDfR/assignment6/build/relbot2turtlesim': CMAKE_PREFIX_PATH=/opt/ros/humble /usr/bin/cmake --build /home/jordan/SDfR/assignment6/build/relbot2turtlesim -- -j16 -l16
[24.557s] [ 50%] Building CXX object CMakeFiles/relbot2turtlesim.dir/src/convert.cpp.o
[54.859s] [100%] Linking CXX executable relbot2turtlesim
[56.706s] [100%] Built target relbot2turtlesim
