[0.027s] Invoking command in '/home/jordan/SDfR/assignment6/build/cam2image_vm2ros': CMAKE_PREFIX_PATH=/opt/ros/humble /usr/bin/cmake --build /home/jordan/SDfR/assignment6/build/cam2image_vm2ros -- -j16 -l16
[0.139s] [ 40%] Built target cam2image
[0.155s] [100%] Built target cam2image_vm2ros
[0.173s] Invoked command in '/home/jordan/SDfR/assignment6/build/cam2image_vm2ros' returned '0': CMAKE_PREFIX_PATH=/opt/ros/humble /usr/bin/cmake --build /home/jordan/SDfR/assignment6/build/cam2image_vm2ros -- -j16 -l16
[0.176s] Invoking command in '/home/jordan/SDfR/assignment6/build/cam2image_vm2ros': CMAKE_PREFIX_PATH=/opt/ros/humble /usr/bin/cmake --install /home/jordan/SDfR/assignment6/build/cam2image_vm2ros
[0.190s] -- Install configuration: ""
[0.191s] -- Up-to-date: /home/jordan/SDfR/assignment6/install/cam2image_vm2ros/lib/cam2image_vm2ros/cam2image
[0.192s] -- Up-to-date: /home/jordan/SDfR/assignment6/install/cam2image_vm2ros/lib/libcam2image_vm2ros.so
[0.192s] -- Up-to-date: /home/jordan/SDfR/assignment6/install/cam2image_vm2ros/include/cam2image_vm2ros
[0.193s] -- Up-to-date: /home/jordan/SDfR/assignment6/install/cam2image_vm2ros/include/cam2image_vm2ros/cam2image.hpp
[0.193s] -- Up-to-date: /home/jordan/SDfR/assignment6/install/cam2image_vm2ros/include/cam2image_vm2ros/visibility_control.h
[0.193s] -- Up-to-date: /home/jordan/SDfR/assignment6/install/cam2image_vm2ros/include/cam2image_vm2ros/base64.hpp
[0.193s] -- Up-to-date: /home/jordan/SDfR/assignment6/install/cam2image_vm2ros/include/cam2image_vm2ros/remote_capture.hpp
[0.193s] -- Up-to-date: /home/jordan/SDfR/assignment6/install/cam2image_vm2ros/share/cam2image_vm2ros/config
[0.193s] -- Up-to-date: /home/jordan/SDfR/assignment6/install/cam2image_vm2ros/share/cam2image_vm2ros/config/cam2image_relbot.yaml
[0.194s] -- Up-to-date: /home/jordan/SDfR/assignment6/install/cam2image_vm2ros/share/cam2image_vm2ros/config/cam2image.yaml
[0.194s] -- Up-to-date: /home/jordan/SDfR/assignment6/install/cam2image_vm2ros/share/cam2image_vm2ros/launch
[0.194s] -- Up-to-date: /home/jordan/SDfR/assignment6/install/cam2image_vm2ros/share/cam2image_vm2ros/launch/vm_camera_test.launch.py
[0.194s] -- Up-to-date: /home/jordan/SDfR/assignment6/install/cam2image_vm2ros/share/cam2image_vm2ros/environment/library_path.sh
[0.194s] -- Up-to-date: /home/jordan/SDfR/assignment6/install/cam2image_vm2ros/share/cam2image_vm2ros/environment/library_path.dsv
[0.195s] -- Up-to-date: /home/jordan/SDfR/assignment6/install/cam2image_vm2ros/share/ament_index/resource_index/package_run_dependencies/cam2image_vm2ros
[0.195s] -- Up-to-date: /home/jordan/SDfR/assignment6/install/cam2image_vm2ros/share/ament_index/resource_index/parent_prefix_path/cam2image_vm2ros
[0.195s] -- Up-to-date: /home/jordan/SDfR/assignment6/install/cam2image_vm2ros/share/cam2image_vm2ros/environment/ament_prefix_path.sh
[0.195s] -- Up-to-date: /home/jordan/SDfR/assignment6/install/cam2image_vm2ros/share/cam2image_vm2ros/environment/ament_prefix_path.dsv
[0.195s] -- Up-to-date: /home/jordan/SDfR/assignment6/install/cam2image_vm2ros/share/cam2image_vm2ros/environment/path.sh
[0.195s] -- Up-to-date: /home/jordan/SDfR/assignment6/install/cam2image_vm2ros/share/cam2image_vm2ros/environment/path.dsv
[0.196s] -- Up-to-date: /home/jordan/SDfR/assignment6/install/cam2image_vm2ros/share/cam2image_vm2ros/local_setup.bash
[0.196s] -- Up-to-date: /home/jordan/SDfR/assignment6/install/cam2image_vm2ros/share/cam2image_vm2ros/local_setup.sh
[0.196s] -- Up-to-date: /home/jordan/SDfR/assignment6/install/cam2image_vm2ros/share/cam2image_vm2ros/local_setup.zsh
[0.196s] -- Up-to-date: /home/jordan/SDfR/assignment6/install/cam2image_vm2ros/share/cam2image_vm2ros/local_setup.dsv
[0.196s] -- Installing: /home/jordan/SDfR/assignment6/install/cam2image_vm2ros/share/cam2image_vm2ros/package.dsv
[0.197s] -- Up-to-date: /home/jordan/SDfR/assignment6/install/cam2image_vm2ros/share/ament_index/resource_index/packages/cam2image_vm2ros
[0.197s] -- Up-to-date: /home/jordan/SDfR/assignment6/install/cam2image_vm2ros/share/ament_index/resource_index/rclcpp_components/cam2image_vm2ros
[0.197s] -- Up-to-date: /home/jordan/SDfR/assignment6/install/cam2image_vm2ros/share/cam2image_vm2ros/cmake/cam2image_vm2rosExport.cmake
[0.197s] -- Up-to-date: /home/jordan/SDfR/assignment6/install/cam2image_vm2ros/share/cam2image_vm2ros/cmake/cam2image_vm2rosExport-noconfig.cmake
[0.197s] -- Up-to-date: /home/jordan/SDfR/assignment6/install/cam2image_vm2ros/share/cam2image_vm2ros/cmake/ament_cmake_export_libraries-extras.cmake
[0.198s] -- Up-to-date: /home/jordan/SDfR/assignment6/install/cam2image_vm2ros/share/cam2image_vm2ros/cmake/ament_cmake_export_targets-extras.cmake
[0.198s] -- Up-to-date: /home/jordan/SDfR/assignment6/install/cam2image_vm2ros/share/cam2image_vm2ros/cmake/ament_cmake_export_dependencies-extras.cmake
[0.198s] -- Up-to-date: /home/jordan/SDfR/assignment6/install/cam2image_vm2ros/share/cam2image_vm2ros/cmake/cam2image_vm2rosConfig.cmake
[0.198s] -- Up-to-date: /home/jordan/SDfR/assignment6/install/cam2image_vm2ros/share/cam2image_vm2ros/cmake/cam2image_vm2rosConfig-version.cmake
[0.199s] -- Up-to-date: /home/jordan/SDfR/assignment6/install/cam2image_vm2ros/share/cam2image_vm2ros/package.xml
[0.231s] Invoked command in '/home/jordan/SDfR/assignment6/build/cam2image_vm2ros' returned '0': CMAKE_PREFIX_PATH=/opt/ros/humble /usr/bin/cmake --install /home/jordan/SDfR/assignment6/build/cam2image_vm2ros
