[0.033s] Invoking command in '/home/sdfr-ppd-01/SDfR/assignment6/build/image_functions_sdfr': CMAKE_PREFIX_PATH=${CMAKE_PREFIX_PATH}:/opt/ros/humble /usr/bin/cmake /home/sdfr-ppd-01/SDfR/assignment6/src/image_functions_sdfr -DCMAKE_INSTALL_PREFIX=/home/sdfr-ppd-01/SDfR/assignment6/install/image_functions_sdfr
[0.263s] -- The C compiler identification is GNU 11.4.0
[0.484s] -- The CXX compiler identification is GNU 11.4.0
[0.501s] -- Detecting C compiler ABI info
[0.933s] -- Detecting C compiler ABI info - done
[0.958s] -- Check for working C compiler: /usr/bin/cc - skipped
[0.961s] -- Detecting C compile features
[0.963s] -- Detecting C compile features - done
[0.973s] -- Detecting CXX compiler ABI info
[1.354s] -- Detecting CXX compiler ABI info - done
[1.361s] -- Check for working CXX compiler: /usr/bin/c++ - skipped
[1.366s] -- Detecting CXX compile features
[1.370s] -- Detecting CXX compile features - done
[1.374s] -- Found ament_cmake: 1.3.11 (/opt/ros/humble/share/ament_cmake/cmake)
[2.083s] -- Found Python3: /usr/bin/python3 (found version "3.10.12") found components: Interpreter 
[2.568s] -- Found ament_cmake_ros: 0.10.0 (/opt/ros/humble/share/ament_cmake_ros/cmake)
[2.607s] -- Found rclcpp: 16.0.11 (/opt/ros/humble/share/rclcpp/cmake)
[2.889s] -- Found rosidl_generator_c: 3.1.6 (/opt/ros/humble/share/rosidl_generator_c/cmake)
[2.915s] -- Found rosidl_adapter: 3.1.6 (/opt/ros/humble/share/rosidl_adapter/cmake)
[2.951s] -- Found rosidl_generator_cpp: 3.1.6 (/opt/ros/humble/share/rosidl_generator_cpp/cmake)
[3.003s] -- Using all available rosidl_typesupport_c: rosidl_typesupport_fastrtps_c;rosidl_typesupport_introspection_c
[3.071s] -- Using all available rosidl_typesupport_cpp: rosidl_typesupport_fastrtps_cpp;rosidl_typesupport_introspection_cpp
[3.289s] -- Found rmw_implementation_cmake: 6.1.2 (/opt/ros/humble/share/rmw_implementation_cmake/cmake)
[3.304s] -- Found rmw_fastrtps_cpp: 6.2.7 (/opt/ros/humble/share/rmw_fastrtps_cpp/cmake)
[3.634s] -- Found OpenSSL: /usr/lib/aarch64-linux-gnu/libcrypto.so (found version "3.0.2")  
[3.728s] -- Found FastRTPS: /opt/ros/humble/include  
[3.871s] -- Using RMW implementation 'rmw_fastrtps_cpp' as default
[3.918s] -- Looking for pthread.h
[4.281s] -- Looking for pthread.h - found
[4.283s] -- Performing Test CMAKE_HAVE_LIBC_PTHREAD
[4.661s] -- Performing Test CMAKE_HAVE_LIBC_PTHREAD - Success
[4.663s] -- Found Threads: TRUE  
[4.932s] -- Found sensor_msgs: 4.2.4 (/opt/ros/humble/share/sensor_msgs/cmake)
[5.497s] -- Configuring done
[5.586s] -- Generating done
[5.621s] -- Build files have been written to: /home/sdfr-ppd-01/SDfR/assignment6/build/image_functions_sdfr
[5.678s] Invoked command in '/home/sdfr-ppd-01/SDfR/assignment6/build/image_functions_sdfr' returned '0': CMAKE_PREFIX_PATH=${CMAKE_PREFIX_PATH}:/opt/ros/humble /usr/bin/cmake /home/sdfr-ppd-01/SDfR/assignment6/src/image_functions_sdfr -DCMAKE_INSTALL_PREFIX=/home/sdfr-ppd-01/SDfR/assignment6/install/image_functions_sdfr
[5.686s] Invoking command in '/home/sdfr-ppd-01/SDfR/assignment6/build/image_functions_sdfr': CMAKE_PREFIX_PATH=${CMAKE_PREFIX_PATH}:/opt/ros/humble /usr/bin/cmake --build /home/sdfr-ppd-01/SDfR/assignment6/build/image_functions_sdfr -- -j3 -l3
[5.874s] [ 50%] [32mBuilding CXX object CMakeFiles/image_functions.dir/src/image_functions.cpp.o[0m
[17.730s] [100%] [32m[1mLinking CXX shared library libimage_functions.so[0m
[18.118s] [100%] Built target image_functions
