[0.028s] Invoking command in '/home/jordan/SDfR/assignment6/build/relbot2turtlesim': CMAKE_PREFIX_PATH=/opt/ros/humble /usr/bin/cmake /home/jordan/SDfR/assignment6/src/relbot2turtlesim -DCMAKE_INSTALL_PREFIX=/home/jordan/SDfR/assignment6/install/relbot2turtlesim
[0.181s] -- The C compiler identification is GNU 11.4.0
[0.901s] -- The CXX compiler identification is GNU 11.4.0
[1.449s] -- Detecting C compiler ABI info
[1.687s] -- Detecting C compiler ABI info - done
[1.693s] -- Check for working C compiler: /usr/bin/cc - skipped
[1.694s] -- Detecting C compile features
[1.694s] -- Detecting C compile features - done
[1.697s] -- Detecting CXX compiler ABI info
[1.907s] -- Detecting CXX compiler ABI info - done
[1.913s] -- Check for working CXX compiler: /usr/bin/c++ - skipped
[1.913s] -- Detecting CXX compile features
[1.914s] -- Detecting CXX compile features - done
[1.916s] -- Found ament_cmake: 1.3.13 (/opt/ros/humble/share/ament_cmake/cmake)
[2.087s] -- Found Python3: /usr/bin/python3 (found version "3.10.12") found components: Interpreter 
[2.187s] -- Found rclcpp: 16.0.18 (/opt/ros/humble/share/rclcpp/cmake)
[2.452s] -- Found rosidl_generator_c: 3.1.8 (/opt/ros/humble/share/rosidl_generator_c/cmake)
[2.460s] -- Found rosidl_adapter: 3.1.8 (/opt/ros/humble/share/rosidl_adapter/cmake)
[2.470s] -- Found rosidl_generator_cpp: 3.1.8 (/opt/ros/humble/share/rosidl_generator_cpp/cmake)
[2.485s] -- Using all available rosidl_typesupport_c: rosidl_typesupport_fastrtps_c;rosidl_typesupport_introspection_c
[2.511s] -- Using all available rosidl_typesupport_cpp: rosidl_typesupport_fastrtps_cpp;rosidl_typesupport_introspection_cpp
[2.564s] -- Found rmw_implementation_cmake: 6.1.2 (/opt/ros/humble/share/rmw_implementation_cmake/cmake)
[2.567s] -- Found rmw_fastrtps_cpp: 6.2.10 (/opt/ros/humble/share/rmw_fastrtps_cpp/cmake)
[3.674s] -- Found OpenSSL: /usr/lib/x86_64-linux-gnu/libcrypto.so (found version "3.0.2")  
[4.822s] -- Found FastRTPS: /opt/ros/humble/include  
[7.390s] -- Using RMW implementation 'rmw_fastrtps_cpp' as default
[7.398s] -- Looking for pthread.h
[7.656s] -- Looking for pthread.h - found
[7.656s] -- Performing Test CMAKE_HAVE_LIBC_PTHREAD
[7.881s] -- Performing Test CMAKE_HAVE_LIBC_PTHREAD - Success
[7.883s] -- Found Threads: TRUE  
[7.956s] -- Found turtlesim: 1.4.3 (/opt/ros/humble/share/turtlesim/cmake)
[8.005s] -- Found geometry_msgs: 4.9.1 (/opt/ros/humble/share/geometry_msgs/cmake)
[8.029s] -- Found ament_lint_auto: 0.12.15 (/opt/ros/humble/share/ament_lint_auto/cmake)
[8.127s] -- Added test 'cppcheck' to perform static code analysis on C / C++ code
[8.127s] -- Configured cppcheck include dirs: /home/jordan/SDfR/assignment6/src/relbot2turtlesim/include
[8.127s] -- Configured cppcheck exclude dirs and/or files: 
[8.128s] -- Added test 'lint_cmake' to check CMake code style
[8.130s] -- Added test 'uncrustify' to check C / C++ code style
[8.130s] -- Configured uncrustify additional arguments: 
[8.130s] -- Added test 'xmllint' to check XML markup files
[8.132s] -- Configuring done
[8.146s] -- Generating done
[8.152s] -- Build files have been written to: /home/jordan/SDfR/assignment6/build/relbot2turtlesim
[8.172s] Invoked command in '/home/jordan/SDfR/assignment6/build/relbot2turtlesim' returned '0': CMAKE_PREFIX_PATH=/opt/ros/humble /usr/bin/cmake /home/jordan/SDfR/assignment6/src/relbot2turtlesim -DCMAKE_INSTALL_PREFIX=/home/jordan/SDfR/assignment6/install/relbot2turtlesim
[8.175s] Invoking command in '/home/jordan/SDfR/assignment6/build/relbot2turtlesim': CMAKE_PREFIX_PATH=/opt/ros/humble /usr/bin/cmake --build /home/jordan/SDfR/assignment6/build/relbot2turtlesim -- -j16 -l16
[8.245s] [ 50%] [32mBuilding CXX object CMakeFiles/relbot2turtlesim.dir/src/convert.cpp.o[0m
[21.990s] [100%] [32m[1mLinking CXX executable relbot2turtlesim[0m
[23.098s] [100%] Built target relbot2turtlesim
[23.124s] Invoked command in '/home/jordan/SDfR/assignment6/build/relbot2turtlesim' returned '0': CMAKE_PREFIX_PATH=/opt/ros/humble /usr/bin/cmake --build /home/jordan/SDfR/assignment6/build/relbot2turtlesim -- -j16 -l16
[23.127s] Invoking command in '/home/jordan/SDfR/assignment6/build/relbot2turtlesim': CMAKE_PREFIX_PATH=/opt/ros/humble /usr/bin/cmake --install /home/jordan/SDfR/assignment6/build/relbot2turtlesim
[23.139s] -- Install configuration: ""
[23.142s] -- Installing: /home/jordan/SDfR/assignment6/install/relbot2turtlesim/lib/relbot2turtlesim/relbot2turtlesim
[23.153s] -- Set runtime path of "/home/jordan/SDfR/assignment6/install/relbot2turtlesim/lib/relbot2turtlesim/relbot2turtlesim" to ""
[23.157s] -- Installing: /home/jordan/SDfR/assignment6/install/relbot2turtlesim/share/ament_index/resource_index/package_run_dependencies/relbot2turtlesim
[23.158s] -- Installing: /home/jordan/SDfR/assignment6/install/relbot2turtlesim/share/ament_index/resource_index/parent_prefix_path/relbot2turtlesim
[23.160s] -- Installing: /home/jordan/SDfR/assignment6/install/relbot2turtlesim/share/relbot2turtlesim/environment/ament_prefix_path.sh
[23.160s] -- Installing: /home/jordan/SDfR/assignment6/install/relbot2turtlesim/share/relbot2turtlesim/environment/ament_prefix_path.dsv
[23.161s] -- Installing: /home/jordan/SDfR/assignment6/install/relbot2turtlesim/share/relbot2turtlesim/environment/path.sh
[23.161s] -- Installing: /home/jordan/SDfR/assignment6/install/relbot2turtlesim/share/relbot2turtlesim/environment/path.dsv
[23.162s] -- Installing: /home/jordan/SDfR/assignment6/install/relbot2turtlesim/share/relbot2turtlesim/local_setup.bash
[23.162s] -- Installing: /home/jordan/SDfR/assignment6/install/relbot2turtlesim/share/relbot2turtlesim/local_setup.sh
[23.163s] -- Installing: /home/jordan/SDfR/assignment6/install/relbot2turtlesim/share/relbot2turtlesim/local_setup.zsh
[23.163s] -- Installing: /home/jordan/SDfR/assignment6/install/relbot2turtlesim/share/relbot2turtlesim/local_setup.dsv
[23.163s] -- Installing: /home/jordan/SDfR/assignment6/install/relbot2turtlesim/share/relbot2turtlesim/package.dsv
[23.165s] -- Installing: /home/jordan/SDfR/assignment6/install/relbot2turtlesim/share/ament_index/resource_index/packages/relbot2turtlesim
[23.166s] -- Installing: /home/jordan/SDfR/assignment6/install/relbot2turtlesim/share/relbot2turtlesim/cmake/relbot2turtlesimConfig.cmake
[23.166s] -- Installing: /home/jordan/SDfR/assignment6/install/relbot2turtlesim/share/relbot2turtlesim/cmake/relbot2turtlesimConfig-version.cmake
[23.167s] -- Installing: /home/jordan/SDfR/assignment6/install/relbot2turtlesim/share/relbot2turtlesim/package.xml
[23.171s] Invoked command in '/home/jordan/SDfR/assignment6/build/relbot2turtlesim' returned '0': CMAKE_PREFIX_PATH=/opt/ros/humble /usr/bin/cmake --install /home/jordan/SDfR/assignment6/build/relbot2turtlesim
