[0.223s] DEBUG:colcon:Command line arguments: ['/usr/bin/colcon', 'build']
[0.224s] DEBUG:colcon:Parsed command line arguments: Namespace(log_base=None, log_level=None, verb_name='build', build_base='build', install_base='install', merge_install=False, symlink_install=False, test_result_base=None, continue_on_error=False, executor='parallel', parallel_workers=16, event_handlers=None, ignore_user_meta=False, metas=['./colcon.meta'], base_paths=['.'], packages_ignore=None, packages_ignore_regex=None, paths=None, packages_up_to=None, packages_up_to_regex=None, packages_above=None, packages_above_and_dependencies=None, packages_above_depth=None, packages_select_by_dep=None, packages_skip_by_dep=None, packages_skip_up_to=None, packages_select_build_failed=False, packages_skip_build_finished=False, packages_select_test_failures=False, packages_skip_test_passed=False, packages_select=None, packages_skip=None, packages_select_regex=None, packages_skip_regex=None, packages_start=None, packages_end=None, allow_overriding=[], cmake_args=None, cmake_target=None, cmake_target_skip_unavailable=False, cmake_clean_cache=False, cmake_clean_first=False, cmake_force_configure=False, ament_cmake_args=None, catkin_cmake_args=None, catkin_skip_building_tests=False, mixin_files=None, mixin=None, verb_parser=<colcon_mixin.mixin.mixin_argument.MixinArgumentDecorator object at 0x76739f2ed300>, verb_extension=<colcon_core.verb.build.BuildVerb object at 0x76739f4bacb0>, main=<bound method BuildVerb.main of <colcon_core.verb.build.BuildVerb object at 0x76739f4bacb0>>, mixin_verb=('build',))
[0.371s] Level 1:colcon.colcon_core.package_discovery:discover_packages(colcon_meta) check parameters
[0.371s] Level 1:colcon.colcon_core.package_discovery:discover_packages(recursive) check parameters
[0.372s] Level 1:colcon.colcon_core.package_discovery:discover_packages(ignore) check parameters
[0.372s] Level 1:colcon.colcon_core.package_discovery:discover_packages(path) check parameters
[0.372s] Level 1:colcon.colcon_core.package_discovery:discover_packages(colcon_meta) discover
[0.372s] Level 1:colcon.colcon_core.package_discovery:discover_packages(recursive) discover
[0.372s] INFO:colcon.colcon_core.package_discovery:Crawling recursively for packages in '/home/jordan/SDfR/assignment6'
[0.372s] Level 1:colcon.colcon_core.package_identification:_identify(.) by extensions ['ignore', 'ignore_ament_install']
[0.372s] Level 1:colcon.colcon_core.package_identification:_identify(.) by extension 'ignore'
[0.372s] Level 1:colcon.colcon_core.package_identification:_identify(.) by extension 'ignore_ament_install'
[0.372s] Level 1:colcon.colcon_core.package_identification:_identify(.) by extensions ['colcon_pkg']
[0.372s] Level 1:colcon.colcon_core.package_identification:_identify(.) by extension 'colcon_pkg'
[0.372s] Level 1:colcon.colcon_core.package_identification:_identify(.) by extensions ['colcon_meta']
[0.372s] Level 1:colcon.colcon_core.package_identification:_identify(.) by extension 'colcon_meta'
[0.372s] Level 1:colcon.colcon_core.package_identification:_identify(.) by extensions ['ros']
[0.372s] Level 1:colcon.colcon_core.package_identification:_identify(.) by extension 'ros'
[0.382s] Level 1:colcon.colcon_core.package_identification:_identify(.) by extensions ['cmake', 'python']
[0.382s] Level 1:colcon.colcon_core.package_identification:_identify(.) by extension 'cmake'
[0.382s] Level 1:colcon.colcon_core.package_identification:_identify(.) by extension 'python'
[0.382s] Level 1:colcon.colcon_core.package_identification:_identify(.) by extensions ['python_setup_py']
[0.382s] Level 1:colcon.colcon_core.package_identification:_identify(.) by extension 'python_setup_py'
[0.382s] Level 1:colcon.colcon_core.package_identification:_identify(build) by extensions ['ignore', 'ignore_ament_install']
[0.382s] Level 1:colcon.colcon_core.package_identification:_identify(build) by extension 'ignore'
[0.383s] Level 1:colcon.colcon_core.package_identification:_identify(build) ignored
[0.383s] Level 1:colcon.colcon_core.package_identification:_identify(install) by extensions ['ignore', 'ignore_ament_install']
[0.383s] Level 1:colcon.colcon_core.package_identification:_identify(install) by extension 'ignore'
[0.383s] Level 1:colcon.colcon_core.package_identification:_identify(install) ignored
[0.383s] Level 1:colcon.colcon_core.package_identification:_identify(log) by extensions ['ignore', 'ignore_ament_install']
[0.383s] Level 1:colcon.colcon_core.package_identification:_identify(log) by extension 'ignore'
[0.383s] Level 1:colcon.colcon_core.package_identification:_identify(log) ignored
[0.383s] Level 1:colcon.colcon_core.package_identification:_identify(src) by extensions ['ignore', 'ignore_ament_install']
[0.383s] Level 1:colcon.colcon_core.package_identification:_identify(src) by extension 'ignore'
[0.383s] Level 1:colcon.colcon_core.package_identification:_identify(src) by extension 'ignore_ament_install'
[0.383s] Level 1:colcon.colcon_core.package_identification:_identify(src) by extensions ['colcon_pkg']
[0.383s] Level 1:colcon.colcon_core.package_identification:_identify(src) by extension 'colcon_pkg'
[0.383s] Level 1:colcon.colcon_core.package_identification:_identify(src) by extensions ['colcon_meta']
[0.383s] Level 1:colcon.colcon_core.package_identification:_identify(src) by extension 'colcon_meta'
[0.383s] Level 1:colcon.colcon_core.package_identification:_identify(src) by extensions ['ros']
[0.383s] Level 1:colcon.colcon_core.package_identification:_identify(src) by extension 'ros'
[0.384s] Level 1:colcon.colcon_core.package_identification:_identify(src) by extensions ['cmake', 'python']
[0.384s] Level 1:colcon.colcon_core.package_identification:_identify(src) by extension 'cmake'
[0.384s] Level 1:colcon.colcon_core.package_identification:_identify(src) by extension 'python'
[0.384s] Level 1:colcon.colcon_core.package_identification:_identify(src) by extensions ['python_setup_py']
[0.384s] Level 1:colcon.colcon_core.package_identification:_identify(src) by extension 'python_setup_py'
[0.384s] Level 1:colcon.colcon_core.package_identification:_identify(src/cam2image_host2vm) by extensions ['ignore', 'ignore_ament_install']
[0.384s] Level 1:colcon.colcon_core.package_identification:_identify(src/cam2image_host2vm) by extension 'ignore'
[0.384s] Level 1:colcon.colcon_core.package_identification:_identify(src/cam2image_host2vm) by extension 'ignore_ament_install'
[0.384s] Level 1:colcon.colcon_core.package_identification:_identify(src/cam2image_host2vm) by extensions ['colcon_pkg']
[0.384s] Level 1:colcon.colcon_core.package_identification:_identify(src/cam2image_host2vm) by extension 'colcon_pkg'
[0.384s] Level 1:colcon.colcon_core.package_identification:_identify(src/cam2image_host2vm) by extensions ['colcon_meta']
[0.384s] Level 1:colcon.colcon_core.package_identification:_identify(src/cam2image_host2vm) by extension 'colcon_meta'
[0.384s] Level 1:colcon.colcon_core.package_identification:_identify(src/cam2image_host2vm) by extensions ['ros']
[0.384s] Level 1:colcon.colcon_core.package_identification:_identify(src/cam2image_host2vm) by extension 'ros'
[0.384s] Level 1:colcon.colcon_core.package_identification:_identify(src/cam2image_host2vm) by extensions ['cmake', 'python']
[0.384s] Level 1:colcon.colcon_core.package_identification:_identify(src/cam2image_host2vm) by extension 'cmake'
[0.384s] Level 1:colcon.colcon_core.package_identification:_identify(src/cam2image_host2vm) by extension 'python'
[0.384s] Level 1:colcon.colcon_core.package_identification:_identify(src/cam2image_host2vm) by extensions ['python_setup_py']
[0.384s] Level 1:colcon.colcon_core.package_identification:_identify(src/cam2image_host2vm) by extension 'python_setup_py'
[0.384s] Level 1:colcon.colcon_core.package_identification:_identify(src/cam2image_vm2ros) by extensions ['ignore', 'ignore_ament_install']
[0.385s] Level 1:colcon.colcon_core.package_identification:_identify(src/cam2image_vm2ros) by extension 'ignore'
[0.385s] Level 1:colcon.colcon_core.package_identification:_identify(src/cam2image_vm2ros) by extension 'ignore_ament_install'
[0.385s] Level 1:colcon.colcon_core.package_identification:_identify(src/cam2image_vm2ros) by extensions ['colcon_pkg']
[0.385s] Level 1:colcon.colcon_core.package_identification:_identify(src/cam2image_vm2ros) by extension 'colcon_pkg'
[0.385s] Level 1:colcon.colcon_core.package_identification:_identify(src/cam2image_vm2ros) by extensions ['colcon_meta']
[0.385s] Level 1:colcon.colcon_core.package_identification:_identify(src/cam2image_vm2ros) by extension 'colcon_meta'
[0.385s] Level 1:colcon.colcon_core.package_identification:_identify(src/cam2image_vm2ros) by extensions ['ros']
[0.385s] Level 1:colcon.colcon_core.package_identification:_identify(src/cam2image_vm2ros) by extension 'ros'
[0.387s] DEBUG:colcon.colcon_core.package_identification:Package 'src/cam2image_vm2ros' with type 'ros.ament_cmake' and name 'cam2image_vm2ros'
[0.387s] Level 1:colcon.colcon_core.package_identification:_identify(src/green_object_detector) by extensions ['ignore', 'ignore_ament_install']
[0.387s] Level 1:colcon.colcon_core.package_identification:_identify(src/green_object_detector) by extension 'ignore'
[0.387s] Level 1:colcon.colcon_core.package_identification:_identify(src/green_object_detector) by extension 'ignore_ament_install'
[0.387s] Level 1:colcon.colcon_core.package_identification:_identify(src/green_object_detector) by extensions ['colcon_pkg']
[0.387s] Level 1:colcon.colcon_core.package_identification:_identify(src/green_object_detector) by extension 'colcon_pkg'
[0.387s] Level 1:colcon.colcon_core.package_identification:_identify(src/green_object_detector) by extensions ['colcon_meta']
[0.388s] Level 1:colcon.colcon_core.package_identification:_identify(src/green_object_detector) by extension 'colcon_meta'
[0.388s] Level 1:colcon.colcon_core.package_identification:_identify(src/green_object_detector) by extensions ['ros']
[0.388s] Level 1:colcon.colcon_core.package_identification:_identify(src/green_object_detector) by extension 'ros'
[0.388s] DEBUG:colcon.colcon_core.package_identification:Package 'src/green_object_detector' with type 'ros.ament_cmake' and name 'green_object_detector'
[0.388s] Level 1:colcon.colcon_core.package_identification:_identify(src/image_functions_sdfr) by extensions ['ignore', 'ignore_ament_install']
[0.388s] Level 1:colcon.colcon_core.package_identification:_identify(src/image_functions_sdfr) by extension 'ignore'
[0.388s] Level 1:colcon.colcon_core.package_identification:_identify(src/image_functions_sdfr) by extension 'ignore_ament_install'
[0.388s] Level 1:colcon.colcon_core.package_identification:_identify(src/image_functions_sdfr) by extensions ['colcon_pkg']
[0.389s] Level 1:colcon.colcon_core.package_identification:_identify(src/image_functions_sdfr) by extension 'colcon_pkg'
[0.389s] Level 1:colcon.colcon_core.package_identification:_identify(src/image_functions_sdfr) by extensions ['colcon_meta']
[0.389s] Level 1:colcon.colcon_core.package_identification:_identify(src/image_functions_sdfr) by extension 'colcon_meta'
[0.389s] Level 1:colcon.colcon_core.package_identification:_identify(src/image_functions_sdfr) by extensions ['ros']
[0.389s] Level 1:colcon.colcon_core.package_identification:_identify(src/image_functions_sdfr) by extension 'ros'
[0.389s] DEBUG:colcon.colcon_core.package_identification:Package 'src/image_functions_sdfr' with type 'ros.ament_cmake' and name 'image_functions_sdfr'
[0.389s] Level 1:colcon.colcon_core.package_identification:_identify(src/relbot2turtlesim) by extensions ['ignore', 'ignore_ament_install']
[0.389s] Level 1:colcon.colcon_core.package_identification:_identify(src/relbot2turtlesim) by extension 'ignore'
[0.389s] Level 1:colcon.colcon_core.package_identification:_identify(src/relbot2turtlesim) by extension 'ignore_ament_install'
[0.389s] Level 1:colcon.colcon_core.package_identification:_identify(src/relbot2turtlesim) by extensions ['colcon_pkg']
[0.390s] Level 1:colcon.colcon_core.package_identification:_identify(src/relbot2turtlesim) by extension 'colcon_pkg'
[0.390s] Level 1:colcon.colcon_core.package_identification:_identify(src/relbot2turtlesim) by extensions ['colcon_meta']
[0.390s] Level 1:colcon.colcon_core.package_identification:_identify(src/relbot2turtlesim) by extension 'colcon_meta'
[0.390s] Level 1:colcon.colcon_core.package_identification:_identify(src/relbot2turtlesim) by extensions ['ros']
[0.390s] Level 1:colcon.colcon_core.package_identification:_identify(src/relbot2turtlesim) by extension 'ros'
[0.390s] DEBUG:colcon.colcon_core.package_identification:Package 'src/relbot2turtlesim' with type 'ros.ament_cmake' and name 'relbot2turtlesim'
[0.390s] Level 1:colcon.colcon_core.package_identification:_identify(src/relbot_launch) by extensions ['ignore', 'ignore_ament_install']
[0.391s] Level 1:colcon.colcon_core.package_identification:_identify(src/relbot_launch) by extension 'ignore'
[0.391s] Level 1:colcon.colcon_core.package_identification:_identify(src/relbot_launch) by extension 'ignore_ament_install'
[0.391s] Level 1:colcon.colcon_core.package_identification:_identify(src/relbot_launch) by extensions ['colcon_pkg']
[0.391s] Level 1:colcon.colcon_core.package_identification:_identify(src/relbot_launch) by extension 'colcon_pkg'
[0.391s] Level 1:colcon.colcon_core.package_identification:_identify(src/relbot_launch) by extensions ['colcon_meta']
[0.391s] Level 1:colcon.colcon_core.package_identification:_identify(src/relbot_launch) by extension 'colcon_meta'
[0.391s] Level 1:colcon.colcon_core.package_identification:_identify(src/relbot_launch) by extensions ['ros']
[0.391s] Level 1:colcon.colcon_core.package_identification:_identify(src/relbot_launch) by extension 'ros'
[0.391s] DEBUG:colcon.colcon_core.package_identification:Package 'src/relbot_launch' with type 'ros.ament_cmake' and name 'relbot_launch'
[0.391s] Level 1:colcon.colcon_core.package_identification:_identify(src/relbot_sequence_controller) by extensions ['ignore', 'ignore_ament_install']
[0.392s] Level 1:colcon.colcon_core.package_identification:_identify(src/relbot_sequence_controller) by extension 'ignore'
[0.392s] Level 1:colcon.colcon_core.package_identification:_identify(src/relbot_sequence_controller) by extension 'ignore_ament_install'
[0.392s] Level 1:colcon.colcon_core.package_identification:_identify(src/relbot_sequence_controller) by extensions ['colcon_pkg']
[0.392s] Level 1:colcon.colcon_core.package_identification:_identify(src/relbot_sequence_controller) by extension 'colcon_pkg'
[0.392s] Level 1:colcon.colcon_core.package_identification:_identify(src/relbot_sequence_controller) by extensions ['colcon_meta']
[0.392s] Level 1:colcon.colcon_core.package_identification:_identify(src/relbot_sequence_controller) by extension 'colcon_meta'
[0.392s] Level 1:colcon.colcon_core.package_identification:_identify(src/relbot_sequence_controller) by extensions ['ros']
[0.392s] Level 1:colcon.colcon_core.package_identification:_identify(src/relbot_sequence_controller) by extension 'ros'
[0.392s] DEBUG:colcon.colcon_core.package_identification:Package 'src/relbot_sequence_controller' with type 'ros.ament_cmake' and name 'relbot_sequence_controller'
[0.393s] Level 1:colcon.colcon_core.package_identification:_identify(src/relbot_simulator) by extensions ['ignore', 'ignore_ament_install']
[0.393s] Level 1:colcon.colcon_core.package_identification:_identify(src/relbot_simulator) by extension 'ignore'
[0.393s] Level 1:colcon.colcon_core.package_identification:_identify(src/relbot_simulator) by extension 'ignore_ament_install'
[0.393s] Level 1:colcon.colcon_core.package_identification:_identify(src/relbot_simulator) by extensions ['colcon_pkg']
[0.393s] Level 1:colcon.colcon_core.package_identification:_identify(src/relbot_simulator) by extension 'colcon_pkg'
[0.393s] Level 1:colcon.colcon_core.package_identification:_identify(src/relbot_simulator) by extensions ['colcon_meta']
[0.393s] Level 1:colcon.colcon_core.package_identification:_identify(src/relbot_simulator) by extension 'colcon_meta'
[0.393s] Level 1:colcon.colcon_core.package_identification:_identify(src/relbot_simulator) by extensions ['ros']
[0.393s] Level 1:colcon.colcon_core.package_identification:_identify(src/relbot_simulator) by extension 'ros'
[0.394s] DEBUG:colcon.colcon_core.package_identification:Package 'src/relbot_simulator' with type 'ros.ament_cmake' and name 'relbot_simulator'
[0.394s] Level 1:colcon.colcon_core.package_discovery:discover_packages(recursive) using defaults
[0.394s] Level 1:colcon.colcon_core.package_discovery:discover_packages(ignore) discover
[0.394s] Level 1:colcon.colcon_core.package_discovery:discover_packages(ignore) using defaults
[0.394s] Level 1:colcon.colcon_core.package_discovery:discover_packages(path) discover
[0.394s] Level 1:colcon.colcon_core.package_discovery:discover_packages(path) using defaults
[0.423s] Level 1:colcon.colcon_core.package_discovery:discover_packages(prefix_path) check parameters
[0.423s] Level 1:colcon.colcon_core.package_discovery:discover_packages(prefix_path) discover
[0.425s] DEBUG:colcon.colcon_installed_package_information.package_discovery:Found 274 installed packages in /opt/ros/humble
[0.426s] Level 1:colcon.colcon_core.package_discovery:discover_packages(prefix_path) using defaults
[0.460s] Level 5:colcon.colcon_core.verb:set package 'cam2image_vm2ros' build argument 'cmake_args' from command line to 'None'
[0.460s] Level 5:colcon.colcon_core.verb:set package 'cam2image_vm2ros' build argument 'cmake_target' from command line to 'None'
[0.460s] Level 5:colcon.colcon_core.verb:set package 'cam2image_vm2ros' build argument 'cmake_target_skip_unavailable' from command line to 'False'
[0.460s] Level 5:colcon.colcon_core.verb:set package 'cam2image_vm2ros' build argument 'cmake_clean_cache' from command line to 'False'
[0.460s] Level 5:colcon.colcon_core.verb:set package 'cam2image_vm2ros' build argument 'cmake_clean_first' from command line to 'False'
[0.460s] Level 5:colcon.colcon_core.verb:set package 'cam2image_vm2ros' build argument 'cmake_force_configure' from command line to 'False'
[0.460s] Level 5:colcon.colcon_core.verb:set package 'cam2image_vm2ros' build argument 'ament_cmake_args' from command line to 'None'
[0.460s] Level 5:colcon.colcon_core.verb:set package 'cam2image_vm2ros' build argument 'catkin_cmake_args' from command line to 'None'
[0.460s] Level 5:colcon.colcon_core.verb:set package 'cam2image_vm2ros' build argument 'catkin_skip_building_tests' from command line to 'False'
[0.460s] DEBUG:colcon.colcon_core.verb:Building package 'cam2image_vm2ros' with the following arguments: {'ament_cmake_args': None, 'build_base': '/home/jordan/SDfR/assignment6/build/cam2image_vm2ros', 'catkin_cmake_args': None, 'catkin_skip_building_tests': False, 'cmake_args': None, 'cmake_clean_cache': False, 'cmake_clean_first': False, 'cmake_force_configure': False, 'cmake_target': None, 'cmake_target_skip_unavailable': False, 'install_base': '/home/jordan/SDfR/assignment6/install/cam2image_vm2ros', 'merge_install': False, 'path': '/home/jordan/SDfR/assignment6/src/cam2image_vm2ros', 'symlink_install': False, 'test_result_base': None}
[0.461s] Level 5:colcon.colcon_core.verb:set package 'green_object_detector' build argument 'cmake_args' from command line to 'None'
[0.461s] Level 5:colcon.colcon_core.verb:set package 'green_object_detector' build argument 'cmake_target' from command line to 'None'
[0.461s] Level 5:colcon.colcon_core.verb:set package 'green_object_detector' build argument 'cmake_target_skip_unavailable' from command line to 'False'
[0.461s] Level 5:colcon.colcon_core.verb:set package 'green_object_detector' build argument 'cmake_clean_cache' from command line to 'False'
[0.461s] Level 5:colcon.colcon_core.verb:set package 'green_object_detector' build argument 'cmake_clean_first' from command line to 'False'
[0.461s] Level 5:colcon.colcon_core.verb:set package 'green_object_detector' build argument 'cmake_force_configure' from command line to 'False'
[0.461s] Level 5:colcon.colcon_core.verb:set package 'green_object_detector' build argument 'ament_cmake_args' from command line to 'None'
[0.461s] Level 5:colcon.colcon_core.verb:set package 'green_object_detector' build argument 'catkin_cmake_args' from command line to 'None'
[0.461s] Level 5:colcon.colcon_core.verb:set package 'green_object_detector' build argument 'catkin_skip_building_tests' from command line to 'False'
[0.461s] DEBUG:colcon.colcon_core.verb:Building package 'green_object_detector' with the following arguments: {'ament_cmake_args': None, 'build_base': '/home/jordan/SDfR/assignment6/build/green_object_detector', 'catkin_cmake_args': None, 'catkin_skip_building_tests': False, 'cmake_args': None, 'cmake_clean_cache': False, 'cmake_clean_first': False, 'cmake_force_configure': False, 'cmake_target': None, 'cmake_target_skip_unavailable': False, 'install_base': '/home/jordan/SDfR/assignment6/install/green_object_detector', 'merge_install': False, 'path': '/home/jordan/SDfR/assignment6/src/green_object_detector', 'symlink_install': False, 'test_result_base': None}
[0.461s] Level 5:colcon.colcon_core.verb:set package 'image_functions_sdfr' build argument 'cmake_args' from command line to 'None'
[0.461s] Level 5:colcon.colcon_core.verb:set package 'image_functions_sdfr' build argument 'cmake_target' from command line to 'None'
[0.461s] Level 5:colcon.colcon_core.verb:set package 'image_functions_sdfr' build argument 'cmake_target_skip_unavailable' from command line to 'False'
[0.461s] Level 5:colcon.colcon_core.verb:set package 'image_functions_sdfr' build argument 'cmake_clean_cache' from command line to 'False'
[0.461s] Level 5:colcon.colcon_core.verb:set package 'image_functions_sdfr' build argument 'cmake_clean_first' from command line to 'False'
[0.461s] Level 5:colcon.colcon_core.verb:set package 'image_functions_sdfr' build argument 'cmake_force_configure' from command line to 'False'
[0.461s] Level 5:colcon.colcon_core.verb:set package 'image_functions_sdfr' build argument 'ament_cmake_args' from command line to 'None'
[0.461s] Level 5:colcon.colcon_core.verb:set package 'image_functions_sdfr' build argument 'catkin_cmake_args' from command line to 'None'
[0.461s] Level 5:colcon.colcon_core.verb:set package 'image_functions_sdfr' build argument 'catkin_skip_building_tests' from command line to 'False'
[0.461s] DEBUG:colcon.colcon_core.verb:Building package 'image_functions_sdfr' with the following arguments: {'ament_cmake_args': None, 'build_base': '/home/jordan/SDfR/assignment6/build/image_functions_sdfr', 'catkin_cmake_args': None, 'catkin_skip_building_tests': False, 'cmake_args': None, 'cmake_clean_cache': False, 'cmake_clean_first': False, 'cmake_force_configure': False, 'cmake_target': None, 'cmake_target_skip_unavailable': False, 'install_base': '/home/jordan/SDfR/assignment6/install/image_functions_sdfr', 'merge_install': False, 'path': '/home/jordan/SDfR/assignment6/src/image_functions_sdfr', 'symlink_install': False, 'test_result_base': None}
[0.462s] Level 5:colcon.colcon_core.verb:set package 'relbot2turtlesim' build argument 'cmake_args' from command line to 'None'
[0.462s] Level 5:colcon.colcon_core.verb:set package 'relbot2turtlesim' build argument 'cmake_target' from command line to 'None'
[0.462s] Level 5:colcon.colcon_core.verb:set package 'relbot2turtlesim' build argument 'cmake_target_skip_unavailable' from command line to 'False'
[0.462s] Level 5:colcon.colcon_core.verb:set package 'relbot2turtlesim' build argument 'cmake_clean_cache' from command line to 'False'
[0.462s] Level 5:colcon.colcon_core.verb:set package 'relbot2turtlesim' build argument 'cmake_clean_first' from command line to 'False'
[0.462s] Level 5:colcon.colcon_core.verb:set package 'relbot2turtlesim' build argument 'cmake_force_configure' from command line to 'False'
[0.462s] Level 5:colcon.colcon_core.verb:set package 'relbot2turtlesim' build argument 'ament_cmake_args' from command line to 'None'
[0.462s] Level 5:colcon.colcon_core.verb:set package 'relbot2turtlesim' build argument 'catkin_cmake_args' from command line to 'None'
[0.462s] Level 5:colcon.colcon_core.verb:set package 'relbot2turtlesim' build argument 'catkin_skip_building_tests' from command line to 'False'
[0.462s] DEBUG:colcon.colcon_core.verb:Building package 'relbot2turtlesim' with the following arguments: {'ament_cmake_args': None, 'build_base': '/home/jordan/SDfR/assignment6/build/relbot2turtlesim', 'catkin_cmake_args': None, 'catkin_skip_building_tests': False, 'cmake_args': None, 'cmake_clean_cache': False, 'cmake_clean_first': False, 'cmake_force_configure': False, 'cmake_target': None, 'cmake_target_skip_unavailable': False, 'install_base': '/home/jordan/SDfR/assignment6/install/relbot2turtlesim', 'merge_install': False, 'path': '/home/jordan/SDfR/assignment6/src/relbot2turtlesim', 'symlink_install': False, 'test_result_base': None}
[0.462s] Level 5:colcon.colcon_core.verb:set package 'relbot_launch' build argument 'cmake_args' from command line to 'None'
[0.462s] Level 5:colcon.colcon_core.verb:set package 'relbot_launch' build argument 'cmake_target' from command line to 'None'
[0.462s] Level 5:colcon.colcon_core.verb:set package 'relbot_launch' build argument 'cmake_target_skip_unavailable' from command line to 'False'
[0.462s] Level 5:colcon.colcon_core.verb:set package 'relbot_launch' build argument 'cmake_clean_cache' from command line to 'False'
[0.462s] Level 5:colcon.colcon_core.verb:set package 'relbot_launch' build argument 'cmake_clean_first' from command line to 'False'
[0.462s] Level 5:colcon.colcon_core.verb:set package 'relbot_launch' build argument 'cmake_force_configure' from command line to 'False'
[0.462s] Level 5:colcon.colcon_core.verb:set package 'relbot_launch' build argument 'ament_cmake_args' from command line to 'None'
[0.462s] Level 5:colcon.colcon_core.verb:set package 'relbot_launch' build argument 'catkin_cmake_args' from command line to 'None'
[0.462s] Level 5:colcon.colcon_core.verb:set package 'relbot_launch' build argument 'catkin_skip_building_tests' from command line to 'False'
[0.462s] DEBUG:colcon.colcon_core.verb:Building package 'relbot_launch' with the following arguments: {'ament_cmake_args': None, 'build_base': '/home/jordan/SDfR/assignment6/build/relbot_launch', 'catkin_cmake_args': None, 'catkin_skip_building_tests': False, 'cmake_args': None, 'cmake_clean_cache': False, 'cmake_clean_first': False, 'cmake_force_configure': False, 'cmake_target': None, 'cmake_target_skip_unavailable': False, 'install_base': '/home/jordan/SDfR/assignment6/install/relbot_launch', 'merge_install': False, 'path': '/home/jordan/SDfR/assignment6/src/relbot_launch', 'symlink_install': False, 'test_result_base': None}
[0.463s] Level 5:colcon.colcon_core.verb:set package 'relbot_sequence_controller' build argument 'cmake_args' from command line to 'None'
[0.463s] Level 5:colcon.colcon_core.verb:set package 'relbot_sequence_controller' build argument 'cmake_target' from command line to 'None'
[0.463s] Level 5:colcon.colcon_core.verb:set package 'relbot_sequence_controller' build argument 'cmake_target_skip_unavailable' from command line to 'False'
[0.463s] Level 5:colcon.colcon_core.verb:set package 'relbot_sequence_controller' build argument 'cmake_clean_cache' from command line to 'False'
[0.463s] Level 5:colcon.colcon_core.verb:set package 'relbot_sequence_controller' build argument 'cmake_clean_first' from command line to 'False'
[0.463s] Level 5:colcon.colcon_core.verb:set package 'relbot_sequence_controller' build argument 'cmake_force_configure' from command line to 'False'
[0.463s] Level 5:colcon.colcon_core.verb:set package 'relbot_sequence_controller' build argument 'ament_cmake_args' from command line to 'None'
[0.463s] Level 5:colcon.colcon_core.verb:set package 'relbot_sequence_controller' build argument 'catkin_cmake_args' from command line to 'None'
[0.463s] Level 5:colcon.colcon_core.verb:set package 'relbot_sequence_controller' build argument 'catkin_skip_building_tests' from command line to 'False'
[0.463s] DEBUG:colcon.colcon_core.verb:Building package 'relbot_sequence_controller' with the following arguments: {'ament_cmake_args': None, 'build_base': '/home/jordan/SDfR/assignment6/build/relbot_sequence_controller', 'catkin_cmake_args': None, 'catkin_skip_building_tests': False, 'cmake_args': None, 'cmake_clean_cache': False, 'cmake_clean_first': False, 'cmake_force_configure': False, 'cmake_target': None, 'cmake_target_skip_unavailable': False, 'install_base': '/home/jordan/SDfR/assignment6/install/relbot_sequence_controller', 'merge_install': False, 'path': '/home/jordan/SDfR/assignment6/src/relbot_sequence_controller', 'symlink_install': False, 'test_result_base': None}
[0.463s] Level 5:colcon.colcon_core.verb:set package 'relbot_simulator' build argument 'cmake_args' from command line to 'None'
[0.463s] Level 5:colcon.colcon_core.verb:set package 'relbot_simulator' build argument 'cmake_target' from command line to 'None'
[0.463s] Level 5:colcon.colcon_core.verb:set package 'relbot_simulator' build argument 'cmake_target_skip_unavailable' from command line to 'False'
[0.463s] Level 5:colcon.colcon_core.verb:set package 'relbot_simulator' build argument 'cmake_clean_cache' from command line to 'False'
[0.463s] Level 5:colcon.colcon_core.verb:set package 'relbot_simulator' build argument 'cmake_clean_first' from command line to 'False'
[0.463s] Level 5:colcon.colcon_core.verb:set package 'relbot_simulator' build argument 'cmake_force_configure' from command line to 'False'
[0.463s] Level 5:colcon.colcon_core.verb:set package 'relbot_simulator' build argument 'ament_cmake_args' from command line to 'None'
[0.463s] Level 5:colcon.colcon_core.verb:set package 'relbot_simulator' build argument 'catkin_cmake_args' from command line to 'None'
[0.463s] Level 5:colcon.colcon_core.verb:set package 'relbot_simulator' build argument 'catkin_skip_building_tests' from command line to 'False'
[0.463s] DEBUG:colcon.colcon_core.verb:Building package 'relbot_simulator' with the following arguments: {'ament_cmake_args': None, 'build_base': '/home/jordan/SDfR/assignment6/build/relbot_simulator', 'catkin_cmake_args': None, 'catkin_skip_building_tests': False, 'cmake_args': None, 'cmake_clean_cache': False, 'cmake_clean_first': False, 'cmake_force_configure': False, 'cmake_target': None, 'cmake_target_skip_unavailable': False, 'install_base': '/home/jordan/SDfR/assignment6/install/relbot_simulator', 'merge_install': False, 'path': '/home/jordan/SDfR/assignment6/src/relbot_simulator', 'symlink_install': False, 'test_result_base': None}
[0.463s] INFO:colcon.colcon_core.executor:Executing jobs using 'parallel' executor
[0.464s] DEBUG:colcon.colcon_parallel_executor.executor.parallel:run_until_complete
[0.465s] INFO:colcon.colcon_ros.task.ament_cmake.build:Building ROS package in '/home/jordan/SDfR/assignment6/src/cam2image_vm2ros' with build type 'ament_cmake'
[0.465s] INFO:colcon.colcon_cmake.task.cmake.build:Building CMake package in '/home/jordan/SDfR/assignment6/src/cam2image_vm2ros'
[0.468s] INFO:colcon.colcon_core.plugin_system:Skipping extension 'colcon_core.shell.bat': Not used on non-Windows systems
[0.468s] INFO:colcon.colcon_core.shell:Skip shell extension 'powershell' for command environment: Not usable outside of PowerShell
[0.468s] DEBUG:colcon.colcon_core.shell:Skip shell extension 'dsv' for command environment
[0.471s] INFO:colcon.colcon_ros.task.ament_cmake.build:Building ROS package in '/home/jordan/SDfR/assignment6/src/green_object_detector' with build type 'ament_cmake'
[0.471s] INFO:colcon.colcon_cmake.task.cmake.build:Building CMake package in '/home/jordan/SDfR/assignment6/src/green_object_detector'
[0.472s] INFO:colcon.colcon_core.shell:Skip shell extension 'powershell' for command environment: Not usable outside of PowerShell
[0.472s] DEBUG:colcon.colcon_core.shell:Skip shell extension 'dsv' for command environment
[0.474s] INFO:colcon.colcon_ros.task.ament_cmake.build:Building ROS package in '/home/jordan/SDfR/assignment6/src/image_functions_sdfr' with build type 'ament_cmake'
[0.475s] INFO:colcon.colcon_cmake.task.cmake.build:Building CMake package in '/home/jordan/SDfR/assignment6/src/image_functions_sdfr'
[0.475s] INFO:colcon.colcon_core.shell:Skip shell extension 'powershell' for command environment: Not usable outside of PowerShell
[0.475s] DEBUG:colcon.colcon_core.shell:Skip shell extension 'dsv' for command environment
[0.478s] INFO:colcon.colcon_ros.task.ament_cmake.build:Building ROS package in '/home/jordan/SDfR/assignment6/src/relbot2turtlesim' with build type 'ament_cmake'
[0.478s] INFO:colcon.colcon_cmake.task.cmake.build:Building CMake package in '/home/jordan/SDfR/assignment6/src/relbot2turtlesim'
[0.479s] INFO:colcon.colcon_core.shell:Skip shell extension 'powershell' for command environment: Not usable outside of PowerShell
[0.479s] DEBUG:colcon.colcon_core.shell:Skip shell extension 'dsv' for command environment
[0.481s] INFO:colcon.colcon_ros.task.ament_cmake.build:Building ROS package in '/home/jordan/SDfR/assignment6/src/relbot_launch' with build type 'ament_cmake'
[0.481s] INFO:colcon.colcon_cmake.task.cmake.build:Building CMake package in '/home/jordan/SDfR/assignment6/src/relbot_launch'
[0.482s] INFO:colcon.colcon_core.shell:Skip shell extension 'powershell' for command environment: Not usable outside of PowerShell
[0.482s] DEBUG:colcon.colcon_core.shell:Skip shell extension 'dsv' for command environment
[0.485s] INFO:colcon.colcon_ros.task.ament_cmake.build:Building ROS package in '/home/jordan/SDfR/assignment6/src/relbot_sequence_controller' with build type 'ament_cmake'
[0.485s] INFO:colcon.colcon_cmake.task.cmake.build:Building CMake package in '/home/jordan/SDfR/assignment6/src/relbot_sequence_controller'
[0.486s] INFO:colcon.colcon_core.shell:Skip shell extension 'powershell' for command environment: Not usable outside of PowerShell
[0.486s] DEBUG:colcon.colcon_core.shell:Skip shell extension 'dsv' for command environment
[0.489s] INFO:colcon.colcon_ros.task.ament_cmake.build:Building ROS package in '/home/jordan/SDfR/assignment6/src/relbot_simulator' with build type 'ament_cmake'
[0.489s] INFO:colcon.colcon_cmake.task.cmake.build:Building CMake package in '/home/jordan/SDfR/assignment6/src/relbot_simulator'
[0.490s] INFO:colcon.colcon_core.shell:Skip shell extension 'powershell' for command environment: Not usable outside of PowerShell
[0.490s] DEBUG:colcon.colcon_core.shell:Skip shell extension 'dsv' for command environment
[0.500s] DEBUG:colcon.colcon_core.event_handler.log_command:Invoking command in '/home/jordan/SDfR/assignment6/build/cam2image_vm2ros': CMAKE_PREFIX_PATH=/opt/ros/humble /usr/bin/cmake --build /home/jordan/SDfR/assignment6/build/cam2image_vm2ros -- -j16 -l16
[0.503s] DEBUG:colcon.colcon_core.event_handler.log_command:Invoking command in '/home/jordan/SDfR/assignment6/build/green_object_detector': CMAKE_PREFIX_PATH=/opt/ros/humble /usr/bin/cmake --build /home/jordan/SDfR/assignment6/build/green_object_detector -- -j16 -l16
[0.508s] DEBUG:colcon.colcon_core.event_handler.log_command:Invoking command in '/home/jordan/SDfR/assignment6/build/image_functions_sdfr': CMAKE_PREFIX_PATH=/opt/ros/humble /usr/bin/cmake --build /home/jordan/SDfR/assignment6/build/image_functions_sdfr -- -j16 -l16
[0.511s] DEBUG:colcon.colcon_core.event_handler.log_command:Invoking command in '/home/jordan/SDfR/assignment6/build/relbot2turtlesim': CMAKE_PREFIX_PATH=/opt/ros/humble /usr/bin/cmake --build /home/jordan/SDfR/assignment6/build/relbot2turtlesim -- -j16 -l16
[0.518s] DEBUG:colcon.colcon_core.event_handler.log_command:Invoking command in '/home/jordan/SDfR/assignment6/build/relbot_launch': CMAKE_PREFIX_PATH=/opt/ros/humble /usr/bin/cmake --build /home/jordan/SDfR/assignment6/build/relbot_launch -- -j16 -l16
[0.524s] DEBUG:colcon.colcon_core.event_handler.log_command:Invoking command in '/home/jordan/SDfR/assignment6/build/relbot_sequence_controller': CMAKE_PREFIX_PATH=/opt/ros/humble /usr/bin/cmake --build /home/jordan/SDfR/assignment6/build/relbot_sequence_controller -- -j16 -l16
[0.527s] DEBUG:colcon.colcon_core.event_handler.log_command:Invoking command in '/home/jordan/SDfR/assignment6/build/relbot_simulator': CMAKE_PREFIX_PATH=/opt/ros/humble /usr/bin/cmake --build /home/jordan/SDfR/assignment6/build/relbot_simulator -- -j16 -l16
[0.561s] DEBUG:colcon.colcon_core.event_handler.log_command:Invoked command in '/home/jordan/SDfR/assignment6/build/relbot_launch' returned '0': CMAKE_PREFIX_PATH=/opt/ros/humble /usr/bin/cmake --build /home/jordan/SDfR/assignment6/build/relbot_launch -- -j16 -l16
[0.577s] DEBUG:colcon.colcon_core.event_handler.log_command:Invoking command in '/home/jordan/SDfR/assignment6/build/relbot_launch': CMAKE_PREFIX_PATH=/opt/ros/humble /usr/bin/cmake --install /home/jordan/SDfR/assignment6/build/relbot_launch
[0.591s] DEBUG:colcon.colcon_core.event_handler.log_command:Invoked command in '/home/jordan/SDfR/assignment6/build/green_object_detector' returned '0': CMAKE_PREFIX_PATH=/opt/ros/humble /usr/bin/cmake --build /home/jordan/SDfR/assignment6/build/green_object_detector -- -j16 -l16
[0.594s] DEBUG:colcon.colcon_core.event_handler.log_command:Invoking command in '/home/jordan/SDfR/assignment6/build/green_object_detector': CMAKE_PREFIX_PATH=/opt/ros/humble /usr/bin/cmake --install /home/jordan/SDfR/assignment6/build/green_object_detector
[0.596s] Level 1:colcon.colcon_core.environment:create_environment_scripts_only(relbot_launch)
[0.597s] DEBUG:colcon.colcon_core.event_handler.log_command:Invoked command in '/home/jordan/SDfR/assignment6/build/relbot_launch' returned '0': CMAKE_PREFIX_PATH=/opt/ros/humble /usr/bin/cmake --install /home/jordan/SDfR/assignment6/build/relbot_launch
[0.600s] Level 1:colcon.colcon_core.environment:checking '/home/jordan/SDfR/assignment6/install/relbot_launch' for CMake module files
[0.600s] Level 1:colcon.colcon_core.environment:checking '/home/jordan/SDfR/assignment6/install/relbot_launch' for CMake config files
[0.601s] Level 1:colcon.colcon_core.shell:create_environment_hook('relbot_launch', 'cmake_prefix_path')
[0.601s] INFO:colcon.colcon_core.shell:Creating environment hook '/home/jordan/SDfR/assignment6/install/relbot_launch/share/relbot_launch/hook/cmake_prefix_path.ps1'
[0.602s] INFO:colcon.colcon_core.shell:Creating environment descriptor '/home/jordan/SDfR/assignment6/install/relbot_launch/share/relbot_launch/hook/cmake_prefix_path.dsv'
[0.605s] INFO:colcon.colcon_core.shell:Creating environment hook '/home/jordan/SDfR/assignment6/install/relbot_launch/share/relbot_launch/hook/cmake_prefix_path.sh'
[0.607s] Level 1:colcon.colcon_core.environment:checking '/home/jordan/SDfR/assignment6/install/relbot_launch/bin'
[0.607s] Level 1:colcon.colcon_core.environment:checking '/home/jordan/SDfR/assignment6/install/relbot_launch/lib/pkgconfig/relbot_launch.pc'
[0.607s] Level 1:colcon.colcon_core.environment:checking '/home/jordan/SDfR/assignment6/install/relbot_launch/lib/python3.10/site-packages'
[0.608s] Level 1:colcon.colcon_core.environment:checking '/home/jordan/SDfR/assignment6/install/relbot_launch/bin'
[0.608s] INFO:colcon.colcon_core.shell:Creating package script '/home/jordan/SDfR/assignment6/install/relbot_launch/share/relbot_launch/package.ps1'
[0.609s] INFO:colcon.colcon_core.shell:Creating package descriptor '/home/jordan/SDfR/assignment6/install/relbot_launch/share/relbot_launch/package.dsv'
[0.609s] INFO:colcon.colcon_core.shell:Creating package script '/home/jordan/SDfR/assignment6/install/relbot_launch/share/relbot_launch/package.sh'
[0.610s] INFO:colcon.colcon_core.shell:Creating package script '/home/jordan/SDfR/assignment6/install/relbot_launch/share/relbot_launch/package.bash'
[0.610s] INFO:colcon.colcon_core.shell:Creating package script '/home/jordan/SDfR/assignment6/install/relbot_launch/share/relbot_launch/package.zsh'
[0.611s] Level 1:colcon.colcon_core.environment:create_file_with_runtime_dependencies(/home/jordan/SDfR/assignment6/install/relbot_launch/share/colcon-core/packages/relbot_launch)
[0.612s] Level 1:colcon.colcon_core.environment:create_environment_scripts_only(relbot_launch)
[0.612s] Level 1:colcon.colcon_core.environment:checking '/home/jordan/SDfR/assignment6/install/relbot_launch' for CMake module files
[0.612s] Level 1:colcon.colcon_core.environment:checking '/home/jordan/SDfR/assignment6/install/relbot_launch' for CMake config files
[0.612s] Level 1:colcon.colcon_core.shell:create_environment_hook('relbot_launch', 'cmake_prefix_path')
[0.613s] INFO:colcon.colcon_core.shell:Creating environment hook '/home/jordan/SDfR/assignment6/install/relbot_launch/share/relbot_launch/hook/cmake_prefix_path.ps1'
[0.613s] INFO:colcon.colcon_core.shell:Creating environment descriptor '/home/jordan/SDfR/assignment6/install/relbot_launch/share/relbot_launch/hook/cmake_prefix_path.dsv'
[0.613s] INFO:colcon.colcon_core.shell:Creating environment hook '/home/jordan/SDfR/assignment6/install/relbot_launch/share/relbot_launch/hook/cmake_prefix_path.sh'
[0.614s] Level 1:colcon.colcon_core.environment:checking '/home/jordan/SDfR/assignment6/install/relbot_launch/bin'
[0.614s] Level 1:colcon.colcon_core.environment:checking '/home/jordan/SDfR/assignment6/install/relbot_launch/lib/pkgconfig/relbot_launch.pc'
[0.614s] Level 1:colcon.colcon_core.environment:checking '/home/jordan/SDfR/assignment6/install/relbot_launch/lib/python3.10/site-packages'
[0.615s] Level 1:colcon.colcon_core.environment:checking '/home/jordan/SDfR/assignment6/install/relbot_launch/bin'
[0.615s] INFO:colcon.colcon_core.shell:Creating package script '/home/jordan/SDfR/assignment6/install/relbot_launch/share/relbot_launch/package.ps1'
[0.615s] INFO:colcon.colcon_core.shell:Creating package descriptor '/home/jordan/SDfR/assignment6/install/relbot_launch/share/relbot_launch/package.dsv'
[0.616s] INFO:colcon.colcon_core.shell:Creating package script '/home/jordan/SDfR/assignment6/install/relbot_launch/share/relbot_launch/package.sh'
[0.616s] INFO:colcon.colcon_core.shell:Creating package script '/home/jordan/SDfR/assignment6/install/relbot_launch/share/relbot_launch/package.bash'
[0.616s] INFO:colcon.colcon_core.shell:Creating package script '/home/jordan/SDfR/assignment6/install/relbot_launch/share/relbot_launch/package.zsh'
[0.617s] Level 1:colcon.colcon_core.environment:create_file_with_runtime_dependencies(/home/jordan/SDfR/assignment6/install/relbot_launch/share/colcon-core/packages/relbot_launch)
[0.619s] DEBUG:colcon.colcon_core.event_handler.log_command:Invoked command in '/home/jordan/SDfR/assignment6/build/image_functions_sdfr' returned '0': CMAKE_PREFIX_PATH=/opt/ros/humble /usr/bin/cmake --build /home/jordan/SDfR/assignment6/build/image_functions_sdfr -- -j16 -l16
[0.621s] DEBUG:colcon.colcon_core.event_handler.log_command:Invoking command in '/home/jordan/SDfR/assignment6/build/image_functions_sdfr': CMAKE_PREFIX_PATH=/opt/ros/humble /usr/bin/cmake --install /home/jordan/SDfR/assignment6/build/image_functions_sdfr
[0.622s] DEBUG:colcon.colcon_core.event_handler.log_command:Invoked command in '/home/jordan/SDfR/assignment6/build/relbot2turtlesim' returned '0': CMAKE_PREFIX_PATH=/opt/ros/humble /usr/bin/cmake --build /home/jordan/SDfR/assignment6/build/relbot2turtlesim -- -j16 -l16
[0.624s] DEBUG:colcon.colcon_core.event_handler.log_command:Invoking command in '/home/jordan/SDfR/assignment6/build/relbot2turtlesim': CMAKE_PREFIX_PATH=/opt/ros/humble /usr/bin/cmake --install /home/jordan/SDfR/assignment6/build/relbot2turtlesim
[0.627s] DEBUG:colcon.colcon_core.event_handler.log_command:Invoked command in '/home/jordan/SDfR/assignment6/build/cam2image_vm2ros' returned '0': CMAKE_PREFIX_PATH=/opt/ros/humble /usr/bin/cmake --build /home/jordan/SDfR/assignment6/build/cam2image_vm2ros -- -j16 -l16
[0.628s] Level 1:colcon.colcon_core.environment:create_environment_scripts_only(green_object_detector)
[0.629s] DEBUG:colcon.colcon_core.event_handler.log_command:Invoking command in '/home/jordan/SDfR/assignment6/build/cam2image_vm2ros': CMAKE_PREFIX_PATH=/opt/ros/humble /usr/bin/cmake --install /home/jordan/SDfR/assignment6/build/cam2image_vm2ros
[0.629s] Level 1:colcon.colcon_core.environment:checking '/home/jordan/SDfR/assignment6/install/green_object_detector' for CMake module files
[0.630s] DEBUG:colcon.colcon_core.event_handler.log_command:Invoked command in '/home/jordan/SDfR/assignment6/build/green_object_detector' returned '0': CMAKE_PREFIX_PATH=/opt/ros/humble /usr/bin/cmake --install /home/jordan/SDfR/assignment6/build/green_object_detector
[0.634s] Level 1:colcon.colcon_core.environment:checking '/home/jordan/SDfR/assignment6/install/green_object_detector' for CMake config files
[0.639s] Level 1:colcon.colcon_core.shell:create_environment_hook('green_object_detector', 'cmake_prefix_path')
[0.639s] INFO:colcon.colcon_core.shell:Creating environment hook '/home/jordan/SDfR/assignment6/install/green_object_detector/share/green_object_detector/hook/cmake_prefix_path.ps1'
[0.640s] INFO:colcon.colcon_core.shell:Creating environment descriptor '/home/jordan/SDfR/assignment6/install/green_object_detector/share/green_object_detector/hook/cmake_prefix_path.dsv'
[0.640s] INFO:colcon.colcon_core.shell:Creating environment hook '/home/jordan/SDfR/assignment6/install/green_object_detector/share/green_object_detector/hook/cmake_prefix_path.sh'
[0.640s] Level 1:colcon.colcon_core.environment:checking '/home/jordan/SDfR/assignment6/install/green_object_detector/lib'
[0.641s] Level 1:colcon.colcon_core.environment:checking '/home/jordan/SDfR/assignment6/install/green_object_detector/bin'
[0.641s] Level 1:colcon.colcon_core.environment:checking '/home/jordan/SDfR/assignment6/install/green_object_detector/lib/pkgconfig/green_object_detector.pc'
[0.641s] Level 1:colcon.colcon_core.environment:checking '/home/jordan/SDfR/assignment6/install/green_object_detector/lib/python3.10/site-packages'
[0.641s] Level 1:colcon.colcon_core.environment:checking '/home/jordan/SDfR/assignment6/install/green_object_detector/bin'
[0.641s] INFO:colcon.colcon_core.shell:Creating package script '/home/jordan/SDfR/assignment6/install/green_object_detector/share/green_object_detector/package.ps1'
[0.642s] INFO:colcon.colcon_core.shell:Creating package descriptor '/home/jordan/SDfR/assignment6/install/green_object_detector/share/green_object_detector/package.dsv'
[0.642s] INFO:colcon.colcon_core.shell:Creating package script '/home/jordan/SDfR/assignment6/install/green_object_detector/share/green_object_detector/package.sh'
[0.643s] INFO:colcon.colcon_core.shell:Creating package script '/home/jordan/SDfR/assignment6/install/green_object_detector/share/green_object_detector/package.bash'
[0.643s] INFO:colcon.colcon_core.shell:Creating package script '/home/jordan/SDfR/assignment6/install/green_object_detector/share/green_object_detector/package.zsh'
[0.644s] Level 1:colcon.colcon_core.environment:create_file_with_runtime_dependencies(/home/jordan/SDfR/assignment6/install/green_object_detector/share/colcon-core/packages/green_object_detector)
[0.644s] Level 1:colcon.colcon_core.environment:create_environment_scripts_only(green_object_detector)
[0.644s] Level 1:colcon.colcon_core.environment:checking '/home/jordan/SDfR/assignment6/install/green_object_detector' for CMake module files
[0.645s] Level 1:colcon.colcon_core.environment:checking '/home/jordan/SDfR/assignment6/install/green_object_detector' for CMake config files
[0.645s] Level 1:colcon.colcon_core.shell:create_environment_hook('green_object_detector', 'cmake_prefix_path')
[0.645s] INFO:colcon.colcon_core.shell:Creating environment hook '/home/jordan/SDfR/assignment6/install/green_object_detector/share/green_object_detector/hook/cmake_prefix_path.ps1'
[0.646s] INFO:colcon.colcon_core.shell:Creating environment descriptor '/home/jordan/SDfR/assignment6/install/green_object_detector/share/green_object_detector/hook/cmake_prefix_path.dsv'
[0.646s] INFO:colcon.colcon_core.shell:Creating environment hook '/home/jordan/SDfR/assignment6/install/green_object_detector/share/green_object_detector/hook/cmake_prefix_path.sh'
[0.647s] Level 1:colcon.colcon_core.environment:checking '/home/jordan/SDfR/assignment6/install/green_object_detector/lib'
[0.647s] Level 1:colcon.colcon_core.environment:checking '/home/jordan/SDfR/assignment6/install/green_object_detector/bin'
[0.647s] Level 1:colcon.colcon_core.environment:checking '/home/jordan/SDfR/assignment6/install/green_object_detector/lib/pkgconfig/green_object_detector.pc'
[0.647s] Level 1:colcon.colcon_core.environment:checking '/home/jordan/SDfR/assignment6/install/green_object_detector/lib/python3.10/site-packages'
[0.648s] Level 1:colcon.colcon_core.environment:checking '/home/jordan/SDfR/assignment6/install/green_object_detector/bin'
[0.648s] INFO:colcon.colcon_core.shell:Creating package script '/home/jordan/SDfR/assignment6/install/green_object_detector/share/green_object_detector/package.ps1'
[0.649s] INFO:colcon.colcon_core.shell:Creating package descriptor '/home/jordan/SDfR/assignment6/install/green_object_detector/share/green_object_detector/package.dsv'
[0.649s] INFO:colcon.colcon_core.shell:Creating package script '/home/jordan/SDfR/assignment6/install/green_object_detector/share/green_object_detector/package.sh'
[0.649s] INFO:colcon.colcon_core.shell:Creating package script '/home/jordan/SDfR/assignment6/install/green_object_detector/share/green_object_detector/package.bash'
[0.650s] INFO:colcon.colcon_core.shell:Creating package script '/home/jordan/SDfR/assignment6/install/green_object_detector/share/green_object_detector/package.zsh'
[0.650s] Level 1:colcon.colcon_core.environment:create_file_with_runtime_dependencies(/home/jordan/SDfR/assignment6/install/green_object_detector/share/colcon-core/packages/green_object_detector)
[0.653s] DEBUG:colcon.colcon_core.event_handler.log_command:Invoked command in '/home/jordan/SDfR/assignment6/build/relbot_simulator' returned '0': CMAKE_PREFIX_PATH=/opt/ros/humble /usr/bin/cmake --build /home/jordan/SDfR/assignment6/build/relbot_simulator -- -j16 -l16
[0.656s] Level 1:colcon.colcon_core.environment:create_environment_scripts_only(image_functions_sdfr)
[0.658s] Level 1:colcon.colcon_core.environment:checking '/home/jordan/SDfR/assignment6/install/image_functions_sdfr' for CMake module files
[0.661s] Level 1:colcon.colcon_core.environment:checking '/home/jordan/SDfR/assignment6/install/image_functions_sdfr' for CMake config files
[0.664s] DEBUG:colcon.colcon_core.event_handler.log_command:Invoking command in '/home/jordan/SDfR/assignment6/build/relbot_simulator': CMAKE_PREFIX_PATH=/opt/ros/humble /usr/bin/cmake --install /home/jordan/SDfR/assignment6/build/relbot_simulator
[0.665s] DEBUG:colcon.colcon_core.event_handler.log_command:Invoked command in '/home/jordan/SDfR/assignment6/build/image_functions_sdfr' returned '0': CMAKE_PREFIX_PATH=/opt/ros/humble /usr/bin/cmake --install /home/jordan/SDfR/assignment6/build/image_functions_sdfr
[0.670s] Level 1:colcon.colcon_core.shell:create_environment_hook('image_functions_sdfr', 'cmake_prefix_path')
[0.670s] INFO:colcon.colcon_core.shell:Creating environment hook '/home/jordan/SDfR/assignment6/install/image_functions_sdfr/share/image_functions_sdfr/hook/cmake_prefix_path.ps1'
[0.671s] INFO:colcon.colcon_core.shell:Creating environment descriptor '/home/jordan/SDfR/assignment6/install/image_functions_sdfr/share/image_functions_sdfr/hook/cmake_prefix_path.dsv'
[0.671s] INFO:colcon.colcon_core.shell:Creating environment hook '/home/jordan/SDfR/assignment6/install/image_functions_sdfr/share/image_functions_sdfr/hook/cmake_prefix_path.sh'
[0.672s] Level 1:colcon.colcon_core.environment:checking '/home/jordan/SDfR/assignment6/install/image_functions_sdfr/lib'
[0.672s] Level 1:colcon.colcon_core.shell:create_environment_hook('image_functions_sdfr', 'ld_library_path_lib')
[0.672s] INFO:colcon.colcon_core.shell:Creating environment hook '/home/jordan/SDfR/assignment6/install/image_functions_sdfr/share/image_functions_sdfr/hook/ld_library_path_lib.ps1'
[0.672s] INFO:colcon.colcon_core.shell:Creating environment descriptor '/home/jordan/SDfR/assignment6/install/image_functions_sdfr/share/image_functions_sdfr/hook/ld_library_path_lib.dsv'
[0.673s] INFO:colcon.colcon_core.shell:Creating environment hook '/home/jordan/SDfR/assignment6/install/image_functions_sdfr/share/image_functions_sdfr/hook/ld_library_path_lib.sh'
[0.673s] Level 1:colcon.colcon_core.environment:checking '/home/jordan/SDfR/assignment6/install/image_functions_sdfr/bin'
[0.673s] Level 1:colcon.colcon_core.environment:checking '/home/jordan/SDfR/assignment6/install/image_functions_sdfr/lib/pkgconfig/image_functions_sdfr.pc'
[0.673s] Level 1:colcon.colcon_core.environment:checking '/home/jordan/SDfR/assignment6/install/image_functions_sdfr/lib/python3.10/site-packages'
[0.674s] Level 1:colcon.colcon_core.environment:checking '/home/jordan/SDfR/assignment6/install/image_functions_sdfr/bin'
[0.674s] INFO:colcon.colcon_core.shell:Creating package script '/home/jordan/SDfR/assignment6/install/image_functions_sdfr/share/image_functions_sdfr/package.ps1'
[0.675s] INFO:colcon.colcon_core.shell:Creating package descriptor '/home/jordan/SDfR/assignment6/install/image_functions_sdfr/share/image_functions_sdfr/package.dsv'
[0.675s] INFO:colcon.colcon_core.shell:Creating package script '/home/jordan/SDfR/assignment6/install/image_functions_sdfr/share/image_functions_sdfr/package.sh'
[0.676s] INFO:colcon.colcon_core.shell:Creating package script '/home/jordan/SDfR/assignment6/install/image_functions_sdfr/share/image_functions_sdfr/package.bash'
[0.676s] INFO:colcon.colcon_core.shell:Creating package script '/home/jordan/SDfR/assignment6/install/image_functions_sdfr/share/image_functions_sdfr/package.zsh'
[0.677s] Level 1:colcon.colcon_core.environment:create_file_with_runtime_dependencies(/home/jordan/SDfR/assignment6/install/image_functions_sdfr/share/colcon-core/packages/image_functions_sdfr)
[0.677s] Level 1:colcon.colcon_core.environment:create_environment_scripts_only(image_functions_sdfr)
[0.677s] Level 1:colcon.colcon_core.environment:checking '/home/jordan/SDfR/assignment6/install/image_functions_sdfr' for CMake module files
[0.678s] Level 1:colcon.colcon_core.environment:checking '/home/jordan/SDfR/assignment6/install/image_functions_sdfr' for CMake config files
[0.678s] Level 1:colcon.colcon_core.shell:create_environment_hook('image_functions_sdfr', 'cmake_prefix_path')
[0.678s] INFO:colcon.colcon_core.shell:Creating environment hook '/home/jordan/SDfR/assignment6/install/image_functions_sdfr/share/image_functions_sdfr/hook/cmake_prefix_path.ps1'
[0.679s] INFO:colcon.colcon_core.shell:Creating environment descriptor '/home/jordan/SDfR/assignment6/install/image_functions_sdfr/share/image_functions_sdfr/hook/cmake_prefix_path.dsv'
[0.679s] INFO:colcon.colcon_core.shell:Creating environment hook '/home/jordan/SDfR/assignment6/install/image_functions_sdfr/share/image_functions_sdfr/hook/cmake_prefix_path.sh'
[0.680s] Level 1:colcon.colcon_core.environment:checking '/home/jordan/SDfR/assignment6/install/image_functions_sdfr/lib'
[0.680s] Level 1:colcon.colcon_core.shell:create_environment_hook('image_functions_sdfr', 'ld_library_path_lib')
[0.680s] INFO:colcon.colcon_core.shell:Creating environment hook '/home/jordan/SDfR/assignment6/install/image_functions_sdfr/share/image_functions_sdfr/hook/ld_library_path_lib.ps1'
[0.681s] INFO:colcon.colcon_core.shell:Creating environment descriptor '/home/jordan/SDfR/assignment6/install/image_functions_sdfr/share/image_functions_sdfr/hook/ld_library_path_lib.dsv'
[0.681s] INFO:colcon.colcon_core.shell:Creating environment hook '/home/jordan/SDfR/assignment6/install/image_functions_sdfr/share/image_functions_sdfr/hook/ld_library_path_lib.sh'
[0.681s] Level 1:colcon.colcon_core.environment:checking '/home/jordan/SDfR/assignment6/install/image_functions_sdfr/bin'
[0.682s] Level 1:colcon.colcon_core.environment:checking '/home/jordan/SDfR/assignment6/install/image_functions_sdfr/lib/pkgconfig/image_functions_sdfr.pc'
[0.682s] Level 1:colcon.colcon_core.environment:checking '/home/jordan/SDfR/assignment6/install/image_functions_sdfr/lib/python3.10/site-packages'
[0.682s] Level 1:colcon.colcon_core.environment:checking '/home/jordan/SDfR/assignment6/install/image_functions_sdfr/bin'
[0.683s] INFO:colcon.colcon_core.shell:Creating package script '/home/jordan/SDfR/assignment6/install/image_functions_sdfr/share/image_functions_sdfr/package.ps1'
[0.684s] INFO:colcon.colcon_core.shell:Creating package descriptor '/home/jordan/SDfR/assignment6/install/image_functions_sdfr/share/image_functions_sdfr/package.dsv'
[0.684s] INFO:colcon.colcon_core.shell:Creating package script '/home/jordan/SDfR/assignment6/install/image_functions_sdfr/share/image_functions_sdfr/package.sh'
[0.685s] INFO:colcon.colcon_core.shell:Creating package script '/home/jordan/SDfR/assignment6/install/image_functions_sdfr/share/image_functions_sdfr/package.bash'
[0.685s] INFO:colcon.colcon_core.shell:Creating package script '/home/jordan/SDfR/assignment6/install/image_functions_sdfr/share/image_functions_sdfr/package.zsh'
[0.686s] Level 1:colcon.colcon_core.environment:create_file_with_runtime_dependencies(/home/jordan/SDfR/assignment6/install/image_functions_sdfr/share/colcon-core/packages/image_functions_sdfr)
[0.686s] Level 1:colcon.colcon_core.environment:create_environment_scripts_only(relbot2turtlesim)
[0.687s] Level 1:colcon.colcon_core.environment:checking '/home/jordan/SDfR/assignment6/install/relbot2turtlesim' for CMake module files
[0.688s] DEBUG:colcon.colcon_core.event_handler.log_command:Invoked command in '/home/jordan/SDfR/assignment6/build/relbot2turtlesim' returned '0': CMAKE_PREFIX_PATH=/opt/ros/humble /usr/bin/cmake --install /home/jordan/SDfR/assignment6/build/relbot2turtlesim
[0.688s] Level 1:colcon.colcon_core.environment:checking '/home/jordan/SDfR/assignment6/install/relbot2turtlesim' for CMake config files
[0.689s] Level 1:colcon.colcon_core.shell:create_environment_hook('relbot2turtlesim', 'cmake_prefix_path')
[0.689s] INFO:colcon.colcon_core.shell:Creating environment hook '/home/jordan/SDfR/assignment6/install/relbot2turtlesim/share/relbot2turtlesim/hook/cmake_prefix_path.ps1'
[0.689s] INFO:colcon.colcon_core.shell:Creating environment descriptor '/home/jordan/SDfR/assignment6/install/relbot2turtlesim/share/relbot2turtlesim/hook/cmake_prefix_path.dsv'
[0.690s] INFO:colcon.colcon_core.shell:Creating environment hook '/home/jordan/SDfR/assignment6/install/relbot2turtlesim/share/relbot2turtlesim/hook/cmake_prefix_path.sh'
[0.690s] Level 1:colcon.colcon_core.environment:checking '/home/jordan/SDfR/assignment6/install/relbot2turtlesim/lib'
[0.690s] Level 1:colcon.colcon_core.environment:checking '/home/jordan/SDfR/assignment6/install/relbot2turtlesim/bin'
[0.691s] Level 1:colcon.colcon_core.environment:checking '/home/jordan/SDfR/assignment6/install/relbot2turtlesim/lib/pkgconfig/relbot2turtlesim.pc'
[0.691s] Level 1:colcon.colcon_core.environment:checking '/home/jordan/SDfR/assignment6/install/relbot2turtlesim/lib/python3.10/site-packages'
[0.691s] Level 1:colcon.colcon_core.environment:checking '/home/jordan/SDfR/assignment6/install/relbot2turtlesim/bin'
[0.691s] INFO:colcon.colcon_core.shell:Creating package script '/home/jordan/SDfR/assignment6/install/relbot2turtlesim/share/relbot2turtlesim/package.ps1'
[0.692s] INFO:colcon.colcon_core.shell:Creating package descriptor '/home/jordan/SDfR/assignment6/install/relbot2turtlesim/share/relbot2turtlesim/package.dsv'
[0.692s] INFO:colcon.colcon_core.shell:Creating package script '/home/jordan/SDfR/assignment6/install/relbot2turtlesim/share/relbot2turtlesim/package.sh'
[0.693s] INFO:colcon.colcon_core.shell:Creating package script '/home/jordan/SDfR/assignment6/install/relbot2turtlesim/share/relbot2turtlesim/package.bash'
[0.693s] INFO:colcon.colcon_core.shell:Creating package script '/home/jordan/SDfR/assignment6/install/relbot2turtlesim/share/relbot2turtlesim/package.zsh'
[0.693s] Level 1:colcon.colcon_core.environment:create_file_with_runtime_dependencies(/home/jordan/SDfR/assignment6/install/relbot2turtlesim/share/colcon-core/packages/relbot2turtlesim)
[0.694s] Level 1:colcon.colcon_core.environment:create_environment_scripts_only(relbot2turtlesim)
[0.694s] Level 1:colcon.colcon_core.environment:checking '/home/jordan/SDfR/assignment6/install/relbot2turtlesim' for CMake module files
[0.695s] Level 1:colcon.colcon_core.environment:checking '/home/jordan/SDfR/assignment6/install/relbot2turtlesim' for CMake config files
[0.695s] Level 1:colcon.colcon_core.shell:create_environment_hook('relbot2turtlesim', 'cmake_prefix_path')
[0.695s] INFO:colcon.colcon_core.shell:Creating environment hook '/home/jordan/SDfR/assignment6/install/relbot2turtlesim/share/relbot2turtlesim/hook/cmake_prefix_path.ps1'
[0.695s] INFO:colcon.colcon_core.shell:Creating environment descriptor '/home/jordan/SDfR/assignment6/install/relbot2turtlesim/share/relbot2turtlesim/hook/cmake_prefix_path.dsv'
[0.696s] INFO:colcon.colcon_core.shell:Creating environment hook '/home/jordan/SDfR/assignment6/install/relbot2turtlesim/share/relbot2turtlesim/hook/cmake_prefix_path.sh'
[0.696s] Level 1:colcon.colcon_core.environment:checking '/home/jordan/SDfR/assignment6/install/relbot2turtlesim/lib'
[0.696s] Level 1:colcon.colcon_core.environment:checking '/home/jordan/SDfR/assignment6/install/relbot2turtlesim/bin'
[0.696s] Level 1:colcon.colcon_core.environment:checking '/home/jordan/SDfR/assignment6/install/relbot2turtlesim/lib/pkgconfig/relbot2turtlesim.pc'
[0.697s] Level 1:colcon.colcon_core.environment:checking '/home/jordan/SDfR/assignment6/install/relbot2turtlesim/lib/python3.10/site-packages'
[0.697s] Level 1:colcon.colcon_core.environment:checking '/home/jordan/SDfR/assignment6/install/relbot2turtlesim/bin'
[0.697s] INFO:colcon.colcon_core.shell:Creating package script '/home/jordan/SDfR/assignment6/install/relbot2turtlesim/share/relbot2turtlesim/package.ps1'
[0.698s] INFO:colcon.colcon_core.shell:Creating package descriptor '/home/jordan/SDfR/assignment6/install/relbot2turtlesim/share/relbot2turtlesim/package.dsv'
[0.698s] INFO:colcon.colcon_core.shell:Creating package script '/home/jordan/SDfR/assignment6/install/relbot2turtlesim/share/relbot2turtlesim/package.sh'
[0.699s] INFO:colcon.colcon_core.shell:Creating package script '/home/jordan/SDfR/assignment6/install/relbot2turtlesim/share/relbot2turtlesim/package.bash'
[0.699s] INFO:colcon.colcon_core.shell:Creating package script '/home/jordan/SDfR/assignment6/install/relbot2turtlesim/share/relbot2turtlesim/package.zsh'
[0.700s] Level 1:colcon.colcon_core.environment:create_file_with_runtime_dependencies(/home/jordan/SDfR/assignment6/install/relbot2turtlesim/share/colcon-core/packages/relbot2turtlesim)
[0.700s] Level 1:colcon.colcon_core.environment:create_environment_scripts_only(cam2image_vm2ros)
[0.700s] Level 1:colcon.colcon_core.environment:checking '/home/jordan/SDfR/assignment6/install/cam2image_vm2ros' for CMake module files
[0.702s] DEBUG:colcon.colcon_core.event_handler.log_command:Invoked command in '/home/jordan/SDfR/assignment6/build/cam2image_vm2ros' returned '0': CMAKE_PREFIX_PATH=/opt/ros/humble /usr/bin/cmake --install /home/jordan/SDfR/assignment6/build/cam2image_vm2ros
[0.702s] Level 1:colcon.colcon_core.environment:checking '/home/jordan/SDfR/assignment6/install/cam2image_vm2ros' for CMake config files
[0.703s] Level 1:colcon.colcon_core.shell:create_environment_hook('cam2image_vm2ros', 'cmake_prefix_path')
[0.703s] INFO:colcon.colcon_core.shell:Creating environment hook '/home/jordan/SDfR/assignment6/install/cam2image_vm2ros/share/cam2image_vm2ros/hook/cmake_prefix_path.ps1'
[0.704s] INFO:colcon.colcon_core.shell:Creating environment descriptor '/home/jordan/SDfR/assignment6/install/cam2image_vm2ros/share/cam2image_vm2ros/hook/cmake_prefix_path.dsv'
[0.704s] INFO:colcon.colcon_core.shell:Creating environment hook '/home/jordan/SDfR/assignment6/install/cam2image_vm2ros/share/cam2image_vm2ros/hook/cmake_prefix_path.sh'
[0.705s] Level 1:colcon.colcon_core.environment:checking '/home/jordan/SDfR/assignment6/install/cam2image_vm2ros/lib'
[0.705s] Level 1:colcon.colcon_core.shell:create_environment_hook('cam2image_vm2ros', 'ld_library_path_lib')
[0.706s] INFO:colcon.colcon_core.shell:Creating environment hook '/home/jordan/SDfR/assignment6/install/cam2image_vm2ros/share/cam2image_vm2ros/hook/ld_library_path_lib.ps1'
[0.706s] INFO:colcon.colcon_core.shell:Creating environment descriptor '/home/jordan/SDfR/assignment6/install/cam2image_vm2ros/share/cam2image_vm2ros/hook/ld_library_path_lib.dsv'
[0.706s] INFO:colcon.colcon_core.shell:Creating environment hook '/home/jordan/SDfR/assignment6/install/cam2image_vm2ros/share/cam2image_vm2ros/hook/ld_library_path_lib.sh'
[0.707s] Level 1:colcon.colcon_core.environment:checking '/home/jordan/SDfR/assignment6/install/cam2image_vm2ros/bin'
[0.707s] Level 1:colcon.colcon_core.environment:checking '/home/jordan/SDfR/assignment6/install/cam2image_vm2ros/lib/pkgconfig/cam2image_vm2ros.pc'
[0.707s] Level 1:colcon.colcon_core.environment:checking '/home/jordan/SDfR/assignment6/install/cam2image_vm2ros/lib/python3.10/site-packages'
[0.707s] Level 1:colcon.colcon_core.environment:checking '/home/jordan/SDfR/assignment6/install/cam2image_vm2ros/bin'
[0.708s] INFO:colcon.colcon_core.shell:Creating package script '/home/jordan/SDfR/assignment6/install/cam2image_vm2ros/share/cam2image_vm2ros/package.ps1'
[0.708s] INFO:colcon.colcon_core.shell:Creating package descriptor '/home/jordan/SDfR/assignment6/install/cam2image_vm2ros/share/cam2image_vm2ros/package.dsv'
[0.709s] INFO:colcon.colcon_core.shell:Creating package script '/home/jordan/SDfR/assignment6/install/cam2image_vm2ros/share/cam2image_vm2ros/package.sh'
[0.709s] INFO:colcon.colcon_core.shell:Creating package script '/home/jordan/SDfR/assignment6/install/cam2image_vm2ros/share/cam2image_vm2ros/package.bash'
[0.710s] INFO:colcon.colcon_core.shell:Creating package script '/home/jordan/SDfR/assignment6/install/cam2image_vm2ros/share/cam2image_vm2ros/package.zsh'
[0.710s] Level 1:colcon.colcon_core.environment:create_file_with_runtime_dependencies(/home/jordan/SDfR/assignment6/install/cam2image_vm2ros/share/colcon-core/packages/cam2image_vm2ros)
[0.711s] Level 1:colcon.colcon_core.environment:create_environment_scripts_only(cam2image_vm2ros)
[0.711s] Level 1:colcon.colcon_core.environment:checking '/home/jordan/SDfR/assignment6/install/cam2image_vm2ros' for CMake module files
[0.712s] Level 1:colcon.colcon_core.environment:checking '/home/jordan/SDfR/assignment6/install/cam2image_vm2ros' for CMake config files
[0.712s] Level 1:colcon.colcon_core.shell:create_environment_hook('cam2image_vm2ros', 'cmake_prefix_path')
[0.712s] INFO:colcon.colcon_core.shell:Creating environment hook '/home/jordan/SDfR/assignment6/install/cam2image_vm2ros/share/cam2image_vm2ros/hook/cmake_prefix_path.ps1'
[0.713s] INFO:colcon.colcon_core.shell:Creating environment descriptor '/home/jordan/SDfR/assignment6/install/cam2image_vm2ros/share/cam2image_vm2ros/hook/cmake_prefix_path.dsv'
[0.713s] INFO:colcon.colcon_core.shell:Creating environment hook '/home/jordan/SDfR/assignment6/install/cam2image_vm2ros/share/cam2image_vm2ros/hook/cmake_prefix_path.sh'
[0.714s] Level 1:colcon.colcon_core.environment:checking '/home/jordan/SDfR/assignment6/install/cam2image_vm2ros/lib'
[0.714s] Level 1:colcon.colcon_core.shell:create_environment_hook('cam2image_vm2ros', 'ld_library_path_lib')
[0.714s] INFO:colcon.colcon_core.shell:Creating environment hook '/home/jordan/SDfR/assignment6/install/cam2image_vm2ros/share/cam2image_vm2ros/hook/ld_library_path_lib.ps1'
[0.715s] INFO:colcon.colcon_core.shell:Creating environment descriptor '/home/jordan/SDfR/assignment6/install/cam2image_vm2ros/share/cam2image_vm2ros/hook/ld_library_path_lib.dsv'
[0.715s] INFO:colcon.colcon_core.shell:Creating environment hook '/home/jordan/SDfR/assignment6/install/cam2image_vm2ros/share/cam2image_vm2ros/hook/ld_library_path_lib.sh'
[0.715s] Level 1:colcon.colcon_core.environment:checking '/home/jordan/SDfR/assignment6/install/cam2image_vm2ros/bin'
[0.716s] Level 1:colcon.colcon_core.environment:checking '/home/jordan/SDfR/assignment6/install/cam2image_vm2ros/lib/pkgconfig/cam2image_vm2ros.pc'
[0.716s] Level 1:colcon.colcon_core.environment:checking '/home/jordan/SDfR/assignment6/install/cam2image_vm2ros/lib/python3.10/site-packages'
[0.716s] Level 1:colcon.colcon_core.environment:checking '/home/jordan/SDfR/assignment6/install/cam2image_vm2ros/bin'
[0.717s] INFO:colcon.colcon_core.shell:Creating package script '/home/jordan/SDfR/assignment6/install/cam2image_vm2ros/share/cam2image_vm2ros/package.ps1'
[0.717s] INFO:colcon.colcon_core.shell:Creating package descriptor '/home/jordan/SDfR/assignment6/install/cam2image_vm2ros/share/cam2image_vm2ros/package.dsv'
[0.718s] INFO:colcon.colcon_core.shell:Creating package script '/home/jordan/SDfR/assignment6/install/cam2image_vm2ros/share/cam2image_vm2ros/package.sh'
[0.719s] INFO:colcon.colcon_core.shell:Creating package script '/home/jordan/SDfR/assignment6/install/cam2image_vm2ros/share/cam2image_vm2ros/package.bash'
[0.720s] INFO:colcon.colcon_core.shell:Creating package script '/home/jordan/SDfR/assignment6/install/cam2image_vm2ros/share/cam2image_vm2ros/package.zsh'
[0.720s] Level 1:colcon.colcon_core.environment:create_file_with_runtime_dependencies(/home/jordan/SDfR/assignment6/install/cam2image_vm2ros/share/colcon-core/packages/cam2image_vm2ros)
[0.722s] Level 1:colcon.colcon_core.environment:create_environment_scripts_only(relbot_simulator)
[0.723s] Level 1:colcon.colcon_core.environment:checking '/home/jordan/SDfR/assignment6/install/relbot_simulator' for CMake module files
[0.723s] DEBUG:colcon.colcon_core.event_handler.log_command:Invoked command in '/home/jordan/SDfR/assignment6/build/relbot_simulator' returned '0': CMAKE_PREFIX_PATH=/opt/ros/humble /usr/bin/cmake --install /home/jordan/SDfR/assignment6/build/relbot_simulator
[0.723s] Level 1:colcon.colcon_core.environment:checking '/home/jordan/SDfR/assignment6/install/relbot_simulator' for CMake config files
[0.724s] Level 1:colcon.colcon_core.shell:create_environment_hook('relbot_simulator', 'cmake_prefix_path')
[0.724s] INFO:colcon.colcon_core.shell:Creating environment hook '/home/jordan/SDfR/assignment6/install/relbot_simulator/share/relbot_simulator/hook/cmake_prefix_path.ps1'
[0.724s] INFO:colcon.colcon_core.shell:Creating environment descriptor '/home/jordan/SDfR/assignment6/install/relbot_simulator/share/relbot_simulator/hook/cmake_prefix_path.dsv'
[0.725s] INFO:colcon.colcon_core.shell:Creating environment hook '/home/jordan/SDfR/assignment6/install/relbot_simulator/share/relbot_simulator/hook/cmake_prefix_path.sh'
[0.725s] Level 1:colcon.colcon_core.environment:checking '/home/jordan/SDfR/assignment6/install/relbot_simulator/lib'
[0.725s] Level 1:colcon.colcon_core.environment:checking '/home/jordan/SDfR/assignment6/install/relbot_simulator/bin'
[0.726s] Level 1:colcon.colcon_core.environment:checking '/home/jordan/SDfR/assignment6/install/relbot_simulator/lib/pkgconfig/relbot_simulator.pc'
[0.726s] Level 1:colcon.colcon_core.environment:checking '/home/jordan/SDfR/assignment6/install/relbot_simulator/lib/python3.10/site-packages'
[0.726s] Level 1:colcon.colcon_core.environment:checking '/home/jordan/SDfR/assignment6/install/relbot_simulator/bin'
[0.726s] INFO:colcon.colcon_core.shell:Creating package script '/home/jordan/SDfR/assignment6/install/relbot_simulator/share/relbot_simulator/package.ps1'
[0.727s] INFO:colcon.colcon_core.shell:Creating package descriptor '/home/jordan/SDfR/assignment6/install/relbot_simulator/share/relbot_simulator/package.dsv'
[0.728s] INFO:colcon.colcon_core.shell:Creating package script '/home/jordan/SDfR/assignment6/install/relbot_simulator/share/relbot_simulator/package.sh'
[0.728s] INFO:colcon.colcon_core.shell:Creating package script '/home/jordan/SDfR/assignment6/install/relbot_simulator/share/relbot_simulator/package.bash'
[0.728s] INFO:colcon.colcon_core.shell:Creating package script '/home/jordan/SDfR/assignment6/install/relbot_simulator/share/relbot_simulator/package.zsh'
[0.729s] Level 1:colcon.colcon_core.environment:create_file_with_runtime_dependencies(/home/jordan/SDfR/assignment6/install/relbot_simulator/share/colcon-core/packages/relbot_simulator)
[0.729s] Level 1:colcon.colcon_core.environment:create_environment_scripts_only(relbot_simulator)
[0.730s] Level 1:colcon.colcon_core.environment:checking '/home/jordan/SDfR/assignment6/install/relbot_simulator' for CMake module files
[0.730s] Level 1:colcon.colcon_core.environment:checking '/home/jordan/SDfR/assignment6/install/relbot_simulator' for CMake config files
[0.730s] Level 1:colcon.colcon_core.shell:create_environment_hook('relbot_simulator', 'cmake_prefix_path')
[0.730s] INFO:colcon.colcon_core.shell:Creating environment hook '/home/jordan/SDfR/assignment6/install/relbot_simulator/share/relbot_simulator/hook/cmake_prefix_path.ps1'
[0.731s] INFO:colcon.colcon_core.shell:Creating environment descriptor '/home/jordan/SDfR/assignment6/install/relbot_simulator/share/relbot_simulator/hook/cmake_prefix_path.dsv'
[0.731s] INFO:colcon.colcon_core.shell:Creating environment hook '/home/jordan/SDfR/assignment6/install/relbot_simulator/share/relbot_simulator/hook/cmake_prefix_path.sh'
[0.732s] Level 1:colcon.colcon_core.environment:checking '/home/jordan/SDfR/assignment6/install/relbot_simulator/lib'
[0.732s] Level 1:colcon.colcon_core.environment:checking '/home/jordan/SDfR/assignment6/install/relbot_simulator/bin'
[0.732s] Level 1:colcon.colcon_core.environment:checking '/home/jordan/SDfR/assignment6/install/relbot_simulator/lib/pkgconfig/relbot_simulator.pc'
[0.732s] Level 1:colcon.colcon_core.environment:checking '/home/jordan/SDfR/assignment6/install/relbot_simulator/lib/python3.10/site-packages'
[0.733s] Level 1:colcon.colcon_core.environment:checking '/home/jordan/SDfR/assignment6/install/relbot_simulator/bin'
[0.733s] INFO:colcon.colcon_core.shell:Creating package script '/home/jordan/SDfR/assignment6/install/relbot_simulator/share/relbot_simulator/package.ps1'
[0.734s] INFO:colcon.colcon_core.shell:Creating package descriptor '/home/jordan/SDfR/assignment6/install/relbot_simulator/share/relbot_simulator/package.dsv'
[0.734s] INFO:colcon.colcon_core.shell:Creating package script '/home/jordan/SDfR/assignment6/install/relbot_simulator/share/relbot_simulator/package.sh'
[0.735s] INFO:colcon.colcon_core.shell:Creating package script '/home/jordan/SDfR/assignment6/install/relbot_simulator/share/relbot_simulator/package.bash'
[0.735s] INFO:colcon.colcon_core.shell:Creating package script '/home/jordan/SDfR/assignment6/install/relbot_simulator/share/relbot_simulator/package.zsh'
[0.736s] Level 1:colcon.colcon_core.environment:create_file_with_runtime_dependencies(/home/jordan/SDfR/assignment6/install/relbot_simulator/share/colcon-core/packages/relbot_simulator)
[12.024s] DEBUG:colcon.colcon_core.event_handler.log_command:Invoked command in '/home/jordan/SDfR/assignment6/build/relbot_sequence_controller' returned '0': CMAKE_PREFIX_PATH=/opt/ros/humble /usr/bin/cmake --build /home/jordan/SDfR/assignment6/build/relbot_sequence_controller -- -j16 -l16
[12.026s] DEBUG:colcon.colcon_core.event_handler.log_command:Invoking command in '/home/jordan/SDfR/assignment6/build/relbot_sequence_controller': CMAKE_PREFIX_PATH=/opt/ros/humble /usr/bin/cmake --install /home/jordan/SDfR/assignment6/build/relbot_sequence_controller
[12.054s] Level 1:colcon.colcon_core.environment:create_environment_scripts_only(relbot_sequence_controller)
[12.055s] Level 1:colcon.colcon_core.environment:checking '/home/jordan/SDfR/assignment6/install/relbot_sequence_controller' for CMake module files
[12.055s] DEBUG:colcon.colcon_core.event_handler.log_command:Invoked command in '/home/jordan/SDfR/assignment6/build/relbot_sequence_controller' returned '0': CMAKE_PREFIX_PATH=/opt/ros/humble /usr/bin/cmake --install /home/jordan/SDfR/assignment6/build/relbot_sequence_controller
[12.056s] Level 1:colcon.colcon_core.environment:checking '/home/jordan/SDfR/assignment6/install/relbot_sequence_controller' for CMake config files
[12.056s] Level 1:colcon.colcon_core.shell:create_environment_hook('relbot_sequence_controller', 'cmake_prefix_path')
[12.056s] INFO:colcon.colcon_core.shell:Creating environment hook '/home/jordan/SDfR/assignment6/install/relbot_sequence_controller/share/relbot_sequence_controller/hook/cmake_prefix_path.ps1'
[12.057s] INFO:colcon.colcon_core.shell:Creating environment descriptor '/home/jordan/SDfR/assignment6/install/relbot_sequence_controller/share/relbot_sequence_controller/hook/cmake_prefix_path.dsv'
[12.057s] INFO:colcon.colcon_core.shell:Creating environment hook '/home/jordan/SDfR/assignment6/install/relbot_sequence_controller/share/relbot_sequence_controller/hook/cmake_prefix_path.sh'
[12.058s] Level 1:colcon.colcon_core.environment:checking '/home/jordan/SDfR/assignment6/install/relbot_sequence_controller/lib'
[12.058s] Level 1:colcon.colcon_core.environment:checking '/home/jordan/SDfR/assignment6/install/relbot_sequence_controller/bin'
[12.058s] Level 1:colcon.colcon_core.environment:checking '/home/jordan/SDfR/assignment6/install/relbot_sequence_controller/lib/pkgconfig/relbot_sequence_controller.pc'
[12.058s] Level 1:colcon.colcon_core.environment:checking '/home/jordan/SDfR/assignment6/install/relbot_sequence_controller/lib/python3.10/site-packages'
[12.058s] Level 1:colcon.colcon_core.environment:checking '/home/jordan/SDfR/assignment6/install/relbot_sequence_controller/bin'
[12.059s] INFO:colcon.colcon_core.shell:Creating package script '/home/jordan/SDfR/assignment6/install/relbot_sequence_controller/share/relbot_sequence_controller/package.ps1'
[12.060s] INFO:colcon.colcon_core.shell:Creating package descriptor '/home/jordan/SDfR/assignment6/install/relbot_sequence_controller/share/relbot_sequence_controller/package.dsv'
[12.060s] INFO:colcon.colcon_core.shell:Creating package script '/home/jordan/SDfR/assignment6/install/relbot_sequence_controller/share/relbot_sequence_controller/package.sh'
[12.061s] INFO:colcon.colcon_core.shell:Creating package script '/home/jordan/SDfR/assignment6/install/relbot_sequence_controller/share/relbot_sequence_controller/package.bash'
[12.061s] INFO:colcon.colcon_core.shell:Creating package script '/home/jordan/SDfR/assignment6/install/relbot_sequence_controller/share/relbot_sequence_controller/package.zsh'
[12.062s] Level 1:colcon.colcon_core.environment:create_file_with_runtime_dependencies(/home/jordan/SDfR/assignment6/install/relbot_sequence_controller/share/colcon-core/packages/relbot_sequence_controller)
[12.063s] Level 1:colcon.colcon_core.environment:create_environment_scripts_only(relbot_sequence_controller)
[12.063s] Level 1:colcon.colcon_core.environment:checking '/home/jordan/SDfR/assignment6/install/relbot_sequence_controller' for CMake module files
[12.063s] Level 1:colcon.colcon_core.environment:checking '/home/jordan/SDfR/assignment6/install/relbot_sequence_controller' for CMake config files
[12.064s] Level 1:colcon.colcon_core.shell:create_environment_hook('relbot_sequence_controller', 'cmake_prefix_path')
[12.064s] INFO:colcon.colcon_core.shell:Creating environment hook '/home/jordan/SDfR/assignment6/install/relbot_sequence_controller/share/relbot_sequence_controller/hook/cmake_prefix_path.ps1'
[12.064s] INFO:colcon.colcon_core.shell:Creating environment descriptor '/home/jordan/SDfR/assignment6/install/relbot_sequence_controller/share/relbot_sequence_controller/hook/cmake_prefix_path.dsv'
[12.065s] INFO:colcon.colcon_core.shell:Creating environment hook '/home/jordan/SDfR/assignment6/install/relbot_sequence_controller/share/relbot_sequence_controller/hook/cmake_prefix_path.sh'
[12.065s] Level 1:colcon.colcon_core.environment:checking '/home/jordan/SDfR/assignment6/install/relbot_sequence_controller/lib'
[12.065s] Level 1:colcon.colcon_core.environment:checking '/home/jordan/SDfR/assignment6/install/relbot_sequence_controller/bin'
[12.066s] Level 1:colcon.colcon_core.environment:checking '/home/jordan/SDfR/assignment6/install/relbot_sequence_controller/lib/pkgconfig/relbot_sequence_controller.pc'
[12.066s] Level 1:colcon.colcon_core.environment:checking '/home/jordan/SDfR/assignment6/install/relbot_sequence_controller/lib/python3.10/site-packages'
[12.066s] Level 1:colcon.colcon_core.environment:checking '/home/jordan/SDfR/assignment6/install/relbot_sequence_controller/bin'
[12.066s] INFO:colcon.colcon_core.shell:Creating package script '/home/jordan/SDfR/assignment6/install/relbot_sequence_controller/share/relbot_sequence_controller/package.ps1'
[12.067s] INFO:colcon.colcon_core.shell:Creating package descriptor '/home/jordan/SDfR/assignment6/install/relbot_sequence_controller/share/relbot_sequence_controller/package.dsv'
[12.067s] INFO:colcon.colcon_core.shell:Creating package script '/home/jordan/SDfR/assignment6/install/relbot_sequence_controller/share/relbot_sequence_controller/package.sh'
[12.068s] INFO:colcon.colcon_core.shell:Creating package script '/home/jordan/SDfR/assignment6/install/relbot_sequence_controller/share/relbot_sequence_controller/package.bash'
[12.068s] INFO:colcon.colcon_core.shell:Creating package script '/home/jordan/SDfR/assignment6/install/relbot_sequence_controller/share/relbot_sequence_controller/package.zsh'
[12.069s] Level 1:colcon.colcon_core.environment:create_file_with_runtime_dependencies(/home/jordan/SDfR/assignment6/install/relbot_sequence_controller/share/colcon-core/packages/relbot_sequence_controller)
[12.069s] DEBUG:colcon.colcon_parallel_executor.executor.parallel:closing loop
[12.070s] DEBUG:colcon.colcon_parallel_executor.executor.parallel:loop closed
[12.070s] DEBUG:colcon.colcon_parallel_executor.executor.parallel:run_until_complete finished with '0'
[12.070s] DEBUG:colcon.colcon_core.event_reactor:joining thread
[12.077s] INFO:colcon.colcon_core.plugin_system:Skipping extension 'colcon_notification.desktop_notification.terminal_notifier': Not used on non-Darwin systems
[12.077s] INFO:colcon.colcon_core.plugin_system:Skipping extension 'colcon_notification.desktop_notification.win32': Not used on non-Windows systems
[12.078s] INFO:colcon.colcon_notification.desktop_notification:Sending desktop notification using 'notify2'
[12.078s] DEBUG:colcon.colcon_notification.desktop_notification.notify2:Failed to initialize notify2: org.freedesktop.DBus.Error.FileNotFound: Failed to connect to socket /run/user/1000/bus: No such file or directory
[12.078s] DEBUG:colcon.colcon_core.event_reactor:joined thread
[12.078s] INFO:colcon.colcon_core.shell:Creating prefix script '/home/jordan/SDfR/assignment6/install/local_setup.ps1'
[12.079s] INFO:colcon.colcon_core.shell:Creating prefix util module '/home/jordan/SDfR/assignment6/install/_local_setup_util_ps1.py'
[12.081s] INFO:colcon.colcon_core.shell:Creating prefix chain script '/home/jordan/SDfR/assignment6/install/setup.ps1'
[12.082s] INFO:colcon.colcon_core.shell:Creating prefix script '/home/jordan/SDfR/assignment6/install/local_setup.sh'
[12.083s] INFO:colcon.colcon_core.shell:Creating prefix util module '/home/jordan/SDfR/assignment6/install/_local_setup_util_sh.py'
[12.083s] INFO:colcon.colcon_core.shell:Creating prefix chain script '/home/jordan/SDfR/assignment6/install/setup.sh'
[12.084s] INFO:colcon.colcon_core.shell:Creating prefix script '/home/jordan/SDfR/assignment6/install/local_setup.bash'
[12.085s] INFO:colcon.colcon_core.shell:Creating prefix chain script '/home/jordan/SDfR/assignment6/install/setup.bash'
[12.085s] INFO:colcon.colcon_core.shell:Creating prefix script '/home/jordan/SDfR/assignment6/install/local_setup.zsh'
[12.086s] INFO:colcon.colcon_core.shell:Creating prefix chain script '/home/jordan/SDfR/assignment6/install/setup.zsh'
