[0.035s] Invoking command in '/home/jordan/git_repos/SDfR/assignment6/build/relbot_msgs': CMAKE_PREFIX_PATH=${CMAKE_PREFIX_PATH}:/opt/ros/jazzy DEBUGINFOD_URLS=https://debuginfod.ubuntu.com /usr/bin/cmake --build /home/jordan/git_repos/SDfR/assignment6/build/relbot_msgs -- -j16 -l16
[0.099s] [  2%] Built target relbot_msgs__rosidl_generator_type_description
[0.099s] [  4%] Built target relbot_msgs__rs
[0.114s] [  4%] Built target ament_cmake_python_copy_relbot_msgs
[0.126s] [  6%] Built target relbot_msgs__cpp
[0.129s] [ 24%] Built target relbot_msgs__rosidl_generator_c
[0.168s] [ 33%] Built target relbot_msgs__rosidl_typesupport_fastrtps_cpp
[0.169s] [ 42%] Built target relbot_msgs__rosidl_typesupport_cpp
[0.176s] [ 66%] Built target relbot_msgs__rosidl_typesupport_introspection_c
[0.176s] [ 68%] Built target relbot_msgs__rosidl_typesupport_c
[0.187s] [ 66%] Built target relbot_msgs__rosidl_typesupport_introspection_cpp
[0.188s] [ 77%] Built target relbot_msgs__rosidl_typesupport_fastrtps_c
[0.215s] [ 77%] Built target relbot_msgs
[0.228s] [ 80%] Built target relbot_msgs__py
[0.259s] [ 86%] Built target relbot_msgs__rosidl_generator_py
[0.288s] [ 91%] Built target relbot_msgs_s__rosidl_typesupport_fastrtps_c
[0.289s] [ 95%] Built target relbot_msgs_s__rosidl_typesupport_c
[0.290s] [100%] Built target relbot_msgs_s__rosidl_typesupport_introspection_c
[0.382s] running egg_info
[0.403s] writing relbot_msgs.egg-info/PKG-INFO
[0.404s] writing dependency_links to relbot_msgs.egg-info/dependency_links.txt
[0.404s] writing top-level names to relbot_msgs.egg-info/top_level.txt
[0.462s] reading manifest file 'relbot_msgs.egg-info/SOURCES.txt'
[0.463s] writing manifest file 'relbot_msgs.egg-info/SOURCES.txt'
[0.500s] [100%] Built target ament_cmake_python_build_relbot_msgs_egg
[0.515s] Invoked command in '/home/jordan/git_repos/SDfR/assignment6/build/relbot_msgs' returned '0': CMAKE_PREFIX_PATH=${CMAKE_PREFIX_PATH}:/opt/ros/jazzy DEBUGINFOD_URLS=https://debuginfod.ubuntu.com /usr/bin/cmake --build /home/jordan/git_repos/SDfR/assignment6/build/relbot_msgs -- -j16 -l16
[0.516s] Invoking command in '/home/jordan/git_repos/SDfR/assignment6/build/relbot_msgs': CMAKE_PREFIX_PATH=${CMAKE_PREFIX_PATH}:/opt/ros/jazzy DEBUGINFOD_URLS=https://debuginfod.ubuntu.com /usr/bin/cmake --install /home/jordan/git_repos/SDfR/assignment6/build/relbot_msgs
[0.528s] -- Install configuration: ""
[0.528s] -- Up-to-date: /home/jordan/git_repos/SDfR/assignment6/install/relbot_msgs/share/ament_index/resource_index/rosidl_interfaces/relbot_msgs
[0.529s] -- Up-to-date: /home/jordan/git_repos/SDfR/assignment6/install/relbot_msgs/share/relbot_msgs/msg/RelbotMotors.json
[0.529s] -- Up-to-date: /home/jordan/git_repos/SDfR/assignment6/install/relbot_msgs/share/relbot_msgs/msg/RelbotMotorsStamped.json
[0.529s] -- Up-to-date: /home/jordan/git_repos/SDfR/assignment6/install/relbot_msgs/include/relbot_msgs/relbot_msgs
[0.529s] -- Up-to-date: /home/jordan/git_repos/SDfR/assignment6/install/relbot_msgs/include/relbot_msgs/relbot_msgs/msg
[0.530s] -- Up-to-date: /home/jordan/git_repos/SDfR/assignment6/install/relbot_msgs/include/relbot_msgs/relbot_msgs/msg/relbot_motors.h
[0.530s] -- Up-to-date: /home/jordan/git_repos/SDfR/assignment6/install/relbot_msgs/include/relbot_msgs/relbot_msgs/msg/relbot_motors_stamped.h
[0.530s] -- Up-to-date: /home/jordan/git_repos/SDfR/assignment6/install/relbot_msgs/include/relbot_msgs/relbot_msgs/msg/rosidl_generator_c__visibility_control.h
[0.531s] -- Up-to-date: /home/jordan/git_repos/SDfR/assignment6/install/relbot_msgs/include/relbot_msgs/relbot_msgs/msg/detail
[0.531s] -- Up-to-date: /home/jordan/git_repos/SDfR/assignment6/install/relbot_msgs/include/relbot_msgs/relbot_msgs/msg/detail/relbot_motors_stamped__functions.h
[0.531s] -- Up-to-date: /home/jordan/git_repos/SDfR/assignment6/install/relbot_msgs/include/relbot_msgs/relbot_msgs/msg/detail/relbot_motors__description.c
[0.532s] -- Up-to-date: /home/jordan/git_repos/SDfR/assignment6/install/relbot_msgs/include/relbot_msgs/relbot_msgs/msg/detail/relbot_motors__type_support.c
[0.532s] -- Up-to-date: /home/jordan/git_repos/SDfR/assignment6/install/relbot_msgs/include/relbot_msgs/relbot_msgs/msg/detail/relbot_motors_stamped__struct.h
[0.532s] -- Up-to-date: /home/jordan/git_repos/SDfR/assignment6/install/relbot_msgs/include/relbot_msgs/relbot_msgs/msg/detail/relbot_motors_stamped__functions.c
[0.532s] -- Up-to-date: /home/jordan/git_repos/SDfR/assignment6/install/relbot_msgs/include/relbot_msgs/relbot_msgs/msg/detail/relbot_motors_stamped__description.c
[0.532s] -- Up-to-date: /home/jordan/git_repos/SDfR/assignment6/install/relbot_msgs/include/relbot_msgs/relbot_msgs/msg/detail/relbot_motors__functions.h
[0.532s] -- Up-to-date: /home/jordan/git_repos/SDfR/assignment6/install/relbot_msgs/include/relbot_msgs/relbot_msgs/msg/detail/relbot_motors__functions.c
[0.533s] -- Up-to-date: /home/jordan/git_repos/SDfR/assignment6/install/relbot_msgs/include/relbot_msgs/relbot_msgs/msg/detail/relbot_motors_stamped__type_support.h
[0.533s] -- Up-to-date: /home/jordan/git_repos/SDfR/assignment6/install/relbot_msgs/include/relbot_msgs/relbot_msgs/msg/detail/relbot_motors__struct.h
[0.533s] -- Up-to-date: /home/jordan/git_repos/SDfR/assignment6/install/relbot_msgs/include/relbot_msgs/relbot_msgs/msg/detail/relbot_motors_stamped__type_support.c
[0.533s] -- Up-to-date: /home/jordan/git_repos/SDfR/assignment6/install/relbot_msgs/include/relbot_msgs/relbot_msgs/msg/detail/relbot_motors__type_support.h
[0.533s] -- Up-to-date: /home/jordan/git_repos/SDfR/assignment6/install/relbot_msgs/share/relbot_msgs/environment/library_path.sh
[0.533s] -- Up-to-date: /home/jordan/git_repos/SDfR/assignment6/install/relbot_msgs/share/relbot_msgs/environment/library_path.dsv
[0.534s] -- Up-to-date: /home/jordan/git_repos/SDfR/assignment6/install/relbot_msgs/lib/librelbot_msgs__rosidl_generator_c.so
[0.535s] -- Up-to-date: /home/jordan/git_repos/SDfR/assignment6/install/relbot_msgs/include/relbot_msgs/relbot_msgs
[0.535s] -- Up-to-date: /home/jordan/git_repos/SDfR/assignment6/install/relbot_msgs/include/relbot_msgs/relbot_msgs/msg
[0.535s] -- Up-to-date: /home/jordan/git_repos/SDfR/assignment6/install/relbot_msgs/include/relbot_msgs/relbot_msgs/msg/rosidl_typesupport_fastrtps_c__visibility_control.h
[0.535s] -- Up-to-date: /home/jordan/git_repos/SDfR/assignment6/install/relbot_msgs/include/relbot_msgs/relbot_msgs/msg/detail
[0.535s] -- Up-to-date: /home/jordan/git_repos/SDfR/assignment6/install/relbot_msgs/include/relbot_msgs/relbot_msgs/msg/detail/relbot_motors__rosidl_typesupport_fastrtps_c.h
[0.535s] -- Up-to-date: /home/jordan/git_repos/SDfR/assignment6/install/relbot_msgs/include/relbot_msgs/relbot_msgs/msg/detail/relbot_motors_stamped__rosidl_typesupport_fastrtps_c.h
[0.535s] -- Up-to-date: /home/jordan/git_repos/SDfR/assignment6/install/relbot_msgs/lib/librelbot_msgs__rosidl_typesupport_fastrtps_c.so
[0.535s] -- Up-to-date: /home/jordan/git_repos/SDfR/assignment6/install/relbot_msgs/include/relbot_msgs/relbot_msgs
[0.536s] -- Up-to-date: /home/jordan/git_repos/SDfR/assignment6/install/relbot_msgs/include/relbot_msgs/relbot_msgs/msg
[0.536s] -- Up-to-date: /home/jordan/git_repos/SDfR/assignment6/install/relbot_msgs/include/relbot_msgs/relbot_msgs/msg/rosidl_typesupport_introspection_c__visibility_control.h
[0.536s] -- Up-to-date: /home/jordan/git_repos/SDfR/assignment6/install/relbot_msgs/include/relbot_msgs/relbot_msgs/msg/detail
[0.536s] -- Up-to-date: /home/jordan/git_repos/SDfR/assignment6/install/relbot_msgs/include/relbot_msgs/relbot_msgs/msg/detail/relbot_motors__type_support.c
[0.536s] -- Up-to-date: /home/jordan/git_repos/SDfR/assignment6/install/relbot_msgs/include/relbot_msgs/relbot_msgs/msg/detail/relbot_motors_stamped__rosidl_typesupport_introspection_c.h
[0.536s] -- Up-to-date: /home/jordan/git_repos/SDfR/assignment6/install/relbot_msgs/include/relbot_msgs/relbot_msgs/msg/detail/relbot_motors__rosidl_typesupport_introspection_c.h
[0.536s] -- Up-to-date: /home/jordan/git_repos/SDfR/assignment6/install/relbot_msgs/include/relbot_msgs/relbot_msgs/msg/detail/relbot_motors_stamped__type_support.c
[0.537s] -- Up-to-date: /home/jordan/git_repos/SDfR/assignment6/install/relbot_msgs/lib/librelbot_msgs__rosidl_typesupport_introspection_c.so
[0.537s] -- Up-to-date: /home/jordan/git_repos/SDfR/assignment6/install/relbot_msgs/lib/librelbot_msgs__rosidl_typesupport_c.so
[0.537s] -- Up-to-date: /home/jordan/git_repos/SDfR/assignment6/install/relbot_msgs/include/relbot_msgs/relbot_msgs
[0.537s] -- Up-to-date: /home/jordan/git_repos/SDfR/assignment6/install/relbot_msgs/include/relbot_msgs/relbot_msgs/msg
[0.537s] -- Up-to-date: /home/jordan/git_repos/SDfR/assignment6/install/relbot_msgs/include/relbot_msgs/relbot_msgs/msg/relbot_motors.hpp
[0.537s] -- Up-to-date: /home/jordan/git_repos/SDfR/assignment6/install/relbot_msgs/include/relbot_msgs/relbot_msgs/msg/rosidl_generator_cpp__visibility_control.hpp
[0.537s] -- Up-to-date: /home/jordan/git_repos/SDfR/assignment6/install/relbot_msgs/include/relbot_msgs/relbot_msgs/msg/relbot_motors_stamped.hpp
[0.537s] -- Up-to-date: /home/jordan/git_repos/SDfR/assignment6/install/relbot_msgs/include/relbot_msgs/relbot_msgs/msg/detail
[0.538s] -- Up-to-date: /home/jordan/git_repos/SDfR/assignment6/install/relbot_msgs/include/relbot_msgs/relbot_msgs/msg/detail/relbot_motors__builder.hpp
[0.538s] -- Up-to-date: /home/jordan/git_repos/SDfR/assignment6/install/relbot_msgs/include/relbot_msgs/relbot_msgs/msg/detail/relbot_motors__traits.hpp
[0.538s] -- Up-to-date: /home/jordan/git_repos/SDfR/assignment6/install/relbot_msgs/include/relbot_msgs/relbot_msgs/msg/detail/relbot_motors__struct.hpp
[0.538s] -- Up-to-date: /home/jordan/git_repos/SDfR/assignment6/install/relbot_msgs/include/relbot_msgs/relbot_msgs/msg/detail/relbot_motors__type_support.hpp
[0.538s] -- Up-to-date: /home/jordan/git_repos/SDfR/assignment6/install/relbot_msgs/include/relbot_msgs/relbot_msgs/msg/detail/relbot_motors_stamped__builder.hpp
[0.538s] -- Up-to-date: /home/jordan/git_repos/SDfR/assignment6/install/relbot_msgs/include/relbot_msgs/relbot_msgs/msg/detail/relbot_motors_stamped__traits.hpp
[0.538s] -- Up-to-date: /home/jordan/git_repos/SDfR/assignment6/install/relbot_msgs/include/relbot_msgs/relbot_msgs/msg/detail/relbot_motors_stamped__struct.hpp
[0.539s] -- Up-to-date: /home/jordan/git_repos/SDfR/assignment6/install/relbot_msgs/include/relbot_msgs/relbot_msgs/msg/detail/relbot_motors_stamped__type_support.hpp
[0.539s] -- Up-to-date: /home/jordan/git_repos/SDfR/assignment6/install/relbot_msgs/include/relbot_msgs/relbot_msgs
[0.539s] -- Up-to-date: /home/jordan/git_repos/SDfR/assignment6/install/relbot_msgs/include/relbot_msgs/relbot_msgs/msg
[0.539s] -- Up-to-date: /home/jordan/git_repos/SDfR/assignment6/install/relbot_msgs/include/relbot_msgs/relbot_msgs/msg/rosidl_typesupport_fastrtps_cpp__visibility_control.h
[0.539s] -- Up-to-date: /home/jordan/git_repos/SDfR/assignment6/install/relbot_msgs/include/relbot_msgs/relbot_msgs/msg/detail
[0.539s] -- Up-to-date: /home/jordan/git_repos/SDfR/assignment6/install/relbot_msgs/include/relbot_msgs/relbot_msgs/msg/detail/relbot_motors_stamped__rosidl_typesupport_fastrtps_cpp.hpp
[0.539s] -- Up-to-date: /home/jordan/git_repos/SDfR/assignment6/install/relbot_msgs/include/relbot_msgs/relbot_msgs/msg/detail/relbot_motors__rosidl_typesupport_fastrtps_cpp.hpp
[0.540s] -- Up-to-date: /home/jordan/git_repos/SDfR/assignment6/install/relbot_msgs/include/relbot_msgs/relbot_msgs/msg/detail/dds_fastrtps
[0.540s] -- Up-to-date: /home/jordan/git_repos/SDfR/assignment6/install/relbot_msgs/lib/librelbot_msgs__rosidl_typesupport_fastrtps_cpp.so
[0.540s] -- Up-to-date: /home/jordan/git_repos/SDfR/assignment6/install/relbot_msgs/include/relbot_msgs/relbot_msgs
[0.540s] -- Up-to-date: /home/jordan/git_repos/SDfR/assignment6/install/relbot_msgs/include/relbot_msgs/relbot_msgs/msg
[0.541s] -- Up-to-date: /home/jordan/git_repos/SDfR/assignment6/install/relbot_msgs/include/relbot_msgs/relbot_msgs/msg/detail
[0.541s] -- Up-to-date: /home/jordan/git_repos/SDfR/assignment6/install/relbot_msgs/include/relbot_msgs/relbot_msgs/msg/detail/relbot_motors__rosidl_typesupport_introspection_cpp.hpp
[0.541s] -- Up-to-date: /home/jordan/git_repos/SDfR/assignment6/install/relbot_msgs/include/relbot_msgs/relbot_msgs/msg/detail/relbot_motors__type_support.cpp
[0.541s] -- Up-to-date: /home/jordan/git_repos/SDfR/assignment6/install/relbot_msgs/include/relbot_msgs/relbot_msgs/msg/detail/relbot_motors_stamped__type_support.cpp
[0.541s] -- Up-to-date: /home/jordan/git_repos/SDfR/assignment6/install/relbot_msgs/include/relbot_msgs/relbot_msgs/msg/detail/relbot_motors_stamped__rosidl_typesupport_introspection_cpp.hpp
[0.541s] -- Up-to-date: /home/jordan/git_repos/SDfR/assignment6/install/relbot_msgs/lib/librelbot_msgs__rosidl_typesupport_introspection_cpp.so
[0.541s] -- Up-to-date: /home/jordan/git_repos/SDfR/assignment6/install/relbot_msgs/lib/librelbot_msgs__rosidl_typesupport_cpp.so
[0.541s] -- Up-to-date: /home/jordan/git_repos/SDfR/assignment6/install/relbot_msgs/share/relbot_msgs/environment/pythonpath.sh
[0.542s] -- Up-to-date: /home/jordan/git_repos/SDfR/assignment6/install/relbot_msgs/share/relbot_msgs/environment/pythonpath.dsv
[0.542s] -- Up-to-date: /home/jordan/git_repos/SDfR/assignment6/install/relbot_msgs/lib/python3.12/site-packages/relbot_msgs-2025.2.0-py3.12.egg-info
[0.542s] -- Installing: /home/jordan/git_repos/SDfR/assignment6/install/relbot_msgs/lib/python3.12/site-packages/relbot_msgs-2025.2.0-py3.12.egg-info/dependency_links.txt
[0.542s] -- Installing: /home/jordan/git_repos/SDfR/assignment6/install/relbot_msgs/lib/python3.12/site-packages/relbot_msgs-2025.2.0-py3.12.egg-info/SOURCES.txt
[0.542s] -- Installing: /home/jordan/git_repos/SDfR/assignment6/install/relbot_msgs/lib/python3.12/site-packages/relbot_msgs-2025.2.0-py3.12.egg-info/top_level.txt
[0.542s] -- Installing: /home/jordan/git_repos/SDfR/assignment6/install/relbot_msgs/lib/python3.12/site-packages/relbot_msgs-2025.2.0-py3.12.egg-info/PKG-INFO
[0.542s] -- Up-to-date: /home/jordan/git_repos/SDfR/assignment6/install/relbot_msgs/lib/python3.12/site-packages/relbot_msgs
[0.542s] -- Up-to-date: /home/jordan/git_repos/SDfR/assignment6/install/relbot_msgs/lib/python3.12/site-packages/relbot_msgs/__init__.py
[0.543s] -- Up-to-date: /home/jordan/git_repos/SDfR/assignment6/install/relbot_msgs/lib/python3.12/site-packages/relbot_msgs/relbot_msgs_s__rosidl_typesupport_c.so
[0.543s] -- Up-to-date: /home/jordan/git_repos/SDfR/assignment6/install/relbot_msgs/lib/python3.12/site-packages/relbot_msgs/_relbot_msgs_s.ep.rosidl_typesupport_fastrtps_c.c
[0.543s] -- Up-to-date: /home/jordan/git_repos/SDfR/assignment6/install/relbot_msgs/lib/python3.12/site-packages/relbot_msgs/_relbot_msgs_s.ep.rosidl_typesupport_c.c
[0.543s] -- Up-to-date: /home/jordan/git_repos/SDfR/assignment6/install/relbot_msgs/lib/python3.12/site-packages/relbot_msgs/relbot_msgs_s__rosidl_typesupport_fastrtps_c.so
[0.543s] -- Up-to-date: /home/jordan/git_repos/SDfR/assignment6/install/relbot_msgs/lib/python3.12/site-packages/relbot_msgs/relbot_msgs_s__rosidl_typesupport_introspection_c.so
[0.543s] -- Up-to-date: /home/jordan/git_repos/SDfR/assignment6/install/relbot_msgs/lib/python3.12/site-packages/relbot_msgs/_relbot_msgs_s.ep.rosidl_typesupport_introspection_c.c
[0.546s] -- Up-to-date: /home/jordan/git_repos/SDfR/assignment6/install/relbot_msgs/lib/python3.12/site-packages/relbot_msgs/msg
[0.546s] -- Up-to-date: /home/jordan/git_repos/SDfR/assignment6/install/relbot_msgs/lib/python3.12/site-packages/relbot_msgs/msg/_relbot_motors_stamped.py
[0.547s] -- Up-to-date: /home/jordan/git_repos/SDfR/assignment6/install/relbot_msgs/lib/python3.12/site-packages/relbot_msgs/msg/__init__.py
[0.547s] -- Up-to-date: /home/jordan/git_repos/SDfR/assignment6/install/relbot_msgs/lib/python3.12/site-packages/relbot_msgs/msg/_relbot_motors_stamped_s.c
[0.547s] -- Up-to-date: /home/jordan/git_repos/SDfR/assignment6/install/relbot_msgs/lib/python3.12/site-packages/relbot_msgs/msg/_relbot_motors_s.c
[0.547s] -- Up-to-date: /home/jordan/git_repos/SDfR/assignment6/install/relbot_msgs/lib/python3.12/site-packages/relbot_msgs/msg/_relbot_motors.py
[0.577s] Listing '/home/jordan/git_repos/SDfR/assignment6/install/relbot_msgs/lib/python3.12/site-packages/relbot_msgs'...
[0.577s] Listing '/home/jordan/git_repos/SDfR/assignment6/install/relbot_msgs/lib/python3.12/site-packages/relbot_msgs/msg'...
[0.584s] -- Up-to-date: /home/jordan/git_repos/SDfR/assignment6/install/relbot_msgs/lib/python3.12/site-packages/relbot_msgs/relbot_msgs_s__rosidl_typesupport_fastrtps_c.so
[0.585s] -- Up-to-date: /home/jordan/git_repos/SDfR/assignment6/install/relbot_msgs/lib/python3.12/site-packages/relbot_msgs/relbot_msgs_s__rosidl_typesupport_introspection_c.so
[0.585s] -- Up-to-date: /home/jordan/git_repos/SDfR/assignment6/install/relbot_msgs/lib/python3.12/site-packages/relbot_msgs/relbot_msgs_s__rosidl_typesupport_c.so
[0.585s] -- Up-to-date: /home/jordan/git_repos/SDfR/assignment6/install/relbot_msgs/lib/librelbot_msgs__rosidl_generator_py.so
[0.586s] -- Up-to-date: /home/jordan/git_repos/SDfR/assignment6/install/relbot_msgs/share/ament_index/resource_index/rust_packages/relbot_msgs
[0.586s] -- Up-to-date: /home/jordan/git_repos/SDfR/assignment6/install/relbot_msgs/share/relbot_msgs/rust
[0.586s] -- Up-to-date: /home/jordan/git_repos/SDfR/assignment6/install/relbot_msgs/share/relbot_msgs/rust/build.rs
[0.586s] -- Up-to-date: /home/jordan/git_repos/SDfR/assignment6/install/relbot_msgs/share/relbot_msgs/rust/src
[0.586s] -- Up-to-date: /home/jordan/git_repos/SDfR/assignment6/install/relbot_msgs/share/relbot_msgs/rust/src/msg.rs
[0.587s] -- Up-to-date: /home/jordan/git_repos/SDfR/assignment6/install/relbot_msgs/share/relbot_msgs/rust/src/lib.rs
[0.587s] -- Up-to-date: /home/jordan/git_repos/SDfR/assignment6/install/relbot_msgs/share/relbot_msgs/rust/src/msg
[0.587s] -- Up-to-date: /home/jordan/git_repos/SDfR/assignment6/install/relbot_msgs/share/relbot_msgs/rust/src/msg/rmw.rs
[0.587s] -- Up-to-date: /home/jordan/git_repos/SDfR/assignment6/install/relbot_msgs/share/relbot_msgs/rust/Cargo.toml
[0.587s] -- Up-to-date: /home/jordan/git_repos/SDfR/assignment6/install/relbot_msgs/share/relbot_msgs/msg/RelbotMotors.idl
[0.587s] -- Up-to-date: /home/jordan/git_repos/SDfR/assignment6/install/relbot_msgs/share/relbot_msgs/msg/RelbotMotorsStamped.idl
[0.588s] -- Up-to-date: /home/jordan/git_repos/SDfR/assignment6/install/relbot_msgs/share/relbot_msgs/msg/RelbotMotors.msg
[0.588s] -- Up-to-date: /home/jordan/git_repos/SDfR/assignment6/install/relbot_msgs/share/relbot_msgs/msg/RelbotMotorsStamped.msg
[0.588s] -- Up-to-date: /home/jordan/git_repos/SDfR/assignment6/install/relbot_msgs/share/ament_index/resource_index/package_run_dependencies/relbot_msgs
[0.588s] -- Up-to-date: /home/jordan/git_repos/SDfR/assignment6/install/relbot_msgs/share/ament_index/resource_index/parent_prefix_path/relbot_msgs
[0.588s] -- Up-to-date: /home/jordan/git_repos/SDfR/assignment6/install/relbot_msgs/share/relbot_msgs/environment/ament_prefix_path.sh
[0.588s] -- Up-to-date: /home/jordan/git_repos/SDfR/assignment6/install/relbot_msgs/share/relbot_msgs/environment/ament_prefix_path.dsv
[0.588s] -- Up-to-date: /home/jordan/git_repos/SDfR/assignment6/install/relbot_msgs/share/relbot_msgs/environment/path.sh
[0.589s] -- Up-to-date: /home/jordan/git_repos/SDfR/assignment6/install/relbot_msgs/share/relbot_msgs/environment/path.dsv
[0.589s] -- Up-to-date: /home/jordan/git_repos/SDfR/assignment6/install/relbot_msgs/share/relbot_msgs/local_setup.bash
[0.589s] -- Up-to-date: /home/jordan/git_repos/SDfR/assignment6/install/relbot_msgs/share/relbot_msgs/local_setup.sh
[0.589s] -- Up-to-date: /home/jordan/git_repos/SDfR/assignment6/install/relbot_msgs/share/relbot_msgs/local_setup.zsh
[0.589s] -- Up-to-date: /home/jordan/git_repos/SDfR/assignment6/install/relbot_msgs/share/relbot_msgs/local_setup.dsv
[0.590s] -- Installing: /home/jordan/git_repos/SDfR/assignment6/install/relbot_msgs/share/relbot_msgs/package.dsv
[0.590s] -- Up-to-date: /home/jordan/git_repos/SDfR/assignment6/install/relbot_msgs/share/ament_index/resource_index/packages/relbot_msgs
[0.590s] -- Up-to-date: /home/jordan/git_repos/SDfR/assignment6/install/relbot_msgs/share/relbot_msgs/cmake/export_relbot_msgs__rosidl_generator_cExport.cmake
[0.590s] -- Up-to-date: /home/jordan/git_repos/SDfR/assignment6/install/relbot_msgs/share/relbot_msgs/cmake/export_relbot_msgs__rosidl_generator_cExport-noconfig.cmake
[0.590s] -- Up-to-date: /home/jordan/git_repos/SDfR/assignment6/install/relbot_msgs/share/relbot_msgs/cmake/export_relbot_msgs__rosidl_typesupport_fastrtps_cExport.cmake
[0.590s] -- Up-to-date: /home/jordan/git_repos/SDfR/assignment6/install/relbot_msgs/share/relbot_msgs/cmake/export_relbot_msgs__rosidl_typesupport_fastrtps_cExport-noconfig.cmake
[0.591s] -- Up-to-date: /home/jordan/git_repos/SDfR/assignment6/install/relbot_msgs/share/relbot_msgs/cmake/relbot_msgs__rosidl_typesupport_introspection_cExport.cmake
[0.591s] -- Up-to-date: /home/jordan/git_repos/SDfR/assignment6/install/relbot_msgs/share/relbot_msgs/cmake/relbot_msgs__rosidl_typesupport_introspection_cExport-noconfig.cmake
[0.591s] -- Up-to-date: /home/jordan/git_repos/SDfR/assignment6/install/relbot_msgs/share/relbot_msgs/cmake/relbot_msgs__rosidl_typesupport_cExport.cmake
[0.591s] -- Up-to-date: /home/jordan/git_repos/SDfR/assignment6/install/relbot_msgs/share/relbot_msgs/cmake/relbot_msgs__rosidl_typesupport_cExport-noconfig.cmake
[0.591s] -- Up-to-date: /home/jordan/git_repos/SDfR/assignment6/install/relbot_msgs/share/relbot_msgs/cmake/export_relbot_msgs__rosidl_generator_cppExport.cmake
[0.591s] -- Up-to-date: /home/jordan/git_repos/SDfR/assignment6/install/relbot_msgs/share/relbot_msgs/cmake/export_relbot_msgs__rosidl_typesupport_fastrtps_cppExport.cmake
[0.591s] -- Up-to-date: /home/jordan/git_repos/SDfR/assignment6/install/relbot_msgs/share/relbot_msgs/cmake/export_relbot_msgs__rosidl_typesupport_fastrtps_cppExport-noconfig.cmake
[0.592s] -- Up-to-date: /home/jordan/git_repos/SDfR/assignment6/install/relbot_msgs/share/relbot_msgs/cmake/relbot_msgs__rosidl_typesupport_introspection_cppExport.cmake
[0.593s] -- Up-to-date: /home/jordan/git_repos/SDfR/assignment6/install/relbot_msgs/share/relbot_msgs/cmake/relbot_msgs__rosidl_typesupport_introspection_cppExport-noconfig.cmake
[0.593s] -- Up-to-date: /home/jordan/git_repos/SDfR/assignment6/install/relbot_msgs/share/relbot_msgs/cmake/relbot_msgs__rosidl_typesupport_cppExport.cmake
[0.593s] -- Up-to-date: /home/jordan/git_repos/SDfR/assignment6/install/relbot_msgs/share/relbot_msgs/cmake/relbot_msgs__rosidl_typesupport_cppExport-noconfig.cmake
[0.594s] -- Up-to-date: /home/jordan/git_repos/SDfR/assignment6/install/relbot_msgs/share/relbot_msgs/cmake/export_relbot_msgs__rosidl_generator_pyExport.cmake
[0.594s] -- Up-to-date: /home/jordan/git_repos/SDfR/assignment6/install/relbot_msgs/share/relbot_msgs/cmake/export_relbot_msgs__rosidl_generator_pyExport-noconfig.cmake
[0.594s] -- Up-to-date: /home/jordan/git_repos/SDfR/assignment6/install/relbot_msgs/share/relbot_msgs/cmake/rosidl_cmake-extras.cmake
[0.594s] -- Up-to-date: /home/jordan/git_repos/SDfR/assignment6/install/relbot_msgs/share/relbot_msgs/cmake/ament_cmake_export_dependencies-extras.cmake
[0.595s] -- Up-to-date: /home/jordan/git_repos/SDfR/assignment6/install/relbot_msgs/share/relbot_msgs/cmake/ament_cmake_export_include_directories-extras.cmake
[0.595s] -- Up-to-date: /home/jordan/git_repos/SDfR/assignment6/install/relbot_msgs/share/relbot_msgs/cmake/ament_cmake_export_libraries-extras.cmake
[0.595s] -- Up-to-date: /home/jordan/git_repos/SDfR/assignment6/install/relbot_msgs/share/relbot_msgs/cmake/ament_cmake_export_targets-extras.cmake
[0.595s] -- Up-to-date: /home/jordan/git_repos/SDfR/assignment6/install/relbot_msgs/share/relbot_msgs/cmake/rosidl_cmake_export_typesupport_targets-extras.cmake
[0.595s] -- Up-to-date: /home/jordan/git_repos/SDfR/assignment6/install/relbot_msgs/share/relbot_msgs/cmake/rosidl_cmake_export_typesupport_libraries-extras.cmake
[0.595s] -- Up-to-date: /home/jordan/git_repos/SDfR/assignment6/install/relbot_msgs/share/relbot_msgs/cmake/relbot_msgsConfig.cmake
[0.595s] -- Up-to-date: /home/jordan/git_repos/SDfR/assignment6/install/relbot_msgs/share/relbot_msgs/cmake/relbot_msgsConfig-version.cmake
[0.595s] -- Up-to-date: /home/jordan/git_repos/SDfR/assignment6/install/relbot_msgs/share/relbot_msgs/package.xml
[0.596s] Invoked command in '/home/jordan/git_repos/SDfR/assignment6/build/relbot_msgs' returned '0': CMAKE_PREFIX_PATH=${CMAKE_PREFIX_PATH}:/opt/ros/jazzy DEBUGINFOD_URLS=https://debuginfod.ubuntu.com /usr/bin/cmake --install /home/jordan/git_repos/SDfR/assignment6/build/relbot_msgs
