[0.387s] DEBUG:colcon:Command line arguments: ['/usr/bin/colcon', 'build', '--packages-select', 'xrf2_msgs']
[0.388s] DEBUG:colcon:Parsed command line arguments: Namespace(log_base=None, log_level=None, verb_name='build', build_base='build', install_base='install', merge_install=False, symlink_install=False, test_result_base=None, continue_on_error=False, executor='parallel', parallel_workers=3, event_handlers=None, ignore_user_meta=False, metas=['./colcon.meta'], base_paths=['.'], packages_ignore=None, packages_ignore_regex=None, paths=None, packages_up_to=None, packages_up_to_regex=None, packages_above=None, packages_above_and_dependencies=None, packages_above_depth=None, packages_select_by_dep=None, packages_skip_by_dep=None, packages_skip_up_to=None, packages_select_build_failed=False, packages_skip_build_finished=False, packages_select_test_failures=False, packages_skip_test_passed=False, packages_select=['xrf2_msgs'], packages_skip=None, packages_select_regex=None, packages_skip_regex=None, packages_start=None, packages_end=None, allow_overriding=[], cmake_args=None, cmake_target=None, cmake_target_skip_unavailable=False, cmake_clean_cache=False, cmake_clean_first=False, cmake_force_configure=False, ament_cmake_args=None, catkin_cmake_args=None, catkin_skip_building_tests=False, mixin_files=None, mixin=None, verb_parser=<colcon_mixin.mixin.mixin_argument.MixinArgumentDecorator object at 0xffff81458f40>, verb_extension=<colcon_core.verb.build.BuildVerb object at 0xffff815e5ea0>, main=<bound method BuildVerb.main of <colcon_core.verb.build.BuildVerb object at 0xffff815e5ea0>>, mixin_verb=('build',))
[1.023s] Level 1:colcon.colcon_core.package_discovery:discover_packages(colcon_meta) check parameters
[1.024s] Level 1:colcon.colcon_core.package_discovery:discover_packages(recursive) check parameters
[1.025s] Level 1:colcon.colcon_core.package_discovery:discover_packages(ignore) check parameters
[1.025s] Level 1:colcon.colcon_core.package_discovery:discover_packages(path) check parameters
[1.025s] Level 1:colcon.colcon_core.package_discovery:discover_packages(colcon_meta) discover
[1.026s] Level 1:colcon.colcon_core.package_discovery:discover_packages(recursive) discover
[1.026s] INFO:colcon.colcon_core.package_discovery:Crawling recursively for packages in '/home/sdfr-ppd-01/SDfR/assignment6'
[1.026s] Level 1:colcon.colcon_core.package_identification:_identify(.) by extensions ['ignore', 'ignore_ament_install']
[1.027s] Level 1:colcon.colcon_core.package_identification:_identify(.) by extension 'ignore'
[1.028s] Level 1:colcon.colcon_core.package_identification:_identify(.) by extension 'ignore_ament_install'
[1.028s] Level 1:colcon.colcon_core.package_identification:_identify(.) by extensions ['colcon_pkg']
[1.028s] Level 1:colcon.colcon_core.package_identification:_identify(.) by extension 'colcon_pkg'
[1.029s] Level 1:colcon.colcon_core.package_identification:_identify(.) by extensions ['colcon_meta']
[1.029s] Level 1:colcon.colcon_core.package_identification:_identify(.) by extension 'colcon_meta'
[1.029s] Level 1:colcon.colcon_core.package_identification:_identify(.) by extensions ['ros']
[1.030s] Level 1:colcon.colcon_core.package_identification:_identify(.) by extension 'ros'
[1.073s] Level 1:colcon.colcon_core.package_identification:_identify(.) by extensions ['cmake', 'python']
[1.073s] Level 1:colcon.colcon_core.package_identification:_identify(.) by extension 'cmake'
[1.074s] Level 1:colcon.colcon_core.package_identification:_identify(.) by extension 'python'
[1.074s] Level 1:colcon.colcon_core.package_identification:_identify(.) by extensions ['python_setup_py']
[1.074s] Level 1:colcon.colcon_core.package_identification:_identify(.) by extension 'python_setup_py'
[1.075s] Level 1:colcon.colcon_core.package_identification:_identify(XRF2) by extensions ['ignore', 'ignore_ament_install']
[1.075s] Level 1:colcon.colcon_core.package_identification:_identify(XRF2) by extension 'ignore'
[1.076s] Level 1:colcon.colcon_core.package_identification:_identify(XRF2) by extension 'ignore_ament_install'
[1.076s] Level 1:colcon.colcon_core.package_identification:_identify(XRF2) by extensions ['colcon_pkg']
[1.077s] Level 1:colcon.colcon_core.package_identification:_identify(XRF2) by extension 'colcon_pkg'
[1.077s] Level 1:colcon.colcon_core.package_identification:_identify(XRF2) by extensions ['colcon_meta']
[1.077s] Level 1:colcon.colcon_core.package_identification:_identify(XRF2) by extension 'colcon_meta'
[1.078s] Level 1:colcon.colcon_core.package_identification:_identify(XRF2) by extensions ['ros']
[1.078s] Level 1:colcon.colcon_core.package_identification:_identify(XRF2) by extension 'ros'
[1.078s] Level 1:colcon.colcon_core.package_identification:_identify(XRF2) by extensions ['cmake', 'python']
[1.079s] Level 1:colcon.colcon_core.package_identification:_identify(XRF2) by extension 'cmake'
[1.079s] Level 1:colcon.colcon_core.package_identification:_identify(XRF2) by extension 'python'
[1.079s] Level 1:colcon.colcon_core.package_identification:_identify(XRF2) by extensions ['python_setup_py']
[1.080s] Level 1:colcon.colcon_core.package_identification:_identify(XRF2) by extension 'python_setup_py'
[1.080s] Level 1:colcon.colcon_core.package_identification:_identify(XRF2/Template) by extensions ['ignore', 'ignore_ament_install']
[1.081s] Level 1:colcon.colcon_core.package_identification:_identify(XRF2/Template) by extension 'ignore'
[1.081s] Level 1:colcon.colcon_core.package_identification:_identify(XRF2/Template) ignored
[1.082s] Level 1:colcon.colcon_core.package_identification:_identify(XRF2/XenoRosFramework) by extensions ['ignore', 'ignore_ament_install']
[1.082s] Level 1:colcon.colcon_core.package_identification:_identify(XRF2/XenoRosFramework) by extension 'ignore'
[1.082s] Level 1:colcon.colcon_core.package_identification:_identify(XRF2/XenoRosFramework) by extension 'ignore_ament_install'
[1.083s] Level 1:colcon.colcon_core.package_identification:_identify(XRF2/XenoRosFramework) by extensions ['colcon_pkg']
[1.083s] Level 1:colcon.colcon_core.package_identification:_identify(XRF2/XenoRosFramework) by extension 'colcon_pkg'
[1.083s] Level 1:colcon.colcon_core.package_identification:_identify(XRF2/XenoRosFramework) by extensions ['colcon_meta']
[1.084s] Level 1:colcon.colcon_core.package_identification:_identify(XRF2/XenoRosFramework) by extension 'colcon_meta'
[1.084s] Level 1:colcon.colcon_core.package_identification:_identify(XRF2/XenoRosFramework) by extensions ['ros']
[1.084s] Level 1:colcon.colcon_core.package_identification:_identify(XRF2/XenoRosFramework) by extension 'ros'
[1.085s] Level 1:colcon.colcon_core.package_identification:_identify(XRF2/XenoRosFramework) by extensions ['cmake', 'python']
[1.085s] Level 1:colcon.colcon_core.package_identification:_identify(XRF2/XenoRosFramework) by extension 'cmake'
[1.085s] Level 1:colcon.colcon_core.package_identification:_identify(XRF2/XenoRosFramework) by extension 'python'
[1.086s] Level 1:colcon.colcon_core.package_identification:_identify(XRF2/XenoRosFramework) by extensions ['python_setup_py']
[1.086s] Level 1:colcon.colcon_core.package_identification:_identify(XRF2/XenoRosFramework) by extension 'python_setup_py'
[1.087s] Level 1:colcon.colcon_core.package_identification:_identify(XRF2/XenoRosFramework/Common) by extensions ['ignore', 'ignore_ament_install']
[1.087s] Level 1:colcon.colcon_core.package_identification:_identify(XRF2/XenoRosFramework/Common) by extension 'ignore'
[1.087s] Level 1:colcon.colcon_core.package_identification:_identify(XRF2/XenoRosFramework/Common) by extension 'ignore_ament_install'
[1.088s] Level 1:colcon.colcon_core.package_identification:_identify(XRF2/XenoRosFramework/Common) by extensions ['colcon_pkg']
[1.088s] Level 1:colcon.colcon_core.package_identification:_identify(XRF2/XenoRosFramework/Common) by extension 'colcon_pkg'
[1.088s] Level 1:colcon.colcon_core.package_identification:_identify(XRF2/XenoRosFramework/Common) by extensions ['colcon_meta']
[1.089s] Level 1:colcon.colcon_core.package_identification:_identify(XRF2/XenoRosFramework/Common) by extension 'colcon_meta'
[1.089s] Level 1:colcon.colcon_core.package_identification:_identify(XRF2/XenoRosFramework/Common) by extensions ['ros']
[1.089s] Level 1:colcon.colcon_core.package_identification:_identify(XRF2/XenoRosFramework/Common) by extension 'ros'
[1.090s] Level 1:colcon.colcon_core.package_identification:_identify(XRF2/XenoRosFramework/Common) by extensions ['cmake', 'python']
[1.090s] Level 1:colcon.colcon_core.package_identification:_identify(XRF2/XenoRosFramework/Common) by extension 'cmake'
[1.091s] Level 1:colcon.colcon_core.package_identification:_identify(XRF2/XenoRosFramework/Common) by extension 'python'
[1.091s] Level 1:colcon.colcon_core.package_identification:_identify(XRF2/XenoRosFramework/Common) by extensions ['python_setup_py']
[1.091s] Level 1:colcon.colcon_core.package_identification:_identify(XRF2/XenoRosFramework/Common) by extension 'python_setup_py'
[1.092s] Level 1:colcon.colcon_core.package_identification:_identify(XRF2/XenoRosFramework/Common/XRF2_msgs) by extensions ['ignore', 'ignore_ament_install']
[1.092s] Level 1:colcon.colcon_core.package_identification:_identify(XRF2/XenoRosFramework/Common/XRF2_msgs) by extension 'ignore'
[1.093s] Level 1:colcon.colcon_core.package_identification:_identify(XRF2/XenoRosFramework/Common/XRF2_msgs) by extension 'ignore_ament_install'
[1.093s] Level 1:colcon.colcon_core.package_identification:_identify(XRF2/XenoRosFramework/Common/XRF2_msgs) by extensions ['colcon_pkg']
[1.093s] Level 1:colcon.colcon_core.package_identification:_identify(XRF2/XenoRosFramework/Common/XRF2_msgs) by extension 'colcon_pkg'
[1.094s] Level 1:colcon.colcon_core.package_identification:_identify(XRF2/XenoRosFramework/Common/XRF2_msgs) by extensions ['colcon_meta']
[1.094s] Level 1:colcon.colcon_core.package_identification:_identify(XRF2/XenoRosFramework/Common/XRF2_msgs) by extension 'colcon_meta'
[1.094s] Level 1:colcon.colcon_core.package_identification:_identify(XRF2/XenoRosFramework/Common/XRF2_msgs) by extensions ['ros']
[1.095s] Level 1:colcon.colcon_core.package_identification:_identify(XRF2/XenoRosFramework/Common/XRF2_msgs) by extension 'ros'
[1.103s] DEBUG:colcon.colcon_core.package_identification:Package 'XRF2/XenoRosFramework/Common/XRF2_msgs' with type 'ros.ament_cmake' and name 'xrf2_msgs'
[1.104s] Level 1:colcon.colcon_core.package_identification:_identify(XRF2/XenoRosFramework/Common/XenoFrtLogger_decoder) by extensions ['ignore', 'ignore_ament_install']
[1.105s] Level 1:colcon.colcon_core.package_identification:_identify(XRF2/XenoRosFramework/Common/XenoFrtLogger_decoder) by extension 'ignore'
[1.105s] Level 1:colcon.colcon_core.package_identification:_identify(XRF2/XenoRosFramework/Common/XenoFrtLogger_decoder) by extension 'ignore_ament_install'
[1.106s] Level 1:colcon.colcon_core.package_identification:_identify(XRF2/XenoRosFramework/Common/XenoFrtLogger_decoder) by extensions ['colcon_pkg']
[1.106s] Level 1:colcon.colcon_core.package_identification:_identify(XRF2/XenoRosFramework/Common/XenoFrtLogger_decoder) by extension 'colcon_pkg'
[1.106s] Level 1:colcon.colcon_core.package_identification:_identify(XRF2/XenoRosFramework/Common/XenoFrtLogger_decoder) by extensions ['colcon_meta']
[1.106s] Level 1:colcon.colcon_core.package_identification:_identify(XRF2/XenoRosFramework/Common/XenoFrtLogger_decoder) by extension 'colcon_meta'
[1.107s] Level 1:colcon.colcon_core.package_identification:_identify(XRF2/XenoRosFramework/Common/XenoFrtLogger_decoder) by extensions ['ros']
[1.107s] Level 1:colcon.colcon_core.package_identification:_identify(XRF2/XenoRosFramework/Common/XenoFrtLogger_decoder) by extension 'ros'
[1.108s] Level 1:colcon.colcon_core.package_identification:_identify(XRF2/XenoRosFramework/Common/XenoFrtLogger_decoder) by extensions ['cmake', 'python']
[1.108s] Level 1:colcon.colcon_core.package_identification:_identify(XRF2/XenoRosFramework/Common/XenoFrtLogger_decoder) by extension 'cmake'
[1.108s] Level 1:colcon.colcon_core.package_identification:_identify(XRF2/XenoRosFramework/Common/XenoFrtLogger_decoder) by extension 'python'
[1.109s] Level 1:colcon.colcon_core.package_identification:_identify(XRF2/XenoRosFramework/Common/XenoFrtLogger_decoder) by extensions ['python_setup_py']
[1.109s] Level 1:colcon.colcon_core.package_identification:_identify(XRF2/XenoRosFramework/Common/XenoFrtLogger_decoder) by extension 'python_setup_py'
[1.110s] Level 1:colcon.colcon_core.package_identification:_identify(XRF2/XenoRosFramework/Common/include) by extensions ['ignore', 'ignore_ament_install']
[1.110s] Level 1:colcon.colcon_core.package_identification:_identify(XRF2/XenoRosFramework/Common/include) by extension 'ignore'
[1.111s] Level 1:colcon.colcon_core.package_identification:_identify(XRF2/XenoRosFramework/Common/include) by extension 'ignore_ament_install'
[1.111s] Level 1:colcon.colcon_core.package_identification:_identify(XRF2/XenoRosFramework/Common/include) by extensions ['colcon_pkg']
[1.112s] Level 1:colcon.colcon_core.package_identification:_identify(XRF2/XenoRosFramework/Common/include) by extension 'colcon_pkg'
[1.112s] Level 1:colcon.colcon_core.package_identification:_identify(XRF2/XenoRosFramework/Common/include) by extensions ['colcon_meta']
[1.112s] Level 1:colcon.colcon_core.package_identification:_identify(XRF2/XenoRosFramework/Common/include) by extension 'colcon_meta'
[1.112s] Level 1:colcon.colcon_core.package_identification:_identify(XRF2/XenoRosFramework/Common/include) by extensions ['ros']
[1.113s] Level 1:colcon.colcon_core.package_identification:_identify(XRF2/XenoRosFramework/Common/include) by extension 'ros'
[1.113s] Level 1:colcon.colcon_core.package_identification:_identify(XRF2/XenoRosFramework/Common/include) by extensions ['cmake', 'python']
[1.113s] Level 1:colcon.colcon_core.package_identification:_identify(XRF2/XenoRosFramework/Common/include) by extension 'cmake'
[1.114s] Level 1:colcon.colcon_core.package_identification:_identify(XRF2/XenoRosFramework/Common/include) by extension 'python'
[1.114s] Level 1:colcon.colcon_core.package_identification:_identify(XRF2/XenoRosFramework/Common/include) by extensions ['python_setup_py']
[1.114s] Level 1:colcon.colcon_core.package_identification:_identify(XRF2/XenoRosFramework/Common/include) by extension 'python_setup_py'
[1.115s] Level 1:colcon.colcon_core.package_identification:_identify(XRF2/XenoRosFramework/Common/python_script) by extensions ['ignore', 'ignore_ament_install']
[1.116s] Level 1:colcon.colcon_core.package_identification:_identify(XRF2/XenoRosFramework/Common/python_script) by extension 'ignore'
[1.116s] Level 1:colcon.colcon_core.package_identification:_identify(XRF2/XenoRosFramework/Common/python_script) by extension 'ignore_ament_install'
[1.116s] Level 1:colcon.colcon_core.package_identification:_identify(XRF2/XenoRosFramework/Common/python_script) by extensions ['colcon_pkg']
[1.117s] Level 1:colcon.colcon_core.package_identification:_identify(XRF2/XenoRosFramework/Common/python_script) by extension 'colcon_pkg'
[1.117s] Level 1:colcon.colcon_core.package_identification:_identify(XRF2/XenoRosFramework/Common/python_script) by extensions ['colcon_meta']
[1.117s] Level 1:colcon.colcon_core.package_identification:_identify(XRF2/XenoRosFramework/Common/python_script) by extension 'colcon_meta'
[1.117s] Level 1:colcon.colcon_core.package_identification:_identify(XRF2/XenoRosFramework/Common/python_script) by extensions ['ros']
[1.118s] Level 1:colcon.colcon_core.package_identification:_identify(XRF2/XenoRosFramework/Common/python_script) by extension 'ros'
[1.118s] Level 1:colcon.colcon_core.package_identification:_identify(XRF2/XenoRosFramework/Common/python_script) by extensions ['cmake', 'python']
[1.118s] Level 1:colcon.colcon_core.package_identification:_identify(XRF2/XenoRosFramework/Common/python_script) by extension 'cmake'
[1.119s] Level 1:colcon.colcon_core.package_identification:_identify(XRF2/XenoRosFramework/Common/python_script) by extension 'python'
[1.119s] Level 1:colcon.colcon_core.package_identification:_identify(XRF2/XenoRosFramework/Common/python_script) by extensions ['python_setup_py']
[1.119s] Level 1:colcon.colcon_core.package_identification:_identify(XRF2/XenoRosFramework/Common/python_script) by extension 'python_setup_py'
[1.120s] Level 1:colcon.colcon_core.package_identification:_identify(XRF2/XenoRosFramework/Common/xbuf_dev_rule) by extensions ['ignore', 'ignore_ament_install']
[1.121s] Level 1:colcon.colcon_core.package_identification:_identify(XRF2/XenoRosFramework/Common/xbuf_dev_rule) by extension 'ignore'
[1.121s] Level 1:colcon.colcon_core.package_identification:_identify(XRF2/XenoRosFramework/Common/xbuf_dev_rule) by extension 'ignore_ament_install'
[1.121s] Level 1:colcon.colcon_core.package_identification:_identify(XRF2/XenoRosFramework/Common/xbuf_dev_rule) by extensions ['colcon_pkg']
[1.122s] Level 1:colcon.colcon_core.package_identification:_identify(XRF2/XenoRosFramework/Common/xbuf_dev_rule) by extension 'colcon_pkg'
[1.122s] Level 1:colcon.colcon_core.package_identification:_identify(XRF2/XenoRosFramework/Common/xbuf_dev_rule) by extensions ['colcon_meta']
[1.122s] Level 1:colcon.colcon_core.package_identification:_identify(XRF2/XenoRosFramework/Common/xbuf_dev_rule) by extension 'colcon_meta'
[1.123s] Level 1:colcon.colcon_core.package_identification:_identify(XRF2/XenoRosFramework/Common/xbuf_dev_rule) by extensions ['ros']
[1.123s] Level 1:colcon.colcon_core.package_identification:_identify(XRF2/XenoRosFramework/Common/xbuf_dev_rule) by extension 'ros'
[1.123s] Level 1:colcon.colcon_core.package_identification:_identify(XRF2/XenoRosFramework/Common/xbuf_dev_rule) by extensions ['cmake', 'python']
[1.124s] Level 1:colcon.colcon_core.package_identification:_identify(XRF2/XenoRosFramework/Common/xbuf_dev_rule) by extension 'cmake'
[1.124s] Level 1:colcon.colcon_core.package_identification:_identify(XRF2/XenoRosFramework/Common/xbuf_dev_rule) by extension 'python'
[1.124s] Level 1:colcon.colcon_core.package_identification:_identify(XRF2/XenoRosFramework/Common/xbuf_dev_rule) by extensions ['python_setup_py']
[1.125s] Level 1:colcon.colcon_core.package_identification:_identify(XRF2/XenoRosFramework/Common/xbuf_dev_rule) by extension 'python_setup_py'
[1.125s] Level 1:colcon.colcon_core.package_identification:_identify(XRF2/XenoRosFramework/Ros) by extensions ['ignore', 'ignore_ament_install']
[1.126s] Level 1:colcon.colcon_core.package_identification:_identify(XRF2/XenoRosFramework/Ros) by extension 'ignore'
[1.126s] Level 1:colcon.colcon_core.package_identification:_identify(XRF2/XenoRosFramework/Ros) by extension 'ignore_ament_install'
[1.126s] Level 1:colcon.colcon_core.package_identification:_identify(XRF2/XenoRosFramework/Ros) by extensions ['colcon_pkg']
[1.127s] Level 1:colcon.colcon_core.package_identification:_identify(XRF2/XenoRosFramework/Ros) by extension 'colcon_pkg'
[1.127s] Level 1:colcon.colcon_core.package_identification:_identify(XRF2/XenoRosFramework/Ros) by extensions ['colcon_meta']
[1.127s] Level 1:colcon.colcon_core.package_identification:_identify(XRF2/XenoRosFramework/Ros) by extension 'colcon_meta'
[1.128s] Level 1:colcon.colcon_core.package_identification:_identify(XRF2/XenoRosFramework/Ros) by extensions ['ros']
[1.128s] Level 1:colcon.colcon_core.package_identification:_identify(XRF2/XenoRosFramework/Ros) by extension 'ros'
[1.129s] Level 1:colcon.colcon_core.package_identification:_identify(XRF2/XenoRosFramework/Ros) by extensions ['cmake', 'python']
[1.129s] Level 1:colcon.colcon_core.package_identification:_identify(XRF2/XenoRosFramework/Ros) by extension 'cmake'
[1.129s] Level 1:colcon.colcon_core.package_identification:_identify(XRF2/XenoRosFramework/Ros) by extension 'python'
[1.130s] Level 1:colcon.colcon_core.package_identification:_identify(XRF2/XenoRosFramework/Ros) by extensions ['python_setup_py']
[1.130s] Level 1:colcon.colcon_core.package_identification:_identify(XRF2/XenoRosFramework/Ros) by extension 'python_setup_py'
[1.131s] Level 1:colcon.colcon_core.package_identification:_identify(XRF2/XenoRosFramework/Ros/ros_xeno_bridge) by extensions ['ignore', 'ignore_ament_install']
[1.132s] Level 1:colcon.colcon_core.package_identification:_identify(XRF2/XenoRosFramework/Ros/ros_xeno_bridge) by extension 'ignore'
[1.132s] Level 1:colcon.colcon_core.package_identification:_identify(XRF2/XenoRosFramework/Ros/ros_xeno_bridge) by extension 'ignore_ament_install'
[1.133s] Level 1:colcon.colcon_core.package_identification:_identify(XRF2/XenoRosFramework/Ros/ros_xeno_bridge) by extensions ['colcon_pkg']
[1.134s] Level 1:colcon.colcon_core.package_identification:_identify(XRF2/XenoRosFramework/Ros/ros_xeno_bridge) by extension 'colcon_pkg'
[1.134s] Level 1:colcon.colcon_core.package_identification:_identify(XRF2/XenoRosFramework/Ros/ros_xeno_bridge) by extensions ['colcon_meta']
[1.135s] Level 1:colcon.colcon_core.package_identification:_identify(XRF2/XenoRosFramework/Ros/ros_xeno_bridge) by extension 'colcon_meta'
[1.135s] Level 1:colcon.colcon_core.package_identification:_identify(XRF2/XenoRosFramework/Ros/ros_xeno_bridge) by extensions ['ros']
[1.136s] Level 1:colcon.colcon_core.package_identification:_identify(XRF2/XenoRosFramework/Ros/ros_xeno_bridge) by extension 'ros'
[1.140s] DEBUG:colcon.colcon_core.package_identification:Package 'XRF2/XenoRosFramework/Ros/ros_xeno_bridge' with type 'ros.ament_cmake' and name 'ros_xeno_bridge'
[1.141s] Level 1:colcon.colcon_core.package_identification:_identify(XRF2/XenoRosFramework/Unit-Tests) by extensions ['ignore', 'ignore_ament_install']
[1.142s] Level 1:colcon.colcon_core.package_identification:_identify(XRF2/XenoRosFramework/Unit-Tests) by extension 'ignore'
[1.143s] Level 1:colcon.colcon_core.package_identification:_identify(XRF2/XenoRosFramework/Unit-Tests) by extension 'ignore_ament_install'
[1.144s] Level 1:colcon.colcon_core.package_identification:_identify(XRF2/XenoRosFramework/Unit-Tests) by extensions ['colcon_pkg']
[1.144s] Level 1:colcon.colcon_core.package_identification:_identify(XRF2/XenoRosFramework/Unit-Tests) by extension 'colcon_pkg'
[1.145s] Level 1:colcon.colcon_core.package_identification:_identify(XRF2/XenoRosFramework/Unit-Tests) by extensions ['colcon_meta']
[1.145s] Level 1:colcon.colcon_core.package_identification:_identify(XRF2/XenoRosFramework/Unit-Tests) by extension 'colcon_meta'
[1.146s] Level 1:colcon.colcon_core.package_identification:_identify(XRF2/XenoRosFramework/Unit-Tests) by extensions ['ros']
[1.147s] Level 1:colcon.colcon_core.package_identification:_identify(XRF2/XenoRosFramework/Unit-Tests) by extension 'ros'
[1.148s] Level 1:colcon.colcon_core.package_identification:_identify(XRF2/XenoRosFramework/Unit-Tests) by extensions ['cmake', 'python']
[1.148s] Level 1:colcon.colcon_core.package_identification:_identify(XRF2/XenoRosFramework/Unit-Tests) by extension 'cmake'
[1.149s] Level 1:colcon.colcon_core.package_identification:_identify(XRF2/XenoRosFramework/Unit-Tests) by extension 'python'
[1.149s] Level 1:colcon.colcon_core.package_identification:_identify(XRF2/XenoRosFramework/Unit-Tests) by extensions ['python_setup_py']
[1.150s] Level 1:colcon.colcon_core.package_identification:_identify(XRF2/XenoRosFramework/Unit-Tests) by extension 'python_setup_py'
[1.150s] Level 1:colcon.colcon_core.package_identification:_identify(XRF2/XenoRosFramework/Unit-Tests/IcoIo) by extensions ['ignore', 'ignore_ament_install']
[1.151s] Level 1:colcon.colcon_core.package_identification:_identify(XRF2/XenoRosFramework/Unit-Tests/IcoIo) by extension 'ignore'
[1.152s] Level 1:colcon.colcon_core.package_identification:_identify(XRF2/XenoRosFramework/Unit-Tests/IcoIo) ignored
[1.152s] Level 1:colcon.colcon_core.package_identification:_identify(XRF2/XenoRosFramework/Unit-Tests/Logger) by extensions ['ignore', 'ignore_ament_install']
[1.153s] Level 1:colcon.colcon_core.package_identification:_identify(XRF2/XenoRosFramework/Unit-Tests/Logger) by extension 'ignore'
[1.153s] Level 1:colcon.colcon_core.package_identification:_identify(XRF2/XenoRosFramework/Unit-Tests/Logger) ignored
[1.154s] Level 1:colcon.colcon_core.package_identification:_identify(XRF2/XenoRosFramework/Unit-Tests/Monitor) by extensions ['ignore', 'ignore_ament_install']
[1.154s] Level 1:colcon.colcon_core.package_identification:_identify(XRF2/XenoRosFramework/Unit-Tests/Monitor) by extension 'ignore'
[1.155s] Level 1:colcon.colcon_core.package_identification:_identify(XRF2/XenoRosFramework/Unit-Tests/Monitor) ignored
[1.155s] Level 1:colcon.colcon_core.package_identification:_identify(XRF2/XenoRosFramework/Xenomai) by extensions ['ignore', 'ignore_ament_install']
[1.156s] Level 1:colcon.colcon_core.package_identification:_identify(XRF2/XenoRosFramework/Xenomai) by extension 'ignore'
[1.156s] Level 1:colcon.colcon_core.package_identification:_identify(XRF2/XenoRosFramework/Xenomai) by extension 'ignore_ament_install'
[1.157s] Level 1:colcon.colcon_core.package_identification:_identify(XRF2/XenoRosFramework/Xenomai) by extensions ['colcon_pkg']
[1.157s] Level 1:colcon.colcon_core.package_identification:_identify(XRF2/XenoRosFramework/Xenomai) by extension 'colcon_pkg'
[1.157s] Level 1:colcon.colcon_core.package_identification:_identify(XRF2/XenoRosFramework/Xenomai) by extensions ['colcon_meta']
[1.158s] Level 1:colcon.colcon_core.package_identification:_identify(XRF2/XenoRosFramework/Xenomai) by extension 'colcon_meta'
[1.158s] Level 1:colcon.colcon_core.package_identification:_identify(XRF2/XenoRosFramework/Xenomai) by extensions ['ros']
[1.158s] Level 1:colcon.colcon_core.package_identification:_identify(XRF2/XenoRosFramework/Xenomai) by extension 'ros'
[1.159s] Level 1:colcon.colcon_core.package_identification:_identify(XRF2/XenoRosFramework/Xenomai) by extensions ['cmake', 'python']
[1.159s] Level 1:colcon.colcon_core.package_identification:_identify(XRF2/XenoRosFramework/Xenomai) by extension 'cmake'
[1.160s] Level 1:colcon.colcon_core.package_identification:_identify(XRF2/XenoRosFramework/Xenomai) by extension 'python'
[1.160s] Level 1:colcon.colcon_core.package_identification:_identify(XRF2/XenoRosFramework/Xenomai) by extensions ['python_setup_py']
[1.160s] Level 1:colcon.colcon_core.package_identification:_identify(XRF2/XenoRosFramework/Xenomai) by extension 'python_setup_py'
[1.161s] Level 1:colcon.colcon_core.package_identification:_identify(XRF2/XenoRosFramework/Xenomai/include) by extensions ['ignore', 'ignore_ament_install']
[1.162s] Level 1:colcon.colcon_core.package_identification:_identify(XRF2/XenoRosFramework/Xenomai/include) by extension 'ignore'
[1.162s] Level 1:colcon.colcon_core.package_identification:_identify(XRF2/XenoRosFramework/Xenomai/include) by extension 'ignore_ament_install'
[1.162s] Level 1:colcon.colcon_core.package_identification:_identify(XRF2/XenoRosFramework/Xenomai/include) by extensions ['colcon_pkg']
[1.163s] Level 1:colcon.colcon_core.package_identification:_identify(XRF2/XenoRosFramework/Xenomai/include) by extension 'colcon_pkg'
[1.163s] Level 1:colcon.colcon_core.package_identification:_identify(XRF2/XenoRosFramework/Xenomai/include) by extensions ['colcon_meta']
[1.163s] Level 1:colcon.colcon_core.package_identification:_identify(XRF2/XenoRosFramework/Xenomai/include) by extension 'colcon_meta'
[1.164s] Level 1:colcon.colcon_core.package_identification:_identify(XRF2/XenoRosFramework/Xenomai/include) by extensions ['ros']
[1.164s] Level 1:colcon.colcon_core.package_identification:_identify(XRF2/XenoRosFramework/Xenomai/include) by extension 'ros'
[1.165s] Level 1:colcon.colcon_core.package_identification:_identify(XRF2/XenoRosFramework/Xenomai/include) by extensions ['cmake', 'python']
[1.165s] Level 1:colcon.colcon_core.package_identification:_identify(XRF2/XenoRosFramework/Xenomai/include) by extension 'cmake'
[1.165s] Level 1:colcon.colcon_core.package_identification:_identify(XRF2/XenoRosFramework/Xenomai/include) by extension 'python'
[1.166s] Level 1:colcon.colcon_core.package_identification:_identify(XRF2/XenoRosFramework/Xenomai/include) by extensions ['python_setup_py']
[1.166s] Level 1:colcon.colcon_core.package_identification:_identify(XRF2/XenoRosFramework/Xenomai/include) by extension 'python_setup_py'
[1.167s] Level 1:colcon.colcon_core.package_identification:_identify(XRF2/XenoRosFramework/Xenomai/src) by extensions ['ignore', 'ignore_ament_install']
[1.167s] Level 1:colcon.colcon_core.package_identification:_identify(XRF2/XenoRosFramework/Xenomai/src) by extension 'ignore'
[1.168s] Level 1:colcon.colcon_core.package_identification:_identify(XRF2/XenoRosFramework/Xenomai/src) by extension 'ignore_ament_install'
[1.168s] Level 1:colcon.colcon_core.package_identification:_identify(XRF2/XenoRosFramework/Xenomai/src) by extensions ['colcon_pkg']
[1.169s] Level 1:colcon.colcon_core.package_identification:_identify(XRF2/XenoRosFramework/Xenomai/src) by extension 'colcon_pkg'
[1.169s] Level 1:colcon.colcon_core.package_identification:_identify(XRF2/XenoRosFramework/Xenomai/src) by extensions ['colcon_meta']
[1.169s] Level 1:colcon.colcon_core.package_identification:_identify(XRF2/XenoRosFramework/Xenomai/src) by extension 'colcon_meta'
[1.170s] Level 1:colcon.colcon_core.package_identification:_identify(XRF2/XenoRosFramework/Xenomai/src) by extensions ['ros']
[1.170s] Level 1:colcon.colcon_core.package_identification:_identify(XRF2/XenoRosFramework/Xenomai/src) by extension 'ros'
[1.171s] Level 1:colcon.colcon_core.package_identification:_identify(XRF2/XenoRosFramework/Xenomai/src) by extensions ['cmake', 'python']
[1.171s] Level 1:colcon.colcon_core.package_identification:_identify(XRF2/XenoRosFramework/Xenomai/src) by extension 'cmake'
[1.171s] Level 1:colcon.colcon_core.package_identification:_identify(XRF2/XenoRosFramework/Xenomai/src) by extension 'python'
[1.172s] Level 1:colcon.colcon_core.package_identification:_identify(XRF2/XenoRosFramework/Xenomai/src) by extensions ['python_setup_py']
[1.172s] Level 1:colcon.colcon_core.package_identification:_identify(XRF2/XenoRosFramework/Xenomai/src) by extension 'python_setup_py'
[1.173s] Level 1:colcon.colcon_core.package_identification:_identify(build) by extensions ['ignore', 'ignore_ament_install']
[1.173s] Level 1:colcon.colcon_core.package_identification:_identify(build) by extension 'ignore'
[1.173s] Level 1:colcon.colcon_core.package_identification:_identify(build) ignored
[1.174s] Level 1:colcon.colcon_core.package_identification:_identify(install) by extensions ['ignore', 'ignore_ament_install']
[1.175s] Level 1:colcon.colcon_core.package_identification:_identify(install) by extension 'ignore'
[1.175s] Level 1:colcon.colcon_core.package_identification:_identify(install) ignored
[1.176s] Level 1:colcon.colcon_core.package_identification:_identify(log) by extensions ['ignore', 'ignore_ament_install']
[1.176s] Level 1:colcon.colcon_core.package_identification:_identify(log) by extension 'ignore'
[1.177s] Level 1:colcon.colcon_core.package_identification:_identify(log) ignored
[1.177s] Level 1:colcon.colcon_core.package_identification:_identify(src) by extensions ['ignore', 'ignore_ament_install']
[1.178s] Level 1:colcon.colcon_core.package_identification:_identify(src) by extension 'ignore'
[1.178s] Level 1:colcon.colcon_core.package_identification:_identify(src) by extension 'ignore_ament_install'
[1.179s] Level 1:colcon.colcon_core.package_identification:_identify(src) by extensions ['colcon_pkg']
[1.179s] Level 1:colcon.colcon_core.package_identification:_identify(src) by extension 'colcon_pkg'
[1.179s] Level 1:colcon.colcon_core.package_identification:_identify(src) by extensions ['colcon_meta']
[1.180s] Level 1:colcon.colcon_core.package_identification:_identify(src) by extension 'colcon_meta'
[1.180s] Level 1:colcon.colcon_core.package_identification:_identify(src) by extensions ['ros']
[1.180s] Level 1:colcon.colcon_core.package_identification:_identify(src) by extension 'ros'
[1.181s] Level 1:colcon.colcon_core.package_identification:_identify(src) by extensions ['cmake', 'python']
[1.181s] Level 1:colcon.colcon_core.package_identification:_identify(src) by extension 'cmake'
[1.181s] Level 1:colcon.colcon_core.package_identification:_identify(src) by extension 'python'
[1.182s] Level 1:colcon.colcon_core.package_identification:_identify(src) by extensions ['python_setup_py']
[1.182s] Level 1:colcon.colcon_core.package_identification:_identify(src) by extension 'python_setup_py'
[1.183s] Level 1:colcon.colcon_core.package_identification:_identify(src/Template-20sim) by extensions ['ignore', 'ignore_ament_install']
[1.183s] Level 1:colcon.colcon_core.package_identification:_identify(src/Template-20sim) by extension 'ignore'
[1.184s] Level 1:colcon.colcon_core.package_identification:_identify(src/Template-20sim) by extension 'ignore_ament_install'
[1.184s] Level 1:colcon.colcon_core.package_identification:_identify(src/Template-20sim) by extensions ['colcon_pkg']
[1.185s] Level 1:colcon.colcon_core.package_identification:_identify(src/Template-20sim) by extension 'colcon_pkg'
[1.185s] Level 1:colcon.colcon_core.package_identification:_identify(src/Template-20sim) by extensions ['colcon_meta']
[1.185s] Level 1:colcon.colcon_core.package_identification:_identify(src/Template-20sim) by extension 'colcon_meta'
[1.186s] Level 1:colcon.colcon_core.package_identification:_identify(src/Template-20sim) by extensions ['ros']
[1.186s] Level 1:colcon.colcon_core.package_identification:_identify(src/Template-20sim) by extension 'ros'
[1.186s] Level 1:colcon.colcon_core.package_identification:_identify(src/Template-20sim) by extensions ['cmake', 'python']
[1.187s] Level 1:colcon.colcon_core.package_identification:_identify(src/Template-20sim) by extension 'cmake'
[1.192s] Level 1:colcon.colcon_core.package_identification:_identify(src/Template-20sim) by extension 'python'
[1.193s] DEBUG:colcon.colcon_core.package_identification:Package 'src/Template-20sim' with type 'cmake' and name 'template_20sim'
[1.194s] Level 1:colcon.colcon_core.package_identification:_identify(src/Xenomai) by extensions ['ignore', 'ignore_ament_install']
[1.194s] Level 1:colcon.colcon_core.package_identification:_identify(src/Xenomai) by extension 'ignore'
[1.195s] Level 1:colcon.colcon_core.package_identification:_identify(src/Xenomai) by extension 'ignore_ament_install'
[1.195s] Level 1:colcon.colcon_core.package_identification:_identify(src/Xenomai) by extensions ['colcon_pkg']
[1.196s] Level 1:colcon.colcon_core.package_identification:_identify(src/Xenomai) by extension 'colcon_pkg'
[1.197s] Level 1:colcon.colcon_core.package_identification:_identify(src/Xenomai) by extensions ['colcon_meta']
[1.197s] Level 1:colcon.colcon_core.package_identification:_identify(src/Xenomai) by extension 'colcon_meta'
[1.198s] Level 1:colcon.colcon_core.package_identification:_identify(src/Xenomai) by extensions ['ros']
[1.198s] Level 1:colcon.colcon_core.package_identification:_identify(src/Xenomai) by extension 'ros'
[1.199s] Level 1:colcon.colcon_core.package_identification:_identify(src/Xenomai) by extensions ['cmake', 'python']
[1.199s] Level 1:colcon.colcon_core.package_identification:_identify(src/Xenomai) by extension 'cmake'
[1.201s] Level 1:colcon.colcon_core.package_identification:_identify(src/Xenomai) by extension 'python'
[1.202s] DEBUG:colcon.colcon_core.package_identification:Package 'src/Xenomai' with type 'cmake' and name 'demo'
[1.203s] Level 1:colcon.colcon_core.package_identification:_identify(src/cam2image_host2vm) by extensions ['ignore', 'ignore_ament_install']
[1.203s] Level 1:colcon.colcon_core.package_identification:_identify(src/cam2image_host2vm) by extension 'ignore'
[1.204s] Level 1:colcon.colcon_core.package_identification:_identify(src/cam2image_host2vm) by extension 'ignore_ament_install'
[1.204s] Level 1:colcon.colcon_core.package_identification:_identify(src/cam2image_host2vm) by extensions ['colcon_pkg']
[1.205s] Level 1:colcon.colcon_core.package_identification:_identify(src/cam2image_host2vm) by extension 'colcon_pkg'
[1.205s] Level 1:colcon.colcon_core.package_identification:_identify(src/cam2image_host2vm) by extensions ['colcon_meta']
[1.205s] Level 1:colcon.colcon_core.package_identification:_identify(src/cam2image_host2vm) by extension 'colcon_meta'
[1.206s] Level 1:colcon.colcon_core.package_identification:_identify(src/cam2image_host2vm) by extensions ['ros']
[1.206s] Level 1:colcon.colcon_core.package_identification:_identify(src/cam2image_host2vm) by extension 'ros'
[1.207s] Level 1:colcon.colcon_core.package_identification:_identify(src/cam2image_host2vm) by extensions ['cmake', 'python']
[1.208s] Level 1:colcon.colcon_core.package_identification:_identify(src/cam2image_host2vm) by extension 'cmake'
[1.208s] Level 1:colcon.colcon_core.package_identification:_identify(src/cam2image_host2vm) by extension 'python'
[1.209s] Level 1:colcon.colcon_core.package_identification:_identify(src/cam2image_host2vm) by extensions ['python_setup_py']
[1.209s] Level 1:colcon.colcon_core.package_identification:_identify(src/cam2image_host2vm) by extension 'python_setup_py'
[1.210s] Level 1:colcon.colcon_core.package_identification:_identify(src/cam2image_vm2ros) by extensions ['ignore', 'ignore_ament_install']
[1.211s] Level 1:colcon.colcon_core.package_identification:_identify(src/cam2image_vm2ros) by extension 'ignore'
[1.211s] Level 1:colcon.colcon_core.package_identification:_identify(src/cam2image_vm2ros) by extension 'ignore_ament_install'
[1.212s] Level 1:colcon.colcon_core.package_identification:_identify(src/cam2image_vm2ros) by extensions ['colcon_pkg']
[1.212s] Level 1:colcon.colcon_core.package_identification:_identify(src/cam2image_vm2ros) by extension 'colcon_pkg'
[1.212s] Level 1:colcon.colcon_core.package_identification:_identify(src/cam2image_vm2ros) by extensions ['colcon_meta']
[1.213s] Level 1:colcon.colcon_core.package_identification:_identify(src/cam2image_vm2ros) by extension 'colcon_meta'
[1.213s] Level 1:colcon.colcon_core.package_identification:_identify(src/cam2image_vm2ros) by extensions ['ros']
[1.213s] Level 1:colcon.colcon_core.package_identification:_identify(src/cam2image_vm2ros) by extension 'ros'
[1.217s] DEBUG:colcon.colcon_core.package_identification:Package 'src/cam2image_vm2ros' with type 'ros.ament_cmake' and name 'cam2image_vm2ros'
[1.218s] Level 1:colcon.colcon_core.package_identification:_identify(src/green_object_detector) by extensions ['ignore', 'ignore_ament_install']
[1.218s] Level 1:colcon.colcon_core.package_identification:_identify(src/green_object_detector) by extension 'ignore'
[1.219s] Level 1:colcon.colcon_core.package_identification:_identify(src/green_object_detector) by extension 'ignore_ament_install'
[1.219s] Level 1:colcon.colcon_core.package_identification:_identify(src/green_object_detector) by extensions ['colcon_pkg']
[1.219s] Level 1:colcon.colcon_core.package_identification:_identify(src/green_object_detector) by extension 'colcon_pkg'
[1.220s] Level 1:colcon.colcon_core.package_identification:_identify(src/green_object_detector) by extensions ['colcon_meta']
[1.220s] Level 1:colcon.colcon_core.package_identification:_identify(src/green_object_detector) by extension 'colcon_meta'
[1.221s] Level 1:colcon.colcon_core.package_identification:_identify(src/green_object_detector) by extensions ['ros']
[1.221s] Level 1:colcon.colcon_core.package_identification:_identify(src/green_object_detector) by extension 'ros'
[1.224s] DEBUG:colcon.colcon_core.package_identification:Package 'src/green_object_detector' with type 'ros.ament_cmake' and name 'green_object_detector'
[1.225s] Level 1:colcon.colcon_core.package_identification:_identify(src/image_functions_sdfr) by extensions ['ignore', 'ignore_ament_install']
[1.226s] Level 1:colcon.colcon_core.package_identification:_identify(src/image_functions_sdfr) by extension 'ignore'
[1.226s] Level 1:colcon.colcon_core.package_identification:_identify(src/image_functions_sdfr) by extension 'ignore_ament_install'
[1.226s] Level 1:colcon.colcon_core.package_identification:_identify(src/image_functions_sdfr) by extensions ['colcon_pkg']
[1.227s] Level 1:colcon.colcon_core.package_identification:_identify(src/image_functions_sdfr) by extension 'colcon_pkg'
[1.227s] Level 1:colcon.colcon_core.package_identification:_identify(src/image_functions_sdfr) by extensions ['colcon_meta']
[1.227s] Level 1:colcon.colcon_core.package_identification:_identify(src/image_functions_sdfr) by extension 'colcon_meta'
[1.228s] Level 1:colcon.colcon_core.package_identification:_identify(src/image_functions_sdfr) by extensions ['ros']
[1.228s] Level 1:colcon.colcon_core.package_identification:_identify(src/image_functions_sdfr) by extension 'ros'
[1.231s] DEBUG:colcon.colcon_core.package_identification:Package 'src/image_functions_sdfr' with type 'ros.ament_cmake' and name 'image_functions_sdfr'
[1.232s] Level 1:colcon.colcon_core.package_identification:_identify(src/relbot2turtlesim) by extensions ['ignore', 'ignore_ament_install']
[1.232s] Level 1:colcon.colcon_core.package_identification:_identify(src/relbot2turtlesim) by extension 'ignore'
[1.233s] Level 1:colcon.colcon_core.package_identification:_identify(src/relbot2turtlesim) by extension 'ignore_ament_install'
[1.233s] Level 1:colcon.colcon_core.package_identification:_identify(src/relbot2turtlesim) by extensions ['colcon_pkg']
[1.234s] Level 1:colcon.colcon_core.package_identification:_identify(src/relbot2turtlesim) by extension 'colcon_pkg'
[1.234s] Level 1:colcon.colcon_core.package_identification:_identify(src/relbot2turtlesim) by extensions ['colcon_meta']
[1.234s] Level 1:colcon.colcon_core.package_identification:_identify(src/relbot2turtlesim) by extension 'colcon_meta'
[1.235s] Level 1:colcon.colcon_core.package_identification:_identify(src/relbot2turtlesim) by extensions ['ros']
[1.235s] Level 1:colcon.colcon_core.package_identification:_identify(src/relbot2turtlesim) by extension 'ros'
[1.238s] DEBUG:colcon.colcon_core.package_identification:Package 'src/relbot2turtlesim' with type 'ros.ament_cmake' and name 'relbot2turtlesim'
[1.238s] Level 1:colcon.colcon_core.package_identification:_identify(src/relbot_adapter) by extensions ['ignore', 'ignore_ament_install']
[1.239s] Level 1:colcon.colcon_core.package_identification:_identify(src/relbot_adapter) by extension 'ignore'
[1.240s] Level 1:colcon.colcon_core.package_identification:_identify(src/relbot_adapter) by extension 'ignore_ament_install'
[1.240s] Level 1:colcon.colcon_core.package_identification:_identify(src/relbot_adapter) by extensions ['colcon_pkg']
[1.240s] Level 1:colcon.colcon_core.package_identification:_identify(src/relbot_adapter) by extension 'colcon_pkg'
[1.241s] Level 1:colcon.colcon_core.package_identification:_identify(src/relbot_adapter) by extensions ['colcon_meta']
[1.241s] Level 1:colcon.colcon_core.package_identification:_identify(src/relbot_adapter) by extension 'colcon_meta'
[1.241s] Level 1:colcon.colcon_core.package_identification:_identify(src/relbot_adapter) by extensions ['ros']
[1.241s] Level 1:colcon.colcon_core.package_identification:_identify(src/relbot_adapter) by extension 'ros'
[1.245s] DEBUG:colcon.colcon_core.package_identification:Package 'src/relbot_adapter' with type 'ros.ament_cmake' and name 'relbot_adapter'
[1.246s] Level 1:colcon.colcon_core.package_identification:_identify(src/relbot_launch) by extensions ['ignore', 'ignore_ament_install']
[1.246s] Level 1:colcon.colcon_core.package_identification:_identify(src/relbot_launch) by extension 'ignore'
[1.246s] Level 1:colcon.colcon_core.package_identification:_identify(src/relbot_launch) by extension 'ignore_ament_install'
[1.247s] Level 1:colcon.colcon_core.package_identification:_identify(src/relbot_launch) by extensions ['colcon_pkg']
[1.247s] Level 1:colcon.colcon_core.package_identification:_identify(src/relbot_launch) by extension 'colcon_pkg'
[1.248s] Level 1:colcon.colcon_core.package_identification:_identify(src/relbot_launch) by extensions ['colcon_meta']
[1.248s] Level 1:colcon.colcon_core.package_identification:_identify(src/relbot_launch) by extension 'colcon_meta'
[1.248s] Level 1:colcon.colcon_core.package_identification:_identify(src/relbot_launch) by extensions ['ros']
[1.248s] Level 1:colcon.colcon_core.package_identification:_identify(src/relbot_launch) by extension 'ros'
[1.251s] DEBUG:colcon.colcon_core.package_identification:Package 'src/relbot_launch' with type 'ros.ament_cmake' and name 'relbot_launch'
[1.252s] Level 1:colcon.colcon_core.package_identification:_identify(src/relbot_msgs) by extensions ['ignore', 'ignore_ament_install']
[1.252s] Level 1:colcon.colcon_core.package_identification:_identify(src/relbot_msgs) by extension 'ignore'
[1.253s] Level 1:colcon.colcon_core.package_identification:_identify(src/relbot_msgs) by extension 'ignore_ament_install'
[1.253s] Level 1:colcon.colcon_core.package_identification:_identify(src/relbot_msgs) by extensions ['colcon_pkg']
[1.254s] Level 1:colcon.colcon_core.package_identification:_identify(src/relbot_msgs) by extension 'colcon_pkg'
[1.254s] Level 1:colcon.colcon_core.package_identification:_identify(src/relbot_msgs) by extensions ['colcon_meta']
[1.254s] Level 1:colcon.colcon_core.package_identification:_identify(src/relbot_msgs) by extension 'colcon_meta'
[1.255s] Level 1:colcon.colcon_core.package_identification:_identify(src/relbot_msgs) by extensions ['ros']
[1.255s] Level 1:colcon.colcon_core.package_identification:_identify(src/relbot_msgs) by extension 'ros'
[1.257s] DEBUG:colcon.colcon_core.package_identification:Package 'src/relbot_msgs' with type 'ros.ament_cmake' and name 'relbot_msgs'
[1.258s] Level 1:colcon.colcon_core.package_identification:_identify(src/relbot_sequence_controller) by extensions ['ignore', 'ignore_ament_install']
[1.259s] Level 1:colcon.colcon_core.package_identification:_identify(src/relbot_sequence_controller) by extension 'ignore'
[1.259s] Level 1:colcon.colcon_core.package_identification:_identify(src/relbot_sequence_controller) by extension 'ignore_ament_install'
[1.260s] Level 1:colcon.colcon_core.package_identification:_identify(src/relbot_sequence_controller) by extensions ['colcon_pkg']
[1.260s] Level 1:colcon.colcon_core.package_identification:_identify(src/relbot_sequence_controller) by extension 'colcon_pkg'
[1.260s] Level 1:colcon.colcon_core.package_identification:_identify(src/relbot_sequence_controller) by extensions ['colcon_meta']
[1.261s] Level 1:colcon.colcon_core.package_identification:_identify(src/relbot_sequence_controller) by extension 'colcon_meta'
[1.261s] Level 1:colcon.colcon_core.package_identification:_identify(src/relbot_sequence_controller) by extensions ['ros']
[1.261s] Level 1:colcon.colcon_core.package_identification:_identify(src/relbot_sequence_controller) by extension 'ros'
[1.264s] DEBUG:colcon.colcon_core.package_identification:Package 'src/relbot_sequence_controller' with type 'ros.ament_cmake' and name 'relbot_sequence_controller'
[1.265s] Level 1:colcon.colcon_core.package_identification:_identify(src/relbot_simulator) by extensions ['ignore', 'ignore_ament_install']
[1.265s] Level 1:colcon.colcon_core.package_identification:_identify(src/relbot_simulator) by extension 'ignore'
[1.266s] Level 1:colcon.colcon_core.package_identification:_identify(src/relbot_simulator) by extension 'ignore_ament_install'
[1.266s] Level 1:colcon.colcon_core.package_identification:_identify(src/relbot_simulator) by extensions ['colcon_pkg']
[1.267s] Level 1:colcon.colcon_core.package_identification:_identify(src/relbot_simulator) by extension 'colcon_pkg'
[1.267s] Level 1:colcon.colcon_core.package_identification:_identify(src/relbot_simulator) by extensions ['colcon_meta']
[1.267s] Level 1:colcon.colcon_core.package_identification:_identify(src/relbot_simulator) by extension 'colcon_meta'
[1.268s] Level 1:colcon.colcon_core.package_identification:_identify(src/relbot_simulator) by extensions ['ros']
[1.268s] Level 1:colcon.colcon_core.package_identification:_identify(src/relbot_simulator) by extension 'ros'
[1.272s] DEBUG:colcon.colcon_core.package_identification:Package 'src/relbot_simulator' with type 'ros.ament_cmake' and name 'relbot_simulator'
[1.272s] Level 1:colcon.colcon_core.package_discovery:discover_packages(recursive) using defaults
[1.273s] Level 1:colcon.colcon_core.package_discovery:discover_packages(ignore) discover
[1.273s] Level 1:colcon.colcon_core.package_discovery:discover_packages(ignore) using defaults
[1.273s] Level 1:colcon.colcon_core.package_discovery:discover_packages(path) discover
[1.274s] Level 1:colcon.colcon_core.package_discovery:discover_packages(path) using defaults
[1.399s] INFO:colcon.colcon_core.package_selection:Skipping not selected package 'cam2image_vm2ros' in 'src/cam2image_vm2ros'
[1.399s] INFO:colcon.colcon_core.package_selection:Skipping not selected package 'green_object_detector' in 'src/green_object_detector'
[1.400s] INFO:colcon.colcon_core.package_selection:Skipping not selected package 'image_functions_sdfr' in 'src/image_functions_sdfr'
[1.400s] INFO:colcon.colcon_core.package_selection:Skipping not selected package 'relbot2turtlesim' in 'src/relbot2turtlesim'
[1.401s] INFO:colcon.colcon_core.package_selection:Skipping not selected package 'relbot_msgs' in 'src/relbot_msgs'
[1.401s] INFO:colcon.colcon_core.package_selection:Skipping not selected package 'relbot_sequence_controller' in 'src/relbot_sequence_controller'
[1.401s] INFO:colcon.colcon_core.package_selection:Skipping not selected package 'relbot_simulator' in 'src/relbot_simulator'
[1.401s] INFO:colcon.colcon_core.package_selection:Skipping not selected package 'demo' in 'src/Xenomai'
[1.402s] INFO:colcon.colcon_core.package_selection:Skipping not selected package 'relbot_adapter' in 'src/relbot_adapter'
[1.402s] INFO:colcon.colcon_core.package_selection:Skipping not selected package 'relbot_launch' in 'src/relbot_launch'
[1.402s] INFO:colcon.colcon_core.package_selection:Skipping not selected package 'ros_xeno_bridge' in 'XRF2/XenoRosFramework/Ros/ros_xeno_bridge'
[1.403s] INFO:colcon.colcon_core.package_selection:Skipping not selected package 'template_20sim' in 'src/Template-20sim'
[1.404s] Level 1:colcon.colcon_core.package_discovery:discover_packages(prefix_path) check parameters
[1.405s] Level 1:colcon.colcon_core.package_discovery:discover_packages(prefix_path) discover
[1.414s] DEBUG:colcon.colcon_installed_package_information.package_discovery:Found 271 installed packages in /opt/ros/humble
[1.420s] Level 1:colcon.colcon_core.package_discovery:discover_packages(prefix_path) using defaults
[1.561s] Level 5:colcon.colcon_core.verb:set package 'xrf2_msgs' build argument 'cmake_args' from command line to 'None'
[1.561s] Level 5:colcon.colcon_core.verb:set package 'xrf2_msgs' build argument 'cmake_target' from command line to 'None'
[1.561s] Level 5:colcon.colcon_core.verb:set package 'xrf2_msgs' build argument 'cmake_target_skip_unavailable' from command line to 'False'
[1.562s] Level 5:colcon.colcon_core.verb:set package 'xrf2_msgs' build argument 'cmake_clean_cache' from command line to 'False'
[1.562s] Level 5:colcon.colcon_core.verb:set package 'xrf2_msgs' build argument 'cmake_clean_first' from command line to 'False'
[1.562s] Level 5:colcon.colcon_core.verb:set package 'xrf2_msgs' build argument 'cmake_force_configure' from command line to 'False'
[1.563s] Level 5:colcon.colcon_core.verb:set package 'xrf2_msgs' build argument 'ament_cmake_args' from command line to 'None'
[1.563s] Level 5:colcon.colcon_core.verb:set package 'xrf2_msgs' build argument 'catkin_cmake_args' from command line to 'None'
[1.564s] Level 5:colcon.colcon_core.verb:set package 'xrf2_msgs' build argument 'catkin_skip_building_tests' from command line to 'False'
[1.564s] DEBUG:colcon.colcon_core.verb:Building package 'xrf2_msgs' with the following arguments: {'ament_cmake_args': None, 'build_base': '/home/sdfr-ppd-01/SDfR/assignment6/build/xrf2_msgs', 'catkin_cmake_args': None, 'catkin_skip_building_tests': False, 'cmake_args': None, 'cmake_clean_cache': False, 'cmake_clean_first': False, 'cmake_force_configure': False, 'cmake_target': None, 'cmake_target_skip_unavailable': False, 'install_base': '/home/sdfr-ppd-01/SDfR/assignment6/install/xrf2_msgs', 'merge_install': False, 'path': '/home/sdfr-ppd-01/SDfR/assignment6/XRF2/XenoRosFramework/Common/XRF2_msgs', 'symlink_install': False, 'test_result_base': None}
[1.565s] INFO:colcon.colcon_core.executor:Executing jobs using 'parallel' executor
[1.568s] DEBUG:colcon.colcon_parallel_executor.executor.parallel:run_until_complete
[1.569s] INFO:colcon.colcon_ros.task.ament_cmake.build:Building ROS package in '/home/sdfr-ppd-01/SDfR/assignment6/XRF2/XenoRosFramework/Common/XRF2_msgs' with build type 'ament_cmake'
[1.570s] INFO:colcon.colcon_cmake.task.cmake.build:Building CMake package in '/home/sdfr-ppd-01/SDfR/assignment6/XRF2/XenoRosFramework/Common/XRF2_msgs'
[1.579s] INFO:colcon.colcon_core.plugin_system:Skipping extension 'colcon_core.shell.bat': Not used on non-Windows systems
[1.580s] INFO:colcon.colcon_core.shell:Skip shell extension 'powershell' for command environment: Not usable outside of PowerShell
[1.580s] DEBUG:colcon.colcon_core.shell:Skip shell extension 'dsv' for command environment
[1.604s] DEBUG:colcon.colcon_core.event_handler.log_command:Invoking command in '/home/sdfr-ppd-01/SDfR/assignment6/build/xrf2_msgs': CMAKE_PREFIX_PATH=/opt/ros/humble /usr/bin/cmake /home/sdfr-ppd-01/SDfR/assignment6/XRF2/XenoRosFramework/Common/XRF2_msgs -DCMAKE_INSTALL_PREFIX=/home/sdfr-ppd-01/SDfR/assignment6/install/xrf2_msgs
[7.625s] DEBUG:colcon.colcon_core.event_handler.log_command:Invoked command in '/home/sdfr-ppd-01/SDfR/assignment6/build/xrf2_msgs' returned '0': CMAKE_PREFIX_PATH=/opt/ros/humble /usr/bin/cmake /home/sdfr-ppd-01/SDfR/assignment6/XRF2/XenoRosFramework/Common/XRF2_msgs -DCMAKE_INSTALL_PREFIX=/home/sdfr-ppd-01/SDfR/assignment6/install/xrf2_msgs
[7.632s] DEBUG:colcon.colcon_core.event_handler.log_command:Invoking command in '/home/sdfr-ppd-01/SDfR/assignment6/build/xrf2_msgs': CMAKE_PREFIX_PATH=/opt/ros/humble /usr/bin/cmake --build /home/sdfr-ppd-01/SDfR/assignment6/build/xrf2_msgs -- -j3 -l3
[21.241s] DEBUG:colcon.colcon_core.event_handler.log_command:Invoked command in '/home/sdfr-ppd-01/SDfR/assignment6/build/xrf2_msgs' returned '0': CMAKE_PREFIX_PATH=/opt/ros/humble /usr/bin/cmake --build /home/sdfr-ppd-01/SDfR/assignment6/build/xrf2_msgs -- -j3 -l3
[21.276s] DEBUG:colcon.colcon_core.event_handler.log_command:Invoking command in '/home/sdfr-ppd-01/SDfR/assignment6/build/xrf2_msgs': CMAKE_PREFIX_PATH=/opt/ros/humble /usr/bin/cmake --install /home/sdfr-ppd-01/SDfR/assignment6/build/xrf2_msgs
[21.655s] Level 1:colcon.colcon_core.environment:create_environment_scripts_only(xrf2_msgs)
[21.665s] DEBUG:colcon.colcon_core.event_handler.log_command:Invoked command in '/home/sdfr-ppd-01/SDfR/assignment6/build/xrf2_msgs' returned '0': CMAKE_PREFIX_PATH=/opt/ros/humble /usr/bin/cmake --install /home/sdfr-ppd-01/SDfR/assignment6/build/xrf2_msgs
[21.667s] Level 1:colcon.colcon_core.environment:checking '/home/sdfr-ppd-01/SDfR/assignment6/install/xrf2_msgs' for CMake module files
[21.670s] Level 1:colcon.colcon_core.environment:checking '/home/sdfr-ppd-01/SDfR/assignment6/install/xrf2_msgs' for CMake config files
[21.673s] Level 1:colcon.colcon_core.shell:create_environment_hook('xrf2_msgs', 'cmake_prefix_path')
[21.674s] INFO:colcon.colcon_core.shell:Creating environment hook '/home/sdfr-ppd-01/SDfR/assignment6/install/xrf2_msgs/share/xrf2_msgs/hook/cmake_prefix_path.ps1'
[21.677s] INFO:colcon.colcon_core.shell:Creating environment descriptor '/home/sdfr-ppd-01/SDfR/assignment6/install/xrf2_msgs/share/xrf2_msgs/hook/cmake_prefix_path.dsv'
[21.679s] INFO:colcon.colcon_core.shell:Creating environment hook '/home/sdfr-ppd-01/SDfR/assignment6/install/xrf2_msgs/share/xrf2_msgs/hook/cmake_prefix_path.sh'
[21.683s] Level 1:colcon.colcon_core.environment:checking '/home/sdfr-ppd-01/SDfR/assignment6/install/xrf2_msgs/lib'
[21.684s] Level 1:colcon.colcon_core.shell:create_environment_hook('xrf2_msgs', 'ld_library_path_lib')
[21.686s] INFO:colcon.colcon_core.shell:Creating environment hook '/home/sdfr-ppd-01/SDfR/assignment6/install/xrf2_msgs/share/xrf2_msgs/hook/ld_library_path_lib.ps1'
[21.688s] INFO:colcon.colcon_core.shell:Creating environment descriptor '/home/sdfr-ppd-01/SDfR/assignment6/install/xrf2_msgs/share/xrf2_msgs/hook/ld_library_path_lib.dsv'
[21.690s] INFO:colcon.colcon_core.shell:Creating environment hook '/home/sdfr-ppd-01/SDfR/assignment6/install/xrf2_msgs/share/xrf2_msgs/hook/ld_library_path_lib.sh'
[21.693s] Level 1:colcon.colcon_core.environment:checking '/home/sdfr-ppd-01/SDfR/assignment6/install/xrf2_msgs/bin'
[21.693s] Level 1:colcon.colcon_core.environment:checking '/home/sdfr-ppd-01/SDfR/assignment6/install/xrf2_msgs/lib/pkgconfig/xrf2_msgs.pc'
[21.694s] Level 1:colcon.colcon_core.environment:checking '/home/sdfr-ppd-01/SDfR/assignment6/install/xrf2_msgs/lib/python3.10/site-packages'
[21.696s] Level 1:colcon.colcon_core.environment:checking '/home/sdfr-ppd-01/SDfR/assignment6/install/xrf2_msgs/bin'
[21.697s] INFO:colcon.colcon_core.shell:Creating package script '/home/sdfr-ppd-01/SDfR/assignment6/install/xrf2_msgs/share/xrf2_msgs/package.ps1'
[21.702s] INFO:colcon.colcon_core.shell:Creating package descriptor '/home/sdfr-ppd-01/SDfR/assignment6/install/xrf2_msgs/share/xrf2_msgs/package.dsv'
[21.706s] INFO:colcon.colcon_core.shell:Creating package script '/home/sdfr-ppd-01/SDfR/assignment6/install/xrf2_msgs/share/xrf2_msgs/package.sh'
[21.709s] INFO:colcon.colcon_core.shell:Creating package script '/home/sdfr-ppd-01/SDfR/assignment6/install/xrf2_msgs/share/xrf2_msgs/package.bash'
[21.713s] INFO:colcon.colcon_core.shell:Creating package script '/home/sdfr-ppd-01/SDfR/assignment6/install/xrf2_msgs/share/xrf2_msgs/package.zsh'
[21.717s] Level 1:colcon.colcon_core.environment:create_file_with_runtime_dependencies(/home/sdfr-ppd-01/SDfR/assignment6/install/xrf2_msgs/share/colcon-core/packages/xrf2_msgs)
[21.721s] Level 1:colcon.colcon_core.environment:create_environment_scripts_only(xrf2_msgs)
[21.722s] Level 1:colcon.colcon_core.environment:checking '/home/sdfr-ppd-01/SDfR/assignment6/install/xrf2_msgs' for CMake module files
[21.725s] Level 1:colcon.colcon_core.environment:checking '/home/sdfr-ppd-01/SDfR/assignment6/install/xrf2_msgs' for CMake config files
[21.728s] Level 1:colcon.colcon_core.shell:create_environment_hook('xrf2_msgs', 'cmake_prefix_path')
[21.729s] INFO:colcon.colcon_core.shell:Creating environment hook '/home/sdfr-ppd-01/SDfR/assignment6/install/xrf2_msgs/share/xrf2_msgs/hook/cmake_prefix_path.ps1'
[21.731s] INFO:colcon.colcon_core.shell:Creating environment descriptor '/home/sdfr-ppd-01/SDfR/assignment6/install/xrf2_msgs/share/xrf2_msgs/hook/cmake_prefix_path.dsv'
[21.734s] INFO:colcon.colcon_core.shell:Creating environment hook '/home/sdfr-ppd-01/SDfR/assignment6/install/xrf2_msgs/share/xrf2_msgs/hook/cmake_prefix_path.sh'
[21.737s] Level 1:colcon.colcon_core.environment:checking '/home/sdfr-ppd-01/SDfR/assignment6/install/xrf2_msgs/lib'
[21.737s] Level 1:colcon.colcon_core.shell:create_environment_hook('xrf2_msgs', 'ld_library_path_lib')
[21.738s] INFO:colcon.colcon_core.shell:Creating environment hook '/home/sdfr-ppd-01/SDfR/assignment6/install/xrf2_msgs/share/xrf2_msgs/hook/ld_library_path_lib.ps1'
[21.741s] INFO:colcon.colcon_core.shell:Creating environment descriptor '/home/sdfr-ppd-01/SDfR/assignment6/install/xrf2_msgs/share/xrf2_msgs/hook/ld_library_path_lib.dsv'
[21.743s] INFO:colcon.colcon_core.shell:Creating environment hook '/home/sdfr-ppd-01/SDfR/assignment6/install/xrf2_msgs/share/xrf2_msgs/hook/ld_library_path_lib.sh'
[21.745s] Level 1:colcon.colcon_core.environment:checking '/home/sdfr-ppd-01/SDfR/assignment6/install/xrf2_msgs/bin'
[21.745s] Level 1:colcon.colcon_core.environment:checking '/home/sdfr-ppd-01/SDfR/assignment6/install/xrf2_msgs/lib/pkgconfig/xrf2_msgs.pc'
[21.746s] Level 1:colcon.colcon_core.environment:checking '/home/sdfr-ppd-01/SDfR/assignment6/install/xrf2_msgs/lib/python3.10/site-packages'
[21.747s] Level 1:colcon.colcon_core.environment:checking '/home/sdfr-ppd-01/SDfR/assignment6/install/xrf2_msgs/bin'
[21.749s] INFO:colcon.colcon_core.shell:Creating package script '/home/sdfr-ppd-01/SDfR/assignment6/install/xrf2_msgs/share/xrf2_msgs/package.ps1'
[21.752s] INFO:colcon.colcon_core.shell:Creating package descriptor '/home/sdfr-ppd-01/SDfR/assignment6/install/xrf2_msgs/share/xrf2_msgs/package.dsv'
[21.754s] INFO:colcon.colcon_core.shell:Creating package script '/home/sdfr-ppd-01/SDfR/assignment6/install/xrf2_msgs/share/xrf2_msgs/package.sh'
[21.756s] INFO:colcon.colcon_core.shell:Creating package script '/home/sdfr-ppd-01/SDfR/assignment6/install/xrf2_msgs/share/xrf2_msgs/package.bash'
[21.759s] INFO:colcon.colcon_core.shell:Creating package script '/home/sdfr-ppd-01/SDfR/assignment6/install/xrf2_msgs/share/xrf2_msgs/package.zsh'
[21.761s] Level 1:colcon.colcon_core.environment:create_file_with_runtime_dependencies(/home/sdfr-ppd-01/SDfR/assignment6/install/xrf2_msgs/share/colcon-core/packages/xrf2_msgs)
[21.762s] DEBUG:colcon.colcon_parallel_executor.executor.parallel:closing loop
[21.763s] DEBUG:colcon.colcon_parallel_executor.executor.parallel:loop closed
[21.764s] DEBUG:colcon.colcon_parallel_executor.executor.parallel:run_until_complete finished with '0'
[21.764s] DEBUG:colcon.colcon_core.event_reactor:joining thread
[21.780s] INFO:colcon.colcon_core.plugin_system:Skipping extension 'colcon_notification.desktop_notification.notify_send': Could not find 'notify-send'
[21.781s] INFO:colcon.colcon_core.plugin_system:Skipping extension 'colcon_notification.desktop_notification.terminal_notifier': Not used on non-Darwin systems
[21.781s] INFO:colcon.colcon_core.plugin_system:Skipping extension 'colcon_notification.desktop_notification.win32': Not used on non-Windows systems
[21.782s] INFO:colcon.colcon_notification.desktop_notification:Sending desktop notification using 'notify2'
[21.782s] DEBUG:colcon.colcon_notification.desktop_notification.notify2:Failed to initialize notify2: org.freedesktop.DBus.Error.AccessDenied: Failed to connect to socket /run/user/1101/bus: Operation not permitted
[21.783s] DEBUG:colcon.colcon_core.event_reactor:joined thread
[21.784s] INFO:colcon.colcon_core.shell:Creating prefix script '/home/sdfr-ppd-01/SDfR/assignment6/install/local_setup.ps1'
[21.788s] INFO:colcon.colcon_core.shell:Creating prefix util module '/home/sdfr-ppd-01/SDfR/assignment6/install/_local_setup_util_ps1.py'
[21.794s] INFO:colcon.colcon_core.shell:Creating prefix chain script '/home/sdfr-ppd-01/SDfR/assignment6/install/setup.ps1'
[21.797s] INFO:colcon.colcon_core.shell:Creating prefix script '/home/sdfr-ppd-01/SDfR/assignment6/install/local_setup.sh'
[21.800s] INFO:colcon.colcon_core.shell:Creating prefix util module '/home/sdfr-ppd-01/SDfR/assignment6/install/_local_setup_util_sh.py'
[21.803s] INFO:colcon.colcon_core.shell:Creating prefix chain script '/home/sdfr-ppd-01/SDfR/assignment6/install/setup.sh'
[21.807s] INFO:colcon.colcon_core.shell:Creating prefix script '/home/sdfr-ppd-01/SDfR/assignment6/install/local_setup.bash'
[21.810s] INFO:colcon.colcon_core.shell:Creating prefix chain script '/home/sdfr-ppd-01/SDfR/assignment6/install/setup.bash'
[21.814s] INFO:colcon.colcon_core.shell:Creating prefix script '/home/sdfr-ppd-01/SDfR/assignment6/install/local_setup.zsh'
[21.817s] INFO:colcon.colcon_core.shell:Creating prefix chain script '/home/sdfr-ppd-01/SDfR/assignment6/install/setup.zsh'
