[0.040s] Invoking command in '/home/sdfr-ppd-01/SDfR/assignment6/build/image_functions_sdfr': CMAKE_PREFIX_PATH=${CMAKE_PREFIX_PATH}:/opt/ros/humble /usr/bin/cmake --build /home/sdfr-ppd-01/SDfR/assignment6/build/image_functions_sdfr -- -j3 -l3
[0.195s] [35m[1mConsolidate compiler generated dependencies of target image_functions[0m
[0.940s] [100%] Built target image_functions
[1.217s] Invoked command in '/home/sdfr-ppd-01/SDfR/assignment6/build/image_functions_sdfr' returned '0': CMAKE_PREFIX_PATH=${CMAKE_PREFIX_PATH}:/opt/ros/humble /usr/bin/cmake --build /home/sdfr-ppd-01/SDfR/assignment6/build/image_functions_sdfr -- -j3 -l3
[1.224s] Invoking command in '/home/sdfr-ppd-01/SDfR/assignment6/build/image_functions_sdfr': CMAKE_PREFIX_PATH=${CMAKE_PREFIX_PATH}:/opt/ros/humble /usr/bin/cmake --install /home/sdfr-ppd-01/SDfR/assignment6/build/image_functions_sdfr
[1.267s] -- Install configuration: ""
[1.269s] -- Installing: /home/sdfr-ppd-01/SDfR/assignment6/install/image_functions_sdfr/include
[1.291s] -- Installing: /home/sdfr-ppd-01/SDfR/assignment6/install/image_functions_sdfr/include/image_functions_sdfr
[1.293s] -- Installing: /home/sdfr-ppd-01/SDfR/assignment6/install/image_functions_sdfr/include/image_functions_sdfr/visibility_control.h
[1.294s] -- Installing: /home/sdfr-ppd-01/SDfR/assignment6/install/image_functions_sdfr/include/image_functions_sdfr/image_functions.hpp
[1.296s] -- Installing: /home/sdfr-ppd-01/SDfR/assignment6/install/image_functions_sdfr/lib/libimage_functions.so
[1.297s] -- Set runtime path of "/home/sdfr-ppd-01/SDfR/assignment6/install/image_functions_sdfr/lib/libimage_functions.so" to ""
[1.299s] -- Installing: /home/sdfr-ppd-01/SDfR/assignment6/install/image_functions_sdfr/share/image_functions_sdfr/environment/library_path.sh
[1.302s] -- Installing: /home/sdfr-ppd-01/SDfR/assignment6/install/image_functions_sdfr/share/image_functions_sdfr/environment/library_path.dsv
[1.303s] -- Installing: /home/sdfr-ppd-01/SDfR/assignment6/install/image_functions_sdfr/share/ament_index/resource_index/package_run_dependencies/image_functions_sdfr
[1.306s] -- Installing: /home/sdfr-ppd-01/SDfR/assignment6/install/image_functions_sdfr/share/ament_index/resource_index/parent_prefix_path/image_functions_sdfr
[1.307s] -- Installing: /home/sdfr-ppd-01/SDfR/assignment6/install/image_functions_sdfr/share/image_functions_sdfr/environment/ament_prefix_path.sh
[1.309s] -- Installing: /home/sdfr-ppd-01/SDfR/assignment6/install/image_functions_sdfr/share/image_functions_sdfr/environment/ament_prefix_path.dsv
[1.311s] -- Installing: /home/sdfr-ppd-01/SDfR/assignment6/install/image_functions_sdfr/share/image_functions_sdfr/environment/path.sh
[1.312s] -- Installing: /home/sdfr-ppd-01/SDfR/assignment6/install/image_functions_sdfr/share/image_functions_sdfr/environment/path.dsv
[1.325s] -- Installing: /home/sdfr-ppd-01/SDfR/assignment6/install/image_functions_sdfr/share/image_functions_sdfr/local_setup.bash
[1.327s] -- Installing: /home/sdfr-ppd-01/SDfR/assignment6/install/image_functions_sdfr/share/image_functions_sdfr/local_setup.sh
[1.329s] -- Installing: /home/sdfr-ppd-01/SDfR/assignment6/install/image_functions_sdfr/share/image_functions_sdfr/local_setup.zsh
[1.330s] -- Installing: /home/sdfr-ppd-01/SDfR/assignment6/install/image_functions_sdfr/share/image_functions_sdfr/local_setup.dsv
[1.332s] -- Installing: /home/sdfr-ppd-01/SDfR/assignment6/install/image_functions_sdfr/share/image_functions_sdfr/package.dsv
[1.333s] -- Installing: /home/sdfr-ppd-01/SDfR/assignment6/install/image_functions_sdfr/share/ament_index/resource_index/packages/image_functions_sdfr
[1.335s] -- Installing: /home/sdfr-ppd-01/SDfR/assignment6/install/image_functions_sdfr/share/image_functions_sdfr/cmake/export_image_functions_sdfrExport.cmake
[1.337s] -- Installing: /home/sdfr-ppd-01/SDfR/assignment6/install/image_functions_sdfr/share/image_functions_sdfr/cmake/export_image_functions_sdfrExport-noconfig.cmake
[1.354s] -- Installing: /home/sdfr-ppd-01/SDfR/assignment6/install/image_functions_sdfr/share/image_functions_sdfr/cmake/ament_cmake_export_include_directories-extras.cmake
[1.356s] -- Installing: /home/sdfr-ppd-01/SDfR/assignment6/install/image_functions_sdfr/share/image_functions_sdfr/cmake/ament_cmake_export_libraries-extras.cmake
[1.358s] -- Installing: /home/sdfr-ppd-01/SDfR/assignment6/install/image_functions_sdfr/share/image_functions_sdfr/cmake/ament_cmake_export_targets-extras.cmake
[1.379s] -- Installing: /home/sdfr-ppd-01/SDfR/assignment6/install/image_functions_sdfr/share/image_functions_sdfr/cmake/ament_cmake_export_dependencies-extras.cmake
[1.380s] -- Installing: /home/sdfr-ppd-01/SDfR/assignment6/install/image_functions_sdfr/share/image_functions_sdfr/cmake/image_functions_sdfrConfig.cmake
[1.382s] -- Installing: /home/sdfr-ppd-01/SDfR/assignment6/install/image_functions_sdfr/share/image_functions_sdfr/cmake/image_functions_sdfrConfig-version.cmake
[1.383s] -- Installing: /home/sdfr-ppd-01/SDfR/assignment6/install/image_functions_sdfr/share/image_functions_sdfr/package.xml
[1.385s] Invoked command in '/home/sdfr-ppd-01/SDfR/assignment6/build/image_functions_sdfr' returned '0': CMAKE_PREFIX_PATH=${CMAKE_PREFIX_PATH}:/opt/ros/humble /usr/bin/cmake --install /home/sdfr-ppd-01/SDfR/assignment6/build/image_functions_sdfr
