[0.376s] Invoking command in '/home/jordan/SDfR/assignment6/build/relbot_launch': AMENT_PREFIX_PATH=/home/jordan/SDfR/assignment6/install/relbot_simulator:/home/jordan/SDfR/assignment6/install/relbot_sequence_controller:/home/jordan/SDfR/assignment6/install/relbot2turtlesim:/home/jordan/SDfR/assignment6/install/green_object_detector:/home/jordan/SDfR/assignment6/install/cam2image_vm2ros:${AMENT_PREFIX_PATH} CMAKE_PREFIX_PATH=/home/jordan/SDfR/assignment6/install/relbot_simulator:/home/jordan/SDfR/assignment6/install/relbot_sequence_controller:/home/jordan/SDfR/assignment6/install/relbot2turtlesim:/home/jordan/SDfR/assignment6/install/green_object_detector:/home/jordan/SDfR/assignment6/install/cam2image_vm2ros:/opt/ros/humble LD_LIBRARY_PATH=/home/jordan/SDfR/assignment6/install/cam2image_vm2ros/lib:${LD_LIBRARY_PATH} /usr/bin/cmake /home/jordan/SDfR/assignment6/src/relbot_launch -DCMAKE_INSTALL_PREFIX=/home/jordan/SDfR/assignment6/install/relbot_launch
[0.566s] -- The C compiler identification is GNU 11.4.0
[1.342s] -- The CXX compiler identification is GNU 11.4.0
[1.927s] -- Detecting C compiler ABI info
[2.139s] -- Detecting C compiler ABI info - done
[2.144s] -- Check for working C compiler: /usr/bin/cc - skipped
[2.145s] -- Detecting C compile features
[2.145s] -- Detecting C compile features - done
[2.147s] -- Detecting CXX compiler ABI info
[2.342s] -- Detecting CXX compiler ABI info - done
[2.349s] -- Check for working CXX compiler: /usr/bin/c++ - skipped
[2.349s] -- Detecting CXX compile features
[2.349s] -- Detecting CXX compile features - done
[2.352s] -- Found ament_cmake: 1.3.13 (/opt/ros/humble/share/ament_cmake/cmake)
[2.486s] -- Found Python3: /usr/bin/python3 (found version "3.10.12") found components: Interpreter 
[2.573s] -- Found ament_lint_auto: 0.12.15 (/opt/ros/humble/share/ament_lint_auto/cmake)
[2.643s] -- Added test 'flake8' to check Python code syntax and style conventions
[2.645s] -- Added test 'lint_cmake' to check CMake code style
[2.646s] -- Added test 'pep257' to check Python code against some of the docstring style conventions in PEP 257
[2.648s] -- Added test 'xmllint' to check XML markup files
[2.650s] -- Configuring done
[2.657s] -- Generating done
[2.660s] -- Build files have been written to: /home/jordan/SDfR/assignment6/build/relbot_launch
[2.665s] Invoked command in '/home/jordan/SDfR/assignment6/build/relbot_launch' returned '0': AMENT_PREFIX_PATH=/home/jordan/SDfR/assignment6/install/relbot_simulator:/home/jordan/SDfR/assignment6/install/relbot_sequence_controller:/home/jordan/SDfR/assignment6/install/relbot2turtlesim:/home/jordan/SDfR/assignment6/install/green_object_detector:/home/jordan/SDfR/assignment6/install/cam2image_vm2ros:${AMENT_PREFIX_PATH} CMAKE_PREFIX_PATH=/home/jordan/SDfR/assignment6/install/relbot_simulator:/home/jordan/SDfR/assignment6/install/relbot_sequence_controller:/home/jordan/SDfR/assignment6/install/relbot2turtlesim:/home/jordan/SDfR/assignment6/install/green_object_detector:/home/jordan/SDfR/assignment6/install/cam2image_vm2ros:/opt/ros/humble LD_LIBRARY_PATH=/home/jordan/SDfR/assignment6/install/cam2image_vm2ros/lib:${LD_LIBRARY_PATH} /usr/bin/cmake /home/jordan/SDfR/assignment6/src/relbot_launch -DCMAKE_INSTALL_PREFIX=/home/jordan/SDfR/assignment6/install/relbot_launch
[2.667s] Invoking command in '/home/jordan/SDfR/assignment6/build/relbot_launch': AMENT_PREFIX_PATH=/home/jordan/SDfR/assignment6/install/relbot_simulator:/home/jordan/SDfR/assignment6/install/relbot_sequence_controller:/home/jordan/SDfR/assignment6/install/relbot2turtlesim:/home/jordan/SDfR/assignment6/install/green_object_detector:/home/jordan/SDfR/assignment6/install/cam2image_vm2ros:${AMENT_PREFIX_PATH} CMAKE_PREFIX_PATH=/home/jordan/SDfR/assignment6/install/relbot_simulator:/home/jordan/SDfR/assignment6/install/relbot_sequence_controller:/home/jordan/SDfR/assignment6/install/relbot2turtlesim:/home/jordan/SDfR/assignment6/install/green_object_detector:/home/jordan/SDfR/assignment6/install/cam2image_vm2ros:/opt/ros/humble LD_LIBRARY_PATH=/home/jordan/SDfR/assignment6/install/cam2image_vm2ros/lib:${LD_LIBRARY_PATH} /usr/bin/cmake --build /home/jordan/SDfR/assignment6/build/relbot_launch -- -j16 -l16
[2.710s] Invoked command in '/home/jordan/SDfR/assignment6/build/relbot_launch' returned '0': AMENT_PREFIX_PATH=/home/jordan/SDfR/assignment6/install/relbot_simulator:/home/jordan/SDfR/assignment6/install/relbot_sequence_controller:/home/jordan/SDfR/assignment6/install/relbot2turtlesim:/home/jordan/SDfR/assignment6/install/green_object_detector:/home/jordan/SDfR/assignment6/install/cam2image_vm2ros:${AMENT_PREFIX_PATH} CMAKE_PREFIX_PATH=/home/jordan/SDfR/assignment6/install/relbot_simulator:/home/jordan/SDfR/assignment6/install/relbot_sequence_controller:/home/jordan/SDfR/assignment6/install/relbot2turtlesim:/home/jordan/SDfR/assignment6/install/green_object_detector:/home/jordan/SDfR/assignment6/install/cam2image_vm2ros:/opt/ros/humble LD_LIBRARY_PATH=/home/jordan/SDfR/assignment6/install/cam2image_vm2ros/lib:${LD_LIBRARY_PATH} /usr/bin/cmake --build /home/jordan/SDfR/assignment6/build/relbot_launch -- -j16 -l16
[2.712s] Invoking command in '/home/jordan/SDfR/assignment6/build/relbot_launch': AMENT_PREFIX_PATH=/home/jordan/SDfR/assignment6/install/relbot_simulator:/home/jordan/SDfR/assignment6/install/relbot_sequence_controller:/home/jordan/SDfR/assignment6/install/relbot2turtlesim:/home/jordan/SDfR/assignment6/install/green_object_detector:/home/jordan/SDfR/assignment6/install/cam2image_vm2ros:${AMENT_PREFIX_PATH} CMAKE_PREFIX_PATH=/home/jordan/SDfR/assignment6/install/relbot_simulator:/home/jordan/SDfR/assignment6/install/relbot_sequence_controller:/home/jordan/SDfR/assignment6/install/relbot2turtlesim:/home/jordan/SDfR/assignment6/install/green_object_detector:/home/jordan/SDfR/assignment6/install/cam2image_vm2ros:/opt/ros/humble LD_LIBRARY_PATH=/home/jordan/SDfR/assignment6/install/cam2image_vm2ros/lib:${LD_LIBRARY_PATH} /usr/bin/cmake --install /home/jordan/SDfR/assignment6/build/relbot_launch
[2.719s] -- Install configuration: ""
[2.720s] -- Installing: /home/jordan/SDfR/assignment6/install/relbot_launch/share/relbot_launch//launch
[2.721s] -- Installing: /home/jordan/SDfR/assignment6/install/relbot_launch/share/relbot_launch//launch/relbot_system.launch.py
[2.721s] -- Installing: /home/jordan/SDfR/assignment6/install/relbot_launch/share/relbot_launch//launch/relbot_green_tracking.launch.py
[2.721s] -- Installing: /home/jordan/SDfR/assignment6/install/relbot_launch/share/relbot_launch//launch/relbot_to_turtle.launch.py
[2.722s] -- Installing: /home/jordan/SDfR/assignment6/install/relbot_launch/share/relbot_launch//launch/relbot_sequence_controller.launch.py
[2.722s] -- Installing: /home/jordan/SDfR/assignment6/install/relbot_launch/share/relbot_launch//launch/relbot_system_joystick.launch.py
[2.722s] -- Installing: /home/jordan/SDfR/assignment6/install/relbot_launch/share/relbot_launch//launch/relbot_implementation.launch.py
[2.723s] -- Installing: /home/jordan/SDfR/assignment6/install/relbot_launch/share/ament_index/resource_index/package_run_dependencies/relbot_launch
[2.724s] -- Installing: /home/jordan/SDfR/assignment6/install/relbot_launch/share/ament_index/resource_index/parent_prefix_path/relbot_launch
[2.725s] -- Installing: /home/jordan/SDfR/assignment6/install/relbot_launch/share/relbot_launch/environment/ament_prefix_path.sh
[2.725s] -- Installing: /home/jordan/SDfR/assignment6/install/relbot_launch/share/relbot_launch/environment/ament_prefix_path.dsv
[2.725s] -- Installing: /home/jordan/SDfR/assignment6/install/relbot_launch/share/relbot_launch/environment/path.sh
[2.725s] -- Installing: /home/jordan/SDfR/assignment6/install/relbot_launch/share/relbot_launch/environment/path.dsv
[2.726s] -- Installing: /home/jordan/SDfR/assignment6/install/relbot_launch/share/relbot_launch/local_setup.bash
[2.726s] -- Installing: /home/jordan/SDfR/assignment6/install/relbot_launch/share/relbot_launch/local_setup.sh
[2.726s] -- Installing: /home/jordan/SDfR/assignment6/install/relbot_launch/share/relbot_launch/local_setup.zsh
[2.726s] -- Installing: /home/jordan/SDfR/assignment6/install/relbot_launch/share/relbot_launch/local_setup.dsv
[2.726s] -- Installing: /home/jordan/SDfR/assignment6/install/relbot_launch/share/relbot_launch/package.dsv
[2.727s] -- Installing: /home/jordan/SDfR/assignment6/install/relbot_launch/share/ament_index/resource_index/packages/relbot_launch
[2.728s] -- Installing: /home/jordan/SDfR/assignment6/install/relbot_launch/share/relbot_launch/cmake/relbot_launchConfig.cmake
[2.728s] -- Installing: /home/jordan/SDfR/assignment6/install/relbot_launch/share/relbot_launch/cmake/relbot_launchConfig-version.cmake
[2.728s] -- Installing: /home/jordan/SDfR/assignment6/install/relbot_launch/share/relbot_launch/package.xml
[2.731s] Invoked command in '/home/jordan/SDfR/assignment6/build/relbot_launch' returned '0': AMENT_PREFIX_PATH=/home/jordan/SDfR/assignment6/install/relbot_simulator:/home/jordan/SDfR/assignment6/install/relbot_sequence_controller:/home/jordan/SDfR/assignment6/install/relbot2turtlesim:/home/jordan/SDfR/assignment6/install/green_object_detector:/home/jordan/SDfR/assignment6/install/cam2image_vm2ros:${AMENT_PREFIX_PATH} CMAKE_PREFIX_PATH=/home/jordan/SDfR/assignment6/install/relbot_simulator:/home/jordan/SDfR/assignment6/install/relbot_sequence_controller:/home/jordan/SDfR/assignment6/install/relbot2turtlesim:/home/jordan/SDfR/assignment6/install/green_object_detector:/home/jordan/SDfR/assignment6/install/cam2image_vm2ros:/opt/ros/humble LD_LIBRARY_PATH=/home/jordan/SDfR/assignment6/install/cam2image_vm2ros/lib:${LD_LIBRARY_PATH} /usr/bin/cmake --install /home/jordan/SDfR/assignment6/build/relbot_launch
