[0.123s] Invoking command in '/home/jordan/SDfR/assignment6/build/xrf2_msgs': CMAKE_PREFIX_PATH=${CMAKE_PREFIX_PATH}:/opt/ros/humble /usr/bin/cmake --build /home/jordan/SDfR/assignment6/build/xrf2_msgs -- -j16 -l16
[0.320s] [  2%] Built target xrf2_msgs__cpp
[0.321s] [ 12%] Built target xrf2_msgs__rosidl_generator_c
[0.378s] [ 12%] Built target ament_cmake_python_copy_xrf2_msgs
[0.419s] [ 23%] Built target xrf2_msgs__rosidl_typesupport_introspection_cpp
[0.422s] [ 33%] Built target xrf2_msgs__rosidl_typesupport_fastrtps_cpp
[0.436s] [ 43%] Built target xrf2_msgs__rosidl_typesupport_fastrtps_c
[0.467s] [ 53%] Built target xrf2_msgs__rosidl_typesupport_cpp
[0.485s] [ 64%] Built target xrf2_msgs__rosidl_typesupport_introspection_c
[0.496s] [ 74%] Built target xrf2_msgs__rosidl_typesupport_c
[0.669s] [ 74%] Built target xrf2_msgs
[0.720s] [ 76%] Built target xrf2_msgs__py
[0.736s] [ 84%] Built target xrf2_msgs__rosidl_generator_py
[0.823s] [ 92%] Built target xrf2_msgs__rosidl_typesupport_introspection_c__pyext
[0.824s] [ 94%] Built target xrf2_msgs__rosidl_typesupport_fastrtps_c__pyext
[0.827s] [100%] Built target xrf2_msgs__rosidl_typesupport_c__pyext
[1.175s] running egg_info
[1.176s] writing xrf2_msgs.egg-info/PKG-INFO
[1.177s] writing dependency_links to xrf2_msgs.egg-info/dependency_links.txt
[1.178s] writing top-level names to xrf2_msgs.egg-info/top_level.txt
[1.183s] reading manifest file 'xrf2_msgs.egg-info/SOURCES.txt'
[1.184s] writing manifest file 'xrf2_msgs.egg-info/SOURCES.txt'
[1.261s] [100%] Built target ament_cmake_python_build_xrf2_msgs_egg
[1.298s] Invoked command in '/home/jordan/SDfR/assignment6/build/xrf2_msgs' returned '0': CMAKE_PREFIX_PATH=${CMAKE_PREFIX_PATH}:/opt/ros/humble /usr/bin/cmake --build /home/jordan/SDfR/assignment6/build/xrf2_msgs -- -j16 -l16
[1.304s] Invoking command in '/home/jordan/SDfR/assignment6/build/xrf2_msgs': CMAKE_PREFIX_PATH=${CMAKE_PREFIX_PATH}:/opt/ros/humble /usr/bin/cmake --install /home/jordan/SDfR/assignment6/build/xrf2_msgs
[1.327s] -- Install configuration: ""
[1.328s] -- Up-to-date: /home/jordan/SDfR/assignment6/install/xrf2_msgs/share/ament_index/resource_index/rosidl_interfaces/xrf2_msgs
[1.328s] -- Up-to-date: /home/jordan/SDfR/assignment6/install/xrf2_msgs/include/xrf2_msgs/xrf2_msgs
[1.329s] -- Up-to-date: /home/jordan/SDfR/assignment6/install/xrf2_msgs/include/xrf2_msgs/xrf2_msgs/msg
[1.329s] -- Up-to-date: /home/jordan/SDfR/assignment6/install/xrf2_msgs/include/xrf2_msgs/xrf2_msgs/msg/rosidl_generator_c__visibility_control.h
[1.330s] -- Up-to-date: /home/jordan/SDfR/assignment6/install/xrf2_msgs/include/xrf2_msgs/xrf2_msgs/msg/detail
[1.330s] -- Up-to-date: /home/jordan/SDfR/assignment6/install/xrf2_msgs/include/xrf2_msgs/xrf2_msgs/msg/detail/ros2_xeno__type_support.h
[1.330s] -- Up-to-date: /home/jordan/SDfR/assignment6/install/xrf2_msgs/include/xrf2_msgs/xrf2_msgs/msg/detail/xeno2_ros__functions.h
[1.331s] -- Up-to-date: /home/jordan/SDfR/assignment6/install/xrf2_msgs/include/xrf2_msgs/xrf2_msgs/msg/detail/ros2_xeno__struct.h
[1.331s] -- Up-to-date: /home/jordan/SDfR/assignment6/install/xrf2_msgs/include/xrf2_msgs/xrf2_msgs/msg/detail/xeno2_ros__functions.c
[1.331s] -- Up-to-date: /home/jordan/SDfR/assignment6/install/xrf2_msgs/include/xrf2_msgs/xrf2_msgs/msg/detail/ros2_xeno__functions.c
[1.332s] -- Up-to-date: /home/jordan/SDfR/assignment6/install/xrf2_msgs/include/xrf2_msgs/xrf2_msgs/msg/detail/xeno2_ros__type_support.h
[1.332s] -- Up-to-date: /home/jordan/SDfR/assignment6/install/xrf2_msgs/include/xrf2_msgs/xrf2_msgs/msg/detail/xeno2_ros__struct.h
[1.333s] -- Up-to-date: /home/jordan/SDfR/assignment6/install/xrf2_msgs/include/xrf2_msgs/xrf2_msgs/msg/detail/ros2_xeno__functions.h
[1.333s] -- Up-to-date: /home/jordan/SDfR/assignment6/install/xrf2_msgs/include/xrf2_msgs/xrf2_msgs/msg/ros2_xeno.h
[1.333s] -- Up-to-date: /home/jordan/SDfR/assignment6/install/xrf2_msgs/include/xrf2_msgs/xrf2_msgs/msg/xeno2_ros.h
[1.334s] -- Up-to-date: /home/jordan/SDfR/assignment6/install/xrf2_msgs/share/xrf2_msgs/environment/library_path.sh
[1.335s] -- Up-to-date: /home/jordan/SDfR/assignment6/install/xrf2_msgs/share/xrf2_msgs/environment/library_path.dsv
[1.335s] -- Up-to-date: /home/jordan/SDfR/assignment6/install/xrf2_msgs/lib/libxrf2_msgs__rosidl_generator_c.so
[1.335s] -- Up-to-date: /home/jordan/SDfR/assignment6/install/xrf2_msgs/include/xrf2_msgs/xrf2_msgs
[1.336s] -- Up-to-date: /home/jordan/SDfR/assignment6/install/xrf2_msgs/include/xrf2_msgs/xrf2_msgs/msg
[1.336s] -- Up-to-date: /home/jordan/SDfR/assignment6/install/xrf2_msgs/include/xrf2_msgs/xrf2_msgs/msg/detail
[1.336s] -- Up-to-date: /home/jordan/SDfR/assignment6/install/xrf2_msgs/include/xrf2_msgs/xrf2_msgs/msg/detail/ros2_xeno__rosidl_typesupport_fastrtps_c.h
[1.336s] -- Up-to-date: /home/jordan/SDfR/assignment6/install/xrf2_msgs/include/xrf2_msgs/xrf2_msgs/msg/detail/xeno2_ros__rosidl_typesupport_fastrtps_c.h
[1.337s] -- Up-to-date: /home/jordan/SDfR/assignment6/install/xrf2_msgs/include/xrf2_msgs/xrf2_msgs/msg/rosidl_typesupport_fastrtps_c__visibility_control.h
[1.338s] -- Up-to-date: /home/jordan/SDfR/assignment6/install/xrf2_msgs/lib/libxrf2_msgs__rosidl_typesupport_fastrtps_c.so
[1.339s] -- Up-to-date: /home/jordan/SDfR/assignment6/install/xrf2_msgs/include/xrf2_msgs/xrf2_msgs
[1.340s] -- Up-to-date: /home/jordan/SDfR/assignment6/install/xrf2_msgs/include/xrf2_msgs/xrf2_msgs/msg
[1.341s] -- Up-to-date: /home/jordan/SDfR/assignment6/install/xrf2_msgs/include/xrf2_msgs/xrf2_msgs/msg/rosidl_typesupport_introspection_c__visibility_control.h
[1.342s] -- Up-to-date: /home/jordan/SDfR/assignment6/install/xrf2_msgs/include/xrf2_msgs/xrf2_msgs/msg/detail
[1.343s] -- Up-to-date: /home/jordan/SDfR/assignment6/install/xrf2_msgs/include/xrf2_msgs/xrf2_msgs/msg/detail/ros2_xeno__rosidl_typesupport_introspection_c.h
[1.343s] -- Up-to-date: /home/jordan/SDfR/assignment6/install/xrf2_msgs/include/xrf2_msgs/xrf2_msgs/msg/detail/ros2_xeno__type_support.c
[1.345s] -- Up-to-date: /home/jordan/SDfR/assignment6/install/xrf2_msgs/include/xrf2_msgs/xrf2_msgs/msg/detail/xeno2_ros__type_support.c
[1.345s] -- Up-to-date: /home/jordan/SDfR/assignment6/install/xrf2_msgs/include/xrf2_msgs/xrf2_msgs/msg/detail/xeno2_ros__rosidl_typesupport_introspection_c.h
[1.346s] -- Up-to-date: /home/jordan/SDfR/assignment6/install/xrf2_msgs/lib/libxrf2_msgs__rosidl_typesupport_introspection_c.so
[1.346s] -- Up-to-date: /home/jordan/SDfR/assignment6/install/xrf2_msgs/lib/libxrf2_msgs__rosidl_typesupport_c.so
[1.347s] -- Up-to-date: /home/jordan/SDfR/assignment6/install/xrf2_msgs/include/xrf2_msgs/xrf2_msgs
[1.347s] -- Up-to-date: /home/jordan/SDfR/assignment6/install/xrf2_msgs/include/xrf2_msgs/xrf2_msgs/msg
[1.348s] -- Up-to-date: /home/jordan/SDfR/assignment6/install/xrf2_msgs/include/xrf2_msgs/xrf2_msgs/msg/rosidl_generator_cpp__visibility_control.hpp
[1.348s] -- Up-to-date: /home/jordan/SDfR/assignment6/install/xrf2_msgs/include/xrf2_msgs/xrf2_msgs/msg/ros2_xeno.hpp
[1.349s] -- Up-to-date: /home/jordan/SDfR/assignment6/install/xrf2_msgs/include/xrf2_msgs/xrf2_msgs/msg/detail
[1.350s] -- Up-to-date: /home/jordan/SDfR/assignment6/install/xrf2_msgs/include/xrf2_msgs/xrf2_msgs/msg/detail/ros2_xeno__struct.hpp
[1.350s] -- Up-to-date: /home/jordan/SDfR/assignment6/install/xrf2_msgs/include/xrf2_msgs/xrf2_msgs/msg/detail/ros2_xeno__traits.hpp
[1.351s] -- Up-to-date: /home/jordan/SDfR/assignment6/install/xrf2_msgs/include/xrf2_msgs/xrf2_msgs/msg/detail/xeno2_ros__traits.hpp
[1.352s] -- Up-to-date: /home/jordan/SDfR/assignment6/install/xrf2_msgs/include/xrf2_msgs/xrf2_msgs/msg/detail/xeno2_ros__builder.hpp
[1.352s] -- Up-to-date: /home/jordan/SDfR/assignment6/install/xrf2_msgs/include/xrf2_msgs/xrf2_msgs/msg/detail/ros2_xeno__type_support.hpp
[1.352s] -- Up-to-date: /home/jordan/SDfR/assignment6/install/xrf2_msgs/include/xrf2_msgs/xrf2_msgs/msg/detail/ros2_xeno__builder.hpp
[1.355s] -- Up-to-date: /home/jordan/SDfR/assignment6/install/xrf2_msgs/include/xrf2_msgs/xrf2_msgs/msg/detail/xeno2_ros__struct.hpp
[1.355s] -- Up-to-date: /home/jordan/SDfR/assignment6/install/xrf2_msgs/include/xrf2_msgs/xrf2_msgs/msg/detail/xeno2_ros__type_support.hpp
[1.355s] -- Up-to-date: /home/jordan/SDfR/assignment6/install/xrf2_msgs/include/xrf2_msgs/xrf2_msgs/msg/xeno2_ros.hpp
[1.355s] -- Up-to-date: /home/jordan/SDfR/assignment6/install/xrf2_msgs/include/xrf2_msgs/xrf2_msgs
[1.355s] -- Up-to-date: /home/jordan/SDfR/assignment6/install/xrf2_msgs/include/xrf2_msgs/xrf2_msgs/msg
[1.360s] -- Up-to-date: /home/jordan/SDfR/assignment6/install/xrf2_msgs/include/xrf2_msgs/xrf2_msgs/msg/detail
[1.360s] -- Up-to-date: /home/jordan/SDfR/assignment6/install/xrf2_msgs/include/xrf2_msgs/xrf2_msgs/msg/detail/ros2_xeno__rosidl_typesupport_fastrtps_cpp.hpp
[1.361s] -- Up-to-date: /home/jordan/SDfR/assignment6/install/xrf2_msgs/include/xrf2_msgs/xrf2_msgs/msg/detail/xeno2_ros__rosidl_typesupport_fastrtps_cpp.hpp
[1.362s] -- Up-to-date: /home/jordan/SDfR/assignment6/install/xrf2_msgs/include/xrf2_msgs/xrf2_msgs/msg/detail/dds_fastrtps
[1.362s] -- Up-to-date: /home/jordan/SDfR/assignment6/install/xrf2_msgs/include/xrf2_msgs/xrf2_msgs/msg/rosidl_typesupport_fastrtps_cpp__visibility_control.h
[1.362s] -- Up-to-date: /home/jordan/SDfR/assignment6/install/xrf2_msgs/lib/libxrf2_msgs__rosidl_typesupport_fastrtps_cpp.so
[1.363s] -- Up-to-date: /home/jordan/SDfR/assignment6/install/xrf2_msgs/include/xrf2_msgs/xrf2_msgs
[1.363s] -- Up-to-date: /home/jordan/SDfR/assignment6/install/xrf2_msgs/include/xrf2_msgs/xrf2_msgs/msg
[1.363s] -- Up-to-date: /home/jordan/SDfR/assignment6/install/xrf2_msgs/include/xrf2_msgs/xrf2_msgs/msg/detail
[1.363s] -- Up-to-date: /home/jordan/SDfR/assignment6/install/xrf2_msgs/include/xrf2_msgs/xrf2_msgs/msg/detail/xeno2_ros__type_support.cpp
[1.363s] -- Up-to-date: /home/jordan/SDfR/assignment6/install/xrf2_msgs/include/xrf2_msgs/xrf2_msgs/msg/detail/ros2_xeno__rosidl_typesupport_introspection_cpp.hpp
[1.364s] -- Up-to-date: /home/jordan/SDfR/assignment6/install/xrf2_msgs/include/xrf2_msgs/xrf2_msgs/msg/detail/ros2_xeno__type_support.cpp
[1.365s] -- Up-to-date: /home/jordan/SDfR/assignment6/install/xrf2_msgs/include/xrf2_msgs/xrf2_msgs/msg/detail/xeno2_ros__rosidl_typesupport_introspection_cpp.hpp
[1.365s] -- Up-to-date: /home/jordan/SDfR/assignment6/install/xrf2_msgs/lib/libxrf2_msgs__rosidl_typesupport_introspection_cpp.so
[1.366s] -- Up-to-date: /home/jordan/SDfR/assignment6/install/xrf2_msgs/lib/libxrf2_msgs__rosidl_typesupport_cpp.so
[1.367s] -- Up-to-date: /home/jordan/SDfR/assignment6/install/xrf2_msgs/share/xrf2_msgs/environment/pythonpath.sh
[1.367s] -- Up-to-date: /home/jordan/SDfR/assignment6/install/xrf2_msgs/share/xrf2_msgs/environment/pythonpath.dsv
[1.367s] -- Up-to-date: /home/jordan/SDfR/assignment6/install/xrf2_msgs/local/lib/python3.10/dist-packages/xrf2_msgs-0.0.0-py3.10.egg-info
[1.367s] -- Installing: /home/jordan/SDfR/assignment6/install/xrf2_msgs/local/lib/python3.10/dist-packages/xrf2_msgs-0.0.0-py3.10.egg-info/top_level.txt
[1.368s] -- Installing: /home/jordan/SDfR/assignment6/install/xrf2_msgs/local/lib/python3.10/dist-packages/xrf2_msgs-0.0.0-py3.10.egg-info/SOURCES.txt
[1.368s] -- Installing: /home/jordan/SDfR/assignment6/install/xrf2_msgs/local/lib/python3.10/dist-packages/xrf2_msgs-0.0.0-py3.10.egg-info/PKG-INFO
[1.369s] -- Installing: /home/jordan/SDfR/assignment6/install/xrf2_msgs/local/lib/python3.10/dist-packages/xrf2_msgs-0.0.0-py3.10.egg-info/dependency_links.txt
[1.370s] -- Up-to-date: /home/jordan/SDfR/assignment6/install/xrf2_msgs/local/lib/python3.10/dist-packages/xrf2_msgs
[1.370s] -- Up-to-date: /home/jordan/SDfR/assignment6/install/xrf2_msgs/local/lib/python3.10/dist-packages/xrf2_msgs/xrf2_msgs_s__rosidl_typesupport_introspection_c.cpython-310-x86_64-linux-gnu.so
[1.370s] -- Up-to-date: /home/jordan/SDfR/assignment6/install/xrf2_msgs/local/lib/python3.10/dist-packages/xrf2_msgs/msg
[1.371s] -- Up-to-date: /home/jordan/SDfR/assignment6/install/xrf2_msgs/local/lib/python3.10/dist-packages/xrf2_msgs/msg/_ros2_xeno_s.c
[1.371s] -- Up-to-date: /home/jordan/SDfR/assignment6/install/xrf2_msgs/local/lib/python3.10/dist-packages/xrf2_msgs/msg/_xeno2_ros_s.c
[1.372s] -- Up-to-date: /home/jordan/SDfR/assignment6/install/xrf2_msgs/local/lib/python3.10/dist-packages/xrf2_msgs/msg/__init__.py
[1.373s] -- Up-to-date: /home/jordan/SDfR/assignment6/install/xrf2_msgs/local/lib/python3.10/dist-packages/xrf2_msgs/msg/_xeno2_ros.py
[1.373s] -- Up-to-date: /home/jordan/SDfR/assignment6/install/xrf2_msgs/local/lib/python3.10/dist-packages/xrf2_msgs/msg/_ros2_xeno.py
[1.373s] -- Up-to-date: /home/jordan/SDfR/assignment6/install/xrf2_msgs/local/lib/python3.10/dist-packages/xrf2_msgs/xrf2_msgs_s__rosidl_typesupport_c.cpython-310-x86_64-linux-gnu.so
[1.373s] -- Up-to-date: /home/jordan/SDfR/assignment6/install/xrf2_msgs/local/lib/python3.10/dist-packages/xrf2_msgs/libxrf2_msgs__rosidl_generator_py.so
[1.374s] -- Up-to-date: /home/jordan/SDfR/assignment6/install/xrf2_msgs/local/lib/python3.10/dist-packages/xrf2_msgs/xrf2_msgs_s__rosidl_typesupport_fastrtps_c.cpython-310-x86_64-linux-gnu.so
[1.374s] -- Up-to-date: /home/jordan/SDfR/assignment6/install/xrf2_msgs/local/lib/python3.10/dist-packages/xrf2_msgs/_xrf2_msgs_s.ep.rosidl_typesupport_introspection_c.c
[1.374s] -- Up-to-date: /home/jordan/SDfR/assignment6/install/xrf2_msgs/local/lib/python3.10/dist-packages/xrf2_msgs/_xrf2_msgs_s.ep.rosidl_typesupport_c.c
[1.374s] -- Up-to-date: /home/jordan/SDfR/assignment6/install/xrf2_msgs/local/lib/python3.10/dist-packages/xrf2_msgs/__init__.py
[1.374s] -- Up-to-date: /home/jordan/SDfR/assignment6/install/xrf2_msgs/local/lib/python3.10/dist-packages/xrf2_msgs/_xrf2_msgs_s.ep.rosidl_typesupport_fastrtps_c.c
[1.439s] Listing '/home/jordan/SDfR/assignment6/install/xrf2_msgs/local/lib/python3.10/dist-packages/xrf2_msgs'...
[1.440s] Listing '/home/jordan/SDfR/assignment6/install/xrf2_msgs/local/lib/python3.10/dist-packages/xrf2_msgs/msg'...
[1.451s] -- Up-to-date: /home/jordan/SDfR/assignment6/install/xrf2_msgs/local/lib/python3.10/dist-packages/xrf2_msgs/xrf2_msgs_s__rosidl_typesupport_fastrtps_c.cpython-310-x86_64-linux-gnu.so
[1.452s] -- Up-to-date: /home/jordan/SDfR/assignment6/install/xrf2_msgs/local/lib/python3.10/dist-packages/xrf2_msgs/xrf2_msgs_s__rosidl_typesupport_introspection_c.cpython-310-x86_64-linux-gnu.so
[1.453s] -- Up-to-date: /home/jordan/SDfR/assignment6/install/xrf2_msgs/local/lib/python3.10/dist-packages/xrf2_msgs/xrf2_msgs_s__rosidl_typesupport_c.cpython-310-x86_64-linux-gnu.so
[1.454s] -- Up-to-date: /home/jordan/SDfR/assignment6/install/xrf2_msgs/lib/libxrf2_msgs__rosidl_generator_py.so
[1.454s] -- Up-to-date: /home/jordan/SDfR/assignment6/install/xrf2_msgs/share/xrf2_msgs/msg/Ros2Xeno.idl
[1.455s] -- Up-to-date: /home/jordan/SDfR/assignment6/install/xrf2_msgs/share/xrf2_msgs/msg/Xeno2Ros.idl
[1.455s] -- Up-to-date: /home/jordan/SDfR/assignment6/install/xrf2_msgs/share/xrf2_msgs/msg/Ros2Xeno.msg
[1.456s] -- Up-to-date: /home/jordan/SDfR/assignment6/install/xrf2_msgs/share/xrf2_msgs/msg/Xeno2Ros.msg
[1.456s] -- Up-to-date: /home/jordan/SDfR/assignment6/install/xrf2_msgs/share/ament_index/resource_index/package_run_dependencies/xrf2_msgs
[1.456s] -- Up-to-date: /home/jordan/SDfR/assignment6/install/xrf2_msgs/share/ament_index/resource_index/parent_prefix_path/xrf2_msgs
[1.457s] -- Up-to-date: /home/jordan/SDfR/assignment6/install/xrf2_msgs/share/xrf2_msgs/environment/ament_prefix_path.sh
[1.457s] -- Up-to-date: /home/jordan/SDfR/assignment6/install/xrf2_msgs/share/xrf2_msgs/environment/ament_prefix_path.dsv
[1.457s] -- Up-to-date: /home/jordan/SDfR/assignment6/install/xrf2_msgs/share/xrf2_msgs/environment/path.sh
[1.458s] -- Up-to-date: /home/jordan/SDfR/assignment6/install/xrf2_msgs/share/xrf2_msgs/environment/path.dsv
[1.458s] -- Up-to-date: /home/jordan/SDfR/assignment6/install/xrf2_msgs/share/xrf2_msgs/local_setup.bash
[1.459s] -- Up-to-date: /home/jordan/SDfR/assignment6/install/xrf2_msgs/share/xrf2_msgs/local_setup.sh
[1.459s] -- Up-to-date: /home/jordan/SDfR/assignment6/install/xrf2_msgs/share/xrf2_msgs/local_setup.zsh
[1.460s] -- Up-to-date: /home/jordan/SDfR/assignment6/install/xrf2_msgs/share/xrf2_msgs/local_setup.dsv
[1.460s] -- Installing: /home/jordan/SDfR/assignment6/install/xrf2_msgs/share/xrf2_msgs/package.dsv
[1.461s] -- Up-to-date: /home/jordan/SDfR/assignment6/install/xrf2_msgs/share/ament_index/resource_index/packages/xrf2_msgs
[1.461s] -- Up-to-date: /home/jordan/SDfR/assignment6/install/xrf2_msgs/share/xrf2_msgs/cmake/export_xrf2_msgs__rosidl_generator_cExport.cmake
[1.461s] -- Up-to-date: /home/jordan/SDfR/assignment6/install/xrf2_msgs/share/xrf2_msgs/cmake/export_xrf2_msgs__rosidl_generator_cExport-noconfig.cmake
[1.462s] -- Up-to-date: /home/jordan/SDfR/assignment6/install/xrf2_msgs/share/xrf2_msgs/cmake/export_xrf2_msgs__rosidl_typesupport_fastrtps_cExport.cmake
[1.463s] -- Up-to-date: /home/jordan/SDfR/assignment6/install/xrf2_msgs/share/xrf2_msgs/cmake/export_xrf2_msgs__rosidl_typesupport_fastrtps_cExport-noconfig.cmake
[1.463s] -- Up-to-date: /home/jordan/SDfR/assignment6/install/xrf2_msgs/share/xrf2_msgs/cmake/xrf2_msgs__rosidl_typesupport_introspection_cExport.cmake
[1.464s] -- Up-to-date: /home/jordan/SDfR/assignment6/install/xrf2_msgs/share/xrf2_msgs/cmake/xrf2_msgs__rosidl_typesupport_introspection_cExport-noconfig.cmake
[1.464s] -- Up-to-date: /home/jordan/SDfR/assignment6/install/xrf2_msgs/share/xrf2_msgs/cmake/xrf2_msgs__rosidl_typesupport_cExport.cmake
[1.464s] -- Up-to-date: /home/jordan/SDfR/assignment6/install/xrf2_msgs/share/xrf2_msgs/cmake/xrf2_msgs__rosidl_typesupport_cExport-noconfig.cmake
[1.465s] -- Up-to-date: /home/jordan/SDfR/assignment6/install/xrf2_msgs/share/xrf2_msgs/cmake/export_xrf2_msgs__rosidl_generator_cppExport.cmake
[1.465s] -- Up-to-date: /home/jordan/SDfR/assignment6/install/xrf2_msgs/share/xrf2_msgs/cmake/export_xrf2_msgs__rosidl_typesupport_fastrtps_cppExport.cmake
[1.466s] -- Up-to-date: /home/jordan/SDfR/assignment6/install/xrf2_msgs/share/xrf2_msgs/cmake/export_xrf2_msgs__rosidl_typesupport_fastrtps_cppExport-noconfig.cmake
[1.466s] -- Up-to-date: /home/jordan/SDfR/assignment6/install/xrf2_msgs/share/xrf2_msgs/cmake/xrf2_msgs__rosidl_typesupport_introspection_cppExport.cmake
[1.467s] -- Up-to-date: /home/jordan/SDfR/assignment6/install/xrf2_msgs/share/xrf2_msgs/cmake/xrf2_msgs__rosidl_typesupport_introspection_cppExport-noconfig.cmake
[1.467s] -- Up-to-date: /home/jordan/SDfR/assignment6/install/xrf2_msgs/share/xrf2_msgs/cmake/xrf2_msgs__rosidl_typesupport_cppExport.cmake
[1.468s] -- Up-to-date: /home/jordan/SDfR/assignment6/install/xrf2_msgs/share/xrf2_msgs/cmake/xrf2_msgs__rosidl_typesupport_cppExport-noconfig.cmake
[1.472s] -- Up-to-date: /home/jordan/SDfR/assignment6/install/xrf2_msgs/share/xrf2_msgs/cmake/export_xrf2_msgs__rosidl_generator_pyExport.cmake
[1.473s] -- Up-to-date: /home/jordan/SDfR/assignment6/install/xrf2_msgs/share/xrf2_msgs/cmake/export_xrf2_msgs__rosidl_generator_pyExport-noconfig.cmake
[1.475s] -- Up-to-date: /home/jordan/SDfR/assignment6/install/xrf2_msgs/share/xrf2_msgs/cmake/rosidl_cmake-extras.cmake
[1.477s] -- Up-to-date: /home/jordan/SDfR/assignment6/install/xrf2_msgs/share/xrf2_msgs/cmake/ament_cmake_export_include_directories-extras.cmake
[1.479s] -- Up-to-date: /home/jordan/SDfR/assignment6/install/xrf2_msgs/share/xrf2_msgs/cmake/ament_cmake_export_libraries-extras.cmake
[1.481s] -- Up-to-date: /home/jordan/SDfR/assignment6/install/xrf2_msgs/share/xrf2_msgs/cmake/ament_cmake_export_targets-extras.cmake
[1.483s] -- Up-to-date: /home/jordan/SDfR/assignment6/install/xrf2_msgs/share/xrf2_msgs/cmake/rosidl_cmake_export_typesupport_targets-extras.cmake
[1.484s] -- Up-to-date: /home/jordan/SDfR/assignment6/install/xrf2_msgs/share/xrf2_msgs/cmake/ament_cmake_export_dependencies-extras.cmake
[1.485s] -- Up-to-date: /home/jordan/SDfR/assignment6/install/xrf2_msgs/share/xrf2_msgs/cmake/rosidl_cmake_export_typesupport_libraries-extras.cmake
[1.485s] -- Up-to-date: /home/jordan/SDfR/assignment6/install/xrf2_msgs/share/xrf2_msgs/cmake/xrf2_msgsConfig.cmake
[1.486s] -- Up-to-date: /home/jordan/SDfR/assignment6/install/xrf2_msgs/share/xrf2_msgs/cmake/xrf2_msgsConfig-version.cmake
[1.487s] -- Up-to-date: /home/jordan/SDfR/assignment6/install/xrf2_msgs/share/xrf2_msgs/package.xml
[1.502s] Invoked command in '/home/jordan/SDfR/assignment6/build/xrf2_msgs' returned '0': CMAKE_PREFIX_PATH=${CMAKE_PREFIX_PATH}:/opt/ros/humble /usr/bin/cmake --install /home/jordan/SDfR/assignment6/build/xrf2_msgs
