[0.024s] Invoking command in '/home/jordan/git_repos/SDfR/assignment6/build/relbot_simulator': CMAKE_PREFIX_PATH=${CMAKE_PREFIX_PATH}:/opt/ros/jazzy DEBUGINFOD_URLS=https://debuginfod.ubuntu.com /usr/bin/cmake /home/jordan/git_repos/SDfR/assignment6/src/relbot_simulator -DCMAKE_INSTALL_PREFIX=/home/jordan/git_repos/SDfR/assignment6/install/relbot_simulator
[0.085s] -- The C compiler identification is GNU 13.3.0
[0.150s] -- The CXX compiler identification is GNU 13.3.0
[0.170s] -- Detecting C compiler ABI info
[0.285s] -- Detecting C compiler ABI info - done
[0.299s] -- Check for working C compiler: /usr/bin/cc - skipped
[0.299s] -- Detecting C compile features
[0.300s] -- Detecting C compile features - done
[0.311s] -- Detecting CXX compiler ABI info
[0.441s] -- Detecting CXX compiler ABI info - done
[0.452s] -- Check for working CXX compiler: /usr/bin/c++ - skipped
[0.452s] -- Detecting CXX compile features
[0.452s] -- Detecting CXX compile features - done
[0.457s] -- Found ament_cmake: 2.5.6 (/opt/ros/jazzy/share/ament_cmake/cmake)
[0.647s] -- Found Python3: /usr/bin/python3 (found version "3.12.3") found components: Interpreter 
[0.823s] -- Found rclcpp: 28.1.18 (/opt/ros/jazzy/share/rclcpp/cmake)
[0.884s] -- Found rosidl_generator_c: 4.6.7 (/opt/ros/jazzy/share/rosidl_generator_c/cmake)
[0.903s] -- Found rosidl_generator_cpp: 4.6.7 (/opt/ros/jazzy/share/rosidl_generator_cpp/cmake)
[0.924s] -- Using all available rosidl_typesupport_c: rosidl_typesupport_fastrtps_c;rosidl_typesupport_introspection_c
[0.947s] -- Using all available rosidl_typesupport_cpp: rosidl_typesupport_fastrtps_cpp;rosidl_typesupport_introspection_cpp
[1.051s] -- Found rmw_implementation_cmake: 7.3.3 (/opt/ros/jazzy/share/rmw_implementation_cmake/cmake)
[1.055s] -- Found rmw_fastrtps_cpp: 8.4.3 (/opt/ros/jazzy/share/rmw_fastrtps_cpp/cmake)
[1.169s] -- Found OpenSSL: /usr/lib/x86_64-linux-gnu/libcrypto.so (found version "3.0.13")  
[1.196s] -- Found FastRTPS: /opt/ros/jazzy/include (Required is at least version "2.13") 
[1.227s] -- Using RMW implementation 'rmw_fastrtps_cpp' as default
[1.330s] -- Found example_interfaces: 0.12.0 (/opt/ros/jazzy/share/example_interfaces/cmake)
[1.397s] -- Found geometry_msgs: 5.3.7 (/opt/ros/jazzy/share/geometry_msgs/cmake)
[1.436s] -- Found sensor_msgs: 5.3.7 (/opt/ros/jazzy/share/sensor_msgs/cmake)
[1.472s] -- Found OpenCV: /usr (found version "4.6.0") found components: core highgui imgcodecs imgproc videoio 
[1.476s] -- Found cv_bridge: 4.1.0 (/opt/ros/jazzy/share/cv_bridge/cmake)
[1.486s] -- Found ament_lint_auto: 0.17.5 (/opt/ros/jazzy/share/ament_lint_auto/cmake)
[1.636s] -- Added test 'copyright' to check source files copyright and LICENSE
[1.640s] -- Added test 'cppcheck' to perform static code analysis on C / C++ code
[1.640s] -- Configured cppcheck include dirs: /home/jordan/git_repos/SDfR/assignment6/src/relbot_simulator/include;/home/jordan/git_repos/SDfR/assignment6/src/relbot_simulator/common;$<BUILD_INTERFACE:/home/jordan/git_repos/SDfR/assignment6/src/relbot_simulator/include>;$<BUILD_INTERFACE:/home/jordan/git_repos/SDfR/assignment6/src/relbot_simulator/common>
[1.640s] -- Configured cppcheck exclude dirs and/or files: 
[1.641s] -- Added test 'cpplint' to check C / C++ code against the Google style
[1.641s] -- Configured cpplint exclude dirs and/or files: 
[1.643s] -- Added test 'lint_cmake' to check CMake code style
[1.645s] -- Added test 'uncrustify' to check C / C++ code style
[1.645s] -- Configured uncrustify additional arguments: 
[1.646s] -- Added test 'xmllint' to check XML markup files
[1.648s] -- Configuring done (1.6s)
[1.664s] -- Generating done (0.0s)
[1.668s] -- Build files have been written to: /home/jordan/git_repos/SDfR/assignment6/build/relbot_simulator
[1.683s] Invoked command in '/home/jordan/git_repos/SDfR/assignment6/build/relbot_simulator' returned '0': CMAKE_PREFIX_PATH=${CMAKE_PREFIX_PATH}:/opt/ros/jazzy DEBUGINFOD_URLS=https://debuginfod.ubuntu.com /usr/bin/cmake /home/jordan/git_repos/SDfR/assignment6/src/relbot_simulator -DCMAKE_INSTALL_PREFIX=/home/jordan/git_repos/SDfR/assignment6/install/relbot_simulator
[1.685s] Invoking command in '/home/jordan/git_repos/SDfR/assignment6/build/relbot_simulator': CMAKE_PREFIX_PATH=${CMAKE_PREFIX_PATH}:/opt/ros/jazzy DEBUGINFOD_URLS=https://debuginfod.ubuntu.com /usr/bin/cmake --build /home/jordan/git_repos/SDfR/assignment6/build/relbot_simulator -- -j16 -l16
[1.765s] [ 11%] [32mBuilding CXX object CMakeFiles/relbot_simulator.dir/src/Plant.cpp.o[0m
[1.765s] [ 33%] [32mBuilding CXX object CMakeFiles/relbot_simulator.dir/common/EulerAngles.cpp.o[0m
[1.765s] [ 33%] [32mBuilding CXX object CMakeFiles/relbot_simulator.dir/src/relbot_simulator.cpp.o[0m
[1.765s] [ 44%] [32mBuilding CXX object CMakeFiles/relbot_simulator.dir/common/MotionProfiles.cpp.o[0m
[1.774s] [ 66%] [32mBuilding CXX object CMakeFiles/relbot_simulator.dir/common/xxfuncs.cpp.o[0m
[1.774s] [ 66%] [32mBuilding CXX object CMakeFiles/relbot_simulator.dir/common/xxmatrix.cpp.o[0m
[1.774s] [ 77%] [32mBuilding CXX object CMakeFiles/relbot_simulator.dir/common/xxinverse.cpp.o[0m
[1.784s] [ 88%] [32mBuilding CXX object CMakeFiles/relbot_simulator.dir/common/xxinteg.cpp.o[0m
[19.505s] [100%] [32m[1mLinking CXX executable relbot_simulator[0m
[20.631s] [100%] Built target relbot_simulator
[20.651s] Invoked command in '/home/jordan/git_repos/SDfR/assignment6/build/relbot_simulator' returned '0': CMAKE_PREFIX_PATH=${CMAKE_PREFIX_PATH}:/opt/ros/jazzy DEBUGINFOD_URLS=https://debuginfod.ubuntu.com /usr/bin/cmake --build /home/jordan/git_repos/SDfR/assignment6/build/relbot_simulator -- -j16 -l16
[20.652s] Invoking command in '/home/jordan/git_repos/SDfR/assignment6/build/relbot_simulator': CMAKE_PREFIX_PATH=${CMAKE_PREFIX_PATH}:/opt/ros/jazzy DEBUGINFOD_URLS=https://debuginfod.ubuntu.com /usr/bin/cmake --install /home/jordan/git_repos/SDfR/assignment6/build/relbot_simulator
[20.665s] -- Install configuration: ""
[20.665s] -- Installing: /home/jordan/git_repos/SDfR/assignment6/install/relbot_simulator/lib/relbot_simulator/relbot_simulator
[20.679s] -- Set non-toolchain portion of runtime path of "/home/jordan/git_repos/SDfR/assignment6/install/relbot_simulator/lib/relbot_simulator/relbot_simulator" to ""
[20.679s] -- Installing: /home/jordan/git_repos/SDfR/assignment6/install/relbot_simulator/include
[20.679s] -- Installing: /home/jordan/git_repos/SDfR/assignment6/install/relbot_simulator/include/xxinteg.h
[20.679s] -- Installing: /home/jordan/git_repos/SDfR/assignment6/install/relbot_simulator/include/xxfuncs.h
[20.679s] -- Installing: /home/jordan/git_repos/SDfR/assignment6/install/relbot_simulator/include/xxfuncs.cpp
[20.679s] -- Installing: /home/jordan/git_repos/SDfR/assignment6/install/relbot_simulator/include/xxinteg.cpp
[20.680s] -- Installing: /home/jordan/git_repos/SDfR/assignment6/install/relbot_simulator/include/xxmatrix.cpp
[20.680s] -- Installing: /home/jordan/git_repos/SDfR/assignment6/install/relbot_simulator/include/MotionProfiles.cpp
[20.680s] -- Installing: /home/jordan/git_repos/SDfR/assignment6/install/relbot_simulator/include/xxmodel.h
[20.680s] -- Installing: /home/jordan/git_repos/SDfR/assignment6/install/relbot_simulator/include/MotionProfiles.h
[20.680s] -- Installing: /home/jordan/git_repos/SDfR/assignment6/install/relbot_simulator/include/xxmatrix.h
[20.680s] -- Installing: /home/jordan/git_repos/SDfR/assignment6/install/relbot_simulator/include/EulerAngles.h
[20.681s] -- Installing: /home/jordan/git_repos/SDfR/assignment6/install/relbot_simulator/include/xxtypes.h
[20.681s] -- Installing: /home/jordan/git_repos/SDfR/assignment6/install/relbot_simulator/include/EulerAngles.cpp
[20.681s] -- Installing: /home/jordan/git_repos/SDfR/assignment6/install/relbot_simulator/include/xxinverse.cpp
[20.681s] -- Installing: /home/jordan/git_repos/SDfR/assignment6/install/relbot_simulator/include/xxinverse.h
[20.681s] -- Installing: /home/jordan/git_repos/SDfR/assignment6/install/relbot_simulator/share/ament_index/resource_index/package_run_dependencies/relbot_simulator
[20.682s] -- Installing: /home/jordan/git_repos/SDfR/assignment6/install/relbot_simulator/share/ament_index/resource_index/parent_prefix_path/relbot_simulator
[20.682s] -- Installing: /home/jordan/git_repos/SDfR/assignment6/install/relbot_simulator/share/relbot_simulator/environment/ament_prefix_path.sh
[20.682s] -- Installing: /home/jordan/git_repos/SDfR/assignment6/install/relbot_simulator/share/relbot_simulator/environment/ament_prefix_path.dsv
[20.683s] -- Installing: /home/jordan/git_repos/SDfR/assignment6/install/relbot_simulator/share/relbot_simulator/environment/path.sh
[20.683s] -- Installing: /home/jordan/git_repos/SDfR/assignment6/install/relbot_simulator/share/relbot_simulator/environment/path.dsv
[20.683s] -- Installing: /home/jordan/git_repos/SDfR/assignment6/install/relbot_simulator/share/relbot_simulator/local_setup.bash
[20.683s] -- Installing: /home/jordan/git_repos/SDfR/assignment6/install/relbot_simulator/share/relbot_simulator/local_setup.sh
[20.683s] -- Installing: /home/jordan/git_repos/SDfR/assignment6/install/relbot_simulator/share/relbot_simulator/local_setup.zsh
[20.684s] -- Installing: /home/jordan/git_repos/SDfR/assignment6/install/relbot_simulator/share/relbot_simulator/local_setup.dsv
[20.684s] -- Installing: /home/jordan/git_repos/SDfR/assignment6/install/relbot_simulator/share/relbot_simulator/package.dsv
[20.684s] -- Installing: /home/jordan/git_repos/SDfR/assignment6/install/relbot_simulator/share/ament_index/resource_index/packages/relbot_simulator
[20.684s] -- Installing: /home/jordan/git_repos/SDfR/assignment6/install/relbot_simulator/share/relbot_simulator/cmake/relbot_simulatorConfig.cmake
[20.685s] -- Installing: /home/jordan/git_repos/SDfR/assignment6/install/relbot_simulator/share/relbot_simulator/cmake/relbot_simulatorConfig-version.cmake
[20.685s] -- Installing: /home/jordan/git_repos/SDfR/assignment6/install/relbot_simulator/share/relbot_simulator/package.xml
[20.688s] Invoked command in '/home/jordan/git_repos/SDfR/assignment6/build/relbot_simulator' returned '0': CMAKE_PREFIX_PATH=${CMAKE_PREFIX_PATH}:/opt/ros/jazzy DEBUGINFOD_URLS=https://debuginfod.ubuntu.com /usr/bin/cmake --install /home/jordan/git_repos/SDfR/assignment6/build/relbot_simulator
