[0.111s] Invoking command in '/home/jordan/SDfR/assignment6/build/relbot2turtlesim': CMAKE_PREFIX_PATH=${CMAKE_PREFIX_PATH}:/opt/ros/humble /usr/bin/cmake --build /home/jordan/SDfR/assignment6/build/relbot2turtlesim -- -j16 -l16
[0.318s] [100%] Built target relbot2turtlesim
[0.391s] Invoked command in '/home/jordan/SDfR/assignment6/build/relbot2turtlesim' returned '0': CMAKE_PREFIX_PATH=${CMAKE_PREFIX_PATH}:/opt/ros/humble /usr/bin/cmake --build /home/jordan/SDfR/assignment6/build/relbot2turtlesim -- -j16 -l16
[0.437s] Invoking command in '/home/jordan/SDfR/assignment6/build/relbot2turtlesim': CMAKE_PREFIX_PATH=${CMAKE_PREFIX_PATH}:/opt/ros/humble /usr/bin/cmake --install /home/jordan/SDfR/assignment6/build/relbot2turtlesim
[0.474s] -- Install configuration: ""
[0.483s] -- Up-to-date: /home/jordan/SDfR/assignment6/install/relbot2turtlesim/lib/relbot2turtlesim/relbot2turtlesim
[0.488s] -- Up-to-date: /home/jordan/SDfR/assignment6/install/relbot2turtlesim/share/ament_index/resource_index/package_run_dependencies/relbot2turtlesim
[0.490s] -- Up-to-date: /home/jordan/SDfR/assignment6/install/relbot2turtlesim/share/ament_index/resource_index/parent_prefix_path/relbot2turtlesim
[0.495s] -- Up-to-date: /home/jordan/SDfR/assignment6/install/relbot2turtlesim/share/relbot2turtlesim/environment/ament_prefix_path.sh
[0.495s] -- Up-to-date: /home/jordan/SDfR/assignment6/install/relbot2turtlesim/share/relbot2turtlesim/environment/ament_prefix_path.dsv
[0.496s] -- Up-to-date: /home/jordan/SDfR/assignment6/install/relbot2turtlesim/share/relbot2turtlesim/environment/path.sh
[0.496s] -- Up-to-date: /home/jordan/SDfR/assignment6/install/relbot2turtlesim/share/relbot2turtlesim/environment/path.dsv
[0.496s] -- Up-to-date: /home/jordan/SDfR/assignment6/install/relbot2turtlesim/share/relbot2turtlesim/local_setup.bash
[0.497s] -- Up-to-date: /home/jordan/SDfR/assignment6/install/relbot2turtlesim/share/relbot2turtlesim/local_setup.sh
[0.498s] -- Up-to-date: /home/jordan/SDfR/assignment6/install/relbot2turtlesim/share/relbot2turtlesim/local_setup.zsh
[0.499s] -- Up-to-date: /home/jordan/SDfR/assignment6/install/relbot2turtlesim/share/relbot2turtlesim/local_setup.dsv
[0.499s] -- Installing: /home/jordan/SDfR/assignment6/install/relbot2turtlesim/share/relbot2turtlesim/package.dsv
[0.509s] -- Up-to-date: /home/jordan/SDfR/assignment6/install/relbot2turtlesim/share/ament_index/resource_index/packages/relbot2turtlesim
[0.511s] -- Up-to-date: /home/jordan/SDfR/assignment6/install/relbot2turtlesim/share/relbot2turtlesim/cmake/relbot2turtlesimConfig.cmake
[0.514s] -- Up-to-date: /home/jordan/SDfR/assignment6/install/relbot2turtlesim/share/relbot2turtlesim/cmake/relbot2turtlesimConfig-version.cmake
[0.518s] -- Up-to-date: /home/jordan/SDfR/assignment6/install/relbot2turtlesim/share/relbot2turtlesim/package.xml
[0.623s] Invoked command in '/home/jordan/SDfR/assignment6/build/relbot2turtlesim' returned '0': CMAKE_PREFIX_PATH=${CMAKE_PREFIX_PATH}:/opt/ros/humble /usr/bin/cmake --install /home/jordan/SDfR/assignment6/build/relbot2turtlesim
